[2024-09-05T09:58:29.497+0000] {processor.py:186} INFO - Started process (PID=111) to work on /home/airflow/.local/lib/python3.12/site-packages/airflow/example_dags/example_short_circuit_operator.py
[2024-09-05T09:58:29.498+0000] {processor.py:914} INFO - Processing file /home/airflow/.local/lib/python3.12/site-packages/airflow/example_dags/example_short_circuit_operator.py for tasks to queue
[2024-09-05T09:58:29.501+0000] {logging_mixin.py:190} INFO - [2024-09-05T09:58:29.501+0000] {dagbag.py:587} INFO - Filling up the DagBag from /home/airflow/.local/lib/python3.12/site-packages/airflow/example_dags/example_short_circuit_operator.py
[2024-09-05T09:58:29.511+0000] {processor.py:925} INFO - DAG(s) 'example_short_circuit_operator' retrieved from /home/airflow/.local/lib/python3.12/site-packages/airflow/example_dags/example_short_circuit_operator.py
[2024-09-05T09:58:29.535+0000] {logging_mixin.py:190} INFO - [2024-09-05T09:58:29.534+0000] {dag.py:3211} INFO - Sync 1 DAGs
[2024-09-05T09:58:29.559+0000] {logging_mixin.py:190} INFO - [2024-09-05T09:58:29.559+0000] {dag.py:4138} INFO - Setting next_dagrun for example_short_circuit_operator to 2024-09-04 00:00:00+00:00, run_after=2024-09-05 00:00:00+00:00
[2024-09-05T09:58:29.584+0000] {processor.py:208} INFO - Processing /home/airflow/.local/lib/python3.12/site-packages/airflow/example_dags/example_short_circuit_operator.py took 0.093 seconds
[2024-09-05T09:59:01.040+0000] {processor.py:186} INFO - Started process (PID=174) to work on /home/airflow/.local/lib/python3.12/site-packages/airflow/example_dags/example_short_circuit_operator.py
[2024-09-05T09:59:01.041+0000] {processor.py:914} INFO - Processing file /home/airflow/.local/lib/python3.12/site-packages/airflow/example_dags/example_short_circuit_operator.py for tasks to queue
[2024-09-05T09:59:01.044+0000] {logging_mixin.py:190} INFO - [2024-09-05T09:59:01.043+0000] {dagbag.py:587} INFO - Filling up the DagBag from /home/airflow/.local/lib/python3.12/site-packages/airflow/example_dags/example_short_circuit_operator.py
[2024-09-05T09:59:01.056+0000] {processor.py:925} INFO - DAG(s) 'example_short_circuit_operator' retrieved from /home/airflow/.local/lib/python3.12/site-packages/airflow/example_dags/example_short_circuit_operator.py
[2024-09-05T09:59:01.082+0000] {logging_mixin.py:190} INFO - [2024-09-05T09:59:01.082+0000] {dag.py:3211} INFO - Sync 1 DAGs
[2024-09-05T09:59:01.105+0000] {logging_mixin.py:190} INFO - [2024-09-05T09:59:01.105+0000] {dag.py:4138} INFO - Setting next_dagrun for example_short_circuit_operator to 2024-09-04 00:00:00+00:00, run_after=2024-09-05 00:00:00+00:00
[2024-09-05T09:59:01.128+0000] {processor.py:208} INFO - Processing /home/airflow/.local/lib/python3.12/site-packages/airflow/example_dags/example_short_circuit_operator.py took 0.094 seconds
[2024-09-05T09:59:31.213+0000] {processor.py:186} INFO - Started process (PID=236) to work on /home/airflow/.local/lib/python3.12/site-packages/airflow/example_dags/example_short_circuit_operator.py
[2024-09-05T09:59:31.214+0000] {processor.py:914} INFO - Processing file /home/airflow/.local/lib/python3.12/site-packages/airflow/example_dags/example_short_circuit_operator.py for tasks to queue
[2024-09-05T09:59:31.217+0000] {logging_mixin.py:190} INFO - [2024-09-05T09:59:31.216+0000] {dagbag.py:587} INFO - Filling up the DagBag from /home/airflow/.local/lib/python3.12/site-packages/airflow/example_dags/example_short_circuit_operator.py
[2024-09-05T09:59:31.225+0000] {processor.py:925} INFO - DAG(s) 'example_short_circuit_operator' retrieved from /home/airflow/.local/lib/python3.12/site-packages/airflow/example_dags/example_short_circuit_operator.py
[2024-09-05T09:59:31.249+0000] {logging_mixin.py:190} INFO - [2024-09-05T09:59:31.249+0000] {dag.py:3211} INFO - Sync 1 DAGs
[2024-09-05T09:59:31.272+0000] {logging_mixin.py:190} INFO - [2024-09-05T09:59:31.272+0000] {dag.py:4138} INFO - Setting next_dagrun for example_short_circuit_operator to 2024-09-04 00:00:00+00:00, run_after=2024-09-05 00:00:00+00:00
[2024-09-05T09:59:31.299+0000] {processor.py:208} INFO - Processing /home/airflow/.local/lib/python3.12/site-packages/airflow/example_dags/example_short_circuit_operator.py took 0.092 seconds
[2024-09-05T10:00:01.378+0000] {processor.py:186} INFO - Started process (PID=298) to work on /home/airflow/.local/lib/python3.12/site-packages/airflow/example_dags/example_short_circuit_operator.py
[2024-09-05T10:00:01.380+0000] {processor.py:914} INFO - Processing file /home/airflow/.local/lib/python3.12/site-packages/airflow/example_dags/example_short_circuit_operator.py for tasks to queue
[2024-09-05T10:00:01.383+0000] {logging_mixin.py:190} INFO - [2024-09-05T10:00:01.382+0000] {dagbag.py:587} INFO - Filling up the DagBag from /home/airflow/.local/lib/python3.12/site-packages/airflow/example_dags/example_short_circuit_operator.py
[2024-09-05T10:00:01.393+0000] {processor.py:925} INFO - DAG(s) 'example_short_circuit_operator' retrieved from /home/airflow/.local/lib/python3.12/site-packages/airflow/example_dags/example_short_circuit_operator.py
[2024-09-05T10:00:01.418+0000] {logging_mixin.py:190} INFO - [2024-09-05T10:00:01.418+0000] {dag.py:3211} INFO - Sync 1 DAGs
[2024-09-05T10:00:01.442+0000] {logging_mixin.py:190} INFO - [2024-09-05T10:00:01.442+0000] {dag.py:4138} INFO - Setting next_dagrun for example_short_circuit_operator to 2024-09-04 00:00:00+00:00, run_after=2024-09-05 00:00:00+00:00
[2024-09-05T10:00:01.475+0000] {processor.py:208} INFO - Processing /home/airflow/.local/lib/python3.12/site-packages/airflow/example_dags/example_short_circuit_operator.py took 0.104 seconds
[2024-09-05T10:00:33.062+0000] {processor.py:186} INFO - Started process (PID=362) to work on /home/airflow/.local/lib/python3.12/site-packages/airflow/example_dags/example_short_circuit_operator.py
[2024-09-05T10:00:33.063+0000] {processor.py:914} INFO - Processing file /home/airflow/.local/lib/python3.12/site-packages/airflow/example_dags/example_short_circuit_operator.py for tasks to queue
[2024-09-05T10:00:33.066+0000] {logging_mixin.py:190} INFO - [2024-09-05T10:00:33.065+0000] {dagbag.py:587} INFO - Filling up the DagBag from /home/airflow/.local/lib/python3.12/site-packages/airflow/example_dags/example_short_circuit_operator.py
[2024-09-05T10:00:33.076+0000] {processor.py:925} INFO - DAG(s) 'example_short_circuit_operator' retrieved from /home/airflow/.local/lib/python3.12/site-packages/airflow/example_dags/example_short_circuit_operator.py
[2024-09-05T10:00:33.100+0000] {logging_mixin.py:190} INFO - [2024-09-05T10:00:33.099+0000] {dag.py:3211} INFO - Sync 1 DAGs
[2024-09-05T10:00:33.126+0000] {logging_mixin.py:190} INFO - [2024-09-05T10:00:33.125+0000] {dag.py:4138} INFO - Setting next_dagrun for example_short_circuit_operator to 2024-09-04 00:00:00+00:00, run_after=2024-09-05 00:00:00+00:00
[2024-09-05T10:00:33.160+0000] {processor.py:208} INFO - Processing /home/airflow/.local/lib/python3.12/site-packages/airflow/example_dags/example_short_circuit_operator.py took 0.105 seconds
[2024-09-05T10:01:03.384+0000] {processor.py:186} INFO - Started process (PID=424) to work on /home/airflow/.local/lib/python3.12/site-packages/airflow/example_dags/example_short_circuit_operator.py
[2024-09-05T10:01:03.386+0000] {processor.py:914} INFO - Processing file /home/airflow/.local/lib/python3.12/site-packages/airflow/example_dags/example_short_circuit_operator.py for tasks to queue
[2024-09-05T10:01:03.389+0000] {logging_mixin.py:190} INFO - [2024-09-05T10:01:03.388+0000] {dagbag.py:587} INFO - Filling up the DagBag from /home/airflow/.local/lib/python3.12/site-packages/airflow/example_dags/example_short_circuit_operator.py
[2024-09-05T10:01:03.398+0000] {processor.py:925} INFO - DAG(s) 'example_short_circuit_operator' retrieved from /home/airflow/.local/lib/python3.12/site-packages/airflow/example_dags/example_short_circuit_operator.py
[2024-09-05T10:01:03.425+0000] {logging_mixin.py:190} INFO - [2024-09-05T10:01:03.425+0000] {dag.py:3211} INFO - Sync 1 DAGs
[2024-09-05T10:01:03.462+0000] {logging_mixin.py:190} INFO - [2024-09-05T10:01:03.462+0000] {dag.py:4138} INFO - Setting next_dagrun for example_short_circuit_operator to 2024-09-04 00:00:00+00:00, run_after=2024-09-05 00:00:00+00:00
[2024-09-05T10:01:03.544+0000] {processor.py:208} INFO - Processing /home/airflow/.local/lib/python3.12/site-packages/airflow/example_dags/example_short_circuit_operator.py took 0.166 seconds
