[2024-09-05T09:58:21.703+0000] {processor.py:186} INFO - Started process (PID=79) to work on /home/airflow/.local/lib/python3.12/site-packages/airflow/example_dags/example_setup_teardown_taskflow.py
[2024-09-05T09:58:21.704+0000] {processor.py:914} INFO - Processing file /home/airflow/.local/lib/python3.12/site-packages/airflow/example_dags/example_setup_teardown_taskflow.py for tasks to queue
[2024-09-05T09:58:21.707+0000] {logging_mixin.py:190} INFO - [2024-09-05T09:58:21.707+0000] {dagbag.py:587} INFO - Filling up the DagBag from /home/airflow/.local/lib/python3.12/site-packages/airflow/example_dags/example_setup_teardown_taskflow.py
[2024-09-05T09:58:21.724+0000] {processor.py:925} INFO - DAG(s) 'example_setup_teardown_taskflow' retrieved from /home/airflow/.local/lib/python3.12/site-packages/airflow/example_dags/example_setup_teardown_taskflow.py
[2024-09-05T09:58:21.764+0000] {logging_mixin.py:190} INFO - [2024-09-05T09:58:21.764+0000] {dag.py:3211} INFO - Sync 1 DAGs
[2024-09-05T09:58:21.788+0000] {logging_mixin.py:190} INFO - [2024-09-05T09:58:21.788+0000] {dag.py:4138} INFO - Setting next_dagrun for example_setup_teardown_taskflow to 2024-09-04 00:00:00+00:00, run_after=2024-09-05 00:00:00+00:00
[2024-09-05T09:58:21.822+0000] {processor.py:208} INFO - Processing /home/airflow/.local/lib/python3.12/site-packages/airflow/example_dags/example_setup_teardown_taskflow.py took 0.127 seconds
[2024-09-05T09:58:52.373+0000] {processor.py:186} INFO - Started process (PID=141) to work on /home/airflow/.local/lib/python3.12/site-packages/airflow/example_dags/example_setup_teardown_taskflow.py
[2024-09-05T09:58:52.374+0000] {processor.py:914} INFO - Processing file /home/airflow/.local/lib/python3.12/site-packages/airflow/example_dags/example_setup_teardown_taskflow.py for tasks to queue
[2024-09-05T09:58:52.377+0000] {logging_mixin.py:190} INFO - [2024-09-05T09:58:52.377+0000] {dagbag.py:587} INFO - Filling up the DagBag from /home/airflow/.local/lib/python3.12/site-packages/airflow/example_dags/example_setup_teardown_taskflow.py
[2024-09-05T09:58:52.389+0000] {processor.py:925} INFO - DAG(s) 'example_setup_teardown_taskflow' retrieved from /home/airflow/.local/lib/python3.12/site-packages/airflow/example_dags/example_setup_teardown_taskflow.py
[2024-09-05T09:58:52.412+0000] {logging_mixin.py:190} INFO - [2024-09-05T09:58:52.412+0000] {dag.py:3211} INFO - Sync 1 DAGs
[2024-09-05T09:58:52.439+0000] {logging_mixin.py:190} INFO - [2024-09-05T09:58:52.438+0000] {dag.py:4138} INFO - Setting next_dagrun for example_setup_teardown_taskflow to 2024-09-04 00:00:00+00:00, run_after=2024-09-05 00:00:00+00:00
[2024-09-05T09:58:52.461+0000] {processor.py:208} INFO - Processing /home/airflow/.local/lib/python3.12/site-packages/airflow/example_dags/example_setup_teardown_taskflow.py took 0.094 seconds
[2024-09-05T09:59:23.171+0000] {processor.py:186} INFO - Started process (PID=204) to work on /home/airflow/.local/lib/python3.12/site-packages/airflow/example_dags/example_setup_teardown_taskflow.py
[2024-09-05T09:59:23.172+0000] {processor.py:914} INFO - Processing file /home/airflow/.local/lib/python3.12/site-packages/airflow/example_dags/example_setup_teardown_taskflow.py for tasks to queue
[2024-09-05T09:59:23.178+0000] {logging_mixin.py:190} INFO - [2024-09-05T09:59:23.177+0000] {dagbag.py:587} INFO - Filling up the DagBag from /home/airflow/.local/lib/python3.12/site-packages/airflow/example_dags/example_setup_teardown_taskflow.py
[2024-09-05T09:59:23.191+0000] {processor.py:925} INFO - DAG(s) 'example_setup_teardown_taskflow' retrieved from /home/airflow/.local/lib/python3.12/site-packages/airflow/example_dags/example_setup_teardown_taskflow.py
[2024-09-05T09:59:23.220+0000] {logging_mixin.py:190} INFO - [2024-09-05T09:59:23.219+0000] {dag.py:3211} INFO - Sync 1 DAGs
[2024-09-05T09:59:23.251+0000] {logging_mixin.py:190} INFO - [2024-09-05T09:59:23.251+0000] {dag.py:4138} INFO - Setting next_dagrun for example_setup_teardown_taskflow to 2024-09-04 00:00:00+00:00, run_after=2024-09-05 00:00:00+00:00
[2024-09-05T09:59:23.280+0000] {processor.py:208} INFO - Processing /home/airflow/.local/lib/python3.12/site-packages/airflow/example_dags/example_setup_teardown_taskflow.py took 0.115 seconds
[2024-09-05T09:59:53.670+0000] {processor.py:186} INFO - Started process (PID=267) to work on /home/airflow/.local/lib/python3.12/site-packages/airflow/example_dags/example_setup_teardown_taskflow.py
[2024-09-05T09:59:53.672+0000] {processor.py:914} INFO - Processing file /home/airflow/.local/lib/python3.12/site-packages/airflow/example_dags/example_setup_teardown_taskflow.py for tasks to queue
[2024-09-05T09:59:53.675+0000] {logging_mixin.py:190} INFO - [2024-09-05T09:59:53.674+0000] {dagbag.py:587} INFO - Filling up the DagBag from /home/airflow/.local/lib/python3.12/site-packages/airflow/example_dags/example_setup_teardown_taskflow.py
[2024-09-05T09:59:53.686+0000] {processor.py:925} INFO - DAG(s) 'example_setup_teardown_taskflow' retrieved from /home/airflow/.local/lib/python3.12/site-packages/airflow/example_dags/example_setup_teardown_taskflow.py
[2024-09-05T09:59:53.709+0000] {logging_mixin.py:190} INFO - [2024-09-05T09:59:53.709+0000] {dag.py:3211} INFO - Sync 1 DAGs
[2024-09-05T09:59:53.735+0000] {logging_mixin.py:190} INFO - [2024-09-05T09:59:53.735+0000] {dag.py:4138} INFO - Setting next_dagrun for example_setup_teardown_taskflow to 2024-09-04 00:00:00+00:00, run_after=2024-09-05 00:00:00+00:00
[2024-09-05T09:59:53.758+0000] {processor.py:208} INFO - Processing /home/airflow/.local/lib/python3.12/site-packages/airflow/example_dags/example_setup_teardown_taskflow.py took 0.094 seconds
[2024-09-05T10:00:23.884+0000] {processor.py:186} INFO - Started process (PID=329) to work on /home/airflow/.local/lib/python3.12/site-packages/airflow/example_dags/example_setup_teardown_taskflow.py
[2024-09-05T10:00:23.885+0000] {processor.py:914} INFO - Processing file /home/airflow/.local/lib/python3.12/site-packages/airflow/example_dags/example_setup_teardown_taskflow.py for tasks to queue
[2024-09-05T10:00:23.897+0000] {logging_mixin.py:190} INFO - [2024-09-05T10:00:23.897+0000] {dagbag.py:587} INFO - Filling up the DagBag from /home/airflow/.local/lib/python3.12/site-packages/airflow/example_dags/example_setup_teardown_taskflow.py
[2024-09-05T10:00:23.909+0000] {processor.py:925} INFO - DAG(s) 'example_setup_teardown_taskflow' retrieved from /home/airflow/.local/lib/python3.12/site-packages/airflow/example_dags/example_setup_teardown_taskflow.py
[2024-09-05T10:00:23.946+0000] {logging_mixin.py:190} INFO - [2024-09-05T10:00:23.945+0000] {dag.py:3211} INFO - Sync 1 DAGs
[2024-09-05T10:00:23.971+0000] {logging_mixin.py:190} INFO - [2024-09-05T10:00:23.971+0000] {dag.py:4138} INFO - Setting next_dagrun for example_setup_teardown_taskflow to 2024-09-04 00:00:00+00:00, run_after=2024-09-05 00:00:00+00:00
[2024-09-05T10:00:24.007+0000] {processor.py:208} INFO - Processing /home/airflow/.local/lib/python3.12/site-packages/airflow/example_dags/example_setup_teardown_taskflow.py took 0.131 seconds
[2024-09-05T10:00:55.068+0000] {processor.py:186} INFO - Started process (PID=392) to work on /home/airflow/.local/lib/python3.12/site-packages/airflow/example_dags/example_setup_teardown_taskflow.py
[2024-09-05T10:00:55.069+0000] {processor.py:914} INFO - Processing file /home/airflow/.local/lib/python3.12/site-packages/airflow/example_dags/example_setup_teardown_taskflow.py for tasks to queue
[2024-09-05T10:00:55.073+0000] {logging_mixin.py:190} INFO - [2024-09-05T10:00:55.073+0000] {dagbag.py:587} INFO - Filling up the DagBag from /home/airflow/.local/lib/python3.12/site-packages/airflow/example_dags/example_setup_teardown_taskflow.py
[2024-09-05T10:00:55.084+0000] {processor.py:925} INFO - DAG(s) 'example_setup_teardown_taskflow' retrieved from /home/airflow/.local/lib/python3.12/site-packages/airflow/example_dags/example_setup_teardown_taskflow.py
[2024-09-05T10:00:55.112+0000] {logging_mixin.py:190} INFO - [2024-09-05T10:00:55.110+0000] {dag.py:3211} INFO - Sync 1 DAGs
[2024-09-05T10:00:55.139+0000] {logging_mixin.py:190} INFO - [2024-09-05T10:00:55.138+0000] {dag.py:4138} INFO - Setting next_dagrun for example_setup_teardown_taskflow to 2024-09-04 00:00:00+00:00, run_after=2024-09-05 00:00:00+00:00
[2024-09-05T10:00:55.165+0000] {processor.py:208} INFO - Processing /home/airflow/.local/lib/python3.12/site-packages/airflow/example_dags/example_setup_teardown_taskflow.py took 0.103 seconds
