[2024-09-05T09:58:20.932+0000] {processor.py:186} INFO - Started process (PID=70) to work on /home/airflow/.local/lib/python3.12/site-packages/airflow/example_dags/example_display_name.py
[2024-09-05T09:58:20.933+0000] {processor.py:914} INFO - Processing file /home/airflow/.local/lib/python3.12/site-packages/airflow/example_dags/example_display_name.py for tasks to queue
[2024-09-05T09:58:20.937+0000] {logging_mixin.py:190} INFO - [2024-09-05T09:58:20.937+0000] {dagbag.py:587} INFO - Filling up the DagBag from /home/airflow/.local/lib/python3.12/site-packages/airflow/example_dags/example_display_name.py
[2024-09-05T09:58:20.946+0000] {processor.py:925} INFO - DAG(s) 'example_display_name' retrieved from /home/airflow/.local/lib/python3.12/site-packages/airflow/example_dags/example_display_name.py
[2024-09-05T09:58:20.979+0000] {logging_mixin.py:190} INFO - [2024-09-05T09:58:20.979+0000] {dag.py:3211} INFO - Sync 1 DAGs
[2024-09-05T09:58:21.016+0000] {logging_mixin.py:190} INFO - [2024-09-05T09:58:21.016+0000] {dag.py:4138} INFO - Setting next_dagrun for example_display_name to None, run_after=None
[2024-09-05T09:58:21.055+0000] {processor.py:208} INFO - Processing /home/airflow/.local/lib/python3.12/site-packages/airflow/example_dags/example_display_name.py took 0.131 seconds
[2024-09-05T09:58:51.822+0000] {processor.py:186} INFO - Started process (PID=138) to work on /home/airflow/.local/lib/python3.12/site-packages/airflow/example_dags/example_display_name.py
[2024-09-05T09:58:51.823+0000] {processor.py:914} INFO - Processing file /home/airflow/.local/lib/python3.12/site-packages/airflow/example_dags/example_display_name.py for tasks to queue
[2024-09-05T09:58:51.826+0000] {logging_mixin.py:190} INFO - [2024-09-05T09:58:51.826+0000] {dagbag.py:587} INFO - Filling up the DagBag from /home/airflow/.local/lib/python3.12/site-packages/airflow/example_dags/example_display_name.py
[2024-09-05T09:58:51.835+0000] {processor.py:925} INFO - DAG(s) 'example_display_name' retrieved from /home/airflow/.local/lib/python3.12/site-packages/airflow/example_dags/example_display_name.py
[2024-09-05T09:58:51.858+0000] {logging_mixin.py:190} INFO - [2024-09-05T09:58:51.858+0000] {dag.py:3211} INFO - Sync 1 DAGs
[2024-09-05T09:58:51.878+0000] {logging_mixin.py:190} INFO - [2024-09-05T09:58:51.877+0000] {dag.py:4138} INFO - Setting next_dagrun for example_display_name to None, run_after=None
[2024-09-05T09:58:51.910+0000] {processor.py:208} INFO - Processing /home/airflow/.local/lib/python3.12/site-packages/airflow/example_dags/example_display_name.py took 0.094 seconds
[2024-09-05T09:59:22.642+0000] {processor.py:186} INFO - Started process (PID=201) to work on /home/airflow/.local/lib/python3.12/site-packages/airflow/example_dags/example_display_name.py
[2024-09-05T09:59:22.644+0000] {processor.py:914} INFO - Processing file /home/airflow/.local/lib/python3.12/site-packages/airflow/example_dags/example_display_name.py for tasks to queue
[2024-09-05T09:59:22.648+0000] {logging_mixin.py:190} INFO - [2024-09-05T09:59:22.648+0000] {dagbag.py:587} INFO - Filling up the DagBag from /home/airflow/.local/lib/python3.12/site-packages/airflow/example_dags/example_display_name.py
[2024-09-05T09:59:22.658+0000] {processor.py:925} INFO - DAG(s) 'example_display_name' retrieved from /home/airflow/.local/lib/python3.12/site-packages/airflow/example_dags/example_display_name.py
[2024-09-05T09:59:22.684+0000] {logging_mixin.py:190} INFO - [2024-09-05T09:59:22.683+0000] {dag.py:3211} INFO - Sync 1 DAGs
[2024-09-05T09:59:22.699+0000] {logging_mixin.py:190} INFO - [2024-09-05T09:59:22.699+0000] {dag.py:4138} INFO - Setting next_dagrun for example_display_name to None, run_after=None
[2024-09-05T09:59:22.732+0000] {processor.py:208} INFO - Processing /home/airflow/.local/lib/python3.12/site-packages/airflow/example_dags/example_display_name.py took 0.105 seconds
[2024-09-05T09:59:53.220+0000] {processor.py:186} INFO - Started process (PID=264) to work on /home/airflow/.local/lib/python3.12/site-packages/airflow/example_dags/example_display_name.py
[2024-09-05T09:59:53.221+0000] {processor.py:914} INFO - Processing file /home/airflow/.local/lib/python3.12/site-packages/airflow/example_dags/example_display_name.py for tasks to queue
[2024-09-05T09:59:53.224+0000] {logging_mixin.py:190} INFO - [2024-09-05T09:59:53.224+0000] {dagbag.py:587} INFO - Filling up the DagBag from /home/airflow/.local/lib/python3.12/site-packages/airflow/example_dags/example_display_name.py
[2024-09-05T09:59:53.232+0000] {processor.py:925} INFO - DAG(s) 'example_display_name' retrieved from /home/airflow/.local/lib/python3.12/site-packages/airflow/example_dags/example_display_name.py
[2024-09-05T09:59:53.252+0000] {logging_mixin.py:190} INFO - [2024-09-05T09:59:53.252+0000] {dag.py:3211} INFO - Sync 1 DAGs
[2024-09-05T09:59:53.271+0000] {logging_mixin.py:190} INFO - [2024-09-05T09:59:53.271+0000] {dag.py:4138} INFO - Setting next_dagrun for example_display_name to None, run_after=None
[2024-09-05T09:59:53.302+0000] {processor.py:208} INFO - Processing /home/airflow/.local/lib/python3.12/site-packages/airflow/example_dags/example_display_name.py took 0.088 seconds
[2024-09-05T10:00:23.554+0000] {processor.py:186} INFO - Started process (PID=326) to work on /home/airflow/.local/lib/python3.12/site-packages/airflow/example_dags/example_display_name.py
[2024-09-05T10:00:23.555+0000] {processor.py:914} INFO - Processing file /home/airflow/.local/lib/python3.12/site-packages/airflow/example_dags/example_display_name.py for tasks to queue
[2024-09-05T10:00:23.559+0000] {logging_mixin.py:190} INFO - [2024-09-05T10:00:23.558+0000] {dagbag.py:587} INFO - Filling up the DagBag from /home/airflow/.local/lib/python3.12/site-packages/airflow/example_dags/example_display_name.py
[2024-09-05T10:00:23.567+0000] {processor.py:925} INFO - DAG(s) 'example_display_name' retrieved from /home/airflow/.local/lib/python3.12/site-packages/airflow/example_dags/example_display_name.py
[2024-09-05T10:00:23.590+0000] {logging_mixin.py:190} INFO - [2024-09-05T10:00:23.589+0000] {dag.py:3211} INFO - Sync 1 DAGs
[2024-09-05T10:00:23.608+0000] {logging_mixin.py:190} INFO - [2024-09-05T10:00:23.607+0000] {dag.py:4138} INFO - Setting next_dagrun for example_display_name to None, run_after=None
[2024-09-05T10:00:23.642+0000] {processor.py:208} INFO - Processing /home/airflow/.local/lib/python3.12/site-packages/airflow/example_dags/example_display_name.py took 0.094 seconds
[2024-09-05T10:00:53.754+0000] {processor.py:186} INFO - Started process (PID=389) to work on /home/airflow/.local/lib/python3.12/site-packages/airflow/example_dags/example_display_name.py
[2024-09-05T10:00:53.756+0000] {processor.py:914} INFO - Processing file /home/airflow/.local/lib/python3.12/site-packages/airflow/example_dags/example_display_name.py for tasks to queue
[2024-09-05T10:00:53.759+0000] {logging_mixin.py:190} INFO - [2024-09-05T10:00:53.758+0000] {dagbag.py:587} INFO - Filling up the DagBag from /home/airflow/.local/lib/python3.12/site-packages/airflow/example_dags/example_display_name.py
[2024-09-05T10:00:53.767+0000] {processor.py:925} INFO - DAG(s) 'example_display_name' retrieved from /home/airflow/.local/lib/python3.12/site-packages/airflow/example_dags/example_display_name.py
[2024-09-05T10:00:53.790+0000] {logging_mixin.py:190} INFO - [2024-09-05T10:00:53.790+0000] {dag.py:3211} INFO - Sync 1 DAGs
[2024-09-05T10:00:53.810+0000] {logging_mixin.py:190} INFO - [2024-09-05T10:00:53.810+0000] {dag.py:4138} INFO - Setting next_dagrun for example_display_name to None, run_after=None
[2024-09-05T10:00:53.833+0000] {processor.py:208} INFO - Processing /home/airflow/.local/lib/python3.12/site-packages/airflow/example_dags/example_display_name.py took 0.084 seconds
