[2024-09-05T09:58:21.111+0000] {processor.py:186} INFO - Started process (PID=71) to work on /home/airflow/.local/lib/python3.12/site-packages/airflow/example_dags/example_subdag_operator.py
[2024-09-05T09:58:21.114+0000] {processor.py:914} INFO - Processing file /home/airflow/.local/lib/python3.12/site-packages/airflow/example_dags/example_subdag_operator.py for tasks to queue
[2024-09-05T09:58:21.121+0000] {logging_mixin.py:190} INFO - [2024-09-05T09:58:21.120+0000] {dagbag.py:587} INFO - Filling up the DagBag from /home/airflow/.local/lib/python3.12/site-packages/airflow/example_dags/example_subdag_operator.py
[2024-09-05T09:58:21.182+0000] {processor.py:925} INFO - DAG(s) 'example_subdag_operator.section-1', 'example_subdag_operator.section-2', 'example_subdag_operator' retrieved from /home/airflow/.local/lib/python3.12/site-packages/airflow/example_dags/example_subdag_operator.py
[2024-09-05T09:58:21.264+0000] {logging_mixin.py:190} INFO - [2024-09-05T09:58:21.263+0000] {dag.py:3211} INFO - Sync 3 DAGs
[2024-09-05T09:58:21.309+0000] {logging_mixin.py:190} INFO - [2024-09-05T09:58:21.309+0000] {dag.py:4138} INFO - Setting next_dagrun for example_subdag_operator to 2022-01-01 00:00:00+00:00, run_after=2022-01-01 00:00:00+00:00
[2024-09-05T09:58:21.316+0000] {logging_mixin.py:190} INFO - [2024-09-05T09:58:21.316+0000] {dag.py:4138} INFO - Setting next_dagrun for example_subdag_operator.section-1 to None, run_after=None
[2024-09-05T09:58:21.320+0000] {logging_mixin.py:190} INFO - [2024-09-05T09:58:21.319+0000] {dag.py:4138} INFO - Setting next_dagrun for example_subdag_operator.section-2 to None, run_after=None
[2024-09-05T09:58:21.336+0000] {logging_mixin.py:190} INFO - [2024-09-05T09:58:21.336+0000] {dag.py:3211} INFO - Sync 2 DAGs
[2024-09-05T09:58:21.347+0000] {logging_mixin.py:190} INFO - [2024-09-05T09:58:21.346+0000] {dag.py:4138} INFO - Setting next_dagrun for example_subdag_operator.section-1 to None, run_after=None
[2024-09-05T09:58:21.348+0000] {logging_mixin.py:190} INFO - [2024-09-05T09:58:21.348+0000] {dag.py:4138} INFO - Setting next_dagrun for example_subdag_operator.section-2 to None, run_after=None
[2024-09-05T09:58:21.374+0000] {processor.py:208} INFO - Processing /home/airflow/.local/lib/python3.12/site-packages/airflow/example_dags/example_subdag_operator.py took 0.277 seconds
[2024-09-05T09:58:52.040+0000] {processor.py:186} INFO - Started process (PID=139) to work on /home/airflow/.local/lib/python3.12/site-packages/airflow/example_dags/example_subdag_operator.py
[2024-09-05T09:58:52.041+0000] {processor.py:914} INFO - Processing file /home/airflow/.local/lib/python3.12/site-packages/airflow/example_dags/example_subdag_operator.py for tasks to queue
[2024-09-05T09:58:52.044+0000] {logging_mixin.py:190} INFO - [2024-09-05T09:58:52.043+0000] {dagbag.py:587} INFO - Filling up the DagBag from /home/airflow/.local/lib/python3.12/site-packages/airflow/example_dags/example_subdag_operator.py
[2024-09-05T09:58:52.069+0000] {processor.py:925} INFO - DAG(s) 'example_subdag_operator.section-1', 'example_subdag_operator.section-2', 'example_subdag_operator' retrieved from /home/airflow/.local/lib/python3.12/site-packages/airflow/example_dags/example_subdag_operator.py
[2024-09-05T09:58:52.087+0000] {logging_mixin.py:190} INFO - [2024-09-05T09:58:52.087+0000] {dag.py:3211} INFO - Sync 3 DAGs
[2024-09-05T09:58:52.110+0000] {logging_mixin.py:190} INFO - [2024-09-05T09:58:52.110+0000] {dag.py:4138} INFO - Setting next_dagrun for example_subdag_operator to 2022-01-01 00:00:00+00:00, run_after=2022-01-01 00:00:00+00:00
[2024-09-05T09:58:52.114+0000] {logging_mixin.py:190} INFO - [2024-09-05T09:58:52.114+0000] {dag.py:4138} INFO - Setting next_dagrun for example_subdag_operator.section-1 to None, run_after=None
[2024-09-05T09:58:52.116+0000] {logging_mixin.py:190} INFO - [2024-09-05T09:58:52.115+0000] {dag.py:4138} INFO - Setting next_dagrun for example_subdag_operator.section-2 to None, run_after=None
[2024-09-05T09:58:52.124+0000] {logging_mixin.py:190} INFO - [2024-09-05T09:58:52.123+0000] {dag.py:3211} INFO - Sync 2 DAGs
[2024-09-05T09:58:52.129+0000] {logging_mixin.py:190} INFO - [2024-09-05T09:58:52.129+0000] {dag.py:4138} INFO - Setting next_dagrun for example_subdag_operator.section-1 to None, run_after=None
[2024-09-05T09:58:52.130+0000] {logging_mixin.py:190} INFO - [2024-09-05T09:58:52.130+0000] {dag.py:4138} INFO - Setting next_dagrun for example_subdag_operator.section-2 to None, run_after=None
[2024-09-05T09:58:52.144+0000] {processor.py:208} INFO - Processing /home/airflow/.local/lib/python3.12/site-packages/airflow/example_dags/example_subdag_operator.py took 0.110 seconds
[2024-09-05T09:59:22.883+0000] {processor.py:186} INFO - Started process (PID=202) to work on /home/airflow/.local/lib/python3.12/site-packages/airflow/example_dags/example_subdag_operator.py
[2024-09-05T09:59:22.976+0000] {processor.py:914} INFO - Processing file /home/airflow/.local/lib/python3.12/site-packages/airflow/example_dags/example_subdag_operator.py for tasks to queue
[2024-09-05T09:59:22.983+0000] {logging_mixin.py:190} INFO - [2024-09-05T09:59:22.982+0000] {dagbag.py:587} INFO - Filling up the DagBag from /home/airflow/.local/lib/python3.12/site-packages/airflow/example_dags/example_subdag_operator.py
[2024-09-05T09:59:23.039+0000] {processor.py:925} INFO - DAG(s) 'example_subdag_operator.section-1', 'example_subdag_operator.section-2', 'example_subdag_operator' retrieved from /home/airflow/.local/lib/python3.12/site-packages/airflow/example_dags/example_subdag_operator.py
[2024-09-05T09:59:23.062+0000] {logging_mixin.py:190} INFO - [2024-09-05T09:59:23.062+0000] {dag.py:3211} INFO - Sync 3 DAGs
[2024-09-05T09:59:23.086+0000] {logging_mixin.py:190} INFO - [2024-09-05T09:59:23.085+0000] {dag.py:4138} INFO - Setting next_dagrun for example_subdag_operator to 2022-01-01 00:00:00+00:00, run_after=2022-01-01 00:00:00+00:00
[2024-09-05T09:59:23.091+0000] {logging_mixin.py:190} INFO - [2024-09-05T09:59:23.091+0000] {dag.py:4138} INFO - Setting next_dagrun for example_subdag_operator.section-1 to None, run_after=None
[2024-09-05T09:59:23.093+0000] {logging_mixin.py:190} INFO - [2024-09-05T09:59:23.093+0000] {dag.py:4138} INFO - Setting next_dagrun for example_subdag_operator.section-2 to None, run_after=None
[2024-09-05T09:59:23.100+0000] {logging_mixin.py:190} INFO - [2024-09-05T09:59:23.100+0000] {dag.py:3211} INFO - Sync 2 DAGs
[2024-09-05T09:59:23.107+0000] {logging_mixin.py:190} INFO - [2024-09-05T09:59:23.107+0000] {dag.py:4138} INFO - Setting next_dagrun for example_subdag_operator.section-1 to None, run_after=None
[2024-09-05T09:59:23.108+0000] {logging_mixin.py:190} INFO - [2024-09-05T09:59:23.108+0000] {dag.py:4138} INFO - Setting next_dagrun for example_subdag_operator.section-2 to None, run_after=None
[2024-09-05T09:59:23.123+0000] {processor.py:208} INFO - Processing /home/airflow/.local/lib/python3.12/site-packages/airflow/example_dags/example_subdag_operator.py took 0.246 seconds
[2024-09-05T09:59:53.344+0000] {processor.py:186} INFO - Started process (PID=265) to work on /home/airflow/.local/lib/python3.12/site-packages/airflow/example_dags/example_subdag_operator.py
[2024-09-05T09:59:53.346+0000] {processor.py:914} INFO - Processing file /home/airflow/.local/lib/python3.12/site-packages/airflow/example_dags/example_subdag_operator.py for tasks to queue
[2024-09-05T09:59:53.348+0000] {logging_mixin.py:190} INFO - [2024-09-05T09:59:53.348+0000] {dagbag.py:587} INFO - Filling up the DagBag from /home/airflow/.local/lib/python3.12/site-packages/airflow/example_dags/example_subdag_operator.py
[2024-09-05T09:59:53.383+0000] {processor.py:925} INFO - DAG(s) 'example_subdag_operator.section-1', 'example_subdag_operator.section-2', 'example_subdag_operator' retrieved from /home/airflow/.local/lib/python3.12/site-packages/airflow/example_dags/example_subdag_operator.py
[2024-09-05T09:59:53.411+0000] {logging_mixin.py:190} INFO - [2024-09-05T09:59:53.411+0000] {dag.py:3211} INFO - Sync 3 DAGs
[2024-09-05T09:59:53.437+0000] {logging_mixin.py:190} INFO - [2024-09-05T09:59:53.437+0000] {dag.py:4138} INFO - Setting next_dagrun for example_subdag_operator to 2022-01-01 00:00:00+00:00, run_after=2022-01-01 00:00:00+00:00
[2024-09-05T09:59:53.442+0000] {logging_mixin.py:190} INFO - [2024-09-05T09:59:53.442+0000] {dag.py:4138} INFO - Setting next_dagrun for example_subdag_operator.section-1 to None, run_after=None
[2024-09-05T09:59:53.447+0000] {logging_mixin.py:190} INFO - [2024-09-05T09:59:53.447+0000] {dag.py:4138} INFO - Setting next_dagrun for example_subdag_operator.section-2 to None, run_after=None
[2024-09-05T09:59:53.464+0000] {logging_mixin.py:190} INFO - [2024-09-05T09:59:53.464+0000] {dag.py:3211} INFO - Sync 2 DAGs
[2024-09-05T09:59:53.481+0000] {logging_mixin.py:190} INFO - [2024-09-05T09:59:53.481+0000] {dag.py:4138} INFO - Setting next_dagrun for example_subdag_operator.section-1 to None, run_after=None
[2024-09-05T09:59:53.482+0000] {logging_mixin.py:190} INFO - [2024-09-05T09:59:53.482+0000] {dag.py:4138} INFO - Setting next_dagrun for example_subdag_operator.section-2 to None, run_after=None
[2024-09-05T09:59:53.494+0000] {processor.py:208} INFO - Processing /home/airflow/.local/lib/python3.12/site-packages/airflow/example_dags/example_subdag_operator.py took 0.156 seconds
[2024-09-05T10:00:23.693+0000] {processor.py:186} INFO - Started process (PID=327) to work on /home/airflow/.local/lib/python3.12/site-packages/airflow/example_dags/example_subdag_operator.py
[2024-09-05T10:00:23.694+0000] {processor.py:914} INFO - Processing file /home/airflow/.local/lib/python3.12/site-packages/airflow/example_dags/example_subdag_operator.py for tasks to queue
[2024-09-05T10:00:23.697+0000] {logging_mixin.py:190} INFO - [2024-09-05T10:00:23.697+0000] {dagbag.py:587} INFO - Filling up the DagBag from /home/airflow/.local/lib/python3.12/site-packages/airflow/example_dags/example_subdag_operator.py
[2024-09-05T10:00:23.722+0000] {processor.py:925} INFO - DAG(s) 'example_subdag_operator.section-1', 'example_subdag_operator.section-2', 'example_subdag_operator' retrieved from /home/airflow/.local/lib/python3.12/site-packages/airflow/example_dags/example_subdag_operator.py
[2024-09-05T10:00:23.739+0000] {logging_mixin.py:190} INFO - [2024-09-05T10:00:23.739+0000] {dag.py:3211} INFO - Sync 3 DAGs
[2024-09-05T10:00:23.763+0000] {logging_mixin.py:190} INFO - [2024-09-05T10:00:23.763+0000] {dag.py:4138} INFO - Setting next_dagrun for example_subdag_operator to 2022-01-01 00:00:00+00:00, run_after=2022-01-01 00:00:00+00:00
[2024-09-05T10:00:23.768+0000] {logging_mixin.py:190} INFO - [2024-09-05T10:00:23.768+0000] {dag.py:4138} INFO - Setting next_dagrun for example_subdag_operator.section-1 to None, run_after=None
[2024-09-05T10:00:23.770+0000] {logging_mixin.py:190} INFO - [2024-09-05T10:00:23.769+0000] {dag.py:4138} INFO - Setting next_dagrun for example_subdag_operator.section-2 to None, run_after=None
[2024-09-05T10:00:23.780+0000] {logging_mixin.py:190} INFO - [2024-09-05T10:00:23.779+0000] {dag.py:3211} INFO - Sync 2 DAGs
[2024-09-05T10:00:23.785+0000] {logging_mixin.py:190} INFO - [2024-09-05T10:00:23.785+0000] {dag.py:4138} INFO - Setting next_dagrun for example_subdag_operator.section-1 to None, run_after=None
[2024-09-05T10:00:23.786+0000] {logging_mixin.py:190} INFO - [2024-09-05T10:00:23.786+0000] {dag.py:4138} INFO - Setting next_dagrun for example_subdag_operator.section-2 to None, run_after=None
[2024-09-05T10:00:23.801+0000] {processor.py:208} INFO - Processing /home/airflow/.local/lib/python3.12/site-packages/airflow/example_dags/example_subdag_operator.py took 0.114 seconds
[2024-09-05T10:00:53.899+0000] {processor.py:186} INFO - Started process (PID=391) to work on /home/airflow/.local/lib/python3.12/site-packages/airflow/example_dags/example_subdag_operator.py
[2024-09-05T10:00:53.900+0000] {processor.py:914} INFO - Processing file /home/airflow/.local/lib/python3.12/site-packages/airflow/example_dags/example_subdag_operator.py for tasks to queue
[2024-09-05T10:00:53.903+0000] {logging_mixin.py:190} INFO - [2024-09-05T10:00:53.903+0000] {dagbag.py:587} INFO - Filling up the DagBag from /home/airflow/.local/lib/python3.12/site-packages/airflow/example_dags/example_subdag_operator.py
[2024-09-05T10:00:53.928+0000] {processor.py:925} INFO - DAG(s) 'example_subdag_operator.section-1', 'example_subdag_operator.section-2', 'example_subdag_operator' retrieved from /home/airflow/.local/lib/python3.12/site-packages/airflow/example_dags/example_subdag_operator.py
[2024-09-05T10:00:53.947+0000] {logging_mixin.py:190} INFO - [2024-09-05T10:00:53.947+0000] {dag.py:3211} INFO - Sync 3 DAGs
[2024-09-05T10:00:53.972+0000] {logging_mixin.py:190} INFO - [2024-09-05T10:00:53.972+0000] {dag.py:4138} INFO - Setting next_dagrun for example_subdag_operator to 2022-01-01 00:00:00+00:00, run_after=2022-01-01 00:00:00+00:00
[2024-09-05T10:00:53.996+0000] {logging_mixin.py:190} INFO - [2024-09-05T10:00:53.995+0000] {dag.py:4138} INFO - Setting next_dagrun for example_subdag_operator.section-1 to None, run_after=None
[2024-09-05T10:00:53.998+0000] {logging_mixin.py:190} INFO - [2024-09-05T10:00:53.998+0000] {dag.py:4138} INFO - Setting next_dagrun for example_subdag_operator.section-2 to None, run_after=None
[2024-09-05T10:00:54.010+0000] {logging_mixin.py:190} INFO - [2024-09-05T10:00:54.010+0000] {dag.py:3211} INFO - Sync 2 DAGs
[2024-09-05T10:00:54.016+0000] {logging_mixin.py:190} INFO - [2024-09-05T10:00:54.016+0000] {dag.py:4138} INFO - Setting next_dagrun for example_subdag_operator.section-1 to None, run_after=None
[2024-09-05T10:00:54.017+0000] {logging_mixin.py:190} INFO - [2024-09-05T10:00:54.017+0000] {dag.py:4138} INFO - Setting next_dagrun for example_subdag_operator.section-2 to None, run_after=None
[2024-09-05T10:00:54.031+0000] {processor.py:208} INFO - Processing /home/airflow/.local/lib/python3.12/site-packages/airflow/example_dags/example_subdag_operator.py took 0.138 seconds
