[2024-09-05T09:58:22.460+0000] {processor.py:186} INFO - Started process (PID=83) to work on /home/airflow/.local/lib/python3.12/site-packages/airflow/example_dags/example_xcomargs.py
[2024-09-05T09:58:22.461+0000] {processor.py:914} INFO - Processing file /home/airflow/.local/lib/python3.12/site-packages/airflow/example_dags/example_xcomargs.py for tasks to queue
[2024-09-05T09:58:22.467+0000] {logging_mixin.py:190} INFO - [2024-09-05T09:58:22.466+0000] {dagbag.py:587} INFO - Filling up the DagBag from /home/airflow/.local/lib/python3.12/site-packages/airflow/example_dags/example_xcomargs.py
[2024-09-05T09:58:22.501+0000] {processor.py:925} INFO - DAG(s) 'example_xcom_args', 'example_xcom_args_with_operators' retrieved from /home/airflow/.local/lib/python3.12/site-packages/airflow/example_dags/example_xcomargs.py
[2024-09-05T09:58:22.641+0000] {logging_mixin.py:190} INFO - [2024-09-05T09:58:22.640+0000] {dag.py:3211} INFO - Sync 2 DAGs
[2024-09-05T09:58:22.669+0000] {logging_mixin.py:190} INFO - [2024-09-05T09:58:22.669+0000] {dag.py:4138} INFO - Setting next_dagrun for example_xcom_args to None, run_after=None
[2024-09-05T09:58:22.763+0000] {logging_mixin.py:190} INFO - [2024-09-05T09:58:22.763+0000] {dag.py:4138} INFO - Setting next_dagrun for example_xcom_args_with_operators to None, run_after=None
[2024-09-05T09:58:22.790+0000] {processor.py:208} INFO - Processing /home/airflow/.local/lib/python3.12/site-packages/airflow/example_dags/example_xcomargs.py took 0.337 seconds
[2024-09-05T09:58:53.650+0000] {processor.py:186} INFO - Started process (PID=145) to work on /home/airflow/.local/lib/python3.12/site-packages/airflow/example_dags/example_xcomargs.py
[2024-09-05T09:58:53.651+0000] {processor.py:914} INFO - Processing file /home/airflow/.local/lib/python3.12/site-packages/airflow/example_dags/example_xcomargs.py for tasks to queue
[2024-09-05T09:58:53.654+0000] {logging_mixin.py:190} INFO - [2024-09-05T09:58:53.654+0000] {dagbag.py:587} INFO - Filling up the DagBag from /home/airflow/.local/lib/python3.12/site-packages/airflow/example_dags/example_xcomargs.py
[2024-09-05T09:58:53.667+0000] {processor.py:925} INFO - DAG(s) 'example_xcom_args_with_operators', 'example_xcom_args' retrieved from /home/airflow/.local/lib/python3.12/site-packages/airflow/example_dags/example_xcomargs.py
[2024-09-05T09:58:53.692+0000] {logging_mixin.py:190} INFO - [2024-09-05T09:58:53.692+0000] {dag.py:3211} INFO - Sync 2 DAGs
[2024-09-05T09:58:53.707+0000] {logging_mixin.py:190} INFO - [2024-09-05T09:58:53.707+0000] {dag.py:4138} INFO - Setting next_dagrun for example_xcom_args to None, run_after=None
[2024-09-05T09:58:53.710+0000] {logging_mixin.py:190} INFO - [2024-09-05T09:58:53.710+0000] {dag.py:4138} INFO - Setting next_dagrun for example_xcom_args_with_operators to None, run_after=None
[2024-09-05T09:58:53.733+0000] {processor.py:208} INFO - Processing /home/airflow/.local/lib/python3.12/site-packages/airflow/example_dags/example_xcomargs.py took 0.091 seconds
[2024-09-05T09:59:23.946+0000] {processor.py:186} INFO - Started process (PID=208) to work on /home/airflow/.local/lib/python3.12/site-packages/airflow/example_dags/example_xcomargs.py
[2024-09-05T09:59:23.947+0000] {processor.py:914} INFO - Processing file /home/airflow/.local/lib/python3.12/site-packages/airflow/example_dags/example_xcomargs.py for tasks to queue
[2024-09-05T09:59:23.950+0000] {logging_mixin.py:190} INFO - [2024-09-05T09:59:23.950+0000] {dagbag.py:587} INFO - Filling up the DagBag from /home/airflow/.local/lib/python3.12/site-packages/airflow/example_dags/example_xcomargs.py
[2024-09-05T09:59:23.961+0000] {processor.py:925} INFO - DAG(s) 'example_xcom_args', 'example_xcom_args_with_operators' retrieved from /home/airflow/.local/lib/python3.12/site-packages/airflow/example_dags/example_xcomargs.py
[2024-09-05T09:59:23.993+0000] {logging_mixin.py:190} INFO - [2024-09-05T09:59:23.993+0000] {dag.py:3211} INFO - Sync 2 DAGs
[2024-09-05T09:59:24.010+0000] {logging_mixin.py:190} INFO - [2024-09-05T09:59:24.010+0000] {dag.py:4138} INFO - Setting next_dagrun for example_xcom_args to None, run_after=None
[2024-09-05T09:59:24.016+0000] {logging_mixin.py:190} INFO - [2024-09-05T09:59:24.016+0000] {dag.py:4138} INFO - Setting next_dagrun for example_xcom_args_with_operators to None, run_after=None
[2024-09-05T09:59:24.036+0000] {processor.py:208} INFO - Processing /home/airflow/.local/lib/python3.12/site-packages/airflow/example_dags/example_xcomargs.py took 0.096 seconds
[2024-09-05T09:59:54.316+0000] {processor.py:186} INFO - Started process (PID=271) to work on /home/airflow/.local/lib/python3.12/site-packages/airflow/example_dags/example_xcomargs.py
[2024-09-05T09:59:54.318+0000] {processor.py:914} INFO - Processing file /home/airflow/.local/lib/python3.12/site-packages/airflow/example_dags/example_xcomargs.py for tasks to queue
[2024-09-05T09:59:54.321+0000] {logging_mixin.py:190} INFO - [2024-09-05T09:59:54.320+0000] {dagbag.py:587} INFO - Filling up the DagBag from /home/airflow/.local/lib/python3.12/site-packages/airflow/example_dags/example_xcomargs.py
[2024-09-05T09:59:54.332+0000] {processor.py:925} INFO - DAG(s) 'example_xcom_args', 'example_xcom_args_with_operators' retrieved from /home/airflow/.local/lib/python3.12/site-packages/airflow/example_dags/example_xcomargs.py
[2024-09-05T09:59:54.356+0000] {logging_mixin.py:190} INFO - [2024-09-05T09:59:54.356+0000] {dag.py:3211} INFO - Sync 2 DAGs
[2024-09-05T09:59:54.371+0000] {logging_mixin.py:190} INFO - [2024-09-05T09:59:54.371+0000] {dag.py:4138} INFO - Setting next_dagrun for example_xcom_args to None, run_after=None
[2024-09-05T09:59:54.377+0000] {logging_mixin.py:190} INFO - [2024-09-05T09:59:54.377+0000] {dag.py:4138} INFO - Setting next_dagrun for example_xcom_args_with_operators to None, run_after=None
[2024-09-05T09:59:54.406+0000] {processor.py:208} INFO - Processing /home/airflow/.local/lib/python3.12/site-packages/airflow/example_dags/example_xcomargs.py took 0.099 seconds
[2024-09-05T10:00:24.696+0000] {processor.py:186} INFO - Started process (PID=333) to work on /home/airflow/.local/lib/python3.12/site-packages/airflow/example_dags/example_xcomargs.py
[2024-09-05T10:00:24.701+0000] {processor.py:914} INFO - Processing file /home/airflow/.local/lib/python3.12/site-packages/airflow/example_dags/example_xcomargs.py for tasks to queue
[2024-09-05T10:00:24.706+0000] {logging_mixin.py:190} INFO - [2024-09-05T10:00:24.705+0000] {dagbag.py:587} INFO - Filling up the DagBag from /home/airflow/.local/lib/python3.12/site-packages/airflow/example_dags/example_xcomargs.py
[2024-09-05T10:00:24.718+0000] {processor.py:925} INFO - DAG(s) 'example_xcom_args', 'example_xcom_args_with_operators' retrieved from /home/airflow/.local/lib/python3.12/site-packages/airflow/example_dags/example_xcomargs.py
[2024-09-05T10:00:24.743+0000] {logging_mixin.py:190} INFO - [2024-09-05T10:00:24.743+0000] {dag.py:3211} INFO - Sync 2 DAGs
[2024-09-05T10:00:24.781+0000] {logging_mixin.py:190} INFO - [2024-09-05T10:00:24.781+0000] {dag.py:4138} INFO - Setting next_dagrun for example_xcom_args to None, run_after=None
[2024-09-05T10:00:24.814+0000] {logging_mixin.py:190} INFO - [2024-09-05T10:00:24.814+0000] {dag.py:4138} INFO - Setting next_dagrun for example_xcom_args_with_operators to None, run_after=None
[2024-09-05T10:00:24.850+0000] {processor.py:208} INFO - Processing /home/airflow/.local/lib/python3.12/site-packages/airflow/example_dags/example_xcomargs.py took 0.160 seconds
[2024-09-05T10:00:55.422+0000] {processor.py:186} INFO - Started process (PID=396) to work on /home/airflow/.local/lib/python3.12/site-packages/airflow/example_dags/example_xcomargs.py
[2024-09-05T10:00:55.424+0000] {processor.py:914} INFO - Processing file /home/airflow/.local/lib/python3.12/site-packages/airflow/example_dags/example_xcomargs.py for tasks to queue
[2024-09-05T10:00:55.426+0000] {logging_mixin.py:190} INFO - [2024-09-05T10:00:55.426+0000] {dagbag.py:587} INFO - Filling up the DagBag from /home/airflow/.local/lib/python3.12/site-packages/airflow/example_dags/example_xcomargs.py
[2024-09-05T10:00:55.437+0000] {processor.py:925} INFO - DAG(s) 'example_xcom_args_with_operators', 'example_xcom_args' retrieved from /home/airflow/.local/lib/python3.12/site-packages/airflow/example_dags/example_xcomargs.py
[2024-09-05T10:00:55.463+0000] {logging_mixin.py:190} INFO - [2024-09-05T10:00:55.463+0000] {dag.py:3211} INFO - Sync 2 DAGs
[2024-09-05T10:00:55.482+0000] {logging_mixin.py:190} INFO - [2024-09-05T10:00:55.482+0000] {dag.py:4138} INFO - Setting next_dagrun for example_xcom_args to None, run_after=None
[2024-09-05T10:00:55.486+0000] {logging_mixin.py:190} INFO - [2024-09-05T10:00:55.486+0000] {dag.py:4138} INFO - Setting next_dagrun for example_xcom_args_with_operators to None, run_after=None
[2024-09-05T10:00:55.509+0000] {processor.py:208} INFO - Processing /home/airflow/.local/lib/python3.12/site-packages/airflow/example_dags/example_xcomargs.py took 0.093 seconds
