[2024-09-05T09:58:30.075+0000] {processor.py:186} INFO - Started process (PID=114) to work on /home/airflow/.local/lib/python3.12/site-packages/airflow/example_dags/example_external_task_marker_dag.py
[2024-09-05T09:58:30.076+0000] {processor.py:914} INFO - Processing file /home/airflow/.local/lib/python3.12/site-packages/airflow/example_dags/example_external_task_marker_dag.py for tasks to queue
[2024-09-05T09:58:30.079+0000] {logging_mixin.py:190} INFO - [2024-09-05T09:58:30.079+0000] {dagbag.py:587} INFO - Filling up the DagBag from /home/airflow/.local/lib/python3.12/site-packages/airflow/example_dags/example_external_task_marker_dag.py
[2024-09-05T09:58:30.089+0000] {processor.py:925} INFO - DAG(s) 'example_external_task_marker_child', 'example_external_task_marker_parent' retrieved from /home/airflow/.local/lib/python3.12/site-packages/airflow/example_dags/example_external_task_marker_dag.py
[2024-09-05T09:58:30.115+0000] {logging_mixin.py:190} INFO - [2024-09-05T09:58:30.114+0000] {dag.py:3211} INFO - Sync 2 DAGs
[2024-09-05T09:58:30.129+0000] {logging_mixin.py:190} INFO - [2024-09-05T09:58:30.129+0000] {dag.py:4138} INFO - Setting next_dagrun for example_external_task_marker_child to None, run_after=None
[2024-09-05T09:58:30.134+0000] {logging_mixin.py:190} INFO - [2024-09-05T09:58:30.133+0000] {dag.py:4138} INFO - Setting next_dagrun for example_external_task_marker_parent to None, run_after=None
[2024-09-05T09:58:30.155+0000] {processor.py:208} INFO - Processing /home/airflow/.local/lib/python3.12/site-packages/airflow/example_dags/example_external_task_marker_dag.py took 0.086 seconds
[2024-09-05T09:59:01.496+0000] {processor.py:186} INFO - Started process (PID=177) to work on /home/airflow/.local/lib/python3.12/site-packages/airflow/example_dags/example_external_task_marker_dag.py
[2024-09-05T09:59:01.498+0000] {processor.py:914} INFO - Processing file /home/airflow/.local/lib/python3.12/site-packages/airflow/example_dags/example_external_task_marker_dag.py for tasks to queue
[2024-09-05T09:59:01.504+0000] {logging_mixin.py:190} INFO - [2024-09-05T09:59:01.501+0000] {dagbag.py:587} INFO - Filling up the DagBag from /home/airflow/.local/lib/python3.12/site-packages/airflow/example_dags/example_external_task_marker_dag.py
[2024-09-05T09:59:01.515+0000] {processor.py:925} INFO - DAG(s) 'example_external_task_marker_parent', 'example_external_task_marker_child' retrieved from /home/airflow/.local/lib/python3.12/site-packages/airflow/example_dags/example_external_task_marker_dag.py
[2024-09-05T09:59:01.543+0000] {logging_mixin.py:190} INFO - [2024-09-05T09:59:01.542+0000] {dag.py:3211} INFO - Sync 2 DAGs
[2024-09-05T09:59:01.559+0000] {logging_mixin.py:190} INFO - [2024-09-05T09:59:01.558+0000] {dag.py:4138} INFO - Setting next_dagrun for example_external_task_marker_child to None, run_after=None
[2024-09-05T09:59:01.566+0000] {logging_mixin.py:190} INFO - [2024-09-05T09:59:01.566+0000] {dag.py:4138} INFO - Setting next_dagrun for example_external_task_marker_parent to None, run_after=None
[2024-09-05T09:59:01.586+0000] {processor.py:208} INFO - Processing /home/airflow/.local/lib/python3.12/site-packages/airflow/example_dags/example_external_task_marker_dag.py took 0.096 seconds
[2024-09-05T09:59:31.724+0000] {processor.py:186} INFO - Started process (PID=239) to work on /home/airflow/.local/lib/python3.12/site-packages/airflow/example_dags/example_external_task_marker_dag.py
[2024-09-05T09:59:31.725+0000] {processor.py:914} INFO - Processing file /home/airflow/.local/lib/python3.12/site-packages/airflow/example_dags/example_external_task_marker_dag.py for tasks to queue
[2024-09-05T09:59:31.728+0000] {logging_mixin.py:190} INFO - [2024-09-05T09:59:31.728+0000] {dagbag.py:587} INFO - Filling up the DagBag from /home/airflow/.local/lib/python3.12/site-packages/airflow/example_dags/example_external_task_marker_dag.py
[2024-09-05T09:59:31.740+0000] {processor.py:925} INFO - DAG(s) 'example_external_task_marker_parent', 'example_external_task_marker_child' retrieved from /home/airflow/.local/lib/python3.12/site-packages/airflow/example_dags/example_external_task_marker_dag.py
[2024-09-05T09:59:31.764+0000] {logging_mixin.py:190} INFO - [2024-09-05T09:59:31.763+0000] {dag.py:3211} INFO - Sync 2 DAGs
[2024-09-05T09:59:31.788+0000] {logging_mixin.py:190} INFO - [2024-09-05T09:59:31.788+0000] {dag.py:4138} INFO - Setting next_dagrun for example_external_task_marker_child to None, run_after=None
[2024-09-05T09:59:31.798+0000] {logging_mixin.py:190} INFO - [2024-09-05T09:59:31.798+0000] {dag.py:4138} INFO - Setting next_dagrun for example_external_task_marker_parent to None, run_after=None
[2024-09-05T09:59:31.818+0000] {processor.py:208} INFO - Processing /home/airflow/.local/lib/python3.12/site-packages/airflow/example_dags/example_external_task_marker_dag.py took 0.105 seconds
[2024-09-05T10:00:02.244+0000] {processor.py:186} INFO - Started process (PID=302) to work on /home/airflow/.local/lib/python3.12/site-packages/airflow/example_dags/example_external_task_marker_dag.py
[2024-09-05T10:00:02.245+0000] {processor.py:914} INFO - Processing file /home/airflow/.local/lib/python3.12/site-packages/airflow/example_dags/example_external_task_marker_dag.py for tasks to queue
[2024-09-05T10:00:02.248+0000] {logging_mixin.py:190} INFO - [2024-09-05T10:00:02.248+0000] {dagbag.py:587} INFO - Filling up the DagBag from /home/airflow/.local/lib/python3.12/site-packages/airflow/example_dags/example_external_task_marker_dag.py
[2024-09-05T10:00:02.259+0000] {processor.py:925} INFO - DAG(s) 'example_external_task_marker_child', 'example_external_task_marker_parent' retrieved from /home/airflow/.local/lib/python3.12/site-packages/airflow/example_dags/example_external_task_marker_dag.py
[2024-09-05T10:00:02.288+0000] {logging_mixin.py:190} INFO - [2024-09-05T10:00:02.288+0000] {dag.py:3211} INFO - Sync 2 DAGs
[2024-09-05T10:00:02.301+0000] {logging_mixin.py:190} INFO - [2024-09-05T10:00:02.301+0000] {dag.py:4138} INFO - Setting next_dagrun for example_external_task_marker_child to None, run_after=None
[2024-09-05T10:00:02.305+0000] {logging_mixin.py:190} INFO - [2024-09-05T10:00:02.305+0000] {dag.py:4138} INFO - Setting next_dagrun for example_external_task_marker_parent to None, run_after=None
[2024-09-05T10:00:02.417+0000] {processor.py:208} INFO - Processing /home/airflow/.local/lib/python3.12/site-packages/airflow/example_dags/example_external_task_marker_dag.py took 0.179 seconds
[2024-09-05T10:00:33.682+0000] {processor.py:186} INFO - Started process (PID=365) to work on /home/airflow/.local/lib/python3.12/site-packages/airflow/example_dags/example_external_task_marker_dag.py
[2024-09-05T10:00:33.683+0000] {processor.py:914} INFO - Processing file /home/airflow/.local/lib/python3.12/site-packages/airflow/example_dags/example_external_task_marker_dag.py for tasks to queue
[2024-09-05T10:00:33.687+0000] {logging_mixin.py:190} INFO - [2024-09-05T10:00:33.686+0000] {dagbag.py:587} INFO - Filling up the DagBag from /home/airflow/.local/lib/python3.12/site-packages/airflow/example_dags/example_external_task_marker_dag.py
[2024-09-05T10:00:33.697+0000] {processor.py:925} INFO - DAG(s) 'example_external_task_marker_child', 'example_external_task_marker_parent' retrieved from /home/airflow/.local/lib/python3.12/site-packages/airflow/example_dags/example_external_task_marker_dag.py
[2024-09-05T10:00:33.725+0000] {logging_mixin.py:190} INFO - [2024-09-05T10:00:33.725+0000] {dag.py:3211} INFO - Sync 2 DAGs
[2024-09-05T10:00:33.744+0000] {logging_mixin.py:190} INFO - [2024-09-05T10:00:33.744+0000] {dag.py:4138} INFO - Setting next_dagrun for example_external_task_marker_child to None, run_after=None
[2024-09-05T10:00:33.750+0000] {logging_mixin.py:190} INFO - [2024-09-05T10:00:33.749+0000] {dag.py:4138} INFO - Setting next_dagrun for example_external_task_marker_parent to None, run_after=None
[2024-09-05T10:00:33.773+0000] {processor.py:208} INFO - Processing /home/airflow/.local/lib/python3.12/site-packages/airflow/example_dags/example_external_task_marker_dag.py took 0.100 seconds
[2024-09-05T10:01:03.938+0000] {processor.py:186} INFO - Started process (PID=427) to work on /home/airflow/.local/lib/python3.12/site-packages/airflow/example_dags/example_external_task_marker_dag.py
[2024-09-05T10:01:03.939+0000] {processor.py:914} INFO - Processing file /home/airflow/.local/lib/python3.12/site-packages/airflow/example_dags/example_external_task_marker_dag.py for tasks to queue
[2024-09-05T10:01:03.943+0000] {logging_mixin.py:190} INFO - [2024-09-05T10:01:03.943+0000] {dagbag.py:587} INFO - Filling up the DagBag from /home/airflow/.local/lib/python3.12/site-packages/airflow/example_dags/example_external_task_marker_dag.py
[2024-09-05T10:01:03.954+0000] {processor.py:925} INFO - DAG(s) 'example_external_task_marker_child', 'example_external_task_marker_parent' retrieved from /home/airflow/.local/lib/python3.12/site-packages/airflow/example_dags/example_external_task_marker_dag.py
[2024-09-05T10:01:03.982+0000] {logging_mixin.py:190} INFO - [2024-09-05T10:01:03.982+0000] {dag.py:3211} INFO - Sync 2 DAGs
[2024-09-05T10:01:04.001+0000] {logging_mixin.py:190} INFO - [2024-09-05T10:01:04.001+0000] {dag.py:4138} INFO - Setting next_dagrun for example_external_task_marker_child to None, run_after=None
[2024-09-05T10:01:04.006+0000] {logging_mixin.py:190} INFO - [2024-09-05T10:01:04.006+0000] {dag.py:4138} INFO - Setting next_dagrun for example_external_task_marker_parent to None, run_after=None
[2024-09-05T10:01:04.035+0000] {processor.py:208} INFO - Processing /home/airflow/.local/lib/python3.12/site-packages/airflow/example_dags/example_external_task_marker_dag.py took 0.104 seconds
