[2024-09-05T09:58:28.994+0000] {processor.py:186} INFO - Started process (PID=107) to work on /home/airflow/.local/lib/python3.12/site-packages/airflow/example_dags/example_inlet_event_extra.py
[2024-09-05T09:58:28.995+0000] {processor.py:914} INFO - Processing file /home/airflow/.local/lib/python3.12/site-packages/airflow/example_dags/example_inlet_event_extra.py for tasks to queue
[2024-09-05T09:58:28.998+0000] {logging_mixin.py:190} INFO - [2024-09-05T09:58:28.998+0000] {dagbag.py:587} INFO - Filling up the DagBag from /home/airflow/.local/lib/python3.12/site-packages/airflow/example_dags/example_inlet_event_extra.py
[2024-09-05T09:58:29.157+0000] {processor.py:925} INFO - DAG(s) 'read_dataset_event', 'read_dataset_event_from_classic' retrieved from /home/airflow/.local/lib/python3.12/site-packages/airflow/example_dags/example_inlet_event_extra.py
[2024-09-05T09:58:29.185+0000] {logging_mixin.py:190} INFO - [2024-09-05T09:58:29.185+0000] {dag.py:3211} INFO - Sync 2 DAGs
[2024-09-05T09:58:29.212+0000] {logging_mixin.py:190} INFO - [2024-09-05T09:58:29.212+0000] {dag.py:4138} INFO - Setting next_dagrun for read_dataset_event to 2024-09-04 00:00:00+00:00, run_after=2024-09-05 00:00:00+00:00
[2024-09-05T09:58:29.218+0000] {logging_mixin.py:190} INFO - [2024-09-05T09:58:29.217+0000] {dag.py:4138} INFO - Setting next_dagrun for read_dataset_event_from_classic to 2024-09-04 00:00:00+00:00, run_after=2024-09-05 00:00:00+00:00
[2024-09-05T09:58:29.238+0000] {processor.py:208} INFO - Processing /home/airflow/.local/lib/python3.12/site-packages/airflow/example_dags/example_inlet_event_extra.py took 0.250 seconds
[2024-09-05T09:58:59.941+0000] {processor.py:186} INFO - Started process (PID=170) to work on /home/airflow/.local/lib/python3.12/site-packages/airflow/example_dags/example_inlet_event_extra.py
[2024-09-05T09:58:59.942+0000] {processor.py:914} INFO - Processing file /home/airflow/.local/lib/python3.12/site-packages/airflow/example_dags/example_inlet_event_extra.py for tasks to queue
[2024-09-05T09:58:59.945+0000] {logging_mixin.py:190} INFO - [2024-09-05T09:58:59.944+0000] {dagbag.py:587} INFO - Filling up the DagBag from /home/airflow/.local/lib/python3.12/site-packages/airflow/example_dags/example_inlet_event_extra.py
[2024-09-05T09:59:00.100+0000] {processor.py:925} INFO - DAG(s) 'read_dataset_event_from_classic', 'read_dataset_event' retrieved from /home/airflow/.local/lib/python3.12/site-packages/airflow/example_dags/example_inlet_event_extra.py
[2024-09-05T09:59:00.122+0000] {logging_mixin.py:190} INFO - [2024-09-05T09:59:00.122+0000] {dag.py:3211} INFO - Sync 2 DAGs
[2024-09-05T09:59:00.149+0000] {logging_mixin.py:190} INFO - [2024-09-05T09:59:00.148+0000] {dag.py:4138} INFO - Setting next_dagrun for read_dataset_event to 2024-09-04 00:00:00+00:00, run_after=2024-09-05 00:00:00+00:00
[2024-09-05T09:59:00.154+0000] {logging_mixin.py:190} INFO - [2024-09-05T09:59:00.153+0000] {dag.py:4138} INFO - Setting next_dagrun for read_dataset_event_from_classic to 2024-09-04 00:00:00+00:00, run_after=2024-09-05 00:00:00+00:00
[2024-09-05T09:59:00.173+0000] {processor.py:208} INFO - Processing /home/airflow/.local/lib/python3.12/site-packages/airflow/example_dags/example_inlet_event_extra.py took 0.239 seconds
[2024-09-05T09:59:30.496+0000] {processor.py:186} INFO - Started process (PID=232) to work on /home/airflow/.local/lib/python3.12/site-packages/airflow/example_dags/example_inlet_event_extra.py
[2024-09-05T09:59:30.498+0000] {processor.py:914} INFO - Processing file /home/airflow/.local/lib/python3.12/site-packages/airflow/example_dags/example_inlet_event_extra.py for tasks to queue
[2024-09-05T09:59:30.503+0000] {logging_mixin.py:190} INFO - [2024-09-05T09:59:30.502+0000] {dagbag.py:587} INFO - Filling up the DagBag from /home/airflow/.local/lib/python3.12/site-packages/airflow/example_dags/example_inlet_event_extra.py
[2024-09-05T09:59:30.664+0000] {processor.py:925} INFO - DAG(s) 'read_dataset_event_from_classic', 'read_dataset_event' retrieved from /home/airflow/.local/lib/python3.12/site-packages/airflow/example_dags/example_inlet_event_extra.py
[2024-09-05T09:59:30.686+0000] {logging_mixin.py:190} INFO - [2024-09-05T09:59:30.686+0000] {dag.py:3211} INFO - Sync 2 DAGs
[2024-09-05T09:59:30.810+0000] {logging_mixin.py:190} INFO - [2024-09-05T09:59:30.810+0000] {dag.py:4138} INFO - Setting next_dagrun for read_dataset_event to 2024-09-04 00:00:00+00:00, run_after=2024-09-05 00:00:00+00:00
[2024-09-05T09:59:30.817+0000] {logging_mixin.py:190} INFO - [2024-09-05T09:59:30.817+0000] {dag.py:4138} INFO - Setting next_dagrun for read_dataset_event_from_classic to 2024-09-04 00:00:00+00:00, run_after=2024-09-05 00:00:00+00:00
[2024-09-05T09:59:30.846+0000] {processor.py:208} INFO - Processing /home/airflow/.local/lib/python3.12/site-packages/airflow/example_dags/example_inlet_event_extra.py took 0.362 seconds
[2024-09-05T10:00:00.975+0000] {processor.py:186} INFO - Started process (PID=295) to work on /home/airflow/.local/lib/python3.12/site-packages/airflow/example_dags/example_inlet_event_extra.py
[2024-09-05T10:00:00.976+0000] {processor.py:914} INFO - Processing file /home/airflow/.local/lib/python3.12/site-packages/airflow/example_dags/example_inlet_event_extra.py for tasks to queue
[2024-09-05T10:00:00.980+0000] {logging_mixin.py:190} INFO - [2024-09-05T10:00:00.979+0000] {dagbag.py:587} INFO - Filling up the DagBag from /home/airflow/.local/lib/python3.12/site-packages/airflow/example_dags/example_inlet_event_extra.py
[2024-09-05T10:00:01.146+0000] {processor.py:925} INFO - DAG(s) 'read_dataset_event', 'read_dataset_event_from_classic' retrieved from /home/airflow/.local/lib/python3.12/site-packages/airflow/example_dags/example_inlet_event_extra.py
[2024-09-05T10:00:01.171+0000] {logging_mixin.py:190} INFO - [2024-09-05T10:00:01.171+0000] {dag.py:3211} INFO - Sync 2 DAGs
[2024-09-05T10:00:01.198+0000] {logging_mixin.py:190} INFO - [2024-09-05T10:00:01.198+0000] {dag.py:4138} INFO - Setting next_dagrun for read_dataset_event to 2024-09-04 00:00:00+00:00, run_after=2024-09-05 00:00:00+00:00
[2024-09-05T10:00:01.203+0000] {logging_mixin.py:190} INFO - [2024-09-05T10:00:01.203+0000] {dag.py:4138} INFO - Setting next_dagrun for read_dataset_event_from_classic to 2024-09-04 00:00:00+00:00, run_after=2024-09-05 00:00:00+00:00
[2024-09-05T10:00:01.226+0000] {processor.py:208} INFO - Processing /home/airflow/.local/lib/python3.12/site-packages/airflow/example_dags/example_inlet_event_extra.py took 0.257 seconds
[2024-09-05T10:00:31.849+0000] {processor.py:186} INFO - Started process (PID=358) to work on /home/airflow/.local/lib/python3.12/site-packages/airflow/example_dags/example_inlet_event_extra.py
[2024-09-05T10:00:31.852+0000] {processor.py:914} INFO - Processing file /home/airflow/.local/lib/python3.12/site-packages/airflow/example_dags/example_inlet_event_extra.py for tasks to queue
[2024-09-05T10:00:31.859+0000] {logging_mixin.py:190} INFO - [2024-09-05T10:00:31.858+0000] {dagbag.py:587} INFO - Filling up the DagBag from /home/airflow/.local/lib/python3.12/site-packages/airflow/example_dags/example_inlet_event_extra.py
[2024-09-05T10:00:32.039+0000] {processor.py:925} INFO - DAG(s) 'read_dataset_event', 'read_dataset_event_from_classic' retrieved from /home/airflow/.local/lib/python3.12/site-packages/airflow/example_dags/example_inlet_event_extra.py
[2024-09-05T10:00:32.061+0000] {logging_mixin.py:190} INFO - [2024-09-05T10:00:32.061+0000] {dag.py:3211} INFO - Sync 2 DAGs
[2024-09-05T10:00:32.089+0000] {logging_mixin.py:190} INFO - [2024-09-05T10:00:32.089+0000] {dag.py:4138} INFO - Setting next_dagrun for read_dataset_event to 2024-09-04 00:00:00+00:00, run_after=2024-09-05 00:00:00+00:00
[2024-09-05T10:00:32.094+0000] {logging_mixin.py:190} INFO - [2024-09-05T10:00:32.094+0000] {dag.py:4138} INFO - Setting next_dagrun for read_dataset_event_from_classic to 2024-09-04 00:00:00+00:00, run_after=2024-09-05 00:00:00+00:00
[2024-09-05T10:00:32.123+0000] {processor.py:208} INFO - Processing /home/airflow/.local/lib/python3.12/site-packages/airflow/example_dags/example_inlet_event_extra.py took 0.300 seconds
[2024-09-05T10:01:02.591+0000] {processor.py:186} INFO - Started process (PID=420) to work on /home/airflow/.local/lib/python3.12/site-packages/airflow/example_dags/example_inlet_event_extra.py
[2024-09-05T10:01:02.624+0000] {processor.py:914} INFO - Processing file /home/airflow/.local/lib/python3.12/site-packages/airflow/example_dags/example_inlet_event_extra.py for tasks to queue
[2024-09-05T10:01:02.696+0000] {logging_mixin.py:190} INFO - [2024-09-05T10:01:02.695+0000] {dagbag.py:587} INFO - Filling up the DagBag from /home/airflow/.local/lib/python3.12/site-packages/airflow/example_dags/example_inlet_event_extra.py
[2024-09-05T10:01:02.935+0000] {processor.py:925} INFO - DAG(s) 'read_dataset_event_from_classic', 'read_dataset_event' retrieved from /home/airflow/.local/lib/python3.12/site-packages/airflow/example_dags/example_inlet_event_extra.py
[2024-09-05T10:01:02.958+0000] {logging_mixin.py:190} INFO - [2024-09-05T10:01:02.957+0000] {dag.py:3211} INFO - Sync 2 DAGs
[2024-09-05T10:01:02.988+0000] {logging_mixin.py:190} INFO - [2024-09-05T10:01:02.987+0000] {dag.py:4138} INFO - Setting next_dagrun for read_dataset_event to 2024-09-04 00:00:00+00:00, run_after=2024-09-05 00:00:00+00:00
[2024-09-05T10:01:02.993+0000] {logging_mixin.py:190} INFO - [2024-09-05T10:01:02.993+0000] {dag.py:4138} INFO - Setting next_dagrun for read_dataset_event_from_classic to 2024-09-04 00:00:00+00:00, run_after=2024-09-05 00:00:00+00:00
[2024-09-05T10:01:03.012+0000] {processor.py:208} INFO - Processing /home/airflow/.local/lib/python3.12/site-packages/airflow/example_dags/example_inlet_event_extra.py took 0.430 seconds
