[2024-09-05T09:58:28.829+0000] {processor.py:186} INFO - Started process (PID=106) to work on /home/airflow/.local/lib/python3.12/site-packages/airflow/example_dags/example_short_circuit_decorator.py
[2024-09-05T09:58:28.830+0000] {processor.py:914} INFO - Processing file /home/airflow/.local/lib/python3.12/site-packages/airflow/example_dags/example_short_circuit_decorator.py for tasks to queue
[2024-09-05T09:58:28.834+0000] {logging_mixin.py:190} INFO - [2024-09-05T09:58:28.833+0000] {dagbag.py:587} INFO - Filling up the DagBag from /home/airflow/.local/lib/python3.12/site-packages/airflow/example_dags/example_short_circuit_decorator.py
[2024-09-05T09:58:28.848+0000] {processor.py:925} INFO - DAG(s) 'example_short_circuit_decorator' retrieved from /home/airflow/.local/lib/python3.12/site-packages/airflow/example_dags/example_short_circuit_decorator.py
[2024-09-05T09:58:28.884+0000] {logging_mixin.py:190} INFO - [2024-09-05T09:58:28.884+0000] {dag.py:3211} INFO - Sync 1 DAGs
[2024-09-05T09:58:28.909+0000] {logging_mixin.py:190} INFO - [2024-09-05T09:58:28.909+0000] {dag.py:4138} INFO - Setting next_dagrun for example_short_circuit_decorator to 2024-09-04 00:00:00+00:00, run_after=2024-09-05 00:00:00+00:00
[2024-09-05T09:58:28.934+0000] {processor.py:208} INFO - Processing /home/airflow/.local/lib/python3.12/site-packages/airflow/example_dags/example_short_circuit_decorator.py took 0.111 seconds
[2024-09-05T09:58:59.816+0000] {processor.py:186} INFO - Started process (PID=169) to work on /home/airflow/.local/lib/python3.12/site-packages/airflow/example_dags/example_short_circuit_decorator.py
[2024-09-05T09:58:59.817+0000] {processor.py:914} INFO - Processing file /home/airflow/.local/lib/python3.12/site-packages/airflow/example_dags/example_short_circuit_decorator.py for tasks to queue
[2024-09-05T09:58:59.820+0000] {logging_mixin.py:190} INFO - [2024-09-05T09:58:59.819+0000] {dagbag.py:587} INFO - Filling up the DagBag from /home/airflow/.local/lib/python3.12/site-packages/airflow/example_dags/example_short_circuit_decorator.py
[2024-09-05T09:58:59.830+0000] {processor.py:925} INFO - DAG(s) 'example_short_circuit_decorator' retrieved from /home/airflow/.local/lib/python3.12/site-packages/airflow/example_dags/example_short_circuit_decorator.py
[2024-09-05T09:58:59.859+0000] {logging_mixin.py:190} INFO - [2024-09-05T09:58:59.858+0000] {dag.py:3211} INFO - Sync 1 DAGs
[2024-09-05T09:58:59.885+0000] {logging_mixin.py:190} INFO - [2024-09-05T09:58:59.885+0000] {dag.py:4138} INFO - Setting next_dagrun for example_short_circuit_decorator to 2024-09-04 00:00:00+00:00, run_after=2024-09-05 00:00:00+00:00
[2024-09-05T09:58:59.907+0000] {processor.py:208} INFO - Processing /home/airflow/.local/lib/python3.12/site-packages/airflow/example_dags/example_short_circuit_decorator.py took 0.097 seconds
[2024-09-05T09:59:30.493+0000] {processor.py:186} INFO - Started process (PID=231) to work on /home/airflow/.local/lib/python3.12/site-packages/airflow/example_dags/example_short_circuit_decorator.py
[2024-09-05T09:59:30.495+0000] {processor.py:914} INFO - Processing file /home/airflow/.local/lib/python3.12/site-packages/airflow/example_dags/example_short_circuit_decorator.py for tasks to queue
[2024-09-05T09:59:30.499+0000] {logging_mixin.py:190} INFO - [2024-09-05T09:59:30.499+0000] {dagbag.py:587} INFO - Filling up the DagBag from /home/airflow/.local/lib/python3.12/site-packages/airflow/example_dags/example_short_circuit_decorator.py
[2024-09-05T09:59:30.516+0000] {processor.py:925} INFO - DAG(s) 'example_short_circuit_decorator' retrieved from /home/airflow/.local/lib/python3.12/site-packages/airflow/example_dags/example_short_circuit_decorator.py
[2024-09-05T09:59:30.556+0000] {logging_mixin.py:190} INFO - [2024-09-05T09:59:30.555+0000] {dag.py:3211} INFO - Sync 1 DAGs
[2024-09-05T09:59:30.586+0000] {logging_mixin.py:190} INFO - [2024-09-05T09:59:30.585+0000] {dag.py:4138} INFO - Setting next_dagrun for example_short_circuit_decorator to 2024-09-04 00:00:00+00:00, run_after=2024-09-05 00:00:00+00:00
[2024-09-05T09:59:30.620+0000] {processor.py:208} INFO - Processing /home/airflow/.local/lib/python3.12/site-packages/airflow/example_dags/example_short_circuit_decorator.py took 0.137 seconds
[2024-09-05T10:00:00.843+0000] {processor.py:186} INFO - Started process (PID=294) to work on /home/airflow/.local/lib/python3.12/site-packages/airflow/example_dags/example_short_circuit_decorator.py
[2024-09-05T10:00:00.844+0000] {processor.py:914} INFO - Processing file /home/airflow/.local/lib/python3.12/site-packages/airflow/example_dags/example_short_circuit_decorator.py for tasks to queue
[2024-09-05T10:00:00.846+0000] {logging_mixin.py:190} INFO - [2024-09-05T10:00:00.846+0000] {dagbag.py:587} INFO - Filling up the DagBag from /home/airflow/.local/lib/python3.12/site-packages/airflow/example_dags/example_short_circuit_decorator.py
[2024-09-05T10:00:00.856+0000] {processor.py:925} INFO - DAG(s) 'example_short_circuit_decorator' retrieved from /home/airflow/.local/lib/python3.12/site-packages/airflow/example_dags/example_short_circuit_decorator.py
[2024-09-05T10:00:00.878+0000] {logging_mixin.py:190} INFO - [2024-09-05T10:00:00.878+0000] {dag.py:3211} INFO - Sync 1 DAGs
[2024-09-05T10:00:00.904+0000] {logging_mixin.py:190} INFO - [2024-09-05T10:00:00.904+0000] {dag.py:4138} INFO - Setting next_dagrun for example_short_circuit_decorator to 2024-09-04 00:00:00+00:00, run_after=2024-09-05 00:00:00+00:00
[2024-09-05T10:00:00.929+0000] {processor.py:208} INFO - Processing /home/airflow/.local/lib/python3.12/site-packages/airflow/example_dags/example_short_circuit_decorator.py took 0.092 seconds
[2024-09-05T10:00:31.663+0000] {processor.py:186} INFO - Started process (PID=357) to work on /home/airflow/.local/lib/python3.12/site-packages/airflow/example_dags/example_short_circuit_decorator.py
[2024-09-05T10:00:31.664+0000] {processor.py:914} INFO - Processing file /home/airflow/.local/lib/python3.12/site-packages/airflow/example_dags/example_short_circuit_decorator.py for tasks to queue
[2024-09-05T10:00:31.667+0000] {logging_mixin.py:190} INFO - [2024-09-05T10:00:31.667+0000] {dagbag.py:587} INFO - Filling up the DagBag from /home/airflow/.local/lib/python3.12/site-packages/airflow/example_dags/example_short_circuit_decorator.py
[2024-09-05T10:00:31.684+0000] {processor.py:925} INFO - DAG(s) 'example_short_circuit_decorator' retrieved from /home/airflow/.local/lib/python3.12/site-packages/airflow/example_dags/example_short_circuit_decorator.py
[2024-09-05T10:00:31.712+0000] {logging_mixin.py:190} INFO - [2024-09-05T10:00:31.712+0000] {dag.py:3211} INFO - Sync 1 DAGs
[2024-09-05T10:00:31.749+0000] {logging_mixin.py:190} INFO - [2024-09-05T10:00:31.749+0000] {dag.py:4138} INFO - Setting next_dagrun for example_short_circuit_decorator to 2024-09-04 00:00:00+00:00, run_after=2024-09-05 00:00:00+00:00
[2024-09-05T10:00:31.776+0000] {processor.py:208} INFO - Processing /home/airflow/.local/lib/python3.12/site-packages/airflow/example_dags/example_short_circuit_decorator.py took 0.120 seconds
[2024-09-05T10:01:02.580+0000] {processor.py:186} INFO - Started process (PID=419) to work on /home/airflow/.local/lib/python3.12/site-packages/airflow/example_dags/example_short_circuit_decorator.py
[2024-09-05T10:01:02.582+0000] {processor.py:914} INFO - Processing file /home/airflow/.local/lib/python3.12/site-packages/airflow/example_dags/example_short_circuit_decorator.py for tasks to queue
[2024-09-05T10:01:02.625+0000] {logging_mixin.py:190} INFO - [2024-09-05T10:01:02.624+0000] {dagbag.py:587} INFO - Filling up the DagBag from /home/airflow/.local/lib/python3.12/site-packages/airflow/example_dags/example_short_circuit_decorator.py
[2024-09-05T10:01:02.706+0000] {processor.py:925} INFO - DAG(s) 'example_short_circuit_decorator' retrieved from /home/airflow/.local/lib/python3.12/site-packages/airflow/example_dags/example_short_circuit_decorator.py
[2024-09-05T10:01:02.748+0000] {logging_mixin.py:190} INFO - [2024-09-05T10:01:02.747+0000] {dag.py:3211} INFO - Sync 1 DAGs
[2024-09-05T10:01:02.799+0000] {logging_mixin.py:190} INFO - [2024-09-05T10:01:02.799+0000] {dag.py:4138} INFO - Setting next_dagrun for example_short_circuit_decorator to 2024-09-04 00:00:00+00:00, run_after=2024-09-05 00:00:00+00:00
[2024-09-05T10:01:02.849+0000] {processor.py:208} INFO - Processing /home/airflow/.local/lib/python3.12/site-packages/airflow/example_dags/example_short_circuit_decorator.py took 0.275 seconds
