[2024-09-05T09:58:20.476+0000] {processor.py:186} INFO - Started process (PID=68) to work on /home/airflow/.local/lib/python3.12/site-packages/airflow/example_dags/example_setup_teardown.py
[2024-09-05T09:58:20.477+0000] {processor.py:914} INFO - Processing file /home/airflow/.local/lib/python3.12/site-packages/airflow/example_dags/example_setup_teardown.py for tasks to queue
[2024-09-05T09:58:20.480+0000] {logging_mixin.py:190} INFO - [2024-09-05T09:58:20.479+0000] {dagbag.py:587} INFO - Filling up the DagBag from /home/airflow/.local/lib/python3.12/site-packages/airflow/example_dags/example_setup_teardown.py
[2024-09-05T09:58:20.492+0000] {processor.py:925} INFO - DAG(s) 'example_setup_teardown' retrieved from /home/airflow/.local/lib/python3.12/site-packages/airflow/example_dags/example_setup_teardown.py
[2024-09-05T09:58:20.540+0000] {logging_mixin.py:190} INFO - [2024-09-05T09:58:20.540+0000] {dag.py:3211} INFO - Sync 1 DAGs
[2024-09-05T09:58:20.588+0000] {logging_mixin.py:190} INFO - [2024-09-05T09:58:20.587+0000] {dag.py:4138} INFO - Setting next_dagrun for example_setup_teardown to 2024-09-04 00:00:00+00:00, run_after=2024-09-05 00:00:00+00:00
[2024-09-05T09:58:20.628+0000] {processor.py:208} INFO - Processing /home/airflow/.local/lib/python3.12/site-packages/airflow/example_dags/example_setup_teardown.py took 0.158 seconds
[2024-09-05T09:58:50.776+0000] {processor.py:186} INFO - Started process (PID=130) to work on /home/airflow/.local/lib/python3.12/site-packages/airflow/example_dags/example_setup_teardown.py
[2024-09-05T09:58:50.778+0000] {processor.py:914} INFO - Processing file /home/airflow/.local/lib/python3.12/site-packages/airflow/example_dags/example_setup_teardown.py for tasks to queue
[2024-09-05T09:58:50.781+0000] {logging_mixin.py:190} INFO - [2024-09-05T09:58:50.781+0000] {dagbag.py:587} INFO - Filling up the DagBag from /home/airflow/.local/lib/python3.12/site-packages/airflow/example_dags/example_setup_teardown.py
[2024-09-05T09:58:50.790+0000] {processor.py:925} INFO - DAG(s) 'example_setup_teardown' retrieved from /home/airflow/.local/lib/python3.12/site-packages/airflow/example_dags/example_setup_teardown.py
[2024-09-05T09:58:50.813+0000] {logging_mixin.py:190} INFO - [2024-09-05T09:58:50.812+0000] {dag.py:3211} INFO - Sync 1 DAGs
[2024-09-05T09:58:50.838+0000] {logging_mixin.py:190} INFO - [2024-09-05T09:58:50.838+0000] {dag.py:4138} INFO - Setting next_dagrun for example_setup_teardown to 2024-09-04 00:00:00+00:00, run_after=2024-09-05 00:00:00+00:00
[2024-09-05T09:58:50.871+0000] {processor.py:208} INFO - Processing /home/airflow/.local/lib/python3.12/site-packages/airflow/example_dags/example_setup_teardown.py took 0.102 seconds
[2024-09-05T09:59:21.571+0000] {processor.py:186} INFO - Started process (PID=199) to work on /home/airflow/.local/lib/python3.12/site-packages/airflow/example_dags/example_setup_teardown.py
[2024-09-05T09:59:21.572+0000] {processor.py:914} INFO - Processing file /home/airflow/.local/lib/python3.12/site-packages/airflow/example_dags/example_setup_teardown.py for tasks to queue
[2024-09-05T09:59:21.575+0000] {logging_mixin.py:190} INFO - [2024-09-05T09:59:21.574+0000] {dagbag.py:587} INFO - Filling up the DagBag from /home/airflow/.local/lib/python3.12/site-packages/airflow/example_dags/example_setup_teardown.py
[2024-09-05T09:59:21.584+0000] {processor.py:925} INFO - DAG(s) 'example_setup_teardown' retrieved from /home/airflow/.local/lib/python3.12/site-packages/airflow/example_dags/example_setup_teardown.py
[2024-09-05T09:59:21.605+0000] {logging_mixin.py:190} INFO - [2024-09-05T09:59:21.605+0000] {dag.py:3211} INFO - Sync 1 DAGs
[2024-09-05T09:59:21.631+0000] {logging_mixin.py:190} INFO - [2024-09-05T09:59:21.631+0000] {dag.py:4138} INFO - Setting next_dagrun for example_setup_teardown to 2024-09-04 00:00:00+00:00, run_after=2024-09-05 00:00:00+00:00
[2024-09-05T09:59:21.661+0000] {processor.py:208} INFO - Processing /home/airflow/.local/lib/python3.12/site-packages/airflow/example_dags/example_setup_teardown.py took 0.096 seconds
[2024-09-05T09:59:52.053+0000] {processor.py:186} INFO - Started process (PID=262) to work on /home/airflow/.local/lib/python3.12/site-packages/airflow/example_dags/example_setup_teardown.py
[2024-09-05T09:59:52.054+0000] {processor.py:914} INFO - Processing file /home/airflow/.local/lib/python3.12/site-packages/airflow/example_dags/example_setup_teardown.py for tasks to queue
[2024-09-05T09:59:52.058+0000] {logging_mixin.py:190} INFO - [2024-09-05T09:59:52.057+0000] {dagbag.py:587} INFO - Filling up the DagBag from /home/airflow/.local/lib/python3.12/site-packages/airflow/example_dags/example_setup_teardown.py
[2024-09-05T09:59:52.067+0000] {processor.py:925} INFO - DAG(s) 'example_setup_teardown' retrieved from /home/airflow/.local/lib/python3.12/site-packages/airflow/example_dags/example_setup_teardown.py
[2024-09-05T09:59:52.087+0000] {logging_mixin.py:190} INFO - [2024-09-05T09:59:52.087+0000] {dag.py:3211} INFO - Sync 1 DAGs
[2024-09-05T09:59:52.113+0000] {logging_mixin.py:190} INFO - [2024-09-05T09:59:52.113+0000] {dag.py:4138} INFO - Setting next_dagrun for example_setup_teardown to 2024-09-04 00:00:00+00:00, run_after=2024-09-05 00:00:00+00:00
[2024-09-05T09:59:52.144+0000] {processor.py:208} INFO - Processing /home/airflow/.local/lib/python3.12/site-packages/airflow/example_dags/example_setup_teardown.py took 0.098 seconds
[2024-09-05T10:00:22.396+0000] {processor.py:186} INFO - Started process (PID=324) to work on /home/airflow/.local/lib/python3.12/site-packages/airflow/example_dags/example_setup_teardown.py
[2024-09-05T10:00:22.398+0000] {processor.py:914} INFO - Processing file /home/airflow/.local/lib/python3.12/site-packages/airflow/example_dags/example_setup_teardown.py for tasks to queue
[2024-09-05T10:00:22.401+0000] {logging_mixin.py:190} INFO - [2024-09-05T10:00:22.401+0000] {dagbag.py:587} INFO - Filling up the DagBag from /home/airflow/.local/lib/python3.12/site-packages/airflow/example_dags/example_setup_teardown.py
[2024-09-05T10:00:22.411+0000] {processor.py:925} INFO - DAG(s) 'example_setup_teardown' retrieved from /home/airflow/.local/lib/python3.12/site-packages/airflow/example_dags/example_setup_teardown.py
[2024-09-05T10:00:22.434+0000] {logging_mixin.py:190} INFO - [2024-09-05T10:00:22.433+0000] {dag.py:3211} INFO - Sync 1 DAGs
[2024-09-05T10:00:22.542+0000] {logging_mixin.py:190} INFO - [2024-09-05T10:00:22.541+0000] {dag.py:4138} INFO - Setting next_dagrun for example_setup_teardown to 2024-09-04 00:00:00+00:00, run_after=2024-09-05 00:00:00+00:00
[2024-09-05T10:00:22.589+0000] {processor.py:208} INFO - Processing /home/airflow/.local/lib/python3.12/site-packages/airflow/example_dags/example_setup_teardown.py took 0.199 seconds
[2024-09-05T10:00:52.718+0000] {processor.py:186} INFO - Started process (PID=387) to work on /home/airflow/.local/lib/python3.12/site-packages/airflow/example_dags/example_setup_teardown.py
[2024-09-05T10:00:52.720+0000] {processor.py:914} INFO - Processing file /home/airflow/.local/lib/python3.12/site-packages/airflow/example_dags/example_setup_teardown.py for tasks to queue
[2024-09-05T10:00:52.722+0000] {logging_mixin.py:190} INFO - [2024-09-05T10:00:52.722+0000] {dagbag.py:587} INFO - Filling up the DagBag from /home/airflow/.local/lib/python3.12/site-packages/airflow/example_dags/example_setup_teardown.py
[2024-09-05T10:00:52.731+0000] {processor.py:925} INFO - DAG(s) 'example_setup_teardown' retrieved from /home/airflow/.local/lib/python3.12/site-packages/airflow/example_dags/example_setup_teardown.py
[2024-09-05T10:00:52.751+0000] {logging_mixin.py:190} INFO - [2024-09-05T10:00:52.751+0000] {dag.py:3211} INFO - Sync 1 DAGs
[2024-09-05T10:00:52.781+0000] {logging_mixin.py:190} INFO - [2024-09-05T10:00:52.781+0000] {dag.py:4138} INFO - Setting next_dagrun for example_setup_teardown to 2024-09-04 00:00:00+00:00, run_after=2024-09-05 00:00:00+00:00
[2024-09-05T10:00:52.810+0000] {processor.py:208} INFO - Processing /home/airflow/.local/lib/python3.12/site-packages/airflow/example_dags/example_setup_teardown.py took 0.097 seconds
