[2024-09-05T09:58:20.205+0000] {processor.py:186} INFO - Started process (PID=67) to work on /home/airflow/.local/lib/python3.12/site-packages/airflow/example_dags/example_branch_python_dop_operator_3.py
[2024-09-05T09:58:20.211+0000] {processor.py:914} INFO - Processing file /home/airflow/.local/lib/python3.12/site-packages/airflow/example_dags/example_branch_python_dop_operator_3.py for tasks to queue
[2024-09-05T09:58:20.234+0000] {logging_mixin.py:190} INFO - [2024-09-05T09:58:20.234+0000] {dagbag.py:587} INFO - Filling up the DagBag from /home/airflow/.local/lib/python3.12/site-packages/airflow/example_dags/example_branch_python_dop_operator_3.py
[2024-09-05T09:58:20.268+0000] {processor.py:925} INFO - DAG(s) 'example_branch_dop_operator_v3' retrieved from /home/airflow/.local/lib/python3.12/site-packages/airflow/example_dags/example_branch_python_dop_operator_3.py
[2024-09-05T09:58:20.355+0000] {logging_mixin.py:190} INFO - [2024-09-05T09:58:20.354+0000] {dag.py:3211} INFO - Sync 1 DAGs
[2024-09-05T09:58:20.403+0000] {logging_mixin.py:190} INFO - [2024-09-05T09:58:20.403+0000] {dag.py:4138} INFO - Setting next_dagrun for example_branch_dop_operator_v3 to 2024-09-05 09:57:00+00:00, run_after=2024-09-05 09:58:00+00:00
[2024-09-05T09:58:20.431+0000] {processor.py:208} INFO - Processing /home/airflow/.local/lib/python3.12/site-packages/airflow/example_dags/example_branch_python_dop_operator_3.py took 0.247 seconds
[2024-09-05T09:58:50.642+0000] {processor.py:186} INFO - Started process (PID=129) to work on /home/airflow/.local/lib/python3.12/site-packages/airflow/example_dags/example_branch_python_dop_operator_3.py
[2024-09-05T09:58:50.643+0000] {processor.py:914} INFO - Processing file /home/airflow/.local/lib/python3.12/site-packages/airflow/example_dags/example_branch_python_dop_operator_3.py for tasks to queue
[2024-09-05T09:58:50.646+0000] {logging_mixin.py:190} INFO - [2024-09-05T09:58:50.646+0000] {dagbag.py:587} INFO - Filling up the DagBag from /home/airflow/.local/lib/python3.12/site-packages/airflow/example_dags/example_branch_python_dop_operator_3.py
[2024-09-05T09:58:50.660+0000] {processor.py:925} INFO - DAG(s) 'example_branch_dop_operator_v3' retrieved from /home/airflow/.local/lib/python3.12/site-packages/airflow/example_dags/example_branch_python_dop_operator_3.py
[2024-09-05T09:58:50.682+0000] {logging_mixin.py:190} INFO - [2024-09-05T09:58:50.682+0000] {dag.py:3211} INFO - Sync 1 DAGs
[2024-09-05T09:58:50.709+0000] {logging_mixin.py:190} INFO - [2024-09-05T09:58:50.709+0000] {dag.py:4138} INFO - Setting next_dagrun for example_branch_dop_operator_v3 to 2024-09-05 09:57:00+00:00, run_after=2024-09-05 09:58:00+00:00
[2024-09-05T09:58:50.732+0000] {processor.py:208} INFO - Processing /home/airflow/.local/lib/python3.12/site-packages/airflow/example_dags/example_branch_python_dop_operator_3.py took 0.097 seconds
[2024-09-05T09:59:21.570+0000] {processor.py:186} INFO - Started process (PID=198) to work on /home/airflow/.local/lib/python3.12/site-packages/airflow/example_dags/example_branch_python_dop_operator_3.py
[2024-09-05T09:59:21.571+0000] {processor.py:914} INFO - Processing file /home/airflow/.local/lib/python3.12/site-packages/airflow/example_dags/example_branch_python_dop_operator_3.py for tasks to queue
[2024-09-05T09:59:21.576+0000] {logging_mixin.py:190} INFO - [2024-09-05T09:59:21.576+0000] {dagbag.py:587} INFO - Filling up the DagBag from /home/airflow/.local/lib/python3.12/site-packages/airflow/example_dags/example_branch_python_dop_operator_3.py
[2024-09-05T09:59:21.586+0000] {processor.py:925} INFO - DAG(s) 'example_branch_dop_operator_v3' retrieved from /home/airflow/.local/lib/python3.12/site-packages/airflow/example_dags/example_branch_python_dop_operator_3.py
[2024-09-05T09:59:21.605+0000] {logging_mixin.py:190} INFO - [2024-09-05T09:59:21.605+0000] {dag.py:3211} INFO - Sync 1 DAGs
[2024-09-05T09:59:21.630+0000] {logging_mixin.py:190} INFO - [2024-09-05T09:59:21.630+0000] {dag.py:4138} INFO - Setting next_dagrun for example_branch_dop_operator_v3 to 2024-09-05 09:58:00+00:00, run_after=2024-09-05 09:59:00+00:00
[2024-09-05T09:59:21.663+0000] {processor.py:208} INFO - Processing /home/airflow/.local/lib/python3.12/site-packages/airflow/example_dags/example_branch_python_dop_operator_3.py took 0.100 seconds
[2024-09-05T09:59:51.892+0000] {processor.py:186} INFO - Started process (PID=261) to work on /home/airflow/.local/lib/python3.12/site-packages/airflow/example_dags/example_branch_python_dop_operator_3.py
[2024-09-05T09:59:51.893+0000] {processor.py:914} INFO - Processing file /home/airflow/.local/lib/python3.12/site-packages/airflow/example_dags/example_branch_python_dop_operator_3.py for tasks to queue
[2024-09-05T09:59:51.895+0000] {logging_mixin.py:190} INFO - [2024-09-05T09:59:51.895+0000] {dagbag.py:587} INFO - Filling up the DagBag from /home/airflow/.local/lib/python3.12/site-packages/airflow/example_dags/example_branch_python_dop_operator_3.py
[2024-09-05T09:59:51.910+0000] {processor.py:925} INFO - DAG(s) 'example_branch_dop_operator_v3' retrieved from /home/airflow/.local/lib/python3.12/site-packages/airflow/example_dags/example_branch_python_dop_operator_3.py
[2024-09-05T09:59:51.948+0000] {logging_mixin.py:190} INFO - [2024-09-05T09:59:51.948+0000] {dag.py:3211} INFO - Sync 1 DAGs
[2024-09-05T09:59:51.986+0000] {logging_mixin.py:190} INFO - [2024-09-05T09:59:51.985+0000] {dag.py:4138} INFO - Setting next_dagrun for example_branch_dop_operator_v3 to 2024-09-05 09:58:00+00:00, run_after=2024-09-05 09:59:00+00:00
[2024-09-05T09:59:52.011+0000] {processor.py:208} INFO - Processing /home/airflow/.local/lib/python3.12/site-packages/airflow/example_dags/example_branch_python_dop_operator_3.py took 0.129 seconds
[2024-09-05T10:00:22.396+0000] {processor.py:186} INFO - Started process (PID=323) to work on /home/airflow/.local/lib/python3.12/site-packages/airflow/example_dags/example_branch_python_dop_operator_3.py
[2024-09-05T10:00:22.398+0000] {processor.py:914} INFO - Processing file /home/airflow/.local/lib/python3.12/site-packages/airflow/example_dags/example_branch_python_dop_operator_3.py for tasks to queue
[2024-09-05T10:00:22.401+0000] {logging_mixin.py:190} INFO - [2024-09-05T10:00:22.400+0000] {dagbag.py:587} INFO - Filling up the DagBag from /home/airflow/.local/lib/python3.12/site-packages/airflow/example_dags/example_branch_python_dop_operator_3.py
[2024-09-05T10:00:22.412+0000] {processor.py:925} INFO - DAG(s) 'example_branch_dop_operator_v3' retrieved from /home/airflow/.local/lib/python3.12/site-packages/airflow/example_dags/example_branch_python_dop_operator_3.py
[2024-09-05T10:00:22.434+0000] {logging_mixin.py:190} INFO - [2024-09-05T10:00:22.433+0000] {dag.py:3211} INFO - Sync 1 DAGs
[2024-09-05T10:00:22.544+0000] {logging_mixin.py:190} INFO - [2024-09-05T10:00:22.544+0000] {dag.py:4138} INFO - Setting next_dagrun for example_branch_dop_operator_v3 to 2024-09-05 09:59:00+00:00, run_after=2024-09-05 10:00:00+00:00
[2024-09-05T10:00:22.585+0000] {processor.py:208} INFO - Processing /home/airflow/.local/lib/python3.12/site-packages/airflow/example_dags/example_branch_python_dop_operator_3.py took 0.195 seconds
[2024-09-05T10:00:52.718+0000] {processor.py:186} INFO - Started process (PID=386) to work on /home/airflow/.local/lib/python3.12/site-packages/airflow/example_dags/example_branch_python_dop_operator_3.py
[2024-09-05T10:00:52.720+0000] {processor.py:914} INFO - Processing file /home/airflow/.local/lib/python3.12/site-packages/airflow/example_dags/example_branch_python_dop_operator_3.py for tasks to queue
[2024-09-05T10:00:52.722+0000] {logging_mixin.py:190} INFO - [2024-09-05T10:00:52.722+0000] {dagbag.py:587} INFO - Filling up the DagBag from /home/airflow/.local/lib/python3.12/site-packages/airflow/example_dags/example_branch_python_dop_operator_3.py
[2024-09-05T10:00:52.732+0000] {processor.py:925} INFO - DAG(s) 'example_branch_dop_operator_v3' retrieved from /home/airflow/.local/lib/python3.12/site-packages/airflow/example_dags/example_branch_python_dop_operator_3.py
[2024-09-05T10:00:52.751+0000] {logging_mixin.py:190} INFO - [2024-09-05T10:00:52.751+0000] {dag.py:3211} INFO - Sync 1 DAGs
[2024-09-05T10:00:52.784+0000] {logging_mixin.py:190} INFO - [2024-09-05T10:00:52.784+0000] {dag.py:4138} INFO - Setting next_dagrun for example_branch_dop_operator_v3 to 2024-09-05 09:59:00+00:00, run_after=2024-09-05 10:00:00+00:00
[2024-09-05T10:00:52.810+0000] {processor.py:208} INFO - Processing /home/airflow/.local/lib/python3.12/site-packages/airflow/example_dags/example_branch_python_dop_operator_3.py took 0.098 seconds
