[2024-09-05T09:58:22.056+0000] {processor.py:186} INFO - Started process (PID=81) to work on /home/airflow/.local/lib/python3.12/site-packages/airflow/example_dags/example_latest_only.py
[2024-09-05T09:58:22.057+0000] {processor.py:914} INFO - Processing file /home/airflow/.local/lib/python3.12/site-packages/airflow/example_dags/example_latest_only.py for tasks to queue
[2024-09-05T09:58:22.060+0000] {logging_mixin.py:190} INFO - [2024-09-05T09:58:22.059+0000] {dagbag.py:587} INFO - Filling up the DagBag from /home/airflow/.local/lib/python3.12/site-packages/airflow/example_dags/example_latest_only.py
[2024-09-05T09:58:22.072+0000] {processor.py:925} INFO - DAG(s) 'latest_only' retrieved from /home/airflow/.local/lib/python3.12/site-packages/airflow/example_dags/example_latest_only.py
[2024-09-05T09:58:22.098+0000] {logging_mixin.py:190} INFO - [2024-09-05T09:58:22.098+0000] {dag.py:3211} INFO - Sync 1 DAGs
[2024-09-05T09:58:22.121+0000] {logging_mixin.py:190} INFO - [2024-09-05T09:58:22.121+0000] {dag.py:4138} INFO - Setting next_dagrun for latest_only to 2024-09-05 04:00:00+00:00, run_after=2024-09-05 08:00:00+00:00
[2024-09-05T09:58:22.142+0000] {processor.py:208} INFO - Processing /home/airflow/.local/lib/python3.12/site-packages/airflow/example_dags/example_latest_only.py took 0.092 seconds
[2024-09-05T09:58:52.508+0000] {processor.py:186} INFO - Started process (PID=143) to work on /home/airflow/.local/lib/python3.12/site-packages/airflow/example_dags/example_latest_only.py
[2024-09-05T09:58:52.509+0000] {processor.py:914} INFO - Processing file /home/airflow/.local/lib/python3.12/site-packages/airflow/example_dags/example_latest_only.py for tasks to queue
[2024-09-05T09:58:52.512+0000] {logging_mixin.py:190} INFO - [2024-09-05T09:58:52.512+0000] {dagbag.py:587} INFO - Filling up the DagBag from /home/airflow/.local/lib/python3.12/site-packages/airflow/example_dags/example_latest_only.py
[2024-09-05T09:58:52.521+0000] {processor.py:925} INFO - DAG(s) 'latest_only' retrieved from /home/airflow/.local/lib/python3.12/site-packages/airflow/example_dags/example_latest_only.py
[2024-09-05T09:58:52.539+0000] {logging_mixin.py:190} INFO - [2024-09-05T09:58:52.538+0000] {dag.py:3211} INFO - Sync 1 DAGs
[2024-09-05T09:58:52.560+0000] {logging_mixin.py:190} INFO - [2024-09-05T09:58:52.560+0000] {dag.py:4138} INFO - Setting next_dagrun for latest_only to 2024-09-05 04:00:00+00:00, run_after=2024-09-05 08:00:00+00:00
[2024-09-05T09:58:52.586+0000] {processor.py:208} INFO - Processing /home/airflow/.local/lib/python3.12/site-packages/airflow/example_dags/example_latest_only.py took 0.085 seconds
[2024-09-05T09:59:23.522+0000] {processor.py:186} INFO - Started process (PID=206) to work on /home/airflow/.local/lib/python3.12/site-packages/airflow/example_dags/example_latest_only.py
[2024-09-05T09:59:23.524+0000] {processor.py:914} INFO - Processing file /home/airflow/.local/lib/python3.12/site-packages/airflow/example_dags/example_latest_only.py for tasks to queue
[2024-09-05T09:59:23.626+0000] {logging_mixin.py:190} INFO - [2024-09-05T09:59:23.626+0000] {dagbag.py:587} INFO - Filling up the DagBag from /home/airflow/.local/lib/python3.12/site-packages/airflow/example_dags/example_latest_only.py
[2024-09-05T09:59:23.645+0000] {processor.py:925} INFO - DAG(s) 'latest_only' retrieved from /home/airflow/.local/lib/python3.12/site-packages/airflow/example_dags/example_latest_only.py
[2024-09-05T09:59:23.681+0000] {logging_mixin.py:190} INFO - [2024-09-05T09:59:23.680+0000] {dag.py:3211} INFO - Sync 1 DAGs
[2024-09-05T09:59:23.823+0000] {logging_mixin.py:190} INFO - [2024-09-05T09:59:23.823+0000] {dag.py:4138} INFO - Setting next_dagrun for latest_only to 2024-09-05 04:00:00+00:00, run_after=2024-09-05 08:00:00+00:00
[2024-09-05T09:59:23.872+0000] {processor.py:208} INFO - Processing /home/airflow/.local/lib/python3.12/site-packages/airflow/example_dags/example_latest_only.py took 0.358 seconds
[2024-09-05T09:59:53.987+0000] {processor.py:186} INFO - Started process (PID=269) to work on /home/airflow/.local/lib/python3.12/site-packages/airflow/example_dags/example_latest_only.py
[2024-09-05T09:59:53.989+0000] {processor.py:914} INFO - Processing file /home/airflow/.local/lib/python3.12/site-packages/airflow/example_dags/example_latest_only.py for tasks to queue
[2024-09-05T09:59:53.992+0000] {logging_mixin.py:190} INFO - [2024-09-05T09:59:53.992+0000] {dagbag.py:587} INFO - Filling up the DagBag from /home/airflow/.local/lib/python3.12/site-packages/airflow/example_dags/example_latest_only.py
[2024-09-05T09:59:54.001+0000] {processor.py:925} INFO - DAG(s) 'latest_only' retrieved from /home/airflow/.local/lib/python3.12/site-packages/airflow/example_dags/example_latest_only.py
[2024-09-05T09:59:54.025+0000] {logging_mixin.py:190} INFO - [2024-09-05T09:59:54.024+0000] {dag.py:3211} INFO - Sync 1 DAGs
[2024-09-05T09:59:54.055+0000] {logging_mixin.py:190} INFO - [2024-09-05T09:59:54.054+0000] {dag.py:4138} INFO - Setting next_dagrun for latest_only to 2024-09-05 04:00:00+00:00, run_after=2024-09-05 08:00:00+00:00
[2024-09-05T09:59:54.089+0000] {processor.py:208} INFO - Processing /home/airflow/.local/lib/python3.12/site-packages/airflow/example_dags/example_latest_only.py took 0.108 seconds
[2024-09-05T10:00:24.419+0000] {processor.py:186} INFO - Started process (PID=331) to work on /home/airflow/.local/lib/python3.12/site-packages/airflow/example_dags/example_latest_only.py
[2024-09-05T10:00:24.421+0000] {processor.py:914} INFO - Processing file /home/airflow/.local/lib/python3.12/site-packages/airflow/example_dags/example_latest_only.py for tasks to queue
[2024-09-05T10:00:24.423+0000] {logging_mixin.py:190} INFO - [2024-09-05T10:00:24.423+0000] {dagbag.py:587} INFO - Filling up the DagBag from /home/airflow/.local/lib/python3.12/site-packages/airflow/example_dags/example_latest_only.py
[2024-09-05T10:00:24.437+0000] {processor.py:925} INFO - DAG(s) 'latest_only' retrieved from /home/airflow/.local/lib/python3.12/site-packages/airflow/example_dags/example_latest_only.py
[2024-09-05T10:00:24.460+0000] {logging_mixin.py:190} INFO - [2024-09-05T10:00:24.460+0000] {dag.py:3211} INFO - Sync 1 DAGs
[2024-09-05T10:00:24.491+0000] {logging_mixin.py:190} INFO - [2024-09-05T10:00:24.490+0000] {dag.py:4138} INFO - Setting next_dagrun for latest_only to 2024-09-05 04:00:00+00:00, run_after=2024-09-05 08:00:00+00:00
[2024-09-05T10:00:24.520+0000] {processor.py:208} INFO - Processing /home/airflow/.local/lib/python3.12/site-packages/airflow/example_dags/example_latest_only.py took 0.106 seconds
[2024-09-05T10:00:55.201+0000] {processor.py:186} INFO - Started process (PID=394) to work on /home/airflow/.local/lib/python3.12/site-packages/airflow/example_dags/example_latest_only.py
[2024-09-05T10:00:55.202+0000] {processor.py:914} INFO - Processing file /home/airflow/.local/lib/python3.12/site-packages/airflow/example_dags/example_latest_only.py for tasks to queue
[2024-09-05T10:00:55.205+0000] {logging_mixin.py:190} INFO - [2024-09-05T10:00:55.204+0000] {dagbag.py:587} INFO - Filling up the DagBag from /home/airflow/.local/lib/python3.12/site-packages/airflow/example_dags/example_latest_only.py
[2024-09-05T10:00:55.213+0000] {processor.py:925} INFO - DAG(s) 'latest_only' retrieved from /home/airflow/.local/lib/python3.12/site-packages/airflow/example_dags/example_latest_only.py
[2024-09-05T10:00:55.235+0000] {logging_mixin.py:190} INFO - [2024-09-05T10:00:55.235+0000] {dag.py:3211} INFO - Sync 1 DAGs
[2024-09-05T10:00:55.269+0000] {logging_mixin.py:190} INFO - [2024-09-05T10:00:55.269+0000] {dag.py:4138} INFO - Setting next_dagrun for latest_only to 2024-09-05 04:00:00+00:00, run_after=2024-09-05 08:00:00+00:00
[2024-09-05T10:00:55.295+0000] {processor.py:208} INFO - Processing /home/airflow/.local/lib/python3.12/site-packages/airflow/example_dags/example_latest_only.py took 0.102 seconds
