[2024-08-30T03:30:07.193+0000] {processor.py:186} INFO - Started process (PID=109) to work on /home/airflow/.local/lib/python3.12/site-packages/airflow/example_dags/example_latest_only_with_trigger.py
[2024-08-30T03:30:07.194+0000] {processor.py:914} INFO - Processing file /home/airflow/.local/lib/python3.12/site-packages/airflow/example_dags/example_latest_only_with_trigger.py for tasks to queue
[2024-08-30T03:30:07.196+0000] {logging_mixin.py:190} INFO - [2024-08-30T03:30:07.196+0000] {dagbag.py:587} INFO - Filling up the DagBag from /home/airflow/.local/lib/python3.12/site-packages/airflow/example_dags/example_latest_only_with_trigger.py
[2024-08-30T03:30:07.203+0000] {processor.py:925} INFO - DAG(s) 'latest_only_with_trigger' retrieved from /home/airflow/.local/lib/python3.12/site-packages/airflow/example_dags/example_latest_only_with_trigger.py
[2024-08-30T03:30:07.220+0000] {logging_mixin.py:190} INFO - [2024-08-30T03:30:07.220+0000] {dag.py:3211} INFO - Sync 1 DAGs
[2024-08-30T03:30:07.237+0000] {logging_mixin.py:190} INFO - [2024-08-30T03:30:07.237+0000] {dag.py:4138} INFO - Setting next_dagrun for latest_only_with_trigger to 2024-08-29 20:00:00+00:00, run_after=2024-08-30 00:00:00+00:00
[2024-08-30T03:30:07.254+0000] {processor.py:208} INFO - Processing /home/airflow/.local/lib/python3.12/site-packages/airflow/example_dags/example_latest_only_with_trigger.py took 0.066 seconds
[2024-08-30T03:30:37.938+0000] {processor.py:186} INFO - Started process (PID=172) to work on /home/airflow/.local/lib/python3.12/site-packages/airflow/example_dags/example_latest_only_with_trigger.py
[2024-08-30T03:30:37.939+0000] {processor.py:914} INFO - Processing file /home/airflow/.local/lib/python3.12/site-packages/airflow/example_dags/example_latest_only_with_trigger.py for tasks to queue
[2024-08-30T03:30:37.941+0000] {logging_mixin.py:190} INFO - [2024-08-30T03:30:37.941+0000] {dagbag.py:587} INFO - Filling up the DagBag from /home/airflow/.local/lib/python3.12/site-packages/airflow/example_dags/example_latest_only_with_trigger.py
[2024-08-30T03:30:37.947+0000] {processor.py:925} INFO - DAG(s) 'latest_only_with_trigger' retrieved from /home/airflow/.local/lib/python3.12/site-packages/airflow/example_dags/example_latest_only_with_trigger.py
[2024-08-30T03:30:37.962+0000] {logging_mixin.py:190} INFO - [2024-08-30T03:30:37.962+0000] {dag.py:3211} INFO - Sync 1 DAGs
[2024-08-30T03:30:37.984+0000] {logging_mixin.py:190} INFO - [2024-08-30T03:30:37.984+0000] {dag.py:4138} INFO - Setting next_dagrun for latest_only_with_trigger to 2024-08-29 20:00:00+00:00, run_after=2024-08-30 00:00:00+00:00
[2024-08-30T03:30:38.003+0000] {processor.py:208} INFO - Processing /home/airflow/.local/lib/python3.12/site-packages/airflow/example_dags/example_latest_only_with_trigger.py took 0.070 seconds
[2024-08-30T03:31:09.421+0000] {processor.py:186} INFO - Started process (PID=235) to work on /home/airflow/.local/lib/python3.12/site-packages/airflow/example_dags/example_latest_only_with_trigger.py
[2024-08-30T03:31:09.423+0000] {processor.py:914} INFO - Processing file /home/airflow/.local/lib/python3.12/site-packages/airflow/example_dags/example_latest_only_with_trigger.py for tasks to queue
[2024-08-30T03:31:09.425+0000] {logging_mixin.py:190} INFO - [2024-08-30T03:31:09.425+0000] {dagbag.py:587} INFO - Filling up the DagBag from /home/airflow/.local/lib/python3.12/site-packages/airflow/example_dags/example_latest_only_with_trigger.py
[2024-08-30T03:31:09.430+0000] {processor.py:925} INFO - DAG(s) 'latest_only_with_trigger' retrieved from /home/airflow/.local/lib/python3.12/site-packages/airflow/example_dags/example_latest_only_with_trigger.py
[2024-08-30T03:31:09.448+0000] {logging_mixin.py:190} INFO - [2024-08-30T03:31:09.447+0000] {dag.py:3211} INFO - Sync 1 DAGs
[2024-08-30T03:31:09.465+0000] {logging_mixin.py:190} INFO - [2024-08-30T03:31:09.465+0000] {dag.py:4138} INFO - Setting next_dagrun for latest_only_with_trigger to 2024-08-29 20:00:00+00:00, run_after=2024-08-30 00:00:00+00:00
[2024-08-30T03:31:09.492+0000] {processor.py:208} INFO - Processing /home/airflow/.local/lib/python3.12/site-packages/airflow/example_dags/example_latest_only_with_trigger.py took 0.075 seconds
[2024-08-30T03:31:40.164+0000] {processor.py:186} INFO - Started process (PID=298) to work on /home/airflow/.local/lib/python3.12/site-packages/airflow/example_dags/example_latest_only_with_trigger.py
[2024-08-30T03:31:40.166+0000] {processor.py:914} INFO - Processing file /home/airflow/.local/lib/python3.12/site-packages/airflow/example_dags/example_latest_only_with_trigger.py for tasks to queue
[2024-08-30T03:31:40.174+0000] {logging_mixin.py:190} INFO - [2024-08-30T03:31:40.174+0000] {dagbag.py:587} INFO - Filling up the DagBag from /home/airflow/.local/lib/python3.12/site-packages/airflow/example_dags/example_latest_only_with_trigger.py
[2024-08-30T03:31:40.180+0000] {processor.py:925} INFO - DAG(s) 'latest_only_with_trigger' retrieved from /home/airflow/.local/lib/python3.12/site-packages/airflow/example_dags/example_latest_only_with_trigger.py
[2024-08-30T03:31:40.196+0000] {logging_mixin.py:190} INFO - [2024-08-30T03:31:40.196+0000] {dag.py:3211} INFO - Sync 1 DAGs
[2024-08-30T03:31:40.229+0000] {logging_mixin.py:190} INFO - [2024-08-30T03:31:40.229+0000] {dag.py:4138} INFO - Setting next_dagrun for latest_only_with_trigger to 2024-08-29 20:00:00+00:00, run_after=2024-08-30 00:00:00+00:00
[2024-08-30T03:31:40.246+0000] {processor.py:208} INFO - Processing /home/airflow/.local/lib/python3.12/site-packages/airflow/example_dags/example_latest_only_with_trigger.py took 0.086 seconds
[2024-08-30T03:32:11.449+0000] {processor.py:186} INFO - Started process (PID=361) to work on /home/airflow/.local/lib/python3.12/site-packages/airflow/example_dags/example_latest_only_with_trigger.py
[2024-08-30T03:32:11.458+0000] {processor.py:914} INFO - Processing file /home/airflow/.local/lib/python3.12/site-packages/airflow/example_dags/example_latest_only_with_trigger.py for tasks to queue
[2024-08-30T03:32:11.463+0000] {logging_mixin.py:190} INFO - [2024-08-30T03:32:11.463+0000] {dagbag.py:587} INFO - Filling up the DagBag from /home/airflow/.local/lib/python3.12/site-packages/airflow/example_dags/example_latest_only_with_trigger.py
[2024-08-30T03:32:11.472+0000] {processor.py:925} INFO - DAG(s) 'latest_only_with_trigger' retrieved from /home/airflow/.local/lib/python3.12/site-packages/airflow/example_dags/example_latest_only_with_trigger.py
[2024-08-30T03:32:11.487+0000] {logging_mixin.py:190} INFO - [2024-08-30T03:32:11.487+0000] {dag.py:3211} INFO - Sync 1 DAGs
[2024-08-30T03:32:11.503+0000] {logging_mixin.py:190} INFO - [2024-08-30T03:32:11.503+0000] {dag.py:4138} INFO - Setting next_dagrun for latest_only_with_trigger to 2024-08-29 20:00:00+00:00, run_after=2024-08-30 00:00:00+00:00
[2024-08-30T03:32:11.521+0000] {processor.py:208} INFO - Processing /home/airflow/.local/lib/python3.12/site-packages/airflow/example_dags/example_latest_only_with_trigger.py took 0.076 seconds
[2024-08-30T03:32:42.269+0000] {processor.py:186} INFO - Started process (PID=424) to work on /home/airflow/.local/lib/python3.12/site-packages/airflow/example_dags/example_latest_only_with_trigger.py
[2024-08-30T03:32:42.270+0000] {processor.py:914} INFO - Processing file /home/airflow/.local/lib/python3.12/site-packages/airflow/example_dags/example_latest_only_with_trigger.py for tasks to queue
[2024-08-30T03:32:42.272+0000] {logging_mixin.py:190} INFO - [2024-08-30T03:32:42.272+0000] {dagbag.py:587} INFO - Filling up the DagBag from /home/airflow/.local/lib/python3.12/site-packages/airflow/example_dags/example_latest_only_with_trigger.py
[2024-08-30T03:32:42.278+0000] {processor.py:925} INFO - DAG(s) 'latest_only_with_trigger' retrieved from /home/airflow/.local/lib/python3.12/site-packages/airflow/example_dags/example_latest_only_with_trigger.py
[2024-08-30T03:32:42.293+0000] {logging_mixin.py:190} INFO - [2024-08-30T03:32:42.293+0000] {dag.py:3211} INFO - Sync 1 DAGs
[2024-08-30T03:32:42.309+0000] {logging_mixin.py:190} INFO - [2024-08-30T03:32:42.309+0000] {dag.py:4138} INFO - Setting next_dagrun for latest_only_with_trigger to 2024-08-29 20:00:00+00:00, run_after=2024-08-30 00:00:00+00:00
[2024-08-30T03:32:42.327+0000] {processor.py:208} INFO - Processing /home/airflow/.local/lib/python3.12/site-packages/airflow/example_dags/example_latest_only_with_trigger.py took 0.062 seconds
[2024-08-30T03:33:14.062+0000] {processor.py:186} INFO - Started process (PID=487) to work on /home/airflow/.local/lib/python3.12/site-packages/airflow/example_dags/example_latest_only_with_trigger.py
[2024-08-30T03:33:14.063+0000] {processor.py:914} INFO - Processing file /home/airflow/.local/lib/python3.12/site-packages/airflow/example_dags/example_latest_only_with_trigger.py for tasks to queue
[2024-08-30T03:33:14.065+0000] {logging_mixin.py:190} INFO - [2024-08-30T03:33:14.065+0000] {dagbag.py:587} INFO - Filling up the DagBag from /home/airflow/.local/lib/python3.12/site-packages/airflow/example_dags/example_latest_only_with_trigger.py
[2024-08-30T03:33:14.071+0000] {processor.py:925} INFO - DAG(s) 'latest_only_with_trigger' retrieved from /home/airflow/.local/lib/python3.12/site-packages/airflow/example_dags/example_latest_only_with_trigger.py
[2024-08-30T03:33:14.086+0000] {logging_mixin.py:190} INFO - [2024-08-30T03:33:14.086+0000] {dag.py:3211} INFO - Sync 1 DAGs
[2024-08-30T03:33:14.101+0000] {logging_mixin.py:190} INFO - [2024-08-30T03:33:14.101+0000] {dag.py:4138} INFO - Setting next_dagrun for latest_only_with_trigger to 2024-08-29 20:00:00+00:00, run_after=2024-08-30 00:00:00+00:00
[2024-08-30T03:33:14.118+0000] {processor.py:208} INFO - Processing /home/airflow/.local/lib/python3.12/site-packages/airflow/example_dags/example_latest_only_with_trigger.py took 0.060 seconds
[2024-08-30T03:33:44.234+0000] {processor.py:186} INFO - Started process (PID=550) to work on /home/airflow/.local/lib/python3.12/site-packages/airflow/example_dags/example_latest_only_with_trigger.py
[2024-08-30T03:33:44.235+0000] {processor.py:914} INFO - Processing file /home/airflow/.local/lib/python3.12/site-packages/airflow/example_dags/example_latest_only_with_trigger.py for tasks to queue
[2024-08-30T03:33:44.237+0000] {logging_mixin.py:190} INFO - [2024-08-30T03:33:44.237+0000] {dagbag.py:587} INFO - Filling up the DagBag from /home/airflow/.local/lib/python3.12/site-packages/airflow/example_dags/example_latest_only_with_trigger.py
[2024-08-30T03:33:44.243+0000] {processor.py:925} INFO - DAG(s) 'latest_only_with_trigger' retrieved from /home/airflow/.local/lib/python3.12/site-packages/airflow/example_dags/example_latest_only_with_trigger.py
[2024-08-30T03:33:44.259+0000] {logging_mixin.py:190} INFO - [2024-08-30T03:33:44.259+0000] {dag.py:3211} INFO - Sync 1 DAGs
[2024-08-30T03:33:44.277+0000] {logging_mixin.py:190} INFO - [2024-08-30T03:33:44.276+0000] {dag.py:4138} INFO - Setting next_dagrun for latest_only_with_trigger to 2024-08-29 20:00:00+00:00, run_after=2024-08-30 00:00:00+00:00
[2024-08-30T03:33:44.292+0000] {processor.py:208} INFO - Processing /home/airflow/.local/lib/python3.12/site-packages/airflow/example_dags/example_latest_only_with_trigger.py took 0.063 seconds
[2024-08-30T03:34:14.836+0000] {processor.py:186} INFO - Started process (PID=613) to work on /home/airflow/.local/lib/python3.12/site-packages/airflow/example_dags/example_latest_only_with_trigger.py
[2024-08-30T03:34:14.837+0000] {processor.py:914} INFO - Processing file /home/airflow/.local/lib/python3.12/site-packages/airflow/example_dags/example_latest_only_with_trigger.py for tasks to queue
[2024-08-30T03:34:14.839+0000] {logging_mixin.py:190} INFO - [2024-08-30T03:34:14.839+0000] {dagbag.py:587} INFO - Filling up the DagBag from /home/airflow/.local/lib/python3.12/site-packages/airflow/example_dags/example_latest_only_with_trigger.py
[2024-08-30T03:34:14.845+0000] {processor.py:925} INFO - DAG(s) 'latest_only_with_trigger' retrieved from /home/airflow/.local/lib/python3.12/site-packages/airflow/example_dags/example_latest_only_with_trigger.py
[2024-08-30T03:34:14.861+0000] {logging_mixin.py:190} INFO - [2024-08-30T03:34:14.861+0000] {dag.py:3211} INFO - Sync 1 DAGs
[2024-08-30T03:34:14.881+0000] {logging_mixin.py:190} INFO - [2024-08-30T03:34:14.881+0000] {dag.py:4138} INFO - Setting next_dagrun for latest_only_with_trigger to 2024-08-29 20:00:00+00:00, run_after=2024-08-30 00:00:00+00:00
[2024-08-30T03:34:14.903+0000] {processor.py:208} INFO - Processing /home/airflow/.local/lib/python3.12/site-packages/airflow/example_dags/example_latest_only_with_trigger.py took 0.072 seconds
[2024-08-30T03:34:45.523+0000] {processor.py:186} INFO - Started process (PID=676) to work on /home/airflow/.local/lib/python3.12/site-packages/airflow/example_dags/example_latest_only_with_trigger.py
[2024-08-30T03:34:45.524+0000] {processor.py:914} INFO - Processing file /home/airflow/.local/lib/python3.12/site-packages/airflow/example_dags/example_latest_only_with_trigger.py for tasks to queue
[2024-08-30T03:34:45.526+0000] {logging_mixin.py:190} INFO - [2024-08-30T03:34:45.526+0000] {dagbag.py:587} INFO - Filling up the DagBag from /home/airflow/.local/lib/python3.12/site-packages/airflow/example_dags/example_latest_only_with_trigger.py
[2024-08-30T03:34:45.531+0000] {processor.py:925} INFO - DAG(s) 'latest_only_with_trigger' retrieved from /home/airflow/.local/lib/python3.12/site-packages/airflow/example_dags/example_latest_only_with_trigger.py
[2024-08-30T03:34:45.548+0000] {logging_mixin.py:190} INFO - [2024-08-30T03:34:45.547+0000] {dag.py:3211} INFO - Sync 1 DAGs
[2024-08-30T03:34:45.564+0000] {logging_mixin.py:190} INFO - [2024-08-30T03:34:45.564+0000] {dag.py:4138} INFO - Setting next_dagrun for latest_only_with_trigger to 2024-08-29 20:00:00+00:00, run_after=2024-08-30 00:00:00+00:00
[2024-08-30T03:34:45.584+0000] {processor.py:208} INFO - Processing /home/airflow/.local/lib/python3.12/site-packages/airflow/example_dags/example_latest_only_with_trigger.py took 0.066 seconds
[2024-08-30T03:35:17.730+0000] {processor.py:186} INFO - Started process (PID=739) to work on /home/airflow/.local/lib/python3.12/site-packages/airflow/example_dags/example_latest_only_with_trigger.py
[2024-08-30T03:35:17.740+0000] {processor.py:914} INFO - Processing file /home/airflow/.local/lib/python3.12/site-packages/airflow/example_dags/example_latest_only_with_trigger.py for tasks to queue
[2024-08-30T03:35:17.757+0000] {logging_mixin.py:190} INFO - [2024-08-30T03:35:17.757+0000] {dagbag.py:587} INFO - Filling up the DagBag from /home/airflow/.local/lib/python3.12/site-packages/airflow/example_dags/example_latest_only_with_trigger.py
[2024-08-30T03:35:17.783+0000] {processor.py:925} INFO - DAG(s) 'latest_only_with_trigger' retrieved from /home/airflow/.local/lib/python3.12/site-packages/airflow/example_dags/example_latest_only_with_trigger.py
[2024-08-30T03:35:17.800+0000] {logging_mixin.py:190} INFO - [2024-08-30T03:35:17.800+0000] {dag.py:3211} INFO - Sync 1 DAGs
[2024-08-30T03:35:17.816+0000] {logging_mixin.py:190} INFO - [2024-08-30T03:35:17.815+0000] {dag.py:4138} INFO - Setting next_dagrun for latest_only_with_trigger to 2024-08-29 20:00:00+00:00, run_after=2024-08-30 00:00:00+00:00
[2024-08-30T03:35:17.832+0000] {processor.py:208} INFO - Processing /home/airflow/.local/lib/python3.12/site-packages/airflow/example_dags/example_latest_only_with_trigger.py took 0.107 seconds
[2024-08-30T03:35:48.281+0000] {processor.py:186} INFO - Started process (PID=802) to work on /home/airflow/.local/lib/python3.12/site-packages/airflow/example_dags/example_latest_only_with_trigger.py
[2024-08-30T03:35:48.281+0000] {processor.py:914} INFO - Processing file /home/airflow/.local/lib/python3.12/site-packages/airflow/example_dags/example_latest_only_with_trigger.py for tasks to queue
[2024-08-30T03:35:48.283+0000] {logging_mixin.py:190} INFO - [2024-08-30T03:35:48.283+0000] {dagbag.py:587} INFO - Filling up the DagBag from /home/airflow/.local/lib/python3.12/site-packages/airflow/example_dags/example_latest_only_with_trigger.py
[2024-08-30T03:35:48.288+0000] {processor.py:925} INFO - DAG(s) 'latest_only_with_trigger' retrieved from /home/airflow/.local/lib/python3.12/site-packages/airflow/example_dags/example_latest_only_with_trigger.py
[2024-08-30T03:35:48.302+0000] {logging_mixin.py:190} INFO - [2024-08-30T03:35:48.302+0000] {dag.py:3211} INFO - Sync 1 DAGs
[2024-08-30T03:35:48.318+0000] {logging_mixin.py:190} INFO - [2024-08-30T03:35:48.318+0000] {dag.py:4138} INFO - Setting next_dagrun for latest_only_with_trigger to 2024-08-29 20:00:00+00:00, run_after=2024-08-30 00:00:00+00:00
[2024-08-30T03:35:48.336+0000] {processor.py:208} INFO - Processing /home/airflow/.local/lib/python3.12/site-packages/airflow/example_dags/example_latest_only_with_trigger.py took 0.060 seconds
[2024-08-30T03:36:18.671+0000] {processor.py:186} INFO - Started process (PID=866) to work on /home/airflow/.local/lib/python3.12/site-packages/airflow/example_dags/example_latest_only_with_trigger.py
[2024-08-30T03:36:18.672+0000] {processor.py:914} INFO - Processing file /home/airflow/.local/lib/python3.12/site-packages/airflow/example_dags/example_latest_only_with_trigger.py for tasks to queue
[2024-08-30T03:36:18.674+0000] {logging_mixin.py:190} INFO - [2024-08-30T03:36:18.674+0000] {dagbag.py:587} INFO - Filling up the DagBag from /home/airflow/.local/lib/python3.12/site-packages/airflow/example_dags/example_latest_only_with_trigger.py
[2024-08-30T03:36:18.680+0000] {processor.py:925} INFO - DAG(s) 'latest_only_with_trigger' retrieved from /home/airflow/.local/lib/python3.12/site-packages/airflow/example_dags/example_latest_only_with_trigger.py
[2024-08-30T03:36:18.695+0000] {logging_mixin.py:190} INFO - [2024-08-30T03:36:18.695+0000] {dag.py:3211} INFO - Sync 1 DAGs
[2024-08-30T03:36:18.711+0000] {logging_mixin.py:190} INFO - [2024-08-30T03:36:18.711+0000] {dag.py:4138} INFO - Setting next_dagrun for latest_only_with_trigger to 2024-08-29 20:00:00+00:00, run_after=2024-08-30 00:00:00+00:00
[2024-08-30T03:36:18.728+0000] {processor.py:208} INFO - Processing /home/airflow/.local/lib/python3.12/site-packages/airflow/example_dags/example_latest_only_with_trigger.py took 0.060 seconds
[2024-08-30T03:37:30.934+0000] {processor.py:186} INFO - Started process (PID=108) to work on /home/airflow/.local/lib/python3.12/site-packages/airflow/example_dags/example_latest_only_with_trigger.py
[2024-08-30T03:37:30.936+0000] {processor.py:914} INFO - Processing file /home/airflow/.local/lib/python3.12/site-packages/airflow/example_dags/example_latest_only_with_trigger.py for tasks to queue
[2024-08-30T03:37:30.938+0000] {logging_mixin.py:190} INFO - [2024-08-30T03:37:30.937+0000] {dagbag.py:587} INFO - Filling up the DagBag from /home/airflow/.local/lib/python3.12/site-packages/airflow/example_dags/example_latest_only_with_trigger.py
[2024-08-30T03:37:30.944+0000] {processor.py:925} INFO - DAG(s) 'latest_only_with_trigger' retrieved from /home/airflow/.local/lib/python3.12/site-packages/airflow/example_dags/example_latest_only_with_trigger.py
[2024-08-30T03:37:30.959+0000] {logging_mixin.py:190} INFO - [2024-08-30T03:37:30.959+0000] {dag.py:3211} INFO - Sync 1 DAGs
[2024-08-30T03:37:30.977+0000] {logging_mixin.py:190} INFO - [2024-08-30T03:37:30.977+0000] {dag.py:4138} INFO - Setting next_dagrun for latest_only_with_trigger to 2024-08-29 20:00:00+00:00, run_after=2024-08-30 00:00:00+00:00
[2024-08-30T03:37:30.993+0000] {processor.py:208} INFO - Processing /home/airflow/.local/lib/python3.12/site-packages/airflow/example_dags/example_latest_only_with_trigger.py took 0.063 seconds
[2024-08-30T03:38:02.041+0000] {processor.py:186} INFO - Started process (PID=171) to work on /home/airflow/.local/lib/python3.12/site-packages/airflow/example_dags/example_latest_only_with_trigger.py
[2024-08-30T03:38:02.042+0000] {processor.py:914} INFO - Processing file /home/airflow/.local/lib/python3.12/site-packages/airflow/example_dags/example_latest_only_with_trigger.py for tasks to queue
[2024-08-30T03:38:02.043+0000] {logging_mixin.py:190} INFO - [2024-08-30T03:38:02.043+0000] {dagbag.py:587} INFO - Filling up the DagBag from /home/airflow/.local/lib/python3.12/site-packages/airflow/example_dags/example_latest_only_with_trigger.py
[2024-08-30T03:38:02.049+0000] {processor.py:925} INFO - DAG(s) 'latest_only_with_trigger' retrieved from /home/airflow/.local/lib/python3.12/site-packages/airflow/example_dags/example_latest_only_with_trigger.py
[2024-08-30T03:38:02.063+0000] {logging_mixin.py:190} INFO - [2024-08-30T03:38:02.063+0000] {dag.py:3211} INFO - Sync 1 DAGs
[2024-08-30T03:38:02.080+0000] {logging_mixin.py:190} INFO - [2024-08-30T03:38:02.079+0000] {dag.py:4138} INFO - Setting next_dagrun for latest_only_with_trigger to 2024-08-29 20:00:00+00:00, run_after=2024-08-30 00:00:00+00:00
[2024-08-30T03:38:02.097+0000] {processor.py:208} INFO - Processing /home/airflow/.local/lib/python3.12/site-packages/airflow/example_dags/example_latest_only_with_trigger.py took 0.060 seconds
[2024-08-30T03:38:32.819+0000] {processor.py:186} INFO - Started process (PID=240) to work on /home/airflow/.local/lib/python3.12/site-packages/airflow/example_dags/example_latest_only_with_trigger.py
[2024-08-30T03:38:32.821+0000] {processor.py:914} INFO - Processing file /home/airflow/.local/lib/python3.12/site-packages/airflow/example_dags/example_latest_only_with_trigger.py for tasks to queue
[2024-08-30T03:38:32.823+0000] {logging_mixin.py:190} INFO - [2024-08-30T03:38:32.823+0000] {dagbag.py:587} INFO - Filling up the DagBag from /home/airflow/.local/lib/python3.12/site-packages/airflow/example_dags/example_latest_only_with_trigger.py
[2024-08-30T03:38:32.828+0000] {processor.py:925} INFO - DAG(s) 'latest_only_with_trigger' retrieved from /home/airflow/.local/lib/python3.12/site-packages/airflow/example_dags/example_latest_only_with_trigger.py
[2024-08-30T03:38:32.842+0000] {logging_mixin.py:190} INFO - [2024-08-30T03:38:32.842+0000] {dag.py:3211} INFO - Sync 1 DAGs
[2024-08-30T03:38:32.857+0000] {logging_mixin.py:190} INFO - [2024-08-30T03:38:32.857+0000] {dag.py:4138} INFO - Setting next_dagrun for latest_only_with_trigger to 2024-08-29 20:00:00+00:00, run_after=2024-08-30 00:00:00+00:00
[2024-08-30T03:38:32.873+0000] {processor.py:208} INFO - Processing /home/airflow/.local/lib/python3.12/site-packages/airflow/example_dags/example_latest_only_with_trigger.py took 0.058 seconds
[2024-08-30T03:39:03.608+0000] {processor.py:186} INFO - Started process (PID=303) to work on /home/airflow/.local/lib/python3.12/site-packages/airflow/example_dags/example_latest_only_with_trigger.py
[2024-08-30T03:39:03.609+0000] {processor.py:914} INFO - Processing file /home/airflow/.local/lib/python3.12/site-packages/airflow/example_dags/example_latest_only_with_trigger.py for tasks to queue
[2024-08-30T03:39:03.611+0000] {logging_mixin.py:190} INFO - [2024-08-30T03:39:03.611+0000] {dagbag.py:587} INFO - Filling up the DagBag from /home/airflow/.local/lib/python3.12/site-packages/airflow/example_dags/example_latest_only_with_trigger.py
[2024-08-30T03:39:03.617+0000] {processor.py:925} INFO - DAG(s) 'latest_only_with_trigger' retrieved from /home/airflow/.local/lib/python3.12/site-packages/airflow/example_dags/example_latest_only_with_trigger.py
[2024-08-30T03:39:03.634+0000] {logging_mixin.py:190} INFO - [2024-08-30T03:39:03.634+0000] {dag.py:3211} INFO - Sync 1 DAGs
[2024-08-30T03:39:03.653+0000] {logging_mixin.py:190} INFO - [2024-08-30T03:39:03.653+0000] {dag.py:4138} INFO - Setting next_dagrun for latest_only_with_trigger to 2024-08-29 20:00:00+00:00, run_after=2024-08-30 00:00:00+00:00
[2024-08-30T03:39:03.670+0000] {processor.py:208} INFO - Processing /home/airflow/.local/lib/python3.12/site-packages/airflow/example_dags/example_latest_only_with_trigger.py took 0.067 seconds
[2024-08-30T03:39:34.231+0000] {processor.py:186} INFO - Started process (PID=366) to work on /home/airflow/.local/lib/python3.12/site-packages/airflow/example_dags/example_latest_only_with_trigger.py
[2024-08-30T03:39:34.232+0000] {processor.py:914} INFO - Processing file /home/airflow/.local/lib/python3.12/site-packages/airflow/example_dags/example_latest_only_with_trigger.py for tasks to queue
[2024-08-30T03:39:34.234+0000] {logging_mixin.py:190} INFO - [2024-08-30T03:39:34.234+0000] {dagbag.py:587} INFO - Filling up the DagBag from /home/airflow/.local/lib/python3.12/site-packages/airflow/example_dags/example_latest_only_with_trigger.py
[2024-08-30T03:39:34.240+0000] {processor.py:925} INFO - DAG(s) 'latest_only_with_trigger' retrieved from /home/airflow/.local/lib/python3.12/site-packages/airflow/example_dags/example_latest_only_with_trigger.py
[2024-08-30T03:39:34.256+0000] {logging_mixin.py:190} INFO - [2024-08-30T03:39:34.255+0000] {dag.py:3211} INFO - Sync 1 DAGs
[2024-08-30T03:39:34.271+0000] {logging_mixin.py:190} INFO - [2024-08-30T03:39:34.271+0000] {dag.py:4138} INFO - Setting next_dagrun for latest_only_with_trigger to 2024-08-29 20:00:00+00:00, run_after=2024-08-30 00:00:00+00:00
[2024-08-30T03:39:34.286+0000] {processor.py:208} INFO - Processing /home/airflow/.local/lib/python3.12/site-packages/airflow/example_dags/example_latest_only_with_trigger.py took 0.059 seconds
[2024-08-30T03:40:04.818+0000] {processor.py:186} INFO - Started process (PID=429) to work on /home/airflow/.local/lib/python3.12/site-packages/airflow/example_dags/example_latest_only_with_trigger.py
[2024-08-30T03:40:04.819+0000] {processor.py:914} INFO - Processing file /home/airflow/.local/lib/python3.12/site-packages/airflow/example_dags/example_latest_only_with_trigger.py for tasks to queue
[2024-08-30T03:40:04.821+0000] {logging_mixin.py:190} INFO - [2024-08-30T03:40:04.821+0000] {dagbag.py:587} INFO - Filling up the DagBag from /home/airflow/.local/lib/python3.12/site-packages/airflow/example_dags/example_latest_only_with_trigger.py
[2024-08-30T03:40:04.826+0000] {processor.py:925} INFO - DAG(s) 'latest_only_with_trigger' retrieved from /home/airflow/.local/lib/python3.12/site-packages/airflow/example_dags/example_latest_only_with_trigger.py
[2024-08-30T03:40:04.841+0000] {logging_mixin.py:190} INFO - [2024-08-30T03:40:04.841+0000] {dag.py:3211} INFO - Sync 1 DAGs
[2024-08-30T03:40:04.857+0000] {logging_mixin.py:190} INFO - [2024-08-30T03:40:04.857+0000] {dag.py:4138} INFO - Setting next_dagrun for latest_only_with_trigger to 2024-08-29 20:00:00+00:00, run_after=2024-08-30 00:00:00+00:00
[2024-08-30T03:40:04.872+0000] {processor.py:208} INFO - Processing /home/airflow/.local/lib/python3.12/site-packages/airflow/example_dags/example_latest_only_with_trigger.py took 0.058 seconds
[2024-08-30T03:40:35.625+0000] {processor.py:186} INFO - Started process (PID=493) to work on /home/airflow/.local/lib/python3.12/site-packages/airflow/example_dags/example_latest_only_with_trigger.py
[2024-08-30T03:40:35.626+0000] {processor.py:914} INFO - Processing file /home/airflow/.local/lib/python3.12/site-packages/airflow/example_dags/example_latest_only_with_trigger.py for tasks to queue
[2024-08-30T03:40:35.629+0000] {logging_mixin.py:190} INFO - [2024-08-30T03:40:35.628+0000] {dagbag.py:587} INFO - Filling up the DagBag from /home/airflow/.local/lib/python3.12/site-packages/airflow/example_dags/example_latest_only_with_trigger.py
[2024-08-30T03:40:35.636+0000] {processor.py:925} INFO - DAG(s) 'latest_only_with_trigger' retrieved from /home/airflow/.local/lib/python3.12/site-packages/airflow/example_dags/example_latest_only_with_trigger.py
[2024-08-30T03:40:35.656+0000] {logging_mixin.py:190} INFO - [2024-08-30T03:40:35.655+0000] {dag.py:3211} INFO - Sync 1 DAGs
[2024-08-30T03:40:35.676+0000] {logging_mixin.py:190} INFO - [2024-08-30T03:40:35.676+0000] {dag.py:4138} INFO - Setting next_dagrun for latest_only_with_trigger to 2024-08-29 20:00:00+00:00, run_after=2024-08-30 00:00:00+00:00
[2024-08-30T03:40:35.694+0000] {processor.py:208} INFO - Processing /home/airflow/.local/lib/python3.12/site-packages/airflow/example_dags/example_latest_only_with_trigger.py took 0.073 seconds
[2024-08-30T03:41:06.609+0000] {processor.py:186} INFO - Started process (PID=556) to work on /home/airflow/.local/lib/python3.12/site-packages/airflow/example_dags/example_latest_only_with_trigger.py
[2024-08-30T03:41:06.609+0000] {processor.py:914} INFO - Processing file /home/airflow/.local/lib/python3.12/site-packages/airflow/example_dags/example_latest_only_with_trigger.py for tasks to queue
[2024-08-30T03:41:06.611+0000] {logging_mixin.py:190} INFO - [2024-08-30T03:41:06.611+0000] {dagbag.py:587} INFO - Filling up the DagBag from /home/airflow/.local/lib/python3.12/site-packages/airflow/example_dags/example_latest_only_with_trigger.py
[2024-08-30T03:41:06.617+0000] {processor.py:925} INFO - DAG(s) 'latest_only_with_trigger' retrieved from /home/airflow/.local/lib/python3.12/site-packages/airflow/example_dags/example_latest_only_with_trigger.py
[2024-08-30T03:41:06.631+0000] {logging_mixin.py:190} INFO - [2024-08-30T03:41:06.631+0000] {dag.py:3211} INFO - Sync 1 DAGs
[2024-08-30T03:41:06.648+0000] {logging_mixin.py:190} INFO - [2024-08-30T03:41:06.648+0000] {dag.py:4138} INFO - Setting next_dagrun for latest_only_with_trigger to 2024-08-29 20:00:00+00:00, run_after=2024-08-30 00:00:00+00:00
[2024-08-30T03:41:06.665+0000] {processor.py:208} INFO - Processing /home/airflow/.local/lib/python3.12/site-packages/airflow/example_dags/example_latest_only_with_trigger.py took 0.061 seconds
[2024-08-30T03:41:37.372+0000] {processor.py:186} INFO - Started process (PID=619) to work on /home/airflow/.local/lib/python3.12/site-packages/airflow/example_dags/example_latest_only_with_trigger.py
[2024-08-30T03:41:37.373+0000] {processor.py:914} INFO - Processing file /home/airflow/.local/lib/python3.12/site-packages/airflow/example_dags/example_latest_only_with_trigger.py for tasks to queue
[2024-08-30T03:41:37.375+0000] {logging_mixin.py:190} INFO - [2024-08-30T03:41:37.374+0000] {dagbag.py:587} INFO - Filling up the DagBag from /home/airflow/.local/lib/python3.12/site-packages/airflow/example_dags/example_latest_only_with_trigger.py
[2024-08-30T03:41:37.380+0000] {processor.py:925} INFO - DAG(s) 'latest_only_with_trigger' retrieved from /home/airflow/.local/lib/python3.12/site-packages/airflow/example_dags/example_latest_only_with_trigger.py
[2024-08-30T03:41:37.397+0000] {logging_mixin.py:190} INFO - [2024-08-30T03:41:37.397+0000] {dag.py:3211} INFO - Sync 1 DAGs
[2024-08-30T03:41:37.414+0000] {logging_mixin.py:190} INFO - [2024-08-30T03:41:37.414+0000] {dag.py:4138} INFO - Setting next_dagrun for latest_only_with_trigger to 2024-08-29 20:00:00+00:00, run_after=2024-08-30 00:00:00+00:00
[2024-08-30T03:41:37.429+0000] {processor.py:208} INFO - Processing /home/airflow/.local/lib/python3.12/site-packages/airflow/example_dags/example_latest_only_with_trigger.py took 0.063 seconds
[2024-08-30T03:42:08.660+0000] {processor.py:186} INFO - Started process (PID=682) to work on /home/airflow/.local/lib/python3.12/site-packages/airflow/example_dags/example_latest_only_with_trigger.py
[2024-08-30T03:42:08.661+0000] {processor.py:914} INFO - Processing file /home/airflow/.local/lib/python3.12/site-packages/airflow/example_dags/example_latest_only_with_trigger.py for tasks to queue
[2024-08-30T03:42:08.662+0000] {logging_mixin.py:190} INFO - [2024-08-30T03:42:08.662+0000] {dagbag.py:587} INFO - Filling up the DagBag from /home/airflow/.local/lib/python3.12/site-packages/airflow/example_dags/example_latest_only_with_trigger.py
[2024-08-30T03:42:08.668+0000] {processor.py:925} INFO - DAG(s) 'latest_only_with_trigger' retrieved from /home/airflow/.local/lib/python3.12/site-packages/airflow/example_dags/example_latest_only_with_trigger.py
[2024-08-30T03:42:08.682+0000] {logging_mixin.py:190} INFO - [2024-08-30T03:42:08.682+0000] {dag.py:3211} INFO - Sync 1 DAGs
[2024-08-30T03:42:08.697+0000] {logging_mixin.py:190} INFO - [2024-08-30T03:42:08.697+0000] {dag.py:4138} INFO - Setting next_dagrun for latest_only_with_trigger to 2024-08-29 20:00:00+00:00, run_after=2024-08-30 00:00:00+00:00
[2024-08-30T03:42:08.712+0000] {processor.py:208} INFO - Processing /home/airflow/.local/lib/python3.12/site-packages/airflow/example_dags/example_latest_only_with_trigger.py took 0.056 seconds
[2024-08-30T03:42:39.034+0000] {processor.py:186} INFO - Started process (PID=745) to work on /home/airflow/.local/lib/python3.12/site-packages/airflow/example_dags/example_latest_only_with_trigger.py
[2024-08-30T03:42:39.035+0000] {processor.py:914} INFO - Processing file /home/airflow/.local/lib/python3.12/site-packages/airflow/example_dags/example_latest_only_with_trigger.py for tasks to queue
[2024-08-30T03:42:39.037+0000] {logging_mixin.py:190} INFO - [2024-08-30T03:42:39.036+0000] {dagbag.py:587} INFO - Filling up the DagBag from /home/airflow/.local/lib/python3.12/site-packages/airflow/example_dags/example_latest_only_with_trigger.py
[2024-08-30T03:42:39.042+0000] {processor.py:925} INFO - DAG(s) 'latest_only_with_trigger' retrieved from /home/airflow/.local/lib/python3.12/site-packages/airflow/example_dags/example_latest_only_with_trigger.py
[2024-08-30T03:42:39.059+0000] {logging_mixin.py:190} INFO - [2024-08-30T03:42:39.059+0000] {dag.py:3211} INFO - Sync 1 DAGs
[2024-08-30T03:42:39.077+0000] {logging_mixin.py:190} INFO - [2024-08-30T03:42:39.076+0000] {dag.py:4138} INFO - Setting next_dagrun for latest_only_with_trigger to 2024-08-29 20:00:00+00:00, run_after=2024-08-30 00:00:00+00:00
[2024-08-30T03:42:39.093+0000] {processor.py:208} INFO - Processing /home/airflow/.local/lib/python3.12/site-packages/airflow/example_dags/example_latest_only_with_trigger.py took 0.064 seconds
[2024-08-30T03:43:09.549+0000] {processor.py:186} INFO - Started process (PID=808) to work on /home/airflow/.local/lib/python3.12/site-packages/airflow/example_dags/example_latest_only_with_trigger.py
[2024-08-30T03:43:09.550+0000] {processor.py:914} INFO - Processing file /home/airflow/.local/lib/python3.12/site-packages/airflow/example_dags/example_latest_only_with_trigger.py for tasks to queue
[2024-08-30T03:43:09.552+0000] {logging_mixin.py:190} INFO - [2024-08-30T03:43:09.552+0000] {dagbag.py:587} INFO - Filling up the DagBag from /home/airflow/.local/lib/python3.12/site-packages/airflow/example_dags/example_latest_only_with_trigger.py
[2024-08-30T03:43:09.558+0000] {processor.py:925} INFO - DAG(s) 'latest_only_with_trigger' retrieved from /home/airflow/.local/lib/python3.12/site-packages/airflow/example_dags/example_latest_only_with_trigger.py
[2024-08-30T03:43:09.577+0000] {logging_mixin.py:190} INFO - [2024-08-30T03:43:09.577+0000] {dag.py:3211} INFO - Sync 1 DAGs
[2024-08-30T03:43:09.599+0000] {logging_mixin.py:190} INFO - [2024-08-30T03:43:09.599+0000] {dag.py:4138} INFO - Setting next_dagrun for latest_only_with_trigger to 2024-08-29 20:00:00+00:00, run_after=2024-08-30 00:00:00+00:00
[2024-08-30T03:43:09.617+0000] {processor.py:208} INFO - Processing /home/airflow/.local/lib/python3.12/site-packages/airflow/example_dags/example_latest_only_with_trigger.py took 0.073 seconds
[2024-08-30T03:43:39.737+0000] {processor.py:186} INFO - Started process (PID=872) to work on /home/airflow/.local/lib/python3.12/site-packages/airflow/example_dags/example_latest_only_with_trigger.py
[2024-08-30T03:43:39.747+0000] {processor.py:914} INFO - Processing file /home/airflow/.local/lib/python3.12/site-packages/airflow/example_dags/example_latest_only_with_trigger.py for tasks to queue
[2024-08-30T03:43:39.749+0000] {logging_mixin.py:190} INFO - [2024-08-30T03:43:39.749+0000] {dagbag.py:587} INFO - Filling up the DagBag from /home/airflow/.local/lib/python3.12/site-packages/airflow/example_dags/example_latest_only_with_trigger.py
[2024-08-30T03:43:39.755+0000] {processor.py:925} INFO - DAG(s) 'latest_only_with_trigger' retrieved from /home/airflow/.local/lib/python3.12/site-packages/airflow/example_dags/example_latest_only_with_trigger.py
[2024-08-30T03:43:39.770+0000] {logging_mixin.py:190} INFO - [2024-08-30T03:43:39.770+0000] {dag.py:3211} INFO - Sync 1 DAGs
[2024-08-30T03:43:39.788+0000] {logging_mixin.py:190} INFO - [2024-08-30T03:43:39.788+0000] {dag.py:4138} INFO - Setting next_dagrun for latest_only_with_trigger to 2024-08-29 20:00:00+00:00, run_after=2024-08-30 00:00:00+00:00
[2024-08-30T03:43:39.807+0000] {processor.py:208} INFO - Processing /home/airflow/.local/lib/python3.12/site-packages/airflow/example_dags/example_latest_only_with_trigger.py took 0.074 seconds
[2024-08-30T03:44:10.541+0000] {processor.py:186} INFO - Started process (PID=935) to work on /home/airflow/.local/lib/python3.12/site-packages/airflow/example_dags/example_latest_only_with_trigger.py
[2024-08-30T03:44:10.542+0000] {processor.py:914} INFO - Processing file /home/airflow/.local/lib/python3.12/site-packages/airflow/example_dags/example_latest_only_with_trigger.py for tasks to queue
[2024-08-30T03:44:10.544+0000] {logging_mixin.py:190} INFO - [2024-08-30T03:44:10.544+0000] {dagbag.py:587} INFO - Filling up the DagBag from /home/airflow/.local/lib/python3.12/site-packages/airflow/example_dags/example_latest_only_with_trigger.py
[2024-08-30T03:44:10.550+0000] {processor.py:925} INFO - DAG(s) 'latest_only_with_trigger' retrieved from /home/airflow/.local/lib/python3.12/site-packages/airflow/example_dags/example_latest_only_with_trigger.py
[2024-08-30T03:44:10.564+0000] {logging_mixin.py:190} INFO - [2024-08-30T03:44:10.564+0000] {dag.py:3211} INFO - Sync 1 DAGs
[2024-08-30T03:44:10.583+0000] {logging_mixin.py:190} INFO - [2024-08-30T03:44:10.583+0000] {dag.py:4138} INFO - Setting next_dagrun for latest_only_with_trigger to 2024-08-29 20:00:00+00:00, run_after=2024-08-30 00:00:00+00:00
[2024-08-30T03:44:10.602+0000] {processor.py:208} INFO - Processing /home/airflow/.local/lib/python3.12/site-packages/airflow/example_dags/example_latest_only_with_trigger.py took 0.066 seconds
[2024-08-30T03:44:41.198+0000] {processor.py:186} INFO - Started process (PID=998) to work on /home/airflow/.local/lib/python3.12/site-packages/airflow/example_dags/example_latest_only_with_trigger.py
[2024-08-30T03:44:41.200+0000] {processor.py:914} INFO - Processing file /home/airflow/.local/lib/python3.12/site-packages/airflow/example_dags/example_latest_only_with_trigger.py for tasks to queue
[2024-08-30T03:44:41.203+0000] {logging_mixin.py:190} INFO - [2024-08-30T03:44:41.203+0000] {dagbag.py:587} INFO - Filling up the DagBag from /home/airflow/.local/lib/python3.12/site-packages/airflow/example_dags/example_latest_only_with_trigger.py
[2024-08-30T03:44:41.209+0000] {processor.py:925} INFO - DAG(s) 'latest_only_with_trigger' retrieved from /home/airflow/.local/lib/python3.12/site-packages/airflow/example_dags/example_latest_only_with_trigger.py
[2024-08-30T03:44:41.226+0000] {logging_mixin.py:190} INFO - [2024-08-30T03:44:41.226+0000] {dag.py:3211} INFO - Sync 1 DAGs
[2024-08-30T03:44:41.247+0000] {logging_mixin.py:190} INFO - [2024-08-30T03:44:41.246+0000] {dag.py:4138} INFO - Setting next_dagrun for latest_only_with_trigger to 2024-08-29 20:00:00+00:00, run_after=2024-08-30 00:00:00+00:00
[2024-08-30T03:44:41.267+0000] {processor.py:208} INFO - Processing /home/airflow/.local/lib/python3.12/site-packages/airflow/example_dags/example_latest_only_with_trigger.py took 0.074 seconds
[2024-08-30T03:45:12.069+0000] {processor.py:186} INFO - Started process (PID=1061) to work on /home/airflow/.local/lib/python3.12/site-packages/airflow/example_dags/example_latest_only_with_trigger.py
[2024-08-30T03:45:12.070+0000] {processor.py:914} INFO - Processing file /home/airflow/.local/lib/python3.12/site-packages/airflow/example_dags/example_latest_only_with_trigger.py for tasks to queue
[2024-08-30T03:45:12.073+0000] {logging_mixin.py:190} INFO - [2024-08-30T03:45:12.073+0000] {dagbag.py:587} INFO - Filling up the DagBag from /home/airflow/.local/lib/python3.12/site-packages/airflow/example_dags/example_latest_only_with_trigger.py
[2024-08-30T03:45:12.081+0000] {processor.py:925} INFO - DAG(s) 'latest_only_with_trigger' retrieved from /home/airflow/.local/lib/python3.12/site-packages/airflow/example_dags/example_latest_only_with_trigger.py
[2024-08-30T03:45:12.103+0000] {logging_mixin.py:190} INFO - [2024-08-30T03:45:12.102+0000] {dag.py:3211} INFO - Sync 1 DAGs
[2024-08-30T03:45:12.125+0000] {logging_mixin.py:190} INFO - [2024-08-30T03:45:12.125+0000] {dag.py:4138} INFO - Setting next_dagrun for latest_only_with_trigger to 2024-08-29 20:00:00+00:00, run_after=2024-08-30 00:00:00+00:00
[2024-08-30T03:45:12.149+0000] {processor.py:208} INFO - Processing /home/airflow/.local/lib/python3.12/site-packages/airflow/example_dags/example_latest_only_with_trigger.py took 0.086 seconds
[2024-08-30T03:46:15.659+0000] {processor.py:186} INFO - Started process (PID=102) to work on /home/airflow/.local/lib/python3.12/site-packages/airflow/example_dags/example_latest_only_with_trigger.py
[2024-08-30T03:46:15.660+0000] {processor.py:914} INFO - Processing file /home/airflow/.local/lib/python3.12/site-packages/airflow/example_dags/example_latest_only_with_trigger.py for tasks to queue
[2024-08-30T03:46:15.662+0000] {logging_mixin.py:190} INFO - [2024-08-30T03:46:15.661+0000] {dagbag.py:587} INFO - Filling up the DagBag from /home/airflow/.local/lib/python3.12/site-packages/airflow/example_dags/example_latest_only_with_trigger.py
[2024-08-30T03:46:15.667+0000] {processor.py:925} INFO - DAG(s) 'latest_only_with_trigger' retrieved from /home/airflow/.local/lib/python3.12/site-packages/airflow/example_dags/example_latest_only_with_trigger.py
[2024-08-30T03:46:15.681+0000] {logging_mixin.py:190} INFO - [2024-08-30T03:46:15.681+0000] {dag.py:3211} INFO - Sync 1 DAGs
[2024-08-30T03:46:15.701+0000] {logging_mixin.py:190} INFO - [2024-08-30T03:46:15.701+0000] {dag.py:4138} INFO - Setting next_dagrun for latest_only_with_trigger to 2024-08-29 20:00:00+00:00, run_after=2024-08-30 00:00:00+00:00
[2024-08-30T03:46:15.716+0000] {processor.py:208} INFO - Processing /home/airflow/.local/lib/python3.12/site-packages/airflow/example_dags/example_latest_only_with_trigger.py took 0.061 seconds
[2024-08-30T03:46:46.181+0000] {processor.py:186} INFO - Started process (PID=165) to work on /home/airflow/.local/lib/python3.12/site-packages/airflow/example_dags/example_latest_only_with_trigger.py
[2024-08-30T03:46:46.182+0000] {processor.py:914} INFO - Processing file /home/airflow/.local/lib/python3.12/site-packages/airflow/example_dags/example_latest_only_with_trigger.py for tasks to queue
[2024-08-30T03:46:46.184+0000] {logging_mixin.py:190} INFO - [2024-08-30T03:46:46.183+0000] {dagbag.py:587} INFO - Filling up the DagBag from /home/airflow/.local/lib/python3.12/site-packages/airflow/example_dags/example_latest_only_with_trigger.py
[2024-08-30T03:46:46.189+0000] {processor.py:925} INFO - DAG(s) 'latest_only_with_trigger' retrieved from /home/airflow/.local/lib/python3.12/site-packages/airflow/example_dags/example_latest_only_with_trigger.py
[2024-08-30T03:46:46.205+0000] {logging_mixin.py:190} INFO - [2024-08-30T03:46:46.205+0000] {dag.py:3211} INFO - Sync 1 DAGs
[2024-08-30T03:46:46.222+0000] {logging_mixin.py:190} INFO - [2024-08-30T03:46:46.222+0000] {dag.py:4138} INFO - Setting next_dagrun for latest_only_with_trigger to 2024-08-29 20:00:00+00:00, run_after=2024-08-30 00:00:00+00:00
[2024-08-30T03:46:46.239+0000] {processor.py:208} INFO - Processing /home/airflow/.local/lib/python3.12/site-packages/airflow/example_dags/example_latest_only_with_trigger.py took 0.062 seconds
[2024-08-30T03:47:17.275+0000] {processor.py:186} INFO - Started process (PID=234) to work on /home/airflow/.local/lib/python3.12/site-packages/airflow/example_dags/example_latest_only_with_trigger.py
[2024-08-30T03:47:17.276+0000] {processor.py:914} INFO - Processing file /home/airflow/.local/lib/python3.12/site-packages/airflow/example_dags/example_latest_only_with_trigger.py for tasks to queue
[2024-08-30T03:47:17.278+0000] {logging_mixin.py:190} INFO - [2024-08-30T03:47:17.278+0000] {dagbag.py:587} INFO - Filling up the DagBag from /home/airflow/.local/lib/python3.12/site-packages/airflow/example_dags/example_latest_only_with_trigger.py
[2024-08-30T03:47:17.284+0000] {processor.py:925} INFO - DAG(s) 'latest_only_with_trigger' retrieved from /home/airflow/.local/lib/python3.12/site-packages/airflow/example_dags/example_latest_only_with_trigger.py
[2024-08-30T03:47:17.298+0000] {logging_mixin.py:190} INFO - [2024-08-30T03:47:17.297+0000] {dag.py:3211} INFO - Sync 1 DAGs
[2024-08-30T03:47:17.315+0000] {logging_mixin.py:190} INFO - [2024-08-30T03:47:17.314+0000] {dag.py:4138} INFO - Setting next_dagrun for latest_only_with_trigger to 2024-08-29 20:00:00+00:00, run_after=2024-08-30 00:00:00+00:00
[2024-08-30T03:47:17.330+0000] {processor.py:208} INFO - Processing /home/airflow/.local/lib/python3.12/site-packages/airflow/example_dags/example_latest_only_with_trigger.py took 0.059 seconds
[2024-08-30T03:47:47.597+0000] {processor.py:186} INFO - Started process (PID=297) to work on /home/airflow/.local/lib/python3.12/site-packages/airflow/example_dags/example_latest_only_with_trigger.py
[2024-08-30T03:47:47.598+0000] {processor.py:914} INFO - Processing file /home/airflow/.local/lib/python3.12/site-packages/airflow/example_dags/example_latest_only_with_trigger.py for tasks to queue
[2024-08-30T03:47:47.600+0000] {logging_mixin.py:190} INFO - [2024-08-30T03:47:47.600+0000] {dagbag.py:587} INFO - Filling up the DagBag from /home/airflow/.local/lib/python3.12/site-packages/airflow/example_dags/example_latest_only_with_trigger.py
[2024-08-30T03:47:47.606+0000] {processor.py:925} INFO - DAG(s) 'latest_only_with_trigger' retrieved from /home/airflow/.local/lib/python3.12/site-packages/airflow/example_dags/example_latest_only_with_trigger.py
[2024-08-30T03:47:47.623+0000] {logging_mixin.py:190} INFO - [2024-08-30T03:47:47.623+0000] {dag.py:3211} INFO - Sync 1 DAGs
[2024-08-30T03:47:47.641+0000] {logging_mixin.py:190} INFO - [2024-08-30T03:47:47.641+0000] {dag.py:4138} INFO - Setting next_dagrun for latest_only_with_trigger to 2024-08-29 20:00:00+00:00, run_after=2024-08-30 00:00:00+00:00
[2024-08-30T03:47:47.660+0000] {processor.py:208} INFO - Processing /home/airflow/.local/lib/python3.12/site-packages/airflow/example_dags/example_latest_only_with_trigger.py took 0.068 seconds
[2024-08-30T03:48:18.175+0000] {processor.py:186} INFO - Started process (PID=360) to work on /home/airflow/.local/lib/python3.12/site-packages/airflow/example_dags/example_latest_only_with_trigger.py
[2024-08-30T03:48:18.175+0000] {processor.py:914} INFO - Processing file /home/airflow/.local/lib/python3.12/site-packages/airflow/example_dags/example_latest_only_with_trigger.py for tasks to queue
[2024-08-30T03:48:18.177+0000] {logging_mixin.py:190} INFO - [2024-08-30T03:48:18.177+0000] {dagbag.py:587} INFO - Filling up the DagBag from /home/airflow/.local/lib/python3.12/site-packages/airflow/example_dags/example_latest_only_with_trigger.py
[2024-08-30T03:48:18.183+0000] {processor.py:925} INFO - DAG(s) 'latest_only_with_trigger' retrieved from /home/airflow/.local/lib/python3.12/site-packages/airflow/example_dags/example_latest_only_with_trigger.py
[2024-08-30T03:48:18.197+0000] {logging_mixin.py:190} INFO - [2024-08-30T03:48:18.197+0000] {dag.py:3211} INFO - Sync 1 DAGs
[2024-08-30T03:48:18.212+0000] {logging_mixin.py:190} INFO - [2024-08-30T03:48:18.211+0000] {dag.py:4138} INFO - Setting next_dagrun for latest_only_with_trigger to 2024-08-29 20:00:00+00:00, run_after=2024-08-30 00:00:00+00:00
[2024-08-30T03:48:18.228+0000] {processor.py:208} INFO - Processing /home/airflow/.local/lib/python3.12/site-packages/airflow/example_dags/example_latest_only_with_trigger.py took 0.057 seconds
[2024-08-30T03:48:49.087+0000] {processor.py:186} INFO - Started process (PID=427) to work on /home/airflow/.local/lib/python3.12/site-packages/airflow/example_dags/example_latest_only_with_trigger.py
[2024-08-30T03:48:49.088+0000] {processor.py:914} INFO - Processing file /home/airflow/.local/lib/python3.12/site-packages/airflow/example_dags/example_latest_only_with_trigger.py for tasks to queue
[2024-08-30T03:48:49.091+0000] {logging_mixin.py:190} INFO - [2024-08-30T03:48:49.090+0000] {dagbag.py:587} INFO - Filling up the DagBag from /home/airflow/.local/lib/python3.12/site-packages/airflow/example_dags/example_latest_only_with_trigger.py
[2024-08-30T03:48:49.096+0000] {processor.py:925} INFO - DAG(s) 'latest_only_with_trigger' retrieved from /home/airflow/.local/lib/python3.12/site-packages/airflow/example_dags/example_latest_only_with_trigger.py
[2024-08-30T03:48:49.111+0000] {logging_mixin.py:190} INFO - [2024-08-30T03:48:49.111+0000] {dag.py:3211} INFO - Sync 1 DAGs
[2024-08-30T03:48:49.129+0000] {logging_mixin.py:190} INFO - [2024-08-30T03:48:49.129+0000] {dag.py:4138} INFO - Setting next_dagrun for latest_only_with_trigger to 2024-08-29 20:00:00+00:00, run_after=2024-08-30 00:00:00+00:00
[2024-08-30T03:48:49.150+0000] {processor.py:208} INFO - Processing /home/airflow/.local/lib/python3.12/site-packages/airflow/example_dags/example_latest_only_with_trigger.py took 0.067 seconds
[2024-08-30T03:49:19.697+0000] {processor.py:186} INFO - Started process (PID=490) to work on /home/airflow/.local/lib/python3.12/site-packages/airflow/example_dags/example_latest_only_with_trigger.py
[2024-08-30T03:49:19.698+0000] {processor.py:914} INFO - Processing file /home/airflow/.local/lib/python3.12/site-packages/airflow/example_dags/example_latest_only_with_trigger.py for tasks to queue
[2024-08-30T03:49:19.699+0000] {logging_mixin.py:190} INFO - [2024-08-30T03:49:19.699+0000] {dagbag.py:587} INFO - Filling up the DagBag from /home/airflow/.local/lib/python3.12/site-packages/airflow/example_dags/example_latest_only_with_trigger.py
[2024-08-30T03:49:19.704+0000] {processor.py:925} INFO - DAG(s) 'latest_only_with_trigger' retrieved from /home/airflow/.local/lib/python3.12/site-packages/airflow/example_dags/example_latest_only_with_trigger.py
[2024-08-30T03:49:19.720+0000] {logging_mixin.py:190} INFO - [2024-08-30T03:49:19.720+0000] {dag.py:3211} INFO - Sync 1 DAGs
[2024-08-30T03:49:19.737+0000] {logging_mixin.py:190} INFO - [2024-08-30T03:49:19.737+0000] {dag.py:4138} INFO - Setting next_dagrun for latest_only_with_trigger to 2024-08-29 20:00:00+00:00, run_after=2024-08-30 00:00:00+00:00
[2024-08-30T03:49:19.755+0000] {processor.py:208} INFO - Processing /home/airflow/.local/lib/python3.12/site-packages/airflow/example_dags/example_latest_only_with_trigger.py took 0.063 seconds
[2024-08-30T03:49:50.764+0000] {processor.py:186} INFO - Started process (PID=553) to work on /home/airflow/.local/lib/python3.12/site-packages/airflow/example_dags/example_latest_only_with_trigger.py
[2024-08-30T03:49:50.765+0000] {processor.py:914} INFO - Processing file /home/airflow/.local/lib/python3.12/site-packages/airflow/example_dags/example_latest_only_with_trigger.py for tasks to queue
[2024-08-30T03:49:50.767+0000] {logging_mixin.py:190} INFO - [2024-08-30T03:49:50.767+0000] {dagbag.py:587} INFO - Filling up the DagBag from /home/airflow/.local/lib/python3.12/site-packages/airflow/example_dags/example_latest_only_with_trigger.py
[2024-08-30T03:49:50.773+0000] {processor.py:925} INFO - DAG(s) 'latest_only_with_trigger' retrieved from /home/airflow/.local/lib/python3.12/site-packages/airflow/example_dags/example_latest_only_with_trigger.py
[2024-08-30T03:49:50.787+0000] {logging_mixin.py:190} INFO - [2024-08-30T03:49:50.787+0000] {dag.py:3211} INFO - Sync 1 DAGs
[2024-08-30T03:49:50.804+0000] {logging_mixin.py:190} INFO - [2024-08-30T03:49:50.803+0000] {dag.py:4138} INFO - Setting next_dagrun for latest_only_with_trigger to 2024-08-29 20:00:00+00:00, run_after=2024-08-30 00:00:00+00:00
[2024-08-30T03:49:50.819+0000] {processor.py:208} INFO - Processing /home/airflow/.local/lib/python3.12/site-packages/airflow/example_dags/example_latest_only_with_trigger.py took 0.059 seconds
[2024-08-30T03:50:21.583+0000] {processor.py:186} INFO - Started process (PID=616) to work on /home/airflow/.local/lib/python3.12/site-packages/airflow/example_dags/example_latest_only_with_trigger.py
[2024-08-30T03:50:21.584+0000] {processor.py:914} INFO - Processing file /home/airflow/.local/lib/python3.12/site-packages/airflow/example_dags/example_latest_only_with_trigger.py for tasks to queue
[2024-08-30T03:50:21.586+0000] {logging_mixin.py:190} INFO - [2024-08-30T03:50:21.586+0000] {dagbag.py:587} INFO - Filling up the DagBag from /home/airflow/.local/lib/python3.12/site-packages/airflow/example_dags/example_latest_only_with_trigger.py
[2024-08-30T03:50:21.591+0000] {processor.py:925} INFO - DAG(s) 'latest_only_with_trigger' retrieved from /home/airflow/.local/lib/python3.12/site-packages/airflow/example_dags/example_latest_only_with_trigger.py
[2024-08-30T03:50:21.606+0000] {logging_mixin.py:190} INFO - [2024-08-30T03:50:21.606+0000] {dag.py:3211} INFO - Sync 1 DAGs
[2024-08-30T03:50:21.622+0000] {logging_mixin.py:190} INFO - [2024-08-30T03:50:21.622+0000] {dag.py:4138} INFO - Setting next_dagrun for latest_only_with_trigger to 2024-08-29 20:00:00+00:00, run_after=2024-08-30 00:00:00+00:00
[2024-08-30T03:50:21.640+0000] {processor.py:208} INFO - Processing /home/airflow/.local/lib/python3.12/site-packages/airflow/example_dags/example_latest_only_with_trigger.py took 0.060 seconds
[2024-08-30T03:50:52.662+0000] {processor.py:186} INFO - Started process (PID=679) to work on /home/airflow/.local/lib/python3.12/site-packages/airflow/example_dags/example_latest_only_with_trigger.py
[2024-08-30T03:50:52.667+0000] {processor.py:914} INFO - Processing file /home/airflow/.local/lib/python3.12/site-packages/airflow/example_dags/example_latest_only_with_trigger.py for tasks to queue
[2024-08-30T03:50:52.670+0000] {logging_mixin.py:190} INFO - [2024-08-30T03:50:52.670+0000] {dagbag.py:587} INFO - Filling up the DagBag from /home/airflow/.local/lib/python3.12/site-packages/airflow/example_dags/example_latest_only_with_trigger.py
[2024-08-30T03:50:52.680+0000] {processor.py:925} INFO - DAG(s) 'latest_only_with_trigger' retrieved from /home/airflow/.local/lib/python3.12/site-packages/airflow/example_dags/example_latest_only_with_trigger.py
[2024-08-30T03:50:52.702+0000] {logging_mixin.py:190} INFO - [2024-08-30T03:50:52.701+0000] {dag.py:3211} INFO - Sync 1 DAGs
[2024-08-30T03:50:52.717+0000] {logging_mixin.py:190} INFO - [2024-08-30T03:50:52.717+0000] {dag.py:4138} INFO - Setting next_dagrun for latest_only_with_trigger to 2024-08-29 20:00:00+00:00, run_after=2024-08-30 00:00:00+00:00
[2024-08-30T03:50:52.737+0000] {processor.py:208} INFO - Processing /home/airflow/.local/lib/python3.12/site-packages/airflow/example_dags/example_latest_only_with_trigger.py took 0.078 seconds
[2024-08-30T03:51:23.630+0000] {processor.py:186} INFO - Started process (PID=742) to work on /home/airflow/.local/lib/python3.12/site-packages/airflow/example_dags/example_latest_only_with_trigger.py
[2024-08-30T03:51:23.631+0000] {processor.py:914} INFO - Processing file /home/airflow/.local/lib/python3.12/site-packages/airflow/example_dags/example_latest_only_with_trigger.py for tasks to queue
[2024-08-30T03:51:23.633+0000] {logging_mixin.py:190} INFO - [2024-08-30T03:51:23.633+0000] {dagbag.py:587} INFO - Filling up the DagBag from /home/airflow/.local/lib/python3.12/site-packages/airflow/example_dags/example_latest_only_with_trigger.py
[2024-08-30T03:51:23.640+0000] {processor.py:925} INFO - DAG(s) 'latest_only_with_trigger' retrieved from /home/airflow/.local/lib/python3.12/site-packages/airflow/example_dags/example_latest_only_with_trigger.py
[2024-08-30T03:51:23.655+0000] {logging_mixin.py:190} INFO - [2024-08-30T03:51:23.655+0000] {dag.py:3211} INFO - Sync 1 DAGs
[2024-08-30T03:51:23.672+0000] {logging_mixin.py:190} INFO - [2024-08-30T03:51:23.672+0000] {dag.py:4138} INFO - Setting next_dagrun for latest_only_with_trigger to 2024-08-29 20:00:00+00:00, run_after=2024-08-30 00:00:00+00:00
[2024-08-30T03:51:23.691+0000] {processor.py:208} INFO - Processing /home/airflow/.local/lib/python3.12/site-packages/airflow/example_dags/example_latest_only_with_trigger.py took 0.066 seconds
[2024-08-30T03:51:54.027+0000] {processor.py:186} INFO - Started process (PID=805) to work on /home/airflow/.local/lib/python3.12/site-packages/airflow/example_dags/example_latest_only_with_trigger.py
[2024-08-30T03:51:54.028+0000] {processor.py:914} INFO - Processing file /home/airflow/.local/lib/python3.12/site-packages/airflow/example_dags/example_latest_only_with_trigger.py for tasks to queue
[2024-08-30T03:51:54.030+0000] {logging_mixin.py:190} INFO - [2024-08-30T03:51:54.030+0000] {dagbag.py:587} INFO - Filling up the DagBag from /home/airflow/.local/lib/python3.12/site-packages/airflow/example_dags/example_latest_only_with_trigger.py
[2024-08-30T03:51:54.035+0000] {processor.py:925} INFO - DAG(s) 'latest_only_with_trigger' retrieved from /home/airflow/.local/lib/python3.12/site-packages/airflow/example_dags/example_latest_only_with_trigger.py
[2024-08-30T03:51:54.051+0000] {logging_mixin.py:190} INFO - [2024-08-30T03:51:54.051+0000] {dag.py:3211} INFO - Sync 1 DAGs
[2024-08-30T03:51:54.068+0000] {logging_mixin.py:190} INFO - [2024-08-30T03:51:54.068+0000] {dag.py:4138} INFO - Setting next_dagrun for latest_only_with_trigger to 2024-08-29 20:00:00+00:00, run_after=2024-08-30 00:00:00+00:00
[2024-08-30T03:51:54.087+0000] {processor.py:208} INFO - Processing /home/airflow/.local/lib/python3.12/site-packages/airflow/example_dags/example_latest_only_with_trigger.py took 0.064 seconds
[2024-08-30T03:52:24.734+0000] {processor.py:186} INFO - Started process (PID=868) to work on /home/airflow/.local/lib/python3.12/site-packages/airflow/example_dags/example_latest_only_with_trigger.py
[2024-08-30T03:52:24.735+0000] {processor.py:914} INFO - Processing file /home/airflow/.local/lib/python3.12/site-packages/airflow/example_dags/example_latest_only_with_trigger.py for tasks to queue
[2024-08-30T03:52:24.737+0000] {logging_mixin.py:190} INFO - [2024-08-30T03:52:24.737+0000] {dagbag.py:587} INFO - Filling up the DagBag from /home/airflow/.local/lib/python3.12/site-packages/airflow/example_dags/example_latest_only_with_trigger.py
[2024-08-30T03:52:24.744+0000] {processor.py:925} INFO - DAG(s) 'latest_only_with_trigger' retrieved from /home/airflow/.local/lib/python3.12/site-packages/airflow/example_dags/example_latest_only_with_trigger.py
[2024-08-30T03:52:24.760+0000] {logging_mixin.py:190} INFO - [2024-08-30T03:52:24.760+0000] {dag.py:3211} INFO - Sync 1 DAGs
[2024-08-30T03:52:24.777+0000] {logging_mixin.py:190} INFO - [2024-08-30T03:52:24.777+0000] {dag.py:4138} INFO - Setting next_dagrun for latest_only_with_trigger to 2024-08-29 20:00:00+00:00, run_after=2024-08-30 00:00:00+00:00
[2024-08-30T03:52:24.794+0000] {processor.py:208} INFO - Processing /home/airflow/.local/lib/python3.12/site-packages/airflow/example_dags/example_latest_only_with_trigger.py took 0.065 seconds
[2024-08-30T03:52:54.867+0000] {processor.py:186} INFO - Started process (PID=931) to work on /home/airflow/.local/lib/python3.12/site-packages/airflow/example_dags/example_latest_only_with_trigger.py
[2024-08-30T03:52:54.868+0000] {processor.py:914} INFO - Processing file /home/airflow/.local/lib/python3.12/site-packages/airflow/example_dags/example_latest_only_with_trigger.py for tasks to queue
[2024-08-30T03:52:54.871+0000] {logging_mixin.py:190} INFO - [2024-08-30T03:52:54.871+0000] {dagbag.py:587} INFO - Filling up the DagBag from /home/airflow/.local/lib/python3.12/site-packages/airflow/example_dags/example_latest_only_with_trigger.py
[2024-08-30T03:52:54.878+0000] {processor.py:925} INFO - DAG(s) 'latest_only_with_trigger' retrieved from /home/airflow/.local/lib/python3.12/site-packages/airflow/example_dags/example_latest_only_with_trigger.py
[2024-08-30T03:52:54.893+0000] {logging_mixin.py:190} INFO - [2024-08-30T03:52:54.893+0000] {dag.py:3211} INFO - Sync 1 DAGs
[2024-08-30T03:52:54.911+0000] {logging_mixin.py:190} INFO - [2024-08-30T03:52:54.911+0000] {dag.py:4138} INFO - Setting next_dagrun for latest_only_with_trigger to 2024-08-29 20:00:00+00:00, run_after=2024-08-30 00:00:00+00:00
[2024-08-30T03:52:54.930+0000] {processor.py:208} INFO - Processing /home/airflow/.local/lib/python3.12/site-packages/airflow/example_dags/example_latest_only_with_trigger.py took 0.068 seconds
[2024-08-30T03:53:27.372+0000] {processor.py:186} INFO - Started process (PID=994) to work on /home/airflow/.local/lib/python3.12/site-packages/airflow/example_dags/example_latest_only_with_trigger.py
[2024-08-30T03:53:27.373+0000] {processor.py:914} INFO - Processing file /home/airflow/.local/lib/python3.12/site-packages/airflow/example_dags/example_latest_only_with_trigger.py for tasks to queue
[2024-08-30T03:53:27.374+0000] {logging_mixin.py:190} INFO - [2024-08-30T03:53:27.374+0000] {dagbag.py:587} INFO - Filling up the DagBag from /home/airflow/.local/lib/python3.12/site-packages/airflow/example_dags/example_latest_only_with_trigger.py
[2024-08-30T03:53:27.380+0000] {processor.py:925} INFO - DAG(s) 'latest_only_with_trigger' retrieved from /home/airflow/.local/lib/python3.12/site-packages/airflow/example_dags/example_latest_only_with_trigger.py
[2024-08-30T03:53:27.395+0000] {logging_mixin.py:190} INFO - [2024-08-30T03:53:27.395+0000] {dag.py:3211} INFO - Sync 1 DAGs
[2024-08-30T03:53:27.413+0000] {logging_mixin.py:190} INFO - [2024-08-30T03:53:27.413+0000] {dag.py:4138} INFO - Setting next_dagrun for latest_only_with_trigger to 2024-08-29 20:00:00+00:00, run_after=2024-08-30 00:00:00+00:00
[2024-08-30T03:53:27.428+0000] {processor.py:208} INFO - Processing /home/airflow/.local/lib/python3.12/site-packages/airflow/example_dags/example_latest_only_with_trigger.py took 0.061 seconds
[2024-08-30T03:53:58.916+0000] {processor.py:186} INFO - Started process (PID=1057) to work on /home/airflow/.local/lib/python3.12/site-packages/airflow/example_dags/example_latest_only_with_trigger.py
[2024-08-30T03:53:58.917+0000] {processor.py:914} INFO - Processing file /home/airflow/.local/lib/python3.12/site-packages/airflow/example_dags/example_latest_only_with_trigger.py for tasks to queue
[2024-08-30T03:53:58.919+0000] {logging_mixin.py:190} INFO - [2024-08-30T03:53:58.919+0000] {dagbag.py:587} INFO - Filling up the DagBag from /home/airflow/.local/lib/python3.12/site-packages/airflow/example_dags/example_latest_only_with_trigger.py
[2024-08-30T03:53:58.926+0000] {processor.py:925} INFO - DAG(s) 'latest_only_with_trigger' retrieved from /home/airflow/.local/lib/python3.12/site-packages/airflow/example_dags/example_latest_only_with_trigger.py
[2024-08-30T03:53:58.941+0000] {logging_mixin.py:190} INFO - [2024-08-30T03:53:58.941+0000] {dag.py:3211} INFO - Sync 1 DAGs
[2024-08-30T03:53:58.959+0000] {logging_mixin.py:190} INFO - [2024-08-30T03:53:58.959+0000] {dag.py:4138} INFO - Setting next_dagrun for latest_only_with_trigger to 2024-08-29 20:00:00+00:00, run_after=2024-08-30 00:00:00+00:00
[2024-08-30T03:53:58.982+0000] {processor.py:208} INFO - Processing /home/airflow/.local/lib/python3.12/site-packages/airflow/example_dags/example_latest_only_with_trigger.py took 0.070 seconds
[2024-08-30T03:54:29.871+0000] {processor.py:186} INFO - Started process (PID=1119) to work on /home/airflow/.local/lib/python3.12/site-packages/airflow/example_dags/example_latest_only_with_trigger.py
[2024-08-30T03:54:29.872+0000] {processor.py:914} INFO - Processing file /home/airflow/.local/lib/python3.12/site-packages/airflow/example_dags/example_latest_only_with_trigger.py for tasks to queue
[2024-08-30T03:54:29.873+0000] {logging_mixin.py:190} INFO - [2024-08-30T03:54:29.873+0000] {dagbag.py:587} INFO - Filling up the DagBag from /home/airflow/.local/lib/python3.12/site-packages/airflow/example_dags/example_latest_only_with_trigger.py
[2024-08-30T03:54:29.880+0000] {processor.py:925} INFO - DAG(s) 'latest_only_with_trigger' retrieved from /home/airflow/.local/lib/python3.12/site-packages/airflow/example_dags/example_latest_only_with_trigger.py
[2024-08-30T03:54:29.896+0000] {logging_mixin.py:190} INFO - [2024-08-30T03:54:29.895+0000] {dag.py:3211} INFO - Sync 1 DAGs
[2024-08-30T03:54:29.913+0000] {logging_mixin.py:190} INFO - [2024-08-30T03:54:29.913+0000] {dag.py:4138} INFO - Setting next_dagrun for latest_only_with_trigger to 2024-08-29 20:00:00+00:00, run_after=2024-08-30 00:00:00+00:00
[2024-08-30T03:54:29.932+0000] {processor.py:208} INFO - Processing /home/airflow/.local/lib/python3.12/site-packages/airflow/example_dags/example_latest_only_with_trigger.py took 0.065 seconds
