[2024-08-30T03:30:04.432+0000] {processor.py:186} INFO - Started process (PID=70) to work on /home/airflow/.local/lib/python3.12/site-packages/airflow/example_dags/example_kubernetes_executor.py
[2024-08-30T03:30:04.434+0000] {processor.py:914} INFO - Processing file /home/airflow/.local/lib/python3.12/site-packages/airflow/example_dags/example_kubernetes_executor.py for tasks to queue
[2024-08-30T03:30:04.436+0000] {logging_mixin.py:190} INFO - [2024-08-30T03:30:04.436+0000] {dagbag.py:587} INFO - Filling up the DagBag from /home/airflow/.local/lib/python3.12/site-packages/airflow/example_dags/example_kubernetes_executor.py
[2024-08-30T03:30:04.454+0000] {processor.py:925} INFO - DAG(s) 'example_kubernetes_executor' retrieved from /home/airflow/.local/lib/python3.12/site-packages/airflow/example_dags/example_kubernetes_executor.py
[2024-08-30T03:30:04.499+0000] {logging_mixin.py:190} INFO - [2024-08-30T03:30:04.499+0000] {dag.py:3211} INFO - Sync 1 DAGs
[2024-08-30T03:30:04.513+0000] {logging_mixin.py:190} INFO - [2024-08-30T03:30:04.513+0000] {dag.py:4138} INFO - Setting next_dagrun for example_kubernetes_executor to None, run_after=None
[2024-08-30T03:30:04.532+0000] {processor.py:208} INFO - Processing /home/airflow/.local/lib/python3.12/site-packages/airflow/example_dags/example_kubernetes_executor.py took 0.105 seconds
[2024-08-30T03:30:34.695+0000] {processor.py:186} INFO - Started process (PID=133) to work on /home/airflow/.local/lib/python3.12/site-packages/airflow/example_dags/example_kubernetes_executor.py
[2024-08-30T03:30:34.697+0000] {processor.py:914} INFO - Processing file /home/airflow/.local/lib/python3.12/site-packages/airflow/example_dags/example_kubernetes_executor.py for tasks to queue
[2024-08-30T03:30:34.699+0000] {logging_mixin.py:190} INFO - [2024-08-30T03:30:34.698+0000] {dagbag.py:587} INFO - Filling up the DagBag from /home/airflow/.local/lib/python3.12/site-packages/airflow/example_dags/example_kubernetes_executor.py
[2024-08-30T03:30:34.710+0000] {processor.py:925} INFO - DAG(s) 'example_kubernetes_executor' retrieved from /home/airflow/.local/lib/python3.12/site-packages/airflow/example_dags/example_kubernetes_executor.py
[2024-08-30T03:30:34.740+0000] {logging_mixin.py:190} INFO - [2024-08-30T03:30:34.740+0000] {dag.py:3211} INFO - Sync 1 DAGs
[2024-08-30T03:30:34.751+0000] {logging_mixin.py:190} INFO - [2024-08-30T03:30:34.750+0000] {dag.py:4138} INFO - Setting next_dagrun for example_kubernetes_executor to None, run_after=None
[2024-08-30T03:30:34.768+0000] {processor.py:208} INFO - Processing /home/airflow/.local/lib/python3.12/site-packages/airflow/example_dags/example_kubernetes_executor.py took 0.077 seconds
[2024-08-30T03:31:05.413+0000] {processor.py:186} INFO - Started process (PID=196) to work on /home/airflow/.local/lib/python3.12/site-packages/airflow/example_dags/example_kubernetes_executor.py
[2024-08-30T03:31:05.414+0000] {processor.py:914} INFO - Processing file /home/airflow/.local/lib/python3.12/site-packages/airflow/example_dags/example_kubernetes_executor.py for tasks to queue
[2024-08-30T03:31:05.415+0000] {logging_mixin.py:190} INFO - [2024-08-30T03:31:05.415+0000] {dagbag.py:587} INFO - Filling up the DagBag from /home/airflow/.local/lib/python3.12/site-packages/airflow/example_dags/example_kubernetes_executor.py
[2024-08-30T03:31:05.425+0000] {processor.py:925} INFO - DAG(s) 'example_kubernetes_executor' retrieved from /home/airflow/.local/lib/python3.12/site-packages/airflow/example_dags/example_kubernetes_executor.py
[2024-08-30T03:31:05.478+0000] {logging_mixin.py:190} INFO - [2024-08-30T03:31:05.478+0000] {dag.py:3211} INFO - Sync 1 DAGs
[2024-08-30T03:31:05.489+0000] {logging_mixin.py:190} INFO - [2024-08-30T03:31:05.488+0000] {dag.py:4138} INFO - Setting next_dagrun for example_kubernetes_executor to None, run_after=None
[2024-08-30T03:31:05.504+0000] {processor.py:208} INFO - Processing /home/airflow/.local/lib/python3.12/site-packages/airflow/example_dags/example_kubernetes_executor.py took 0.095 seconds
[2024-08-30T03:31:36.206+0000] {processor.py:186} INFO - Started process (PID=259) to work on /home/airflow/.local/lib/python3.12/site-packages/airflow/example_dags/example_kubernetes_executor.py
[2024-08-30T03:31:36.214+0000] {processor.py:914} INFO - Processing file /home/airflow/.local/lib/python3.12/site-packages/airflow/example_dags/example_kubernetes_executor.py for tasks to queue
[2024-08-30T03:31:36.220+0000] {logging_mixin.py:190} INFO - [2024-08-30T03:31:36.219+0000] {dagbag.py:587} INFO - Filling up the DagBag from /home/airflow/.local/lib/python3.12/site-packages/airflow/example_dags/example_kubernetes_executor.py
[2024-08-30T03:31:36.235+0000] {processor.py:925} INFO - DAG(s) 'example_kubernetes_executor' retrieved from /home/airflow/.local/lib/python3.12/site-packages/airflow/example_dags/example_kubernetes_executor.py
[2024-08-30T03:31:36.266+0000] {logging_mixin.py:190} INFO - [2024-08-30T03:31:36.265+0000] {dag.py:3211} INFO - Sync 1 DAGs
[2024-08-30T03:31:36.276+0000] {logging_mixin.py:190} INFO - [2024-08-30T03:31:36.276+0000] {dag.py:4138} INFO - Setting next_dagrun for example_kubernetes_executor to None, run_after=None
[2024-08-30T03:31:36.293+0000] {processor.py:208} INFO - Processing /home/airflow/.local/lib/python3.12/site-packages/airflow/example_dags/example_kubernetes_executor.py took 0.092 seconds
[2024-08-30T03:32:07.181+0000] {processor.py:186} INFO - Started process (PID=322) to work on /home/airflow/.local/lib/python3.12/site-packages/airflow/example_dags/example_kubernetes_executor.py
[2024-08-30T03:32:07.182+0000] {processor.py:914} INFO - Processing file /home/airflow/.local/lib/python3.12/site-packages/airflow/example_dags/example_kubernetes_executor.py for tasks to queue
[2024-08-30T03:32:07.184+0000] {logging_mixin.py:190} INFO - [2024-08-30T03:32:07.184+0000] {dagbag.py:587} INFO - Filling up the DagBag from /home/airflow/.local/lib/python3.12/site-packages/airflow/example_dags/example_kubernetes_executor.py
[2024-08-30T03:32:07.194+0000] {processor.py:925} INFO - DAG(s) 'example_kubernetes_executor' retrieved from /home/airflow/.local/lib/python3.12/site-packages/airflow/example_dags/example_kubernetes_executor.py
[2024-08-30T03:32:07.220+0000] {logging_mixin.py:190} INFO - [2024-08-30T03:32:07.219+0000] {dag.py:3211} INFO - Sync 1 DAGs
[2024-08-30T03:32:07.231+0000] {logging_mixin.py:190} INFO - [2024-08-30T03:32:07.231+0000] {dag.py:4138} INFO - Setting next_dagrun for example_kubernetes_executor to None, run_after=None
[2024-08-30T03:32:07.254+0000] {processor.py:208} INFO - Processing /home/airflow/.local/lib/python3.12/site-packages/airflow/example_dags/example_kubernetes_executor.py took 0.078 seconds
[2024-08-30T03:32:38.117+0000] {processor.py:186} INFO - Started process (PID=385) to work on /home/airflow/.local/lib/python3.12/site-packages/airflow/example_dags/example_kubernetes_executor.py
[2024-08-30T03:32:38.118+0000] {processor.py:914} INFO - Processing file /home/airflow/.local/lib/python3.12/site-packages/airflow/example_dags/example_kubernetes_executor.py for tasks to queue
[2024-08-30T03:32:38.120+0000] {logging_mixin.py:190} INFO - [2024-08-30T03:32:38.120+0000] {dagbag.py:587} INFO - Filling up the DagBag from /home/airflow/.local/lib/python3.12/site-packages/airflow/example_dags/example_kubernetes_executor.py
[2024-08-30T03:32:38.131+0000] {processor.py:925} INFO - DAG(s) 'example_kubernetes_executor' retrieved from /home/airflow/.local/lib/python3.12/site-packages/airflow/example_dags/example_kubernetes_executor.py
[2024-08-30T03:32:38.159+0000] {logging_mixin.py:190} INFO - [2024-08-30T03:32:38.159+0000] {dag.py:3211} INFO - Sync 1 DAGs
[2024-08-30T03:32:38.169+0000] {logging_mixin.py:190} INFO - [2024-08-30T03:32:38.169+0000] {dag.py:4138} INFO - Setting next_dagrun for example_kubernetes_executor to None, run_after=None
[2024-08-30T03:32:38.186+0000] {processor.py:208} INFO - Processing /home/airflow/.local/lib/python3.12/site-packages/airflow/example_dags/example_kubernetes_executor.py took 0.074 seconds
[2024-08-30T03:33:08.992+0000] {processor.py:186} INFO - Started process (PID=448) to work on /home/airflow/.local/lib/python3.12/site-packages/airflow/example_dags/example_kubernetes_executor.py
[2024-08-30T03:33:08.993+0000] {processor.py:914} INFO - Processing file /home/airflow/.local/lib/python3.12/site-packages/airflow/example_dags/example_kubernetes_executor.py for tasks to queue
[2024-08-30T03:33:08.995+0000] {logging_mixin.py:190} INFO - [2024-08-30T03:33:08.995+0000] {dagbag.py:587} INFO - Filling up the DagBag from /home/airflow/.local/lib/python3.12/site-packages/airflow/example_dags/example_kubernetes_executor.py
[2024-08-30T03:33:09.005+0000] {processor.py:925} INFO - DAG(s) 'example_kubernetes_executor' retrieved from /home/airflow/.local/lib/python3.12/site-packages/airflow/example_dags/example_kubernetes_executor.py
[2024-08-30T03:33:09.078+0000] {logging_mixin.py:190} INFO - [2024-08-30T03:33:09.078+0000] {dag.py:3211} INFO - Sync 1 DAGs
[2024-08-30T03:33:09.089+0000] {logging_mixin.py:190} INFO - [2024-08-30T03:33:09.089+0000] {dag.py:4138} INFO - Setting next_dagrun for example_kubernetes_executor to None, run_after=None
[2024-08-30T03:33:09.107+0000] {processor.py:208} INFO - Processing /home/airflow/.local/lib/python3.12/site-packages/airflow/example_dags/example_kubernetes_executor.py took 0.122 seconds
[2024-08-30T03:33:39.996+0000] {processor.py:186} INFO - Started process (PID=511) to work on /home/airflow/.local/lib/python3.12/site-packages/airflow/example_dags/example_kubernetes_executor.py
[2024-08-30T03:33:39.997+0000] {processor.py:914} INFO - Processing file /home/airflow/.local/lib/python3.12/site-packages/airflow/example_dags/example_kubernetes_executor.py for tasks to queue
[2024-08-30T03:33:39.999+0000] {logging_mixin.py:190} INFO - [2024-08-30T03:33:39.999+0000] {dagbag.py:587} INFO - Filling up the DagBag from /home/airflow/.local/lib/python3.12/site-packages/airflow/example_dags/example_kubernetes_executor.py
[2024-08-30T03:33:40.011+0000] {processor.py:925} INFO - DAG(s) 'example_kubernetes_executor' retrieved from /home/airflow/.local/lib/python3.12/site-packages/airflow/example_dags/example_kubernetes_executor.py
[2024-08-30T03:33:40.038+0000] {logging_mixin.py:190} INFO - [2024-08-30T03:33:40.038+0000] {dag.py:3211} INFO - Sync 1 DAGs
[2024-08-30T03:33:40.049+0000] {logging_mixin.py:190} INFO - [2024-08-30T03:33:40.049+0000] {dag.py:4138} INFO - Setting next_dagrun for example_kubernetes_executor to None, run_after=None
[2024-08-30T03:33:40.066+0000] {processor.py:208} INFO - Processing /home/airflow/.local/lib/python3.12/site-packages/airflow/example_dags/example_kubernetes_executor.py took 0.074 seconds
[2024-08-30T03:34:10.707+0000] {processor.py:186} INFO - Started process (PID=574) to work on /home/airflow/.local/lib/python3.12/site-packages/airflow/example_dags/example_kubernetes_executor.py
[2024-08-30T03:34:10.712+0000] {processor.py:914} INFO - Processing file /home/airflow/.local/lib/python3.12/site-packages/airflow/example_dags/example_kubernetes_executor.py for tasks to queue
[2024-08-30T03:34:10.730+0000] {logging_mixin.py:190} INFO - [2024-08-30T03:34:10.729+0000] {dagbag.py:587} INFO - Filling up the DagBag from /home/airflow/.local/lib/python3.12/site-packages/airflow/example_dags/example_kubernetes_executor.py
[2024-08-30T03:34:10.740+0000] {processor.py:925} INFO - DAG(s) 'example_kubernetes_executor' retrieved from /home/airflow/.local/lib/python3.12/site-packages/airflow/example_dags/example_kubernetes_executor.py
[2024-08-30T03:34:10.768+0000] {logging_mixin.py:190} INFO - [2024-08-30T03:34:10.768+0000] {dag.py:3211} INFO - Sync 1 DAGs
[2024-08-30T03:34:10.779+0000] {logging_mixin.py:190} INFO - [2024-08-30T03:34:10.778+0000] {dag.py:4138} INFO - Setting next_dagrun for example_kubernetes_executor to None, run_after=None
[2024-08-30T03:34:10.795+0000] {processor.py:208} INFO - Processing /home/airflow/.local/lib/python3.12/site-packages/airflow/example_dags/example_kubernetes_executor.py took 0.095 seconds
[2024-08-30T03:34:41.481+0000] {processor.py:186} INFO - Started process (PID=637) to work on /home/airflow/.local/lib/python3.12/site-packages/airflow/example_dags/example_kubernetes_executor.py
[2024-08-30T03:34:41.482+0000] {processor.py:914} INFO - Processing file /home/airflow/.local/lib/python3.12/site-packages/airflow/example_dags/example_kubernetes_executor.py for tasks to queue
[2024-08-30T03:34:41.483+0000] {logging_mixin.py:190} INFO - [2024-08-30T03:34:41.483+0000] {dagbag.py:587} INFO - Filling up the DagBag from /home/airflow/.local/lib/python3.12/site-packages/airflow/example_dags/example_kubernetes_executor.py
[2024-08-30T03:34:41.494+0000] {processor.py:925} INFO - DAG(s) 'example_kubernetes_executor' retrieved from /home/airflow/.local/lib/python3.12/site-packages/airflow/example_dags/example_kubernetes_executor.py
[2024-08-30T03:34:41.523+0000] {logging_mixin.py:190} INFO - [2024-08-30T03:34:41.523+0000] {dag.py:3211} INFO - Sync 1 DAGs
[2024-08-30T03:34:41.537+0000] {logging_mixin.py:190} INFO - [2024-08-30T03:34:41.537+0000] {dag.py:4138} INFO - Setting next_dagrun for example_kubernetes_executor to None, run_after=None
[2024-08-30T03:34:41.555+0000] {processor.py:208} INFO - Processing /home/airflow/.local/lib/python3.12/site-packages/airflow/example_dags/example_kubernetes_executor.py took 0.079 seconds
[2024-08-30T03:35:12.467+0000] {processor.py:186} INFO - Started process (PID=700) to work on /home/airflow/.local/lib/python3.12/site-packages/airflow/example_dags/example_kubernetes_executor.py
[2024-08-30T03:35:12.468+0000] {processor.py:914} INFO - Processing file /home/airflow/.local/lib/python3.12/site-packages/airflow/example_dags/example_kubernetes_executor.py for tasks to queue
[2024-08-30T03:35:12.470+0000] {logging_mixin.py:190} INFO - [2024-08-30T03:35:12.470+0000] {dagbag.py:587} INFO - Filling up the DagBag from /home/airflow/.local/lib/python3.12/site-packages/airflow/example_dags/example_kubernetes_executor.py
[2024-08-30T03:35:12.487+0000] {processor.py:925} INFO - DAG(s) 'example_kubernetes_executor' retrieved from /home/airflow/.local/lib/python3.12/site-packages/airflow/example_dags/example_kubernetes_executor.py
[2024-08-30T03:35:12.513+0000] {logging_mixin.py:190} INFO - [2024-08-30T03:35:12.513+0000] {dag.py:3211} INFO - Sync 1 DAGs
[2024-08-30T03:35:12.524+0000] {logging_mixin.py:190} INFO - [2024-08-30T03:35:12.523+0000] {dag.py:4138} INFO - Setting next_dagrun for example_kubernetes_executor to None, run_after=None
[2024-08-30T03:35:12.541+0000] {processor.py:208} INFO - Processing /home/airflow/.local/lib/python3.12/site-packages/airflow/example_dags/example_kubernetes_executor.py took 0.079 seconds
[2024-08-30T03:35:43.541+0000] {processor.py:186} INFO - Started process (PID=763) to work on /home/airflow/.local/lib/python3.12/site-packages/airflow/example_dags/example_kubernetes_executor.py
[2024-08-30T03:35:43.542+0000] {processor.py:914} INFO - Processing file /home/airflow/.local/lib/python3.12/site-packages/airflow/example_dags/example_kubernetes_executor.py for tasks to queue
[2024-08-30T03:35:43.544+0000] {logging_mixin.py:190} INFO - [2024-08-30T03:35:43.544+0000] {dagbag.py:587} INFO - Filling up the DagBag from /home/airflow/.local/lib/python3.12/site-packages/airflow/example_dags/example_kubernetes_executor.py
[2024-08-30T03:35:43.554+0000] {processor.py:925} INFO - DAG(s) 'example_kubernetes_executor' retrieved from /home/airflow/.local/lib/python3.12/site-packages/airflow/example_dags/example_kubernetes_executor.py
[2024-08-30T03:35:43.582+0000] {logging_mixin.py:190} INFO - [2024-08-30T03:35:43.582+0000] {dag.py:3211} INFO - Sync 1 DAGs
[2024-08-30T03:35:43.592+0000] {logging_mixin.py:190} INFO - [2024-08-30T03:35:43.592+0000] {dag.py:4138} INFO - Setting next_dagrun for example_kubernetes_executor to None, run_after=None
[2024-08-30T03:35:43.608+0000] {processor.py:208} INFO - Processing /home/airflow/.local/lib/python3.12/site-packages/airflow/example_dags/example_kubernetes_executor.py took 0.071 seconds
[2024-08-30T03:36:14.511+0000] {processor.py:186} INFO - Started process (PID=826) to work on /home/airflow/.local/lib/python3.12/site-packages/airflow/example_dags/example_kubernetes_executor.py
[2024-08-30T03:36:14.512+0000] {processor.py:914} INFO - Processing file /home/airflow/.local/lib/python3.12/site-packages/airflow/example_dags/example_kubernetes_executor.py for tasks to queue
[2024-08-30T03:36:14.514+0000] {logging_mixin.py:190} INFO - [2024-08-30T03:36:14.514+0000] {dagbag.py:587} INFO - Filling up the DagBag from /home/airflow/.local/lib/python3.12/site-packages/airflow/example_dags/example_kubernetes_executor.py
[2024-08-30T03:36:14.525+0000] {processor.py:925} INFO - DAG(s) 'example_kubernetes_executor' retrieved from /home/airflow/.local/lib/python3.12/site-packages/airflow/example_dags/example_kubernetes_executor.py
[2024-08-30T03:36:14.551+0000] {logging_mixin.py:190} INFO - [2024-08-30T03:36:14.551+0000] {dag.py:3211} INFO - Sync 1 DAGs
[2024-08-30T03:36:14.561+0000] {logging_mixin.py:190} INFO - [2024-08-30T03:36:14.560+0000] {dag.py:4138} INFO - Setting next_dagrun for example_kubernetes_executor to None, run_after=None
[2024-08-30T03:36:14.580+0000] {processor.py:208} INFO - Processing /home/airflow/.local/lib/python3.12/site-packages/airflow/example_dags/example_kubernetes_executor.py took 0.073 seconds
[2024-08-30T03:37:28.325+0000] {processor.py:186} INFO - Started process (PID=69) to work on /home/airflow/.local/lib/python3.12/site-packages/airflow/example_dags/example_kubernetes_executor.py
[2024-08-30T03:37:28.326+0000] {processor.py:914} INFO - Processing file /home/airflow/.local/lib/python3.12/site-packages/airflow/example_dags/example_kubernetes_executor.py for tasks to queue
[2024-08-30T03:37:28.328+0000] {logging_mixin.py:190} INFO - [2024-08-30T03:37:28.327+0000] {dagbag.py:587} INFO - Filling up the DagBag from /home/airflow/.local/lib/python3.12/site-packages/airflow/example_dags/example_kubernetes_executor.py
[2024-08-30T03:37:28.343+0000] {processor.py:925} INFO - DAG(s) 'example_kubernetes_executor' retrieved from /home/airflow/.local/lib/python3.12/site-packages/airflow/example_dags/example_kubernetes_executor.py
[2024-08-30T03:37:28.378+0000] {logging_mixin.py:190} INFO - [2024-08-30T03:37:28.378+0000] {dag.py:3211} INFO - Sync 1 DAGs
[2024-08-30T03:37:28.389+0000] {logging_mixin.py:190} INFO - [2024-08-30T03:37:28.389+0000] {dag.py:4138} INFO - Setting next_dagrun for example_kubernetes_executor to None, run_after=None
[2024-08-30T03:37:28.406+0000] {processor.py:208} INFO - Processing /home/airflow/.local/lib/python3.12/site-packages/airflow/example_dags/example_kubernetes_executor.py took 0.086 seconds
[2024-08-30T03:37:59.229+0000] {processor.py:186} INFO - Started process (PID=132) to work on /home/airflow/.local/lib/python3.12/site-packages/airflow/example_dags/example_kubernetes_executor.py
[2024-08-30T03:37:59.231+0000] {processor.py:914} INFO - Processing file /home/airflow/.local/lib/python3.12/site-packages/airflow/example_dags/example_kubernetes_executor.py for tasks to queue
[2024-08-30T03:37:59.233+0000] {logging_mixin.py:190} INFO - [2024-08-30T03:37:59.233+0000] {dagbag.py:587} INFO - Filling up the DagBag from /home/airflow/.local/lib/python3.12/site-packages/airflow/example_dags/example_kubernetes_executor.py
[2024-08-30T03:37:59.244+0000] {processor.py:925} INFO - DAG(s) 'example_kubernetes_executor' retrieved from /home/airflow/.local/lib/python3.12/site-packages/airflow/example_dags/example_kubernetes_executor.py
[2024-08-30T03:37:59.274+0000] {logging_mixin.py:190} INFO - [2024-08-30T03:37:59.274+0000] {dag.py:3211} INFO - Sync 1 DAGs
[2024-08-30T03:37:59.284+0000] {logging_mixin.py:190} INFO - [2024-08-30T03:37:59.284+0000] {dag.py:4138} INFO - Setting next_dagrun for example_kubernetes_executor to None, run_after=None
[2024-08-30T03:37:59.302+0000] {processor.py:208} INFO - Processing /home/airflow/.local/lib/python3.12/site-packages/airflow/example_dags/example_kubernetes_executor.py took 0.077 seconds
[2024-08-30T03:38:29.428+0000] {processor.py:186} INFO - Started process (PID=195) to work on /home/airflow/.local/lib/python3.12/site-packages/airflow/example_dags/example_kubernetes_executor.py
[2024-08-30T03:38:29.429+0000] {processor.py:914} INFO - Processing file /home/airflow/.local/lib/python3.12/site-packages/airflow/example_dags/example_kubernetes_executor.py for tasks to queue
[2024-08-30T03:38:29.431+0000] {logging_mixin.py:190} INFO - [2024-08-30T03:38:29.430+0000] {dagbag.py:587} INFO - Filling up the DagBag from /home/airflow/.local/lib/python3.12/site-packages/airflow/example_dags/example_kubernetes_executor.py
[2024-08-30T03:38:29.440+0000] {processor.py:925} INFO - DAG(s) 'example_kubernetes_executor' retrieved from /home/airflow/.local/lib/python3.12/site-packages/airflow/example_dags/example_kubernetes_executor.py
[2024-08-30T03:38:29.466+0000] {logging_mixin.py:190} INFO - [2024-08-30T03:38:29.466+0000] {dag.py:3211} INFO - Sync 1 DAGs
[2024-08-30T03:38:29.476+0000] {logging_mixin.py:190} INFO - [2024-08-30T03:38:29.476+0000] {dag.py:4138} INFO - Setting next_dagrun for example_kubernetes_executor to None, run_after=None
[2024-08-30T03:38:29.491+0000] {processor.py:208} INFO - Processing /home/airflow/.local/lib/python3.12/site-packages/airflow/example_dags/example_kubernetes_executor.py took 0.067 seconds
[2024-08-30T03:39:00.081+0000] {processor.py:186} INFO - Started process (PID=258) to work on /home/airflow/.local/lib/python3.12/site-packages/airflow/example_dags/example_kubernetes_executor.py
[2024-08-30T03:39:00.082+0000] {processor.py:914} INFO - Processing file /home/airflow/.local/lib/python3.12/site-packages/airflow/example_dags/example_kubernetes_executor.py for tasks to queue
[2024-08-30T03:39:00.084+0000] {logging_mixin.py:190} INFO - [2024-08-30T03:39:00.084+0000] {dagbag.py:587} INFO - Filling up the DagBag from /home/airflow/.local/lib/python3.12/site-packages/airflow/example_dags/example_kubernetes_executor.py
[2024-08-30T03:39:00.096+0000] {processor.py:925} INFO - DAG(s) 'example_kubernetes_executor' retrieved from /home/airflow/.local/lib/python3.12/site-packages/airflow/example_dags/example_kubernetes_executor.py
[2024-08-30T03:39:00.126+0000] {logging_mixin.py:190} INFO - [2024-08-30T03:39:00.125+0000] {dag.py:3211} INFO - Sync 1 DAGs
[2024-08-30T03:39:00.136+0000] {logging_mixin.py:190} INFO - [2024-08-30T03:39:00.136+0000] {dag.py:4138} INFO - Setting next_dagrun for example_kubernetes_executor to None, run_after=None
[2024-08-30T03:39:00.153+0000] {processor.py:208} INFO - Processing /home/airflow/.local/lib/python3.12/site-packages/airflow/example_dags/example_kubernetes_executor.py took 0.076 seconds
[2024-08-30T03:39:30.866+0000] {processor.py:186} INFO - Started process (PID=321) to work on /home/airflow/.local/lib/python3.12/site-packages/airflow/example_dags/example_kubernetes_executor.py
[2024-08-30T03:39:30.867+0000] {processor.py:914} INFO - Processing file /home/airflow/.local/lib/python3.12/site-packages/airflow/example_dags/example_kubernetes_executor.py for tasks to queue
[2024-08-30T03:39:30.869+0000] {logging_mixin.py:190} INFO - [2024-08-30T03:39:30.869+0000] {dagbag.py:587} INFO - Filling up the DagBag from /home/airflow/.local/lib/python3.12/site-packages/airflow/example_dags/example_kubernetes_executor.py
[2024-08-30T03:39:30.879+0000] {processor.py:925} INFO - DAG(s) 'example_kubernetes_executor' retrieved from /home/airflow/.local/lib/python3.12/site-packages/airflow/example_dags/example_kubernetes_executor.py
[2024-08-30T03:39:30.906+0000] {logging_mixin.py:190} INFO - [2024-08-30T03:39:30.906+0000] {dag.py:3211} INFO - Sync 1 DAGs
[2024-08-30T03:39:30.916+0000] {logging_mixin.py:190} INFO - [2024-08-30T03:39:30.916+0000] {dag.py:4138} INFO - Setting next_dagrun for example_kubernetes_executor to None, run_after=None
[2024-08-30T03:39:30.933+0000] {processor.py:208} INFO - Processing /home/airflow/.local/lib/python3.12/site-packages/airflow/example_dags/example_kubernetes_executor.py took 0.071 seconds
[2024-08-30T03:40:01.396+0000] {processor.py:186} INFO - Started process (PID=384) to work on /home/airflow/.local/lib/python3.12/site-packages/airflow/example_dags/example_kubernetes_executor.py
[2024-08-30T03:40:01.398+0000] {processor.py:914} INFO - Processing file /home/airflow/.local/lib/python3.12/site-packages/airflow/example_dags/example_kubernetes_executor.py for tasks to queue
[2024-08-30T03:40:01.400+0000] {logging_mixin.py:190} INFO - [2024-08-30T03:40:01.399+0000] {dagbag.py:587} INFO - Filling up the DagBag from /home/airflow/.local/lib/python3.12/site-packages/airflow/example_dags/example_kubernetes_executor.py
[2024-08-30T03:40:01.410+0000] {processor.py:925} INFO - DAG(s) 'example_kubernetes_executor' retrieved from /home/airflow/.local/lib/python3.12/site-packages/airflow/example_dags/example_kubernetes_executor.py
[2024-08-30T03:40:01.438+0000] {logging_mixin.py:190} INFO - [2024-08-30T03:40:01.438+0000] {dag.py:3211} INFO - Sync 1 DAGs
[2024-08-30T03:40:01.449+0000] {logging_mixin.py:190} INFO - [2024-08-30T03:40:01.449+0000] {dag.py:4138} INFO - Setting next_dagrun for example_kubernetes_executor to None, run_after=None
[2024-08-30T03:40:01.465+0000] {processor.py:208} INFO - Processing /home/airflow/.local/lib/python3.12/site-packages/airflow/example_dags/example_kubernetes_executor.py took 0.076 seconds
[2024-08-30T03:40:31.945+0000] {processor.py:186} INFO - Started process (PID=447) to work on /home/airflow/.local/lib/python3.12/site-packages/airflow/example_dags/example_kubernetes_executor.py
[2024-08-30T03:40:31.946+0000] {processor.py:914} INFO - Processing file /home/airflow/.local/lib/python3.12/site-packages/airflow/example_dags/example_kubernetes_executor.py for tasks to queue
[2024-08-30T03:40:31.948+0000] {logging_mixin.py:190} INFO - [2024-08-30T03:40:31.948+0000] {dagbag.py:587} INFO - Filling up the DagBag from /home/airflow/.local/lib/python3.12/site-packages/airflow/example_dags/example_kubernetes_executor.py
[2024-08-30T03:40:31.958+0000] {processor.py:925} INFO - DAG(s) 'example_kubernetes_executor' retrieved from /home/airflow/.local/lib/python3.12/site-packages/airflow/example_dags/example_kubernetes_executor.py
[2024-08-30T03:40:31.986+0000] {logging_mixin.py:190} INFO - [2024-08-30T03:40:31.985+0000] {dag.py:3211} INFO - Sync 1 DAGs
[2024-08-30T03:40:31.998+0000] {logging_mixin.py:190} INFO - [2024-08-30T03:40:31.998+0000] {dag.py:4138} INFO - Setting next_dagrun for example_kubernetes_executor to None, run_after=None
[2024-08-30T03:40:32.018+0000] {processor.py:208} INFO - Processing /home/airflow/.local/lib/python3.12/site-packages/airflow/example_dags/example_kubernetes_executor.py took 0.078 seconds
[2024-08-30T03:41:03.002+0000] {processor.py:186} INFO - Started process (PID=516) to work on /home/airflow/.local/lib/python3.12/site-packages/airflow/example_dags/example_kubernetes_executor.py
[2024-08-30T03:41:03.003+0000] {processor.py:914} INFO - Processing file /home/airflow/.local/lib/python3.12/site-packages/airflow/example_dags/example_kubernetes_executor.py for tasks to queue
[2024-08-30T03:41:03.005+0000] {logging_mixin.py:190} INFO - [2024-08-30T03:41:03.005+0000] {dagbag.py:587} INFO - Filling up the DagBag from /home/airflow/.local/lib/python3.12/site-packages/airflow/example_dags/example_kubernetes_executor.py
[2024-08-30T03:41:03.015+0000] {processor.py:925} INFO - DAG(s) 'example_kubernetes_executor' retrieved from /home/airflow/.local/lib/python3.12/site-packages/airflow/example_dags/example_kubernetes_executor.py
[2024-08-30T03:41:03.040+0000] {logging_mixin.py:190} INFO - [2024-08-30T03:41:03.040+0000] {dag.py:3211} INFO - Sync 1 DAGs
[2024-08-30T03:41:03.050+0000] {logging_mixin.py:190} INFO - [2024-08-30T03:41:03.050+0000] {dag.py:4138} INFO - Setting next_dagrun for example_kubernetes_executor to None, run_after=None
[2024-08-30T03:41:03.064+0000] {processor.py:208} INFO - Processing /home/airflow/.local/lib/python3.12/site-packages/airflow/example_dags/example_kubernetes_executor.py took 0.066 seconds
[2024-08-30T03:41:33.749+0000] {processor.py:186} INFO - Started process (PID=579) to work on /home/airflow/.local/lib/python3.12/site-packages/airflow/example_dags/example_kubernetes_executor.py
[2024-08-30T03:41:33.750+0000] {processor.py:914} INFO - Processing file /home/airflow/.local/lib/python3.12/site-packages/airflow/example_dags/example_kubernetes_executor.py for tasks to queue
[2024-08-30T03:41:33.752+0000] {logging_mixin.py:190} INFO - [2024-08-30T03:41:33.752+0000] {dagbag.py:587} INFO - Filling up the DagBag from /home/airflow/.local/lib/python3.12/site-packages/airflow/example_dags/example_kubernetes_executor.py
[2024-08-30T03:41:33.762+0000] {processor.py:925} INFO - DAG(s) 'example_kubernetes_executor' retrieved from /home/airflow/.local/lib/python3.12/site-packages/airflow/example_dags/example_kubernetes_executor.py
[2024-08-30T03:41:33.789+0000] {logging_mixin.py:190} INFO - [2024-08-30T03:41:33.789+0000] {dag.py:3211} INFO - Sync 1 DAGs
[2024-08-30T03:41:33.799+0000] {logging_mixin.py:190} INFO - [2024-08-30T03:41:33.799+0000] {dag.py:4138} INFO - Setting next_dagrun for example_kubernetes_executor to None, run_after=None
[2024-08-30T03:41:33.817+0000] {processor.py:208} INFO - Processing /home/airflow/.local/lib/python3.12/site-packages/airflow/example_dags/example_kubernetes_executor.py took 0.073 seconds
[2024-08-30T03:42:04.987+0000] {processor.py:186} INFO - Started process (PID=642) to work on /home/airflow/.local/lib/python3.12/site-packages/airflow/example_dags/example_kubernetes_executor.py
[2024-08-30T03:42:04.988+0000] {processor.py:914} INFO - Processing file /home/airflow/.local/lib/python3.12/site-packages/airflow/example_dags/example_kubernetes_executor.py for tasks to queue
[2024-08-30T03:42:04.990+0000] {logging_mixin.py:190} INFO - [2024-08-30T03:42:04.990+0000] {dagbag.py:587} INFO - Filling up the DagBag from /home/airflow/.local/lib/python3.12/site-packages/airflow/example_dags/example_kubernetes_executor.py
[2024-08-30T03:42:05.001+0000] {processor.py:925} INFO - DAG(s) 'example_kubernetes_executor' retrieved from /home/airflow/.local/lib/python3.12/site-packages/airflow/example_dags/example_kubernetes_executor.py
[2024-08-30T03:42:05.030+0000] {logging_mixin.py:190} INFO - [2024-08-30T03:42:05.030+0000] {dag.py:3211} INFO - Sync 1 DAGs
[2024-08-30T03:42:05.046+0000] {logging_mixin.py:190} INFO - [2024-08-30T03:42:05.046+0000] {dag.py:4138} INFO - Setting next_dagrun for example_kubernetes_executor to None, run_after=None
[2024-08-30T03:42:05.082+0000] {processor.py:208} INFO - Processing /home/airflow/.local/lib/python3.12/site-packages/airflow/example_dags/example_kubernetes_executor.py took 0.099 seconds
[2024-08-30T03:42:35.757+0000] {processor.py:186} INFO - Started process (PID=705) to work on /home/airflow/.local/lib/python3.12/site-packages/airflow/example_dags/example_kubernetes_executor.py
[2024-08-30T03:42:35.758+0000] {processor.py:914} INFO - Processing file /home/airflow/.local/lib/python3.12/site-packages/airflow/example_dags/example_kubernetes_executor.py for tasks to queue
[2024-08-30T03:42:35.760+0000] {logging_mixin.py:190} INFO - [2024-08-30T03:42:35.760+0000] {dagbag.py:587} INFO - Filling up the DagBag from /home/airflow/.local/lib/python3.12/site-packages/airflow/example_dags/example_kubernetes_executor.py
[2024-08-30T03:42:35.770+0000] {processor.py:925} INFO - DAG(s) 'example_kubernetes_executor' retrieved from /home/airflow/.local/lib/python3.12/site-packages/airflow/example_dags/example_kubernetes_executor.py
[2024-08-30T03:42:35.800+0000] {logging_mixin.py:190} INFO - [2024-08-30T03:42:35.800+0000] {dag.py:3211} INFO - Sync 1 DAGs
[2024-08-30T03:42:35.810+0000] {logging_mixin.py:190} INFO - [2024-08-30T03:42:35.810+0000] {dag.py:4138} INFO - Setting next_dagrun for example_kubernetes_executor to None, run_after=None
[2024-08-30T03:42:35.829+0000] {processor.py:208} INFO - Processing /home/airflow/.local/lib/python3.12/site-packages/airflow/example_dags/example_kubernetes_executor.py took 0.077 seconds
[2024-08-30T03:43:06.276+0000] {processor.py:186} INFO - Started process (PID=769) to work on /home/airflow/.local/lib/python3.12/site-packages/airflow/example_dags/example_kubernetes_executor.py
[2024-08-30T03:43:06.277+0000] {processor.py:914} INFO - Processing file /home/airflow/.local/lib/python3.12/site-packages/airflow/example_dags/example_kubernetes_executor.py for tasks to queue
[2024-08-30T03:43:06.279+0000] {logging_mixin.py:190} INFO - [2024-08-30T03:43:06.278+0000] {dagbag.py:587} INFO - Filling up the DagBag from /home/airflow/.local/lib/python3.12/site-packages/airflow/example_dags/example_kubernetes_executor.py
[2024-08-30T03:43:06.289+0000] {processor.py:925} INFO - DAG(s) 'example_kubernetes_executor' retrieved from /home/airflow/.local/lib/python3.12/site-packages/airflow/example_dags/example_kubernetes_executor.py
[2024-08-30T03:43:06.316+0000] {logging_mixin.py:190} INFO - [2024-08-30T03:43:06.316+0000] {dag.py:3211} INFO - Sync 1 DAGs
[2024-08-30T03:43:06.325+0000] {logging_mixin.py:190} INFO - [2024-08-30T03:43:06.325+0000] {dag.py:4138} INFO - Setting next_dagrun for example_kubernetes_executor to None, run_after=None
[2024-08-30T03:43:06.343+0000] {processor.py:208} INFO - Processing /home/airflow/.local/lib/python3.12/site-packages/airflow/example_dags/example_kubernetes_executor.py took 0.071 seconds
[2024-08-30T03:43:37.075+0000] {processor.py:186} INFO - Started process (PID=833) to work on /home/airflow/.local/lib/python3.12/site-packages/airflow/example_dags/example_kubernetes_executor.py
[2024-08-30T03:43:37.075+0000] {processor.py:914} INFO - Processing file /home/airflow/.local/lib/python3.12/site-packages/airflow/example_dags/example_kubernetes_executor.py for tasks to queue
[2024-08-30T03:43:37.077+0000] {logging_mixin.py:190} INFO - [2024-08-30T03:43:37.077+0000] {dagbag.py:587} INFO - Filling up the DagBag from /home/airflow/.local/lib/python3.12/site-packages/airflow/example_dags/example_kubernetes_executor.py
[2024-08-30T03:43:37.088+0000] {processor.py:925} INFO - DAG(s) 'example_kubernetes_executor' retrieved from /home/airflow/.local/lib/python3.12/site-packages/airflow/example_dags/example_kubernetes_executor.py
[2024-08-30T03:43:37.122+0000] {logging_mixin.py:190} INFO - [2024-08-30T03:43:37.122+0000] {dag.py:3211} INFO - Sync 1 DAGs
[2024-08-30T03:43:37.133+0000] {logging_mixin.py:190} INFO - [2024-08-30T03:43:37.132+0000] {dag.py:4138} INFO - Setting next_dagrun for example_kubernetes_executor to None, run_after=None
[2024-08-30T03:43:37.152+0000] {processor.py:208} INFO - Processing /home/airflow/.local/lib/python3.12/site-packages/airflow/example_dags/example_kubernetes_executor.py took 0.081 seconds
[2024-08-30T03:44:07.244+0000] {processor.py:186} INFO - Started process (PID=896) to work on /home/airflow/.local/lib/python3.12/site-packages/airflow/example_dags/example_kubernetes_executor.py
[2024-08-30T03:44:07.244+0000] {processor.py:914} INFO - Processing file /home/airflow/.local/lib/python3.12/site-packages/airflow/example_dags/example_kubernetes_executor.py for tasks to queue
[2024-08-30T03:44:07.246+0000] {logging_mixin.py:190} INFO - [2024-08-30T03:44:07.246+0000] {dagbag.py:587} INFO - Filling up the DagBag from /home/airflow/.local/lib/python3.12/site-packages/airflow/example_dags/example_kubernetes_executor.py
[2024-08-30T03:44:07.256+0000] {processor.py:925} INFO - DAG(s) 'example_kubernetes_executor' retrieved from /home/airflow/.local/lib/python3.12/site-packages/airflow/example_dags/example_kubernetes_executor.py
[2024-08-30T03:44:07.288+0000] {logging_mixin.py:190} INFO - [2024-08-30T03:44:07.287+0000] {dag.py:3211} INFO - Sync 1 DAGs
[2024-08-30T03:44:07.298+0000] {logging_mixin.py:190} INFO - [2024-08-30T03:44:07.298+0000] {dag.py:4138} INFO - Setting next_dagrun for example_kubernetes_executor to None, run_after=None
[2024-08-30T03:44:07.313+0000] {processor.py:208} INFO - Processing /home/airflow/.local/lib/python3.12/site-packages/airflow/example_dags/example_kubernetes_executor.py took 0.074 seconds
[2024-08-30T03:44:37.811+0000] {processor.py:186} INFO - Started process (PID=959) to work on /home/airflow/.local/lib/python3.12/site-packages/airflow/example_dags/example_kubernetes_executor.py
[2024-08-30T03:44:37.812+0000] {processor.py:914} INFO - Processing file /home/airflow/.local/lib/python3.12/site-packages/airflow/example_dags/example_kubernetes_executor.py for tasks to queue
[2024-08-30T03:44:37.814+0000] {logging_mixin.py:190} INFO - [2024-08-30T03:44:37.814+0000] {dagbag.py:587} INFO - Filling up the DagBag from /home/airflow/.local/lib/python3.12/site-packages/airflow/example_dags/example_kubernetes_executor.py
[2024-08-30T03:44:37.826+0000] {processor.py:925} INFO - DAG(s) 'example_kubernetes_executor' retrieved from /home/airflow/.local/lib/python3.12/site-packages/airflow/example_dags/example_kubernetes_executor.py
[2024-08-30T03:44:37.860+0000] {logging_mixin.py:190} INFO - [2024-08-30T03:44:37.859+0000] {dag.py:3211} INFO - Sync 1 DAGs
[2024-08-30T03:44:37.870+0000] {logging_mixin.py:190} INFO - [2024-08-30T03:44:37.870+0000] {dag.py:4138} INFO - Setting next_dagrun for example_kubernetes_executor to None, run_after=None
[2024-08-30T03:44:37.887+0000] {processor.py:208} INFO - Processing /home/airflow/.local/lib/python3.12/site-packages/airflow/example_dags/example_kubernetes_executor.py took 0.081 seconds
[2024-08-30T03:45:08.462+0000] {processor.py:186} INFO - Started process (PID=1022) to work on /home/airflow/.local/lib/python3.12/site-packages/airflow/example_dags/example_kubernetes_executor.py
[2024-08-30T03:45:08.463+0000] {processor.py:914} INFO - Processing file /home/airflow/.local/lib/python3.12/site-packages/airflow/example_dags/example_kubernetes_executor.py for tasks to queue
[2024-08-30T03:45:08.465+0000] {logging_mixin.py:190} INFO - [2024-08-30T03:45:08.465+0000] {dagbag.py:587} INFO - Filling up the DagBag from /home/airflow/.local/lib/python3.12/site-packages/airflow/example_dags/example_kubernetes_executor.py
[2024-08-30T03:45:08.476+0000] {processor.py:925} INFO - DAG(s) 'example_kubernetes_executor' retrieved from /home/airflow/.local/lib/python3.12/site-packages/airflow/example_dags/example_kubernetes_executor.py
[2024-08-30T03:45:08.509+0000] {logging_mixin.py:190} INFO - [2024-08-30T03:45:08.509+0000] {dag.py:3211} INFO - Sync 1 DAGs
[2024-08-30T03:45:08.521+0000] {logging_mixin.py:190} INFO - [2024-08-30T03:45:08.521+0000] {dag.py:4138} INFO - Setting next_dagrun for example_kubernetes_executor to None, run_after=None
[2024-08-30T03:45:08.539+0000] {processor.py:208} INFO - Processing /home/airflow/.local/lib/python3.12/site-packages/airflow/example_dags/example_kubernetes_executor.py took 0.081 seconds
[2024-08-30T03:46:00.227+0000] {processor.py:186} INFO - Started process (PID=69) to work on /home/airflow/.local/lib/python3.12/site-packages/airflow/example_dags/example_kubernetes_executor.py
[2024-08-30T03:46:00.228+0000] {processor.py:914} INFO - Processing file /home/airflow/.local/lib/python3.12/site-packages/airflow/example_dags/example_kubernetes_executor.py for tasks to queue
[2024-08-30T03:46:00.230+0000] {logging_mixin.py:190} INFO - [2024-08-30T03:46:00.230+0000] {dagbag.py:587} INFO - Filling up the DagBag from /home/airflow/.local/lib/python3.12/site-packages/airflow/example_dags/example_kubernetes_executor.py
[2024-08-30T03:46:00.245+0000] {processor.py:925} INFO - DAG(s) 'example_kubernetes_executor' retrieved from /home/airflow/.local/lib/python3.12/site-packages/airflow/example_dags/example_kubernetes_executor.py
[2024-08-30T03:46:00.283+0000] {logging_mixin.py:190} INFO - [2024-08-30T03:46:00.282+0000] {dag.py:3211} INFO - Sync 1 DAGs
[2024-08-30T03:46:00.293+0000] {logging_mixin.py:190} INFO - [2024-08-30T03:46:00.293+0000] {dag.py:4138} INFO - Setting next_dagrun for example_kubernetes_executor to None, run_after=None
[2024-08-30T03:46:00.315+0000] {processor.py:208} INFO - Processing /home/airflow/.local/lib/python3.12/site-packages/airflow/example_dags/example_kubernetes_executor.py took 0.092 seconds
[2024-08-30T03:46:13.292+0000] {processor.py:186} INFO - Started process (PID=63) to work on /home/airflow/.local/lib/python3.12/site-packages/airflow/example_dags/example_kubernetes_executor.py
[2024-08-30T03:46:13.293+0000] {processor.py:914} INFO - Processing file /home/airflow/.local/lib/python3.12/site-packages/airflow/example_dags/example_kubernetes_executor.py for tasks to queue
[2024-08-30T03:46:13.295+0000] {logging_mixin.py:190} INFO - [2024-08-30T03:46:13.295+0000] {dagbag.py:587} INFO - Filling up the DagBag from /home/airflow/.local/lib/python3.12/site-packages/airflow/example_dags/example_kubernetes_executor.py
[2024-08-30T03:46:13.305+0000] {processor.py:925} INFO - DAG(s) 'example_kubernetes_executor' retrieved from /home/airflow/.local/lib/python3.12/site-packages/airflow/example_dags/example_kubernetes_executor.py
[2024-08-30T03:46:13.336+0000] {logging_mixin.py:190} INFO - [2024-08-30T03:46:13.336+0000] {dag.py:3211} INFO - Sync 1 DAGs
[2024-08-30T03:46:13.346+0000] {logging_mixin.py:190} INFO - [2024-08-30T03:46:13.346+0000] {dag.py:4138} INFO - Setting next_dagrun for example_kubernetes_executor to None, run_after=None
[2024-08-30T03:46:13.363+0000] {processor.py:208} INFO - Processing /home/airflow/.local/lib/python3.12/site-packages/airflow/example_dags/example_kubernetes_executor.py took 0.074 seconds
[2024-08-30T03:46:43.974+0000] {processor.py:186} INFO - Started process (PID=126) to work on /home/airflow/.local/lib/python3.12/site-packages/airflow/example_dags/example_kubernetes_executor.py
[2024-08-30T03:46:43.975+0000] {processor.py:914} INFO - Processing file /home/airflow/.local/lib/python3.12/site-packages/airflow/example_dags/example_kubernetes_executor.py for tasks to queue
[2024-08-30T03:46:43.977+0000] {logging_mixin.py:190} INFO - [2024-08-30T03:46:43.977+0000] {dagbag.py:587} INFO - Filling up the DagBag from /home/airflow/.local/lib/python3.12/site-packages/airflow/example_dags/example_kubernetes_executor.py
[2024-08-30T03:46:43.987+0000] {processor.py:925} INFO - DAG(s) 'example_kubernetes_executor' retrieved from /home/airflow/.local/lib/python3.12/site-packages/airflow/example_dags/example_kubernetes_executor.py
[2024-08-30T03:46:44.012+0000] {logging_mixin.py:190} INFO - [2024-08-30T03:46:44.012+0000] {dag.py:3211} INFO - Sync 1 DAGs
[2024-08-30T03:46:44.022+0000] {logging_mixin.py:190} INFO - [2024-08-30T03:46:44.022+0000] {dag.py:4138} INFO - Setting next_dagrun for example_kubernetes_executor to None, run_after=None
[2024-08-30T03:46:44.038+0000] {processor.py:208} INFO - Processing /home/airflow/.local/lib/python3.12/site-packages/airflow/example_dags/example_kubernetes_executor.py took 0.067 seconds
[2024-08-30T03:47:14.480+0000] {processor.py:186} INFO - Started process (PID=189) to work on /home/airflow/.local/lib/python3.12/site-packages/airflow/example_dags/example_kubernetes_executor.py
[2024-08-30T03:47:14.481+0000] {processor.py:914} INFO - Processing file /home/airflow/.local/lib/python3.12/site-packages/airflow/example_dags/example_kubernetes_executor.py for tasks to queue
[2024-08-30T03:47:14.482+0000] {logging_mixin.py:190} INFO - [2024-08-30T03:47:14.482+0000] {dagbag.py:587} INFO - Filling up the DagBag from /home/airflow/.local/lib/python3.12/site-packages/airflow/example_dags/example_kubernetes_executor.py
[2024-08-30T03:47:14.492+0000] {processor.py:925} INFO - DAG(s) 'example_kubernetes_executor' retrieved from /home/airflow/.local/lib/python3.12/site-packages/airflow/example_dags/example_kubernetes_executor.py
[2024-08-30T03:47:14.517+0000] {logging_mixin.py:190} INFO - [2024-08-30T03:47:14.517+0000] {dag.py:3211} INFO - Sync 1 DAGs
[2024-08-30T03:47:14.526+0000] {logging_mixin.py:190} INFO - [2024-08-30T03:47:14.526+0000] {dag.py:4138} INFO - Setting next_dagrun for example_kubernetes_executor to None, run_after=None
[2024-08-30T03:47:14.542+0000] {processor.py:208} INFO - Processing /home/airflow/.local/lib/python3.12/site-packages/airflow/example_dags/example_kubernetes_executor.py took 0.066 seconds
[2024-08-30T03:47:45.430+0000] {processor.py:186} INFO - Started process (PID=252) to work on /home/airflow/.local/lib/python3.12/site-packages/airflow/example_dags/example_kubernetes_executor.py
[2024-08-30T03:47:45.431+0000] {processor.py:914} INFO - Processing file /home/airflow/.local/lib/python3.12/site-packages/airflow/example_dags/example_kubernetes_executor.py for tasks to queue
[2024-08-30T03:47:45.433+0000] {logging_mixin.py:190} INFO - [2024-08-30T03:47:45.433+0000] {dagbag.py:587} INFO - Filling up the DagBag from /home/airflow/.local/lib/python3.12/site-packages/airflow/example_dags/example_kubernetes_executor.py
[2024-08-30T03:47:45.444+0000] {processor.py:925} INFO - DAG(s) 'example_kubernetes_executor' retrieved from /home/airflow/.local/lib/python3.12/site-packages/airflow/example_dags/example_kubernetes_executor.py
[2024-08-30T03:47:45.471+0000] {logging_mixin.py:190} INFO - [2024-08-30T03:47:45.471+0000] {dag.py:3211} INFO - Sync 1 DAGs
[2024-08-30T03:47:45.481+0000] {logging_mixin.py:190} INFO - [2024-08-30T03:47:45.481+0000] {dag.py:4138} INFO - Setting next_dagrun for example_kubernetes_executor to None, run_after=None
[2024-08-30T03:47:45.499+0000] {processor.py:208} INFO - Processing /home/airflow/.local/lib/python3.12/site-packages/airflow/example_dags/example_kubernetes_executor.py took 0.073 seconds
[2024-08-30T03:48:15.858+0000] {processor.py:186} INFO - Started process (PID=315) to work on /home/airflow/.local/lib/python3.12/site-packages/airflow/example_dags/example_kubernetes_executor.py
[2024-08-30T03:48:15.858+0000] {processor.py:914} INFO - Processing file /home/airflow/.local/lib/python3.12/site-packages/airflow/example_dags/example_kubernetes_executor.py for tasks to queue
[2024-08-30T03:48:15.860+0000] {logging_mixin.py:190} INFO - [2024-08-30T03:48:15.860+0000] {dagbag.py:587} INFO - Filling up the DagBag from /home/airflow/.local/lib/python3.12/site-packages/airflow/example_dags/example_kubernetes_executor.py
[2024-08-30T03:48:15.870+0000] {processor.py:925} INFO - DAG(s) 'example_kubernetes_executor' retrieved from /home/airflow/.local/lib/python3.12/site-packages/airflow/example_dags/example_kubernetes_executor.py
[2024-08-30T03:48:15.901+0000] {logging_mixin.py:190} INFO - [2024-08-30T03:48:15.901+0000] {dag.py:3211} INFO - Sync 1 DAGs
[2024-08-30T03:48:15.911+0000] {logging_mixin.py:190} INFO - [2024-08-30T03:48:15.911+0000] {dag.py:4138} INFO - Setting next_dagrun for example_kubernetes_executor to None, run_after=None
[2024-08-30T03:48:15.928+0000] {processor.py:208} INFO - Processing /home/airflow/.local/lib/python3.12/site-packages/airflow/example_dags/example_kubernetes_executor.py took 0.075 seconds
[2024-08-30T03:48:46.494+0000] {processor.py:186} INFO - Started process (PID=382) to work on /home/airflow/.local/lib/python3.12/site-packages/airflow/example_dags/example_kubernetes_executor.py
[2024-08-30T03:48:46.495+0000] {processor.py:914} INFO - Processing file /home/airflow/.local/lib/python3.12/site-packages/airflow/example_dags/example_kubernetes_executor.py for tasks to queue
[2024-08-30T03:48:46.497+0000] {logging_mixin.py:190} INFO - [2024-08-30T03:48:46.497+0000] {dagbag.py:587} INFO - Filling up the DagBag from /home/airflow/.local/lib/python3.12/site-packages/airflow/example_dags/example_kubernetes_executor.py
[2024-08-30T03:48:46.508+0000] {processor.py:925} INFO - DAG(s) 'example_kubernetes_executor' retrieved from /home/airflow/.local/lib/python3.12/site-packages/airflow/example_dags/example_kubernetes_executor.py
[2024-08-30T03:48:46.533+0000] {logging_mixin.py:190} INFO - [2024-08-30T03:48:46.533+0000] {dag.py:3211} INFO - Sync 1 DAGs
[2024-08-30T03:48:46.544+0000] {logging_mixin.py:190} INFO - [2024-08-30T03:48:46.544+0000] {dag.py:4138} INFO - Setting next_dagrun for example_kubernetes_executor to None, run_after=None
[2024-08-30T03:48:46.560+0000] {processor.py:208} INFO - Processing /home/airflow/.local/lib/python3.12/site-packages/airflow/example_dags/example_kubernetes_executor.py took 0.070 seconds
[2024-08-30T03:49:17.317+0000] {processor.py:186} INFO - Started process (PID=445) to work on /home/airflow/.local/lib/python3.12/site-packages/airflow/example_dags/example_kubernetes_executor.py
[2024-08-30T03:49:17.318+0000] {processor.py:914} INFO - Processing file /home/airflow/.local/lib/python3.12/site-packages/airflow/example_dags/example_kubernetes_executor.py for tasks to queue
[2024-08-30T03:49:17.320+0000] {logging_mixin.py:190} INFO - [2024-08-30T03:49:17.320+0000] {dagbag.py:587} INFO - Filling up the DagBag from /home/airflow/.local/lib/python3.12/site-packages/airflow/example_dags/example_kubernetes_executor.py
[2024-08-30T03:49:17.331+0000] {processor.py:925} INFO - DAG(s) 'example_kubernetes_executor' retrieved from /home/airflow/.local/lib/python3.12/site-packages/airflow/example_dags/example_kubernetes_executor.py
[2024-08-30T03:49:17.357+0000] {logging_mixin.py:190} INFO - [2024-08-30T03:49:17.357+0000] {dag.py:3211} INFO - Sync 1 DAGs
[2024-08-30T03:49:17.367+0000] {logging_mixin.py:190} INFO - [2024-08-30T03:49:17.367+0000] {dag.py:4138} INFO - Setting next_dagrun for example_kubernetes_executor to None, run_after=None
[2024-08-30T03:49:17.384+0000] {processor.py:208} INFO - Processing /home/airflow/.local/lib/python3.12/site-packages/airflow/example_dags/example_kubernetes_executor.py took 0.071 seconds
[2024-08-30T03:49:47.954+0000] {processor.py:186} INFO - Started process (PID=514) to work on /home/airflow/.local/lib/python3.12/site-packages/airflow/example_dags/example_kubernetes_executor.py
[2024-08-30T03:49:47.956+0000] {processor.py:914} INFO - Processing file /home/airflow/.local/lib/python3.12/site-packages/airflow/example_dags/example_kubernetes_executor.py for tasks to queue
[2024-08-30T03:49:47.958+0000] {logging_mixin.py:190} INFO - [2024-08-30T03:49:47.957+0000] {dagbag.py:587} INFO - Filling up the DagBag from /home/airflow/.local/lib/python3.12/site-packages/airflow/example_dags/example_kubernetes_executor.py
[2024-08-30T03:49:47.968+0000] {processor.py:925} INFO - DAG(s) 'example_kubernetes_executor' retrieved from /home/airflow/.local/lib/python3.12/site-packages/airflow/example_dags/example_kubernetes_executor.py
[2024-08-30T03:49:47.994+0000] {logging_mixin.py:190} INFO - [2024-08-30T03:49:47.993+0000] {dag.py:3211} INFO - Sync 1 DAGs
[2024-08-30T03:49:48.003+0000] {logging_mixin.py:190} INFO - [2024-08-30T03:49:48.003+0000] {dag.py:4138} INFO - Setting next_dagrun for example_kubernetes_executor to None, run_after=None
[2024-08-30T03:49:48.019+0000] {processor.py:208} INFO - Processing /home/airflow/.local/lib/python3.12/site-packages/airflow/example_dags/example_kubernetes_executor.py took 0.069 seconds
[2024-08-30T03:50:18.181+0000] {processor.py:186} INFO - Started process (PID=577) to work on /home/airflow/.local/lib/python3.12/site-packages/airflow/example_dags/example_kubernetes_executor.py
[2024-08-30T03:50:18.182+0000] {processor.py:914} INFO - Processing file /home/airflow/.local/lib/python3.12/site-packages/airflow/example_dags/example_kubernetes_executor.py for tasks to queue
[2024-08-30T03:50:18.184+0000] {logging_mixin.py:190} INFO - [2024-08-30T03:50:18.184+0000] {dagbag.py:587} INFO - Filling up the DagBag from /home/airflow/.local/lib/python3.12/site-packages/airflow/example_dags/example_kubernetes_executor.py
[2024-08-30T03:50:18.195+0000] {processor.py:925} INFO - DAG(s) 'example_kubernetes_executor' retrieved from /home/airflow/.local/lib/python3.12/site-packages/airflow/example_dags/example_kubernetes_executor.py
[2024-08-30T03:50:18.221+0000] {logging_mixin.py:190} INFO - [2024-08-30T03:50:18.221+0000] {dag.py:3211} INFO - Sync 1 DAGs
[2024-08-30T03:50:18.231+0000] {logging_mixin.py:190} INFO - [2024-08-30T03:50:18.230+0000] {dag.py:4138} INFO - Setting next_dagrun for example_kubernetes_executor to None, run_after=None
[2024-08-30T03:50:18.250+0000] {processor.py:208} INFO - Processing /home/airflow/.local/lib/python3.12/site-packages/airflow/example_dags/example_kubernetes_executor.py took 0.073 seconds
[2024-08-30T03:50:48.882+0000] {processor.py:186} INFO - Started process (PID=640) to work on /home/airflow/.local/lib/python3.12/site-packages/airflow/example_dags/example_kubernetes_executor.py
[2024-08-30T03:50:48.883+0000] {processor.py:914} INFO - Processing file /home/airflow/.local/lib/python3.12/site-packages/airflow/example_dags/example_kubernetes_executor.py for tasks to queue
[2024-08-30T03:50:48.885+0000] {logging_mixin.py:190} INFO - [2024-08-30T03:50:48.884+0000] {dagbag.py:587} INFO - Filling up the DagBag from /home/airflow/.local/lib/python3.12/site-packages/airflow/example_dags/example_kubernetes_executor.py
[2024-08-30T03:50:48.895+0000] {processor.py:925} INFO - DAG(s) 'example_kubernetes_executor' retrieved from /home/airflow/.local/lib/python3.12/site-packages/airflow/example_dags/example_kubernetes_executor.py
[2024-08-30T03:50:48.926+0000] {logging_mixin.py:190} INFO - [2024-08-30T03:50:48.925+0000] {dag.py:3211} INFO - Sync 1 DAGs
[2024-08-30T03:50:48.937+0000] {logging_mixin.py:190} INFO - [2024-08-30T03:50:48.937+0000] {dag.py:4138} INFO - Setting next_dagrun for example_kubernetes_executor to None, run_after=None
[2024-08-30T03:50:48.955+0000] {processor.py:208} INFO - Processing /home/airflow/.local/lib/python3.12/site-packages/airflow/example_dags/example_kubernetes_executor.py took 0.078 seconds
[2024-08-30T03:51:19.087+0000] {processor.py:186} INFO - Started process (PID=703) to work on /home/airflow/.local/lib/python3.12/site-packages/airflow/example_dags/example_kubernetes_executor.py
[2024-08-30T03:51:19.088+0000] {processor.py:914} INFO - Processing file /home/airflow/.local/lib/python3.12/site-packages/airflow/example_dags/example_kubernetes_executor.py for tasks to queue
[2024-08-30T03:51:19.090+0000] {logging_mixin.py:190} INFO - [2024-08-30T03:51:19.090+0000] {dagbag.py:587} INFO - Filling up the DagBag from /home/airflow/.local/lib/python3.12/site-packages/airflow/example_dags/example_kubernetes_executor.py
[2024-08-30T03:51:19.100+0000] {processor.py:925} INFO - DAG(s) 'example_kubernetes_executor' retrieved from /home/airflow/.local/lib/python3.12/site-packages/airflow/example_dags/example_kubernetes_executor.py
[2024-08-30T03:51:19.125+0000] {logging_mixin.py:190} INFO - [2024-08-30T03:51:19.125+0000] {dag.py:3211} INFO - Sync 1 DAGs
[2024-08-30T03:51:19.135+0000] {logging_mixin.py:190} INFO - [2024-08-30T03:51:19.134+0000] {dag.py:4138} INFO - Setting next_dagrun for example_kubernetes_executor to None, run_after=None
[2024-08-30T03:51:19.150+0000] {processor.py:208} INFO - Processing /home/airflow/.local/lib/python3.12/site-packages/airflow/example_dags/example_kubernetes_executor.py took 0.068 seconds
[2024-08-30T03:51:49.700+0000] {processor.py:186} INFO - Started process (PID=766) to work on /home/airflow/.local/lib/python3.12/site-packages/airflow/example_dags/example_kubernetes_executor.py
[2024-08-30T03:51:49.701+0000] {processor.py:914} INFO - Processing file /home/airflow/.local/lib/python3.12/site-packages/airflow/example_dags/example_kubernetes_executor.py for tasks to queue
[2024-08-30T03:51:49.703+0000] {logging_mixin.py:190} INFO - [2024-08-30T03:51:49.703+0000] {dagbag.py:587} INFO - Filling up the DagBag from /home/airflow/.local/lib/python3.12/site-packages/airflow/example_dags/example_kubernetes_executor.py
[2024-08-30T03:51:49.714+0000] {processor.py:925} INFO - DAG(s) 'example_kubernetes_executor' retrieved from /home/airflow/.local/lib/python3.12/site-packages/airflow/example_dags/example_kubernetes_executor.py
[2024-08-30T03:51:49.740+0000] {logging_mixin.py:190} INFO - [2024-08-30T03:51:49.740+0000] {dag.py:3211} INFO - Sync 1 DAGs
[2024-08-30T03:51:49.750+0000] {logging_mixin.py:190} INFO - [2024-08-30T03:51:49.750+0000] {dag.py:4138} INFO - Setting next_dagrun for example_kubernetes_executor to None, run_after=None
[2024-08-30T03:51:49.765+0000] {processor.py:208} INFO - Processing /home/airflow/.local/lib/python3.12/site-packages/airflow/example_dags/example_kubernetes_executor.py took 0.069 seconds
[2024-08-30T03:52:20.083+0000] {processor.py:186} INFO - Started process (PID=829) to work on /home/airflow/.local/lib/python3.12/site-packages/airflow/example_dags/example_kubernetes_executor.py
[2024-08-30T03:52:20.085+0000] {processor.py:914} INFO - Processing file /home/airflow/.local/lib/python3.12/site-packages/airflow/example_dags/example_kubernetes_executor.py for tasks to queue
[2024-08-30T03:52:20.088+0000] {logging_mixin.py:190} INFO - [2024-08-30T03:52:20.088+0000] {dagbag.py:587} INFO - Filling up the DagBag from /home/airflow/.local/lib/python3.12/site-packages/airflow/example_dags/example_kubernetes_executor.py
[2024-08-30T03:52:20.099+0000] {processor.py:925} INFO - DAG(s) 'example_kubernetes_executor' retrieved from /home/airflow/.local/lib/python3.12/site-packages/airflow/example_dags/example_kubernetes_executor.py
[2024-08-30T03:52:20.128+0000] {logging_mixin.py:190} INFO - [2024-08-30T03:52:20.127+0000] {dag.py:3211} INFO - Sync 1 DAGs
[2024-08-30T03:52:20.141+0000] {logging_mixin.py:190} INFO - [2024-08-30T03:52:20.140+0000] {dag.py:4138} INFO - Setting next_dagrun for example_kubernetes_executor to None, run_after=None
[2024-08-30T03:52:20.160+0000] {processor.py:208} INFO - Processing /home/airflow/.local/lib/python3.12/site-packages/airflow/example_dags/example_kubernetes_executor.py took 0.082 seconds
[2024-08-30T03:52:50.935+0000] {processor.py:186} INFO - Started process (PID=892) to work on /home/airflow/.local/lib/python3.12/site-packages/airflow/example_dags/example_kubernetes_executor.py
[2024-08-30T03:52:50.936+0000] {processor.py:914} INFO - Processing file /home/airflow/.local/lib/python3.12/site-packages/airflow/example_dags/example_kubernetes_executor.py for tasks to queue
[2024-08-30T03:52:50.938+0000] {logging_mixin.py:190} INFO - [2024-08-30T03:52:50.938+0000] {dagbag.py:587} INFO - Filling up the DagBag from /home/airflow/.local/lib/python3.12/site-packages/airflow/example_dags/example_kubernetes_executor.py
[2024-08-30T03:52:50.950+0000] {processor.py:925} INFO - DAG(s) 'example_kubernetes_executor' retrieved from /home/airflow/.local/lib/python3.12/site-packages/airflow/example_dags/example_kubernetes_executor.py
[2024-08-30T03:52:50.978+0000] {logging_mixin.py:190} INFO - [2024-08-30T03:52:50.977+0000] {dag.py:3211} INFO - Sync 1 DAGs
[2024-08-30T03:52:50.988+0000] {logging_mixin.py:190} INFO - [2024-08-30T03:52:50.988+0000] {dag.py:4138} INFO - Setting next_dagrun for example_kubernetes_executor to None, run_after=None
[2024-08-30T03:52:51.003+0000] {processor.py:208} INFO - Processing /home/airflow/.local/lib/python3.12/site-packages/airflow/example_dags/example_kubernetes_executor.py took 0.073 seconds
[2024-08-30T03:53:21.404+0000] {processor.py:186} INFO - Started process (PID=955) to work on /home/airflow/.local/lib/python3.12/site-packages/airflow/example_dags/example_kubernetes_executor.py
[2024-08-30T03:53:21.405+0000] {processor.py:914} INFO - Processing file /home/airflow/.local/lib/python3.12/site-packages/airflow/example_dags/example_kubernetes_executor.py for tasks to queue
[2024-08-30T03:53:21.406+0000] {logging_mixin.py:190} INFO - [2024-08-30T03:53:21.406+0000] {dagbag.py:587} INFO - Filling up the DagBag from /home/airflow/.local/lib/python3.12/site-packages/airflow/example_dags/example_kubernetes_executor.py
[2024-08-30T03:53:21.415+0000] {processor.py:925} INFO - DAG(s) 'example_kubernetes_executor' retrieved from /home/airflow/.local/lib/python3.12/site-packages/airflow/example_dags/example_kubernetes_executor.py
[2024-08-30T03:53:21.441+0000] {logging_mixin.py:190} INFO - [2024-08-30T03:53:21.441+0000] {dag.py:3211} INFO - Sync 1 DAGs
[2024-08-30T03:53:21.451+0000] {logging_mixin.py:190} INFO - [2024-08-30T03:53:21.451+0000] {dag.py:4138} INFO - Setting next_dagrun for example_kubernetes_executor to None, run_after=None
[2024-08-30T03:53:21.466+0000] {processor.py:208} INFO - Processing /home/airflow/.local/lib/python3.12/site-packages/airflow/example_dags/example_kubernetes_executor.py took 0.066 seconds
[2024-08-30T03:53:51.679+0000] {processor.py:186} INFO - Started process (PID=1017) to work on /home/airflow/.local/lib/python3.12/site-packages/airflow/example_dags/example_kubernetes_executor.py
[2024-08-30T03:53:51.680+0000] {processor.py:914} INFO - Processing file /home/airflow/.local/lib/python3.12/site-packages/airflow/example_dags/example_kubernetes_executor.py for tasks to queue
[2024-08-30T03:53:51.681+0000] {logging_mixin.py:190} INFO - [2024-08-30T03:53:51.681+0000] {dagbag.py:587} INFO - Filling up the DagBag from /home/airflow/.local/lib/python3.12/site-packages/airflow/example_dags/example_kubernetes_executor.py
[2024-08-30T03:53:51.698+0000] {processor.py:925} INFO - DAG(s) 'example_kubernetes_executor' retrieved from /home/airflow/.local/lib/python3.12/site-packages/airflow/example_dags/example_kubernetes_executor.py
[2024-08-30T03:53:51.724+0000] {logging_mixin.py:190} INFO - [2024-08-30T03:53:51.723+0000] {dag.py:3211} INFO - Sync 1 DAGs
[2024-08-30T03:53:51.734+0000] {logging_mixin.py:190} INFO - [2024-08-30T03:53:51.734+0000] {dag.py:4138} INFO - Setting next_dagrun for example_kubernetes_executor to None, run_after=None
[2024-08-30T03:53:51.754+0000] {processor.py:208} INFO - Processing /home/airflow/.local/lib/python3.12/site-packages/airflow/example_dags/example_kubernetes_executor.py took 0.079 seconds
[2024-08-30T03:54:22.442+0000] {processor.py:186} INFO - Started process (PID=1080) to work on /home/airflow/.local/lib/python3.12/site-packages/airflow/example_dags/example_kubernetes_executor.py
[2024-08-30T03:54:22.443+0000] {processor.py:914} INFO - Processing file /home/airflow/.local/lib/python3.12/site-packages/airflow/example_dags/example_kubernetes_executor.py for tasks to queue
[2024-08-30T03:54:22.444+0000] {logging_mixin.py:190} INFO - [2024-08-30T03:54:22.444+0000] {dagbag.py:587} INFO - Filling up the DagBag from /home/airflow/.local/lib/python3.12/site-packages/airflow/example_dags/example_kubernetes_executor.py
[2024-08-30T03:54:22.454+0000] {processor.py:925} INFO - DAG(s) 'example_kubernetes_executor' retrieved from /home/airflow/.local/lib/python3.12/site-packages/airflow/example_dags/example_kubernetes_executor.py
[2024-08-30T03:54:22.479+0000] {logging_mixin.py:190} INFO - [2024-08-30T03:54:22.478+0000] {dag.py:3211} INFO - Sync 1 DAGs
[2024-08-30T03:54:22.488+0000] {logging_mixin.py:190} INFO - [2024-08-30T03:54:22.488+0000] {dag.py:4138} INFO - Setting next_dagrun for example_kubernetes_executor to None, run_after=None
[2024-08-30T03:54:22.502+0000] {processor.py:208} INFO - Processing /home/airflow/.local/lib/python3.12/site-packages/airflow/example_dags/example_kubernetes_executor.py took 0.064 seconds
