[2024-08-30T03:30:04.493+0000] {processor.py:186} INFO - Started process (PID=71) to work on /home/airflow/.local/lib/python3.12/site-packages/airflow/example_dags/example_latest_only.py
[2024-08-30T03:30:04.494+0000] {processor.py:914} INFO - Processing file /home/airflow/.local/lib/python3.12/site-packages/airflow/example_dags/example_latest_only.py for tasks to queue
[2024-08-30T03:30:04.496+0000] {logging_mixin.py:190} INFO - [2024-08-30T03:30:04.496+0000] {dagbag.py:587} INFO - Filling up the DagBag from /home/airflow/.local/lib/python3.12/site-packages/airflow/example_dags/example_latest_only.py
[2024-08-30T03:30:04.507+0000] {processor.py:925} INFO - DAG(s) 'latest_only' retrieved from /home/airflow/.local/lib/python3.12/site-packages/airflow/example_dags/example_latest_only.py
[2024-08-30T03:30:04.529+0000] {logging_mixin.py:190} INFO - [2024-08-30T03:30:04.529+0000] {dag.py:3211} INFO - Sync 1 DAGs
[2024-08-30T03:30:04.547+0000] {logging_mixin.py:190} INFO - [2024-08-30T03:30:04.547+0000] {dag.py:4138} INFO - Setting next_dagrun for latest_only to 2024-08-29 20:00:00+00:00, run_after=2024-08-30 00:00:00+00:00
[2024-08-30T03:30:04.567+0000] {processor.py:208} INFO - Processing /home/airflow/.local/lib/python3.12/site-packages/airflow/example_dags/example_latest_only.py took 0.079 seconds
[2024-08-30T03:30:34.768+0000] {processor.py:186} INFO - Started process (PID=134) to work on /home/airflow/.local/lib/python3.12/site-packages/airflow/example_dags/example_latest_only.py
[2024-08-30T03:30:34.769+0000] {processor.py:914} INFO - Processing file /home/airflow/.local/lib/python3.12/site-packages/airflow/example_dags/example_latest_only.py for tasks to queue
[2024-08-30T03:30:34.771+0000] {logging_mixin.py:190} INFO - [2024-08-30T03:30:34.771+0000] {dagbag.py:587} INFO - Filling up the DagBag from /home/airflow/.local/lib/python3.12/site-packages/airflow/example_dags/example_latest_only.py
[2024-08-30T03:30:34.777+0000] {processor.py:925} INFO - DAG(s) 'latest_only' retrieved from /home/airflow/.local/lib/python3.12/site-packages/airflow/example_dags/example_latest_only.py
[2024-08-30T03:30:34.792+0000] {logging_mixin.py:190} INFO - [2024-08-30T03:30:34.792+0000] {dag.py:3211} INFO - Sync 1 DAGs
[2024-08-30T03:30:34.814+0000] {logging_mixin.py:190} INFO - [2024-08-30T03:30:34.814+0000] {dag.py:4138} INFO - Setting next_dagrun for latest_only to 2024-08-29 20:00:00+00:00, run_after=2024-08-30 00:00:00+00:00
[2024-08-30T03:30:34.832+0000] {processor.py:208} INFO - Processing /home/airflow/.local/lib/python3.12/site-packages/airflow/example_dags/example_latest_only.py took 0.070 seconds
[2024-08-30T03:31:05.569+0000] {processor.py:186} INFO - Started process (PID=197) to work on /home/airflow/.local/lib/python3.12/site-packages/airflow/example_dags/example_latest_only.py
[2024-08-30T03:31:05.571+0000] {processor.py:914} INFO - Processing file /home/airflow/.local/lib/python3.12/site-packages/airflow/example_dags/example_latest_only.py for tasks to queue
[2024-08-30T03:31:05.573+0000] {logging_mixin.py:190} INFO - [2024-08-30T03:31:05.573+0000] {dagbag.py:587} INFO - Filling up the DagBag from /home/airflow/.local/lib/python3.12/site-packages/airflow/example_dags/example_latest_only.py
[2024-08-30T03:31:05.579+0000] {processor.py:925} INFO - DAG(s) 'latest_only' retrieved from /home/airflow/.local/lib/python3.12/site-packages/airflow/example_dags/example_latest_only.py
[2024-08-30T03:31:05.592+0000] {logging_mixin.py:190} INFO - [2024-08-30T03:31:05.592+0000] {dag.py:3211} INFO - Sync 1 DAGs
[2024-08-30T03:31:05.607+0000] {logging_mixin.py:190} INFO - [2024-08-30T03:31:05.607+0000] {dag.py:4138} INFO - Setting next_dagrun for latest_only to 2024-08-29 20:00:00+00:00, run_after=2024-08-30 00:00:00+00:00
[2024-08-30T03:31:05.621+0000] {processor.py:208} INFO - Processing /home/airflow/.local/lib/python3.12/site-packages/airflow/example_dags/example_latest_only.py took 0.057 seconds
[2024-08-30T03:31:36.327+0000] {processor.py:186} INFO - Started process (PID=260) to work on /home/airflow/.local/lib/python3.12/site-packages/airflow/example_dags/example_latest_only.py
[2024-08-30T03:31:36.328+0000] {processor.py:914} INFO - Processing file /home/airflow/.local/lib/python3.12/site-packages/airflow/example_dags/example_latest_only.py for tasks to queue
[2024-08-30T03:31:36.331+0000] {logging_mixin.py:190} INFO - [2024-08-30T03:31:36.330+0000] {dagbag.py:587} INFO - Filling up the DagBag from /home/airflow/.local/lib/python3.12/site-packages/airflow/example_dags/example_latest_only.py
[2024-08-30T03:31:36.336+0000] {processor.py:925} INFO - DAG(s) 'latest_only' retrieved from /home/airflow/.local/lib/python3.12/site-packages/airflow/example_dags/example_latest_only.py
[2024-08-30T03:31:36.352+0000] {logging_mixin.py:190} INFO - [2024-08-30T03:31:36.352+0000] {dag.py:3211} INFO - Sync 1 DAGs
[2024-08-30T03:31:36.370+0000] {logging_mixin.py:190} INFO - [2024-08-30T03:31:36.370+0000] {dag.py:4138} INFO - Setting next_dagrun for latest_only to 2024-08-29 20:00:00+00:00, run_after=2024-08-30 00:00:00+00:00
[2024-08-30T03:31:36.385+0000] {processor.py:208} INFO - Processing /home/airflow/.local/lib/python3.12/site-packages/airflow/example_dags/example_latest_only.py took 0.063 seconds
[2024-08-30T03:32:07.212+0000] {processor.py:186} INFO - Started process (PID=323) to work on /home/airflow/.local/lib/python3.12/site-packages/airflow/example_dags/example_latest_only.py
[2024-08-30T03:32:07.213+0000] {processor.py:914} INFO - Processing file /home/airflow/.local/lib/python3.12/site-packages/airflow/example_dags/example_latest_only.py for tasks to queue
[2024-08-30T03:32:07.215+0000] {logging_mixin.py:190} INFO - [2024-08-30T03:32:07.215+0000] {dagbag.py:587} INFO - Filling up the DagBag from /home/airflow/.local/lib/python3.12/site-packages/airflow/example_dags/example_latest_only.py
[2024-08-30T03:32:07.220+0000] {processor.py:925} INFO - DAG(s) 'latest_only' retrieved from /home/airflow/.local/lib/python3.12/site-packages/airflow/example_dags/example_latest_only.py
[2024-08-30T03:32:07.236+0000] {logging_mixin.py:190} INFO - [2024-08-30T03:32:07.236+0000] {dag.py:3211} INFO - Sync 1 DAGs
[2024-08-30T03:32:07.253+0000] {logging_mixin.py:190} INFO - [2024-08-30T03:32:07.253+0000] {dag.py:4138} INFO - Setting next_dagrun for latest_only to 2024-08-29 20:00:00+00:00, run_after=2024-08-30 00:00:00+00:00
[2024-08-30T03:32:07.272+0000] {processor.py:208} INFO - Processing /home/airflow/.local/lib/python3.12/site-packages/airflow/example_dags/example_latest_only.py took 0.063 seconds
[2024-08-30T03:32:38.222+0000] {processor.py:186} INFO - Started process (PID=386) to work on /home/airflow/.local/lib/python3.12/site-packages/airflow/example_dags/example_latest_only.py
[2024-08-30T03:32:38.223+0000] {processor.py:914} INFO - Processing file /home/airflow/.local/lib/python3.12/site-packages/airflow/example_dags/example_latest_only.py for tasks to queue
[2024-08-30T03:32:38.225+0000] {logging_mixin.py:190} INFO - [2024-08-30T03:32:38.225+0000] {dagbag.py:587} INFO - Filling up the DagBag from /home/airflow/.local/lib/python3.12/site-packages/airflow/example_dags/example_latest_only.py
[2024-08-30T03:32:38.231+0000] {processor.py:925} INFO - DAG(s) 'latest_only' retrieved from /home/airflow/.local/lib/python3.12/site-packages/airflow/example_dags/example_latest_only.py
[2024-08-30T03:32:38.244+0000] {logging_mixin.py:190} INFO - [2024-08-30T03:32:38.244+0000] {dag.py:3211} INFO - Sync 1 DAGs
[2024-08-30T03:32:38.260+0000] {logging_mixin.py:190} INFO - [2024-08-30T03:32:38.260+0000] {dag.py:4138} INFO - Setting next_dagrun for latest_only to 2024-08-29 20:00:00+00:00, run_after=2024-08-30 00:00:00+00:00
[2024-08-30T03:32:38.279+0000] {processor.py:208} INFO - Processing /home/airflow/.local/lib/python3.12/site-packages/airflow/example_dags/example_latest_only.py took 0.061 seconds
[2024-08-30T03:33:09.292+0000] {processor.py:186} INFO - Started process (PID=449) to work on /home/airflow/.local/lib/python3.12/site-packages/airflow/example_dags/example_latest_only.py
[2024-08-30T03:33:09.293+0000] {processor.py:914} INFO - Processing file /home/airflow/.local/lib/python3.12/site-packages/airflow/example_dags/example_latest_only.py for tasks to queue
[2024-08-30T03:33:09.296+0000] {logging_mixin.py:190} INFO - [2024-08-30T03:33:09.296+0000] {dagbag.py:587} INFO - Filling up the DagBag from /home/airflow/.local/lib/python3.12/site-packages/airflow/example_dags/example_latest_only.py
[2024-08-30T03:33:09.304+0000] {processor.py:925} INFO - DAG(s) 'latest_only' retrieved from /home/airflow/.local/lib/python3.12/site-packages/airflow/example_dags/example_latest_only.py
[2024-08-30T03:33:09.321+0000] {logging_mixin.py:190} INFO - [2024-08-30T03:33:09.321+0000] {dag.py:3211} INFO - Sync 1 DAGs
[2024-08-30T03:33:09.336+0000] {logging_mixin.py:190} INFO - [2024-08-30T03:33:09.336+0000] {dag.py:4138} INFO - Setting next_dagrun for latest_only to 2024-08-29 20:00:00+00:00, run_after=2024-08-30 00:00:00+00:00
[2024-08-30T03:33:09.354+0000] {processor.py:208} INFO - Processing /home/airflow/.local/lib/python3.12/site-packages/airflow/example_dags/example_latest_only.py took 0.070 seconds
[2024-08-30T03:33:40.014+0000] {processor.py:186} INFO - Started process (PID=512) to work on /home/airflow/.local/lib/python3.12/site-packages/airflow/example_dags/example_latest_only.py
[2024-08-30T03:33:40.015+0000] {processor.py:914} INFO - Processing file /home/airflow/.local/lib/python3.12/site-packages/airflow/example_dags/example_latest_only.py for tasks to queue
[2024-08-30T03:33:40.017+0000] {logging_mixin.py:190} INFO - [2024-08-30T03:33:40.017+0000] {dagbag.py:587} INFO - Filling up the DagBag from /home/airflow/.local/lib/python3.12/site-packages/airflow/example_dags/example_latest_only.py
[2024-08-30T03:33:40.023+0000] {processor.py:925} INFO - DAG(s) 'latest_only' retrieved from /home/airflow/.local/lib/python3.12/site-packages/airflow/example_dags/example_latest_only.py
[2024-08-30T03:33:40.038+0000] {logging_mixin.py:190} INFO - [2024-08-30T03:33:40.038+0000] {dag.py:3211} INFO - Sync 1 DAGs
[2024-08-30T03:33:40.057+0000] {logging_mixin.py:190} INFO - [2024-08-30T03:33:40.056+0000] {dag.py:4138} INFO - Setting next_dagrun for latest_only to 2024-08-29 20:00:00+00:00, run_after=2024-08-30 00:00:00+00:00
[2024-08-30T03:33:40.073+0000] {processor.py:208} INFO - Processing /home/airflow/.local/lib/python3.12/site-packages/airflow/example_dags/example_latest_only.py took 0.063 seconds
[2024-08-30T03:34:10.707+0000] {processor.py:186} INFO - Started process (PID=575) to work on /home/airflow/.local/lib/python3.12/site-packages/airflow/example_dags/example_latest_only.py
[2024-08-30T03:34:10.712+0000] {processor.py:914} INFO - Processing file /home/airflow/.local/lib/python3.12/site-packages/airflow/example_dags/example_latest_only.py for tasks to queue
[2024-08-30T03:34:10.730+0000] {logging_mixin.py:190} INFO - [2024-08-30T03:34:10.730+0000] {dagbag.py:587} INFO - Filling up the DagBag from /home/airflow/.local/lib/python3.12/site-packages/airflow/example_dags/example_latest_only.py
[2024-08-30T03:34:10.735+0000] {processor.py:925} INFO - DAG(s) 'latest_only' retrieved from /home/airflow/.local/lib/python3.12/site-packages/airflow/example_dags/example_latest_only.py
[2024-08-30T03:34:10.754+0000] {logging_mixin.py:190} INFO - [2024-08-30T03:34:10.754+0000] {dag.py:3211} INFO - Sync 1 DAGs
[2024-08-30T03:34:10.770+0000] {logging_mixin.py:190} INFO - [2024-08-30T03:34:10.770+0000] {dag.py:4138} INFO - Setting next_dagrun for latest_only to 2024-08-29 20:00:00+00:00, run_after=2024-08-30 00:00:00+00:00
[2024-08-30T03:34:10.787+0000] {processor.py:208} INFO - Processing /home/airflow/.local/lib/python3.12/site-packages/airflow/example_dags/example_latest_only.py took 0.088 seconds
[2024-08-30T03:34:41.592+0000] {processor.py:186} INFO - Started process (PID=638) to work on /home/airflow/.local/lib/python3.12/site-packages/airflow/example_dags/example_latest_only.py
[2024-08-30T03:34:41.593+0000] {processor.py:914} INFO - Processing file /home/airflow/.local/lib/python3.12/site-packages/airflow/example_dags/example_latest_only.py for tasks to queue
[2024-08-30T03:34:41.595+0000] {logging_mixin.py:190} INFO - [2024-08-30T03:34:41.595+0000] {dagbag.py:587} INFO - Filling up the DagBag from /home/airflow/.local/lib/python3.12/site-packages/airflow/example_dags/example_latest_only.py
[2024-08-30T03:34:41.600+0000] {processor.py:925} INFO - DAG(s) 'latest_only' retrieved from /home/airflow/.local/lib/python3.12/site-packages/airflow/example_dags/example_latest_only.py
[2024-08-30T03:34:41.615+0000] {logging_mixin.py:190} INFO - [2024-08-30T03:34:41.615+0000] {dag.py:3211} INFO - Sync 1 DAGs
[2024-08-30T03:34:41.631+0000] {logging_mixin.py:190} INFO - [2024-08-30T03:34:41.630+0000] {dag.py:4138} INFO - Setting next_dagrun for latest_only to 2024-08-29 20:00:00+00:00, run_after=2024-08-30 00:00:00+00:00
[2024-08-30T03:34:41.651+0000] {processor.py:208} INFO - Processing /home/airflow/.local/lib/python3.12/site-packages/airflow/example_dags/example_latest_only.py took 0.063 seconds
[2024-08-30T03:35:12.468+0000] {processor.py:186} INFO - Started process (PID=701) to work on /home/airflow/.local/lib/python3.12/site-packages/airflow/example_dags/example_latest_only.py
[2024-08-30T03:35:12.469+0000] {processor.py:914} INFO - Processing file /home/airflow/.local/lib/python3.12/site-packages/airflow/example_dags/example_latest_only.py for tasks to queue
[2024-08-30T03:35:12.470+0000] {logging_mixin.py:190} INFO - [2024-08-30T03:35:12.470+0000] {dagbag.py:587} INFO - Filling up the DagBag from /home/airflow/.local/lib/python3.12/site-packages/airflow/example_dags/example_latest_only.py
[2024-08-30T03:35:12.479+0000] {processor.py:925} INFO - DAG(s) 'latest_only' retrieved from /home/airflow/.local/lib/python3.12/site-packages/airflow/example_dags/example_latest_only.py
[2024-08-30T03:35:12.496+0000] {logging_mixin.py:190} INFO - [2024-08-30T03:35:12.496+0000] {dag.py:3211} INFO - Sync 1 DAGs
[2024-08-30T03:35:12.512+0000] {logging_mixin.py:190} INFO - [2024-08-30T03:35:12.512+0000] {dag.py:4138} INFO - Setting next_dagrun for latest_only to 2024-08-29 20:00:00+00:00, run_after=2024-08-30 00:00:00+00:00
[2024-08-30T03:35:12.530+0000] {processor.py:208} INFO - Processing /home/airflow/.local/lib/python3.12/site-packages/airflow/example_dags/example_latest_only.py took 0.067 seconds
[2024-08-30T03:35:43.543+0000] {processor.py:186} INFO - Started process (PID=764) to work on /home/airflow/.local/lib/python3.12/site-packages/airflow/example_dags/example_latest_only.py
[2024-08-30T03:35:43.544+0000] {processor.py:914} INFO - Processing file /home/airflow/.local/lib/python3.12/site-packages/airflow/example_dags/example_latest_only.py for tasks to queue
[2024-08-30T03:35:43.545+0000] {logging_mixin.py:190} INFO - [2024-08-30T03:35:43.545+0000] {dagbag.py:587} INFO - Filling up the DagBag from /home/airflow/.local/lib/python3.12/site-packages/airflow/example_dags/example_latest_only.py
[2024-08-30T03:35:43.550+0000] {processor.py:925} INFO - DAG(s) 'latest_only' retrieved from /home/airflow/.local/lib/python3.12/site-packages/airflow/example_dags/example_latest_only.py
[2024-08-30T03:35:43.567+0000] {logging_mixin.py:190} INFO - [2024-08-30T03:35:43.566+0000] {dag.py:3211} INFO - Sync 1 DAGs
[2024-08-30T03:35:43.583+0000] {logging_mixin.py:190} INFO - [2024-08-30T03:35:43.583+0000] {dag.py:4138} INFO - Setting next_dagrun for latest_only to 2024-08-29 20:00:00+00:00, run_after=2024-08-30 00:00:00+00:00
[2024-08-30T03:35:43.599+0000] {processor.py:208} INFO - Processing /home/airflow/.local/lib/python3.12/site-packages/airflow/example_dags/example_latest_only.py took 0.060 seconds
[2024-08-30T03:36:14.511+0000] {processor.py:186} INFO - Started process (PID=827) to work on /home/airflow/.local/lib/python3.12/site-packages/airflow/example_dags/example_latest_only.py
[2024-08-30T03:36:14.512+0000] {processor.py:914} INFO - Processing file /home/airflow/.local/lib/python3.12/site-packages/airflow/example_dags/example_latest_only.py for tasks to queue
[2024-08-30T03:36:14.514+0000] {logging_mixin.py:190} INFO - [2024-08-30T03:36:14.514+0000] {dagbag.py:587} INFO - Filling up the DagBag from /home/airflow/.local/lib/python3.12/site-packages/airflow/example_dags/example_latest_only.py
[2024-08-30T03:36:14.519+0000] {processor.py:925} INFO - DAG(s) 'latest_only' retrieved from /home/airflow/.local/lib/python3.12/site-packages/airflow/example_dags/example_latest_only.py
[2024-08-30T03:36:14.536+0000] {logging_mixin.py:190} INFO - [2024-08-30T03:36:14.536+0000] {dag.py:3211} INFO - Sync 1 DAGs
[2024-08-30T03:36:14.552+0000] {logging_mixin.py:190} INFO - [2024-08-30T03:36:14.552+0000] {dag.py:4138} INFO - Setting next_dagrun for latest_only to 2024-08-29 20:00:00+00:00, run_after=2024-08-30 00:00:00+00:00
[2024-08-30T03:36:14.578+0000] {processor.py:208} INFO - Processing /home/airflow/.local/lib/python3.12/site-packages/airflow/example_dags/example_latest_only.py took 0.071 seconds
[2024-08-30T03:37:28.359+0000] {processor.py:186} INFO - Started process (PID=70) to work on /home/airflow/.local/lib/python3.12/site-packages/airflow/example_dags/example_latest_only.py
[2024-08-30T03:37:28.360+0000] {processor.py:914} INFO - Processing file /home/airflow/.local/lib/python3.12/site-packages/airflow/example_dags/example_latest_only.py for tasks to queue
[2024-08-30T03:37:28.363+0000] {logging_mixin.py:190} INFO - [2024-08-30T03:37:28.362+0000] {dagbag.py:587} INFO - Filling up the DagBag from /home/airflow/.local/lib/python3.12/site-packages/airflow/example_dags/example_latest_only.py
[2024-08-30T03:37:28.372+0000] {processor.py:925} INFO - DAG(s) 'latest_only' retrieved from /home/airflow/.local/lib/python3.12/site-packages/airflow/example_dags/example_latest_only.py
[2024-08-30T03:37:28.392+0000] {logging_mixin.py:190} INFO - [2024-08-30T03:37:28.391+0000] {dag.py:3211} INFO - Sync 1 DAGs
[2024-08-30T03:37:28.408+0000] {logging_mixin.py:190} INFO - [2024-08-30T03:37:28.408+0000] {dag.py:4138} INFO - Setting next_dagrun for latest_only to 2024-08-29 20:00:00+00:00, run_after=2024-08-30 00:00:00+00:00
[2024-08-30T03:37:28.425+0000] {processor.py:208} INFO - Processing /home/airflow/.local/lib/python3.12/site-packages/airflow/example_dags/example_latest_only.py took 0.070 seconds
[2024-08-30T03:37:59.351+0000] {processor.py:186} INFO - Started process (PID=133) to work on /home/airflow/.local/lib/python3.12/site-packages/airflow/example_dags/example_latest_only.py
[2024-08-30T03:37:59.352+0000] {processor.py:914} INFO - Processing file /home/airflow/.local/lib/python3.12/site-packages/airflow/example_dags/example_latest_only.py for tasks to queue
[2024-08-30T03:37:59.354+0000] {logging_mixin.py:190} INFO - [2024-08-30T03:37:59.354+0000] {dagbag.py:587} INFO - Filling up the DagBag from /home/airflow/.local/lib/python3.12/site-packages/airflow/example_dags/example_latest_only.py
[2024-08-30T03:37:59.359+0000] {processor.py:925} INFO - DAG(s) 'latest_only' retrieved from /home/airflow/.local/lib/python3.12/site-packages/airflow/example_dags/example_latest_only.py
[2024-08-30T03:37:59.374+0000] {logging_mixin.py:190} INFO - [2024-08-30T03:37:59.373+0000] {dag.py:3211} INFO - Sync 1 DAGs
[2024-08-30T03:37:59.389+0000] {logging_mixin.py:190} INFO - [2024-08-30T03:37:59.389+0000] {dag.py:4138} INFO - Setting next_dagrun for latest_only to 2024-08-29 20:00:00+00:00, run_after=2024-08-30 00:00:00+00:00
[2024-08-30T03:37:59.405+0000] {processor.py:208} INFO - Processing /home/airflow/.local/lib/python3.12/site-packages/airflow/example_dags/example_latest_only.py took 0.058 seconds
[2024-08-30T03:38:29.532+0000] {processor.py:186} INFO - Started process (PID=196) to work on /home/airflow/.local/lib/python3.12/site-packages/airflow/example_dags/example_latest_only.py
[2024-08-30T03:38:29.532+0000] {processor.py:914} INFO - Processing file /home/airflow/.local/lib/python3.12/site-packages/airflow/example_dags/example_latest_only.py for tasks to queue
[2024-08-30T03:38:29.534+0000] {logging_mixin.py:190} INFO - [2024-08-30T03:38:29.534+0000] {dagbag.py:587} INFO - Filling up the DagBag from /home/airflow/.local/lib/python3.12/site-packages/airflow/example_dags/example_latest_only.py
[2024-08-30T03:38:29.539+0000] {processor.py:925} INFO - DAG(s) 'latest_only' retrieved from /home/airflow/.local/lib/python3.12/site-packages/airflow/example_dags/example_latest_only.py
[2024-08-30T03:38:29.554+0000] {logging_mixin.py:190} INFO - [2024-08-30T03:38:29.554+0000] {dag.py:3211} INFO - Sync 1 DAGs
[2024-08-30T03:38:29.570+0000] {logging_mixin.py:190} INFO - [2024-08-30T03:38:29.570+0000] {dag.py:4138} INFO - Setting next_dagrun for latest_only to 2024-08-29 20:00:00+00:00, run_after=2024-08-30 00:00:00+00:00
[2024-08-30T03:38:29.585+0000] {processor.py:208} INFO - Processing /home/airflow/.local/lib/python3.12/site-packages/airflow/example_dags/example_latest_only.py took 0.058 seconds
[2024-08-30T03:39:00.184+0000] {processor.py:186} INFO - Started process (PID=259) to work on /home/airflow/.local/lib/python3.12/site-packages/airflow/example_dags/example_latest_only.py
[2024-08-30T03:39:00.185+0000] {processor.py:914} INFO - Processing file /home/airflow/.local/lib/python3.12/site-packages/airflow/example_dags/example_latest_only.py for tasks to queue
[2024-08-30T03:39:00.187+0000] {logging_mixin.py:190} INFO - [2024-08-30T03:39:00.187+0000] {dagbag.py:587} INFO - Filling up the DagBag from /home/airflow/.local/lib/python3.12/site-packages/airflow/example_dags/example_latest_only.py
[2024-08-30T03:39:00.192+0000] {processor.py:925} INFO - DAG(s) 'latest_only' retrieved from /home/airflow/.local/lib/python3.12/site-packages/airflow/example_dags/example_latest_only.py
[2024-08-30T03:39:00.207+0000] {logging_mixin.py:190} INFO - [2024-08-30T03:39:00.207+0000] {dag.py:3211} INFO - Sync 1 DAGs
[2024-08-30T03:39:00.223+0000] {logging_mixin.py:190} INFO - [2024-08-30T03:39:00.223+0000] {dag.py:4138} INFO - Setting next_dagrun for latest_only to 2024-08-29 20:00:00+00:00, run_after=2024-08-30 00:00:00+00:00
[2024-08-30T03:39:00.239+0000] {processor.py:208} INFO - Processing /home/airflow/.local/lib/python3.12/site-packages/airflow/example_dags/example_latest_only.py took 0.060 seconds
[2024-08-30T03:39:30.969+0000] {processor.py:186} INFO - Started process (PID=322) to work on /home/airflow/.local/lib/python3.12/site-packages/airflow/example_dags/example_latest_only.py
[2024-08-30T03:39:30.970+0000] {processor.py:914} INFO - Processing file /home/airflow/.local/lib/python3.12/site-packages/airflow/example_dags/example_latest_only.py for tasks to queue
[2024-08-30T03:39:30.972+0000] {logging_mixin.py:190} INFO - [2024-08-30T03:39:30.972+0000] {dagbag.py:587} INFO - Filling up the DagBag from /home/airflow/.local/lib/python3.12/site-packages/airflow/example_dags/example_latest_only.py
[2024-08-30T03:39:30.978+0000] {processor.py:925} INFO - DAG(s) 'latest_only' retrieved from /home/airflow/.local/lib/python3.12/site-packages/airflow/example_dags/example_latest_only.py
[2024-08-30T03:39:30.993+0000] {logging_mixin.py:190} INFO - [2024-08-30T03:39:30.993+0000] {dag.py:3211} INFO - Sync 1 DAGs
[2024-08-30T03:39:31.009+0000] {logging_mixin.py:190} INFO - [2024-08-30T03:39:31.009+0000] {dag.py:4138} INFO - Setting next_dagrun for latest_only to 2024-08-29 20:00:00+00:00, run_after=2024-08-30 00:00:00+00:00
[2024-08-30T03:39:31.026+0000] {processor.py:208} INFO - Processing /home/airflow/.local/lib/python3.12/site-packages/airflow/example_dags/example_latest_only.py took 0.061 seconds
[2024-08-30T03:40:01.495+0000] {processor.py:186} INFO - Started process (PID=385) to work on /home/airflow/.local/lib/python3.12/site-packages/airflow/example_dags/example_latest_only.py
[2024-08-30T03:40:01.496+0000] {processor.py:914} INFO - Processing file /home/airflow/.local/lib/python3.12/site-packages/airflow/example_dags/example_latest_only.py for tasks to queue
[2024-08-30T03:40:01.498+0000] {logging_mixin.py:190} INFO - [2024-08-30T03:40:01.498+0000] {dagbag.py:587} INFO - Filling up the DagBag from /home/airflow/.local/lib/python3.12/site-packages/airflow/example_dags/example_latest_only.py
[2024-08-30T03:40:01.503+0000] {processor.py:925} INFO - DAG(s) 'latest_only' retrieved from /home/airflow/.local/lib/python3.12/site-packages/airflow/example_dags/example_latest_only.py
[2024-08-30T03:40:01.518+0000] {logging_mixin.py:190} INFO - [2024-08-30T03:40:01.518+0000] {dag.py:3211} INFO - Sync 1 DAGs
[2024-08-30T03:40:01.534+0000] {logging_mixin.py:190} INFO - [2024-08-30T03:40:01.534+0000] {dag.py:4138} INFO - Setting next_dagrun for latest_only to 2024-08-29 20:00:00+00:00, run_after=2024-08-30 00:00:00+00:00
[2024-08-30T03:40:01.550+0000] {processor.py:208} INFO - Processing /home/airflow/.local/lib/python3.12/site-packages/airflow/example_dags/example_latest_only.py took 0.059 seconds
[2024-08-30T03:40:31.961+0000] {processor.py:186} INFO - Started process (PID=448) to work on /home/airflow/.local/lib/python3.12/site-packages/airflow/example_dags/example_latest_only.py
[2024-08-30T03:40:31.962+0000] {processor.py:914} INFO - Processing file /home/airflow/.local/lib/python3.12/site-packages/airflow/example_dags/example_latest_only.py for tasks to queue
[2024-08-30T03:40:31.964+0000] {logging_mixin.py:190} INFO - [2024-08-30T03:40:31.964+0000] {dagbag.py:587} INFO - Filling up the DagBag from /home/airflow/.local/lib/python3.12/site-packages/airflow/example_dags/example_latest_only.py
[2024-08-30T03:40:31.970+0000] {processor.py:925} INFO - DAG(s) 'latest_only' retrieved from /home/airflow/.local/lib/python3.12/site-packages/airflow/example_dags/example_latest_only.py
[2024-08-30T03:40:31.985+0000] {logging_mixin.py:190} INFO - [2024-08-30T03:40:31.985+0000] {dag.py:3211} INFO - Sync 1 DAGs
[2024-08-30T03:40:32.005+0000] {logging_mixin.py:190} INFO - [2024-08-30T03:40:32.005+0000] {dag.py:4138} INFO - Setting next_dagrun for latest_only to 2024-08-29 20:00:00+00:00, run_after=2024-08-30 00:00:00+00:00
[2024-08-30T03:40:32.022+0000] {processor.py:208} INFO - Processing /home/airflow/.local/lib/python3.12/site-packages/airflow/example_dags/example_latest_only.py took 0.066 seconds
[2024-08-30T03:41:03.008+0000] {processor.py:186} INFO - Started process (PID=517) to work on /home/airflow/.local/lib/python3.12/site-packages/airflow/example_dags/example_latest_only.py
[2024-08-30T03:41:03.009+0000] {processor.py:914} INFO - Processing file /home/airflow/.local/lib/python3.12/site-packages/airflow/example_dags/example_latest_only.py for tasks to queue
[2024-08-30T03:41:03.011+0000] {logging_mixin.py:190} INFO - [2024-08-30T03:41:03.011+0000] {dagbag.py:587} INFO - Filling up the DagBag from /home/airflow/.local/lib/python3.12/site-packages/airflow/example_dags/example_latest_only.py
[2024-08-30T03:41:03.017+0000] {processor.py:925} INFO - DAG(s) 'latest_only' retrieved from /home/airflow/.local/lib/python3.12/site-packages/airflow/example_dags/example_latest_only.py
[2024-08-30T03:41:03.029+0000] {logging_mixin.py:190} INFO - [2024-08-30T03:41:03.029+0000] {dag.py:3211} INFO - Sync 1 DAGs
[2024-08-30T03:41:03.044+0000] {logging_mixin.py:190} INFO - [2024-08-30T03:41:03.044+0000] {dag.py:4138} INFO - Setting next_dagrun for latest_only to 2024-08-29 20:00:00+00:00, run_after=2024-08-30 00:00:00+00:00
[2024-08-30T03:41:03.060+0000] {processor.py:208} INFO - Processing /home/airflow/.local/lib/python3.12/site-packages/airflow/example_dags/example_latest_only.py took 0.056 seconds
[2024-08-30T03:41:33.775+0000] {processor.py:186} INFO - Started process (PID=580) to work on /home/airflow/.local/lib/python3.12/site-packages/airflow/example_dags/example_latest_only.py
[2024-08-30T03:41:33.776+0000] {processor.py:914} INFO - Processing file /home/airflow/.local/lib/python3.12/site-packages/airflow/example_dags/example_latest_only.py for tasks to queue
[2024-08-30T03:41:33.779+0000] {logging_mixin.py:190} INFO - [2024-08-30T03:41:33.779+0000] {dagbag.py:587} INFO - Filling up the DagBag from /home/airflow/.local/lib/python3.12/site-packages/airflow/example_dags/example_latest_only.py
[2024-08-30T03:41:33.785+0000] {processor.py:925} INFO - DAG(s) 'latest_only' retrieved from /home/airflow/.local/lib/python3.12/site-packages/airflow/example_dags/example_latest_only.py
[2024-08-30T03:41:33.800+0000] {logging_mixin.py:190} INFO - [2024-08-30T03:41:33.800+0000] {dag.py:3211} INFO - Sync 1 DAGs
[2024-08-30T03:41:33.817+0000] {logging_mixin.py:190} INFO - [2024-08-30T03:41:33.816+0000] {dag.py:4138} INFO - Setting next_dagrun for latest_only to 2024-08-29 20:00:00+00:00, run_after=2024-08-30 00:00:00+00:00
[2024-08-30T03:41:33.833+0000] {processor.py:208} INFO - Processing /home/airflow/.local/lib/python3.12/site-packages/airflow/example_dags/example_latest_only.py took 0.063 seconds
[2024-08-30T03:42:05.144+0000] {processor.py:186} INFO - Started process (PID=643) to work on /home/airflow/.local/lib/python3.12/site-packages/airflow/example_dags/example_latest_only.py
[2024-08-30T03:42:05.153+0000] {processor.py:914} INFO - Processing file /home/airflow/.local/lib/python3.12/site-packages/airflow/example_dags/example_latest_only.py for tasks to queue
[2024-08-30T03:42:05.157+0000] {logging_mixin.py:190} INFO - [2024-08-30T03:42:05.157+0000] {dagbag.py:587} INFO - Filling up the DagBag from /home/airflow/.local/lib/python3.12/site-packages/airflow/example_dags/example_latest_only.py
[2024-08-30T03:42:05.168+0000] {processor.py:925} INFO - DAG(s) 'latest_only' retrieved from /home/airflow/.local/lib/python3.12/site-packages/airflow/example_dags/example_latest_only.py
[2024-08-30T03:42:05.183+0000] {logging_mixin.py:190} INFO - [2024-08-30T03:42:05.183+0000] {dag.py:3211} INFO - Sync 1 DAGs
[2024-08-30T03:42:05.198+0000] {logging_mixin.py:190} INFO - [2024-08-30T03:42:05.198+0000] {dag.py:4138} INFO - Setting next_dagrun for latest_only to 2024-08-29 20:00:00+00:00, run_after=2024-08-30 00:00:00+00:00
[2024-08-30T03:42:05.213+0000] {processor.py:208} INFO - Processing /home/airflow/.local/lib/python3.12/site-packages/airflow/example_dags/example_latest_only.py took 0.073 seconds
[2024-08-30T03:42:35.863+0000] {processor.py:186} INFO - Started process (PID=706) to work on /home/airflow/.local/lib/python3.12/site-packages/airflow/example_dags/example_latest_only.py
[2024-08-30T03:42:35.863+0000] {processor.py:914} INFO - Processing file /home/airflow/.local/lib/python3.12/site-packages/airflow/example_dags/example_latest_only.py for tasks to queue
[2024-08-30T03:42:35.865+0000] {logging_mixin.py:190} INFO - [2024-08-30T03:42:35.865+0000] {dagbag.py:587} INFO - Filling up the DagBag from /home/airflow/.local/lib/python3.12/site-packages/airflow/example_dags/example_latest_only.py
[2024-08-30T03:42:35.870+0000] {processor.py:925} INFO - DAG(s) 'latest_only' retrieved from /home/airflow/.local/lib/python3.12/site-packages/airflow/example_dags/example_latest_only.py
[2024-08-30T03:42:35.886+0000] {logging_mixin.py:190} INFO - [2024-08-30T03:42:35.886+0000] {dag.py:3211} INFO - Sync 1 DAGs
[2024-08-30T03:42:35.903+0000] {logging_mixin.py:190} INFO - [2024-08-30T03:42:35.903+0000] {dag.py:4138} INFO - Setting next_dagrun for latest_only to 2024-08-29 20:00:00+00:00, run_after=2024-08-30 00:00:00+00:00
[2024-08-30T03:42:35.918+0000] {processor.py:208} INFO - Processing /home/airflow/.local/lib/python3.12/site-packages/airflow/example_dags/example_latest_only.py took 0.060 seconds
[2024-08-30T03:43:06.285+0000] {processor.py:186} INFO - Started process (PID=770) to work on /home/airflow/.local/lib/python3.12/site-packages/airflow/example_dags/example_latest_only.py
[2024-08-30T03:43:06.286+0000] {processor.py:914} INFO - Processing file /home/airflow/.local/lib/python3.12/site-packages/airflow/example_dags/example_latest_only.py for tasks to queue
[2024-08-30T03:43:06.288+0000] {logging_mixin.py:190} INFO - [2024-08-30T03:43:06.287+0000] {dagbag.py:587} INFO - Filling up the DagBag from /home/airflow/.local/lib/python3.12/site-packages/airflow/example_dags/example_latest_only.py
[2024-08-30T03:43:06.293+0000] {processor.py:925} INFO - DAG(s) 'latest_only' retrieved from /home/airflow/.local/lib/python3.12/site-packages/airflow/example_dags/example_latest_only.py
[2024-08-30T03:43:06.308+0000] {logging_mixin.py:190} INFO - [2024-08-30T03:43:06.308+0000] {dag.py:3211} INFO - Sync 1 DAGs
[2024-08-30T03:43:06.324+0000] {logging_mixin.py:190} INFO - [2024-08-30T03:43:06.324+0000] {dag.py:4138} INFO - Setting next_dagrun for latest_only to 2024-08-29 20:00:00+00:00, run_after=2024-08-30 00:00:00+00:00
[2024-08-30T03:43:06.340+0000] {processor.py:208} INFO - Processing /home/airflow/.local/lib/python3.12/site-packages/airflow/example_dags/example_latest_only.py took 0.060 seconds
[2024-08-30T03:43:37.189+0000] {processor.py:186} INFO - Started process (PID=834) to work on /home/airflow/.local/lib/python3.12/site-packages/airflow/example_dags/example_latest_only.py
[2024-08-30T03:43:37.190+0000] {processor.py:914} INFO - Processing file /home/airflow/.local/lib/python3.12/site-packages/airflow/example_dags/example_latest_only.py for tasks to queue
[2024-08-30T03:43:37.192+0000] {logging_mixin.py:190} INFO - [2024-08-30T03:43:37.191+0000] {dagbag.py:587} INFO - Filling up the DagBag from /home/airflow/.local/lib/python3.12/site-packages/airflow/example_dags/example_latest_only.py
[2024-08-30T03:43:37.197+0000] {processor.py:925} INFO - DAG(s) 'latest_only' retrieved from /home/airflow/.local/lib/python3.12/site-packages/airflow/example_dags/example_latest_only.py
[2024-08-30T03:43:37.212+0000] {logging_mixin.py:190} INFO - [2024-08-30T03:43:37.211+0000] {dag.py:3211} INFO - Sync 1 DAGs
[2024-08-30T03:43:37.227+0000] {logging_mixin.py:190} INFO - [2024-08-30T03:43:37.227+0000] {dag.py:4138} INFO - Setting next_dagrun for latest_only to 2024-08-29 20:00:00+00:00, run_after=2024-08-30 00:00:00+00:00
[2024-08-30T03:43:37.243+0000] {processor.py:208} INFO - Processing /home/airflow/.local/lib/python3.12/site-packages/airflow/example_dags/example_latest_only.py took 0.058 seconds
[2024-08-30T03:44:07.352+0000] {processor.py:186} INFO - Started process (PID=897) to work on /home/airflow/.local/lib/python3.12/site-packages/airflow/example_dags/example_latest_only.py
[2024-08-30T03:44:07.353+0000] {processor.py:914} INFO - Processing file /home/airflow/.local/lib/python3.12/site-packages/airflow/example_dags/example_latest_only.py for tasks to queue
[2024-08-30T03:44:07.354+0000] {logging_mixin.py:190} INFO - [2024-08-30T03:44:07.354+0000] {dagbag.py:587} INFO - Filling up the DagBag from /home/airflow/.local/lib/python3.12/site-packages/airflow/example_dags/example_latest_only.py
[2024-08-30T03:44:07.359+0000] {processor.py:925} INFO - DAG(s) 'latest_only' retrieved from /home/airflow/.local/lib/python3.12/site-packages/airflow/example_dags/example_latest_only.py
[2024-08-30T03:44:07.375+0000] {logging_mixin.py:190} INFO - [2024-08-30T03:44:07.374+0000] {dag.py:3211} INFO - Sync 1 DAGs
[2024-08-30T03:44:07.390+0000] {logging_mixin.py:190} INFO - [2024-08-30T03:44:07.390+0000] {dag.py:4138} INFO - Setting next_dagrun for latest_only to 2024-08-29 20:00:00+00:00, run_after=2024-08-30 00:00:00+00:00
[2024-08-30T03:44:07.404+0000] {processor.py:208} INFO - Processing /home/airflow/.local/lib/python3.12/site-packages/airflow/example_dags/example_latest_only.py took 0.056 seconds
[2024-08-30T03:44:37.813+0000] {processor.py:186} INFO - Started process (PID=960) to work on /home/airflow/.local/lib/python3.12/site-packages/airflow/example_dags/example_latest_only.py
[2024-08-30T03:44:37.814+0000] {processor.py:914} INFO - Processing file /home/airflow/.local/lib/python3.12/site-packages/airflow/example_dags/example_latest_only.py for tasks to queue
[2024-08-30T03:44:37.816+0000] {logging_mixin.py:190} INFO - [2024-08-30T03:44:37.816+0000] {dagbag.py:587} INFO - Filling up the DagBag from /home/airflow/.local/lib/python3.12/site-packages/airflow/example_dags/example_latest_only.py
[2024-08-30T03:44:37.828+0000] {processor.py:925} INFO - DAG(s) 'latest_only' retrieved from /home/airflow/.local/lib/python3.12/site-packages/airflow/example_dags/example_latest_only.py
[2024-08-30T03:44:37.846+0000] {logging_mixin.py:190} INFO - [2024-08-30T03:44:37.846+0000] {dag.py:3211} INFO - Sync 1 DAGs
[2024-08-30T03:44:37.863+0000] {logging_mixin.py:190} INFO - [2024-08-30T03:44:37.863+0000] {dag.py:4138} INFO - Setting next_dagrun for latest_only to 2024-08-29 20:00:00+00:00, run_after=2024-08-30 00:00:00+00:00
[2024-08-30T03:44:37.880+0000] {processor.py:208} INFO - Processing /home/airflow/.local/lib/python3.12/site-packages/airflow/example_dags/example_latest_only.py took 0.072 seconds
[2024-08-30T03:45:08.468+0000] {processor.py:186} INFO - Started process (PID=1023) to work on /home/airflow/.local/lib/python3.12/site-packages/airflow/example_dags/example_latest_only.py
[2024-08-30T03:45:08.470+0000] {processor.py:914} INFO - Processing file /home/airflow/.local/lib/python3.12/site-packages/airflow/example_dags/example_latest_only.py for tasks to queue
[2024-08-30T03:45:08.472+0000] {logging_mixin.py:190} INFO - [2024-08-30T03:45:08.471+0000] {dagbag.py:587} INFO - Filling up the DagBag from /home/airflow/.local/lib/python3.12/site-packages/airflow/example_dags/example_latest_only.py
[2024-08-30T03:45:08.478+0000] {processor.py:925} INFO - DAG(s) 'latest_only' retrieved from /home/airflow/.local/lib/python3.12/site-packages/airflow/example_dags/example_latest_only.py
[2024-08-30T03:45:08.493+0000] {logging_mixin.py:190} INFO - [2024-08-30T03:45:08.493+0000] {dag.py:3211} INFO - Sync 1 DAGs
[2024-08-30T03:45:08.512+0000] {logging_mixin.py:190} INFO - [2024-08-30T03:45:08.512+0000] {dag.py:4138} INFO - Setting next_dagrun for latest_only to 2024-08-29 20:00:00+00:00, run_after=2024-08-30 00:00:00+00:00
[2024-08-30T03:45:08.531+0000] {processor.py:208} INFO - Processing /home/airflow/.local/lib/python3.12/site-packages/airflow/example_dags/example_latest_only.py took 0.067 seconds
[2024-08-30T03:46:00.345+0000] {processor.py:186} INFO - Started process (PID=70) to work on /home/airflow/.local/lib/python3.12/site-packages/airflow/example_dags/example_latest_only.py
[2024-08-30T03:46:00.348+0000] {processor.py:914} INFO - Processing file /home/airflow/.local/lib/python3.12/site-packages/airflow/example_dags/example_latest_only.py for tasks to queue
[2024-08-30T03:46:00.350+0000] {logging_mixin.py:190} INFO - [2024-08-30T03:46:00.350+0000] {dagbag.py:587} INFO - Filling up the DagBag from /home/airflow/.local/lib/python3.12/site-packages/airflow/example_dags/example_latest_only.py
[2024-08-30T03:46:00.360+0000] {processor.py:925} INFO - DAG(s) 'latest_only' retrieved from /home/airflow/.local/lib/python3.12/site-packages/airflow/example_dags/example_latest_only.py
[2024-08-30T03:46:00.380+0000] {logging_mixin.py:190} INFO - [2024-08-30T03:46:00.380+0000] {dag.py:3211} INFO - Sync 1 DAGs
[2024-08-30T03:46:13.368+0000] {processor.py:186} INFO - Started process (PID=64) to work on /home/airflow/.local/lib/python3.12/site-packages/airflow/example_dags/example_latest_only.py
[2024-08-30T03:46:13.369+0000] {processor.py:914} INFO - Processing file /home/airflow/.local/lib/python3.12/site-packages/airflow/example_dags/example_latest_only.py for tasks to queue
[2024-08-30T03:46:13.372+0000] {logging_mixin.py:190} INFO - [2024-08-30T03:46:13.372+0000] {dagbag.py:587} INFO - Filling up the DagBag from /home/airflow/.local/lib/python3.12/site-packages/airflow/example_dags/example_latest_only.py
[2024-08-30T03:46:13.379+0000] {processor.py:925} INFO - DAG(s) 'latest_only' retrieved from /home/airflow/.local/lib/python3.12/site-packages/airflow/example_dags/example_latest_only.py
[2024-08-30T03:46:13.397+0000] {logging_mixin.py:190} INFO - [2024-08-30T03:46:13.397+0000] {dag.py:3211} INFO - Sync 1 DAGs
[2024-08-30T03:46:13.412+0000] {logging_mixin.py:190} INFO - [2024-08-30T03:46:13.412+0000] {dag.py:4138} INFO - Setting next_dagrun for latest_only to 2024-08-29 20:00:00+00:00, run_after=2024-08-30 00:00:00+00:00
[2024-08-30T03:46:13.428+0000] {processor.py:208} INFO - Processing /home/airflow/.local/lib/python3.12/site-packages/airflow/example_dags/example_latest_only.py took 0.063 seconds
[2024-08-30T03:46:44.046+0000] {processor.py:186} INFO - Started process (PID=127) to work on /home/airflow/.local/lib/python3.12/site-packages/airflow/example_dags/example_latest_only.py
[2024-08-30T03:46:44.047+0000] {processor.py:914} INFO - Processing file /home/airflow/.local/lib/python3.12/site-packages/airflow/example_dags/example_latest_only.py for tasks to queue
[2024-08-30T03:46:44.049+0000] {logging_mixin.py:190} INFO - [2024-08-30T03:46:44.049+0000] {dagbag.py:587} INFO - Filling up the DagBag from /home/airflow/.local/lib/python3.12/site-packages/airflow/example_dags/example_latest_only.py
[2024-08-30T03:46:44.054+0000] {processor.py:925} INFO - DAG(s) 'latest_only' retrieved from /home/airflow/.local/lib/python3.12/site-packages/airflow/example_dags/example_latest_only.py
[2024-08-30T03:46:44.070+0000] {logging_mixin.py:190} INFO - [2024-08-30T03:46:44.069+0000] {dag.py:3211} INFO - Sync 1 DAGs
[2024-08-30T03:46:44.087+0000] {logging_mixin.py:190} INFO - [2024-08-30T03:46:44.086+0000] {dag.py:4138} INFO - Setting next_dagrun for latest_only to 2024-08-29 20:00:00+00:00, run_after=2024-08-30 00:00:00+00:00
[2024-08-30T03:46:44.102+0000] {processor.py:208} INFO - Processing /home/airflow/.local/lib/python3.12/site-packages/airflow/example_dags/example_latest_only.py took 0.060 seconds
[2024-08-30T03:47:14.483+0000] {processor.py:186} INFO - Started process (PID=190) to work on /home/airflow/.local/lib/python3.12/site-packages/airflow/example_dags/example_latest_only.py
[2024-08-30T03:47:14.484+0000] {processor.py:914} INFO - Processing file /home/airflow/.local/lib/python3.12/site-packages/airflow/example_dags/example_latest_only.py for tasks to queue
[2024-08-30T03:47:14.486+0000] {logging_mixin.py:190} INFO - [2024-08-30T03:47:14.485+0000] {dagbag.py:587} INFO - Filling up the DagBag from /home/airflow/.local/lib/python3.12/site-packages/airflow/example_dags/example_latest_only.py
[2024-08-30T03:47:14.490+0000] {processor.py:925} INFO - DAG(s) 'latest_only' retrieved from /home/airflow/.local/lib/python3.12/site-packages/airflow/example_dags/example_latest_only.py
[2024-08-30T03:47:14.505+0000] {logging_mixin.py:190} INFO - [2024-08-30T03:47:14.505+0000] {dag.py:3211} INFO - Sync 1 DAGs
[2024-08-30T03:47:14.520+0000] {logging_mixin.py:190} INFO - [2024-08-30T03:47:14.520+0000] {dag.py:4138} INFO - Setting next_dagrun for latest_only to 2024-08-29 20:00:00+00:00, run_after=2024-08-30 00:00:00+00:00
[2024-08-30T03:47:14.537+0000] {processor.py:208} INFO - Processing /home/airflow/.local/lib/python3.12/site-packages/airflow/example_dags/example_latest_only.py took 0.058 seconds
[2024-08-30T03:47:45.491+0000] {processor.py:186} INFO - Started process (PID=253) to work on /home/airflow/.local/lib/python3.12/site-packages/airflow/example_dags/example_latest_only.py
[2024-08-30T03:47:45.492+0000] {processor.py:914} INFO - Processing file /home/airflow/.local/lib/python3.12/site-packages/airflow/example_dags/example_latest_only.py for tasks to queue
[2024-08-30T03:47:45.494+0000] {logging_mixin.py:190} INFO - [2024-08-30T03:47:45.494+0000] {dagbag.py:587} INFO - Filling up the DagBag from /home/airflow/.local/lib/python3.12/site-packages/airflow/example_dags/example_latest_only.py
[2024-08-30T03:47:45.500+0000] {processor.py:925} INFO - DAG(s) 'latest_only' retrieved from /home/airflow/.local/lib/python3.12/site-packages/airflow/example_dags/example_latest_only.py
[2024-08-30T03:47:45.516+0000] {logging_mixin.py:190} INFO - [2024-08-30T03:47:45.515+0000] {dag.py:3211} INFO - Sync 1 DAGs
[2024-08-30T03:47:45.534+0000] {logging_mixin.py:190} INFO - [2024-08-30T03:47:45.534+0000] {dag.py:4138} INFO - Setting next_dagrun for latest_only to 2024-08-29 20:00:00+00:00, run_after=2024-08-30 00:00:00+00:00
[2024-08-30T03:47:45.551+0000] {processor.py:208} INFO - Processing /home/airflow/.local/lib/python3.12/site-packages/airflow/example_dags/example_latest_only.py took 0.064 seconds
[2024-08-30T03:48:15.970+0000] {processor.py:186} INFO - Started process (PID=316) to work on /home/airflow/.local/lib/python3.12/site-packages/airflow/example_dags/example_latest_only.py
[2024-08-30T03:48:15.971+0000] {processor.py:914} INFO - Processing file /home/airflow/.local/lib/python3.12/site-packages/airflow/example_dags/example_latest_only.py for tasks to queue
[2024-08-30T03:48:15.973+0000] {logging_mixin.py:190} INFO - [2024-08-30T03:48:15.973+0000] {dagbag.py:587} INFO - Filling up the DagBag from /home/airflow/.local/lib/python3.12/site-packages/airflow/example_dags/example_latest_only.py
[2024-08-30T03:48:15.979+0000] {processor.py:925} INFO - DAG(s) 'latest_only' retrieved from /home/airflow/.local/lib/python3.12/site-packages/airflow/example_dags/example_latest_only.py
[2024-08-30T03:48:15.994+0000] {logging_mixin.py:190} INFO - [2024-08-30T03:48:15.994+0000] {dag.py:3211} INFO - Sync 1 DAGs
[2024-08-30T03:48:16.010+0000] {logging_mixin.py:190} INFO - [2024-08-30T03:48:16.010+0000] {dag.py:4138} INFO - Setting next_dagrun for latest_only to 2024-08-29 20:00:00+00:00, run_after=2024-08-30 00:00:00+00:00
[2024-08-30T03:48:16.028+0000] {processor.py:208} INFO - Processing /home/airflow/.local/lib/python3.12/site-packages/airflow/example_dags/example_latest_only.py took 0.061 seconds
[2024-08-30T03:48:46.599+0000] {processor.py:186} INFO - Started process (PID=383) to work on /home/airflow/.local/lib/python3.12/site-packages/airflow/example_dags/example_latest_only.py
[2024-08-30T03:48:46.600+0000] {processor.py:914} INFO - Processing file /home/airflow/.local/lib/python3.12/site-packages/airflow/example_dags/example_latest_only.py for tasks to queue
[2024-08-30T03:48:46.602+0000] {logging_mixin.py:190} INFO - [2024-08-30T03:48:46.601+0000] {dagbag.py:587} INFO - Filling up the DagBag from /home/airflow/.local/lib/python3.12/site-packages/airflow/example_dags/example_latest_only.py
[2024-08-30T03:48:46.607+0000] {processor.py:925} INFO - DAG(s) 'latest_only' retrieved from /home/airflow/.local/lib/python3.12/site-packages/airflow/example_dags/example_latest_only.py
[2024-08-30T03:48:46.622+0000] {logging_mixin.py:190} INFO - [2024-08-30T03:48:46.621+0000] {dag.py:3211} INFO - Sync 1 DAGs
[2024-08-30T03:48:46.638+0000] {logging_mixin.py:190} INFO - [2024-08-30T03:48:46.638+0000] {dag.py:4138} INFO - Setting next_dagrun for latest_only to 2024-08-29 20:00:00+00:00, run_after=2024-08-30 00:00:00+00:00
[2024-08-30T03:48:46.654+0000] {processor.py:208} INFO - Processing /home/airflow/.local/lib/python3.12/site-packages/airflow/example_dags/example_latest_only.py took 0.059 seconds
[2024-08-30T03:49:17.352+0000] {processor.py:186} INFO - Started process (PID=452) to work on /home/airflow/.local/lib/python3.12/site-packages/airflow/example_dags/example_latest_only.py
[2024-08-30T03:49:17.353+0000] {processor.py:914} INFO - Processing file /home/airflow/.local/lib/python3.12/site-packages/airflow/example_dags/example_latest_only.py for tasks to queue
[2024-08-30T03:49:17.355+0000] {logging_mixin.py:190} INFO - [2024-08-30T03:49:17.355+0000] {dagbag.py:587} INFO - Filling up the DagBag from /home/airflow/.local/lib/python3.12/site-packages/airflow/example_dags/example_latest_only.py
[2024-08-30T03:49:17.360+0000] {processor.py:925} INFO - DAG(s) 'latest_only' retrieved from /home/airflow/.local/lib/python3.12/site-packages/airflow/example_dags/example_latest_only.py
[2024-08-30T03:49:17.374+0000] {logging_mixin.py:190} INFO - [2024-08-30T03:49:17.374+0000] {dag.py:3211} INFO - Sync 1 DAGs
[2024-08-30T03:49:17.390+0000] {logging_mixin.py:190} INFO - [2024-08-30T03:49:17.390+0000] {dag.py:4138} INFO - Setting next_dagrun for latest_only to 2024-08-29 20:00:00+00:00, run_after=2024-08-30 00:00:00+00:00
[2024-08-30T03:49:17.405+0000] {processor.py:208} INFO - Processing /home/airflow/.local/lib/python3.12/site-packages/airflow/example_dags/example_latest_only.py took 0.058 seconds
[2024-08-30T03:49:47.967+0000] {processor.py:186} INFO - Started process (PID=515) to work on /home/airflow/.local/lib/python3.12/site-packages/airflow/example_dags/example_latest_only.py
[2024-08-30T03:49:47.968+0000] {processor.py:914} INFO - Processing file /home/airflow/.local/lib/python3.12/site-packages/airflow/example_dags/example_latest_only.py for tasks to queue
[2024-08-30T03:49:47.970+0000] {logging_mixin.py:190} INFO - [2024-08-30T03:49:47.970+0000] {dagbag.py:587} INFO - Filling up the DagBag from /home/airflow/.local/lib/python3.12/site-packages/airflow/example_dags/example_latest_only.py
[2024-08-30T03:49:47.975+0000] {processor.py:925} INFO - DAG(s) 'latest_only' retrieved from /home/airflow/.local/lib/python3.12/site-packages/airflow/example_dags/example_latest_only.py
[2024-08-30T03:49:47.989+0000] {logging_mixin.py:190} INFO - [2024-08-30T03:49:47.989+0000] {dag.py:3211} INFO - Sync 1 DAGs
[2024-08-30T03:49:48.005+0000] {logging_mixin.py:190} INFO - [2024-08-30T03:49:48.005+0000] {dag.py:4138} INFO - Setting next_dagrun for latest_only to 2024-08-29 20:00:00+00:00, run_after=2024-08-30 00:00:00+00:00
[2024-08-30T03:49:48.024+0000] {processor.py:208} INFO - Processing /home/airflow/.local/lib/python3.12/site-packages/airflow/example_dags/example_latest_only.py took 0.061 seconds
[2024-08-30T03:50:18.181+0000] {processor.py:186} INFO - Started process (PID=578) to work on /home/airflow/.local/lib/python3.12/site-packages/airflow/example_dags/example_latest_only.py
[2024-08-30T03:50:18.182+0000] {processor.py:914} INFO - Processing file /home/airflow/.local/lib/python3.12/site-packages/airflow/example_dags/example_latest_only.py for tasks to queue
[2024-08-30T03:50:18.184+0000] {logging_mixin.py:190} INFO - [2024-08-30T03:50:18.184+0000] {dagbag.py:587} INFO - Filling up the DagBag from /home/airflow/.local/lib/python3.12/site-packages/airflow/example_dags/example_latest_only.py
[2024-08-30T03:50:18.189+0000] {processor.py:925} INFO - DAG(s) 'latest_only' retrieved from /home/airflow/.local/lib/python3.12/site-packages/airflow/example_dags/example_latest_only.py
[2024-08-30T03:50:18.205+0000] {logging_mixin.py:190} INFO - [2024-08-30T03:50:18.205+0000] {dag.py:3211} INFO - Sync 1 DAGs
[2024-08-30T03:50:18.221+0000] {logging_mixin.py:190} INFO - [2024-08-30T03:50:18.221+0000] {dag.py:4138} INFO - Setting next_dagrun for latest_only to 2024-08-29 20:00:00+00:00, run_after=2024-08-30 00:00:00+00:00
[2024-08-30T03:50:18.238+0000] {processor.py:208} INFO - Processing /home/airflow/.local/lib/python3.12/site-packages/airflow/example_dags/example_latest_only.py took 0.061 seconds
[2024-08-30T03:50:48.897+0000] {processor.py:186} INFO - Started process (PID=641) to work on /home/airflow/.local/lib/python3.12/site-packages/airflow/example_dags/example_latest_only.py
[2024-08-30T03:50:48.898+0000] {processor.py:914} INFO - Processing file /home/airflow/.local/lib/python3.12/site-packages/airflow/example_dags/example_latest_only.py for tasks to queue
[2024-08-30T03:50:48.900+0000] {logging_mixin.py:190} INFO - [2024-08-30T03:50:48.900+0000] {dagbag.py:587} INFO - Filling up the DagBag from /home/airflow/.local/lib/python3.12/site-packages/airflow/example_dags/example_latest_only.py
[2024-08-30T03:50:48.906+0000] {processor.py:925} INFO - DAG(s) 'latest_only' retrieved from /home/airflow/.local/lib/python3.12/site-packages/airflow/example_dags/example_latest_only.py
[2024-08-30T03:50:48.925+0000] {logging_mixin.py:190} INFO - [2024-08-30T03:50:48.925+0000] {dag.py:3211} INFO - Sync 1 DAGs
[2024-08-30T03:50:48.944+0000] {logging_mixin.py:190} INFO - [2024-08-30T03:50:48.944+0000] {dag.py:4138} INFO - Setting next_dagrun for latest_only to 2024-08-29 20:00:00+00:00, run_after=2024-08-30 00:00:00+00:00
[2024-08-30T03:50:48.962+0000] {processor.py:208} INFO - Processing /home/airflow/.local/lib/python3.12/site-packages/airflow/example_dags/example_latest_only.py took 0.070 seconds
[2024-08-30T03:51:19.177+0000] {processor.py:186} INFO - Started process (PID=704) to work on /home/airflow/.local/lib/python3.12/site-packages/airflow/example_dags/example_latest_only.py
[2024-08-30T03:51:19.178+0000] {processor.py:914} INFO - Processing file /home/airflow/.local/lib/python3.12/site-packages/airflow/example_dags/example_latest_only.py for tasks to queue
[2024-08-30T03:51:19.180+0000] {logging_mixin.py:190} INFO - [2024-08-30T03:51:19.179+0000] {dagbag.py:587} INFO - Filling up the DagBag from /home/airflow/.local/lib/python3.12/site-packages/airflow/example_dags/example_latest_only.py
[2024-08-30T03:51:19.184+0000] {processor.py:925} INFO - DAG(s) 'latest_only' retrieved from /home/airflow/.local/lib/python3.12/site-packages/airflow/example_dags/example_latest_only.py
[2024-08-30T03:51:19.198+0000] {logging_mixin.py:190} INFO - [2024-08-30T03:51:19.198+0000] {dag.py:3211} INFO - Sync 1 DAGs
[2024-08-30T03:51:19.212+0000] {logging_mixin.py:190} INFO - [2024-08-30T03:51:19.212+0000] {dag.py:4138} INFO - Setting next_dagrun for latest_only to 2024-08-29 20:00:00+00:00, run_after=2024-08-30 00:00:00+00:00
[2024-08-30T03:51:19.228+0000] {processor.py:208} INFO - Processing /home/airflow/.local/lib/python3.12/site-packages/airflow/example_dags/example_latest_only.py took 0.055 seconds
[2024-08-30T03:51:49.708+0000] {processor.py:186} INFO - Started process (PID=767) to work on /home/airflow/.local/lib/python3.12/site-packages/airflow/example_dags/example_latest_only.py
[2024-08-30T03:51:49.709+0000] {processor.py:914} INFO - Processing file /home/airflow/.local/lib/python3.12/site-packages/airflow/example_dags/example_latest_only.py for tasks to queue
[2024-08-30T03:51:49.711+0000] {logging_mixin.py:190} INFO - [2024-08-30T03:51:49.711+0000] {dagbag.py:587} INFO - Filling up the DagBag from /home/airflow/.local/lib/python3.12/site-packages/airflow/example_dags/example_latest_only.py
[2024-08-30T03:51:49.716+0000] {processor.py:925} INFO - DAG(s) 'latest_only' retrieved from /home/airflow/.local/lib/python3.12/site-packages/airflow/example_dags/example_latest_only.py
[2024-08-30T03:51:49.730+0000] {logging_mixin.py:190} INFO - [2024-08-30T03:51:49.729+0000] {dag.py:3211} INFO - Sync 1 DAGs
[2024-08-30T03:51:49.746+0000] {logging_mixin.py:190} INFO - [2024-08-30T03:51:49.746+0000] {dag.py:4138} INFO - Setting next_dagrun for latest_only to 2024-08-29 20:00:00+00:00, run_after=2024-08-30 00:00:00+00:00
[2024-08-30T03:51:49.761+0000] {processor.py:208} INFO - Processing /home/airflow/.local/lib/python3.12/site-packages/airflow/example_dags/example_latest_only.py took 0.057 seconds
[2024-08-30T03:52:20.098+0000] {processor.py:186} INFO - Started process (PID=830) to work on /home/airflow/.local/lib/python3.12/site-packages/airflow/example_dags/example_latest_only.py
[2024-08-30T03:52:20.099+0000] {processor.py:914} INFO - Processing file /home/airflow/.local/lib/python3.12/site-packages/airflow/example_dags/example_latest_only.py for tasks to queue
[2024-08-30T03:52:20.101+0000] {logging_mixin.py:190} INFO - [2024-08-30T03:52:20.101+0000] {dagbag.py:587} INFO - Filling up the DagBag from /home/airflow/.local/lib/python3.12/site-packages/airflow/example_dags/example_latest_only.py
[2024-08-30T03:52:20.107+0000] {processor.py:925} INFO - DAG(s) 'latest_only' retrieved from /home/airflow/.local/lib/python3.12/site-packages/airflow/example_dags/example_latest_only.py
[2024-08-30T03:52:20.123+0000] {logging_mixin.py:190} INFO - [2024-08-30T03:52:20.123+0000] {dag.py:3211} INFO - Sync 1 DAGs
[2024-08-30T03:52:20.143+0000] {logging_mixin.py:190} INFO - [2024-08-30T03:52:20.143+0000] {dag.py:4138} INFO - Setting next_dagrun for latest_only to 2024-08-29 20:00:00+00:00, run_after=2024-08-30 00:00:00+00:00
[2024-08-30T03:52:20.163+0000] {processor.py:208} INFO - Processing /home/airflow/.local/lib/python3.12/site-packages/airflow/example_dags/example_latest_only.py took 0.069 seconds
[2024-08-30T03:52:51.036+0000] {processor.py:186} INFO - Started process (PID=893) to work on /home/airflow/.local/lib/python3.12/site-packages/airflow/example_dags/example_latest_only.py
[2024-08-30T03:52:51.037+0000] {processor.py:914} INFO - Processing file /home/airflow/.local/lib/python3.12/site-packages/airflow/example_dags/example_latest_only.py for tasks to queue
[2024-08-30T03:52:51.039+0000] {logging_mixin.py:190} INFO - [2024-08-30T03:52:51.039+0000] {dagbag.py:587} INFO - Filling up the DagBag from /home/airflow/.local/lib/python3.12/site-packages/airflow/example_dags/example_latest_only.py
[2024-08-30T03:52:51.044+0000] {processor.py:925} INFO - DAG(s) 'latest_only' retrieved from /home/airflow/.local/lib/python3.12/site-packages/airflow/example_dags/example_latest_only.py
[2024-08-30T03:52:51.060+0000] {logging_mixin.py:190} INFO - [2024-08-30T03:52:51.060+0000] {dag.py:3211} INFO - Sync 1 DAGs
[2024-08-30T03:52:51.079+0000] {logging_mixin.py:190} INFO - [2024-08-30T03:52:51.079+0000] {dag.py:4138} INFO - Setting next_dagrun for latest_only to 2024-08-29 20:00:00+00:00, run_after=2024-08-30 00:00:00+00:00
[2024-08-30T03:52:51.101+0000] {processor.py:208} INFO - Processing /home/airflow/.local/lib/python3.12/site-packages/airflow/example_dags/example_latest_only.py took 0.069 seconds
[2024-08-30T03:53:21.497+0000] {processor.py:186} INFO - Started process (PID=956) to work on /home/airflow/.local/lib/python3.12/site-packages/airflow/example_dags/example_latest_only.py
[2024-08-30T03:53:21.498+0000] {processor.py:914} INFO - Processing file /home/airflow/.local/lib/python3.12/site-packages/airflow/example_dags/example_latest_only.py for tasks to queue
[2024-08-30T03:53:21.499+0000] {logging_mixin.py:190} INFO - [2024-08-30T03:53:21.499+0000] {dagbag.py:587} INFO - Filling up the DagBag from /home/airflow/.local/lib/python3.12/site-packages/airflow/example_dags/example_latest_only.py
[2024-08-30T03:53:21.505+0000] {processor.py:925} INFO - DAG(s) 'latest_only' retrieved from /home/airflow/.local/lib/python3.12/site-packages/airflow/example_dags/example_latest_only.py
[2024-08-30T03:53:21.520+0000] {logging_mixin.py:190} INFO - [2024-08-30T03:53:21.520+0000] {dag.py:3211} INFO - Sync 1 DAGs
[2024-08-30T03:53:21.536+0000] {logging_mixin.py:190} INFO - [2024-08-30T03:53:21.536+0000] {dag.py:4138} INFO - Setting next_dagrun for latest_only to 2024-08-29 20:00:00+00:00, run_after=2024-08-30 00:00:00+00:00
[2024-08-30T03:53:21.552+0000] {processor.py:208} INFO - Processing /home/airflow/.local/lib/python3.12/site-packages/airflow/example_dags/example_latest_only.py took 0.059 seconds
[2024-08-30T03:53:51.680+0000] {processor.py:186} INFO - Started process (PID=1018) to work on /home/airflow/.local/lib/python3.12/site-packages/airflow/example_dags/example_latest_only.py
[2024-08-30T03:53:51.681+0000] {processor.py:914} INFO - Processing file /home/airflow/.local/lib/python3.12/site-packages/airflow/example_dags/example_latest_only.py for tasks to queue
[2024-08-30T03:53:51.682+0000] {logging_mixin.py:190} INFO - [2024-08-30T03:53:51.681+0000] {dagbag.py:587} INFO - Filling up the DagBag from /home/airflow/.local/lib/python3.12/site-packages/airflow/example_dags/example_latest_only.py
[2024-08-30T03:53:51.691+0000] {processor.py:925} INFO - DAG(s) 'latest_only' retrieved from /home/airflow/.local/lib/python3.12/site-packages/airflow/example_dags/example_latest_only.py
[2024-08-30T03:53:51.708+0000] {logging_mixin.py:190} INFO - [2024-08-30T03:53:51.707+0000] {dag.py:3211} INFO - Sync 1 DAGs
[2024-08-30T03:53:51.726+0000] {logging_mixin.py:190} INFO - [2024-08-30T03:53:51.726+0000] {dag.py:4138} INFO - Setting next_dagrun for latest_only to 2024-08-29 20:00:00+00:00, run_after=2024-08-30 00:00:00+00:00
[2024-08-30T03:53:51.743+0000] {processor.py:208} INFO - Processing /home/airflow/.local/lib/python3.12/site-packages/airflow/example_dags/example_latest_only.py took 0.067 seconds
[2024-08-30T03:54:22.458+0000] {processor.py:186} INFO - Started process (PID=1081) to work on /home/airflow/.local/lib/python3.12/site-packages/airflow/example_dags/example_latest_only.py
[2024-08-30T03:54:22.459+0000] {processor.py:914} INFO - Processing file /home/airflow/.local/lib/python3.12/site-packages/airflow/example_dags/example_latest_only.py for tasks to queue
[2024-08-30T03:54:22.460+0000] {logging_mixin.py:190} INFO - [2024-08-30T03:54:22.460+0000] {dagbag.py:587} INFO - Filling up the DagBag from /home/airflow/.local/lib/python3.12/site-packages/airflow/example_dags/example_latest_only.py
[2024-08-30T03:54:22.466+0000] {processor.py:925} INFO - DAG(s) 'latest_only' retrieved from /home/airflow/.local/lib/python3.12/site-packages/airflow/example_dags/example_latest_only.py
[2024-08-30T03:54:22.479+0000] {logging_mixin.py:190} INFO - [2024-08-30T03:54:22.479+0000] {dag.py:3211} INFO - Sync 1 DAGs
[2024-08-30T03:54:22.495+0000] {logging_mixin.py:190} INFO - [2024-08-30T03:54:22.495+0000] {dag.py:4138} INFO - Setting next_dagrun for latest_only to 2024-08-29 20:00:00+00:00, run_after=2024-08-30 00:00:00+00:00
[2024-08-30T03:54:22.511+0000] {processor.py:208} INFO - Processing /home/airflow/.local/lib/python3.12/site-packages/airflow/example_dags/example_latest_only.py took 0.057 seconds
