[2024-08-30T03:30:06.704+0000] {processor.py:186} INFO - Started process (PID=103) to work on /home/airflow/.local/lib/python3.12/site-packages/airflow/example_dags/example_nested_branch_dag.py
[2024-08-30T03:30:06.705+0000] {processor.py:914} INFO - Processing file /home/airflow/.local/lib/python3.12/site-packages/airflow/example_dags/example_nested_branch_dag.py for tasks to queue
[2024-08-30T03:30:06.707+0000] {logging_mixin.py:190} INFO - [2024-08-30T03:30:06.707+0000] {dagbag.py:587} INFO - Filling up the DagBag from /home/airflow/.local/lib/python3.12/site-packages/airflow/example_dags/example_nested_branch_dag.py
[2024-08-30T03:30:06.716+0000] {processor.py:925} INFO - DAG(s) 'example_nested_branch_dag' retrieved from /home/airflow/.local/lib/python3.12/site-packages/airflow/example_dags/example_nested_branch_dag.py
[2024-08-30T03:30:06.734+0000] {logging_mixin.py:190} INFO - [2024-08-30T03:30:06.733+0000] {dag.py:3211} INFO - Sync 1 DAGs
[2024-08-30T03:30:06.751+0000] {logging_mixin.py:190} INFO - [2024-08-30T03:30:06.751+0000] {dag.py:4138} INFO - Setting next_dagrun for example_nested_branch_dag to 2024-08-29 00:00:00+00:00, run_after=2024-08-30 00:00:00+00:00
[2024-08-30T03:30:06.771+0000] {processor.py:208} INFO - Processing /home/airflow/.local/lib/python3.12/site-packages/airflow/example_dags/example_nested_branch_dag.py took 0.071 seconds
[2024-08-30T03:30:37.645+0000] {processor.py:186} INFO - Started process (PID=166) to work on /home/airflow/.local/lib/python3.12/site-packages/airflow/example_dags/example_nested_branch_dag.py
[2024-08-30T03:30:37.646+0000] {processor.py:914} INFO - Processing file /home/airflow/.local/lib/python3.12/site-packages/airflow/example_dags/example_nested_branch_dag.py for tasks to queue
[2024-08-30T03:30:37.648+0000] {logging_mixin.py:190} INFO - [2024-08-30T03:30:37.648+0000] {dagbag.py:587} INFO - Filling up the DagBag from /home/airflow/.local/lib/python3.12/site-packages/airflow/example_dags/example_nested_branch_dag.py
[2024-08-30T03:30:37.657+0000] {processor.py:925} INFO - DAG(s) 'example_nested_branch_dag' retrieved from /home/airflow/.local/lib/python3.12/site-packages/airflow/example_dags/example_nested_branch_dag.py
[2024-08-30T03:30:37.674+0000] {logging_mixin.py:190} INFO - [2024-08-30T03:30:37.673+0000] {dag.py:3211} INFO - Sync 1 DAGs
[2024-08-30T03:30:37.692+0000] {logging_mixin.py:190} INFO - [2024-08-30T03:30:37.692+0000] {dag.py:4138} INFO - Setting next_dagrun for example_nested_branch_dag to 2024-08-29 00:00:00+00:00, run_after=2024-08-30 00:00:00+00:00
[2024-08-30T03:30:37.708+0000] {processor.py:208} INFO - Processing /home/airflow/.local/lib/python3.12/site-packages/airflow/example_dags/example_nested_branch_dag.py took 0.067 seconds
[2024-08-30T03:31:08.860+0000] {processor.py:186} INFO - Started process (PID=229) to work on /home/airflow/.local/lib/python3.12/site-packages/airflow/example_dags/example_nested_branch_dag.py
[2024-08-30T03:31:08.863+0000] {processor.py:914} INFO - Processing file /home/airflow/.local/lib/python3.12/site-packages/airflow/example_dags/example_nested_branch_dag.py for tasks to queue
[2024-08-30T03:31:08.865+0000] {logging_mixin.py:190} INFO - [2024-08-30T03:31:08.865+0000] {dagbag.py:587} INFO - Filling up the DagBag from /home/airflow/.local/lib/python3.12/site-packages/airflow/example_dags/example_nested_branch_dag.py
[2024-08-30T03:31:08.873+0000] {processor.py:925} INFO - DAG(s) 'example_nested_branch_dag' retrieved from /home/airflow/.local/lib/python3.12/site-packages/airflow/example_dags/example_nested_branch_dag.py
[2024-08-30T03:31:08.890+0000] {logging_mixin.py:190} INFO - [2024-08-30T03:31:08.889+0000] {dag.py:3211} INFO - Sync 1 DAGs
[2024-08-30T03:31:08.910+0000] {logging_mixin.py:190} INFO - [2024-08-30T03:31:08.910+0000] {dag.py:4138} INFO - Setting next_dagrun for example_nested_branch_dag to 2024-08-29 00:00:00+00:00, run_after=2024-08-30 00:00:00+00:00
[2024-08-30T03:31:08.935+0000] {processor.py:208} INFO - Processing /home/airflow/.local/lib/python3.12/site-packages/airflow/example_dags/example_nested_branch_dag.py took 0.080 seconds
[2024-08-30T03:31:39.891+0000] {processor.py:186} INFO - Started process (PID=292) to work on /home/airflow/.local/lib/python3.12/site-packages/airflow/example_dags/example_nested_branch_dag.py
[2024-08-30T03:31:39.892+0000] {processor.py:914} INFO - Processing file /home/airflow/.local/lib/python3.12/site-packages/airflow/example_dags/example_nested_branch_dag.py for tasks to queue
[2024-08-30T03:31:39.894+0000] {logging_mixin.py:190} INFO - [2024-08-30T03:31:39.894+0000] {dagbag.py:587} INFO - Filling up the DagBag from /home/airflow/.local/lib/python3.12/site-packages/airflow/example_dags/example_nested_branch_dag.py
[2024-08-30T03:31:39.903+0000] {processor.py:925} INFO - DAG(s) 'example_nested_branch_dag' retrieved from /home/airflow/.local/lib/python3.12/site-packages/airflow/example_dags/example_nested_branch_dag.py
[2024-08-30T03:31:39.920+0000] {logging_mixin.py:190} INFO - [2024-08-30T03:31:39.920+0000] {dag.py:3211} INFO - Sync 1 DAGs
[2024-08-30T03:31:39.938+0000] {logging_mixin.py:190} INFO - [2024-08-30T03:31:39.938+0000] {dag.py:4138} INFO - Setting next_dagrun for example_nested_branch_dag to 2024-08-29 00:00:00+00:00, run_after=2024-08-30 00:00:00+00:00
[2024-08-30T03:31:39.953+0000] {processor.py:208} INFO - Processing /home/airflow/.local/lib/python3.12/site-packages/airflow/example_dags/example_nested_branch_dag.py took 0.066 seconds
[2024-08-30T03:32:10.958+0000] {processor.py:186} INFO - Started process (PID=355) to work on /home/airflow/.local/lib/python3.12/site-packages/airflow/example_dags/example_nested_branch_dag.py
[2024-08-30T03:32:10.960+0000] {processor.py:914} INFO - Processing file /home/airflow/.local/lib/python3.12/site-packages/airflow/example_dags/example_nested_branch_dag.py for tasks to queue
[2024-08-30T03:32:10.962+0000] {logging_mixin.py:190} INFO - [2024-08-30T03:32:10.962+0000] {dagbag.py:587} INFO - Filling up the DagBag from /home/airflow/.local/lib/python3.12/site-packages/airflow/example_dags/example_nested_branch_dag.py
[2024-08-30T03:32:10.970+0000] {processor.py:925} INFO - DAG(s) 'example_nested_branch_dag' retrieved from /home/airflow/.local/lib/python3.12/site-packages/airflow/example_dags/example_nested_branch_dag.py
[2024-08-30T03:32:10.994+0000] {logging_mixin.py:190} INFO - [2024-08-30T03:32:10.994+0000] {dag.py:3211} INFO - Sync 1 DAGs
[2024-08-30T03:32:11.015+0000] {logging_mixin.py:190} INFO - [2024-08-30T03:32:11.014+0000] {dag.py:4138} INFO - Setting next_dagrun for example_nested_branch_dag to 2024-08-29 00:00:00+00:00, run_after=2024-08-30 00:00:00+00:00
[2024-08-30T03:32:11.033+0000] {processor.py:208} INFO - Processing /home/airflow/.local/lib/python3.12/site-packages/airflow/example_dags/example_nested_branch_dag.py took 0.078 seconds
[2024-08-30T03:32:41.769+0000] {processor.py:186} INFO - Started process (PID=418) to work on /home/airflow/.local/lib/python3.12/site-packages/airflow/example_dags/example_nested_branch_dag.py
[2024-08-30T03:32:41.770+0000] {processor.py:914} INFO - Processing file /home/airflow/.local/lib/python3.12/site-packages/airflow/example_dags/example_nested_branch_dag.py for tasks to queue
[2024-08-30T03:32:41.772+0000] {logging_mixin.py:190} INFO - [2024-08-30T03:32:41.772+0000] {dagbag.py:587} INFO - Filling up the DagBag from /home/airflow/.local/lib/python3.12/site-packages/airflow/example_dags/example_nested_branch_dag.py
[2024-08-30T03:32:41.780+0000] {processor.py:925} INFO - DAG(s) 'example_nested_branch_dag' retrieved from /home/airflow/.local/lib/python3.12/site-packages/airflow/example_dags/example_nested_branch_dag.py
[2024-08-30T03:32:41.796+0000] {logging_mixin.py:190} INFO - [2024-08-30T03:32:41.796+0000] {dag.py:3211} INFO - Sync 1 DAGs
[2024-08-30T03:32:41.819+0000] {logging_mixin.py:190} INFO - [2024-08-30T03:32:41.819+0000] {dag.py:4138} INFO - Setting next_dagrun for example_nested_branch_dag to 2024-08-29 00:00:00+00:00, run_after=2024-08-30 00:00:00+00:00
[2024-08-30T03:32:41.834+0000] {processor.py:208} INFO - Processing /home/airflow/.local/lib/python3.12/site-packages/airflow/example_dags/example_nested_branch_dag.py took 0.070 seconds
[2024-08-30T03:33:13.720+0000] {processor.py:186} INFO - Started process (PID=481) to work on /home/airflow/.local/lib/python3.12/site-packages/airflow/example_dags/example_nested_branch_dag.py
[2024-08-30T03:33:13.721+0000] {processor.py:914} INFO - Processing file /home/airflow/.local/lib/python3.12/site-packages/airflow/example_dags/example_nested_branch_dag.py for tasks to queue
[2024-08-30T03:33:13.723+0000] {logging_mixin.py:190} INFO - [2024-08-30T03:33:13.723+0000] {dagbag.py:587} INFO - Filling up the DagBag from /home/airflow/.local/lib/python3.12/site-packages/airflow/example_dags/example_nested_branch_dag.py
[2024-08-30T03:33:13.741+0000] {processor.py:925} INFO - DAG(s) 'example_nested_branch_dag' retrieved from /home/airflow/.local/lib/python3.12/site-packages/airflow/example_dags/example_nested_branch_dag.py
[2024-08-30T03:33:13.757+0000] {logging_mixin.py:190} INFO - [2024-08-30T03:33:13.757+0000] {dag.py:3211} INFO - Sync 1 DAGs
[2024-08-30T03:33:13.773+0000] {logging_mixin.py:190} INFO - [2024-08-30T03:33:13.773+0000] {dag.py:4138} INFO - Setting next_dagrun for example_nested_branch_dag to 2024-08-29 00:00:00+00:00, run_after=2024-08-30 00:00:00+00:00
[2024-08-30T03:33:13.791+0000] {processor.py:208} INFO - Processing /home/airflow/.local/lib/python3.12/site-packages/airflow/example_dags/example_nested_branch_dag.py took 0.076 seconds
[2024-08-30T03:33:43.936+0000] {processor.py:186} INFO - Started process (PID=544) to work on /home/airflow/.local/lib/python3.12/site-packages/airflow/example_dags/example_nested_branch_dag.py
[2024-08-30T03:33:43.937+0000] {processor.py:914} INFO - Processing file /home/airflow/.local/lib/python3.12/site-packages/airflow/example_dags/example_nested_branch_dag.py for tasks to queue
[2024-08-30T03:33:43.939+0000] {logging_mixin.py:190} INFO - [2024-08-30T03:33:43.939+0000] {dagbag.py:587} INFO - Filling up the DagBag from /home/airflow/.local/lib/python3.12/site-packages/airflow/example_dags/example_nested_branch_dag.py
[2024-08-30T03:33:43.950+0000] {processor.py:925} INFO - DAG(s) 'example_nested_branch_dag' retrieved from /home/airflow/.local/lib/python3.12/site-packages/airflow/example_dags/example_nested_branch_dag.py
[2024-08-30T03:33:43.968+0000] {logging_mixin.py:190} INFO - [2024-08-30T03:33:43.967+0000] {dag.py:3211} INFO - Sync 1 DAGs
[2024-08-30T03:33:43.985+0000] {logging_mixin.py:190} INFO - [2024-08-30T03:33:43.984+0000] {dag.py:4138} INFO - Setting next_dagrun for example_nested_branch_dag to 2024-08-29 00:00:00+00:00, run_after=2024-08-30 00:00:00+00:00
[2024-08-30T03:33:43.999+0000] {processor.py:208} INFO - Processing /home/airflow/.local/lib/python3.12/site-packages/airflow/example_dags/example_nested_branch_dag.py took 0.067 seconds
[2024-08-30T03:34:14.308+0000] {processor.py:186} INFO - Started process (PID=607) to work on /home/airflow/.local/lib/python3.12/site-packages/airflow/example_dags/example_nested_branch_dag.py
[2024-08-30T03:34:14.309+0000] {processor.py:914} INFO - Processing file /home/airflow/.local/lib/python3.12/site-packages/airflow/example_dags/example_nested_branch_dag.py for tasks to queue
[2024-08-30T03:34:14.311+0000] {logging_mixin.py:190} INFO - [2024-08-30T03:34:14.311+0000] {dagbag.py:587} INFO - Filling up the DagBag from /home/airflow/.local/lib/python3.12/site-packages/airflow/example_dags/example_nested_branch_dag.py
[2024-08-30T03:34:14.320+0000] {processor.py:925} INFO - DAG(s) 'example_nested_branch_dag' retrieved from /home/airflow/.local/lib/python3.12/site-packages/airflow/example_dags/example_nested_branch_dag.py
[2024-08-30T03:34:14.336+0000] {logging_mixin.py:190} INFO - [2024-08-30T03:34:14.336+0000] {dag.py:3211} INFO - Sync 1 DAGs
[2024-08-30T03:34:14.355+0000] {logging_mixin.py:190} INFO - [2024-08-30T03:34:14.355+0000] {dag.py:4138} INFO - Setting next_dagrun for example_nested_branch_dag to 2024-08-29 00:00:00+00:00, run_after=2024-08-30 00:00:00+00:00
[2024-08-30T03:34:14.371+0000] {processor.py:208} INFO - Processing /home/airflow/.local/lib/python3.12/site-packages/airflow/example_dags/example_nested_branch_dag.py took 0.067 seconds
[2024-08-30T03:34:45.238+0000] {processor.py:186} INFO - Started process (PID=670) to work on /home/airflow/.local/lib/python3.12/site-packages/airflow/example_dags/example_nested_branch_dag.py
[2024-08-30T03:34:45.239+0000] {processor.py:914} INFO - Processing file /home/airflow/.local/lib/python3.12/site-packages/airflow/example_dags/example_nested_branch_dag.py for tasks to queue
[2024-08-30T03:34:45.241+0000] {logging_mixin.py:190} INFO - [2024-08-30T03:34:45.241+0000] {dagbag.py:587} INFO - Filling up the DagBag from /home/airflow/.local/lib/python3.12/site-packages/airflow/example_dags/example_nested_branch_dag.py
[2024-08-30T03:34:45.249+0000] {processor.py:925} INFO - DAG(s) 'example_nested_branch_dag' retrieved from /home/airflow/.local/lib/python3.12/site-packages/airflow/example_dags/example_nested_branch_dag.py
[2024-08-30T03:34:45.265+0000] {logging_mixin.py:190} INFO - [2024-08-30T03:34:45.264+0000] {dag.py:3211} INFO - Sync 1 DAGs
[2024-08-30T03:34:45.281+0000] {logging_mixin.py:190} INFO - [2024-08-30T03:34:45.281+0000] {dag.py:4138} INFO - Setting next_dagrun for example_nested_branch_dag to 2024-08-29 00:00:00+00:00, run_after=2024-08-30 00:00:00+00:00
[2024-08-30T03:34:45.306+0000] {processor.py:208} INFO - Processing /home/airflow/.local/lib/python3.12/site-packages/airflow/example_dags/example_nested_branch_dag.py took 0.073 seconds
[2024-08-30T03:35:17.246+0000] {processor.py:186} INFO - Started process (PID=733) to work on /home/airflow/.local/lib/python3.12/site-packages/airflow/example_dags/example_nested_branch_dag.py
[2024-08-30T03:35:17.247+0000] {processor.py:914} INFO - Processing file /home/airflow/.local/lib/python3.12/site-packages/airflow/example_dags/example_nested_branch_dag.py for tasks to queue
[2024-08-30T03:35:17.249+0000] {logging_mixin.py:190} INFO - [2024-08-30T03:35:17.249+0000] {dagbag.py:587} INFO - Filling up the DagBag from /home/airflow/.local/lib/python3.12/site-packages/airflow/example_dags/example_nested_branch_dag.py
[2024-08-30T03:35:17.258+0000] {processor.py:925} INFO - DAG(s) 'example_nested_branch_dag' retrieved from /home/airflow/.local/lib/python3.12/site-packages/airflow/example_dags/example_nested_branch_dag.py
[2024-08-30T03:35:17.273+0000] {logging_mixin.py:190} INFO - [2024-08-30T03:35:17.273+0000] {dag.py:3211} INFO - Sync 1 DAGs
[2024-08-30T03:35:17.289+0000] {logging_mixin.py:190} INFO - [2024-08-30T03:35:17.289+0000] {dag.py:4138} INFO - Setting next_dagrun for example_nested_branch_dag to 2024-08-29 00:00:00+00:00, run_after=2024-08-30 00:00:00+00:00
[2024-08-30T03:35:17.304+0000] {processor.py:208} INFO - Processing /home/airflow/.local/lib/python3.12/site-packages/airflow/example_dags/example_nested_branch_dag.py took 0.062 seconds
[2024-08-30T03:35:47.911+0000] {processor.py:186} INFO - Started process (PID=796) to work on /home/airflow/.local/lib/python3.12/site-packages/airflow/example_dags/example_nested_branch_dag.py
[2024-08-30T03:35:47.911+0000] {processor.py:914} INFO - Processing file /home/airflow/.local/lib/python3.12/site-packages/airflow/example_dags/example_nested_branch_dag.py for tasks to queue
[2024-08-30T03:35:47.913+0000] {logging_mixin.py:190} INFO - [2024-08-30T03:35:47.913+0000] {dagbag.py:587} INFO - Filling up the DagBag from /home/airflow/.local/lib/python3.12/site-packages/airflow/example_dags/example_nested_branch_dag.py
[2024-08-30T03:35:47.922+0000] {processor.py:925} INFO - DAG(s) 'example_nested_branch_dag' retrieved from /home/airflow/.local/lib/python3.12/site-packages/airflow/example_dags/example_nested_branch_dag.py
[2024-08-30T03:35:47.936+0000] {logging_mixin.py:190} INFO - [2024-08-30T03:35:47.936+0000] {dag.py:3211} INFO - Sync 1 DAGs
[2024-08-30T03:35:47.952+0000] {logging_mixin.py:190} INFO - [2024-08-30T03:35:47.952+0000] {dag.py:4138} INFO - Setting next_dagrun for example_nested_branch_dag to 2024-08-29 00:00:00+00:00, run_after=2024-08-30 00:00:00+00:00
[2024-08-30T03:35:47.970+0000] {processor.py:208} INFO - Processing /home/airflow/.local/lib/python3.12/site-packages/airflow/example_dags/example_nested_branch_dag.py took 0.063 seconds
[2024-08-30T03:36:18.255+0000] {processor.py:186} INFO - Started process (PID=860) to work on /home/airflow/.local/lib/python3.12/site-packages/airflow/example_dags/example_nested_branch_dag.py
[2024-08-30T03:36:18.256+0000] {processor.py:914} INFO - Processing file /home/airflow/.local/lib/python3.12/site-packages/airflow/example_dags/example_nested_branch_dag.py for tasks to queue
[2024-08-30T03:36:18.258+0000] {logging_mixin.py:190} INFO - [2024-08-30T03:36:18.258+0000] {dagbag.py:587} INFO - Filling up the DagBag from /home/airflow/.local/lib/python3.12/site-packages/airflow/example_dags/example_nested_branch_dag.py
[2024-08-30T03:36:18.267+0000] {processor.py:925} INFO - DAG(s) 'example_nested_branch_dag' retrieved from /home/airflow/.local/lib/python3.12/site-packages/airflow/example_dags/example_nested_branch_dag.py
[2024-08-30T03:36:18.283+0000] {logging_mixin.py:190} INFO - [2024-08-30T03:36:18.283+0000] {dag.py:3211} INFO - Sync 1 DAGs
[2024-08-30T03:36:18.301+0000] {logging_mixin.py:190} INFO - [2024-08-30T03:36:18.301+0000] {dag.py:4138} INFO - Setting next_dagrun for example_nested_branch_dag to 2024-08-29 00:00:00+00:00, run_after=2024-08-30 00:00:00+00:00
[2024-08-30T03:36:18.318+0000] {processor.py:208} INFO - Processing /home/airflow/.local/lib/python3.12/site-packages/airflow/example_dags/example_nested_branch_dag.py took 0.067 seconds
[2024-08-30T03:37:30.634+0000] {processor.py:186} INFO - Started process (PID=102) to work on /home/airflow/.local/lib/python3.12/site-packages/airflow/example_dags/example_nested_branch_dag.py
[2024-08-30T03:37:30.636+0000] {processor.py:914} INFO - Processing file /home/airflow/.local/lib/python3.12/site-packages/airflow/example_dags/example_nested_branch_dag.py for tasks to queue
[2024-08-30T03:37:30.638+0000] {logging_mixin.py:190} INFO - [2024-08-30T03:37:30.638+0000] {dagbag.py:587} INFO - Filling up the DagBag from /home/airflow/.local/lib/python3.12/site-packages/airflow/example_dags/example_nested_branch_dag.py
[2024-08-30T03:37:30.646+0000] {processor.py:925} INFO - DAG(s) 'example_nested_branch_dag' retrieved from /home/airflow/.local/lib/python3.12/site-packages/airflow/example_dags/example_nested_branch_dag.py
[2024-08-30T03:37:30.662+0000] {logging_mixin.py:190} INFO - [2024-08-30T03:37:30.662+0000] {dag.py:3211} INFO - Sync 1 DAGs
[2024-08-30T03:37:30.681+0000] {logging_mixin.py:190} INFO - [2024-08-30T03:37:30.681+0000] {dag.py:4138} INFO - Setting next_dagrun for example_nested_branch_dag to 2024-08-29 00:00:00+00:00, run_after=2024-08-30 00:00:00+00:00
[2024-08-30T03:37:30.696+0000] {processor.py:208} INFO - Processing /home/airflow/.local/lib/python3.12/site-packages/airflow/example_dags/example_nested_branch_dag.py took 0.066 seconds
[2024-08-30T03:38:01.768+0000] {processor.py:186} INFO - Started process (PID=165) to work on /home/airflow/.local/lib/python3.12/site-packages/airflow/example_dags/example_nested_branch_dag.py
[2024-08-30T03:38:01.769+0000] {processor.py:914} INFO - Processing file /home/airflow/.local/lib/python3.12/site-packages/airflow/example_dags/example_nested_branch_dag.py for tasks to queue
[2024-08-30T03:38:01.770+0000] {logging_mixin.py:190} INFO - [2024-08-30T03:38:01.770+0000] {dagbag.py:587} INFO - Filling up the DagBag from /home/airflow/.local/lib/python3.12/site-packages/airflow/example_dags/example_nested_branch_dag.py
[2024-08-30T03:38:01.779+0000] {processor.py:925} INFO - DAG(s) 'example_nested_branch_dag' retrieved from /home/airflow/.local/lib/python3.12/site-packages/airflow/example_dags/example_nested_branch_dag.py
[2024-08-30T03:38:01.795+0000] {logging_mixin.py:190} INFO - [2024-08-30T03:38:01.795+0000] {dag.py:3211} INFO - Sync 1 DAGs
[2024-08-30T03:38:01.811+0000] {logging_mixin.py:190} INFO - [2024-08-30T03:38:01.811+0000] {dag.py:4138} INFO - Setting next_dagrun for example_nested_branch_dag to 2024-08-29 00:00:00+00:00, run_after=2024-08-30 00:00:00+00:00
[2024-08-30T03:38:01.828+0000] {processor.py:208} INFO - Processing /home/airflow/.local/lib/python3.12/site-packages/airflow/example_dags/example_nested_branch_dag.py took 0.065 seconds
[2024-08-30T03:38:32.499+0000] {processor.py:186} INFO - Started process (PID=228) to work on /home/airflow/.local/lib/python3.12/site-packages/airflow/example_dags/example_nested_branch_dag.py
[2024-08-30T03:38:32.500+0000] {processor.py:914} INFO - Processing file /home/airflow/.local/lib/python3.12/site-packages/airflow/example_dags/example_nested_branch_dag.py for tasks to queue
[2024-08-30T03:38:32.502+0000] {logging_mixin.py:190} INFO - [2024-08-30T03:38:32.502+0000] {dagbag.py:587} INFO - Filling up the DagBag from /home/airflow/.local/lib/python3.12/site-packages/airflow/example_dags/example_nested_branch_dag.py
[2024-08-30T03:38:32.510+0000] {processor.py:925} INFO - DAG(s) 'example_nested_branch_dag' retrieved from /home/airflow/.local/lib/python3.12/site-packages/airflow/example_dags/example_nested_branch_dag.py
[2024-08-30T03:38:32.525+0000] {logging_mixin.py:190} INFO - [2024-08-30T03:38:32.525+0000] {dag.py:3211} INFO - Sync 1 DAGs
[2024-08-30T03:38:32.554+0000] {logging_mixin.py:190} INFO - [2024-08-30T03:38:32.554+0000] {dag.py:4138} INFO - Setting next_dagrun for example_nested_branch_dag to 2024-08-29 00:00:00+00:00, run_after=2024-08-30 00:00:00+00:00
[2024-08-30T03:38:32.571+0000] {processor.py:208} INFO - Processing /home/airflow/.local/lib/python3.12/site-packages/airflow/example_dags/example_nested_branch_dag.py took 0.076 seconds
[2024-08-30T03:39:03.290+0000] {processor.py:186} INFO - Started process (PID=297) to work on /home/airflow/.local/lib/python3.12/site-packages/airflow/example_dags/example_nested_branch_dag.py
[2024-08-30T03:39:03.291+0000] {processor.py:914} INFO - Processing file /home/airflow/.local/lib/python3.12/site-packages/airflow/example_dags/example_nested_branch_dag.py for tasks to queue
[2024-08-30T03:39:03.294+0000] {logging_mixin.py:190} INFO - [2024-08-30T03:39:03.293+0000] {dagbag.py:587} INFO - Filling up the DagBag from /home/airflow/.local/lib/python3.12/site-packages/airflow/example_dags/example_nested_branch_dag.py
[2024-08-30T03:39:03.302+0000] {processor.py:925} INFO - DAG(s) 'example_nested_branch_dag' retrieved from /home/airflow/.local/lib/python3.12/site-packages/airflow/example_dags/example_nested_branch_dag.py
[2024-08-30T03:39:03.319+0000] {logging_mixin.py:190} INFO - [2024-08-30T03:39:03.319+0000] {dag.py:3211} INFO - Sync 1 DAGs
[2024-08-30T03:39:03.337+0000] {logging_mixin.py:190} INFO - [2024-08-30T03:39:03.337+0000] {dag.py:4138} INFO - Setting next_dagrun for example_nested_branch_dag to 2024-08-29 00:00:00+00:00, run_after=2024-08-30 00:00:00+00:00
[2024-08-30T03:39:03.359+0000] {processor.py:208} INFO - Processing /home/airflow/.local/lib/python3.12/site-packages/airflow/example_dags/example_nested_branch_dag.py took 0.073 seconds
[2024-08-30T03:39:33.953+0000] {processor.py:186} INFO - Started process (PID=360) to work on /home/airflow/.local/lib/python3.12/site-packages/airflow/example_dags/example_nested_branch_dag.py
[2024-08-30T03:39:33.954+0000] {processor.py:914} INFO - Processing file /home/airflow/.local/lib/python3.12/site-packages/airflow/example_dags/example_nested_branch_dag.py for tasks to queue
[2024-08-30T03:39:33.956+0000] {logging_mixin.py:190} INFO - [2024-08-30T03:39:33.956+0000] {dagbag.py:587} INFO - Filling up the DagBag from /home/airflow/.local/lib/python3.12/site-packages/airflow/example_dags/example_nested_branch_dag.py
[2024-08-30T03:39:33.965+0000] {processor.py:925} INFO - DAG(s) 'example_nested_branch_dag' retrieved from /home/airflow/.local/lib/python3.12/site-packages/airflow/example_dags/example_nested_branch_dag.py
[2024-08-30T03:39:33.982+0000] {logging_mixin.py:190} INFO - [2024-08-30T03:39:33.982+0000] {dag.py:3211} INFO - Sync 1 DAGs
[2024-08-30T03:39:34.004+0000] {logging_mixin.py:190} INFO - [2024-08-30T03:39:34.003+0000] {dag.py:4138} INFO - Setting next_dagrun for example_nested_branch_dag to 2024-08-29 00:00:00+00:00, run_after=2024-08-30 00:00:00+00:00
[2024-08-30T03:39:34.021+0000] {processor.py:208} INFO - Processing /home/airflow/.local/lib/python3.12/site-packages/airflow/example_dags/example_nested_branch_dag.py took 0.073 seconds
[2024-08-30T03:40:04.563+0000] {processor.py:186} INFO - Started process (PID=423) to work on /home/airflow/.local/lib/python3.12/site-packages/airflow/example_dags/example_nested_branch_dag.py
[2024-08-30T03:40:04.564+0000] {processor.py:914} INFO - Processing file /home/airflow/.local/lib/python3.12/site-packages/airflow/example_dags/example_nested_branch_dag.py for tasks to queue
[2024-08-30T03:40:04.566+0000] {logging_mixin.py:190} INFO - [2024-08-30T03:40:04.566+0000] {dagbag.py:587} INFO - Filling up the DagBag from /home/airflow/.local/lib/python3.12/site-packages/airflow/example_dags/example_nested_branch_dag.py
[2024-08-30T03:40:04.574+0000] {processor.py:925} INFO - DAG(s) 'example_nested_branch_dag' retrieved from /home/airflow/.local/lib/python3.12/site-packages/airflow/example_dags/example_nested_branch_dag.py
[2024-08-30T03:40:04.589+0000] {logging_mixin.py:190} INFO - [2024-08-30T03:40:04.589+0000] {dag.py:3211} INFO - Sync 1 DAGs
[2024-08-30T03:40:04.605+0000] {logging_mixin.py:190} INFO - [2024-08-30T03:40:04.605+0000] {dag.py:4138} INFO - Setting next_dagrun for example_nested_branch_dag to 2024-08-29 00:00:00+00:00, run_after=2024-08-30 00:00:00+00:00
[2024-08-30T03:40:04.621+0000] {processor.py:208} INFO - Processing /home/airflow/.local/lib/python3.12/site-packages/airflow/example_dags/example_nested_branch_dag.py took 0.061 seconds
[2024-08-30T03:40:35.208+0000] {processor.py:186} INFO - Started process (PID=487) to work on /home/airflow/.local/lib/python3.12/site-packages/airflow/example_dags/example_nested_branch_dag.py
[2024-08-30T03:40:35.209+0000] {processor.py:914} INFO - Processing file /home/airflow/.local/lib/python3.12/site-packages/airflow/example_dags/example_nested_branch_dag.py for tasks to queue
[2024-08-30T03:40:35.211+0000] {logging_mixin.py:190} INFO - [2024-08-30T03:40:35.211+0000] {dagbag.py:587} INFO - Filling up the DagBag from /home/airflow/.local/lib/python3.12/site-packages/airflow/example_dags/example_nested_branch_dag.py
[2024-08-30T03:40:35.222+0000] {processor.py:925} INFO - DAG(s) 'example_nested_branch_dag' retrieved from /home/airflow/.local/lib/python3.12/site-packages/airflow/example_dags/example_nested_branch_dag.py
[2024-08-30T03:40:35.238+0000] {logging_mixin.py:190} INFO - [2024-08-30T03:40:35.237+0000] {dag.py:3211} INFO - Sync 1 DAGs
[2024-08-30T03:40:35.256+0000] {logging_mixin.py:190} INFO - [2024-08-30T03:40:35.256+0000] {dag.py:4138} INFO - Setting next_dagrun for example_nested_branch_dag to 2024-08-29 00:00:00+00:00, run_after=2024-08-30 00:00:00+00:00
[2024-08-30T03:40:35.273+0000] {processor.py:208} INFO - Processing /home/airflow/.local/lib/python3.12/site-packages/airflow/example_dags/example_nested_branch_dag.py took 0.070 seconds
[2024-08-30T03:41:06.218+0000] {processor.py:186} INFO - Started process (PID=550) to work on /home/airflow/.local/lib/python3.12/site-packages/airflow/example_dags/example_nested_branch_dag.py
[2024-08-30T03:41:06.219+0000] {processor.py:914} INFO - Processing file /home/airflow/.local/lib/python3.12/site-packages/airflow/example_dags/example_nested_branch_dag.py for tasks to queue
[2024-08-30T03:41:06.221+0000] {logging_mixin.py:190} INFO - [2024-08-30T03:41:06.221+0000] {dagbag.py:587} INFO - Filling up the DagBag from /home/airflow/.local/lib/python3.12/site-packages/airflow/example_dags/example_nested_branch_dag.py
[2024-08-30T03:41:06.230+0000] {processor.py:925} INFO - DAG(s) 'example_nested_branch_dag' retrieved from /home/airflow/.local/lib/python3.12/site-packages/airflow/example_dags/example_nested_branch_dag.py
[2024-08-30T03:41:06.245+0000] {logging_mixin.py:190} INFO - [2024-08-30T03:41:06.245+0000] {dag.py:3211} INFO - Sync 1 DAGs
[2024-08-30T03:41:06.263+0000] {logging_mixin.py:190} INFO - [2024-08-30T03:41:06.263+0000] {dag.py:4138} INFO - Setting next_dagrun for example_nested_branch_dag to 2024-08-29 00:00:00+00:00, run_after=2024-08-30 00:00:00+00:00
[2024-08-30T03:41:06.279+0000] {processor.py:208} INFO - Processing /home/airflow/.local/lib/python3.12/site-packages/airflow/example_dags/example_nested_branch_dag.py took 0.066 seconds
[2024-08-30T03:41:37.101+0000] {processor.py:186} INFO - Started process (PID=613) to work on /home/airflow/.local/lib/python3.12/site-packages/airflow/example_dags/example_nested_branch_dag.py
[2024-08-30T03:41:37.102+0000] {processor.py:914} INFO - Processing file /home/airflow/.local/lib/python3.12/site-packages/airflow/example_dags/example_nested_branch_dag.py for tasks to queue
[2024-08-30T03:41:37.105+0000] {logging_mixin.py:190} INFO - [2024-08-30T03:41:37.104+0000] {dagbag.py:587} INFO - Filling up the DagBag from /home/airflow/.local/lib/python3.12/site-packages/airflow/example_dags/example_nested_branch_dag.py
[2024-08-30T03:41:37.114+0000] {processor.py:925} INFO - DAG(s) 'example_nested_branch_dag' retrieved from /home/airflow/.local/lib/python3.12/site-packages/airflow/example_dags/example_nested_branch_dag.py
[2024-08-30T03:41:37.130+0000] {logging_mixin.py:190} INFO - [2024-08-30T03:41:37.130+0000] {dag.py:3211} INFO - Sync 1 DAGs
[2024-08-30T03:41:37.148+0000] {logging_mixin.py:190} INFO - [2024-08-30T03:41:37.148+0000] {dag.py:4138} INFO - Setting next_dagrun for example_nested_branch_dag to 2024-08-29 00:00:00+00:00, run_after=2024-08-30 00:00:00+00:00
[2024-08-30T03:41:37.163+0000] {processor.py:208} INFO - Processing /home/airflow/.local/lib/python3.12/site-packages/airflow/example_dags/example_nested_branch_dag.py took 0.066 seconds
[2024-08-30T03:42:08.374+0000] {processor.py:186} INFO - Started process (PID=676) to work on /home/airflow/.local/lib/python3.12/site-packages/airflow/example_dags/example_nested_branch_dag.py
[2024-08-30T03:42:08.375+0000] {processor.py:914} INFO - Processing file /home/airflow/.local/lib/python3.12/site-packages/airflow/example_dags/example_nested_branch_dag.py for tasks to queue
[2024-08-30T03:42:08.378+0000] {logging_mixin.py:190} INFO - [2024-08-30T03:42:08.377+0000] {dagbag.py:587} INFO - Filling up the DagBag from /home/airflow/.local/lib/python3.12/site-packages/airflow/example_dags/example_nested_branch_dag.py
[2024-08-30T03:42:08.387+0000] {processor.py:925} INFO - DAG(s) 'example_nested_branch_dag' retrieved from /home/airflow/.local/lib/python3.12/site-packages/airflow/example_dags/example_nested_branch_dag.py
[2024-08-30T03:42:08.405+0000] {logging_mixin.py:190} INFO - [2024-08-30T03:42:08.405+0000] {dag.py:3211} INFO - Sync 1 DAGs
[2024-08-30T03:42:08.424+0000] {logging_mixin.py:190} INFO - [2024-08-30T03:42:08.424+0000] {dag.py:4138} INFO - Setting next_dagrun for example_nested_branch_dag to 2024-08-29 00:00:00+00:00, run_after=2024-08-30 00:00:00+00:00
[2024-08-30T03:42:08.442+0000] {processor.py:208} INFO - Processing /home/airflow/.local/lib/python3.12/site-packages/airflow/example_dags/example_nested_branch_dag.py took 0.072 seconds
[2024-08-30T03:42:38.688+0000] {processor.py:186} INFO - Started process (PID=739) to work on /home/airflow/.local/lib/python3.12/site-packages/airflow/example_dags/example_nested_branch_dag.py
[2024-08-30T03:42:38.688+0000] {processor.py:914} INFO - Processing file /home/airflow/.local/lib/python3.12/site-packages/airflow/example_dags/example_nested_branch_dag.py for tasks to queue
[2024-08-30T03:42:38.690+0000] {logging_mixin.py:190} INFO - [2024-08-30T03:42:38.690+0000] {dagbag.py:587} INFO - Filling up the DagBag from /home/airflow/.local/lib/python3.12/site-packages/airflow/example_dags/example_nested_branch_dag.py
[2024-08-30T03:42:38.699+0000] {processor.py:925} INFO - DAG(s) 'example_nested_branch_dag' retrieved from /home/airflow/.local/lib/python3.12/site-packages/airflow/example_dags/example_nested_branch_dag.py
[2024-08-30T03:42:38.716+0000] {logging_mixin.py:190} INFO - [2024-08-30T03:42:38.715+0000] {dag.py:3211} INFO - Sync 1 DAGs
[2024-08-30T03:42:38.739+0000] {logging_mixin.py:190} INFO - [2024-08-30T03:42:38.739+0000] {dag.py:4138} INFO - Setting next_dagrun for example_nested_branch_dag to 2024-08-29 00:00:00+00:00, run_after=2024-08-30 00:00:00+00:00
[2024-08-30T03:42:38.755+0000] {processor.py:208} INFO - Processing /home/airflow/.local/lib/python3.12/site-packages/airflow/example_dags/example_nested_branch_dag.py took 0.072 seconds
[2024-08-30T03:43:09.245+0000] {processor.py:186} INFO - Started process (PID=802) to work on /home/airflow/.local/lib/python3.12/site-packages/airflow/example_dags/example_nested_branch_dag.py
[2024-08-30T03:43:09.246+0000] {processor.py:914} INFO - Processing file /home/airflow/.local/lib/python3.12/site-packages/airflow/example_dags/example_nested_branch_dag.py for tasks to queue
[2024-08-30T03:43:09.249+0000] {logging_mixin.py:190} INFO - [2024-08-30T03:43:09.248+0000] {dagbag.py:587} INFO - Filling up the DagBag from /home/airflow/.local/lib/python3.12/site-packages/airflow/example_dags/example_nested_branch_dag.py
[2024-08-30T03:43:09.258+0000] {processor.py:925} INFO - DAG(s) 'example_nested_branch_dag' retrieved from /home/airflow/.local/lib/python3.12/site-packages/airflow/example_dags/example_nested_branch_dag.py
[2024-08-30T03:43:09.277+0000] {logging_mixin.py:190} INFO - [2024-08-30T03:43:09.276+0000] {dag.py:3211} INFO - Sync 1 DAGs
[2024-08-30T03:43:09.294+0000] {logging_mixin.py:190} INFO - [2024-08-30T03:43:09.293+0000] {dag.py:4138} INFO - Setting next_dagrun for example_nested_branch_dag to 2024-08-29 00:00:00+00:00, run_after=2024-08-30 00:00:00+00:00
[2024-08-30T03:43:09.310+0000] {processor.py:208} INFO - Processing /home/airflow/.local/lib/python3.12/site-packages/airflow/example_dags/example_nested_branch_dag.py took 0.070 seconds
[2024-08-30T03:43:39.424+0000] {processor.py:186} INFO - Started process (PID=866) to work on /home/airflow/.local/lib/python3.12/site-packages/airflow/example_dags/example_nested_branch_dag.py
[2024-08-30T03:43:39.425+0000] {processor.py:914} INFO - Processing file /home/airflow/.local/lib/python3.12/site-packages/airflow/example_dags/example_nested_branch_dag.py for tasks to queue
[2024-08-30T03:43:39.427+0000] {logging_mixin.py:190} INFO - [2024-08-30T03:43:39.427+0000] {dagbag.py:587} INFO - Filling up the DagBag from /home/airflow/.local/lib/python3.12/site-packages/airflow/example_dags/example_nested_branch_dag.py
[2024-08-30T03:43:39.435+0000] {processor.py:925} INFO - DAG(s) 'example_nested_branch_dag' retrieved from /home/airflow/.local/lib/python3.12/site-packages/airflow/example_dags/example_nested_branch_dag.py
[2024-08-30T03:43:39.452+0000] {logging_mixin.py:190} INFO - [2024-08-30T03:43:39.452+0000] {dag.py:3211} INFO - Sync 1 DAGs
[2024-08-30T03:43:39.470+0000] {logging_mixin.py:190} INFO - [2024-08-30T03:43:39.470+0000] {dag.py:4138} INFO - Setting next_dagrun for example_nested_branch_dag to 2024-08-29 00:00:00+00:00, run_after=2024-08-30 00:00:00+00:00
[2024-08-30T03:43:39.486+0000] {processor.py:208} INFO - Processing /home/airflow/.local/lib/python3.12/site-packages/airflow/example_dags/example_nested_branch_dag.py took 0.066 seconds
[2024-08-30T03:44:10.271+0000] {processor.py:186} INFO - Started process (PID=929) to work on /home/airflow/.local/lib/python3.12/site-packages/airflow/example_dags/example_nested_branch_dag.py
[2024-08-30T03:44:10.272+0000] {processor.py:914} INFO - Processing file /home/airflow/.local/lib/python3.12/site-packages/airflow/example_dags/example_nested_branch_dag.py for tasks to queue
[2024-08-30T03:44:10.274+0000] {logging_mixin.py:190} INFO - [2024-08-30T03:44:10.273+0000] {dagbag.py:587} INFO - Filling up the DagBag from /home/airflow/.local/lib/python3.12/site-packages/airflow/example_dags/example_nested_branch_dag.py
[2024-08-30T03:44:10.282+0000] {processor.py:925} INFO - DAG(s) 'example_nested_branch_dag' retrieved from /home/airflow/.local/lib/python3.12/site-packages/airflow/example_dags/example_nested_branch_dag.py
[2024-08-30T03:44:10.298+0000] {logging_mixin.py:190} INFO - [2024-08-30T03:44:10.298+0000] {dag.py:3211} INFO - Sync 1 DAGs
[2024-08-30T03:44:10.314+0000] {logging_mixin.py:190} INFO - [2024-08-30T03:44:10.314+0000] {dag.py:4138} INFO - Setting next_dagrun for example_nested_branch_dag to 2024-08-29 00:00:00+00:00, run_after=2024-08-30 00:00:00+00:00
[2024-08-30T03:44:10.330+0000] {processor.py:208} INFO - Processing /home/airflow/.local/lib/python3.12/site-packages/airflow/example_dags/example_nested_branch_dag.py took 0.064 seconds
[2024-08-30T03:44:40.878+0000] {processor.py:186} INFO - Started process (PID=992) to work on /home/airflow/.local/lib/python3.12/site-packages/airflow/example_dags/example_nested_branch_dag.py
[2024-08-30T03:44:40.879+0000] {processor.py:914} INFO - Processing file /home/airflow/.local/lib/python3.12/site-packages/airflow/example_dags/example_nested_branch_dag.py for tasks to queue
[2024-08-30T03:44:40.881+0000] {logging_mixin.py:190} INFO - [2024-08-30T03:44:40.881+0000] {dagbag.py:587} INFO - Filling up the DagBag from /home/airflow/.local/lib/python3.12/site-packages/airflow/example_dags/example_nested_branch_dag.py
[2024-08-30T03:44:40.892+0000] {processor.py:925} INFO - DAG(s) 'example_nested_branch_dag' retrieved from /home/airflow/.local/lib/python3.12/site-packages/airflow/example_dags/example_nested_branch_dag.py
[2024-08-30T03:44:40.908+0000] {logging_mixin.py:190} INFO - [2024-08-30T03:44:40.907+0000] {dag.py:3211} INFO - Sync 1 DAGs
[2024-08-30T03:44:40.925+0000] {logging_mixin.py:190} INFO - [2024-08-30T03:44:40.925+0000] {dag.py:4138} INFO - Setting next_dagrun for example_nested_branch_dag to 2024-08-29 00:00:00+00:00, run_after=2024-08-30 00:00:00+00:00
[2024-08-30T03:44:40.943+0000] {processor.py:208} INFO - Processing /home/airflow/.local/lib/python3.12/site-packages/airflow/example_dags/example_nested_branch_dag.py took 0.069 seconds
[2024-08-30T03:45:11.601+0000] {processor.py:186} INFO - Started process (PID=1055) to work on /home/airflow/.local/lib/python3.12/site-packages/airflow/example_dags/example_nested_branch_dag.py
[2024-08-30T03:45:11.602+0000] {processor.py:914} INFO - Processing file /home/airflow/.local/lib/python3.12/site-packages/airflow/example_dags/example_nested_branch_dag.py for tasks to queue
[2024-08-30T03:45:11.605+0000] {logging_mixin.py:190} INFO - [2024-08-30T03:45:11.604+0000] {dagbag.py:587} INFO - Filling up the DagBag from /home/airflow/.local/lib/python3.12/site-packages/airflow/example_dags/example_nested_branch_dag.py
[2024-08-30T03:45:11.614+0000] {processor.py:925} INFO - DAG(s) 'example_nested_branch_dag' retrieved from /home/airflow/.local/lib/python3.12/site-packages/airflow/example_dags/example_nested_branch_dag.py
[2024-08-30T03:45:11.634+0000] {logging_mixin.py:190} INFO - [2024-08-30T03:45:11.634+0000] {dag.py:3211} INFO - Sync 1 DAGs
[2024-08-30T03:45:11.658+0000] {logging_mixin.py:190} INFO - [2024-08-30T03:45:11.658+0000] {dag.py:4138} INFO - Setting next_dagrun for example_nested_branch_dag to 2024-08-29 00:00:00+00:00, run_after=2024-08-30 00:00:00+00:00
[2024-08-30T03:45:11.681+0000] {processor.py:208} INFO - Processing /home/airflow/.local/lib/python3.12/site-packages/airflow/example_dags/example_nested_branch_dag.py took 0.084 seconds
[2024-08-30T03:46:15.399+0000] {processor.py:186} INFO - Started process (PID=96) to work on /home/airflow/.local/lib/python3.12/site-packages/airflow/example_dags/example_nested_branch_dag.py
[2024-08-30T03:46:15.400+0000] {processor.py:914} INFO - Processing file /home/airflow/.local/lib/python3.12/site-packages/airflow/example_dags/example_nested_branch_dag.py for tasks to queue
[2024-08-30T03:46:15.402+0000] {logging_mixin.py:190} INFO - [2024-08-30T03:46:15.402+0000] {dagbag.py:587} INFO - Filling up the DagBag from /home/airflow/.local/lib/python3.12/site-packages/airflow/example_dags/example_nested_branch_dag.py
[2024-08-30T03:46:15.410+0000] {processor.py:925} INFO - DAG(s) 'example_nested_branch_dag' retrieved from /home/airflow/.local/lib/python3.12/site-packages/airflow/example_dags/example_nested_branch_dag.py
[2024-08-30T03:46:15.425+0000] {logging_mixin.py:190} INFO - [2024-08-30T03:46:15.425+0000] {dag.py:3211} INFO - Sync 1 DAGs
[2024-08-30T03:46:15.442+0000] {logging_mixin.py:190} INFO - [2024-08-30T03:46:15.441+0000] {dag.py:4138} INFO - Setting next_dagrun for example_nested_branch_dag to 2024-08-29 00:00:00+00:00, run_after=2024-08-30 00:00:00+00:00
[2024-08-30T03:46:15.456+0000] {processor.py:208} INFO - Processing /home/airflow/.local/lib/python3.12/site-packages/airflow/example_dags/example_nested_branch_dag.py took 0.061 seconds
[2024-08-30T03:46:45.796+0000] {processor.py:186} INFO - Started process (PID=159) to work on /home/airflow/.local/lib/python3.12/site-packages/airflow/example_dags/example_nested_branch_dag.py
[2024-08-30T03:46:45.798+0000] {processor.py:914} INFO - Processing file /home/airflow/.local/lib/python3.12/site-packages/airflow/example_dags/example_nested_branch_dag.py for tasks to queue
[2024-08-30T03:46:45.800+0000] {logging_mixin.py:190} INFO - [2024-08-30T03:46:45.799+0000] {dagbag.py:587} INFO - Filling up the DagBag from /home/airflow/.local/lib/python3.12/site-packages/airflow/example_dags/example_nested_branch_dag.py
[2024-08-30T03:46:45.808+0000] {processor.py:925} INFO - DAG(s) 'example_nested_branch_dag' retrieved from /home/airflow/.local/lib/python3.12/site-packages/airflow/example_dags/example_nested_branch_dag.py
[2024-08-30T03:46:45.825+0000] {logging_mixin.py:190} INFO - [2024-08-30T03:46:45.825+0000] {dag.py:3211} INFO - Sync 1 DAGs
[2024-08-30T03:46:45.847+0000] {logging_mixin.py:190} INFO - [2024-08-30T03:46:45.847+0000] {dag.py:4138} INFO - Setting next_dagrun for example_nested_branch_dag to 2024-08-29 00:00:00+00:00, run_after=2024-08-30 00:00:00+00:00
[2024-08-30T03:46:45.865+0000] {processor.py:208} INFO - Processing /home/airflow/.local/lib/python3.12/site-packages/airflow/example_dags/example_nested_branch_dag.py took 0.075 seconds
[2024-08-30T03:47:17.000+0000] {processor.py:186} INFO - Started process (PID=222) to work on /home/airflow/.local/lib/python3.12/site-packages/airflow/example_dags/example_nested_branch_dag.py
[2024-08-30T03:47:17.001+0000] {processor.py:914} INFO - Processing file /home/airflow/.local/lib/python3.12/site-packages/airflow/example_dags/example_nested_branch_dag.py for tasks to queue
[2024-08-30T03:47:17.003+0000] {logging_mixin.py:190} INFO - [2024-08-30T03:47:17.003+0000] {dagbag.py:587} INFO - Filling up the DagBag from /home/airflow/.local/lib/python3.12/site-packages/airflow/example_dags/example_nested_branch_dag.py
[2024-08-30T03:47:17.011+0000] {processor.py:925} INFO - DAG(s) 'example_nested_branch_dag' retrieved from /home/airflow/.local/lib/python3.12/site-packages/airflow/example_dags/example_nested_branch_dag.py
[2024-08-30T03:47:17.027+0000] {logging_mixin.py:190} INFO - [2024-08-30T03:47:17.027+0000] {dag.py:3211} INFO - Sync 1 DAGs
[2024-08-30T03:47:17.043+0000] {logging_mixin.py:190} INFO - [2024-08-30T03:47:17.043+0000] {dag.py:4138} INFO - Setting next_dagrun for example_nested_branch_dag to 2024-08-29 00:00:00+00:00, run_after=2024-08-30 00:00:00+00:00
[2024-08-30T03:47:17.058+0000] {processor.py:208} INFO - Processing /home/airflow/.local/lib/python3.12/site-packages/airflow/example_dags/example_nested_branch_dag.py took 0.062 seconds
[2024-08-30T03:47:47.308+0000] {processor.py:186} INFO - Started process (PID=291) to work on /home/airflow/.local/lib/python3.12/site-packages/airflow/example_dags/example_nested_branch_dag.py
[2024-08-30T03:47:47.309+0000] {processor.py:914} INFO - Processing file /home/airflow/.local/lib/python3.12/site-packages/airflow/example_dags/example_nested_branch_dag.py for tasks to queue
[2024-08-30T03:47:47.311+0000] {logging_mixin.py:190} INFO - [2024-08-30T03:47:47.311+0000] {dagbag.py:587} INFO - Filling up the DagBag from /home/airflow/.local/lib/python3.12/site-packages/airflow/example_dags/example_nested_branch_dag.py
[2024-08-30T03:47:47.319+0000] {processor.py:925} INFO - DAG(s) 'example_nested_branch_dag' retrieved from /home/airflow/.local/lib/python3.12/site-packages/airflow/example_dags/example_nested_branch_dag.py
[2024-08-30T03:47:47.333+0000] {logging_mixin.py:190} INFO - [2024-08-30T03:47:47.333+0000] {dag.py:3211} INFO - Sync 1 DAGs
[2024-08-30T03:47:47.349+0000] {logging_mixin.py:190} INFO - [2024-08-30T03:47:47.349+0000] {dag.py:4138} INFO - Setting next_dagrun for example_nested_branch_dag to 2024-08-29 00:00:00+00:00, run_after=2024-08-30 00:00:00+00:00
[2024-08-30T03:47:47.363+0000] {processor.py:208} INFO - Processing /home/airflow/.local/lib/python3.12/site-packages/airflow/example_dags/example_nested_branch_dag.py took 0.059 seconds
[2024-08-30T03:48:17.879+0000] {processor.py:186} INFO - Started process (PID=354) to work on /home/airflow/.local/lib/python3.12/site-packages/airflow/example_dags/example_nested_branch_dag.py
[2024-08-30T03:48:17.880+0000] {processor.py:914} INFO - Processing file /home/airflow/.local/lib/python3.12/site-packages/airflow/example_dags/example_nested_branch_dag.py for tasks to queue
[2024-08-30T03:48:17.882+0000] {logging_mixin.py:190} INFO - [2024-08-30T03:48:17.882+0000] {dagbag.py:587} INFO - Filling up the DagBag from /home/airflow/.local/lib/python3.12/site-packages/airflow/example_dags/example_nested_branch_dag.py
[2024-08-30T03:48:17.890+0000] {processor.py:925} INFO - DAG(s) 'example_nested_branch_dag' retrieved from /home/airflow/.local/lib/python3.12/site-packages/airflow/example_dags/example_nested_branch_dag.py
[2024-08-30T03:48:17.906+0000] {logging_mixin.py:190} INFO - [2024-08-30T03:48:17.906+0000] {dag.py:3211} INFO - Sync 1 DAGs
[2024-08-30T03:48:17.921+0000] {logging_mixin.py:190} INFO - [2024-08-30T03:48:17.921+0000] {dag.py:4138} INFO - Setting next_dagrun for example_nested_branch_dag to 2024-08-29 00:00:00+00:00, run_after=2024-08-30 00:00:00+00:00
[2024-08-30T03:48:17.935+0000] {processor.py:208} INFO - Processing /home/airflow/.local/lib/python3.12/site-packages/airflow/example_dags/example_nested_branch_dag.py took 0.060 seconds
[2024-08-30T03:48:48.772+0000] {processor.py:186} INFO - Started process (PID=421) to work on /home/airflow/.local/lib/python3.12/site-packages/airflow/example_dags/example_nested_branch_dag.py
[2024-08-30T03:48:48.773+0000] {processor.py:914} INFO - Processing file /home/airflow/.local/lib/python3.12/site-packages/airflow/example_dags/example_nested_branch_dag.py for tasks to queue
[2024-08-30T03:48:48.776+0000] {logging_mixin.py:190} INFO - [2024-08-30T03:48:48.775+0000] {dagbag.py:587} INFO - Filling up the DagBag from /home/airflow/.local/lib/python3.12/site-packages/airflow/example_dags/example_nested_branch_dag.py
[2024-08-30T03:48:48.785+0000] {processor.py:925} INFO - DAG(s) 'example_nested_branch_dag' retrieved from /home/airflow/.local/lib/python3.12/site-packages/airflow/example_dags/example_nested_branch_dag.py
[2024-08-30T03:48:48.801+0000] {logging_mixin.py:190} INFO - [2024-08-30T03:48:48.801+0000] {dag.py:3211} INFO - Sync 1 DAGs
[2024-08-30T03:48:48.819+0000] {logging_mixin.py:190} INFO - [2024-08-30T03:48:48.819+0000] {dag.py:4138} INFO - Setting next_dagrun for example_nested_branch_dag to 2024-08-29 00:00:00+00:00, run_after=2024-08-30 00:00:00+00:00
[2024-08-30T03:48:48.838+0000] {processor.py:208} INFO - Processing /home/airflow/.local/lib/python3.12/site-packages/airflow/example_dags/example_nested_branch_dag.py took 0.070 seconds
[2024-08-30T03:49:19.301+0000] {processor.py:186} INFO - Started process (PID=484) to work on /home/airflow/.local/lib/python3.12/site-packages/airflow/example_dags/example_nested_branch_dag.py
[2024-08-30T03:49:19.302+0000] {processor.py:914} INFO - Processing file /home/airflow/.local/lib/python3.12/site-packages/airflow/example_dags/example_nested_branch_dag.py for tasks to queue
[2024-08-30T03:49:19.304+0000] {logging_mixin.py:190} INFO - [2024-08-30T03:49:19.304+0000] {dagbag.py:587} INFO - Filling up the DagBag from /home/airflow/.local/lib/python3.12/site-packages/airflow/example_dags/example_nested_branch_dag.py
[2024-08-30T03:49:19.313+0000] {processor.py:925} INFO - DAG(s) 'example_nested_branch_dag' retrieved from /home/airflow/.local/lib/python3.12/site-packages/airflow/example_dags/example_nested_branch_dag.py
[2024-08-30T03:49:19.327+0000] {logging_mixin.py:190} INFO - [2024-08-30T03:49:19.326+0000] {dag.py:3211} INFO - Sync 1 DAGs
[2024-08-30T03:49:19.342+0000] {logging_mixin.py:190} INFO - [2024-08-30T03:49:19.342+0000] {dag.py:4138} INFO - Setting next_dagrun for example_nested_branch_dag to 2024-08-29 00:00:00+00:00, run_after=2024-08-30 00:00:00+00:00
[2024-08-30T03:49:19.357+0000] {processor.py:208} INFO - Processing /home/airflow/.local/lib/python3.12/site-packages/airflow/example_dags/example_nested_branch_dag.py took 0.060 seconds
[2024-08-30T03:49:50.357+0000] {processor.py:186} INFO - Started process (PID=547) to work on /home/airflow/.local/lib/python3.12/site-packages/airflow/example_dags/example_nested_branch_dag.py
[2024-08-30T03:49:50.358+0000] {processor.py:914} INFO - Processing file /home/airflow/.local/lib/python3.12/site-packages/airflow/example_dags/example_nested_branch_dag.py for tasks to queue
[2024-08-30T03:49:50.360+0000] {logging_mixin.py:190} INFO - [2024-08-30T03:49:50.360+0000] {dagbag.py:587} INFO - Filling up the DagBag from /home/airflow/.local/lib/python3.12/site-packages/airflow/example_dags/example_nested_branch_dag.py
[2024-08-30T03:49:50.369+0000] {processor.py:925} INFO - DAG(s) 'example_nested_branch_dag' retrieved from /home/airflow/.local/lib/python3.12/site-packages/airflow/example_dags/example_nested_branch_dag.py
[2024-08-30T03:49:50.387+0000] {logging_mixin.py:190} INFO - [2024-08-30T03:49:50.387+0000] {dag.py:3211} INFO - Sync 1 DAGs
[2024-08-30T03:49:50.416+0000] {logging_mixin.py:190} INFO - [2024-08-30T03:49:50.415+0000] {dag.py:4138} INFO - Setting next_dagrun for example_nested_branch_dag to 2024-08-29 00:00:00+00:00, run_after=2024-08-30 00:00:00+00:00
[2024-08-30T03:49:50.432+0000] {processor.py:208} INFO - Processing /home/airflow/.local/lib/python3.12/site-packages/airflow/example_dags/example_nested_branch_dag.py took 0.079 seconds
[2024-08-30T03:50:21.312+0000] {processor.py:186} INFO - Started process (PID=610) to work on /home/airflow/.local/lib/python3.12/site-packages/airflow/example_dags/example_nested_branch_dag.py
[2024-08-30T03:50:21.313+0000] {processor.py:914} INFO - Processing file /home/airflow/.local/lib/python3.12/site-packages/airflow/example_dags/example_nested_branch_dag.py for tasks to queue
[2024-08-30T03:50:21.315+0000] {logging_mixin.py:190} INFO - [2024-08-30T03:50:21.315+0000] {dagbag.py:587} INFO - Filling up the DagBag from /home/airflow/.local/lib/python3.12/site-packages/airflow/example_dags/example_nested_branch_dag.py
[2024-08-30T03:50:21.322+0000] {processor.py:925} INFO - DAG(s) 'example_nested_branch_dag' retrieved from /home/airflow/.local/lib/python3.12/site-packages/airflow/example_dags/example_nested_branch_dag.py
[2024-08-30T03:50:21.336+0000] {logging_mixin.py:190} INFO - [2024-08-30T03:50:21.336+0000] {dag.py:3211} INFO - Sync 1 DAGs
[2024-08-30T03:50:21.353+0000] {logging_mixin.py:190} INFO - [2024-08-30T03:50:21.353+0000] {dag.py:4138} INFO - Setting next_dagrun for example_nested_branch_dag to 2024-08-29 00:00:00+00:00, run_after=2024-08-30 00:00:00+00:00
[2024-08-30T03:50:21.369+0000] {processor.py:208} INFO - Processing /home/airflow/.local/lib/python3.12/site-packages/airflow/example_dags/example_nested_branch_dag.py took 0.060 seconds
[2024-08-30T03:50:52.132+0000] {processor.py:186} INFO - Started process (PID=673) to work on /home/airflow/.local/lib/python3.12/site-packages/airflow/example_dags/example_nested_branch_dag.py
[2024-08-30T03:50:52.133+0000] {processor.py:914} INFO - Processing file /home/airflow/.local/lib/python3.12/site-packages/airflow/example_dags/example_nested_branch_dag.py for tasks to queue
[2024-08-30T03:50:52.135+0000] {logging_mixin.py:190} INFO - [2024-08-30T03:50:52.135+0000] {dagbag.py:587} INFO - Filling up the DagBag from /home/airflow/.local/lib/python3.12/site-packages/airflow/example_dags/example_nested_branch_dag.py
[2024-08-30T03:50:52.143+0000] {processor.py:925} INFO - DAG(s) 'example_nested_branch_dag' retrieved from /home/airflow/.local/lib/python3.12/site-packages/airflow/example_dags/example_nested_branch_dag.py
[2024-08-30T03:50:52.160+0000] {logging_mixin.py:190} INFO - [2024-08-30T03:50:52.160+0000] {dag.py:3211} INFO - Sync 1 DAGs
[2024-08-30T03:50:52.177+0000] {logging_mixin.py:190} INFO - [2024-08-30T03:50:52.177+0000] {dag.py:4138} INFO - Setting next_dagrun for example_nested_branch_dag to 2024-08-29 00:00:00+00:00, run_after=2024-08-30 00:00:00+00:00
[2024-08-30T03:50:52.194+0000] {processor.py:208} INFO - Processing /home/airflow/.local/lib/python3.12/site-packages/airflow/example_dags/example_nested_branch_dag.py took 0.066 seconds
[2024-08-30T03:51:22.275+0000] {processor.py:186} INFO - Started process (PID=736) to work on /home/airflow/.local/lib/python3.12/site-packages/airflow/example_dags/example_nested_branch_dag.py
[2024-08-30T03:51:22.275+0000] {processor.py:914} INFO - Processing file /home/airflow/.local/lib/python3.12/site-packages/airflow/example_dags/example_nested_branch_dag.py for tasks to queue
[2024-08-30T03:51:22.277+0000] {logging_mixin.py:190} INFO - [2024-08-30T03:51:22.277+0000] {dagbag.py:587} INFO - Filling up the DagBag from /home/airflow/.local/lib/python3.12/site-packages/airflow/example_dags/example_nested_branch_dag.py
[2024-08-30T03:51:22.294+0000] {processor.py:925} INFO - DAG(s) 'example_nested_branch_dag' retrieved from /home/airflow/.local/lib/python3.12/site-packages/airflow/example_dags/example_nested_branch_dag.py
[2024-08-30T03:51:22.311+0000] {logging_mixin.py:190} INFO - [2024-08-30T03:51:22.310+0000] {dag.py:3211} INFO - Sync 1 DAGs
[2024-08-30T03:51:22.327+0000] {logging_mixin.py:190} INFO - [2024-08-30T03:51:22.327+0000] {dag.py:4138} INFO - Setting next_dagrun for example_nested_branch_dag to 2024-08-29 00:00:00+00:00, run_after=2024-08-30 00:00:00+00:00
[2024-08-30T03:51:22.342+0000] {processor.py:208} INFO - Processing /home/airflow/.local/lib/python3.12/site-packages/airflow/example_dags/example_nested_branch_dag.py took 0.071 seconds
[2024-08-30T03:51:52.672+0000] {processor.py:186} INFO - Started process (PID=799) to work on /home/airflow/.local/lib/python3.12/site-packages/airflow/example_dags/example_nested_branch_dag.py
[2024-08-30T03:51:52.673+0000] {processor.py:914} INFO - Processing file /home/airflow/.local/lib/python3.12/site-packages/airflow/example_dags/example_nested_branch_dag.py for tasks to queue
[2024-08-30T03:51:52.675+0000] {logging_mixin.py:190} INFO - [2024-08-30T03:51:52.675+0000] {dagbag.py:587} INFO - Filling up the DagBag from /home/airflow/.local/lib/python3.12/site-packages/airflow/example_dags/example_nested_branch_dag.py
[2024-08-30T03:51:52.683+0000] {processor.py:925} INFO - DAG(s) 'example_nested_branch_dag' retrieved from /home/airflow/.local/lib/python3.12/site-packages/airflow/example_dags/example_nested_branch_dag.py
[2024-08-30T03:51:52.700+0000] {logging_mixin.py:190} INFO - [2024-08-30T03:51:52.700+0000] {dag.py:3211} INFO - Sync 1 DAGs
[2024-08-30T03:51:52.717+0000] {logging_mixin.py:190} INFO - [2024-08-30T03:51:52.717+0000] {dag.py:4138} INFO - Setting next_dagrun for example_nested_branch_dag to 2024-08-29 00:00:00+00:00, run_after=2024-08-30 00:00:00+00:00
[2024-08-30T03:51:52.733+0000] {processor.py:208} INFO - Processing /home/airflow/.local/lib/python3.12/site-packages/airflow/example_dags/example_nested_branch_dag.py took 0.066 seconds
[2024-08-30T03:52:23.429+0000] {processor.py:186} INFO - Started process (PID=862) to work on /home/airflow/.local/lib/python3.12/site-packages/airflow/example_dags/example_nested_branch_dag.py
[2024-08-30T03:52:23.431+0000] {processor.py:914} INFO - Processing file /home/airflow/.local/lib/python3.12/site-packages/airflow/example_dags/example_nested_branch_dag.py for tasks to queue
[2024-08-30T03:52:23.433+0000] {logging_mixin.py:190} INFO - [2024-08-30T03:52:23.432+0000] {dagbag.py:587} INFO - Filling up the DagBag from /home/airflow/.local/lib/python3.12/site-packages/airflow/example_dags/example_nested_branch_dag.py
[2024-08-30T03:52:23.441+0000] {processor.py:925} INFO - DAG(s) 'example_nested_branch_dag' retrieved from /home/airflow/.local/lib/python3.12/site-packages/airflow/example_dags/example_nested_branch_dag.py
[2024-08-30T03:52:23.457+0000] {logging_mixin.py:190} INFO - [2024-08-30T03:52:23.457+0000] {dag.py:3211} INFO - Sync 1 DAGs
[2024-08-30T03:52:23.474+0000] {logging_mixin.py:190} INFO - [2024-08-30T03:52:23.474+0000] {dag.py:4138} INFO - Setting next_dagrun for example_nested_branch_dag to 2024-08-29 00:00:00+00:00, run_after=2024-08-30 00:00:00+00:00
[2024-08-30T03:52:23.491+0000] {processor.py:208} INFO - Processing /home/airflow/.local/lib/python3.12/site-packages/airflow/example_dags/example_nested_branch_dag.py took 0.066 seconds
[2024-08-30T03:52:54.491+0000] {processor.py:186} INFO - Started process (PID=925) to work on /home/airflow/.local/lib/python3.12/site-packages/airflow/example_dags/example_nested_branch_dag.py
[2024-08-30T03:52:54.492+0000] {processor.py:914} INFO - Processing file /home/airflow/.local/lib/python3.12/site-packages/airflow/example_dags/example_nested_branch_dag.py for tasks to queue
[2024-08-30T03:52:54.494+0000] {logging_mixin.py:190} INFO - [2024-08-30T03:52:54.494+0000] {dagbag.py:587} INFO - Filling up the DagBag from /home/airflow/.local/lib/python3.12/site-packages/airflow/example_dags/example_nested_branch_dag.py
[2024-08-30T03:52:54.503+0000] {processor.py:925} INFO - DAG(s) 'example_nested_branch_dag' retrieved from /home/airflow/.local/lib/python3.12/site-packages/airflow/example_dags/example_nested_branch_dag.py
[2024-08-30T03:52:54.519+0000] {logging_mixin.py:190} INFO - [2024-08-30T03:52:54.518+0000] {dag.py:3211} INFO - Sync 1 DAGs
[2024-08-30T03:52:54.536+0000] {logging_mixin.py:190} INFO - [2024-08-30T03:52:54.536+0000] {dag.py:4138} INFO - Setting next_dagrun for example_nested_branch_dag to 2024-08-29 00:00:00+00:00, run_after=2024-08-30 00:00:00+00:00
[2024-08-30T03:52:54.552+0000] {processor.py:208} INFO - Processing /home/airflow/.local/lib/python3.12/site-packages/airflow/example_dags/example_nested_branch_dag.py took 0.066 seconds
[2024-08-30T03:53:27.073+0000] {processor.py:186} INFO - Started process (PID=988) to work on /home/airflow/.local/lib/python3.12/site-packages/airflow/example_dags/example_nested_branch_dag.py
[2024-08-30T03:53:27.074+0000] {processor.py:914} INFO - Processing file /home/airflow/.local/lib/python3.12/site-packages/airflow/example_dags/example_nested_branch_dag.py for tasks to queue
[2024-08-30T03:53:27.075+0000] {logging_mixin.py:190} INFO - [2024-08-30T03:53:27.075+0000] {dagbag.py:587} INFO - Filling up the DagBag from /home/airflow/.local/lib/python3.12/site-packages/airflow/example_dags/example_nested_branch_dag.py
[2024-08-30T03:53:27.083+0000] {processor.py:925} INFO - DAG(s) 'example_nested_branch_dag' retrieved from /home/airflow/.local/lib/python3.12/site-packages/airflow/example_dags/example_nested_branch_dag.py
[2024-08-30T03:53:27.097+0000] {logging_mixin.py:190} INFO - [2024-08-30T03:53:27.097+0000] {dag.py:3211} INFO - Sync 1 DAGs
[2024-08-30T03:53:27.112+0000] {logging_mixin.py:190} INFO - [2024-08-30T03:53:27.112+0000] {dag.py:4138} INFO - Setting next_dagrun for example_nested_branch_dag to 2024-08-29 00:00:00+00:00, run_after=2024-08-30 00:00:00+00:00
[2024-08-30T03:53:27.127+0000] {processor.py:208} INFO - Processing /home/airflow/.local/lib/python3.12/site-packages/airflow/example_dags/example_nested_branch_dag.py took 0.059 seconds
[2024-08-30T03:53:58.310+0000] {processor.py:186} INFO - Started process (PID=1051) to work on /home/airflow/.local/lib/python3.12/site-packages/airflow/example_dags/example_nested_branch_dag.py
[2024-08-30T03:53:58.311+0000] {processor.py:914} INFO - Processing file /home/airflow/.local/lib/python3.12/site-packages/airflow/example_dags/example_nested_branch_dag.py for tasks to queue
[2024-08-30T03:53:58.312+0000] {logging_mixin.py:190} INFO - [2024-08-30T03:53:58.312+0000] {dagbag.py:587} INFO - Filling up the DagBag from /home/airflow/.local/lib/python3.12/site-packages/airflow/example_dags/example_nested_branch_dag.py
[2024-08-30T03:53:58.320+0000] {processor.py:925} INFO - DAG(s) 'example_nested_branch_dag' retrieved from /home/airflow/.local/lib/python3.12/site-packages/airflow/example_dags/example_nested_branch_dag.py
[2024-08-30T03:53:58.336+0000] {logging_mixin.py:190} INFO - [2024-08-30T03:53:58.336+0000] {dag.py:3211} INFO - Sync 1 DAGs
[2024-08-30T03:53:58.354+0000] {logging_mixin.py:190} INFO - [2024-08-30T03:53:58.354+0000] {dag.py:4138} INFO - Setting next_dagrun for example_nested_branch_dag to 2024-08-29 00:00:00+00:00, run_after=2024-08-30 00:00:00+00:00
[2024-08-30T03:53:58.370+0000] {processor.py:208} INFO - Processing /home/airflow/.local/lib/python3.12/site-packages/airflow/example_dags/example_nested_branch_dag.py took 0.063 seconds
[2024-08-30T03:54:28.554+0000] {processor.py:186} INFO - Started process (PID=1113) to work on /home/airflow/.local/lib/python3.12/site-packages/airflow/example_dags/example_nested_branch_dag.py
[2024-08-30T03:54:28.555+0000] {processor.py:914} INFO - Processing file /home/airflow/.local/lib/python3.12/site-packages/airflow/example_dags/example_nested_branch_dag.py for tasks to queue
[2024-08-30T03:54:28.556+0000] {logging_mixin.py:190} INFO - [2024-08-30T03:54:28.556+0000] {dagbag.py:587} INFO - Filling up the DagBag from /home/airflow/.local/lib/python3.12/site-packages/airflow/example_dags/example_nested_branch_dag.py
[2024-08-30T03:54:28.565+0000] {processor.py:925} INFO - DAG(s) 'example_nested_branch_dag' retrieved from /home/airflow/.local/lib/python3.12/site-packages/airflow/example_dags/example_nested_branch_dag.py
[2024-08-30T03:54:28.581+0000] {logging_mixin.py:190} INFO - [2024-08-30T03:54:28.581+0000] {dag.py:3211} INFO - Sync 1 DAGs
[2024-08-30T03:54:28.599+0000] {logging_mixin.py:190} INFO - [2024-08-30T03:54:28.599+0000] {dag.py:4138} INFO - Setting next_dagrun for example_nested_branch_dag to 2024-08-29 00:00:00+00:00, run_after=2024-08-30 00:00:00+00:00
[2024-08-30T03:54:28.615+0000] {processor.py:208} INFO - Processing /home/airflow/.local/lib/python3.12/site-packages/airflow/example_dags/example_nested_branch_dag.py took 0.065 seconds
