[2024-08-30T03:30:03.805+0000] {processor.py:186} INFO - Started process (PID=57) to work on /home/airflow/.local/lib/python3.12/site-packages/airflow/example_dags/example_branch_python_dop_operator_3.py
[2024-08-30T03:30:03.806+0000] {processor.py:914} INFO - Processing file /home/airflow/.local/lib/python3.12/site-packages/airflow/example_dags/example_branch_python_dop_operator_3.py for tasks to queue
[2024-08-30T03:30:03.808+0000] {logging_mixin.py:190} INFO - [2024-08-30T03:30:03.807+0000] {dagbag.py:587} INFO - Filling up the DagBag from /home/airflow/.local/lib/python3.12/site-packages/airflow/example_dags/example_branch_python_dop_operator_3.py
[2024-08-30T03:30:03.830+0000] {processor.py:925} INFO - DAG(s) 'example_branch_dop_operator_v3' retrieved from /home/airflow/.local/lib/python3.12/site-packages/airflow/example_dags/example_branch_python_dop_operator_3.py
[2024-08-30T03:30:03.865+0000] {logging_mixin.py:190} INFO - [2024-08-30T03:30:03.865+0000] {dag.py:3211} INFO - Sync 1 DAGs
[2024-08-30T03:30:03.894+0000] {logging_mixin.py:190} INFO - [2024-08-30T03:30:03.894+0000] {dag.py:4138} INFO - Setting next_dagrun for example_branch_dop_operator_v3 to 2024-08-30 03:29:00+00:00, run_after=2024-08-30 03:30:00+00:00
[2024-08-30T03:30:03.914+0000] {processor.py:208} INFO - Processing /home/airflow/.local/lib/python3.12/site-packages/airflow/example_dags/example_branch_python_dop_operator_3.py took 0.113 seconds
[2024-08-30T03:30:34.263+0000] {processor.py:186} INFO - Started process (PID=126) to work on /home/airflow/.local/lib/python3.12/site-packages/airflow/example_dags/example_branch_python_dop_operator_3.py
[2024-08-30T03:30:34.264+0000] {processor.py:914} INFO - Processing file /home/airflow/.local/lib/python3.12/site-packages/airflow/example_dags/example_branch_python_dop_operator_3.py for tasks to queue
[2024-08-30T03:30:34.266+0000] {logging_mixin.py:190} INFO - [2024-08-30T03:30:34.266+0000] {dagbag.py:587} INFO - Filling up the DagBag from /home/airflow/.local/lib/python3.12/site-packages/airflow/example_dags/example_branch_python_dop_operator_3.py
[2024-08-30T03:30:34.277+0000] {processor.py:925} INFO - DAG(s) 'example_branch_dop_operator_v3' retrieved from /home/airflow/.local/lib/python3.12/site-packages/airflow/example_dags/example_branch_python_dop_operator_3.py
[2024-08-30T03:30:34.298+0000] {logging_mixin.py:190} INFO - [2024-08-30T03:30:34.298+0000] {dag.py:3211} INFO - Sync 1 DAGs
[2024-08-30T03:30:34.320+0000] {logging_mixin.py:190} INFO - [2024-08-30T03:30:34.320+0000] {dag.py:4138} INFO - Setting next_dagrun for example_branch_dop_operator_v3 to 2024-08-30 03:29:00+00:00, run_after=2024-08-30 03:30:00+00:00
[2024-08-30T03:30:34.339+0000] {processor.py:208} INFO - Processing /home/airflow/.local/lib/python3.12/site-packages/airflow/example_dags/example_branch_python_dop_operator_3.py took 0.083 seconds
[2024-08-30T03:31:04.831+0000] {processor.py:186} INFO - Started process (PID=189) to work on /home/airflow/.local/lib/python3.12/site-packages/airflow/example_dags/example_branch_python_dop_operator_3.py
[2024-08-30T03:31:04.832+0000] {processor.py:914} INFO - Processing file /home/airflow/.local/lib/python3.12/site-packages/airflow/example_dags/example_branch_python_dop_operator_3.py for tasks to queue
[2024-08-30T03:31:04.833+0000] {logging_mixin.py:190} INFO - [2024-08-30T03:31:04.833+0000] {dagbag.py:587} INFO - Filling up the DagBag from /home/airflow/.local/lib/python3.12/site-packages/airflow/example_dags/example_branch_python_dop_operator_3.py
[2024-08-30T03:31:04.842+0000] {processor.py:925} INFO - DAG(s) 'example_branch_dop_operator_v3' retrieved from /home/airflow/.local/lib/python3.12/site-packages/airflow/example_dags/example_branch_python_dop_operator_3.py
[2024-08-30T03:31:04.859+0000] {logging_mixin.py:190} INFO - [2024-08-30T03:31:04.859+0000] {dag.py:3211} INFO - Sync 1 DAGs
[2024-08-30T03:31:04.879+0000] {logging_mixin.py:190} INFO - [2024-08-30T03:31:04.879+0000] {dag.py:4138} INFO - Setting next_dagrun for example_branch_dop_operator_v3 to 2024-08-30 03:30:00+00:00, run_after=2024-08-30 03:31:00+00:00
[2024-08-30T03:31:04.896+0000] {processor.py:208} INFO - Processing /home/airflow/.local/lib/python3.12/site-packages/airflow/example_dags/example_branch_python_dop_operator_3.py took 0.070 seconds
[2024-08-30T03:31:35.626+0000] {processor.py:186} INFO - Started process (PID=252) to work on /home/airflow/.local/lib/python3.12/site-packages/airflow/example_dags/example_branch_python_dop_operator_3.py
[2024-08-30T03:31:35.628+0000] {processor.py:914} INFO - Processing file /home/airflow/.local/lib/python3.12/site-packages/airflow/example_dags/example_branch_python_dop_operator_3.py for tasks to queue
[2024-08-30T03:31:35.631+0000] {logging_mixin.py:190} INFO - [2024-08-30T03:31:35.630+0000] {dagbag.py:587} INFO - Filling up the DagBag from /home/airflow/.local/lib/python3.12/site-packages/airflow/example_dags/example_branch_python_dop_operator_3.py
[2024-08-30T03:31:35.643+0000] {processor.py:925} INFO - DAG(s) 'example_branch_dop_operator_v3' retrieved from /home/airflow/.local/lib/python3.12/site-packages/airflow/example_dags/example_branch_python_dop_operator_3.py
[2024-08-30T03:31:35.660+0000] {logging_mixin.py:190} INFO - [2024-08-30T03:31:35.660+0000] {dag.py:3211} INFO - Sync 1 DAGs
[2024-08-30T03:31:35.682+0000] {logging_mixin.py:190} INFO - [2024-08-30T03:31:35.682+0000] {dag.py:4138} INFO - Setting next_dagrun for example_branch_dop_operator_v3 to 2024-08-30 03:30:00+00:00, run_after=2024-08-30 03:31:00+00:00
[2024-08-30T03:31:35.701+0000] {processor.py:208} INFO - Processing /home/airflow/.local/lib/python3.12/site-packages/airflow/example_dags/example_branch_python_dop_operator_3.py took 0.082 seconds
[2024-08-30T03:32:06.489+0000] {processor.py:186} INFO - Started process (PID=315) to work on /home/airflow/.local/lib/python3.12/site-packages/airflow/example_dags/example_branch_python_dop_operator_3.py
[2024-08-30T03:32:06.508+0000] {processor.py:914} INFO - Processing file /home/airflow/.local/lib/python3.12/site-packages/airflow/example_dags/example_branch_python_dop_operator_3.py for tasks to queue
[2024-08-30T03:32:06.511+0000] {logging_mixin.py:190} INFO - [2024-08-30T03:32:06.511+0000] {dagbag.py:587} INFO - Filling up the DagBag from /home/airflow/.local/lib/python3.12/site-packages/airflow/example_dags/example_branch_python_dop_operator_3.py
[2024-08-30T03:32:06.529+0000] {processor.py:925} INFO - DAG(s) 'example_branch_dop_operator_v3' retrieved from /home/airflow/.local/lib/python3.12/site-packages/airflow/example_dags/example_branch_python_dop_operator_3.py
[2024-08-30T03:32:06.577+0000] {logging_mixin.py:190} INFO - [2024-08-30T03:32:06.576+0000] {dag.py:3211} INFO - Sync 1 DAGs
[2024-08-30T03:32:06.611+0000] {logging_mixin.py:190} INFO - [2024-08-30T03:32:06.611+0000] {dag.py:4138} INFO - Setting next_dagrun for example_branch_dop_operator_v3 to 2024-08-30 03:31:00+00:00, run_after=2024-08-30 03:32:00+00:00
[2024-08-30T03:32:06.628+0000] {processor.py:208} INFO - Processing /home/airflow/.local/lib/python3.12/site-packages/airflow/example_dags/example_branch_python_dop_operator_3.py took 0.146 seconds
[2024-08-30T03:32:37.316+0000] {processor.py:186} INFO - Started process (PID=378) to work on /home/airflow/.local/lib/python3.12/site-packages/airflow/example_dags/example_branch_python_dop_operator_3.py
[2024-08-30T03:32:37.320+0000] {processor.py:914} INFO - Processing file /home/airflow/.local/lib/python3.12/site-packages/airflow/example_dags/example_branch_python_dop_operator_3.py for tasks to queue
[2024-08-30T03:32:37.326+0000] {logging_mixin.py:190} INFO - [2024-08-30T03:32:37.325+0000] {dagbag.py:587} INFO - Filling up the DagBag from /home/airflow/.local/lib/python3.12/site-packages/airflow/example_dags/example_branch_python_dop_operator_3.py
[2024-08-30T03:32:37.348+0000] {processor.py:925} INFO - DAG(s) 'example_branch_dop_operator_v3' retrieved from /home/airflow/.local/lib/python3.12/site-packages/airflow/example_dags/example_branch_python_dop_operator_3.py
[2024-08-30T03:32:37.379+0000] {logging_mixin.py:190} INFO - [2024-08-30T03:32:37.379+0000] {dag.py:3211} INFO - Sync 1 DAGs
[2024-08-30T03:32:37.406+0000] {logging_mixin.py:190} INFO - [2024-08-30T03:32:37.406+0000] {dag.py:4138} INFO - Setting next_dagrun for example_branch_dop_operator_v3 to 2024-08-30 03:31:00+00:00, run_after=2024-08-30 03:32:00+00:00
[2024-08-30T03:32:37.442+0000] {processor.py:208} INFO - Processing /home/airflow/.local/lib/python3.12/site-packages/airflow/example_dags/example_branch_python_dop_operator_3.py took 0.130 seconds
[2024-08-30T03:33:08.280+0000] {processor.py:186} INFO - Started process (PID=441) to work on /home/airflow/.local/lib/python3.12/site-packages/airflow/example_dags/example_branch_python_dop_operator_3.py
[2024-08-30T03:33:08.281+0000] {processor.py:914} INFO - Processing file /home/airflow/.local/lib/python3.12/site-packages/airflow/example_dags/example_branch_python_dop_operator_3.py for tasks to queue
[2024-08-30T03:33:08.283+0000] {logging_mixin.py:190} INFO - [2024-08-30T03:33:08.283+0000] {dagbag.py:587} INFO - Filling up the DagBag from /home/airflow/.local/lib/python3.12/site-packages/airflow/example_dags/example_branch_python_dop_operator_3.py
[2024-08-30T03:33:08.291+0000] {processor.py:925} INFO - DAG(s) 'example_branch_dop_operator_v3' retrieved from /home/airflow/.local/lib/python3.12/site-packages/airflow/example_dags/example_branch_python_dop_operator_3.py
[2024-08-30T03:33:08.307+0000] {logging_mixin.py:190} INFO - [2024-08-30T03:33:08.307+0000] {dag.py:3211} INFO - Sync 1 DAGs
[2024-08-30T03:33:08.324+0000] {logging_mixin.py:190} INFO - [2024-08-30T03:33:08.324+0000] {dag.py:4138} INFO - Setting next_dagrun for example_branch_dop_operator_v3 to 2024-08-30 03:32:00+00:00, run_after=2024-08-30 03:33:00+00:00
[2024-08-30T03:33:08.343+0000] {processor.py:208} INFO - Processing /home/airflow/.local/lib/python3.12/site-packages/airflow/example_dags/example_branch_python_dop_operator_3.py took 0.067 seconds
[2024-08-30T03:33:39.343+0000] {processor.py:186} INFO - Started process (PID=504) to work on /home/airflow/.local/lib/python3.12/site-packages/airflow/example_dags/example_branch_python_dop_operator_3.py
[2024-08-30T03:33:39.344+0000] {processor.py:914} INFO - Processing file /home/airflow/.local/lib/python3.12/site-packages/airflow/example_dags/example_branch_python_dop_operator_3.py for tasks to queue
[2024-08-30T03:33:39.345+0000] {logging_mixin.py:190} INFO - [2024-08-30T03:33:39.345+0000] {dagbag.py:587} INFO - Filling up the DagBag from /home/airflow/.local/lib/python3.12/site-packages/airflow/example_dags/example_branch_python_dop_operator_3.py
[2024-08-30T03:33:39.353+0000] {processor.py:925} INFO - DAG(s) 'example_branch_dop_operator_v3' retrieved from /home/airflow/.local/lib/python3.12/site-packages/airflow/example_dags/example_branch_python_dop_operator_3.py
[2024-08-30T03:33:39.368+0000] {logging_mixin.py:190} INFO - [2024-08-30T03:33:39.368+0000] {dag.py:3211} INFO - Sync 1 DAGs
[2024-08-30T03:33:39.386+0000] {logging_mixin.py:190} INFO - [2024-08-30T03:33:39.386+0000] {dag.py:4138} INFO - Setting next_dagrun for example_branch_dop_operator_v3 to 2024-08-30 03:32:00+00:00, run_after=2024-08-30 03:33:00+00:00
[2024-08-30T03:33:39.411+0000] {processor.py:208} INFO - Processing /home/airflow/.local/lib/python3.12/site-packages/airflow/example_dags/example_branch_python_dop_operator_3.py took 0.073 seconds
[2024-08-30T03:34:10.025+0000] {processor.py:186} INFO - Started process (PID=567) to work on /home/airflow/.local/lib/python3.12/site-packages/airflow/example_dags/example_branch_python_dop_operator_3.py
[2024-08-30T03:34:10.025+0000] {processor.py:914} INFO - Processing file /home/airflow/.local/lib/python3.12/site-packages/airflow/example_dags/example_branch_python_dop_operator_3.py for tasks to queue
[2024-08-30T03:34:10.028+0000] {logging_mixin.py:190} INFO - [2024-08-30T03:34:10.027+0000] {dagbag.py:587} INFO - Filling up the DagBag from /home/airflow/.local/lib/python3.12/site-packages/airflow/example_dags/example_branch_python_dop_operator_3.py
[2024-08-30T03:34:10.035+0000] {processor.py:925} INFO - DAG(s) 'example_branch_dop_operator_v3' retrieved from /home/airflow/.local/lib/python3.12/site-packages/airflow/example_dags/example_branch_python_dop_operator_3.py
[2024-08-30T03:34:10.054+0000] {logging_mixin.py:190} INFO - [2024-08-30T03:34:10.053+0000] {dag.py:3211} INFO - Sync 1 DAGs
[2024-08-30T03:34:10.075+0000] {logging_mixin.py:190} INFO - [2024-08-30T03:34:10.075+0000] {dag.py:4138} INFO - Setting next_dagrun for example_branch_dop_operator_v3 to 2024-08-30 03:33:00+00:00, run_after=2024-08-30 03:34:00+00:00
[2024-08-30T03:34:10.092+0000] {processor.py:208} INFO - Processing /home/airflow/.local/lib/python3.12/site-packages/airflow/example_dags/example_branch_python_dop_operator_3.py took 0.072 seconds
[2024-08-30T03:34:40.779+0000] {processor.py:186} INFO - Started process (PID=630) to work on /home/airflow/.local/lib/python3.12/site-packages/airflow/example_dags/example_branch_python_dop_operator_3.py
[2024-08-30T03:34:40.779+0000] {processor.py:914} INFO - Processing file /home/airflow/.local/lib/python3.12/site-packages/airflow/example_dags/example_branch_python_dop_operator_3.py for tasks to queue
[2024-08-30T03:34:40.781+0000] {logging_mixin.py:190} INFO - [2024-08-30T03:34:40.781+0000] {dagbag.py:587} INFO - Filling up the DagBag from /home/airflow/.local/lib/python3.12/site-packages/airflow/example_dags/example_branch_python_dop_operator_3.py
[2024-08-30T03:34:40.791+0000] {processor.py:925} INFO - DAG(s) 'example_branch_dop_operator_v3' retrieved from /home/airflow/.local/lib/python3.12/site-packages/airflow/example_dags/example_branch_python_dop_operator_3.py
[2024-08-30T03:34:40.807+0000] {logging_mixin.py:190} INFO - [2024-08-30T03:34:40.807+0000] {dag.py:3211} INFO - Sync 1 DAGs
[2024-08-30T03:34:40.825+0000] {logging_mixin.py:190} INFO - [2024-08-30T03:34:40.825+0000] {dag.py:4138} INFO - Setting next_dagrun for example_branch_dop_operator_v3 to 2024-08-30 03:33:00+00:00, run_after=2024-08-30 03:34:00+00:00
[2024-08-30T03:34:40.841+0000] {processor.py:208} INFO - Processing /home/airflow/.local/lib/python3.12/site-packages/airflow/example_dags/example_branch_python_dop_operator_3.py took 0.067 seconds
[2024-08-30T03:35:11.612+0000] {processor.py:186} INFO - Started process (PID=693) to work on /home/airflow/.local/lib/python3.12/site-packages/airflow/example_dags/example_branch_python_dop_operator_3.py
[2024-08-30T03:35:11.613+0000] {processor.py:914} INFO - Processing file /home/airflow/.local/lib/python3.12/site-packages/airflow/example_dags/example_branch_python_dop_operator_3.py for tasks to queue
[2024-08-30T03:35:11.615+0000] {logging_mixin.py:190} INFO - [2024-08-30T03:35:11.614+0000] {dagbag.py:587} INFO - Filling up the DagBag from /home/airflow/.local/lib/python3.12/site-packages/airflow/example_dags/example_branch_python_dop_operator_3.py
[2024-08-30T03:35:11.621+0000] {processor.py:925} INFO - DAG(s) 'example_branch_dop_operator_v3' retrieved from /home/airflow/.local/lib/python3.12/site-packages/airflow/example_dags/example_branch_python_dop_operator_3.py
[2024-08-30T03:35:11.635+0000] {logging_mixin.py:190} INFO - [2024-08-30T03:35:11.635+0000] {dag.py:3211} INFO - Sync 1 DAGs
[2024-08-30T03:35:11.653+0000] {logging_mixin.py:190} INFO - [2024-08-30T03:35:11.653+0000] {dag.py:4138} INFO - Setting next_dagrun for example_branch_dop_operator_v3 to 2024-08-30 03:34:00+00:00, run_after=2024-08-30 03:35:00+00:00
[2024-08-30T03:35:11.671+0000] {processor.py:208} INFO - Processing /home/airflow/.local/lib/python3.12/site-packages/airflow/example_dags/example_branch_python_dop_operator_3.py took 0.062 seconds
[2024-08-30T03:35:42.021+0000] {processor.py:186} INFO - Started process (PID=756) to work on /home/airflow/.local/lib/python3.12/site-packages/airflow/example_dags/example_branch_python_dop_operator_3.py
[2024-08-30T03:35:42.022+0000] {processor.py:914} INFO - Processing file /home/airflow/.local/lib/python3.12/site-packages/airflow/example_dags/example_branch_python_dop_operator_3.py for tasks to queue
[2024-08-30T03:35:42.024+0000] {logging_mixin.py:190} INFO - [2024-08-30T03:35:42.023+0000] {dagbag.py:587} INFO - Filling up the DagBag from /home/airflow/.local/lib/python3.12/site-packages/airflow/example_dags/example_branch_python_dop_operator_3.py
[2024-08-30T03:35:42.031+0000] {processor.py:925} INFO - DAG(s) 'example_branch_dop_operator_v3' retrieved from /home/airflow/.local/lib/python3.12/site-packages/airflow/example_dags/example_branch_python_dop_operator_3.py
[2024-08-30T03:35:42.045+0000] {logging_mixin.py:190} INFO - [2024-08-30T03:35:42.045+0000] {dag.py:3211} INFO - Sync 1 DAGs
[2024-08-30T03:35:42.063+0000] {logging_mixin.py:190} INFO - [2024-08-30T03:35:42.063+0000] {dag.py:4138} INFO - Setting next_dagrun for example_branch_dop_operator_v3 to 2024-08-30 03:34:00+00:00, run_after=2024-08-30 03:35:00+00:00
[2024-08-30T03:35:42.089+0000] {processor.py:208} INFO - Processing /home/airflow/.local/lib/python3.12/site-packages/airflow/example_dags/example_branch_python_dop_operator_3.py took 0.072 seconds
[2024-08-30T03:36:12.982+0000] {processor.py:186} INFO - Started process (PID=819) to work on /home/airflow/.local/lib/python3.12/site-packages/airflow/example_dags/example_branch_python_dop_operator_3.py
[2024-08-30T03:36:12.983+0000] {processor.py:914} INFO - Processing file /home/airflow/.local/lib/python3.12/site-packages/airflow/example_dags/example_branch_python_dop_operator_3.py for tasks to queue
[2024-08-30T03:36:12.985+0000] {logging_mixin.py:190} INFO - [2024-08-30T03:36:12.985+0000] {dagbag.py:587} INFO - Filling up the DagBag from /home/airflow/.local/lib/python3.12/site-packages/airflow/example_dags/example_branch_python_dop_operator_3.py
[2024-08-30T03:36:12.994+0000] {processor.py:925} INFO - DAG(s) 'example_branch_dop_operator_v3' retrieved from /home/airflow/.local/lib/python3.12/site-packages/airflow/example_dags/example_branch_python_dop_operator_3.py
[2024-08-30T03:36:13.009+0000] {logging_mixin.py:190} INFO - [2024-08-30T03:36:13.008+0000] {dag.py:3211} INFO - Sync 1 DAGs
[2024-08-30T03:36:13.027+0000] {logging_mixin.py:190} INFO - [2024-08-30T03:36:13.027+0000] {dag.py:4138} INFO - Setting next_dagrun for example_branch_dop_operator_v3 to 2024-08-30 03:35:00+00:00, run_after=2024-08-30 03:36:00+00:00
[2024-08-30T03:36:13.055+0000] {processor.py:208} INFO - Processing /home/airflow/.local/lib/python3.12/site-packages/airflow/example_dags/example_branch_python_dop_operator_3.py took 0.077 seconds
[2024-08-30T03:36:43.537+0000] {processor.py:186} INFO - Started process (PID=882) to work on /home/airflow/.local/lib/python3.12/site-packages/airflow/example_dags/example_branch_python_dop_operator_3.py
[2024-08-30T03:36:43.540+0000] {processor.py:914} INFO - Processing file /home/airflow/.local/lib/python3.12/site-packages/airflow/example_dags/example_branch_python_dop_operator_3.py for tasks to queue
[2024-08-30T03:36:43.545+0000] {logging_mixin.py:190} INFO - [2024-08-30T03:36:43.544+0000] {dagbag.py:587} INFO - Filling up the DagBag from /home/airflow/.local/lib/python3.12/site-packages/airflow/example_dags/example_branch_python_dop_operator_3.py
[2024-08-30T03:36:43.557+0000] {processor.py:925} INFO - DAG(s) 'example_branch_dop_operator_v3' retrieved from /home/airflow/.local/lib/python3.12/site-packages/airflow/example_dags/example_branch_python_dop_operator_3.py
[2024-08-30T03:36:43.579+0000] {logging_mixin.py:190} INFO - [2024-08-30T03:36:43.579+0000] {dag.py:3211} INFO - Sync 1 DAGs
[2024-08-30T03:36:43.604+0000] {logging_mixin.py:190} INFO - [2024-08-30T03:36:43.604+0000] {dag.py:4138} INFO - Setting next_dagrun for example_branch_dop_operator_v3 to 2024-08-30 03:35:00+00:00, run_after=2024-08-30 03:36:00+00:00
[2024-08-30T03:36:43.625+0000] {processor.py:208} INFO - Processing /home/airflow/.local/lib/python3.12/site-packages/airflow/example_dags/example_branch_python_dop_operator_3.py took 0.097 seconds
[2024-08-30T03:37:27.790+0000] {processor.py:186} INFO - Started process (PID=62) to work on /home/airflow/.local/lib/python3.12/site-packages/airflow/example_dags/example_branch_python_dop_operator_3.py
[2024-08-30T03:37:27.791+0000] {processor.py:914} INFO - Processing file /home/airflow/.local/lib/python3.12/site-packages/airflow/example_dags/example_branch_python_dop_operator_3.py for tasks to queue
[2024-08-30T03:37:27.794+0000] {logging_mixin.py:190} INFO - [2024-08-30T03:37:27.794+0000] {dagbag.py:587} INFO - Filling up the DagBag from /home/airflow/.local/lib/python3.12/site-packages/airflow/example_dags/example_branch_python_dop_operator_3.py
[2024-08-30T03:37:27.804+0000] {processor.py:925} INFO - DAG(s) 'example_branch_dop_operator_v3' retrieved from /home/airflow/.local/lib/python3.12/site-packages/airflow/example_dags/example_branch_python_dop_operator_3.py
[2024-08-30T03:37:27.839+0000] {logging_mixin.py:190} INFO - [2024-08-30T03:37:27.838+0000] {dag.py:3211} INFO - Sync 1 DAGs
[2024-08-30T03:37:27.866+0000] {logging_mixin.py:190} INFO - [2024-08-30T03:37:27.866+0000] {dag.py:4138} INFO - Setting next_dagrun for example_branch_dop_operator_v3 to 2024-08-30 03:36:00+00:00, run_after=2024-08-30 03:37:00+00:00
[2024-08-30T03:37:27.885+0000] {processor.py:208} INFO - Processing /home/airflow/.local/lib/python3.12/site-packages/airflow/example_dags/example_branch_python_dop_operator_3.py took 0.099 seconds
[2024-08-30T03:37:58.676+0000] {processor.py:186} INFO - Started process (PID=125) to work on /home/airflow/.local/lib/python3.12/site-packages/airflow/example_dags/example_branch_python_dop_operator_3.py
[2024-08-30T03:37:58.678+0000] {processor.py:914} INFO - Processing file /home/airflow/.local/lib/python3.12/site-packages/airflow/example_dags/example_branch_python_dop_operator_3.py for tasks to queue
[2024-08-30T03:37:58.679+0000] {logging_mixin.py:190} INFO - [2024-08-30T03:37:58.679+0000] {dagbag.py:587} INFO - Filling up the DagBag from /home/airflow/.local/lib/python3.12/site-packages/airflow/example_dags/example_branch_python_dop_operator_3.py
[2024-08-30T03:37:58.687+0000] {processor.py:925} INFO - DAG(s) 'example_branch_dop_operator_v3' retrieved from /home/airflow/.local/lib/python3.12/site-packages/airflow/example_dags/example_branch_python_dop_operator_3.py
[2024-08-30T03:37:58.703+0000] {logging_mixin.py:190} INFO - [2024-08-30T03:37:58.703+0000] {dag.py:3211} INFO - Sync 1 DAGs
[2024-08-30T03:37:58.723+0000] {logging_mixin.py:190} INFO - [2024-08-30T03:37:58.723+0000] {dag.py:4138} INFO - Setting next_dagrun for example_branch_dop_operator_v3 to 2024-08-30 03:36:00+00:00, run_after=2024-08-30 03:37:00+00:00
[2024-08-30T03:37:58.750+0000] {processor.py:208} INFO - Processing /home/airflow/.local/lib/python3.12/site-packages/airflow/example_dags/example_branch_python_dop_operator_3.py took 0.078 seconds
[2024-08-30T03:38:28.794+0000] {processor.py:186} INFO - Started process (PID=187) to work on /home/airflow/.local/lib/python3.12/site-packages/airflow/example_dags/example_branch_python_dop_operator_3.py
[2024-08-30T03:38:28.795+0000] {processor.py:914} INFO - Processing file /home/airflow/.local/lib/python3.12/site-packages/airflow/example_dags/example_branch_python_dop_operator_3.py for tasks to queue
[2024-08-30T03:38:28.797+0000] {logging_mixin.py:190} INFO - [2024-08-30T03:38:28.797+0000] {dagbag.py:587} INFO - Filling up the DagBag from /home/airflow/.local/lib/python3.12/site-packages/airflow/example_dags/example_branch_python_dop_operator_3.py
[2024-08-30T03:38:28.805+0000] {processor.py:925} INFO - DAG(s) 'example_branch_dop_operator_v3' retrieved from /home/airflow/.local/lib/python3.12/site-packages/airflow/example_dags/example_branch_python_dop_operator_3.py
[2024-08-30T03:38:28.824+0000] {logging_mixin.py:190} INFO - [2024-08-30T03:38:28.824+0000] {dag.py:3211} INFO - Sync 1 DAGs
[2024-08-30T03:38:28.843+0000] {logging_mixin.py:190} INFO - [2024-08-30T03:38:28.843+0000] {dag.py:4138} INFO - Setting next_dagrun for example_branch_dop_operator_v3 to 2024-08-30 03:37:00+00:00, run_after=2024-08-30 03:38:00+00:00
[2024-08-30T03:38:28.862+0000] {processor.py:208} INFO - Processing /home/airflow/.local/lib/python3.12/site-packages/airflow/example_dags/example_branch_python_dop_operator_3.py took 0.072 seconds
[2024-08-30T03:38:59.546+0000] {processor.py:186} INFO - Started process (PID=251) to work on /home/airflow/.local/lib/python3.12/site-packages/airflow/example_dags/example_branch_python_dop_operator_3.py
[2024-08-30T03:38:59.547+0000] {processor.py:914} INFO - Processing file /home/airflow/.local/lib/python3.12/site-packages/airflow/example_dags/example_branch_python_dop_operator_3.py for tasks to queue
[2024-08-30T03:38:59.549+0000] {logging_mixin.py:190} INFO - [2024-08-30T03:38:59.549+0000] {dagbag.py:587} INFO - Filling up the DagBag from /home/airflow/.local/lib/python3.12/site-packages/airflow/example_dags/example_branch_python_dop_operator_3.py
[2024-08-30T03:38:59.556+0000] {processor.py:925} INFO - DAG(s) 'example_branch_dop_operator_v3' retrieved from /home/airflow/.local/lib/python3.12/site-packages/airflow/example_dags/example_branch_python_dop_operator_3.py
[2024-08-30T03:38:59.571+0000] {logging_mixin.py:190} INFO - [2024-08-30T03:38:59.571+0000] {dag.py:3211} INFO - Sync 1 DAGs
[2024-08-30T03:38:59.589+0000] {logging_mixin.py:190} INFO - [2024-08-30T03:38:59.589+0000] {dag.py:4138} INFO - Setting next_dagrun for example_branch_dop_operator_v3 to 2024-08-30 03:37:00+00:00, run_after=2024-08-30 03:38:00+00:00
[2024-08-30T03:38:59.605+0000] {processor.py:208} INFO - Processing /home/airflow/.local/lib/python3.12/site-packages/airflow/example_dags/example_branch_python_dop_operator_3.py took 0.062 seconds
[2024-08-30T03:39:30.356+0000] {processor.py:186} INFO - Started process (PID=314) to work on /home/airflow/.local/lib/python3.12/site-packages/airflow/example_dags/example_branch_python_dop_operator_3.py
[2024-08-30T03:39:30.357+0000] {processor.py:914} INFO - Processing file /home/airflow/.local/lib/python3.12/site-packages/airflow/example_dags/example_branch_python_dop_operator_3.py for tasks to queue
[2024-08-30T03:39:30.359+0000] {logging_mixin.py:190} INFO - [2024-08-30T03:39:30.359+0000] {dagbag.py:587} INFO - Filling up the DagBag from /home/airflow/.local/lib/python3.12/site-packages/airflow/example_dags/example_branch_python_dop_operator_3.py
[2024-08-30T03:39:30.367+0000] {processor.py:925} INFO - DAG(s) 'example_branch_dop_operator_v3' retrieved from /home/airflow/.local/lib/python3.12/site-packages/airflow/example_dags/example_branch_python_dop_operator_3.py
[2024-08-30T03:39:30.382+0000] {logging_mixin.py:190} INFO - [2024-08-30T03:39:30.382+0000] {dag.py:3211} INFO - Sync 1 DAGs
[2024-08-30T03:39:30.404+0000] {logging_mixin.py:190} INFO - [2024-08-30T03:39:30.404+0000] {dag.py:4138} INFO - Setting next_dagrun for example_branch_dop_operator_v3 to 2024-08-30 03:38:00+00:00, run_after=2024-08-30 03:39:00+00:00
[2024-08-30T03:39:30.429+0000] {processor.py:208} INFO - Processing /home/airflow/.local/lib/python3.12/site-packages/airflow/example_dags/example_branch_python_dop_operator_3.py took 0.077 seconds
[2024-08-30T03:40:00.967+0000] {processor.py:186} INFO - Started process (PID=377) to work on /home/airflow/.local/lib/python3.12/site-packages/airflow/example_dags/example_branch_python_dop_operator_3.py
[2024-08-30T03:40:00.968+0000] {processor.py:914} INFO - Processing file /home/airflow/.local/lib/python3.12/site-packages/airflow/example_dags/example_branch_python_dop_operator_3.py for tasks to queue
[2024-08-30T03:40:00.969+0000] {logging_mixin.py:190} INFO - [2024-08-30T03:40:00.969+0000] {dagbag.py:587} INFO - Filling up the DagBag from /home/airflow/.local/lib/python3.12/site-packages/airflow/example_dags/example_branch_python_dop_operator_3.py
[2024-08-30T03:40:00.977+0000] {processor.py:925} INFO - DAG(s) 'example_branch_dop_operator_v3' retrieved from /home/airflow/.local/lib/python3.12/site-packages/airflow/example_dags/example_branch_python_dop_operator_3.py
[2024-08-30T03:40:00.991+0000] {logging_mixin.py:190} INFO - [2024-08-30T03:40:00.991+0000] {dag.py:3211} INFO - Sync 1 DAGs
[2024-08-30T03:40:01.009+0000] {logging_mixin.py:190} INFO - [2024-08-30T03:40:01.009+0000] {dag.py:4138} INFO - Setting next_dagrun for example_branch_dop_operator_v3 to 2024-08-30 03:39:00+00:00, run_after=2024-08-30 03:40:00+00:00
[2024-08-30T03:40:01.037+0000] {processor.py:208} INFO - Processing /home/airflow/.local/lib/python3.12/site-packages/airflow/example_dags/example_branch_python_dop_operator_3.py took 0.074 seconds
[2024-08-30T03:40:31.533+0000] {processor.py:186} INFO - Started process (PID=440) to work on /home/airflow/.local/lib/python3.12/site-packages/airflow/example_dags/example_branch_python_dop_operator_3.py
[2024-08-30T03:40:31.534+0000] {processor.py:914} INFO - Processing file /home/airflow/.local/lib/python3.12/site-packages/airflow/example_dags/example_branch_python_dop_operator_3.py for tasks to queue
[2024-08-30T03:40:31.537+0000] {logging_mixin.py:190} INFO - [2024-08-30T03:40:31.536+0000] {dagbag.py:587} INFO - Filling up the DagBag from /home/airflow/.local/lib/python3.12/site-packages/airflow/example_dags/example_branch_python_dop_operator_3.py
[2024-08-30T03:40:31.545+0000] {processor.py:925} INFO - DAG(s) 'example_branch_dop_operator_v3' retrieved from /home/airflow/.local/lib/python3.12/site-packages/airflow/example_dags/example_branch_python_dop_operator_3.py
[2024-08-30T03:40:31.561+0000] {logging_mixin.py:190} INFO - [2024-08-30T03:40:31.561+0000] {dag.py:3211} INFO - Sync 1 DAGs
[2024-08-30T03:40:31.581+0000] {logging_mixin.py:190} INFO - [2024-08-30T03:40:31.581+0000] {dag.py:4138} INFO - Setting next_dagrun for example_branch_dop_operator_v3 to 2024-08-30 03:39:00+00:00, run_after=2024-08-30 03:40:00+00:00
[2024-08-30T03:40:31.601+0000] {processor.py:208} INFO - Processing /home/airflow/.local/lib/python3.12/site-packages/airflow/example_dags/example_branch_python_dop_operator_3.py took 0.072 seconds
[2024-08-30T03:41:02.563+0000] {processor.py:186} INFO - Started process (PID=503) to work on /home/airflow/.local/lib/python3.12/site-packages/airflow/example_dags/example_branch_python_dop_operator_3.py
[2024-08-30T03:41:02.564+0000] {processor.py:914} INFO - Processing file /home/airflow/.local/lib/python3.12/site-packages/airflow/example_dags/example_branch_python_dop_operator_3.py for tasks to queue
[2024-08-30T03:41:02.566+0000] {logging_mixin.py:190} INFO - [2024-08-30T03:41:02.566+0000] {dagbag.py:587} INFO - Filling up the DagBag from /home/airflow/.local/lib/python3.12/site-packages/airflow/example_dags/example_branch_python_dop_operator_3.py
[2024-08-30T03:41:02.573+0000] {processor.py:925} INFO - DAG(s) 'example_branch_dop_operator_v3' retrieved from /home/airflow/.local/lib/python3.12/site-packages/airflow/example_dags/example_branch_python_dop_operator_3.py
[2024-08-30T03:41:02.587+0000] {logging_mixin.py:190} INFO - [2024-08-30T03:41:02.587+0000] {dag.py:3211} INFO - Sync 1 DAGs
[2024-08-30T03:41:02.605+0000] {logging_mixin.py:190} INFO - [2024-08-30T03:41:02.605+0000] {dag.py:4138} INFO - Setting next_dagrun for example_branch_dop_operator_v3 to 2024-08-30 03:40:00+00:00, run_after=2024-08-30 03:41:00+00:00
[2024-08-30T03:41:02.625+0000] {processor.py:208} INFO - Processing /home/airflow/.local/lib/python3.12/site-packages/airflow/example_dags/example_branch_python_dop_operator_3.py took 0.066 seconds
[2024-08-30T03:41:33.327+0000] {processor.py:186} INFO - Started process (PID=572) to work on /home/airflow/.local/lib/python3.12/site-packages/airflow/example_dags/example_branch_python_dop_operator_3.py
[2024-08-30T03:41:33.328+0000] {processor.py:914} INFO - Processing file /home/airflow/.local/lib/python3.12/site-packages/airflow/example_dags/example_branch_python_dop_operator_3.py for tasks to queue
[2024-08-30T03:41:33.330+0000] {logging_mixin.py:190} INFO - [2024-08-30T03:41:33.329+0000] {dagbag.py:587} INFO - Filling up the DagBag from /home/airflow/.local/lib/python3.12/site-packages/airflow/example_dags/example_branch_python_dop_operator_3.py
[2024-08-30T03:41:33.337+0000] {processor.py:925} INFO - DAG(s) 'example_branch_dop_operator_v3' retrieved from /home/airflow/.local/lib/python3.12/site-packages/airflow/example_dags/example_branch_python_dop_operator_3.py
[2024-08-30T03:41:33.353+0000] {logging_mixin.py:190} INFO - [2024-08-30T03:41:33.353+0000] {dag.py:3211} INFO - Sync 1 DAGs
[2024-08-30T03:41:33.372+0000] {logging_mixin.py:190} INFO - [2024-08-30T03:41:33.372+0000] {dag.py:4138} INFO - Setting next_dagrun for example_branch_dop_operator_v3 to 2024-08-30 03:40:00+00:00, run_after=2024-08-30 03:41:00+00:00
[2024-08-30T03:41:33.401+0000] {processor.py:208} INFO - Processing /home/airflow/.local/lib/python3.12/site-packages/airflow/example_dags/example_branch_python_dop_operator_3.py took 0.079 seconds
[2024-08-30T03:42:04.182+0000] {processor.py:186} INFO - Started process (PID=635) to work on /home/airflow/.local/lib/python3.12/site-packages/airflow/example_dags/example_branch_python_dop_operator_3.py
[2024-08-30T03:42:04.183+0000] {processor.py:914} INFO - Processing file /home/airflow/.local/lib/python3.12/site-packages/airflow/example_dags/example_branch_python_dop_operator_3.py for tasks to queue
[2024-08-30T03:42:04.184+0000] {logging_mixin.py:190} INFO - [2024-08-30T03:42:04.184+0000] {dagbag.py:587} INFO - Filling up the DagBag from /home/airflow/.local/lib/python3.12/site-packages/airflow/example_dags/example_branch_python_dop_operator_3.py
[2024-08-30T03:42:04.191+0000] {processor.py:925} INFO - DAG(s) 'example_branch_dop_operator_v3' retrieved from /home/airflow/.local/lib/python3.12/site-packages/airflow/example_dags/example_branch_python_dop_operator_3.py
[2024-08-30T03:42:04.205+0000] {logging_mixin.py:190} INFO - [2024-08-30T03:42:04.205+0000] {dag.py:3211} INFO - Sync 1 DAGs
[2024-08-30T03:42:04.223+0000] {logging_mixin.py:190} INFO - [2024-08-30T03:42:04.223+0000] {dag.py:4138} INFO - Setting next_dagrun for example_branch_dop_operator_v3 to 2024-08-30 03:41:00+00:00, run_after=2024-08-30 03:42:00+00:00
[2024-08-30T03:42:04.242+0000] {processor.py:208} INFO - Processing /home/airflow/.local/lib/python3.12/site-packages/airflow/example_dags/example_branch_python_dop_operator_3.py took 0.064 seconds
[2024-08-30T03:42:34.386+0000] {processor.py:186} INFO - Started process (PID=698) to work on /home/airflow/.local/lib/python3.12/site-packages/airflow/example_dags/example_branch_python_dop_operator_3.py
[2024-08-30T03:42:34.387+0000] {processor.py:914} INFO - Processing file /home/airflow/.local/lib/python3.12/site-packages/airflow/example_dags/example_branch_python_dop_operator_3.py for tasks to queue
[2024-08-30T03:42:34.390+0000] {logging_mixin.py:190} INFO - [2024-08-30T03:42:34.390+0000] {dagbag.py:587} INFO - Filling up the DagBag from /home/airflow/.local/lib/python3.12/site-packages/airflow/example_dags/example_branch_python_dop_operator_3.py
[2024-08-30T03:42:34.397+0000] {processor.py:925} INFO - DAG(s) 'example_branch_dop_operator_v3' retrieved from /home/airflow/.local/lib/python3.12/site-packages/airflow/example_dags/example_branch_python_dop_operator_3.py
[2024-08-30T03:42:34.414+0000] {logging_mixin.py:190} INFO - [2024-08-30T03:42:34.413+0000] {dag.py:3211} INFO - Sync 1 DAGs
[2024-08-30T03:42:34.433+0000] {logging_mixin.py:190} INFO - [2024-08-30T03:42:34.433+0000] {dag.py:4138} INFO - Setting next_dagrun for example_branch_dop_operator_v3 to 2024-08-30 03:41:00+00:00, run_after=2024-08-30 03:42:00+00:00
[2024-08-30T03:42:34.454+0000] {processor.py:208} INFO - Processing /home/airflow/.local/lib/python3.12/site-packages/airflow/example_dags/example_branch_python_dop_operator_3.py took 0.073 seconds
[2024-08-30T03:43:04.939+0000] {processor.py:186} INFO - Started process (PID=762) to work on /home/airflow/.local/lib/python3.12/site-packages/airflow/example_dags/example_branch_python_dop_operator_3.py
[2024-08-30T03:43:04.941+0000] {processor.py:914} INFO - Processing file /home/airflow/.local/lib/python3.12/site-packages/airflow/example_dags/example_branch_python_dop_operator_3.py for tasks to queue
[2024-08-30T03:43:04.943+0000] {logging_mixin.py:190} INFO - [2024-08-30T03:43:04.943+0000] {dagbag.py:587} INFO - Filling up the DagBag from /home/airflow/.local/lib/python3.12/site-packages/airflow/example_dags/example_branch_python_dop_operator_3.py
[2024-08-30T03:43:04.950+0000] {processor.py:925} INFO - DAG(s) 'example_branch_dop_operator_v3' retrieved from /home/airflow/.local/lib/python3.12/site-packages/airflow/example_dags/example_branch_python_dop_operator_3.py
[2024-08-30T03:43:04.965+0000] {logging_mixin.py:190} INFO - [2024-08-30T03:43:04.965+0000] {dag.py:3211} INFO - Sync 1 DAGs
[2024-08-30T03:43:04.983+0000] {logging_mixin.py:190} INFO - [2024-08-30T03:43:04.982+0000] {dag.py:4138} INFO - Setting next_dagrun for example_branch_dop_operator_v3 to 2024-08-30 03:42:00+00:00, run_after=2024-08-30 03:43:00+00:00
[2024-08-30T03:43:05.001+0000] {processor.py:208} INFO - Processing /home/airflow/.local/lib/python3.12/site-packages/airflow/example_dags/example_branch_python_dop_operator_3.py took 0.066 seconds
[2024-08-30T03:43:35.739+0000] {processor.py:186} INFO - Started process (PID=826) to work on /home/airflow/.local/lib/python3.12/site-packages/airflow/example_dags/example_branch_python_dop_operator_3.py
[2024-08-30T03:43:35.740+0000] {processor.py:914} INFO - Processing file /home/airflow/.local/lib/python3.12/site-packages/airflow/example_dags/example_branch_python_dop_operator_3.py for tasks to queue
[2024-08-30T03:43:35.742+0000] {logging_mixin.py:190} INFO - [2024-08-30T03:43:35.741+0000] {dagbag.py:587} INFO - Filling up the DagBag from /home/airflow/.local/lib/python3.12/site-packages/airflow/example_dags/example_branch_python_dop_operator_3.py
[2024-08-30T03:43:35.749+0000] {processor.py:925} INFO - DAG(s) 'example_branch_dop_operator_v3' retrieved from /home/airflow/.local/lib/python3.12/site-packages/airflow/example_dags/example_branch_python_dop_operator_3.py
[2024-08-30T03:43:35.762+0000] {logging_mixin.py:190} INFO - [2024-08-30T03:43:35.762+0000] {dag.py:3211} INFO - Sync 1 DAGs
[2024-08-30T03:43:35.779+0000] {logging_mixin.py:190} INFO - [2024-08-30T03:43:35.779+0000] {dag.py:4138} INFO - Setting next_dagrun for example_branch_dop_operator_v3 to 2024-08-30 03:42:00+00:00, run_after=2024-08-30 03:43:00+00:00
[2024-08-30T03:43:35.806+0000] {processor.py:208} INFO - Processing /home/airflow/.local/lib/python3.12/site-packages/airflow/example_dags/example_branch_python_dop_operator_3.py took 0.071 seconds
[2024-08-30T03:44:05.942+0000] {processor.py:186} INFO - Started process (PID=889) to work on /home/airflow/.local/lib/python3.12/site-packages/airflow/example_dags/example_branch_python_dop_operator_3.py
[2024-08-30T03:44:05.944+0000] {processor.py:914} INFO - Processing file /home/airflow/.local/lib/python3.12/site-packages/airflow/example_dags/example_branch_python_dop_operator_3.py for tasks to queue
[2024-08-30T03:44:05.945+0000] {logging_mixin.py:190} INFO - [2024-08-30T03:44:05.945+0000] {dagbag.py:587} INFO - Filling up the DagBag from /home/airflow/.local/lib/python3.12/site-packages/airflow/example_dags/example_branch_python_dop_operator_3.py
[2024-08-30T03:44:05.954+0000] {processor.py:925} INFO - DAG(s) 'example_branch_dop_operator_v3' retrieved from /home/airflow/.local/lib/python3.12/site-packages/airflow/example_dags/example_branch_python_dop_operator_3.py
[2024-08-30T03:44:05.967+0000] {logging_mixin.py:190} INFO - [2024-08-30T03:44:05.967+0000] {dag.py:3211} INFO - Sync 1 DAGs
[2024-08-30T03:44:05.984+0000] {logging_mixin.py:190} INFO - [2024-08-30T03:44:05.984+0000] {dag.py:4138} INFO - Setting next_dagrun for example_branch_dop_operator_v3 to 2024-08-30 03:43:00+00:00, run_after=2024-08-30 03:44:00+00:00
[2024-08-30T03:44:06.002+0000] {processor.py:208} INFO - Processing /home/airflow/.local/lib/python3.12/site-packages/airflow/example_dags/example_branch_python_dop_operator_3.py took 0.064 seconds
[2024-08-30T03:44:36.485+0000] {processor.py:186} INFO - Started process (PID=952) to work on /home/airflow/.local/lib/python3.12/site-packages/airflow/example_dags/example_branch_python_dop_operator_3.py
[2024-08-30T03:44:36.486+0000] {processor.py:914} INFO - Processing file /home/airflow/.local/lib/python3.12/site-packages/airflow/example_dags/example_branch_python_dop_operator_3.py for tasks to queue
[2024-08-30T03:44:36.487+0000] {logging_mixin.py:190} INFO - [2024-08-30T03:44:36.487+0000] {dagbag.py:587} INFO - Filling up the DagBag from /home/airflow/.local/lib/python3.12/site-packages/airflow/example_dags/example_branch_python_dop_operator_3.py
[2024-08-30T03:44:36.495+0000] {processor.py:925} INFO - DAG(s) 'example_branch_dop_operator_v3' retrieved from /home/airflow/.local/lib/python3.12/site-packages/airflow/example_dags/example_branch_python_dop_operator_3.py
[2024-08-30T03:44:36.507+0000] {logging_mixin.py:190} INFO - [2024-08-30T03:44:36.507+0000] {dag.py:3211} INFO - Sync 1 DAGs
[2024-08-30T03:44:36.524+0000] {logging_mixin.py:190} INFO - [2024-08-30T03:44:36.524+0000] {dag.py:4138} INFO - Setting next_dagrun for example_branch_dop_operator_v3 to 2024-08-30 03:43:00+00:00, run_after=2024-08-30 03:44:00+00:00
[2024-08-30T03:44:36.549+0000] {processor.py:208} INFO - Processing /home/airflow/.local/lib/python3.12/site-packages/airflow/example_dags/example_branch_python_dop_operator_3.py took 0.068 seconds
[2024-08-30T03:45:07.116+0000] {processor.py:186} INFO - Started process (PID=1015) to work on /home/airflow/.local/lib/python3.12/site-packages/airflow/example_dags/example_branch_python_dop_operator_3.py
[2024-08-30T03:45:07.117+0000] {processor.py:914} INFO - Processing file /home/airflow/.local/lib/python3.12/site-packages/airflow/example_dags/example_branch_python_dop_operator_3.py for tasks to queue
[2024-08-30T03:45:07.120+0000] {logging_mixin.py:190} INFO - [2024-08-30T03:45:07.119+0000] {dagbag.py:587} INFO - Filling up the DagBag from /home/airflow/.local/lib/python3.12/site-packages/airflow/example_dags/example_branch_python_dop_operator_3.py
[2024-08-30T03:45:07.127+0000] {processor.py:925} INFO - DAG(s) 'example_branch_dop_operator_v3' retrieved from /home/airflow/.local/lib/python3.12/site-packages/airflow/example_dags/example_branch_python_dop_operator_3.py
[2024-08-30T03:45:07.155+0000] {logging_mixin.py:190} INFO - [2024-08-30T03:45:07.155+0000] {dag.py:3211} INFO - Sync 1 DAGs
[2024-08-30T03:45:07.172+0000] {logging_mixin.py:190} INFO - [2024-08-30T03:45:07.172+0000] {dag.py:4138} INFO - Setting next_dagrun for example_branch_dop_operator_v3 to 2024-08-30 03:44:00+00:00, run_after=2024-08-30 03:45:00+00:00
[2024-08-30T03:45:07.191+0000] {processor.py:208} INFO - Processing /home/airflow/.local/lib/python3.12/site-packages/airflow/example_dags/example_branch_python_dop_operator_3.py took 0.080 seconds
[2024-08-30T03:45:59.517+0000] {processor.py:186} INFO - Started process (PID=62) to work on /home/airflow/.local/lib/python3.12/site-packages/airflow/example_dags/example_branch_python_dop_operator_3.py
[2024-08-30T03:45:59.518+0000] {processor.py:914} INFO - Processing file /home/airflow/.local/lib/python3.12/site-packages/airflow/example_dags/example_branch_python_dop_operator_3.py for tasks to queue
[2024-08-30T03:45:59.520+0000] {logging_mixin.py:190} INFO - [2024-08-30T03:45:59.520+0000] {dagbag.py:587} INFO - Filling up the DagBag from /home/airflow/.local/lib/python3.12/site-packages/airflow/example_dags/example_branch_python_dop_operator_3.py
[2024-08-30T03:45:59.533+0000] {processor.py:925} INFO - DAG(s) 'example_branch_dop_operator_v3' retrieved from /home/airflow/.local/lib/python3.12/site-packages/airflow/example_dags/example_branch_python_dop_operator_3.py
[2024-08-30T03:45:59.571+0000] {logging_mixin.py:190} INFO - [2024-08-30T03:45:59.570+0000] {dag.py:3211} INFO - Sync 1 DAGs
[2024-08-30T03:45:59.590+0000] {logging_mixin.py:190} INFO - [2024-08-30T03:45:59.590+0000] {dag.py:4138} INFO - Setting next_dagrun for example_branch_dop_operator_v3 to 2024-08-30 03:44:00+00:00, run_after=2024-08-30 03:45:00+00:00
[2024-08-30T03:45:59.611+0000] {processor.py:208} INFO - Processing /home/airflow/.local/lib/python3.12/site-packages/airflow/example_dags/example_branch_python_dop_operator_3.py took 0.098 seconds
[2024-08-30T03:46:12.798+0000] {processor.py:186} INFO - Started process (PID=56) to work on /home/airflow/.local/lib/python3.12/site-packages/airflow/example_dags/example_branch_python_dop_operator_3.py
[2024-08-30T03:46:12.799+0000] {processor.py:914} INFO - Processing file /home/airflow/.local/lib/python3.12/site-packages/airflow/example_dags/example_branch_python_dop_operator_3.py for tasks to queue
[2024-08-30T03:46:12.800+0000] {logging_mixin.py:190} INFO - [2024-08-30T03:46:12.800+0000] {dagbag.py:587} INFO - Filling up the DagBag from /home/airflow/.local/lib/python3.12/site-packages/airflow/example_dags/example_branch_python_dop_operator_3.py
[2024-08-30T03:46:12.808+0000] {processor.py:925} INFO - DAG(s) 'example_branch_dop_operator_v3' retrieved from /home/airflow/.local/lib/python3.12/site-packages/airflow/example_dags/example_branch_python_dop_operator_3.py
[2024-08-30T03:46:12.828+0000] {logging_mixin.py:190} INFO - [2024-08-30T03:46:12.828+0000] {dag.py:3211} INFO - Sync 1 DAGs
[2024-08-30T03:46:12.845+0000] {logging_mixin.py:190} INFO - [2024-08-30T03:46:12.845+0000] {dag.py:4138} INFO - Setting next_dagrun for example_branch_dop_operator_v3 to 2024-08-30 03:45:00+00:00, run_after=2024-08-30 03:46:00+00:00
[2024-08-30T03:46:12.860+0000] {processor.py:208} INFO - Processing /home/airflow/.local/lib/python3.12/site-packages/airflow/example_dags/example_branch_python_dop_operator_3.py took 0.066 seconds
[2024-08-30T03:46:43.554+0000] {processor.py:186} INFO - Started process (PID=119) to work on /home/airflow/.local/lib/python3.12/site-packages/airflow/example_dags/example_branch_python_dop_operator_3.py
[2024-08-30T03:46:43.555+0000] {processor.py:914} INFO - Processing file /home/airflow/.local/lib/python3.12/site-packages/airflow/example_dags/example_branch_python_dop_operator_3.py for tasks to queue
[2024-08-30T03:46:43.557+0000] {logging_mixin.py:190} INFO - [2024-08-30T03:46:43.557+0000] {dagbag.py:587} INFO - Filling up the DagBag from /home/airflow/.local/lib/python3.12/site-packages/airflow/example_dags/example_branch_python_dop_operator_3.py
[2024-08-30T03:46:43.565+0000] {processor.py:925} INFO - DAG(s) 'example_branch_dop_operator_v3' retrieved from /home/airflow/.local/lib/python3.12/site-packages/airflow/example_dags/example_branch_python_dop_operator_3.py
[2024-08-30T03:46:43.583+0000] {logging_mixin.py:190} INFO - [2024-08-30T03:46:43.582+0000] {dag.py:3211} INFO - Sync 1 DAGs
[2024-08-30T03:46:43.601+0000] {logging_mixin.py:190} INFO - [2024-08-30T03:46:43.601+0000] {dag.py:4138} INFO - Setting next_dagrun for example_branch_dop_operator_v3 to 2024-08-30 03:45:00+00:00, run_after=2024-08-30 03:46:00+00:00
[2024-08-30T03:46:43.620+0000] {processor.py:208} INFO - Processing /home/airflow/.local/lib/python3.12/site-packages/airflow/example_dags/example_branch_python_dop_operator_3.py took 0.070 seconds
[2024-08-30T03:47:13.944+0000] {processor.py:186} INFO - Started process (PID=182) to work on /home/airflow/.local/lib/python3.12/site-packages/airflow/example_dags/example_branch_python_dop_operator_3.py
[2024-08-30T03:47:13.945+0000] {processor.py:914} INFO - Processing file /home/airflow/.local/lib/python3.12/site-packages/airflow/example_dags/example_branch_python_dop_operator_3.py for tasks to queue
[2024-08-30T03:47:13.947+0000] {logging_mixin.py:190} INFO - [2024-08-30T03:47:13.947+0000] {dagbag.py:587} INFO - Filling up the DagBag from /home/airflow/.local/lib/python3.12/site-packages/airflow/example_dags/example_branch_python_dop_operator_3.py
[2024-08-30T03:47:13.956+0000] {processor.py:925} INFO - DAG(s) 'example_branch_dop_operator_v3' retrieved from /home/airflow/.local/lib/python3.12/site-packages/airflow/example_dags/example_branch_python_dop_operator_3.py
[2024-08-30T03:47:13.972+0000] {logging_mixin.py:190} INFO - [2024-08-30T03:47:13.972+0000] {dag.py:3211} INFO - Sync 1 DAGs
[2024-08-30T03:47:13.991+0000] {logging_mixin.py:190} INFO - [2024-08-30T03:47:13.991+0000] {dag.py:4138} INFO - Setting next_dagrun for example_branch_dop_operator_v3 to 2024-08-30 03:46:00+00:00, run_after=2024-08-30 03:47:00+00:00
[2024-08-30T03:47:14.009+0000] {processor.py:208} INFO - Processing /home/airflow/.local/lib/python3.12/site-packages/airflow/example_dags/example_branch_python_dop_operator_3.py took 0.068 seconds
[2024-08-30T03:47:45.015+0000] {processor.py:186} INFO - Started process (PID=245) to work on /home/airflow/.local/lib/python3.12/site-packages/airflow/example_dags/example_branch_python_dop_operator_3.py
[2024-08-30T03:47:45.016+0000] {processor.py:914} INFO - Processing file /home/airflow/.local/lib/python3.12/site-packages/airflow/example_dags/example_branch_python_dop_operator_3.py for tasks to queue
[2024-08-30T03:47:45.018+0000] {logging_mixin.py:190} INFO - [2024-08-30T03:47:45.018+0000] {dagbag.py:587} INFO - Filling up the DagBag from /home/airflow/.local/lib/python3.12/site-packages/airflow/example_dags/example_branch_python_dop_operator_3.py
[2024-08-30T03:47:45.026+0000] {processor.py:925} INFO - DAG(s) 'example_branch_dop_operator_v3' retrieved from /home/airflow/.local/lib/python3.12/site-packages/airflow/example_dags/example_branch_python_dop_operator_3.py
[2024-08-30T03:47:45.041+0000] {logging_mixin.py:190} INFO - [2024-08-30T03:47:45.041+0000] {dag.py:3211} INFO - Sync 1 DAGs
[2024-08-30T03:47:45.066+0000] {logging_mixin.py:190} INFO - [2024-08-30T03:47:45.066+0000] {dag.py:4138} INFO - Setting next_dagrun for example_branch_dop_operator_v3 to 2024-08-30 03:46:00+00:00, run_after=2024-08-30 03:47:00+00:00
[2024-08-30T03:47:45.085+0000] {processor.py:208} INFO - Processing /home/airflow/.local/lib/python3.12/site-packages/airflow/example_dags/example_branch_python_dop_operator_3.py took 0.075 seconds
[2024-08-30T03:48:15.330+0000] {processor.py:186} INFO - Started process (PID=308) to work on /home/airflow/.local/lib/python3.12/site-packages/airflow/example_dags/example_branch_python_dop_operator_3.py
[2024-08-30T03:48:15.330+0000] {processor.py:914} INFO - Processing file /home/airflow/.local/lib/python3.12/site-packages/airflow/example_dags/example_branch_python_dop_operator_3.py for tasks to queue
[2024-08-30T03:48:15.332+0000] {logging_mixin.py:190} INFO - [2024-08-30T03:48:15.332+0000] {dagbag.py:587} INFO - Filling up the DagBag from /home/airflow/.local/lib/python3.12/site-packages/airflow/example_dags/example_branch_python_dop_operator_3.py
[2024-08-30T03:48:15.339+0000] {processor.py:925} INFO - DAG(s) 'example_branch_dop_operator_v3' retrieved from /home/airflow/.local/lib/python3.12/site-packages/airflow/example_dags/example_branch_python_dop_operator_3.py
[2024-08-30T03:48:15.353+0000] {logging_mixin.py:190} INFO - [2024-08-30T03:48:15.353+0000] {dag.py:3211} INFO - Sync 1 DAGs
[2024-08-30T03:48:15.371+0000] {logging_mixin.py:190} INFO - [2024-08-30T03:48:15.371+0000] {dag.py:4138} INFO - Setting next_dagrun for example_branch_dop_operator_v3 to 2024-08-30 03:47:00+00:00, run_after=2024-08-30 03:48:00+00:00
[2024-08-30T03:48:15.397+0000] {processor.py:208} INFO - Processing /home/airflow/.local/lib/python3.12/site-packages/airflow/example_dags/example_branch_python_dop_operator_3.py took 0.071 seconds
[2024-08-30T03:48:45.931+0000] {processor.py:186} INFO - Started process (PID=375) to work on /home/airflow/.local/lib/python3.12/site-packages/airflow/example_dags/example_branch_python_dop_operator_3.py
[2024-08-30T03:48:45.932+0000] {processor.py:914} INFO - Processing file /home/airflow/.local/lib/python3.12/site-packages/airflow/example_dags/example_branch_python_dop_operator_3.py for tasks to queue
[2024-08-30T03:48:45.934+0000] {logging_mixin.py:190} INFO - [2024-08-30T03:48:45.934+0000] {dagbag.py:587} INFO - Filling up the DagBag from /home/airflow/.local/lib/python3.12/site-packages/airflow/example_dags/example_branch_python_dop_operator_3.py
[2024-08-30T03:48:45.942+0000] {processor.py:925} INFO - DAG(s) 'example_branch_dop_operator_v3' retrieved from /home/airflow/.local/lib/python3.12/site-packages/airflow/example_dags/example_branch_python_dop_operator_3.py
[2024-08-30T03:48:45.957+0000] {logging_mixin.py:190} INFO - [2024-08-30T03:48:45.957+0000] {dag.py:3211} INFO - Sync 1 DAGs
[2024-08-30T03:48:45.976+0000] {logging_mixin.py:190} INFO - [2024-08-30T03:48:45.976+0000] {dag.py:4138} INFO - Setting next_dagrun for example_branch_dop_operator_v3 to 2024-08-30 03:47:00+00:00, run_after=2024-08-30 03:48:00+00:00
[2024-08-30T03:48:46.005+0000] {processor.py:208} INFO - Processing /home/airflow/.local/lib/python3.12/site-packages/airflow/example_dags/example_branch_python_dop_operator_3.py took 0.078 seconds
[2024-08-30T03:49:16.884+0000] {processor.py:186} INFO - Started process (PID=438) to work on /home/airflow/.local/lib/python3.12/site-packages/airflow/example_dags/example_branch_python_dop_operator_3.py
[2024-08-30T03:49:16.885+0000] {processor.py:914} INFO - Processing file /home/airflow/.local/lib/python3.12/site-packages/airflow/example_dags/example_branch_python_dop_operator_3.py for tasks to queue
[2024-08-30T03:49:16.886+0000] {logging_mixin.py:190} INFO - [2024-08-30T03:49:16.886+0000] {dagbag.py:587} INFO - Filling up the DagBag from /home/airflow/.local/lib/python3.12/site-packages/airflow/example_dags/example_branch_python_dop_operator_3.py
[2024-08-30T03:49:16.893+0000] {processor.py:925} INFO - DAG(s) 'example_branch_dop_operator_v3' retrieved from /home/airflow/.local/lib/python3.12/site-packages/airflow/example_dags/example_branch_python_dop_operator_3.py
[2024-08-30T03:49:16.908+0000] {logging_mixin.py:190} INFO - [2024-08-30T03:49:16.907+0000] {dag.py:3211} INFO - Sync 1 DAGs
[2024-08-30T03:49:16.925+0000] {logging_mixin.py:190} INFO - [2024-08-30T03:49:16.925+0000] {dag.py:4138} INFO - Setting next_dagrun for example_branch_dop_operator_v3 to 2024-08-30 03:48:00+00:00, run_after=2024-08-30 03:49:00+00:00
[2024-08-30T03:49:16.941+0000] {processor.py:208} INFO - Processing /home/airflow/.local/lib/python3.12/site-packages/airflow/example_dags/example_branch_python_dop_operator_3.py took 0.061 seconds
[2024-08-30T03:49:47.545+0000] {processor.py:186} INFO - Started process (PID=507) to work on /home/airflow/.local/lib/python3.12/site-packages/airflow/example_dags/example_branch_python_dop_operator_3.py
[2024-08-30T03:49:47.546+0000] {processor.py:914} INFO - Processing file /home/airflow/.local/lib/python3.12/site-packages/airflow/example_dags/example_branch_python_dop_operator_3.py for tasks to queue
[2024-08-30T03:49:47.549+0000] {logging_mixin.py:190} INFO - [2024-08-30T03:49:47.549+0000] {dagbag.py:587} INFO - Filling up the DagBag from /home/airflow/.local/lib/python3.12/site-packages/airflow/example_dags/example_branch_python_dop_operator_3.py
[2024-08-30T03:49:47.560+0000] {processor.py:925} INFO - DAG(s) 'example_branch_dop_operator_v3' retrieved from /home/airflow/.local/lib/python3.12/site-packages/airflow/example_dags/example_branch_python_dop_operator_3.py
[2024-08-30T03:49:47.580+0000] {logging_mixin.py:190} INFO - [2024-08-30T03:49:47.580+0000] {dag.py:3211} INFO - Sync 1 DAGs
[2024-08-30T03:49:47.599+0000] {logging_mixin.py:190} INFO - [2024-08-30T03:49:47.598+0000] {dag.py:4138} INFO - Setting next_dagrun for example_branch_dop_operator_v3 to 2024-08-30 03:48:00+00:00, run_after=2024-08-30 03:49:00+00:00
[2024-08-30T03:49:47.616+0000] {processor.py:208} INFO - Processing /home/airflow/.local/lib/python3.12/site-packages/airflow/example_dags/example_branch_python_dop_operator_3.py took 0.075 seconds
[2024-08-30T03:50:17.661+0000] {processor.py:186} INFO - Started process (PID=570) to work on /home/airflow/.local/lib/python3.12/site-packages/airflow/example_dags/example_branch_python_dop_operator_3.py
[2024-08-30T03:50:17.663+0000] {processor.py:914} INFO - Processing file /home/airflow/.local/lib/python3.12/site-packages/airflow/example_dags/example_branch_python_dop_operator_3.py for tasks to queue
[2024-08-30T03:50:17.665+0000] {logging_mixin.py:190} INFO - [2024-08-30T03:50:17.665+0000] {dagbag.py:587} INFO - Filling up the DagBag from /home/airflow/.local/lib/python3.12/site-packages/airflow/example_dags/example_branch_python_dop_operator_3.py
[2024-08-30T03:50:17.672+0000] {processor.py:925} INFO - DAG(s) 'example_branch_dop_operator_v3' retrieved from /home/airflow/.local/lib/python3.12/site-packages/airflow/example_dags/example_branch_python_dop_operator_3.py
[2024-08-30T03:50:17.690+0000] {logging_mixin.py:190} INFO - [2024-08-30T03:50:17.690+0000] {dag.py:3211} INFO - Sync 1 DAGs
[2024-08-30T03:50:17.710+0000] {logging_mixin.py:190} INFO - [2024-08-30T03:50:17.710+0000] {dag.py:4138} INFO - Setting next_dagrun for example_branch_dop_operator_v3 to 2024-08-30 03:49:00+00:00, run_after=2024-08-30 03:50:00+00:00
[2024-08-30T03:50:17.727+0000] {processor.py:208} INFO - Processing /home/airflow/.local/lib/python3.12/site-packages/airflow/example_dags/example_branch_python_dop_operator_3.py took 0.070 seconds
[2024-08-30T03:50:48.457+0000] {processor.py:186} INFO - Started process (PID=633) to work on /home/airflow/.local/lib/python3.12/site-packages/airflow/example_dags/example_branch_python_dop_operator_3.py
[2024-08-30T03:50:48.458+0000] {processor.py:914} INFO - Processing file /home/airflow/.local/lib/python3.12/site-packages/airflow/example_dags/example_branch_python_dop_operator_3.py for tasks to queue
[2024-08-30T03:50:48.460+0000] {logging_mixin.py:190} INFO - [2024-08-30T03:50:48.460+0000] {dagbag.py:587} INFO - Filling up the DagBag from /home/airflow/.local/lib/python3.12/site-packages/airflow/example_dags/example_branch_python_dop_operator_3.py
[2024-08-30T03:50:48.467+0000] {processor.py:925} INFO - DAG(s) 'example_branch_dop_operator_v3' retrieved from /home/airflow/.local/lib/python3.12/site-packages/airflow/example_dags/example_branch_python_dop_operator_3.py
[2024-08-30T03:50:48.483+0000] {logging_mixin.py:190} INFO - [2024-08-30T03:50:48.482+0000] {dag.py:3211} INFO - Sync 1 DAGs
[2024-08-30T03:50:48.502+0000] {logging_mixin.py:190} INFO - [2024-08-30T03:50:48.502+0000] {dag.py:4138} INFO - Setting next_dagrun for example_branch_dop_operator_v3 to 2024-08-30 03:49:00+00:00, run_after=2024-08-30 03:50:00+00:00
[2024-08-30T03:50:48.520+0000] {processor.py:208} INFO - Processing /home/airflow/.local/lib/python3.12/site-packages/airflow/example_dags/example_branch_python_dop_operator_3.py took 0.067 seconds
[2024-08-30T03:51:18.673+0000] {processor.py:186} INFO - Started process (PID=696) to work on /home/airflow/.local/lib/python3.12/site-packages/airflow/example_dags/example_branch_python_dop_operator_3.py
[2024-08-30T03:51:18.674+0000] {processor.py:914} INFO - Processing file /home/airflow/.local/lib/python3.12/site-packages/airflow/example_dags/example_branch_python_dop_operator_3.py for tasks to queue
[2024-08-30T03:51:18.677+0000] {logging_mixin.py:190} INFO - [2024-08-30T03:51:18.677+0000] {dagbag.py:587} INFO - Filling up the DagBag from /home/airflow/.local/lib/python3.12/site-packages/airflow/example_dags/example_branch_python_dop_operator_3.py
[2024-08-30T03:51:18.684+0000] {processor.py:925} INFO - DAG(s) 'example_branch_dop_operator_v3' retrieved from /home/airflow/.local/lib/python3.12/site-packages/airflow/example_dags/example_branch_python_dop_operator_3.py
[2024-08-30T03:51:18.699+0000] {logging_mixin.py:190} INFO - [2024-08-30T03:51:18.699+0000] {dag.py:3211} INFO - Sync 1 DAGs
[2024-08-30T03:51:18.717+0000] {logging_mixin.py:190} INFO - [2024-08-30T03:51:18.717+0000] {dag.py:4138} INFO - Setting next_dagrun for example_branch_dop_operator_v3 to 2024-08-30 03:50:00+00:00, run_after=2024-08-30 03:51:00+00:00
[2024-08-30T03:51:18.743+0000] {processor.py:208} INFO - Processing /home/airflow/.local/lib/python3.12/site-packages/airflow/example_dags/example_branch_python_dop_operator_3.py took 0.073 seconds
[2024-08-30T03:51:49.338+0000] {processor.py:186} INFO - Started process (PID=759) to work on /home/airflow/.local/lib/python3.12/site-packages/airflow/example_dags/example_branch_python_dop_operator_3.py
[2024-08-30T03:51:49.339+0000] {processor.py:914} INFO - Processing file /home/airflow/.local/lib/python3.12/site-packages/airflow/example_dags/example_branch_python_dop_operator_3.py for tasks to queue
[2024-08-30T03:51:49.344+0000] {logging_mixin.py:190} INFO - [2024-08-30T03:51:49.344+0000] {dagbag.py:587} INFO - Filling up the DagBag from /home/airflow/.local/lib/python3.12/site-packages/airflow/example_dags/example_branch_python_dop_operator_3.py
[2024-08-30T03:51:49.351+0000] {processor.py:925} INFO - DAG(s) 'example_branch_dop_operator_v3' retrieved from /home/airflow/.local/lib/python3.12/site-packages/airflow/example_dags/example_branch_python_dop_operator_3.py
[2024-08-30T03:51:49.366+0000] {logging_mixin.py:190} INFO - [2024-08-30T03:51:49.365+0000] {dag.py:3211} INFO - Sync 1 DAGs
[2024-08-30T03:51:49.385+0000] {logging_mixin.py:190} INFO - [2024-08-30T03:51:49.385+0000] {dag.py:4138} INFO - Setting next_dagrun for example_branch_dop_operator_v3 to 2024-08-30 03:50:00+00:00, run_after=2024-08-30 03:51:00+00:00
[2024-08-30T03:51:49.401+0000] {processor.py:208} INFO - Processing /home/airflow/.local/lib/python3.12/site-packages/airflow/example_dags/example_branch_python_dop_operator_3.py took 0.068 seconds
[2024-08-30T03:52:19.670+0000] {processor.py:186} INFO - Started process (PID=822) to work on /home/airflow/.local/lib/python3.12/site-packages/airflow/example_dags/example_branch_python_dop_operator_3.py
[2024-08-30T03:52:19.671+0000] {processor.py:914} INFO - Processing file /home/airflow/.local/lib/python3.12/site-packages/airflow/example_dags/example_branch_python_dop_operator_3.py for tasks to queue
[2024-08-30T03:52:19.673+0000] {logging_mixin.py:190} INFO - [2024-08-30T03:52:19.673+0000] {dagbag.py:587} INFO - Filling up the DagBag from /home/airflow/.local/lib/python3.12/site-packages/airflow/example_dags/example_branch_python_dop_operator_3.py
[2024-08-30T03:52:19.681+0000] {processor.py:925} INFO - DAG(s) 'example_branch_dop_operator_v3' retrieved from /home/airflow/.local/lib/python3.12/site-packages/airflow/example_dags/example_branch_python_dop_operator_3.py
[2024-08-30T03:52:19.698+0000] {logging_mixin.py:190} INFO - [2024-08-30T03:52:19.697+0000] {dag.py:3211} INFO - Sync 1 DAGs
[2024-08-30T03:52:19.717+0000] {logging_mixin.py:190} INFO - [2024-08-30T03:52:19.717+0000] {dag.py:4138} INFO - Setting next_dagrun for example_branch_dop_operator_v3 to 2024-08-30 03:51:00+00:00, run_after=2024-08-30 03:52:00+00:00
[2024-08-30T03:52:19.738+0000] {processor.py:208} INFO - Processing /home/airflow/.local/lib/python3.12/site-packages/airflow/example_dags/example_branch_python_dop_operator_3.py took 0.072 seconds
[2024-08-30T03:52:50.501+0000] {processor.py:186} INFO - Started process (PID=885) to work on /home/airflow/.local/lib/python3.12/site-packages/airflow/example_dags/example_branch_python_dop_operator_3.py
[2024-08-30T03:52:50.502+0000] {processor.py:914} INFO - Processing file /home/airflow/.local/lib/python3.12/site-packages/airflow/example_dags/example_branch_python_dop_operator_3.py for tasks to queue
[2024-08-30T03:52:50.504+0000] {logging_mixin.py:190} INFO - [2024-08-30T03:52:50.503+0000] {dagbag.py:587} INFO - Filling up the DagBag from /home/airflow/.local/lib/python3.12/site-packages/airflow/example_dags/example_branch_python_dop_operator_3.py
[2024-08-30T03:52:50.511+0000] {processor.py:925} INFO - DAG(s) 'example_branch_dop_operator_v3' retrieved from /home/airflow/.local/lib/python3.12/site-packages/airflow/example_dags/example_branch_python_dop_operator_3.py
[2024-08-30T03:52:50.525+0000] {logging_mixin.py:190} INFO - [2024-08-30T03:52:50.525+0000] {dag.py:3211} INFO - Sync 1 DAGs
[2024-08-30T03:52:50.544+0000] {logging_mixin.py:190} INFO - [2024-08-30T03:52:50.544+0000] {dag.py:4138} INFO - Setting next_dagrun for example_branch_dop_operator_v3 to 2024-08-30 03:51:00+00:00, run_after=2024-08-30 03:52:00+00:00
[2024-08-30T03:52:50.565+0000] {processor.py:208} INFO - Processing /home/airflow/.local/lib/python3.12/site-packages/airflow/example_dags/example_branch_python_dop_operator_3.py took 0.068 seconds
[2024-08-30T03:53:20.698+0000] {processor.py:186} INFO - Started process (PID=948) to work on /home/airflow/.local/lib/python3.12/site-packages/airflow/example_dags/example_branch_python_dop_operator_3.py
[2024-08-30T03:53:20.699+0000] {processor.py:914} INFO - Processing file /home/airflow/.local/lib/python3.12/site-packages/airflow/example_dags/example_branch_python_dop_operator_3.py for tasks to queue
[2024-08-30T03:53:20.700+0000] {logging_mixin.py:190} INFO - [2024-08-30T03:53:20.700+0000] {dagbag.py:587} INFO - Filling up the DagBag from /home/airflow/.local/lib/python3.12/site-packages/airflow/example_dags/example_branch_python_dop_operator_3.py
[2024-08-30T03:53:20.708+0000] {processor.py:925} INFO - DAG(s) 'example_branch_dop_operator_v3' retrieved from /home/airflow/.local/lib/python3.12/site-packages/airflow/example_dags/example_branch_python_dop_operator_3.py
[2024-08-30T03:53:20.725+0000] {logging_mixin.py:190} INFO - [2024-08-30T03:53:20.725+0000] {dag.py:3211} INFO - Sync 1 DAGs
[2024-08-30T03:53:20.746+0000] {logging_mixin.py:190} INFO - [2024-08-30T03:53:20.746+0000] {dag.py:4138} INFO - Setting next_dagrun for example_branch_dop_operator_v3 to 2024-08-30 03:52:00+00:00, run_after=2024-08-30 03:53:00+00:00
[2024-08-30T03:53:20.772+0000] {processor.py:208} INFO - Processing /home/airflow/.local/lib/python3.12/site-packages/airflow/example_dags/example_branch_python_dop_operator_3.py took 0.078 seconds
[2024-08-30T03:53:51.178+0000] {processor.py:186} INFO - Started process (PID=1010) to work on /home/airflow/.local/lib/python3.12/site-packages/airflow/example_dags/example_branch_python_dop_operator_3.py
[2024-08-30T03:53:51.178+0000] {processor.py:914} INFO - Processing file /home/airflow/.local/lib/python3.12/site-packages/airflow/example_dags/example_branch_python_dop_operator_3.py for tasks to queue
[2024-08-30T03:53:51.180+0000] {logging_mixin.py:190} INFO - [2024-08-30T03:53:51.180+0000] {dagbag.py:587} INFO - Filling up the DagBag from /home/airflow/.local/lib/python3.12/site-packages/airflow/example_dags/example_branch_python_dop_operator_3.py
[2024-08-30T03:53:51.187+0000] {processor.py:925} INFO - DAG(s) 'example_branch_dop_operator_v3' retrieved from /home/airflow/.local/lib/python3.12/site-packages/airflow/example_dags/example_branch_python_dop_operator_3.py
[2024-08-30T03:53:51.201+0000] {logging_mixin.py:190} INFO - [2024-08-30T03:53:51.201+0000] {dag.py:3211} INFO - Sync 1 DAGs
[2024-08-30T03:53:51.218+0000] {logging_mixin.py:190} INFO - [2024-08-30T03:53:51.218+0000] {dag.py:4138} INFO - Setting next_dagrun for example_branch_dop_operator_v3 to 2024-08-30 03:52:00+00:00, run_after=2024-08-30 03:53:00+00:00
[2024-08-30T03:53:51.236+0000] {processor.py:208} INFO - Processing /home/airflow/.local/lib/python3.12/site-packages/airflow/example_dags/example_branch_python_dop_operator_3.py took 0.063 seconds
[2024-08-30T03:54:22.082+0000] {processor.py:186} INFO - Started process (PID=1073) to work on /home/airflow/.local/lib/python3.12/site-packages/airflow/example_dags/example_branch_python_dop_operator_3.py
[2024-08-30T03:54:22.082+0000] {processor.py:914} INFO - Processing file /home/airflow/.local/lib/python3.12/site-packages/airflow/example_dags/example_branch_python_dop_operator_3.py for tasks to queue
[2024-08-30T03:54:22.084+0000] {logging_mixin.py:190} INFO - [2024-08-30T03:54:22.083+0000] {dagbag.py:587} INFO - Filling up the DagBag from /home/airflow/.local/lib/python3.12/site-packages/airflow/example_dags/example_branch_python_dop_operator_3.py
[2024-08-30T03:54:22.091+0000] {processor.py:925} INFO - DAG(s) 'example_branch_dop_operator_v3' retrieved from /home/airflow/.local/lib/python3.12/site-packages/airflow/example_dags/example_branch_python_dop_operator_3.py
[2024-08-30T03:54:22.105+0000] {logging_mixin.py:190} INFO - [2024-08-30T03:54:22.105+0000] {dag.py:3211} INFO - Sync 1 DAGs
[2024-08-30T03:54:22.125+0000] {logging_mixin.py:190} INFO - [2024-08-30T03:54:22.125+0000] {dag.py:4138} INFO - Setting next_dagrun for example_branch_dop_operator_v3 to 2024-08-30 03:53:00+00:00, run_after=2024-08-30 03:54:00+00:00
[2024-08-30T03:54:22.144+0000] {processor.py:208} INFO - Processing /home/airflow/.local/lib/python3.12/site-packages/airflow/example_dags/example_branch_python_dop_operator_3.py took 0.067 seconds
