[2024-08-30T03:30:05.496+0000] {processor.py:186} INFO - Started process (PID=88) to work on /home/airflow/.local/lib/python3.12/site-packages/airflow/example_dags/example_dynamic_task_mapping_with_no_taskflow_operators.py
[2024-08-30T03:30:05.497+0000] {processor.py:914} INFO - Processing file /home/airflow/.local/lib/python3.12/site-packages/airflow/example_dags/example_dynamic_task_mapping_with_no_taskflow_operators.py for tasks to queue
[2024-08-30T03:30:05.499+0000] {logging_mixin.py:190} INFO - [2024-08-30T03:30:05.499+0000] {dagbag.py:587} INFO - Filling up the DagBag from /home/airflow/.local/lib/python3.12/site-packages/airflow/example_dags/example_dynamic_task_mapping_with_no_taskflow_operators.py
[2024-08-30T03:30:05.506+0000] {processor.py:925} INFO - DAG(s) 'example_dynamic_task_mapping_with_no_taskflow_operators' retrieved from /home/airflow/.local/lib/python3.12/site-packages/airflow/example_dags/example_dynamic_task_mapping_with_no_taskflow_operators.py
[2024-08-30T03:30:05.524+0000] {logging_mixin.py:190} INFO - [2024-08-30T03:30:05.524+0000] {dag.py:3211} INFO - Sync 1 DAGs
[2024-08-30T03:30:05.542+0000] {logging_mixin.py:190} INFO - [2024-08-30T03:30:05.542+0000] {dag.py:4138} INFO - Setting next_dagrun for example_dynamic_task_mapping_with_no_taskflow_operators to 2024-08-29 00:00:00+00:00, run_after=2024-08-30 00:00:00+00:00
[2024-08-30T03:30:05.558+0000] {processor.py:208} INFO - Processing /home/airflow/.local/lib/python3.12/site-packages/airflow/example_dags/example_dynamic_task_mapping_with_no_taskflow_operators.py took 0.067 seconds
[2024-08-30T03:30:35.662+0000] {processor.py:186} INFO - Started process (PID=150) to work on /home/airflow/.local/lib/python3.12/site-packages/airflow/example_dags/example_dynamic_task_mapping_with_no_taskflow_operators.py
[2024-08-30T03:30:35.663+0000] {processor.py:914} INFO - Processing file /home/airflow/.local/lib/python3.12/site-packages/airflow/example_dags/example_dynamic_task_mapping_with_no_taskflow_operators.py for tasks to queue
[2024-08-30T03:30:35.665+0000] {logging_mixin.py:190} INFO - [2024-08-30T03:30:35.665+0000] {dagbag.py:587} INFO - Filling up the DagBag from /home/airflow/.local/lib/python3.12/site-packages/airflow/example_dags/example_dynamic_task_mapping_with_no_taskflow_operators.py
[2024-08-30T03:30:35.673+0000] {processor.py:925} INFO - DAG(s) 'example_dynamic_task_mapping_with_no_taskflow_operators' retrieved from /home/airflow/.local/lib/python3.12/site-packages/airflow/example_dags/example_dynamic_task_mapping_with_no_taskflow_operators.py
[2024-08-30T03:30:35.689+0000] {logging_mixin.py:190} INFO - [2024-08-30T03:30:35.688+0000] {dag.py:3211} INFO - Sync 1 DAGs
[2024-08-30T03:30:35.706+0000] {logging_mixin.py:190} INFO - [2024-08-30T03:30:35.706+0000] {dag.py:4138} INFO - Setting next_dagrun for example_dynamic_task_mapping_with_no_taskflow_operators to 2024-08-29 00:00:00+00:00, run_after=2024-08-30 00:00:00+00:00
[2024-08-30T03:30:35.725+0000] {processor.py:208} INFO - Processing /home/airflow/.local/lib/python3.12/site-packages/airflow/example_dags/example_dynamic_task_mapping_with_no_taskflow_operators.py took 0.068 seconds
[2024-08-30T03:31:06.594+0000] {processor.py:186} INFO - Started process (PID=213) to work on /home/airflow/.local/lib/python3.12/site-packages/airflow/example_dags/example_dynamic_task_mapping_with_no_taskflow_operators.py
[2024-08-30T03:31:06.595+0000] {processor.py:914} INFO - Processing file /home/airflow/.local/lib/python3.12/site-packages/airflow/example_dags/example_dynamic_task_mapping_with_no_taskflow_operators.py for tasks to queue
[2024-08-30T03:31:06.597+0000] {logging_mixin.py:190} INFO - [2024-08-30T03:31:06.596+0000] {dagbag.py:587} INFO - Filling up the DagBag from /home/airflow/.local/lib/python3.12/site-packages/airflow/example_dags/example_dynamic_task_mapping_with_no_taskflow_operators.py
[2024-08-30T03:31:06.603+0000] {processor.py:925} INFO - DAG(s) 'example_dynamic_task_mapping_with_no_taskflow_operators' retrieved from /home/airflow/.local/lib/python3.12/site-packages/airflow/example_dags/example_dynamic_task_mapping_with_no_taskflow_operators.py
[2024-08-30T03:31:06.617+0000] {logging_mixin.py:190} INFO - [2024-08-30T03:31:06.617+0000] {dag.py:3211} INFO - Sync 1 DAGs
[2024-08-30T03:31:06.633+0000] {logging_mixin.py:190} INFO - [2024-08-30T03:31:06.633+0000] {dag.py:4138} INFO - Setting next_dagrun for example_dynamic_task_mapping_with_no_taskflow_operators to 2024-08-29 00:00:00+00:00, run_after=2024-08-30 00:00:00+00:00
[2024-08-30T03:31:06.647+0000] {processor.py:208} INFO - Processing /home/airflow/.local/lib/python3.12/site-packages/airflow/example_dags/example_dynamic_task_mapping_with_no_taskflow_operators.py took 0.058 seconds
[2024-08-30T03:31:37.425+0000] {processor.py:186} INFO - Started process (PID=276) to work on /home/airflow/.local/lib/python3.12/site-packages/airflow/example_dags/example_dynamic_task_mapping_with_no_taskflow_operators.py
[2024-08-30T03:31:37.436+0000] {processor.py:914} INFO - Processing file /home/airflow/.local/lib/python3.12/site-packages/airflow/example_dags/example_dynamic_task_mapping_with_no_taskflow_operators.py for tasks to queue
[2024-08-30T03:31:37.454+0000] {logging_mixin.py:190} INFO - [2024-08-30T03:31:37.454+0000] {dagbag.py:587} INFO - Filling up the DagBag from /home/airflow/.local/lib/python3.12/site-packages/airflow/example_dags/example_dynamic_task_mapping_with_no_taskflow_operators.py
[2024-08-30T03:31:37.469+0000] {processor.py:925} INFO - DAG(s) 'example_dynamic_task_mapping_with_no_taskflow_operators' retrieved from /home/airflow/.local/lib/python3.12/site-packages/airflow/example_dags/example_dynamic_task_mapping_with_no_taskflow_operators.py
[2024-08-30T03:31:37.486+0000] {logging_mixin.py:190} INFO - [2024-08-30T03:31:37.486+0000] {dag.py:3211} INFO - Sync 1 DAGs
[2024-08-30T03:31:37.503+0000] {logging_mixin.py:190} INFO - [2024-08-30T03:31:37.503+0000] {dag.py:4138} INFO - Setting next_dagrun for example_dynamic_task_mapping_with_no_taskflow_operators to 2024-08-29 00:00:00+00:00, run_after=2024-08-30 00:00:00+00:00
[2024-08-30T03:31:37.520+0000] {processor.py:208} INFO - Processing /home/airflow/.local/lib/python3.12/site-packages/airflow/example_dags/example_dynamic_task_mapping_with_no_taskflow_operators.py took 0.101 seconds
[2024-08-30T03:32:09.604+0000] {processor.py:186} INFO - Started process (PID=340) to work on /home/airflow/.local/lib/python3.12/site-packages/airflow/example_dags/example_dynamic_task_mapping_with_no_taskflow_operators.py
[2024-08-30T03:32:09.605+0000] {processor.py:914} INFO - Processing file /home/airflow/.local/lib/python3.12/site-packages/airflow/example_dags/example_dynamic_task_mapping_with_no_taskflow_operators.py for tasks to queue
[2024-08-30T03:32:09.607+0000] {logging_mixin.py:190} INFO - [2024-08-30T03:32:09.607+0000] {dagbag.py:587} INFO - Filling up the DagBag from /home/airflow/.local/lib/python3.12/site-packages/airflow/example_dags/example_dynamic_task_mapping_with_no_taskflow_operators.py
[2024-08-30T03:32:09.613+0000] {processor.py:925} INFO - DAG(s) 'example_dynamic_task_mapping_with_no_taskflow_operators' retrieved from /home/airflow/.local/lib/python3.12/site-packages/airflow/example_dags/example_dynamic_task_mapping_with_no_taskflow_operators.py
[2024-08-30T03:32:09.627+0000] {logging_mixin.py:190} INFO - [2024-08-30T03:32:09.627+0000] {dag.py:3211} INFO - Sync 1 DAGs
[2024-08-30T03:32:09.642+0000] {logging_mixin.py:190} INFO - [2024-08-30T03:32:09.642+0000] {dag.py:4138} INFO - Setting next_dagrun for example_dynamic_task_mapping_with_no_taskflow_operators to 2024-08-29 00:00:00+00:00, run_after=2024-08-30 00:00:00+00:00
[2024-08-30T03:32:09.664+0000] {processor.py:208} INFO - Processing /home/airflow/.local/lib/python3.12/site-packages/airflow/example_dags/example_dynamic_task_mapping_with_no_taskflow_operators.py took 0.064 seconds
[2024-08-30T03:32:40.472+0000] {processor.py:186} INFO - Started process (PID=403) to work on /home/airflow/.local/lib/python3.12/site-packages/airflow/example_dags/example_dynamic_task_mapping_with_no_taskflow_operators.py
[2024-08-30T03:32:40.473+0000] {processor.py:914} INFO - Processing file /home/airflow/.local/lib/python3.12/site-packages/airflow/example_dags/example_dynamic_task_mapping_with_no_taskflow_operators.py for tasks to queue
[2024-08-30T03:32:40.475+0000] {logging_mixin.py:190} INFO - [2024-08-30T03:32:40.475+0000] {dagbag.py:587} INFO - Filling up the DagBag from /home/airflow/.local/lib/python3.12/site-packages/airflow/example_dags/example_dynamic_task_mapping_with_no_taskflow_operators.py
[2024-08-30T03:32:40.481+0000] {processor.py:925} INFO - DAG(s) 'example_dynamic_task_mapping_with_no_taskflow_operators' retrieved from /home/airflow/.local/lib/python3.12/site-packages/airflow/example_dags/example_dynamic_task_mapping_with_no_taskflow_operators.py
[2024-08-30T03:32:40.496+0000] {logging_mixin.py:190} INFO - [2024-08-30T03:32:40.496+0000] {dag.py:3211} INFO - Sync 1 DAGs
[2024-08-30T03:32:40.513+0000] {logging_mixin.py:190} INFO - [2024-08-30T03:32:40.513+0000] {dag.py:4138} INFO - Setting next_dagrun for example_dynamic_task_mapping_with_no_taskflow_operators to 2024-08-29 00:00:00+00:00, run_after=2024-08-30 00:00:00+00:00
[2024-08-30T03:32:40.532+0000] {processor.py:208} INFO - Processing /home/airflow/.local/lib/python3.12/site-packages/airflow/example_dags/example_dynamic_task_mapping_with_no_taskflow_operators.py took 0.064 seconds
[2024-08-30T03:33:11.973+0000] {processor.py:186} INFO - Started process (PID=466) to work on /home/airflow/.local/lib/python3.12/site-packages/airflow/example_dags/example_dynamic_task_mapping_with_no_taskflow_operators.py
[2024-08-30T03:33:11.979+0000] {processor.py:914} INFO - Processing file /home/airflow/.local/lib/python3.12/site-packages/airflow/example_dags/example_dynamic_task_mapping_with_no_taskflow_operators.py for tasks to queue
[2024-08-30T03:33:11.982+0000] {logging_mixin.py:190} INFO - [2024-08-30T03:33:11.981+0000] {dagbag.py:587} INFO - Filling up the DagBag from /home/airflow/.local/lib/python3.12/site-packages/airflow/example_dags/example_dynamic_task_mapping_with_no_taskflow_operators.py
[2024-08-30T03:33:11.988+0000] {processor.py:925} INFO - DAG(s) 'example_dynamic_task_mapping_with_no_taskflow_operators' retrieved from /home/airflow/.local/lib/python3.12/site-packages/airflow/example_dags/example_dynamic_task_mapping_with_no_taskflow_operators.py
[2024-08-30T03:33:12.002+0000] {logging_mixin.py:190} INFO - [2024-08-30T03:33:12.002+0000] {dag.py:3211} INFO - Sync 1 DAGs
[2024-08-30T03:33:12.017+0000] {logging_mixin.py:190} INFO - [2024-08-30T03:33:12.017+0000] {dag.py:4138} INFO - Setting next_dagrun for example_dynamic_task_mapping_with_no_taskflow_operators to 2024-08-29 00:00:00+00:00, run_after=2024-08-30 00:00:00+00:00
[2024-08-30T03:33:12.034+0000] {processor.py:208} INFO - Processing /home/airflow/.local/lib/python3.12/site-packages/airflow/example_dags/example_dynamic_task_mapping_with_no_taskflow_operators.py took 0.065 seconds
[2024-08-30T03:33:42.403+0000] {processor.py:186} INFO - Started process (PID=529) to work on /home/airflow/.local/lib/python3.12/site-packages/airflow/example_dags/example_dynamic_task_mapping_with_no_taskflow_operators.py
[2024-08-30T03:33:42.404+0000] {processor.py:914} INFO - Processing file /home/airflow/.local/lib/python3.12/site-packages/airflow/example_dags/example_dynamic_task_mapping_with_no_taskflow_operators.py for tasks to queue
[2024-08-30T03:33:42.406+0000] {logging_mixin.py:190} INFO - [2024-08-30T03:33:42.406+0000] {dagbag.py:587} INFO - Filling up the DagBag from /home/airflow/.local/lib/python3.12/site-packages/airflow/example_dags/example_dynamic_task_mapping_with_no_taskflow_operators.py
[2024-08-30T03:33:42.414+0000] {processor.py:925} INFO - DAG(s) 'example_dynamic_task_mapping_with_no_taskflow_operators' retrieved from /home/airflow/.local/lib/python3.12/site-packages/airflow/example_dags/example_dynamic_task_mapping_with_no_taskflow_operators.py
[2024-08-30T03:33:42.430+0000] {logging_mixin.py:190} INFO - [2024-08-30T03:33:42.430+0000] {dag.py:3211} INFO - Sync 1 DAGs
[2024-08-30T03:33:42.447+0000] {logging_mixin.py:190} INFO - [2024-08-30T03:33:42.447+0000] {dag.py:4138} INFO - Setting next_dagrun for example_dynamic_task_mapping_with_no_taskflow_operators to 2024-08-29 00:00:00+00:00, run_after=2024-08-30 00:00:00+00:00
[2024-08-30T03:33:42.465+0000] {processor.py:208} INFO - Processing /home/airflow/.local/lib/python3.12/site-packages/airflow/example_dags/example_dynamic_task_mapping_with_no_taskflow_operators.py took 0.067 seconds
[2024-08-30T03:34:13.080+0000] {processor.py:186} INFO - Started process (PID=592) to work on /home/airflow/.local/lib/python3.12/site-packages/airflow/example_dags/example_dynamic_task_mapping_with_no_taskflow_operators.py
[2024-08-30T03:34:13.081+0000] {processor.py:914} INFO - Processing file /home/airflow/.local/lib/python3.12/site-packages/airflow/example_dags/example_dynamic_task_mapping_with_no_taskflow_operators.py for tasks to queue
[2024-08-30T03:34:13.083+0000] {logging_mixin.py:190} INFO - [2024-08-30T03:34:13.083+0000] {dagbag.py:587} INFO - Filling up the DagBag from /home/airflow/.local/lib/python3.12/site-packages/airflow/example_dags/example_dynamic_task_mapping_with_no_taskflow_operators.py
[2024-08-30T03:34:13.090+0000] {processor.py:925} INFO - DAG(s) 'example_dynamic_task_mapping_with_no_taskflow_operators' retrieved from /home/airflow/.local/lib/python3.12/site-packages/airflow/example_dags/example_dynamic_task_mapping_with_no_taskflow_operators.py
[2024-08-30T03:34:13.104+0000] {logging_mixin.py:190} INFO - [2024-08-30T03:34:13.104+0000] {dag.py:3211} INFO - Sync 1 DAGs
[2024-08-30T03:34:13.123+0000] {logging_mixin.py:190} INFO - [2024-08-30T03:34:13.122+0000] {dag.py:4138} INFO - Setting next_dagrun for example_dynamic_task_mapping_with_no_taskflow_operators to 2024-08-29 00:00:00+00:00, run_after=2024-08-30 00:00:00+00:00
[2024-08-30T03:34:13.138+0000] {processor.py:208} INFO - Processing /home/airflow/.local/lib/python3.12/site-packages/airflow/example_dags/example_dynamic_task_mapping_with_no_taskflow_operators.py took 0.063 seconds
[2024-08-30T03:34:43.917+0000] {processor.py:186} INFO - Started process (PID=655) to work on /home/airflow/.local/lib/python3.12/site-packages/airflow/example_dags/example_dynamic_task_mapping_with_no_taskflow_operators.py
[2024-08-30T03:34:43.918+0000] {processor.py:914} INFO - Processing file /home/airflow/.local/lib/python3.12/site-packages/airflow/example_dags/example_dynamic_task_mapping_with_no_taskflow_operators.py for tasks to queue
[2024-08-30T03:34:43.919+0000] {logging_mixin.py:190} INFO - [2024-08-30T03:34:43.919+0000] {dagbag.py:587} INFO - Filling up the DagBag from /home/airflow/.local/lib/python3.12/site-packages/airflow/example_dags/example_dynamic_task_mapping_with_no_taskflow_operators.py
[2024-08-30T03:34:43.927+0000] {processor.py:925} INFO - DAG(s) 'example_dynamic_task_mapping_with_no_taskflow_operators' retrieved from /home/airflow/.local/lib/python3.12/site-packages/airflow/example_dags/example_dynamic_task_mapping_with_no_taskflow_operators.py
[2024-08-30T03:34:43.941+0000] {logging_mixin.py:190} INFO - [2024-08-30T03:34:43.941+0000] {dag.py:3211} INFO - Sync 1 DAGs
[2024-08-30T03:34:43.956+0000] {logging_mixin.py:190} INFO - [2024-08-30T03:34:43.956+0000] {dag.py:4138} INFO - Setting next_dagrun for example_dynamic_task_mapping_with_no_taskflow_operators to 2024-08-29 00:00:00+00:00, run_after=2024-08-30 00:00:00+00:00
[2024-08-30T03:34:43.972+0000] {processor.py:208} INFO - Processing /home/airflow/.local/lib/python3.12/site-packages/airflow/example_dags/example_dynamic_task_mapping_with_no_taskflow_operators.py took 0.059 seconds
[2024-08-30T03:35:15.163+0000] {processor.py:186} INFO - Started process (PID=718) to work on /home/airflow/.local/lib/python3.12/site-packages/airflow/example_dags/example_dynamic_task_mapping_with_no_taskflow_operators.py
[2024-08-30T03:35:15.164+0000] {processor.py:914} INFO - Processing file /home/airflow/.local/lib/python3.12/site-packages/airflow/example_dags/example_dynamic_task_mapping_with_no_taskflow_operators.py for tasks to queue
[2024-08-30T03:35:15.166+0000] {logging_mixin.py:190} INFO - [2024-08-30T03:35:15.165+0000] {dagbag.py:587} INFO - Filling up the DagBag from /home/airflow/.local/lib/python3.12/site-packages/airflow/example_dags/example_dynamic_task_mapping_with_no_taskflow_operators.py
[2024-08-30T03:35:15.172+0000] {processor.py:925} INFO - DAG(s) 'example_dynamic_task_mapping_with_no_taskflow_operators' retrieved from /home/airflow/.local/lib/python3.12/site-packages/airflow/example_dags/example_dynamic_task_mapping_with_no_taskflow_operators.py
[2024-08-30T03:35:15.187+0000] {logging_mixin.py:190} INFO - [2024-08-30T03:35:15.187+0000] {dag.py:3211} INFO - Sync 1 DAGs
[2024-08-30T03:35:15.204+0000] {logging_mixin.py:190} INFO - [2024-08-30T03:35:15.204+0000] {dag.py:4138} INFO - Setting next_dagrun for example_dynamic_task_mapping_with_no_taskflow_operators to 2024-08-29 00:00:00+00:00, run_after=2024-08-30 00:00:00+00:00
[2024-08-30T03:35:15.223+0000] {processor.py:208} INFO - Processing /home/airflow/.local/lib/python3.12/site-packages/airflow/example_dags/example_dynamic_task_mapping_with_no_taskflow_operators.py took 0.064 seconds
[2024-08-30T03:35:45.680+0000] {processor.py:186} INFO - Started process (PID=781) to work on /home/airflow/.local/lib/python3.12/site-packages/airflow/example_dags/example_dynamic_task_mapping_with_no_taskflow_operators.py
[2024-08-30T03:35:45.681+0000] {processor.py:914} INFO - Processing file /home/airflow/.local/lib/python3.12/site-packages/airflow/example_dags/example_dynamic_task_mapping_with_no_taskflow_operators.py for tasks to queue
[2024-08-30T03:35:45.683+0000] {logging_mixin.py:190} INFO - [2024-08-30T03:35:45.682+0000] {dagbag.py:587} INFO - Filling up the DagBag from /home/airflow/.local/lib/python3.12/site-packages/airflow/example_dags/example_dynamic_task_mapping_with_no_taskflow_operators.py
[2024-08-30T03:35:45.688+0000] {processor.py:925} INFO - DAG(s) 'example_dynamic_task_mapping_with_no_taskflow_operators' retrieved from /home/airflow/.local/lib/python3.12/site-packages/airflow/example_dags/example_dynamic_task_mapping_with_no_taskflow_operators.py
[2024-08-30T03:35:45.704+0000] {logging_mixin.py:190} INFO - [2024-08-30T03:35:45.704+0000] {dag.py:3211} INFO - Sync 1 DAGs
[2024-08-30T03:35:45.720+0000] {logging_mixin.py:190} INFO - [2024-08-30T03:35:45.719+0000] {dag.py:4138} INFO - Setting next_dagrun for example_dynamic_task_mapping_with_no_taskflow_operators to 2024-08-29 00:00:00+00:00, run_after=2024-08-30 00:00:00+00:00
[2024-08-30T03:35:45.735+0000] {processor.py:208} INFO - Processing /home/airflow/.local/lib/python3.12/site-packages/airflow/example_dags/example_dynamic_task_mapping_with_no_taskflow_operators.py took 0.058 seconds
[2024-08-30T03:36:16.715+0000] {processor.py:186} INFO - Started process (PID=844) to work on /home/airflow/.local/lib/python3.12/site-packages/airflow/example_dags/example_dynamic_task_mapping_with_no_taskflow_operators.py
[2024-08-30T03:36:16.716+0000] {processor.py:914} INFO - Processing file /home/airflow/.local/lib/python3.12/site-packages/airflow/example_dags/example_dynamic_task_mapping_with_no_taskflow_operators.py for tasks to queue
[2024-08-30T03:36:16.718+0000] {logging_mixin.py:190} INFO - [2024-08-30T03:36:16.718+0000] {dagbag.py:587} INFO - Filling up the DagBag from /home/airflow/.local/lib/python3.12/site-packages/airflow/example_dags/example_dynamic_task_mapping_with_no_taskflow_operators.py
[2024-08-30T03:36:16.725+0000] {processor.py:925} INFO - DAG(s) 'example_dynamic_task_mapping_with_no_taskflow_operators' retrieved from /home/airflow/.local/lib/python3.12/site-packages/airflow/example_dags/example_dynamic_task_mapping_with_no_taskflow_operators.py
[2024-08-30T03:36:16.741+0000] {logging_mixin.py:190} INFO - [2024-08-30T03:36:16.741+0000] {dag.py:3211} INFO - Sync 1 DAGs
[2024-08-30T03:36:16.761+0000] {logging_mixin.py:190} INFO - [2024-08-30T03:36:16.761+0000] {dag.py:4138} INFO - Setting next_dagrun for example_dynamic_task_mapping_with_no_taskflow_operators to 2024-08-29 00:00:00+00:00, run_after=2024-08-30 00:00:00+00:00
[2024-08-30T03:36:16.781+0000] {processor.py:208} INFO - Processing /home/airflow/.local/lib/python3.12/site-packages/airflow/example_dags/example_dynamic_task_mapping_with_no_taskflow_operators.py took 0.071 seconds
[2024-08-30T03:37:29.520+0000] {processor.py:186} INFO - Started process (PID=87) to work on /home/airflow/.local/lib/python3.12/site-packages/airflow/example_dags/example_dynamic_task_mapping_with_no_taskflow_operators.py
[2024-08-30T03:37:29.521+0000] {processor.py:914} INFO - Processing file /home/airflow/.local/lib/python3.12/site-packages/airflow/example_dags/example_dynamic_task_mapping_with_no_taskflow_operators.py for tasks to queue
[2024-08-30T03:37:29.530+0000] {logging_mixin.py:190} INFO - [2024-08-30T03:37:29.529+0000] {dagbag.py:587} INFO - Filling up the DagBag from /home/airflow/.local/lib/python3.12/site-packages/airflow/example_dags/example_dynamic_task_mapping_with_no_taskflow_operators.py
[2024-08-30T03:37:29.536+0000] {processor.py:925} INFO - DAG(s) 'example_dynamic_task_mapping_with_no_taskflow_operators' retrieved from /home/airflow/.local/lib/python3.12/site-packages/airflow/example_dags/example_dynamic_task_mapping_with_no_taskflow_operators.py
[2024-08-30T03:37:29.554+0000] {logging_mixin.py:190} INFO - [2024-08-30T03:37:29.553+0000] {dag.py:3211} INFO - Sync 1 DAGs
[2024-08-30T03:37:29.572+0000] {logging_mixin.py:190} INFO - [2024-08-30T03:37:29.571+0000] {dag.py:4138} INFO - Setting next_dagrun for example_dynamic_task_mapping_with_no_taskflow_operators to 2024-08-29 00:00:00+00:00, run_after=2024-08-30 00:00:00+00:00
[2024-08-30T03:37:29.590+0000] {processor.py:208} INFO - Processing /home/airflow/.local/lib/python3.12/site-packages/airflow/example_dags/example_dynamic_task_mapping_with_no_taskflow_operators.py took 0.075 seconds
[2024-08-30T03:38:00.417+0000] {processor.py:186} INFO - Started process (PID=149) to work on /home/airflow/.local/lib/python3.12/site-packages/airflow/example_dags/example_dynamic_task_mapping_with_no_taskflow_operators.py
[2024-08-30T03:38:00.418+0000] {processor.py:914} INFO - Processing file /home/airflow/.local/lib/python3.12/site-packages/airflow/example_dags/example_dynamic_task_mapping_with_no_taskflow_operators.py for tasks to queue
[2024-08-30T03:38:00.420+0000] {logging_mixin.py:190} INFO - [2024-08-30T03:38:00.420+0000] {dagbag.py:587} INFO - Filling up the DagBag from /home/airflow/.local/lib/python3.12/site-packages/airflow/example_dags/example_dynamic_task_mapping_with_no_taskflow_operators.py
[2024-08-30T03:38:00.426+0000] {processor.py:925} INFO - DAG(s) 'example_dynamic_task_mapping_with_no_taskflow_operators' retrieved from /home/airflow/.local/lib/python3.12/site-packages/airflow/example_dags/example_dynamic_task_mapping_with_no_taskflow_operators.py
[2024-08-30T03:38:00.440+0000] {logging_mixin.py:190} INFO - [2024-08-30T03:38:00.440+0000] {dag.py:3211} INFO - Sync 1 DAGs
[2024-08-30T03:38:00.456+0000] {logging_mixin.py:190} INFO - [2024-08-30T03:38:00.456+0000] {dag.py:4138} INFO - Setting next_dagrun for example_dynamic_task_mapping_with_no_taskflow_operators to 2024-08-29 00:00:00+00:00, run_after=2024-08-30 00:00:00+00:00
[2024-08-30T03:38:00.470+0000] {processor.py:208} INFO - Processing /home/airflow/.local/lib/python3.12/site-packages/airflow/example_dags/example_dynamic_task_mapping_with_no_taskflow_operators.py took 0.057 seconds
[2024-08-30T03:38:30.585+0000] {processor.py:186} INFO - Started process (PID=212) to work on /home/airflow/.local/lib/python3.12/site-packages/airflow/example_dags/example_dynamic_task_mapping_with_no_taskflow_operators.py
[2024-08-30T03:38:30.586+0000] {processor.py:914} INFO - Processing file /home/airflow/.local/lib/python3.12/site-packages/airflow/example_dags/example_dynamic_task_mapping_with_no_taskflow_operators.py for tasks to queue
[2024-08-30T03:38:30.588+0000] {logging_mixin.py:190} INFO - [2024-08-30T03:38:30.587+0000] {dagbag.py:587} INFO - Filling up the DagBag from /home/airflow/.local/lib/python3.12/site-packages/airflow/example_dags/example_dynamic_task_mapping_with_no_taskflow_operators.py
[2024-08-30T03:38:30.593+0000] {processor.py:925} INFO - DAG(s) 'example_dynamic_task_mapping_with_no_taskflow_operators' retrieved from /home/airflow/.local/lib/python3.12/site-packages/airflow/example_dags/example_dynamic_task_mapping_with_no_taskflow_operators.py
[2024-08-30T03:38:30.606+0000] {logging_mixin.py:190} INFO - [2024-08-30T03:38:30.606+0000] {dag.py:3211} INFO - Sync 1 DAGs
[2024-08-30T03:38:30.621+0000] {logging_mixin.py:190} INFO - [2024-08-30T03:38:30.621+0000] {dag.py:4138} INFO - Setting next_dagrun for example_dynamic_task_mapping_with_no_taskflow_operators to 2024-08-29 00:00:00+00:00, run_after=2024-08-30 00:00:00+00:00
[2024-08-30T03:38:30.636+0000] {processor.py:208} INFO - Processing /home/airflow/.local/lib/python3.12/site-packages/airflow/example_dags/example_dynamic_task_mapping_with_no_taskflow_operators.py took 0.055 seconds
[2024-08-30T03:39:01.255+0000] {processor.py:186} INFO - Started process (PID=275) to work on /home/airflow/.local/lib/python3.12/site-packages/airflow/example_dags/example_dynamic_task_mapping_with_no_taskflow_operators.py
[2024-08-30T03:39:01.256+0000] {processor.py:914} INFO - Processing file /home/airflow/.local/lib/python3.12/site-packages/airflow/example_dags/example_dynamic_task_mapping_with_no_taskflow_operators.py for tasks to queue
[2024-08-30T03:39:01.258+0000] {logging_mixin.py:190} INFO - [2024-08-30T03:39:01.258+0000] {dagbag.py:587} INFO - Filling up the DagBag from /home/airflow/.local/lib/python3.12/site-packages/airflow/example_dags/example_dynamic_task_mapping_with_no_taskflow_operators.py
[2024-08-30T03:39:01.266+0000] {processor.py:925} INFO - DAG(s) 'example_dynamic_task_mapping_with_no_taskflow_operators' retrieved from /home/airflow/.local/lib/python3.12/site-packages/airflow/example_dags/example_dynamic_task_mapping_with_no_taskflow_operators.py
[2024-08-30T03:39:01.283+0000] {logging_mixin.py:190} INFO - [2024-08-30T03:39:01.282+0000] {dag.py:3211} INFO - Sync 1 DAGs
[2024-08-30T03:39:01.300+0000] {logging_mixin.py:190} INFO - [2024-08-30T03:39:01.299+0000] {dag.py:4138} INFO - Setting next_dagrun for example_dynamic_task_mapping_with_no_taskflow_operators to 2024-08-29 00:00:00+00:00, run_after=2024-08-30 00:00:00+00:00
[2024-08-30T03:39:01.316+0000] {processor.py:208} INFO - Processing /home/airflow/.local/lib/python3.12/site-packages/airflow/example_dags/example_dynamic_task_mapping_with_no_taskflow_operators.py took 0.065 seconds
[2024-08-30T03:39:31.980+0000] {processor.py:186} INFO - Started process (PID=338) to work on /home/airflow/.local/lib/python3.12/site-packages/airflow/example_dags/example_dynamic_task_mapping_with_no_taskflow_operators.py
[2024-08-30T03:39:31.981+0000] {processor.py:914} INFO - Processing file /home/airflow/.local/lib/python3.12/site-packages/airflow/example_dags/example_dynamic_task_mapping_with_no_taskflow_operators.py for tasks to queue
[2024-08-30T03:39:31.982+0000] {logging_mixin.py:190} INFO - [2024-08-30T03:39:31.982+0000] {dagbag.py:587} INFO - Filling up the DagBag from /home/airflow/.local/lib/python3.12/site-packages/airflow/example_dags/example_dynamic_task_mapping_with_no_taskflow_operators.py
[2024-08-30T03:39:31.989+0000] {processor.py:925} INFO - DAG(s) 'example_dynamic_task_mapping_with_no_taskflow_operators' retrieved from /home/airflow/.local/lib/python3.12/site-packages/airflow/example_dags/example_dynamic_task_mapping_with_no_taskflow_operators.py
[2024-08-30T03:39:32.004+0000] {logging_mixin.py:190} INFO - [2024-08-30T03:39:32.004+0000] {dag.py:3211} INFO - Sync 1 DAGs
[2024-08-30T03:39:32.020+0000] {logging_mixin.py:190} INFO - [2024-08-30T03:39:32.020+0000] {dag.py:4138} INFO - Setting next_dagrun for example_dynamic_task_mapping_with_no_taskflow_operators to 2024-08-29 00:00:00+00:00, run_after=2024-08-30 00:00:00+00:00
[2024-08-30T03:39:32.036+0000] {processor.py:208} INFO - Processing /home/airflow/.local/lib/python3.12/site-packages/airflow/example_dags/example_dynamic_task_mapping_with_no_taskflow_operators.py took 0.061 seconds
[2024-08-30T03:40:02.657+0000] {processor.py:186} INFO - Started process (PID=401) to work on /home/airflow/.local/lib/python3.12/site-packages/airflow/example_dags/example_dynamic_task_mapping_with_no_taskflow_operators.py
[2024-08-30T03:40:02.658+0000] {processor.py:914} INFO - Processing file /home/airflow/.local/lib/python3.12/site-packages/airflow/example_dags/example_dynamic_task_mapping_with_no_taskflow_operators.py for tasks to queue
[2024-08-30T03:40:02.660+0000] {logging_mixin.py:190} INFO - [2024-08-30T03:40:02.660+0000] {dagbag.py:587} INFO - Filling up the DagBag from /home/airflow/.local/lib/python3.12/site-packages/airflow/example_dags/example_dynamic_task_mapping_with_no_taskflow_operators.py
[2024-08-30T03:40:02.667+0000] {processor.py:925} INFO - DAG(s) 'example_dynamic_task_mapping_with_no_taskflow_operators' retrieved from /home/airflow/.local/lib/python3.12/site-packages/airflow/example_dags/example_dynamic_task_mapping_with_no_taskflow_operators.py
[2024-08-30T03:40:02.682+0000] {logging_mixin.py:190} INFO - [2024-08-30T03:40:02.682+0000] {dag.py:3211} INFO - Sync 1 DAGs
[2024-08-30T03:40:02.702+0000] {logging_mixin.py:190} INFO - [2024-08-30T03:40:02.702+0000] {dag.py:4138} INFO - Setting next_dagrun for example_dynamic_task_mapping_with_no_taskflow_operators to 2024-08-29 00:00:00+00:00, run_after=2024-08-30 00:00:00+00:00
[2024-08-30T03:40:02.719+0000] {processor.py:208} INFO - Processing /home/airflow/.local/lib/python3.12/site-packages/airflow/example_dags/example_dynamic_task_mapping_with_no_taskflow_operators.py took 0.071 seconds
[2024-08-30T03:40:32.976+0000] {processor.py:186} INFO - Started process (PID=470) to work on /home/airflow/.local/lib/python3.12/site-packages/airflow/example_dags/example_dynamic_task_mapping_with_no_taskflow_operators.py
[2024-08-30T03:40:32.977+0000] {processor.py:914} INFO - Processing file /home/airflow/.local/lib/python3.12/site-packages/airflow/example_dags/example_dynamic_task_mapping_with_no_taskflow_operators.py for tasks to queue
[2024-08-30T03:40:32.979+0000] {logging_mixin.py:190} INFO - [2024-08-30T03:40:32.979+0000] {dagbag.py:587} INFO - Filling up the DagBag from /home/airflow/.local/lib/python3.12/site-packages/airflow/example_dags/example_dynamic_task_mapping_with_no_taskflow_operators.py
[2024-08-30T03:40:32.985+0000] {processor.py:925} INFO - DAG(s) 'example_dynamic_task_mapping_with_no_taskflow_operators' retrieved from /home/airflow/.local/lib/python3.12/site-packages/airflow/example_dags/example_dynamic_task_mapping_with_no_taskflow_operators.py
[2024-08-30T03:40:33.001+0000] {logging_mixin.py:190} INFO - [2024-08-30T03:40:33.001+0000] {dag.py:3211} INFO - Sync 1 DAGs
[2024-08-30T03:40:33.018+0000] {logging_mixin.py:190} INFO - [2024-08-30T03:40:33.018+0000] {dag.py:4138} INFO - Setting next_dagrun for example_dynamic_task_mapping_with_no_taskflow_operators to 2024-08-29 00:00:00+00:00, run_after=2024-08-30 00:00:00+00:00
[2024-08-30T03:40:33.034+0000] {processor.py:208} INFO - Processing /home/airflow/.local/lib/python3.12/site-packages/airflow/example_dags/example_dynamic_task_mapping_with_no_taskflow_operators.py took 0.062 seconds
[2024-08-30T03:41:04.148+0000] {processor.py:186} INFO - Started process (PID=533) to work on /home/airflow/.local/lib/python3.12/site-packages/airflow/example_dags/example_dynamic_task_mapping_with_no_taskflow_operators.py
[2024-08-30T03:41:04.149+0000] {processor.py:914} INFO - Processing file /home/airflow/.local/lib/python3.12/site-packages/airflow/example_dags/example_dynamic_task_mapping_with_no_taskflow_operators.py for tasks to queue
[2024-08-30T03:41:04.151+0000] {logging_mixin.py:190} INFO - [2024-08-30T03:41:04.151+0000] {dagbag.py:587} INFO - Filling up the DagBag from /home/airflow/.local/lib/python3.12/site-packages/airflow/example_dags/example_dynamic_task_mapping_with_no_taskflow_operators.py
[2024-08-30T03:41:04.157+0000] {processor.py:925} INFO - DAG(s) 'example_dynamic_task_mapping_with_no_taskflow_operators' retrieved from /home/airflow/.local/lib/python3.12/site-packages/airflow/example_dags/example_dynamic_task_mapping_with_no_taskflow_operators.py
[2024-08-30T03:41:04.171+0000] {logging_mixin.py:190} INFO - [2024-08-30T03:41:04.171+0000] {dag.py:3211} INFO - Sync 1 DAGs
[2024-08-30T03:41:04.188+0000] {logging_mixin.py:190} INFO - [2024-08-30T03:41:04.187+0000] {dag.py:4138} INFO - Setting next_dagrun for example_dynamic_task_mapping_with_no_taskflow_operators to 2024-08-29 00:00:00+00:00, run_after=2024-08-30 00:00:00+00:00
[2024-08-30T03:41:04.204+0000] {processor.py:208} INFO - Processing /home/airflow/.local/lib/python3.12/site-packages/airflow/example_dags/example_dynamic_task_mapping_with_no_taskflow_operators.py took 0.063 seconds
[2024-08-30T03:41:34.833+0000] {processor.py:186} INFO - Started process (PID=596) to work on /home/airflow/.local/lib/python3.12/site-packages/airflow/example_dags/example_dynamic_task_mapping_with_no_taskflow_operators.py
[2024-08-30T03:41:34.834+0000] {processor.py:914} INFO - Processing file /home/airflow/.local/lib/python3.12/site-packages/airflow/example_dags/example_dynamic_task_mapping_with_no_taskflow_operators.py for tasks to queue
[2024-08-30T03:41:34.836+0000] {logging_mixin.py:190} INFO - [2024-08-30T03:41:34.835+0000] {dagbag.py:587} INFO - Filling up the DagBag from /home/airflow/.local/lib/python3.12/site-packages/airflow/example_dags/example_dynamic_task_mapping_with_no_taskflow_operators.py
[2024-08-30T03:41:34.841+0000] {processor.py:925} INFO - DAG(s) 'example_dynamic_task_mapping_with_no_taskflow_operators' retrieved from /home/airflow/.local/lib/python3.12/site-packages/airflow/example_dags/example_dynamic_task_mapping_with_no_taskflow_operators.py
[2024-08-30T03:41:34.856+0000] {logging_mixin.py:190} INFO - [2024-08-30T03:41:34.855+0000] {dag.py:3211} INFO - Sync 1 DAGs
[2024-08-30T03:41:34.872+0000] {logging_mixin.py:190} INFO - [2024-08-30T03:41:34.872+0000] {dag.py:4138} INFO - Setting next_dagrun for example_dynamic_task_mapping_with_no_taskflow_operators to 2024-08-29 00:00:00+00:00, run_after=2024-08-30 00:00:00+00:00
[2024-08-30T03:41:34.890+0000] {processor.py:208} INFO - Processing /home/airflow/.local/lib/python3.12/site-packages/airflow/example_dags/example_dynamic_task_mapping_with_no_taskflow_operators.py took 0.061 seconds
[2024-08-30T03:42:06.847+0000] {processor.py:186} INFO - Started process (PID=659) to work on /home/airflow/.local/lib/python3.12/site-packages/airflow/example_dags/example_dynamic_task_mapping_with_no_taskflow_operators.py
[2024-08-30T03:42:06.848+0000] {processor.py:914} INFO - Processing file /home/airflow/.local/lib/python3.12/site-packages/airflow/example_dags/example_dynamic_task_mapping_with_no_taskflow_operators.py for tasks to queue
[2024-08-30T03:42:06.850+0000] {logging_mixin.py:190} INFO - [2024-08-30T03:42:06.850+0000] {dagbag.py:587} INFO - Filling up the DagBag from /home/airflow/.local/lib/python3.12/site-packages/airflow/example_dags/example_dynamic_task_mapping_with_no_taskflow_operators.py
[2024-08-30T03:42:06.856+0000] {processor.py:925} INFO - DAG(s) 'example_dynamic_task_mapping_with_no_taskflow_operators' retrieved from /home/airflow/.local/lib/python3.12/site-packages/airflow/example_dags/example_dynamic_task_mapping_with_no_taskflow_operators.py
[2024-08-30T03:42:06.873+0000] {logging_mixin.py:190} INFO - [2024-08-30T03:42:06.872+0000] {dag.py:3211} INFO - Sync 1 DAGs
[2024-08-30T03:42:06.888+0000] {logging_mixin.py:190} INFO - [2024-08-30T03:42:06.888+0000] {dag.py:4138} INFO - Setting next_dagrun for example_dynamic_task_mapping_with_no_taskflow_operators to 2024-08-29 00:00:00+00:00, run_after=2024-08-30 00:00:00+00:00
[2024-08-30T03:42:06.906+0000] {processor.py:208} INFO - Processing /home/airflow/.local/lib/python3.12/site-packages/airflow/example_dags/example_dynamic_task_mapping_with_no_taskflow_operators.py took 0.063 seconds
[2024-08-30T03:42:37.020+0000] {processor.py:186} INFO - Started process (PID=723) to work on /home/airflow/.local/lib/python3.12/site-packages/airflow/example_dags/example_dynamic_task_mapping_with_no_taskflow_operators.py
[2024-08-30T03:42:37.021+0000] {processor.py:914} INFO - Processing file /home/airflow/.local/lib/python3.12/site-packages/airflow/example_dags/example_dynamic_task_mapping_with_no_taskflow_operators.py for tasks to queue
[2024-08-30T03:42:37.023+0000] {logging_mixin.py:190} INFO - [2024-08-30T03:42:37.023+0000] {dagbag.py:587} INFO - Filling up the DagBag from /home/airflow/.local/lib/python3.12/site-packages/airflow/example_dags/example_dynamic_task_mapping_with_no_taskflow_operators.py
[2024-08-30T03:42:37.029+0000] {processor.py:925} INFO - DAG(s) 'example_dynamic_task_mapping_with_no_taskflow_operators' retrieved from /home/airflow/.local/lib/python3.12/site-packages/airflow/example_dags/example_dynamic_task_mapping_with_no_taskflow_operators.py
[2024-08-30T03:42:37.045+0000] {logging_mixin.py:190} INFO - [2024-08-30T03:42:37.044+0000] {dag.py:3211} INFO - Sync 1 DAGs
[2024-08-30T03:42:37.061+0000] {logging_mixin.py:190} INFO - [2024-08-30T03:42:37.061+0000] {dag.py:4138} INFO - Setting next_dagrun for example_dynamic_task_mapping_with_no_taskflow_operators to 2024-08-29 00:00:00+00:00, run_after=2024-08-30 00:00:00+00:00
[2024-08-30T03:42:37.076+0000] {processor.py:208} INFO - Processing /home/airflow/.local/lib/python3.12/site-packages/airflow/example_dags/example_dynamic_task_mapping_with_no_taskflow_operators.py took 0.061 seconds
[2024-08-30T03:43:07.523+0000] {processor.py:186} INFO - Started process (PID=786) to work on /home/airflow/.local/lib/python3.12/site-packages/airflow/example_dags/example_dynamic_task_mapping_with_no_taskflow_operators.py
[2024-08-30T03:43:07.524+0000] {processor.py:914} INFO - Processing file /home/airflow/.local/lib/python3.12/site-packages/airflow/example_dags/example_dynamic_task_mapping_with_no_taskflow_operators.py for tasks to queue
[2024-08-30T03:43:07.526+0000] {logging_mixin.py:190} INFO - [2024-08-30T03:43:07.526+0000] {dagbag.py:587} INFO - Filling up the DagBag from /home/airflow/.local/lib/python3.12/site-packages/airflow/example_dags/example_dynamic_task_mapping_with_no_taskflow_operators.py
[2024-08-30T03:43:07.532+0000] {processor.py:925} INFO - DAG(s) 'example_dynamic_task_mapping_with_no_taskflow_operators' retrieved from /home/airflow/.local/lib/python3.12/site-packages/airflow/example_dags/example_dynamic_task_mapping_with_no_taskflow_operators.py
[2024-08-30T03:43:07.548+0000] {logging_mixin.py:190} INFO - [2024-08-30T03:43:07.548+0000] {dag.py:3211} INFO - Sync 1 DAGs
[2024-08-30T03:43:07.564+0000] {logging_mixin.py:190} INFO - [2024-08-30T03:43:07.563+0000] {dag.py:4138} INFO - Setting next_dagrun for example_dynamic_task_mapping_with_no_taskflow_operators to 2024-08-29 00:00:00+00:00, run_after=2024-08-30 00:00:00+00:00
[2024-08-30T03:43:07.581+0000] {processor.py:208} INFO - Processing /home/airflow/.local/lib/python3.12/site-packages/airflow/example_dags/example_dynamic_task_mapping_with_no_taskflow_operators.py took 0.063 seconds
[2024-08-30T03:43:38.228+0000] {processor.py:186} INFO - Started process (PID=850) to work on /home/airflow/.local/lib/python3.12/site-packages/airflow/example_dags/example_dynamic_task_mapping_with_no_taskflow_operators.py
[2024-08-30T03:43:38.229+0000] {processor.py:914} INFO - Processing file /home/airflow/.local/lib/python3.12/site-packages/airflow/example_dags/example_dynamic_task_mapping_with_no_taskflow_operators.py for tasks to queue
[2024-08-30T03:43:38.230+0000] {logging_mixin.py:190} INFO - [2024-08-30T03:43:38.230+0000] {dagbag.py:587} INFO - Filling up the DagBag from /home/airflow/.local/lib/python3.12/site-packages/airflow/example_dags/example_dynamic_task_mapping_with_no_taskflow_operators.py
[2024-08-30T03:43:38.236+0000] {processor.py:925} INFO - DAG(s) 'example_dynamic_task_mapping_with_no_taskflow_operators' retrieved from /home/airflow/.local/lib/python3.12/site-packages/airflow/example_dags/example_dynamic_task_mapping_with_no_taskflow_operators.py
[2024-08-30T03:43:38.250+0000] {logging_mixin.py:190} INFO - [2024-08-30T03:43:38.250+0000] {dag.py:3211} INFO - Sync 1 DAGs
[2024-08-30T03:43:38.266+0000] {logging_mixin.py:190} INFO - [2024-08-30T03:43:38.266+0000] {dag.py:4138} INFO - Setting next_dagrun for example_dynamic_task_mapping_with_no_taskflow_operators to 2024-08-29 00:00:00+00:00, run_after=2024-08-30 00:00:00+00:00
[2024-08-30T03:43:38.282+0000] {processor.py:208} INFO - Processing /home/airflow/.local/lib/python3.12/site-packages/airflow/example_dags/example_dynamic_task_mapping_with_no_taskflow_operators.py took 0.058 seconds
[2024-08-30T03:44:08.371+0000] {processor.py:186} INFO - Started process (PID=913) to work on /home/airflow/.local/lib/python3.12/site-packages/airflow/example_dags/example_dynamic_task_mapping_with_no_taskflow_operators.py
[2024-08-30T03:44:08.373+0000] {processor.py:914} INFO - Processing file /home/airflow/.local/lib/python3.12/site-packages/airflow/example_dags/example_dynamic_task_mapping_with_no_taskflow_operators.py for tasks to queue
[2024-08-30T03:44:08.376+0000] {logging_mixin.py:190} INFO - [2024-08-30T03:44:08.375+0000] {dagbag.py:587} INFO - Filling up the DagBag from /home/airflow/.local/lib/python3.12/site-packages/airflow/example_dags/example_dynamic_task_mapping_with_no_taskflow_operators.py
[2024-08-30T03:44:08.384+0000] {processor.py:925} INFO - DAG(s) 'example_dynamic_task_mapping_with_no_taskflow_operators' retrieved from /home/airflow/.local/lib/python3.12/site-packages/airflow/example_dags/example_dynamic_task_mapping_with_no_taskflow_operators.py
[2024-08-30T03:44:08.400+0000] {logging_mixin.py:190} INFO - [2024-08-30T03:44:08.400+0000] {dag.py:3211} INFO - Sync 1 DAGs
[2024-08-30T03:44:08.416+0000] {logging_mixin.py:190} INFO - [2024-08-30T03:44:08.416+0000] {dag.py:4138} INFO - Setting next_dagrun for example_dynamic_task_mapping_with_no_taskflow_operators to 2024-08-29 00:00:00+00:00, run_after=2024-08-30 00:00:00+00:00
[2024-08-30T03:44:08.432+0000] {processor.py:208} INFO - Processing /home/airflow/.local/lib/python3.12/site-packages/airflow/example_dags/example_dynamic_task_mapping_with_no_taskflow_operators.py took 0.068 seconds
[2024-08-30T03:44:38.895+0000] {processor.py:186} INFO - Started process (PID=976) to work on /home/airflow/.local/lib/python3.12/site-packages/airflow/example_dags/example_dynamic_task_mapping_with_no_taskflow_operators.py
[2024-08-30T03:44:38.896+0000] {processor.py:914} INFO - Processing file /home/airflow/.local/lib/python3.12/site-packages/airflow/example_dags/example_dynamic_task_mapping_with_no_taskflow_operators.py for tasks to queue
[2024-08-30T03:44:38.898+0000] {logging_mixin.py:190} INFO - [2024-08-30T03:44:38.898+0000] {dagbag.py:587} INFO - Filling up the DagBag from /home/airflow/.local/lib/python3.12/site-packages/airflow/example_dags/example_dynamic_task_mapping_with_no_taskflow_operators.py
[2024-08-30T03:44:38.904+0000] {processor.py:925} INFO - DAG(s) 'example_dynamic_task_mapping_with_no_taskflow_operators' retrieved from /home/airflow/.local/lib/python3.12/site-packages/airflow/example_dags/example_dynamic_task_mapping_with_no_taskflow_operators.py
[2024-08-30T03:44:38.918+0000] {logging_mixin.py:190} INFO - [2024-08-30T03:44:38.918+0000] {dag.py:3211} INFO - Sync 1 DAGs
[2024-08-30T03:44:38.934+0000] {logging_mixin.py:190} INFO - [2024-08-30T03:44:38.934+0000] {dag.py:4138} INFO - Setting next_dagrun for example_dynamic_task_mapping_with_no_taskflow_operators to 2024-08-29 00:00:00+00:00, run_after=2024-08-30 00:00:00+00:00
[2024-08-30T03:44:38.950+0000] {processor.py:208} INFO - Processing /home/airflow/.local/lib/python3.12/site-packages/airflow/example_dags/example_dynamic_task_mapping_with_no_taskflow_operators.py took 0.059 seconds
[2024-08-30T03:45:09.531+0000] {processor.py:186} INFO - Started process (PID=1039) to work on /home/airflow/.local/lib/python3.12/site-packages/airflow/example_dags/example_dynamic_task_mapping_with_no_taskflow_operators.py
[2024-08-30T03:45:09.532+0000] {processor.py:914} INFO - Processing file /home/airflow/.local/lib/python3.12/site-packages/airflow/example_dags/example_dynamic_task_mapping_with_no_taskflow_operators.py for tasks to queue
[2024-08-30T03:45:09.534+0000] {logging_mixin.py:190} INFO - [2024-08-30T03:45:09.534+0000] {dagbag.py:587} INFO - Filling up the DagBag from /home/airflow/.local/lib/python3.12/site-packages/airflow/example_dags/example_dynamic_task_mapping_with_no_taskflow_operators.py
[2024-08-30T03:45:09.541+0000] {processor.py:925} INFO - DAG(s) 'example_dynamic_task_mapping_with_no_taskflow_operators' retrieved from /home/airflow/.local/lib/python3.12/site-packages/airflow/example_dags/example_dynamic_task_mapping_with_no_taskflow_operators.py
[2024-08-30T03:45:09.556+0000] {logging_mixin.py:190} INFO - [2024-08-30T03:45:09.556+0000] {dag.py:3211} INFO - Sync 1 DAGs
[2024-08-30T03:45:09.572+0000] {logging_mixin.py:190} INFO - [2024-08-30T03:45:09.572+0000] {dag.py:4138} INFO - Setting next_dagrun for example_dynamic_task_mapping_with_no_taskflow_operators to 2024-08-29 00:00:00+00:00, run_after=2024-08-30 00:00:00+00:00
[2024-08-30T03:45:09.588+0000] {processor.py:208} INFO - Processing /home/airflow/.local/lib/python3.12/site-packages/airflow/example_dags/example_dynamic_task_mapping_with_no_taskflow_operators.py took 0.061 seconds
[2024-08-30T03:46:14.266+0000] {processor.py:186} INFO - Started process (PID=81) to work on /home/airflow/.local/lib/python3.12/site-packages/airflow/example_dags/example_dynamic_task_mapping_with_no_taskflow_operators.py
[2024-08-30T03:46:14.267+0000] {processor.py:914} INFO - Processing file /home/airflow/.local/lib/python3.12/site-packages/airflow/example_dags/example_dynamic_task_mapping_with_no_taskflow_operators.py for tasks to queue
[2024-08-30T03:46:14.269+0000] {logging_mixin.py:190} INFO - [2024-08-30T03:46:14.269+0000] {dagbag.py:587} INFO - Filling up the DagBag from /home/airflow/.local/lib/python3.12/site-packages/airflow/example_dags/example_dynamic_task_mapping_with_no_taskflow_operators.py
[2024-08-30T03:46:14.275+0000] {processor.py:925} INFO - DAG(s) 'example_dynamic_task_mapping_with_no_taskflow_operators' retrieved from /home/airflow/.local/lib/python3.12/site-packages/airflow/example_dags/example_dynamic_task_mapping_with_no_taskflow_operators.py
[2024-08-30T03:46:14.289+0000] {logging_mixin.py:190} INFO - [2024-08-30T03:46:14.289+0000] {dag.py:3211} INFO - Sync 1 DAGs
[2024-08-30T03:46:14.305+0000] {logging_mixin.py:190} INFO - [2024-08-30T03:46:14.304+0000] {dag.py:4138} INFO - Setting next_dagrun for example_dynamic_task_mapping_with_no_taskflow_operators to 2024-08-29 00:00:00+00:00, run_after=2024-08-30 00:00:00+00:00
[2024-08-30T03:46:14.320+0000] {processor.py:208} INFO - Processing /home/airflow/.local/lib/python3.12/site-packages/airflow/example_dags/example_dynamic_task_mapping_with_no_taskflow_operators.py took 0.058 seconds
[2024-08-30T03:46:44.872+0000] {processor.py:186} INFO - Started process (PID=144) to work on /home/airflow/.local/lib/python3.12/site-packages/airflow/example_dags/example_dynamic_task_mapping_with_no_taskflow_operators.py
[2024-08-30T03:46:44.873+0000] {processor.py:914} INFO - Processing file /home/airflow/.local/lib/python3.12/site-packages/airflow/example_dags/example_dynamic_task_mapping_with_no_taskflow_operators.py for tasks to queue
[2024-08-30T03:46:44.874+0000] {logging_mixin.py:190} INFO - [2024-08-30T03:46:44.874+0000] {dagbag.py:587} INFO - Filling up the DagBag from /home/airflow/.local/lib/python3.12/site-packages/airflow/example_dags/example_dynamic_task_mapping_with_no_taskflow_operators.py
[2024-08-30T03:46:44.880+0000] {processor.py:925} INFO - DAG(s) 'example_dynamic_task_mapping_with_no_taskflow_operators' retrieved from /home/airflow/.local/lib/python3.12/site-packages/airflow/example_dags/example_dynamic_task_mapping_with_no_taskflow_operators.py
[2024-08-30T03:46:44.895+0000] {logging_mixin.py:190} INFO - [2024-08-30T03:46:44.895+0000] {dag.py:3211} INFO - Sync 1 DAGs
[2024-08-30T03:46:44.911+0000] {logging_mixin.py:190} INFO - [2024-08-30T03:46:44.911+0000] {dag.py:4138} INFO - Setting next_dagrun for example_dynamic_task_mapping_with_no_taskflow_operators to 2024-08-29 00:00:00+00:00, run_after=2024-08-30 00:00:00+00:00
[2024-08-30T03:46:44.927+0000] {processor.py:208} INFO - Processing /home/airflow/.local/lib/python3.12/site-packages/airflow/example_dags/example_dynamic_task_mapping_with_no_taskflow_operators.py took 0.059 seconds
[2024-08-30T03:47:15.686+0000] {processor.py:186} INFO - Started process (PID=207) to work on /home/airflow/.local/lib/python3.12/site-packages/airflow/example_dags/example_dynamic_task_mapping_with_no_taskflow_operators.py
[2024-08-30T03:47:15.688+0000] {processor.py:914} INFO - Processing file /home/airflow/.local/lib/python3.12/site-packages/airflow/example_dags/example_dynamic_task_mapping_with_no_taskflow_operators.py for tasks to queue
[2024-08-30T03:47:15.691+0000] {logging_mixin.py:190} INFO - [2024-08-30T03:47:15.690+0000] {dagbag.py:587} INFO - Filling up the DagBag from /home/airflow/.local/lib/python3.12/site-packages/airflow/example_dags/example_dynamic_task_mapping_with_no_taskflow_operators.py
[2024-08-30T03:47:15.696+0000] {processor.py:925} INFO - DAG(s) 'example_dynamic_task_mapping_with_no_taskflow_operators' retrieved from /home/airflow/.local/lib/python3.12/site-packages/airflow/example_dags/example_dynamic_task_mapping_with_no_taskflow_operators.py
[2024-08-30T03:47:15.710+0000] {logging_mixin.py:190} INFO - [2024-08-30T03:47:15.710+0000] {dag.py:3211} INFO - Sync 1 DAGs
[2024-08-30T03:47:15.727+0000] {logging_mixin.py:190} INFO - [2024-08-30T03:47:15.727+0000] {dag.py:4138} INFO - Setting next_dagrun for example_dynamic_task_mapping_with_no_taskflow_operators to 2024-08-29 00:00:00+00:00, run_after=2024-08-30 00:00:00+00:00
[2024-08-30T03:47:15.742+0000] {processor.py:208} INFO - Processing /home/airflow/.local/lib/python3.12/site-packages/airflow/example_dags/example_dynamic_task_mapping_with_no_taskflow_operators.py took 0.060 seconds
[2024-08-30T03:47:46.265+0000] {processor.py:186} INFO - Started process (PID=269) to work on /home/airflow/.local/lib/python3.12/site-packages/airflow/example_dags/example_dynamic_task_mapping_with_no_taskflow_operators.py
[2024-08-30T03:47:46.266+0000] {processor.py:914} INFO - Processing file /home/airflow/.local/lib/python3.12/site-packages/airflow/example_dags/example_dynamic_task_mapping_with_no_taskflow_operators.py for tasks to queue
[2024-08-30T03:47:46.268+0000] {logging_mixin.py:190} INFO - [2024-08-30T03:47:46.268+0000] {dagbag.py:587} INFO - Filling up the DagBag from /home/airflow/.local/lib/python3.12/site-packages/airflow/example_dags/example_dynamic_task_mapping_with_no_taskflow_operators.py
[2024-08-30T03:47:46.275+0000] {processor.py:925} INFO - DAG(s) 'example_dynamic_task_mapping_with_no_taskflow_operators' retrieved from /home/airflow/.local/lib/python3.12/site-packages/airflow/example_dags/example_dynamic_task_mapping_with_no_taskflow_operators.py
[2024-08-30T03:47:46.289+0000] {logging_mixin.py:190} INFO - [2024-08-30T03:47:46.289+0000] {dag.py:3211} INFO - Sync 1 DAGs
[2024-08-30T03:47:46.304+0000] {logging_mixin.py:190} INFO - [2024-08-30T03:47:46.304+0000] {dag.py:4138} INFO - Setting next_dagrun for example_dynamic_task_mapping_with_no_taskflow_operators to 2024-08-29 00:00:00+00:00, run_after=2024-08-30 00:00:00+00:00
[2024-08-30T03:47:46.320+0000] {processor.py:208} INFO - Processing /home/airflow/.local/lib/python3.12/site-packages/airflow/example_dags/example_dynamic_task_mapping_with_no_taskflow_operators.py took 0.059 seconds
[2024-08-30T03:48:16.920+0000] {processor.py:186} INFO - Started process (PID=332) to work on /home/airflow/.local/lib/python3.12/site-packages/airflow/example_dags/example_dynamic_task_mapping_with_no_taskflow_operators.py
[2024-08-30T03:48:16.921+0000] {processor.py:914} INFO - Processing file /home/airflow/.local/lib/python3.12/site-packages/airflow/example_dags/example_dynamic_task_mapping_with_no_taskflow_operators.py for tasks to queue
[2024-08-30T03:48:16.923+0000] {logging_mixin.py:190} INFO - [2024-08-30T03:48:16.923+0000] {dagbag.py:587} INFO - Filling up the DagBag from /home/airflow/.local/lib/python3.12/site-packages/airflow/example_dags/example_dynamic_task_mapping_with_no_taskflow_operators.py
[2024-08-30T03:48:16.929+0000] {processor.py:925} INFO - DAG(s) 'example_dynamic_task_mapping_with_no_taskflow_operators' retrieved from /home/airflow/.local/lib/python3.12/site-packages/airflow/example_dags/example_dynamic_task_mapping_with_no_taskflow_operators.py
[2024-08-30T03:48:16.944+0000] {logging_mixin.py:190} INFO - [2024-08-30T03:48:16.944+0000] {dag.py:3211} INFO - Sync 1 DAGs
[2024-08-30T03:48:16.960+0000] {logging_mixin.py:190} INFO - [2024-08-30T03:48:16.960+0000] {dag.py:4138} INFO - Setting next_dagrun for example_dynamic_task_mapping_with_no_taskflow_operators to 2024-08-29 00:00:00+00:00, run_after=2024-08-30 00:00:00+00:00
[2024-08-30T03:48:16.978+0000] {processor.py:208} INFO - Processing /home/airflow/.local/lib/python3.12/site-packages/airflow/example_dags/example_dynamic_task_mapping_with_no_taskflow_operators.py took 0.063 seconds
[2024-08-30T03:48:47.680+0000] {processor.py:186} INFO - Started process (PID=405) to work on /home/airflow/.local/lib/python3.12/site-packages/airflow/example_dags/example_dynamic_task_mapping_with_no_taskflow_operators.py
[2024-08-30T03:48:47.681+0000] {processor.py:914} INFO - Processing file /home/airflow/.local/lib/python3.12/site-packages/airflow/example_dags/example_dynamic_task_mapping_with_no_taskflow_operators.py for tasks to queue
[2024-08-30T03:48:47.683+0000] {logging_mixin.py:190} INFO - [2024-08-30T03:48:47.683+0000] {dagbag.py:587} INFO - Filling up the DagBag from /home/airflow/.local/lib/python3.12/site-packages/airflow/example_dags/example_dynamic_task_mapping_with_no_taskflow_operators.py
[2024-08-30T03:48:47.689+0000] {processor.py:925} INFO - DAG(s) 'example_dynamic_task_mapping_with_no_taskflow_operators' retrieved from /home/airflow/.local/lib/python3.12/site-packages/airflow/example_dags/example_dynamic_task_mapping_with_no_taskflow_operators.py
[2024-08-30T03:48:47.705+0000] {logging_mixin.py:190} INFO - [2024-08-30T03:48:47.704+0000] {dag.py:3211} INFO - Sync 1 DAGs
[2024-08-30T03:48:47.721+0000] {logging_mixin.py:190} INFO - [2024-08-30T03:48:47.721+0000] {dag.py:4138} INFO - Setting next_dagrun for example_dynamic_task_mapping_with_no_taskflow_operators to 2024-08-29 00:00:00+00:00, run_after=2024-08-30 00:00:00+00:00
[2024-08-30T03:48:47.737+0000] {processor.py:208} INFO - Processing /home/airflow/.local/lib/python3.12/site-packages/airflow/example_dags/example_dynamic_task_mapping_with_no_taskflow_operators.py took 0.063 seconds
[2024-08-30T03:49:18.205+0000] {processor.py:186} INFO - Started process (PID=468) to work on /home/airflow/.local/lib/python3.12/site-packages/airflow/example_dags/example_dynamic_task_mapping_with_no_taskflow_operators.py
[2024-08-30T03:49:18.206+0000] {processor.py:914} INFO - Processing file /home/airflow/.local/lib/python3.12/site-packages/airflow/example_dags/example_dynamic_task_mapping_with_no_taskflow_operators.py for tasks to queue
[2024-08-30T03:49:18.209+0000] {logging_mixin.py:190} INFO - [2024-08-30T03:49:18.208+0000] {dagbag.py:587} INFO - Filling up the DagBag from /home/airflow/.local/lib/python3.12/site-packages/airflow/example_dags/example_dynamic_task_mapping_with_no_taskflow_operators.py
[2024-08-30T03:49:18.217+0000] {processor.py:925} INFO - DAG(s) 'example_dynamic_task_mapping_with_no_taskflow_operators' retrieved from /home/airflow/.local/lib/python3.12/site-packages/airflow/example_dags/example_dynamic_task_mapping_with_no_taskflow_operators.py
[2024-08-30T03:49:18.233+0000] {logging_mixin.py:190} INFO - [2024-08-30T03:49:18.232+0000] {dag.py:3211} INFO - Sync 1 DAGs
[2024-08-30T03:49:18.248+0000] {logging_mixin.py:190} INFO - [2024-08-30T03:49:18.248+0000] {dag.py:4138} INFO - Setting next_dagrun for example_dynamic_task_mapping_with_no_taskflow_operators to 2024-08-29 00:00:00+00:00, run_after=2024-08-30 00:00:00+00:00
[2024-08-30T03:49:18.265+0000] {processor.py:208} INFO - Processing /home/airflow/.local/lib/python3.12/site-packages/airflow/example_dags/example_dynamic_task_mapping_with_no_taskflow_operators.py took 0.068 seconds
[2024-08-30T03:49:49.179+0000] {processor.py:186} INFO - Started process (PID=532) to work on /home/airflow/.local/lib/python3.12/site-packages/airflow/example_dags/example_dynamic_task_mapping_with_no_taskflow_operators.py
[2024-08-30T03:49:49.180+0000] {processor.py:914} INFO - Processing file /home/airflow/.local/lib/python3.12/site-packages/airflow/example_dags/example_dynamic_task_mapping_with_no_taskflow_operators.py for tasks to queue
[2024-08-30T03:49:49.182+0000] {logging_mixin.py:190} INFO - [2024-08-30T03:49:49.182+0000] {dagbag.py:587} INFO - Filling up the DagBag from /home/airflow/.local/lib/python3.12/site-packages/airflow/example_dags/example_dynamic_task_mapping_with_no_taskflow_operators.py
[2024-08-30T03:49:49.188+0000] {processor.py:925} INFO - DAG(s) 'example_dynamic_task_mapping_with_no_taskflow_operators' retrieved from /home/airflow/.local/lib/python3.12/site-packages/airflow/example_dags/example_dynamic_task_mapping_with_no_taskflow_operators.py
[2024-08-30T03:49:49.204+0000] {logging_mixin.py:190} INFO - [2024-08-30T03:49:49.204+0000] {dag.py:3211} INFO - Sync 1 DAGs
[2024-08-30T03:49:49.220+0000] {logging_mixin.py:190} INFO - [2024-08-30T03:49:49.220+0000] {dag.py:4138} INFO - Setting next_dagrun for example_dynamic_task_mapping_with_no_taskflow_operators to 2024-08-29 00:00:00+00:00, run_after=2024-08-30 00:00:00+00:00
[2024-08-30T03:49:49.237+0000] {processor.py:208} INFO - Processing /home/airflow/.local/lib/python3.12/site-packages/airflow/example_dags/example_dynamic_task_mapping_with_no_taskflow_operators.py took 0.062 seconds
[2024-08-30T03:50:20.098+0000] {processor.py:186} INFO - Started process (PID=595) to work on /home/airflow/.local/lib/python3.12/site-packages/airflow/example_dags/example_dynamic_task_mapping_with_no_taskflow_operators.py
[2024-08-30T03:50:20.099+0000] {processor.py:914} INFO - Processing file /home/airflow/.local/lib/python3.12/site-packages/airflow/example_dags/example_dynamic_task_mapping_with_no_taskflow_operators.py for tasks to queue
[2024-08-30T03:50:20.101+0000] {logging_mixin.py:190} INFO - [2024-08-30T03:50:20.101+0000] {dagbag.py:587} INFO - Filling up the DagBag from /home/airflow/.local/lib/python3.12/site-packages/airflow/example_dags/example_dynamic_task_mapping_with_no_taskflow_operators.py
[2024-08-30T03:50:20.107+0000] {processor.py:925} INFO - DAG(s) 'example_dynamic_task_mapping_with_no_taskflow_operators' retrieved from /home/airflow/.local/lib/python3.12/site-packages/airflow/example_dags/example_dynamic_task_mapping_with_no_taskflow_operators.py
[2024-08-30T03:50:20.121+0000] {logging_mixin.py:190} INFO - [2024-08-30T03:50:20.121+0000] {dag.py:3211} INFO - Sync 1 DAGs
[2024-08-30T03:50:20.136+0000] {logging_mixin.py:190} INFO - [2024-08-30T03:50:20.136+0000] {dag.py:4138} INFO - Setting next_dagrun for example_dynamic_task_mapping_with_no_taskflow_operators to 2024-08-29 00:00:00+00:00, run_after=2024-08-30 00:00:00+00:00
[2024-08-30T03:50:20.150+0000] {processor.py:208} INFO - Processing /home/airflow/.local/lib/python3.12/site-packages/airflow/example_dags/example_dynamic_task_mapping_with_no_taskflow_operators.py took 0.056 seconds
[2024-08-30T03:50:50.933+0000] {processor.py:186} INFO - Started process (PID=658) to work on /home/airflow/.local/lib/python3.12/site-packages/airflow/example_dags/example_dynamic_task_mapping_with_no_taskflow_operators.py
[2024-08-30T03:50:50.934+0000] {processor.py:914} INFO - Processing file /home/airflow/.local/lib/python3.12/site-packages/airflow/example_dags/example_dynamic_task_mapping_with_no_taskflow_operators.py for tasks to queue
[2024-08-30T03:50:50.936+0000] {logging_mixin.py:190} INFO - [2024-08-30T03:50:50.936+0000] {dagbag.py:587} INFO - Filling up the DagBag from /home/airflow/.local/lib/python3.12/site-packages/airflow/example_dags/example_dynamic_task_mapping_with_no_taskflow_operators.py
[2024-08-30T03:50:50.943+0000] {processor.py:925} INFO - DAG(s) 'example_dynamic_task_mapping_with_no_taskflow_operators' retrieved from /home/airflow/.local/lib/python3.12/site-packages/airflow/example_dags/example_dynamic_task_mapping_with_no_taskflow_operators.py
[2024-08-30T03:50:50.957+0000] {logging_mixin.py:190} INFO - [2024-08-30T03:50:50.956+0000] {dag.py:3211} INFO - Sync 1 DAGs
[2024-08-30T03:50:50.971+0000] {logging_mixin.py:190} INFO - [2024-08-30T03:50:50.971+0000] {dag.py:4138} INFO - Setting next_dagrun for example_dynamic_task_mapping_with_no_taskflow_operators to 2024-08-29 00:00:00+00:00, run_after=2024-08-30 00:00:00+00:00
[2024-08-30T03:50:50.987+0000] {processor.py:208} INFO - Processing /home/airflow/.local/lib/python3.12/site-packages/airflow/example_dags/example_dynamic_task_mapping_with_no_taskflow_operators.py took 0.059 seconds
[2024-08-30T03:51:21.093+0000] {processor.py:186} INFO - Started process (PID=721) to work on /home/airflow/.local/lib/python3.12/site-packages/airflow/example_dags/example_dynamic_task_mapping_with_no_taskflow_operators.py
[2024-08-30T03:51:21.094+0000] {processor.py:914} INFO - Processing file /home/airflow/.local/lib/python3.12/site-packages/airflow/example_dags/example_dynamic_task_mapping_with_no_taskflow_operators.py for tasks to queue
[2024-08-30T03:51:21.096+0000] {logging_mixin.py:190} INFO - [2024-08-30T03:51:21.095+0000] {dagbag.py:587} INFO - Filling up the DagBag from /home/airflow/.local/lib/python3.12/site-packages/airflow/example_dags/example_dynamic_task_mapping_with_no_taskflow_operators.py
[2024-08-30T03:51:21.102+0000] {processor.py:925} INFO - DAG(s) 'example_dynamic_task_mapping_with_no_taskflow_operators' retrieved from /home/airflow/.local/lib/python3.12/site-packages/airflow/example_dags/example_dynamic_task_mapping_with_no_taskflow_operators.py
[2024-08-30T03:51:21.117+0000] {logging_mixin.py:190} INFO - [2024-08-30T03:51:21.117+0000] {dag.py:3211} INFO - Sync 1 DAGs
[2024-08-30T03:51:21.135+0000] {logging_mixin.py:190} INFO - [2024-08-30T03:51:21.134+0000] {dag.py:4138} INFO - Setting next_dagrun for example_dynamic_task_mapping_with_no_taskflow_operators to 2024-08-29 00:00:00+00:00, run_after=2024-08-30 00:00:00+00:00
[2024-08-30T03:51:21.152+0000] {processor.py:208} INFO - Processing /home/airflow/.local/lib/python3.12/site-packages/airflow/example_dags/example_dynamic_task_mapping_with_no_taskflow_operators.py took 0.063 seconds
[2024-08-30T03:51:51.685+0000] {processor.py:186} INFO - Started process (PID=783) to work on /home/airflow/.local/lib/python3.12/site-packages/airflow/example_dags/example_dynamic_task_mapping_with_no_taskflow_operators.py
[2024-08-30T03:51:51.686+0000] {processor.py:914} INFO - Processing file /home/airflow/.local/lib/python3.12/site-packages/airflow/example_dags/example_dynamic_task_mapping_with_no_taskflow_operators.py for tasks to queue
[2024-08-30T03:51:51.688+0000] {logging_mixin.py:190} INFO - [2024-08-30T03:51:51.687+0000] {dagbag.py:587} INFO - Filling up the DagBag from /home/airflow/.local/lib/python3.12/site-packages/airflow/example_dags/example_dynamic_task_mapping_with_no_taskflow_operators.py
[2024-08-30T03:51:51.694+0000] {processor.py:925} INFO - DAG(s) 'example_dynamic_task_mapping_with_no_taskflow_operators' retrieved from /home/airflow/.local/lib/python3.12/site-packages/airflow/example_dags/example_dynamic_task_mapping_with_no_taskflow_operators.py
[2024-08-30T03:51:51.708+0000] {logging_mixin.py:190} INFO - [2024-08-30T03:51:51.708+0000] {dag.py:3211} INFO - Sync 1 DAGs
[2024-08-30T03:51:51.724+0000] {logging_mixin.py:190} INFO - [2024-08-30T03:51:51.724+0000] {dag.py:4138} INFO - Setting next_dagrun for example_dynamic_task_mapping_with_no_taskflow_operators to 2024-08-29 00:00:00+00:00, run_after=2024-08-30 00:00:00+00:00
[2024-08-30T03:51:51.740+0000] {processor.py:208} INFO - Processing /home/airflow/.local/lib/python3.12/site-packages/airflow/example_dags/example_dynamic_task_mapping_with_no_taskflow_operators.py took 0.059 seconds
[2024-08-30T03:52:22.257+0000] {processor.py:186} INFO - Started process (PID=847) to work on /home/airflow/.local/lib/python3.12/site-packages/airflow/example_dags/example_dynamic_task_mapping_with_no_taskflow_operators.py
[2024-08-30T03:52:22.259+0000] {processor.py:914} INFO - Processing file /home/airflow/.local/lib/python3.12/site-packages/airflow/example_dags/example_dynamic_task_mapping_with_no_taskflow_operators.py for tasks to queue
[2024-08-30T03:52:22.261+0000] {logging_mixin.py:190} INFO - [2024-08-30T03:52:22.260+0000] {dagbag.py:587} INFO - Filling up the DagBag from /home/airflow/.local/lib/python3.12/site-packages/airflow/example_dags/example_dynamic_task_mapping_with_no_taskflow_operators.py
[2024-08-30T03:52:22.269+0000] {processor.py:925} INFO - DAG(s) 'example_dynamic_task_mapping_with_no_taskflow_operators' retrieved from /home/airflow/.local/lib/python3.12/site-packages/airflow/example_dags/example_dynamic_task_mapping_with_no_taskflow_operators.py
[2024-08-30T03:52:22.284+0000] {logging_mixin.py:190} INFO - [2024-08-30T03:52:22.284+0000] {dag.py:3211} INFO - Sync 1 DAGs
[2024-08-30T03:52:22.301+0000] {logging_mixin.py:190} INFO - [2024-08-30T03:52:22.301+0000] {dag.py:4138} INFO - Setting next_dagrun for example_dynamic_task_mapping_with_no_taskflow_operators to 2024-08-29 00:00:00+00:00, run_after=2024-08-30 00:00:00+00:00
[2024-08-30T03:52:22.319+0000] {processor.py:208} INFO - Processing /home/airflow/.local/lib/python3.12/site-packages/airflow/example_dags/example_dynamic_task_mapping_with_no_taskflow_operators.py took 0.067 seconds
[2024-08-30T03:52:53.146+0000] {processor.py:186} INFO - Started process (PID=910) to work on /home/airflow/.local/lib/python3.12/site-packages/airflow/example_dags/example_dynamic_task_mapping_with_no_taskflow_operators.py
[2024-08-30T03:52:53.147+0000] {processor.py:914} INFO - Processing file /home/airflow/.local/lib/python3.12/site-packages/airflow/example_dags/example_dynamic_task_mapping_with_no_taskflow_operators.py for tasks to queue
[2024-08-30T03:52:53.149+0000] {logging_mixin.py:190} INFO - [2024-08-30T03:52:53.149+0000] {dagbag.py:587} INFO - Filling up the DagBag from /home/airflow/.local/lib/python3.12/site-packages/airflow/example_dags/example_dynamic_task_mapping_with_no_taskflow_operators.py
[2024-08-30T03:52:53.156+0000] {processor.py:925} INFO - DAG(s) 'example_dynamic_task_mapping_with_no_taskflow_operators' retrieved from /home/airflow/.local/lib/python3.12/site-packages/airflow/example_dags/example_dynamic_task_mapping_with_no_taskflow_operators.py
[2024-08-30T03:52:53.171+0000] {logging_mixin.py:190} INFO - [2024-08-30T03:52:53.170+0000] {dag.py:3211} INFO - Sync 1 DAGs
[2024-08-30T03:52:53.190+0000] {logging_mixin.py:190} INFO - [2024-08-30T03:52:53.190+0000] {dag.py:4138} INFO - Setting next_dagrun for example_dynamic_task_mapping_with_no_taskflow_operators to 2024-08-29 00:00:00+00:00, run_after=2024-08-30 00:00:00+00:00
[2024-08-30T03:52:53.209+0000] {processor.py:208} INFO - Processing /home/airflow/.local/lib/python3.12/site-packages/airflow/example_dags/example_dynamic_task_mapping_with_no_taskflow_operators.py took 0.067 seconds
[2024-08-30T03:53:25.287+0000] {processor.py:186} INFO - Started process (PID=973) to work on /home/airflow/.local/lib/python3.12/site-packages/airflow/example_dags/example_dynamic_task_mapping_with_no_taskflow_operators.py
[2024-08-30T03:53:25.288+0000] {processor.py:914} INFO - Processing file /home/airflow/.local/lib/python3.12/site-packages/airflow/example_dags/example_dynamic_task_mapping_with_no_taskflow_operators.py for tasks to queue
[2024-08-30T03:53:25.289+0000] {logging_mixin.py:190} INFO - [2024-08-30T03:53:25.289+0000] {dagbag.py:587} INFO - Filling up the DagBag from /home/airflow/.local/lib/python3.12/site-packages/airflow/example_dags/example_dynamic_task_mapping_with_no_taskflow_operators.py
[2024-08-30T03:53:25.296+0000] {processor.py:925} INFO - DAG(s) 'example_dynamic_task_mapping_with_no_taskflow_operators' retrieved from /home/airflow/.local/lib/python3.12/site-packages/airflow/example_dags/example_dynamic_task_mapping_with_no_taskflow_operators.py
[2024-08-30T03:53:25.312+0000] {logging_mixin.py:190} INFO - [2024-08-30T03:53:25.312+0000] {dag.py:3211} INFO - Sync 1 DAGs
[2024-08-30T03:53:25.328+0000] {logging_mixin.py:190} INFO - [2024-08-30T03:53:25.328+0000] {dag.py:4138} INFO - Setting next_dagrun for example_dynamic_task_mapping_with_no_taskflow_operators to 2024-08-29 00:00:00+00:00, run_after=2024-08-30 00:00:00+00:00
[2024-08-30T03:53:25.346+0000] {processor.py:208} INFO - Processing /home/airflow/.local/lib/python3.12/site-packages/airflow/example_dags/example_dynamic_task_mapping_with_no_taskflow_operators.py took 0.064 seconds
[2024-08-30T03:53:56.012+0000] {processor.py:186} INFO - Started process (PID=1035) to work on /home/airflow/.local/lib/python3.12/site-packages/airflow/example_dags/example_dynamic_task_mapping_with_no_taskflow_operators.py
[2024-08-30T03:53:56.013+0000] {processor.py:914} INFO - Processing file /home/airflow/.local/lib/python3.12/site-packages/airflow/example_dags/example_dynamic_task_mapping_with_no_taskflow_operators.py for tasks to queue
[2024-08-30T03:53:56.014+0000] {logging_mixin.py:190} INFO - [2024-08-30T03:53:56.014+0000] {dagbag.py:587} INFO - Filling up the DagBag from /home/airflow/.local/lib/python3.12/site-packages/airflow/example_dags/example_dynamic_task_mapping_with_no_taskflow_operators.py
[2024-08-30T03:53:56.021+0000] {processor.py:925} INFO - DAG(s) 'example_dynamic_task_mapping_with_no_taskflow_operators' retrieved from /home/airflow/.local/lib/python3.12/site-packages/airflow/example_dags/example_dynamic_task_mapping_with_no_taskflow_operators.py
[2024-08-30T03:53:56.034+0000] {logging_mixin.py:190} INFO - [2024-08-30T03:53:56.034+0000] {dag.py:3211} INFO - Sync 1 DAGs
[2024-08-30T03:53:56.049+0000] {logging_mixin.py:190} INFO - [2024-08-30T03:53:56.049+0000] {dag.py:4138} INFO - Setting next_dagrun for example_dynamic_task_mapping_with_no_taskflow_operators to 2024-08-29 00:00:00+00:00, run_after=2024-08-30 00:00:00+00:00
[2024-08-30T03:53:56.067+0000] {processor.py:208} INFO - Processing /home/airflow/.local/lib/python3.12/site-packages/airflow/example_dags/example_dynamic_task_mapping_with_no_taskflow_operators.py took 0.059 seconds
[2024-08-30T03:54:26.453+0000] {processor.py:186} INFO - Started process (PID=1098) to work on /home/airflow/.local/lib/python3.12/site-packages/airflow/example_dags/example_dynamic_task_mapping_with_no_taskflow_operators.py
[2024-08-30T03:54:26.454+0000] {processor.py:914} INFO - Processing file /home/airflow/.local/lib/python3.12/site-packages/airflow/example_dags/example_dynamic_task_mapping_with_no_taskflow_operators.py for tasks to queue
[2024-08-30T03:54:26.455+0000] {logging_mixin.py:190} INFO - [2024-08-30T03:54:26.455+0000] {dagbag.py:587} INFO - Filling up the DagBag from /home/airflow/.local/lib/python3.12/site-packages/airflow/example_dags/example_dynamic_task_mapping_with_no_taskflow_operators.py
[2024-08-30T03:54:26.462+0000] {processor.py:925} INFO - DAG(s) 'example_dynamic_task_mapping_with_no_taskflow_operators' retrieved from /home/airflow/.local/lib/python3.12/site-packages/airflow/example_dags/example_dynamic_task_mapping_with_no_taskflow_operators.py
[2024-08-30T03:54:26.476+0000] {logging_mixin.py:190} INFO - [2024-08-30T03:54:26.476+0000] {dag.py:3211} INFO - Sync 1 DAGs
[2024-08-30T03:54:26.492+0000] {logging_mixin.py:190} INFO - [2024-08-30T03:54:26.492+0000] {dag.py:4138} INFO - Setting next_dagrun for example_dynamic_task_mapping_with_no_taskflow_operators to 2024-08-29 00:00:00+00:00, run_after=2024-08-30 00:00:00+00:00
[2024-08-30T03:54:26.509+0000] {processor.py:208} INFO - Processing /home/airflow/.local/lib/python3.12/site-packages/airflow/example_dags/example_dynamic_task_mapping_with_no_taskflow_operators.py took 0.059 seconds
