[2024-08-30T03:30:04.712+0000] {processor.py:186} INFO - Started process (PID=75) to work on /home/airflow/.local/lib/python3.12/site-packages/airflow/example_dags/example_bash_operator.py
[2024-08-30T03:30:04.713+0000] {processor.py:914} INFO - Processing file /home/airflow/.local/lib/python3.12/site-packages/airflow/example_dags/example_bash_operator.py for tasks to queue
[2024-08-30T03:30:04.715+0000] {logging_mixin.py:190} INFO - [2024-08-30T03:30:04.714+0000] {dagbag.py:587} INFO - Filling up the DagBag from /home/airflow/.local/lib/python3.12/site-packages/airflow/example_dags/example_bash_operator.py
[2024-08-30T03:30:04.728+0000] {processor.py:925} INFO - DAG(s) 'example_bash_operator' retrieved from /home/airflow/.local/lib/python3.12/site-packages/airflow/example_dags/example_bash_operator.py
[2024-08-30T03:30:04.754+0000] {logging_mixin.py:190} INFO - [2024-08-30T03:30:04.754+0000] {dag.py:3211} INFO - Sync 1 DAGs
[2024-08-30T03:30:04.772+0000] {logging_mixin.py:190} INFO - [2024-08-30T03:30:04.772+0000] {dag.py:4138} INFO - Setting next_dagrun for example_bash_operator to 2024-08-29 00:00:00+00:00, run_after=2024-08-30 00:00:00+00:00
[2024-08-30T03:30:04.789+0000] {processor.py:208} INFO - Processing /home/airflow/.local/lib/python3.12/site-packages/airflow/example_dags/example_bash_operator.py took 0.082 seconds
[2024-08-30T03:30:34.955+0000] {processor.py:186} INFO - Started process (PID=138) to work on /home/airflow/.local/lib/python3.12/site-packages/airflow/example_dags/example_bash_operator.py
[2024-08-30T03:30:34.956+0000] {processor.py:914} INFO - Processing file /home/airflow/.local/lib/python3.12/site-packages/airflow/example_dags/example_bash_operator.py for tasks to queue
[2024-08-30T03:30:34.959+0000] {logging_mixin.py:190} INFO - [2024-08-30T03:30:34.958+0000] {dagbag.py:587} INFO - Filling up the DagBag from /home/airflow/.local/lib/python3.12/site-packages/airflow/example_dags/example_bash_operator.py
[2024-08-30T03:30:34.969+0000] {processor.py:925} INFO - DAG(s) 'example_bash_operator' retrieved from /home/airflow/.local/lib/python3.12/site-packages/airflow/example_dags/example_bash_operator.py
[2024-08-30T03:30:34.992+0000] {logging_mixin.py:190} INFO - [2024-08-30T03:30:34.992+0000] {dag.py:3211} INFO - Sync 1 DAGs
[2024-08-30T03:30:35.013+0000] {logging_mixin.py:190} INFO - [2024-08-30T03:30:35.013+0000] {dag.py:4138} INFO - Setting next_dagrun for example_bash_operator to 2024-08-29 00:00:00+00:00, run_after=2024-08-30 00:00:00+00:00
[2024-08-30T03:30:35.031+0000] {processor.py:208} INFO - Processing /home/airflow/.local/lib/python3.12/site-packages/airflow/example_dags/example_bash_operator.py took 0.081 seconds
[2024-08-30T03:31:05.847+0000] {processor.py:186} INFO - Started process (PID=201) to work on /home/airflow/.local/lib/python3.12/site-packages/airflow/example_dags/example_bash_operator.py
[2024-08-30T03:31:05.848+0000] {processor.py:914} INFO - Processing file /home/airflow/.local/lib/python3.12/site-packages/airflow/example_dags/example_bash_operator.py for tasks to queue
[2024-08-30T03:31:05.850+0000] {logging_mixin.py:190} INFO - [2024-08-30T03:31:05.850+0000] {dagbag.py:587} INFO - Filling up the DagBag from /home/airflow/.local/lib/python3.12/site-packages/airflow/example_dags/example_bash_operator.py
[2024-08-30T03:31:05.869+0000] {processor.py:925} INFO - DAG(s) 'example_bash_operator' retrieved from /home/airflow/.local/lib/python3.12/site-packages/airflow/example_dags/example_bash_operator.py
[2024-08-30T03:31:05.893+0000] {logging_mixin.py:190} INFO - [2024-08-30T03:31:05.893+0000] {dag.py:3211} INFO - Sync 1 DAGs
[2024-08-30T03:31:05.910+0000] {logging_mixin.py:190} INFO - [2024-08-30T03:31:05.910+0000] {dag.py:4138} INFO - Setting next_dagrun for example_bash_operator to 2024-08-29 00:00:00+00:00, run_after=2024-08-30 00:00:00+00:00
[2024-08-30T03:31:05.929+0000] {processor.py:208} INFO - Processing /home/airflow/.local/lib/python3.12/site-packages/airflow/example_dags/example_bash_operator.py took 0.087 seconds
[2024-08-30T03:31:36.617+0000] {processor.py:186} INFO - Started process (PID=264) to work on /home/airflow/.local/lib/python3.12/site-packages/airflow/example_dags/example_bash_operator.py
[2024-08-30T03:31:36.618+0000] {processor.py:914} INFO - Processing file /home/airflow/.local/lib/python3.12/site-packages/airflow/example_dags/example_bash_operator.py for tasks to queue
[2024-08-30T03:31:36.621+0000] {logging_mixin.py:190} INFO - [2024-08-30T03:31:36.620+0000] {dagbag.py:587} INFO - Filling up the DagBag from /home/airflow/.local/lib/python3.12/site-packages/airflow/example_dags/example_bash_operator.py
[2024-08-30T03:31:36.631+0000] {processor.py:925} INFO - DAG(s) 'example_bash_operator' retrieved from /home/airflow/.local/lib/python3.12/site-packages/airflow/example_dags/example_bash_operator.py
[2024-08-30T03:31:36.651+0000] {logging_mixin.py:190} INFO - [2024-08-30T03:31:36.651+0000] {dag.py:3211} INFO - Sync 1 DAGs
[2024-08-30T03:31:36.669+0000] {logging_mixin.py:190} INFO - [2024-08-30T03:31:36.669+0000] {dag.py:4138} INFO - Setting next_dagrun for example_bash_operator to 2024-08-29 00:00:00+00:00, run_after=2024-08-30 00:00:00+00:00
[2024-08-30T03:31:36.685+0000] {processor.py:208} INFO - Processing /home/airflow/.local/lib/python3.12/site-packages/airflow/example_dags/example_bash_operator.py took 0.073 seconds
[2024-08-30T03:32:08.016+0000] {processor.py:186} INFO - Started process (PID=327) to work on /home/airflow/.local/lib/python3.12/site-packages/airflow/example_dags/example_bash_operator.py
[2024-08-30T03:32:08.018+0000] {processor.py:914} INFO - Processing file /home/airflow/.local/lib/python3.12/site-packages/airflow/example_dags/example_bash_operator.py for tasks to queue
[2024-08-30T03:32:08.020+0000] {logging_mixin.py:190} INFO - [2024-08-30T03:32:08.020+0000] {dagbag.py:587} INFO - Filling up the DagBag from /home/airflow/.local/lib/python3.12/site-packages/airflow/example_dags/example_bash_operator.py
[2024-08-30T03:32:08.030+0000] {processor.py:925} INFO - DAG(s) 'example_bash_operator' retrieved from /home/airflow/.local/lib/python3.12/site-packages/airflow/example_dags/example_bash_operator.py
[2024-08-30T03:32:08.052+0000] {logging_mixin.py:190} INFO - [2024-08-30T03:32:08.052+0000] {dag.py:3211} INFO - Sync 1 DAGs
[2024-08-30T03:32:08.068+0000] {logging_mixin.py:190} INFO - [2024-08-30T03:32:08.067+0000] {dag.py:4138} INFO - Setting next_dagrun for example_bash_operator to 2024-08-29 00:00:00+00:00, run_after=2024-08-30 00:00:00+00:00
[2024-08-30T03:32:08.088+0000] {processor.py:208} INFO - Processing /home/airflow/.local/lib/python3.12/site-packages/airflow/example_dags/example_bash_operator.py took 0.080 seconds
[2024-08-30T03:32:38.662+0000] {processor.py:186} INFO - Started process (PID=390) to work on /home/airflow/.local/lib/python3.12/site-packages/airflow/example_dags/example_bash_operator.py
[2024-08-30T03:32:38.663+0000] {processor.py:914} INFO - Processing file /home/airflow/.local/lib/python3.12/site-packages/airflow/example_dags/example_bash_operator.py for tasks to queue
[2024-08-30T03:32:38.665+0000] {logging_mixin.py:190} INFO - [2024-08-30T03:32:38.665+0000] {dagbag.py:587} INFO - Filling up the DagBag from /home/airflow/.local/lib/python3.12/site-packages/airflow/example_dags/example_bash_operator.py
[2024-08-30T03:32:38.675+0000] {processor.py:925} INFO - DAG(s) 'example_bash_operator' retrieved from /home/airflow/.local/lib/python3.12/site-packages/airflow/example_dags/example_bash_operator.py
[2024-08-30T03:32:38.696+0000] {logging_mixin.py:190} INFO - [2024-08-30T03:32:38.695+0000] {dag.py:3211} INFO - Sync 1 DAGs
[2024-08-30T03:32:38.713+0000] {logging_mixin.py:190} INFO - [2024-08-30T03:32:38.712+0000] {dag.py:4138} INFO - Setting next_dagrun for example_bash_operator to 2024-08-29 00:00:00+00:00, run_after=2024-08-30 00:00:00+00:00
[2024-08-30T03:32:38.729+0000] {processor.py:208} INFO - Processing /home/airflow/.local/lib/python3.12/site-packages/airflow/example_dags/example_bash_operator.py took 0.071 seconds
[2024-08-30T03:33:09.781+0000] {processor.py:186} INFO - Started process (PID=453) to work on /home/airflow/.local/lib/python3.12/site-packages/airflow/example_dags/example_bash_operator.py
[2024-08-30T03:33:09.783+0000] {processor.py:914} INFO - Processing file /home/airflow/.local/lib/python3.12/site-packages/airflow/example_dags/example_bash_operator.py for tasks to queue
[2024-08-30T03:33:09.785+0000] {logging_mixin.py:190} INFO - [2024-08-30T03:33:09.785+0000] {dagbag.py:587} INFO - Filling up the DagBag from /home/airflow/.local/lib/python3.12/site-packages/airflow/example_dags/example_bash_operator.py
[2024-08-30T03:33:09.800+0000] {processor.py:925} INFO - DAG(s) 'example_bash_operator' retrieved from /home/airflow/.local/lib/python3.12/site-packages/airflow/example_dags/example_bash_operator.py
[2024-08-30T03:33:09.823+0000] {logging_mixin.py:190} INFO - [2024-08-30T03:33:09.823+0000] {dag.py:3211} INFO - Sync 1 DAGs
[2024-08-30T03:33:09.844+0000] {logging_mixin.py:190} INFO - [2024-08-30T03:33:09.844+0000] {dag.py:4138} INFO - Setting next_dagrun for example_bash_operator to 2024-08-29 00:00:00+00:00, run_after=2024-08-30 00:00:00+00:00
[2024-08-30T03:33:09.861+0000] {processor.py:208} INFO - Processing /home/airflow/.local/lib/python3.12/site-packages/airflow/example_dags/example_bash_operator.py took 0.086 seconds
[2024-08-30T03:33:40.332+0000] {processor.py:186} INFO - Started process (PID=516) to work on /home/airflow/.local/lib/python3.12/site-packages/airflow/example_dags/example_bash_operator.py
[2024-08-30T03:33:40.332+0000] {processor.py:914} INFO - Processing file /home/airflow/.local/lib/python3.12/site-packages/airflow/example_dags/example_bash_operator.py for tasks to queue
[2024-08-30T03:33:40.334+0000] {logging_mixin.py:190} INFO - [2024-08-30T03:33:40.334+0000] {dagbag.py:587} INFO - Filling up the DagBag from /home/airflow/.local/lib/python3.12/site-packages/airflow/example_dags/example_bash_operator.py
[2024-08-30T03:33:40.344+0000] {processor.py:925} INFO - DAG(s) 'example_bash_operator' retrieved from /home/airflow/.local/lib/python3.12/site-packages/airflow/example_dags/example_bash_operator.py
[2024-08-30T03:33:40.364+0000] {logging_mixin.py:190} INFO - [2024-08-30T03:33:40.364+0000] {dag.py:3211} INFO - Sync 1 DAGs
[2024-08-30T03:33:40.382+0000] {logging_mixin.py:190} INFO - [2024-08-30T03:33:40.382+0000] {dag.py:4138} INFO - Setting next_dagrun for example_bash_operator to 2024-08-29 00:00:00+00:00, run_after=2024-08-30 00:00:00+00:00
[2024-08-30T03:33:40.397+0000] {processor.py:208} INFO - Processing /home/airflow/.local/lib/python3.12/site-packages/airflow/example_dags/example_bash_operator.py took 0.070 seconds
[2024-08-30T03:34:11.186+0000] {processor.py:186} INFO - Started process (PID=579) to work on /home/airflow/.local/lib/python3.12/site-packages/airflow/example_dags/example_bash_operator.py
[2024-08-30T03:34:11.187+0000] {processor.py:914} INFO - Processing file /home/airflow/.local/lib/python3.12/site-packages/airflow/example_dags/example_bash_operator.py for tasks to queue
[2024-08-30T03:34:11.189+0000] {logging_mixin.py:190} INFO - [2024-08-30T03:34:11.188+0000] {dagbag.py:587} INFO - Filling up the DagBag from /home/airflow/.local/lib/python3.12/site-packages/airflow/example_dags/example_bash_operator.py
[2024-08-30T03:34:11.198+0000] {processor.py:925} INFO - DAG(s) 'example_bash_operator' retrieved from /home/airflow/.local/lib/python3.12/site-packages/airflow/example_dags/example_bash_operator.py
[2024-08-30T03:34:11.218+0000] {logging_mixin.py:190} INFO - [2024-08-30T03:34:11.218+0000] {dag.py:3211} INFO - Sync 1 DAGs
[2024-08-30T03:34:11.235+0000] {logging_mixin.py:190} INFO - [2024-08-30T03:34:11.235+0000] {dag.py:4138} INFO - Setting next_dagrun for example_bash_operator to 2024-08-29 00:00:00+00:00, run_after=2024-08-30 00:00:00+00:00
[2024-08-30T03:34:11.259+0000] {processor.py:208} INFO - Processing /home/airflow/.local/lib/python3.12/site-packages/airflow/example_dags/example_bash_operator.py took 0.079 seconds
[2024-08-30T03:34:41.786+0000] {processor.py:186} INFO - Started process (PID=642) to work on /home/airflow/.local/lib/python3.12/site-packages/airflow/example_dags/example_bash_operator.py
[2024-08-30T03:34:41.787+0000] {processor.py:914} INFO - Processing file /home/airflow/.local/lib/python3.12/site-packages/airflow/example_dags/example_bash_operator.py for tasks to queue
[2024-08-30T03:34:41.789+0000] {logging_mixin.py:190} INFO - [2024-08-30T03:34:41.789+0000] {dagbag.py:587} INFO - Filling up the DagBag from /home/airflow/.local/lib/python3.12/site-packages/airflow/example_dags/example_bash_operator.py
[2024-08-30T03:34:41.798+0000] {processor.py:925} INFO - DAG(s) 'example_bash_operator' retrieved from /home/airflow/.local/lib/python3.12/site-packages/airflow/example_dags/example_bash_operator.py
[2024-08-30T03:34:41.816+0000] {logging_mixin.py:190} INFO - [2024-08-30T03:34:41.816+0000] {dag.py:3211} INFO - Sync 1 DAGs
[2024-08-30T03:34:41.832+0000] {logging_mixin.py:190} INFO - [2024-08-30T03:34:41.832+0000] {dag.py:4138} INFO - Setting next_dagrun for example_bash_operator to 2024-08-29 00:00:00+00:00, run_after=2024-08-30 00:00:00+00:00
[2024-08-30T03:34:41.848+0000] {processor.py:208} INFO - Processing /home/airflow/.local/lib/python3.12/site-packages/airflow/example_dags/example_bash_operator.py took 0.065 seconds
[2024-08-30T03:35:12.901+0000] {processor.py:186} INFO - Started process (PID=705) to work on /home/airflow/.local/lib/python3.12/site-packages/airflow/example_dags/example_bash_operator.py
[2024-08-30T03:35:12.902+0000] {processor.py:914} INFO - Processing file /home/airflow/.local/lib/python3.12/site-packages/airflow/example_dags/example_bash_operator.py for tasks to queue
[2024-08-30T03:35:12.904+0000] {logging_mixin.py:190} INFO - [2024-08-30T03:35:12.904+0000] {dagbag.py:587} INFO - Filling up the DagBag from /home/airflow/.local/lib/python3.12/site-packages/airflow/example_dags/example_bash_operator.py
[2024-08-30T03:35:12.913+0000] {processor.py:925} INFO - DAG(s) 'example_bash_operator' retrieved from /home/airflow/.local/lib/python3.12/site-packages/airflow/example_dags/example_bash_operator.py
[2024-08-30T03:35:12.932+0000] {logging_mixin.py:190} INFO - [2024-08-30T03:35:12.932+0000] {dag.py:3211} INFO - Sync 1 DAGs
[2024-08-30T03:35:12.948+0000] {logging_mixin.py:190} INFO - [2024-08-30T03:35:12.948+0000] {dag.py:4138} INFO - Setting next_dagrun for example_bash_operator to 2024-08-29 00:00:00+00:00, run_after=2024-08-30 00:00:00+00:00
[2024-08-30T03:35:12.967+0000] {processor.py:208} INFO - Processing /home/airflow/.local/lib/python3.12/site-packages/airflow/example_dags/example_bash_operator.py took 0.071 seconds
[2024-08-30T03:35:43.836+0000] {processor.py:186} INFO - Started process (PID=768) to work on /home/airflow/.local/lib/python3.12/site-packages/airflow/example_dags/example_bash_operator.py
[2024-08-30T03:35:43.836+0000] {processor.py:914} INFO - Processing file /home/airflow/.local/lib/python3.12/site-packages/airflow/example_dags/example_bash_operator.py for tasks to queue
[2024-08-30T03:35:43.838+0000] {logging_mixin.py:190} INFO - [2024-08-30T03:35:43.838+0000] {dagbag.py:587} INFO - Filling up the DagBag from /home/airflow/.local/lib/python3.12/site-packages/airflow/example_dags/example_bash_operator.py
[2024-08-30T03:35:43.848+0000] {processor.py:925} INFO - DAG(s) 'example_bash_operator' retrieved from /home/airflow/.local/lib/python3.12/site-packages/airflow/example_dags/example_bash_operator.py
[2024-08-30T03:35:43.866+0000] {logging_mixin.py:190} INFO - [2024-08-30T03:35:43.866+0000] {dag.py:3211} INFO - Sync 1 DAGs
[2024-08-30T03:35:43.882+0000] {logging_mixin.py:190} INFO - [2024-08-30T03:35:43.882+0000] {dag.py:4138} INFO - Setting next_dagrun for example_bash_operator to 2024-08-29 00:00:00+00:00, run_after=2024-08-30 00:00:00+00:00
[2024-08-30T03:35:43.897+0000] {processor.py:208} INFO - Processing /home/airflow/.local/lib/python3.12/site-packages/airflow/example_dags/example_bash_operator.py took 0.065 seconds
[2024-08-30T03:36:14.840+0000] {processor.py:186} INFO - Started process (PID=831) to work on /home/airflow/.local/lib/python3.12/site-packages/airflow/example_dags/example_bash_operator.py
[2024-08-30T03:36:14.841+0000] {processor.py:914} INFO - Processing file /home/airflow/.local/lib/python3.12/site-packages/airflow/example_dags/example_bash_operator.py for tasks to queue
[2024-08-30T03:36:14.843+0000] {logging_mixin.py:190} INFO - [2024-08-30T03:36:14.842+0000] {dagbag.py:587} INFO - Filling up the DagBag from /home/airflow/.local/lib/python3.12/site-packages/airflow/example_dags/example_bash_operator.py
[2024-08-30T03:36:14.854+0000] {processor.py:925} INFO - DAG(s) 'example_bash_operator' retrieved from /home/airflow/.local/lib/python3.12/site-packages/airflow/example_dags/example_bash_operator.py
[2024-08-30T03:36:14.876+0000] {logging_mixin.py:190} INFO - [2024-08-30T03:36:14.876+0000] {dag.py:3211} INFO - Sync 1 DAGs
[2024-08-30T03:36:14.892+0000] {logging_mixin.py:190} INFO - [2024-08-30T03:36:14.892+0000] {dag.py:4138} INFO - Setting next_dagrun for example_bash_operator to 2024-08-29 00:00:00+00:00, run_after=2024-08-30 00:00:00+00:00
[2024-08-30T03:36:14.911+0000] {processor.py:208} INFO - Processing /home/airflow/.local/lib/python3.12/site-packages/airflow/example_dags/example_bash_operator.py took 0.076 seconds
[2024-08-30T03:37:28.645+0000] {processor.py:186} INFO - Started process (PID=74) to work on /home/airflow/.local/lib/python3.12/site-packages/airflow/example_dags/example_bash_operator.py
[2024-08-30T03:37:28.646+0000] {processor.py:914} INFO - Processing file /home/airflow/.local/lib/python3.12/site-packages/airflow/example_dags/example_bash_operator.py for tasks to queue
[2024-08-30T03:37:28.648+0000] {logging_mixin.py:190} INFO - [2024-08-30T03:37:28.648+0000] {dagbag.py:587} INFO - Filling up the DagBag from /home/airflow/.local/lib/python3.12/site-packages/airflow/example_dags/example_bash_operator.py
[2024-08-30T03:37:28.661+0000] {processor.py:925} INFO - DAG(s) 'example_bash_operator' retrieved from /home/airflow/.local/lib/python3.12/site-packages/airflow/example_dags/example_bash_operator.py
[2024-08-30T03:37:28.685+0000] {logging_mixin.py:190} INFO - [2024-08-30T03:37:28.685+0000] {dag.py:3211} INFO - Sync 1 DAGs
[2024-08-30T03:37:28.701+0000] {logging_mixin.py:190} INFO - [2024-08-30T03:37:28.701+0000] {dag.py:4138} INFO - Setting next_dagrun for example_bash_operator to 2024-08-29 00:00:00+00:00, run_after=2024-08-30 00:00:00+00:00
[2024-08-30T03:37:28.716+0000] {processor.py:208} INFO - Processing /home/airflow/.local/lib/python3.12/site-packages/airflow/example_dags/example_bash_operator.py took 0.075 seconds
[2024-08-30T03:37:59.644+0000] {processor.py:186} INFO - Started process (PID=137) to work on /home/airflow/.local/lib/python3.12/site-packages/airflow/example_dags/example_bash_operator.py
[2024-08-30T03:37:59.645+0000] {processor.py:914} INFO - Processing file /home/airflow/.local/lib/python3.12/site-packages/airflow/example_dags/example_bash_operator.py for tasks to queue
[2024-08-30T03:37:59.647+0000] {logging_mixin.py:190} INFO - [2024-08-30T03:37:59.647+0000] {dagbag.py:587} INFO - Filling up the DagBag from /home/airflow/.local/lib/python3.12/site-packages/airflow/example_dags/example_bash_operator.py
[2024-08-30T03:37:59.656+0000] {processor.py:925} INFO - DAG(s) 'example_bash_operator' retrieved from /home/airflow/.local/lib/python3.12/site-packages/airflow/example_dags/example_bash_operator.py
[2024-08-30T03:37:59.674+0000] {logging_mixin.py:190} INFO - [2024-08-30T03:37:59.674+0000] {dag.py:3211} INFO - Sync 1 DAGs
[2024-08-30T03:37:59.690+0000] {logging_mixin.py:190} INFO - [2024-08-30T03:37:59.690+0000] {dag.py:4138} INFO - Setting next_dagrun for example_bash_operator to 2024-08-29 00:00:00+00:00, run_after=2024-08-30 00:00:00+00:00
[2024-08-30T03:37:59.704+0000] {processor.py:208} INFO - Processing /home/airflow/.local/lib/python3.12/site-packages/airflow/example_dags/example_bash_operator.py took 0.063 seconds
[2024-08-30T03:38:29.793+0000] {processor.py:186} INFO - Started process (PID=200) to work on /home/airflow/.local/lib/python3.12/site-packages/airflow/example_dags/example_bash_operator.py
[2024-08-30T03:38:29.794+0000] {processor.py:914} INFO - Processing file /home/airflow/.local/lib/python3.12/site-packages/airflow/example_dags/example_bash_operator.py for tasks to queue
[2024-08-30T03:38:29.796+0000] {logging_mixin.py:190} INFO - [2024-08-30T03:38:29.796+0000] {dagbag.py:587} INFO - Filling up the DagBag from /home/airflow/.local/lib/python3.12/site-packages/airflow/example_dags/example_bash_operator.py
[2024-08-30T03:38:29.805+0000] {processor.py:925} INFO - DAG(s) 'example_bash_operator' retrieved from /home/airflow/.local/lib/python3.12/site-packages/airflow/example_dags/example_bash_operator.py
[2024-08-30T03:38:29.825+0000] {logging_mixin.py:190} INFO - [2024-08-30T03:38:29.824+0000] {dag.py:3211} INFO - Sync 1 DAGs
[2024-08-30T03:38:29.841+0000] {logging_mixin.py:190} INFO - [2024-08-30T03:38:29.841+0000] {dag.py:4138} INFO - Setting next_dagrun for example_bash_operator to 2024-08-29 00:00:00+00:00, run_after=2024-08-30 00:00:00+00:00
[2024-08-30T03:38:29.856+0000] {processor.py:208} INFO - Processing /home/airflow/.local/lib/python3.12/site-packages/airflow/example_dags/example_bash_operator.py took 0.067 seconds
[2024-08-30T03:39:00.392+0000] {processor.py:186} INFO - Started process (PID=263) to work on /home/airflow/.local/lib/python3.12/site-packages/airflow/example_dags/example_bash_operator.py
[2024-08-30T03:39:00.393+0000] {processor.py:914} INFO - Processing file /home/airflow/.local/lib/python3.12/site-packages/airflow/example_dags/example_bash_operator.py for tasks to queue
[2024-08-30T03:39:00.395+0000] {logging_mixin.py:190} INFO - [2024-08-30T03:39:00.394+0000] {dagbag.py:587} INFO - Filling up the DagBag from /home/airflow/.local/lib/python3.12/site-packages/airflow/example_dags/example_bash_operator.py
[2024-08-30T03:39:00.404+0000] {processor.py:925} INFO - DAG(s) 'example_bash_operator' retrieved from /home/airflow/.local/lib/python3.12/site-packages/airflow/example_dags/example_bash_operator.py
[2024-08-30T03:39:00.425+0000] {logging_mixin.py:190} INFO - [2024-08-30T03:39:00.424+0000] {dag.py:3211} INFO - Sync 1 DAGs
[2024-08-30T03:39:00.441+0000] {logging_mixin.py:190} INFO - [2024-08-30T03:39:00.441+0000] {dag.py:4138} INFO - Setting next_dagrun for example_bash_operator to 2024-08-29 00:00:00+00:00, run_after=2024-08-30 00:00:00+00:00
[2024-08-30T03:39:00.457+0000] {processor.py:208} INFO - Processing /home/airflow/.local/lib/python3.12/site-packages/airflow/example_dags/example_bash_operator.py took 0.070 seconds
[2024-08-30T03:39:31.159+0000] {processor.py:186} INFO - Started process (PID=326) to work on /home/airflow/.local/lib/python3.12/site-packages/airflow/example_dags/example_bash_operator.py
[2024-08-30T03:39:31.160+0000] {processor.py:914} INFO - Processing file /home/airflow/.local/lib/python3.12/site-packages/airflow/example_dags/example_bash_operator.py for tasks to queue
[2024-08-30T03:39:31.162+0000] {logging_mixin.py:190} INFO - [2024-08-30T03:39:31.162+0000] {dagbag.py:587} INFO - Filling up the DagBag from /home/airflow/.local/lib/python3.12/site-packages/airflow/example_dags/example_bash_operator.py
[2024-08-30T03:39:31.172+0000] {processor.py:925} INFO - DAG(s) 'example_bash_operator' retrieved from /home/airflow/.local/lib/python3.12/site-packages/airflow/example_dags/example_bash_operator.py
[2024-08-30T03:39:31.194+0000] {logging_mixin.py:190} INFO - [2024-08-30T03:39:31.194+0000] {dag.py:3211} INFO - Sync 1 DAGs
[2024-08-30T03:39:31.214+0000] {logging_mixin.py:190} INFO - [2024-08-30T03:39:31.214+0000] {dag.py:4138} INFO - Setting next_dagrun for example_bash_operator to 2024-08-29 00:00:00+00:00, run_after=2024-08-30 00:00:00+00:00
[2024-08-30T03:39:31.233+0000] {processor.py:208} INFO - Processing /home/airflow/.local/lib/python3.12/site-packages/airflow/example_dags/example_bash_operator.py took 0.078 seconds
[2024-08-30T03:40:01.713+0000] {processor.py:186} INFO - Started process (PID=389) to work on /home/airflow/.local/lib/python3.12/site-packages/airflow/example_dags/example_bash_operator.py
[2024-08-30T03:40:01.714+0000] {processor.py:914} INFO - Processing file /home/airflow/.local/lib/python3.12/site-packages/airflow/example_dags/example_bash_operator.py for tasks to queue
[2024-08-30T03:40:01.716+0000] {logging_mixin.py:190} INFO - [2024-08-30T03:40:01.716+0000] {dagbag.py:587} INFO - Filling up the DagBag from /home/airflow/.local/lib/python3.12/site-packages/airflow/example_dags/example_bash_operator.py
[2024-08-30T03:40:01.724+0000] {processor.py:925} INFO - DAG(s) 'example_bash_operator' retrieved from /home/airflow/.local/lib/python3.12/site-packages/airflow/example_dags/example_bash_operator.py
[2024-08-30T03:40:01.743+0000] {logging_mixin.py:190} INFO - [2024-08-30T03:40:01.743+0000] {dag.py:3211} INFO - Sync 1 DAGs
[2024-08-30T03:40:01.758+0000] {logging_mixin.py:190} INFO - [2024-08-30T03:40:01.758+0000] {dag.py:4138} INFO - Setting next_dagrun for example_bash_operator to 2024-08-29 00:00:00+00:00, run_after=2024-08-30 00:00:00+00:00
[2024-08-30T03:40:01.775+0000] {processor.py:208} INFO - Processing /home/airflow/.local/lib/python3.12/site-packages/airflow/example_dags/example_bash_operator.py took 0.065 seconds
[2024-08-30T03:40:32.267+0000] {processor.py:186} INFO - Started process (PID=452) to work on /home/airflow/.local/lib/python3.12/site-packages/airflow/example_dags/example_bash_operator.py
[2024-08-30T03:40:32.268+0000] {processor.py:914} INFO - Processing file /home/airflow/.local/lib/python3.12/site-packages/airflow/example_dags/example_bash_operator.py for tasks to queue
[2024-08-30T03:40:32.270+0000] {logging_mixin.py:190} INFO - [2024-08-30T03:40:32.270+0000] {dagbag.py:587} INFO - Filling up the DagBag from /home/airflow/.local/lib/python3.12/site-packages/airflow/example_dags/example_bash_operator.py
[2024-08-30T03:40:32.280+0000] {processor.py:925} INFO - DAG(s) 'example_bash_operator' retrieved from /home/airflow/.local/lib/python3.12/site-packages/airflow/example_dags/example_bash_operator.py
[2024-08-30T03:40:32.300+0000] {logging_mixin.py:190} INFO - [2024-08-30T03:40:32.300+0000] {dag.py:3211} INFO - Sync 1 DAGs
[2024-08-30T03:40:32.317+0000] {logging_mixin.py:190} INFO - [2024-08-30T03:40:32.317+0000] {dag.py:4138} INFO - Setting next_dagrun for example_bash_operator to 2024-08-29 00:00:00+00:00, run_after=2024-08-30 00:00:00+00:00
[2024-08-30T03:40:32.336+0000] {processor.py:208} INFO - Processing /home/airflow/.local/lib/python3.12/site-packages/airflow/example_dags/example_bash_operator.py took 0.074 seconds
[2024-08-30T03:41:03.297+0000] {processor.py:186} INFO - Started process (PID=521) to work on /home/airflow/.local/lib/python3.12/site-packages/airflow/example_dags/example_bash_operator.py
[2024-08-30T03:41:03.298+0000] {processor.py:914} INFO - Processing file /home/airflow/.local/lib/python3.12/site-packages/airflow/example_dags/example_bash_operator.py for tasks to queue
[2024-08-30T03:41:03.301+0000] {logging_mixin.py:190} INFO - [2024-08-30T03:41:03.300+0000] {dagbag.py:587} INFO - Filling up the DagBag from /home/airflow/.local/lib/python3.12/site-packages/airflow/example_dags/example_bash_operator.py
[2024-08-30T03:41:03.311+0000] {processor.py:925} INFO - DAG(s) 'example_bash_operator' retrieved from /home/airflow/.local/lib/python3.12/site-packages/airflow/example_dags/example_bash_operator.py
[2024-08-30T03:41:03.332+0000] {logging_mixin.py:190} INFO - [2024-08-30T03:41:03.332+0000] {dag.py:3211} INFO - Sync 1 DAGs
[2024-08-30T03:41:03.350+0000] {logging_mixin.py:190} INFO - [2024-08-30T03:41:03.349+0000] {dag.py:4138} INFO - Setting next_dagrun for example_bash_operator to 2024-08-29 00:00:00+00:00, run_after=2024-08-30 00:00:00+00:00
[2024-08-30T03:41:03.367+0000] {processor.py:208} INFO - Processing /home/airflow/.local/lib/python3.12/site-packages/airflow/example_dags/example_bash_operator.py took 0.074 seconds
[2024-08-30T03:41:34.080+0000] {processor.py:186} INFO - Started process (PID=584) to work on /home/airflow/.local/lib/python3.12/site-packages/airflow/example_dags/example_bash_operator.py
[2024-08-30T03:41:34.081+0000] {processor.py:914} INFO - Processing file /home/airflow/.local/lib/python3.12/site-packages/airflow/example_dags/example_bash_operator.py for tasks to queue
[2024-08-30T03:41:34.084+0000] {logging_mixin.py:190} INFO - [2024-08-30T03:41:34.084+0000] {dagbag.py:587} INFO - Filling up the DagBag from /home/airflow/.local/lib/python3.12/site-packages/airflow/example_dags/example_bash_operator.py
[2024-08-30T03:41:34.094+0000] {processor.py:925} INFO - DAG(s) 'example_bash_operator' retrieved from /home/airflow/.local/lib/python3.12/site-packages/airflow/example_dags/example_bash_operator.py
[2024-08-30T03:41:34.115+0000] {logging_mixin.py:190} INFO - [2024-08-30T03:41:34.115+0000] {dag.py:3211} INFO - Sync 1 DAGs
[2024-08-30T03:41:34.133+0000] {logging_mixin.py:190} INFO - [2024-08-30T03:41:34.132+0000] {dag.py:4138} INFO - Setting next_dagrun for example_bash_operator to 2024-08-29 00:00:00+00:00, run_after=2024-08-30 00:00:00+00:00
[2024-08-30T03:41:34.150+0000] {processor.py:208} INFO - Processing /home/airflow/.local/lib/python3.12/site-packages/airflow/example_dags/example_bash_operator.py took 0.074 seconds
[2024-08-30T03:42:05.956+0000] {processor.py:186} INFO - Started process (PID=647) to work on /home/airflow/.local/lib/python3.12/site-packages/airflow/example_dags/example_bash_operator.py
[2024-08-30T03:42:05.958+0000] {processor.py:914} INFO - Processing file /home/airflow/.local/lib/python3.12/site-packages/airflow/example_dags/example_bash_operator.py for tasks to queue
[2024-08-30T03:42:05.960+0000] {logging_mixin.py:190} INFO - [2024-08-30T03:42:05.960+0000] {dagbag.py:587} INFO - Filling up the DagBag from /home/airflow/.local/lib/python3.12/site-packages/airflow/example_dags/example_bash_operator.py
[2024-08-30T03:42:05.969+0000] {processor.py:925} INFO - DAG(s) 'example_bash_operator' retrieved from /home/airflow/.local/lib/python3.12/site-packages/airflow/example_dags/example_bash_operator.py
[2024-08-30T03:42:05.989+0000] {logging_mixin.py:190} INFO - [2024-08-30T03:42:05.989+0000] {dag.py:3211} INFO - Sync 1 DAGs
[2024-08-30T03:42:06.005+0000] {logging_mixin.py:190} INFO - [2024-08-30T03:42:06.004+0000] {dag.py:4138} INFO - Setting next_dagrun for example_bash_operator to 2024-08-29 00:00:00+00:00, run_after=2024-08-30 00:00:00+00:00
[2024-08-30T03:42:06.021+0000] {processor.py:208} INFO - Processing /home/airflow/.local/lib/python3.12/site-packages/airflow/example_dags/example_bash_operator.py took 0.070 seconds
[2024-08-30T03:42:36.172+0000] {processor.py:186} INFO - Started process (PID=710) to work on /home/airflow/.local/lib/python3.12/site-packages/airflow/example_dags/example_bash_operator.py
[2024-08-30T03:42:36.173+0000] {processor.py:914} INFO - Processing file /home/airflow/.local/lib/python3.12/site-packages/airflow/example_dags/example_bash_operator.py for tasks to queue
[2024-08-30T03:42:36.175+0000] {logging_mixin.py:190} INFO - [2024-08-30T03:42:36.175+0000] {dagbag.py:587} INFO - Filling up the DagBag from /home/airflow/.local/lib/python3.12/site-packages/airflow/example_dags/example_bash_operator.py
[2024-08-30T03:42:36.184+0000] {processor.py:925} INFO - DAG(s) 'example_bash_operator' retrieved from /home/airflow/.local/lib/python3.12/site-packages/airflow/example_dags/example_bash_operator.py
[2024-08-30T03:42:36.204+0000] {logging_mixin.py:190} INFO - [2024-08-30T03:42:36.204+0000] {dag.py:3211} INFO - Sync 1 DAGs
[2024-08-30T03:42:36.221+0000] {logging_mixin.py:190} INFO - [2024-08-30T03:42:36.221+0000] {dag.py:4138} INFO - Setting next_dagrun for example_bash_operator to 2024-08-29 00:00:00+00:00, run_after=2024-08-30 00:00:00+00:00
[2024-08-30T03:42:36.236+0000] {processor.py:208} INFO - Processing /home/airflow/.local/lib/python3.12/site-packages/airflow/example_dags/example_bash_operator.py took 0.068 seconds
[2024-08-30T03:43:06.596+0000] {processor.py:186} INFO - Started process (PID=774) to work on /home/airflow/.local/lib/python3.12/site-packages/airflow/example_dags/example_bash_operator.py
[2024-08-30T03:43:06.597+0000] {processor.py:914} INFO - Processing file /home/airflow/.local/lib/python3.12/site-packages/airflow/example_dags/example_bash_operator.py for tasks to queue
[2024-08-30T03:43:06.599+0000] {logging_mixin.py:190} INFO - [2024-08-30T03:43:06.599+0000] {dagbag.py:587} INFO - Filling up the DagBag from /home/airflow/.local/lib/python3.12/site-packages/airflow/example_dags/example_bash_operator.py
[2024-08-30T03:43:06.609+0000] {processor.py:925} INFO - DAG(s) 'example_bash_operator' retrieved from /home/airflow/.local/lib/python3.12/site-packages/airflow/example_dags/example_bash_operator.py
[2024-08-30T03:43:06.630+0000] {logging_mixin.py:190} INFO - [2024-08-30T03:43:06.630+0000] {dag.py:3211} INFO - Sync 1 DAGs
[2024-08-30T03:43:06.647+0000] {logging_mixin.py:190} INFO - [2024-08-30T03:43:06.647+0000] {dag.py:4138} INFO - Setting next_dagrun for example_bash_operator to 2024-08-29 00:00:00+00:00, run_after=2024-08-30 00:00:00+00:00
[2024-08-30T03:43:06.662+0000] {processor.py:208} INFO - Processing /home/airflow/.local/lib/python3.12/site-packages/airflow/example_dags/example_bash_operator.py took 0.071 seconds
[2024-08-30T03:43:37.400+0000] {processor.py:186} INFO - Started process (PID=838) to work on /home/airflow/.local/lib/python3.12/site-packages/airflow/example_dags/example_bash_operator.py
[2024-08-30T03:43:37.401+0000] {processor.py:914} INFO - Processing file /home/airflow/.local/lib/python3.12/site-packages/airflow/example_dags/example_bash_operator.py for tasks to queue
[2024-08-30T03:43:37.402+0000] {logging_mixin.py:190} INFO - [2024-08-30T03:43:37.402+0000] {dagbag.py:587} INFO - Filling up the DagBag from /home/airflow/.local/lib/python3.12/site-packages/airflow/example_dags/example_bash_operator.py
[2024-08-30T03:43:37.411+0000] {processor.py:925} INFO - DAG(s) 'example_bash_operator' retrieved from /home/airflow/.local/lib/python3.12/site-packages/airflow/example_dags/example_bash_operator.py
[2024-08-30T03:43:37.430+0000] {logging_mixin.py:190} INFO - [2024-08-30T03:43:37.430+0000] {dag.py:3211} INFO - Sync 1 DAGs
[2024-08-30T03:43:37.445+0000] {logging_mixin.py:190} INFO - [2024-08-30T03:43:37.445+0000] {dag.py:4138} INFO - Setting next_dagrun for example_bash_operator to 2024-08-29 00:00:00+00:00, run_after=2024-08-30 00:00:00+00:00
[2024-08-30T03:43:37.459+0000] {processor.py:208} INFO - Processing /home/airflow/.local/lib/python3.12/site-packages/airflow/example_dags/example_bash_operator.py took 0.063 seconds
[2024-08-30T03:44:07.525+0000] {processor.py:186} INFO - Started process (PID=901) to work on /home/airflow/.local/lib/python3.12/site-packages/airflow/example_dags/example_bash_operator.py
[2024-08-30T03:44:07.526+0000] {processor.py:914} INFO - Processing file /home/airflow/.local/lib/python3.12/site-packages/airflow/example_dags/example_bash_operator.py for tasks to queue
[2024-08-30T03:44:07.528+0000] {logging_mixin.py:190} INFO - [2024-08-30T03:44:07.528+0000] {dagbag.py:587} INFO - Filling up the DagBag from /home/airflow/.local/lib/python3.12/site-packages/airflow/example_dags/example_bash_operator.py
[2024-08-30T03:44:07.536+0000] {processor.py:925} INFO - DAG(s) 'example_bash_operator' retrieved from /home/airflow/.local/lib/python3.12/site-packages/airflow/example_dags/example_bash_operator.py
[2024-08-30T03:44:07.554+0000] {logging_mixin.py:190} INFO - [2024-08-30T03:44:07.553+0000] {dag.py:3211} INFO - Sync 1 DAGs
[2024-08-30T03:44:07.570+0000] {logging_mixin.py:190} INFO - [2024-08-30T03:44:07.569+0000] {dag.py:4138} INFO - Setting next_dagrun for example_bash_operator to 2024-08-29 00:00:00+00:00, run_after=2024-08-30 00:00:00+00:00
[2024-08-30T03:44:07.585+0000] {processor.py:208} INFO - Processing /home/airflow/.local/lib/python3.12/site-packages/airflow/example_dags/example_bash_operator.py took 0.063 seconds
[2024-08-30T03:44:38.127+0000] {processor.py:186} INFO - Started process (PID=964) to work on /home/airflow/.local/lib/python3.12/site-packages/airflow/example_dags/example_bash_operator.py
[2024-08-30T03:44:38.129+0000] {processor.py:914} INFO - Processing file /home/airflow/.local/lib/python3.12/site-packages/airflow/example_dags/example_bash_operator.py for tasks to queue
[2024-08-30T03:44:38.131+0000] {logging_mixin.py:190} INFO - [2024-08-30T03:44:38.130+0000] {dagbag.py:587} INFO - Filling up the DagBag from /home/airflow/.local/lib/python3.12/site-packages/airflow/example_dags/example_bash_operator.py
[2024-08-30T03:44:38.140+0000] {processor.py:925} INFO - DAG(s) 'example_bash_operator' retrieved from /home/airflow/.local/lib/python3.12/site-packages/airflow/example_dags/example_bash_operator.py
[2024-08-30T03:44:38.159+0000] {logging_mixin.py:190} INFO - [2024-08-30T03:44:38.159+0000] {dag.py:3211} INFO - Sync 1 DAGs
[2024-08-30T03:44:38.175+0000] {logging_mixin.py:190} INFO - [2024-08-30T03:44:38.175+0000] {dag.py:4138} INFO - Setting next_dagrun for example_bash_operator to 2024-08-29 00:00:00+00:00, run_after=2024-08-30 00:00:00+00:00
[2024-08-30T03:44:38.194+0000] {processor.py:208} INFO - Processing /home/airflow/.local/lib/python3.12/site-packages/airflow/example_dags/example_bash_operator.py took 0.071 seconds
[2024-08-30T03:45:08.783+0000] {processor.py:186} INFO - Started process (PID=1027) to work on /home/airflow/.local/lib/python3.12/site-packages/airflow/example_dags/example_bash_operator.py
[2024-08-30T03:45:08.784+0000] {processor.py:914} INFO - Processing file /home/airflow/.local/lib/python3.12/site-packages/airflow/example_dags/example_bash_operator.py for tasks to queue
[2024-08-30T03:45:08.786+0000] {logging_mixin.py:190} INFO - [2024-08-30T03:45:08.786+0000] {dagbag.py:587} INFO - Filling up the DagBag from /home/airflow/.local/lib/python3.12/site-packages/airflow/example_dags/example_bash_operator.py
[2024-08-30T03:45:08.796+0000] {processor.py:925} INFO - DAG(s) 'example_bash_operator' retrieved from /home/airflow/.local/lib/python3.12/site-packages/airflow/example_dags/example_bash_operator.py
[2024-08-30T03:45:08.814+0000] {logging_mixin.py:190} INFO - [2024-08-30T03:45:08.813+0000] {dag.py:3211} INFO - Sync 1 DAGs
[2024-08-30T03:45:08.828+0000] {logging_mixin.py:190} INFO - [2024-08-30T03:45:08.828+0000] {dag.py:4138} INFO - Setting next_dagrun for example_bash_operator to 2024-08-29 00:00:00+00:00, run_after=2024-08-30 00:00:00+00:00
[2024-08-30T03:45:08.843+0000] {processor.py:208} INFO - Processing /home/airflow/.local/lib/python3.12/site-packages/airflow/example_dags/example_bash_operator.py took 0.064 seconds
[2024-08-30T03:46:13.549+0000] {processor.py:186} INFO - Started process (PID=68) to work on /home/airflow/.local/lib/python3.12/site-packages/airflow/example_dags/example_bash_operator.py
[2024-08-30T03:46:13.550+0000] {processor.py:914} INFO - Processing file /home/airflow/.local/lib/python3.12/site-packages/airflow/example_dags/example_bash_operator.py for tasks to queue
[2024-08-30T03:46:13.552+0000] {logging_mixin.py:190} INFO - [2024-08-30T03:46:13.552+0000] {dagbag.py:587} INFO - Filling up the DagBag from /home/airflow/.local/lib/python3.12/site-packages/airflow/example_dags/example_bash_operator.py
[2024-08-30T03:46:13.562+0000] {processor.py:925} INFO - DAG(s) 'example_bash_operator' retrieved from /home/airflow/.local/lib/python3.12/site-packages/airflow/example_dags/example_bash_operator.py
[2024-08-30T03:46:13.584+0000] {logging_mixin.py:190} INFO - [2024-08-30T03:46:13.584+0000] {dag.py:3211} INFO - Sync 1 DAGs
[2024-08-30T03:46:13.600+0000] {logging_mixin.py:190} INFO - [2024-08-30T03:46:13.599+0000] {dag.py:4138} INFO - Setting next_dagrun for example_bash_operator to 2024-08-29 00:00:00+00:00, run_after=2024-08-30 00:00:00+00:00
[2024-08-30T03:46:13.615+0000] {processor.py:208} INFO - Processing /home/airflow/.local/lib/python3.12/site-packages/airflow/example_dags/example_bash_operator.py took 0.069 seconds
[2024-08-30T03:46:44.222+0000] {processor.py:186} INFO - Started process (PID=131) to work on /home/airflow/.local/lib/python3.12/site-packages/airflow/example_dags/example_bash_operator.py
[2024-08-30T03:46:44.223+0000] {processor.py:914} INFO - Processing file /home/airflow/.local/lib/python3.12/site-packages/airflow/example_dags/example_bash_operator.py for tasks to queue
[2024-08-30T03:46:44.225+0000] {logging_mixin.py:190} INFO - [2024-08-30T03:46:44.224+0000] {dagbag.py:587} INFO - Filling up the DagBag from /home/airflow/.local/lib/python3.12/site-packages/airflow/example_dags/example_bash_operator.py
[2024-08-30T03:46:44.234+0000] {processor.py:925} INFO - DAG(s) 'example_bash_operator' retrieved from /home/airflow/.local/lib/python3.12/site-packages/airflow/example_dags/example_bash_operator.py
[2024-08-30T03:46:44.255+0000] {logging_mixin.py:190} INFO - [2024-08-30T03:46:44.255+0000] {dag.py:3211} INFO - Sync 1 DAGs
[2024-08-30T03:46:44.271+0000] {logging_mixin.py:190} INFO - [2024-08-30T03:46:44.271+0000] {dag.py:4138} INFO - Setting next_dagrun for example_bash_operator to 2024-08-29 00:00:00+00:00, run_after=2024-08-30 00:00:00+00:00
[2024-08-30T03:46:44.287+0000] {processor.py:208} INFO - Processing /home/airflow/.local/lib/python3.12/site-packages/airflow/example_dags/example_bash_operator.py took 0.069 seconds
[2024-08-30T03:47:14.812+0000] {processor.py:186} INFO - Started process (PID=194) to work on /home/airflow/.local/lib/python3.12/site-packages/airflow/example_dags/example_bash_operator.py
[2024-08-30T03:47:14.815+0000] {processor.py:914} INFO - Processing file /home/airflow/.local/lib/python3.12/site-packages/airflow/example_dags/example_bash_operator.py for tasks to queue
[2024-08-30T03:47:14.817+0000] {logging_mixin.py:190} INFO - [2024-08-30T03:47:14.817+0000] {dagbag.py:587} INFO - Filling up the DagBag from /home/airflow/.local/lib/python3.12/site-packages/airflow/example_dags/example_bash_operator.py
[2024-08-30T03:47:14.826+0000] {processor.py:925} INFO - DAG(s) 'example_bash_operator' retrieved from /home/airflow/.local/lib/python3.12/site-packages/airflow/example_dags/example_bash_operator.py
[2024-08-30T03:47:14.845+0000] {logging_mixin.py:190} INFO - [2024-08-30T03:47:14.845+0000] {dag.py:3211} INFO - Sync 1 DAGs
[2024-08-30T03:47:14.861+0000] {logging_mixin.py:190} INFO - [2024-08-30T03:47:14.861+0000] {dag.py:4138} INFO - Setting next_dagrun for example_bash_operator to 2024-08-29 00:00:00+00:00, run_after=2024-08-30 00:00:00+00:00
[2024-08-30T03:47:14.877+0000] {processor.py:208} INFO - Processing /home/airflow/.local/lib/python3.12/site-packages/airflow/example_dags/example_bash_operator.py took 0.069 seconds
[2024-08-30T03:47:45.684+0000] {processor.py:186} INFO - Started process (PID=257) to work on /home/airflow/.local/lib/python3.12/site-packages/airflow/example_dags/example_bash_operator.py
[2024-08-30T03:47:45.685+0000] {processor.py:914} INFO - Processing file /home/airflow/.local/lib/python3.12/site-packages/airflow/example_dags/example_bash_operator.py for tasks to queue
[2024-08-30T03:47:45.687+0000] {logging_mixin.py:190} INFO - [2024-08-30T03:47:45.687+0000] {dagbag.py:587} INFO - Filling up the DagBag from /home/airflow/.local/lib/python3.12/site-packages/airflow/example_dags/example_bash_operator.py
[2024-08-30T03:47:45.697+0000] {processor.py:925} INFO - DAG(s) 'example_bash_operator' retrieved from /home/airflow/.local/lib/python3.12/site-packages/airflow/example_dags/example_bash_operator.py
[2024-08-30T03:47:45.718+0000] {logging_mixin.py:190} INFO - [2024-08-30T03:47:45.718+0000] {dag.py:3211} INFO - Sync 1 DAGs
[2024-08-30T03:47:45.739+0000] {logging_mixin.py:190} INFO - [2024-08-30T03:47:45.739+0000] {dag.py:4138} INFO - Setting next_dagrun for example_bash_operator to 2024-08-29 00:00:00+00:00, run_after=2024-08-30 00:00:00+00:00
[2024-08-30T03:47:45.757+0000] {processor.py:208} INFO - Processing /home/airflow/.local/lib/python3.12/site-packages/airflow/example_dags/example_bash_operator.py took 0.077 seconds
[2024-08-30T03:48:16.162+0000] {processor.py:186} INFO - Started process (PID=320) to work on /home/airflow/.local/lib/python3.12/site-packages/airflow/example_dags/example_bash_operator.py
[2024-08-30T03:48:16.163+0000] {processor.py:914} INFO - Processing file /home/airflow/.local/lib/python3.12/site-packages/airflow/example_dags/example_bash_operator.py for tasks to queue
[2024-08-30T03:48:16.164+0000] {logging_mixin.py:190} INFO - [2024-08-30T03:48:16.164+0000] {dagbag.py:587} INFO - Filling up the DagBag from /home/airflow/.local/lib/python3.12/site-packages/airflow/example_dags/example_bash_operator.py
[2024-08-30T03:48:16.173+0000] {processor.py:925} INFO - DAG(s) 'example_bash_operator' retrieved from /home/airflow/.local/lib/python3.12/site-packages/airflow/example_dags/example_bash_operator.py
[2024-08-30T03:48:16.190+0000] {logging_mixin.py:190} INFO - [2024-08-30T03:48:16.190+0000] {dag.py:3211} INFO - Sync 1 DAGs
[2024-08-30T03:48:16.205+0000] {logging_mixin.py:190} INFO - [2024-08-30T03:48:16.205+0000] {dag.py:4138} INFO - Setting next_dagrun for example_bash_operator to 2024-08-29 00:00:00+00:00, run_after=2024-08-30 00:00:00+00:00
[2024-08-30T03:48:16.227+0000] {processor.py:208} INFO - Processing /home/airflow/.local/lib/python3.12/site-packages/airflow/example_dags/example_bash_operator.py took 0.069 seconds
[2024-08-30T03:48:46.810+0000] {processor.py:186} INFO - Started process (PID=387) to work on /home/airflow/.local/lib/python3.12/site-packages/airflow/example_dags/example_bash_operator.py
[2024-08-30T03:48:46.812+0000] {processor.py:914} INFO - Processing file /home/airflow/.local/lib/python3.12/site-packages/airflow/example_dags/example_bash_operator.py for tasks to queue
[2024-08-30T03:48:46.814+0000] {logging_mixin.py:190} INFO - [2024-08-30T03:48:46.814+0000] {dagbag.py:587} INFO - Filling up the DagBag from /home/airflow/.local/lib/python3.12/site-packages/airflow/example_dags/example_bash_operator.py
[2024-08-30T03:48:46.824+0000] {processor.py:925} INFO - DAG(s) 'example_bash_operator' retrieved from /home/airflow/.local/lib/python3.12/site-packages/airflow/example_dags/example_bash_operator.py
[2024-08-30T03:48:46.846+0000] {logging_mixin.py:190} INFO - [2024-08-30T03:48:46.845+0000] {dag.py:3211} INFO - Sync 1 DAGs
[2024-08-30T03:48:46.864+0000] {logging_mixin.py:190} INFO - [2024-08-30T03:48:46.864+0000] {dag.py:4138} INFO - Setting next_dagrun for example_bash_operator to 2024-08-29 00:00:00+00:00, run_after=2024-08-30 00:00:00+00:00
[2024-08-30T03:48:46.881+0000] {processor.py:208} INFO - Processing /home/airflow/.local/lib/python3.12/site-packages/airflow/example_dags/example_bash_operator.py took 0.076 seconds
[2024-08-30T03:49:17.536+0000] {processor.py:186} INFO - Started process (PID=456) to work on /home/airflow/.local/lib/python3.12/site-packages/airflow/example_dags/example_bash_operator.py
[2024-08-30T03:49:17.537+0000] {processor.py:914} INFO - Processing file /home/airflow/.local/lib/python3.12/site-packages/airflow/example_dags/example_bash_operator.py for tasks to queue
[2024-08-30T03:49:17.539+0000] {logging_mixin.py:190} INFO - [2024-08-30T03:49:17.538+0000] {dagbag.py:587} INFO - Filling up the DagBag from /home/airflow/.local/lib/python3.12/site-packages/airflow/example_dags/example_bash_operator.py
[2024-08-30T03:49:17.548+0000] {processor.py:925} INFO - DAG(s) 'example_bash_operator' retrieved from /home/airflow/.local/lib/python3.12/site-packages/airflow/example_dags/example_bash_operator.py
[2024-08-30T03:49:17.566+0000] {logging_mixin.py:190} INFO - [2024-08-30T03:49:17.566+0000] {dag.py:3211} INFO - Sync 1 DAGs
[2024-08-30T03:49:17.582+0000] {logging_mixin.py:190} INFO - [2024-08-30T03:49:17.582+0000] {dag.py:4138} INFO - Setting next_dagrun for example_bash_operator to 2024-08-29 00:00:00+00:00, run_after=2024-08-30 00:00:00+00:00
[2024-08-30T03:49:17.597+0000] {processor.py:208} INFO - Processing /home/airflow/.local/lib/python3.12/site-packages/airflow/example_dags/example_bash_operator.py took 0.065 seconds
[2024-08-30T03:49:48.276+0000] {processor.py:186} INFO - Started process (PID=519) to work on /home/airflow/.local/lib/python3.12/site-packages/airflow/example_dags/example_bash_operator.py
[2024-08-30T03:49:48.277+0000] {processor.py:914} INFO - Processing file /home/airflow/.local/lib/python3.12/site-packages/airflow/example_dags/example_bash_operator.py for tasks to queue
[2024-08-30T03:49:48.279+0000] {logging_mixin.py:190} INFO - [2024-08-30T03:49:48.279+0000] {dagbag.py:587} INFO - Filling up the DagBag from /home/airflow/.local/lib/python3.12/site-packages/airflow/example_dags/example_bash_operator.py
[2024-08-30T03:49:48.289+0000] {processor.py:925} INFO - DAG(s) 'example_bash_operator' retrieved from /home/airflow/.local/lib/python3.12/site-packages/airflow/example_dags/example_bash_operator.py
[2024-08-30T03:49:48.308+0000] {logging_mixin.py:190} INFO - [2024-08-30T03:49:48.308+0000] {dag.py:3211} INFO - Sync 1 DAGs
[2024-08-30T03:49:48.326+0000] {logging_mixin.py:190} INFO - [2024-08-30T03:49:48.325+0000] {dag.py:4138} INFO - Setting next_dagrun for example_bash_operator to 2024-08-29 00:00:00+00:00, run_after=2024-08-30 00:00:00+00:00
[2024-08-30T03:49:48.345+0000] {processor.py:208} INFO - Processing /home/airflow/.local/lib/python3.12/site-packages/airflow/example_dags/example_bash_operator.py took 0.074 seconds
[2024-08-30T03:50:18.494+0000] {processor.py:186} INFO - Started process (PID=582) to work on /home/airflow/.local/lib/python3.12/site-packages/airflow/example_dags/example_bash_operator.py
[2024-08-30T03:50:18.495+0000] {processor.py:914} INFO - Processing file /home/airflow/.local/lib/python3.12/site-packages/airflow/example_dags/example_bash_operator.py for tasks to queue
[2024-08-30T03:50:18.497+0000] {logging_mixin.py:190} INFO - [2024-08-30T03:50:18.496+0000] {dagbag.py:587} INFO - Filling up the DagBag from /home/airflow/.local/lib/python3.12/site-packages/airflow/example_dags/example_bash_operator.py
[2024-08-30T03:50:18.505+0000] {processor.py:925} INFO - DAG(s) 'example_bash_operator' retrieved from /home/airflow/.local/lib/python3.12/site-packages/airflow/example_dags/example_bash_operator.py
[2024-08-30T03:50:18.525+0000] {logging_mixin.py:190} INFO - [2024-08-30T03:50:18.524+0000] {dag.py:3211} INFO - Sync 1 DAGs
[2024-08-30T03:50:18.544+0000] {logging_mixin.py:190} INFO - [2024-08-30T03:50:18.543+0000] {dag.py:4138} INFO - Setting next_dagrun for example_bash_operator to 2024-08-29 00:00:00+00:00, run_after=2024-08-30 00:00:00+00:00
[2024-08-30T03:50:18.559+0000] {processor.py:208} INFO - Processing /home/airflow/.local/lib/python3.12/site-packages/airflow/example_dags/example_bash_operator.py took 0.069 seconds
[2024-08-30T03:50:49.206+0000] {processor.py:186} INFO - Started process (PID=645) to work on /home/airflow/.local/lib/python3.12/site-packages/airflow/example_dags/example_bash_operator.py
[2024-08-30T03:50:49.207+0000] {processor.py:914} INFO - Processing file /home/airflow/.local/lib/python3.12/site-packages/airflow/example_dags/example_bash_operator.py for tasks to queue
[2024-08-30T03:50:49.209+0000] {logging_mixin.py:190} INFO - [2024-08-30T03:50:49.209+0000] {dagbag.py:587} INFO - Filling up the DagBag from /home/airflow/.local/lib/python3.12/site-packages/airflow/example_dags/example_bash_operator.py
[2024-08-30T03:50:49.218+0000] {processor.py:925} INFO - DAG(s) 'example_bash_operator' retrieved from /home/airflow/.local/lib/python3.12/site-packages/airflow/example_dags/example_bash_operator.py
[2024-08-30T03:50:49.238+0000] {logging_mixin.py:190} INFO - [2024-08-30T03:50:49.238+0000] {dag.py:3211} INFO - Sync 1 DAGs
[2024-08-30T03:50:49.255+0000] {logging_mixin.py:190} INFO - [2024-08-30T03:50:49.255+0000] {dag.py:4138} INFO - Setting next_dagrun for example_bash_operator to 2024-08-29 00:00:00+00:00, run_after=2024-08-30 00:00:00+00:00
[2024-08-30T03:50:49.273+0000] {processor.py:208} INFO - Processing /home/airflow/.local/lib/python3.12/site-packages/airflow/example_dags/example_bash_operator.py took 0.071 seconds
[2024-08-30T03:51:19.363+0000] {processor.py:186} INFO - Started process (PID=708) to work on /home/airflow/.local/lib/python3.12/site-packages/airflow/example_dags/example_bash_operator.py
[2024-08-30T03:51:19.364+0000] {processor.py:914} INFO - Processing file /home/airflow/.local/lib/python3.12/site-packages/airflow/example_dags/example_bash_operator.py for tasks to queue
[2024-08-30T03:51:19.366+0000] {logging_mixin.py:190} INFO - [2024-08-30T03:51:19.365+0000] {dagbag.py:587} INFO - Filling up the DagBag from /home/airflow/.local/lib/python3.12/site-packages/airflow/example_dags/example_bash_operator.py
[2024-08-30T03:51:19.375+0000] {processor.py:925} INFO - DAG(s) 'example_bash_operator' retrieved from /home/airflow/.local/lib/python3.12/site-packages/airflow/example_dags/example_bash_operator.py
[2024-08-30T03:51:19.395+0000] {logging_mixin.py:190} INFO - [2024-08-30T03:51:19.395+0000] {dag.py:3211} INFO - Sync 1 DAGs
[2024-08-30T03:51:19.413+0000] {logging_mixin.py:190} INFO - [2024-08-30T03:51:19.413+0000] {dag.py:4138} INFO - Setting next_dagrun for example_bash_operator to 2024-08-29 00:00:00+00:00, run_after=2024-08-30 00:00:00+00:00
[2024-08-30T03:51:19.428+0000] {processor.py:208} INFO - Processing /home/airflow/.local/lib/python3.12/site-packages/airflow/example_dags/example_bash_operator.py took 0.068 seconds
[2024-08-30T03:51:49.982+0000] {processor.py:186} INFO - Started process (PID=771) to work on /home/airflow/.local/lib/python3.12/site-packages/airflow/example_dags/example_bash_operator.py
[2024-08-30T03:51:49.983+0000] {processor.py:914} INFO - Processing file /home/airflow/.local/lib/python3.12/site-packages/airflow/example_dags/example_bash_operator.py for tasks to queue
[2024-08-30T03:51:49.985+0000] {logging_mixin.py:190} INFO - [2024-08-30T03:51:49.985+0000] {dagbag.py:587} INFO - Filling up the DagBag from /home/airflow/.local/lib/python3.12/site-packages/airflow/example_dags/example_bash_operator.py
[2024-08-30T03:51:49.994+0000] {processor.py:925} INFO - DAG(s) 'example_bash_operator' retrieved from /home/airflow/.local/lib/python3.12/site-packages/airflow/example_dags/example_bash_operator.py
[2024-08-30T03:51:50.015+0000] {logging_mixin.py:190} INFO - [2024-08-30T03:51:50.014+0000] {dag.py:3211} INFO - Sync 1 DAGs
[2024-08-30T03:51:50.030+0000] {logging_mixin.py:190} INFO - [2024-08-30T03:51:50.030+0000] {dag.py:4138} INFO - Setting next_dagrun for example_bash_operator to 2024-08-29 00:00:00+00:00, run_after=2024-08-30 00:00:00+00:00
[2024-08-30T03:51:50.048+0000] {processor.py:208} INFO - Processing /home/airflow/.local/lib/python3.12/site-packages/airflow/example_dags/example_bash_operator.py took 0.071 seconds
[2024-08-30T03:52:20.405+0000] {processor.py:186} INFO - Started process (PID=834) to work on /home/airflow/.local/lib/python3.12/site-packages/airflow/example_dags/example_bash_operator.py
[2024-08-30T03:52:20.406+0000] {processor.py:914} INFO - Processing file /home/airflow/.local/lib/python3.12/site-packages/airflow/example_dags/example_bash_operator.py for tasks to queue
[2024-08-30T03:52:20.408+0000] {logging_mixin.py:190} INFO - [2024-08-30T03:52:20.408+0000] {dagbag.py:587} INFO - Filling up the DagBag from /home/airflow/.local/lib/python3.12/site-packages/airflow/example_dags/example_bash_operator.py
[2024-08-30T03:52:20.418+0000] {processor.py:925} INFO - DAG(s) 'example_bash_operator' retrieved from /home/airflow/.local/lib/python3.12/site-packages/airflow/example_dags/example_bash_operator.py
[2024-08-30T03:52:20.439+0000] {logging_mixin.py:190} INFO - [2024-08-30T03:52:20.439+0000] {dag.py:3211} INFO - Sync 1 DAGs
[2024-08-30T03:52:20.459+0000] {logging_mixin.py:190} INFO - [2024-08-30T03:52:20.458+0000] {dag.py:4138} INFO - Setting next_dagrun for example_bash_operator to 2024-08-29 00:00:00+00:00, run_after=2024-08-30 00:00:00+00:00
[2024-08-30T03:52:20.475+0000] {processor.py:208} INFO - Processing /home/airflow/.local/lib/python3.12/site-packages/airflow/example_dags/example_bash_operator.py took 0.074 seconds
[2024-08-30T03:52:51.241+0000] {processor.py:186} INFO - Started process (PID=897) to work on /home/airflow/.local/lib/python3.12/site-packages/airflow/example_dags/example_bash_operator.py
[2024-08-30T03:52:51.242+0000] {processor.py:914} INFO - Processing file /home/airflow/.local/lib/python3.12/site-packages/airflow/example_dags/example_bash_operator.py for tasks to queue
[2024-08-30T03:52:51.244+0000] {logging_mixin.py:190} INFO - [2024-08-30T03:52:51.244+0000] {dagbag.py:587} INFO - Filling up the DagBag from /home/airflow/.local/lib/python3.12/site-packages/airflow/example_dags/example_bash_operator.py
[2024-08-30T03:52:51.254+0000] {processor.py:925} INFO - DAG(s) 'example_bash_operator' retrieved from /home/airflow/.local/lib/python3.12/site-packages/airflow/example_dags/example_bash_operator.py
[2024-08-30T03:52:51.273+0000] {logging_mixin.py:190} INFO - [2024-08-30T03:52:51.273+0000] {dag.py:3211} INFO - Sync 1 DAGs
[2024-08-30T03:52:51.291+0000] {logging_mixin.py:190} INFO - [2024-08-30T03:52:51.291+0000] {dag.py:4138} INFO - Setting next_dagrun for example_bash_operator to 2024-08-29 00:00:00+00:00, run_after=2024-08-30 00:00:00+00:00
[2024-08-30T03:52:51.307+0000] {processor.py:208} INFO - Processing /home/airflow/.local/lib/python3.12/site-packages/airflow/example_dags/example_bash_operator.py took 0.070 seconds
[2024-08-30T03:53:21.934+0000] {processor.py:186} INFO - Started process (PID=960) to work on /home/airflow/.local/lib/python3.12/site-packages/airflow/example_dags/example_bash_operator.py
[2024-08-30T03:53:21.935+0000] {processor.py:914} INFO - Processing file /home/airflow/.local/lib/python3.12/site-packages/airflow/example_dags/example_bash_operator.py for tasks to queue
[2024-08-30T03:53:21.937+0000] {logging_mixin.py:190} INFO - [2024-08-30T03:53:21.936+0000] {dagbag.py:587} INFO - Filling up the DagBag from /home/airflow/.local/lib/python3.12/site-packages/airflow/example_dags/example_bash_operator.py
[2024-08-30T03:53:21.948+0000] {processor.py:925} INFO - DAG(s) 'example_bash_operator' retrieved from /home/airflow/.local/lib/python3.12/site-packages/airflow/example_dags/example_bash_operator.py
[2024-08-30T03:53:21.968+0000] {logging_mixin.py:190} INFO - [2024-08-30T03:53:21.968+0000] {dag.py:3211} INFO - Sync 1 DAGs
[2024-08-30T03:53:21.984+0000] {logging_mixin.py:190} INFO - [2024-08-30T03:53:21.984+0000] {dag.py:4138} INFO - Setting next_dagrun for example_bash_operator to 2024-08-29 00:00:00+00:00, run_after=2024-08-30 00:00:00+00:00
[2024-08-30T03:53:22.001+0000] {processor.py:208} INFO - Processing /home/airflow/.local/lib/python3.12/site-packages/airflow/example_dags/example_bash_operator.py took 0.073 seconds
[2024-08-30T03:53:52.072+0000] {processor.py:186} INFO - Started process (PID=1022) to work on /home/airflow/.local/lib/python3.12/site-packages/airflow/example_dags/example_bash_operator.py
[2024-08-30T03:53:52.073+0000] {processor.py:914} INFO - Processing file /home/airflow/.local/lib/python3.12/site-packages/airflow/example_dags/example_bash_operator.py for tasks to queue
[2024-08-30T03:53:52.074+0000] {logging_mixin.py:190} INFO - [2024-08-30T03:53:52.074+0000] {dagbag.py:587} INFO - Filling up the DagBag from /home/airflow/.local/lib/python3.12/site-packages/airflow/example_dags/example_bash_operator.py
[2024-08-30T03:53:52.084+0000] {processor.py:925} INFO - DAG(s) 'example_bash_operator' retrieved from /home/airflow/.local/lib/python3.12/site-packages/airflow/example_dags/example_bash_operator.py
[2024-08-30T03:53:52.103+0000] {logging_mixin.py:190} INFO - [2024-08-30T03:53:52.103+0000] {dag.py:3211} INFO - Sync 1 DAGs
[2024-08-30T03:53:52.122+0000] {logging_mixin.py:190} INFO - [2024-08-30T03:53:52.121+0000] {dag.py:4138} INFO - Setting next_dagrun for example_bash_operator to 2024-08-29 00:00:00+00:00, run_after=2024-08-30 00:00:00+00:00
[2024-08-30T03:53:52.141+0000] {processor.py:208} INFO - Processing /home/airflow/.local/lib/python3.12/site-packages/airflow/example_dags/example_bash_operator.py took 0.073 seconds
[2024-08-30T03:54:22.768+0000] {processor.py:186} INFO - Started process (PID=1085) to work on /home/airflow/.local/lib/python3.12/site-packages/airflow/example_dags/example_bash_operator.py
[2024-08-30T03:54:22.769+0000] {processor.py:914} INFO - Processing file /home/airflow/.local/lib/python3.12/site-packages/airflow/example_dags/example_bash_operator.py for tasks to queue
[2024-08-30T03:54:22.770+0000] {logging_mixin.py:190} INFO - [2024-08-30T03:54:22.770+0000] {dagbag.py:587} INFO - Filling up the DagBag from /home/airflow/.local/lib/python3.12/site-packages/airflow/example_dags/example_bash_operator.py
[2024-08-30T03:54:22.780+0000] {processor.py:925} INFO - DAG(s) 'example_bash_operator' retrieved from /home/airflow/.local/lib/python3.12/site-packages/airflow/example_dags/example_bash_operator.py
[2024-08-30T03:54:22.798+0000] {logging_mixin.py:190} INFO - [2024-08-30T03:54:22.797+0000] {dag.py:3211} INFO - Sync 1 DAGs
[2024-08-30T03:54:22.813+0000] {logging_mixin.py:190} INFO - [2024-08-30T03:54:22.813+0000] {dag.py:4138} INFO - Setting next_dagrun for example_bash_operator to 2024-08-29 00:00:00+00:00, run_after=2024-08-30 00:00:00+00:00
[2024-08-30T03:54:22.834+0000] {processor.py:208} INFO - Processing /home/airflow/.local/lib/python3.12/site-packages/airflow/example_dags/example_bash_operator.py took 0.070 seconds
