[2024-08-30T03:30:07.315+0000] {processor.py:186} INFO - Started process (PID=110) to work on /home/airflow/.local/lib/python3.12/site-packages/airflow/example_dags/example_outlet_event_extra.py
[2024-08-30T03:30:07.317+0000] {processor.py:914} INFO - Processing file /home/airflow/.local/lib/python3.12/site-packages/airflow/example_dags/example_outlet_event_extra.py for tasks to queue
[2024-08-30T03:30:07.320+0000] {logging_mixin.py:190} INFO - [2024-08-30T03:30:07.319+0000] {dagbag.py:587} INFO - Filling up the DagBag from /home/airflow/.local/lib/python3.12/site-packages/airflow/example_dags/example_outlet_event_extra.py
[2024-08-30T03:30:07.430+0000] {processor.py:925} INFO - DAG(s) 'dataset_with_extra_from_classic_operator', 'dataset_with_extra_by_context', 'dataset_with_extra_by_yield' retrieved from /home/airflow/.local/lib/python3.12/site-packages/airflow/example_dags/example_outlet_event_extra.py
[2024-08-30T03:30:07.450+0000] {logging_mixin.py:190} INFO - [2024-08-30T03:30:07.450+0000] {dag.py:3211} INFO - Sync 3 DAGs
[2024-08-30T03:30:07.466+0000] {logging_mixin.py:190} INFO - [2024-08-30T03:30:07.466+0000] {dag.py:4138} INFO - Setting next_dagrun for dataset_with_extra_by_context to 2024-08-29 00:00:00+00:00, run_after=2024-08-30 00:00:00+00:00
[2024-08-30T03:30:07.470+0000] {logging_mixin.py:190} INFO - [2024-08-30T03:30:07.470+0000] {dag.py:4138} INFO - Setting next_dagrun for dataset_with_extra_by_yield to 2024-08-29 00:00:00+00:00, run_after=2024-08-30 00:00:00+00:00
[2024-08-30T03:30:07.472+0000] {logging_mixin.py:190} INFO - [2024-08-30T03:30:07.472+0000] {dag.py:4138} INFO - Setting next_dagrun for dataset_with_extra_from_classic_operator to 2024-08-29 00:00:00+00:00, run_after=2024-08-30 00:00:00+00:00
[2024-08-30T03:30:07.491+0000] {processor.py:208} INFO - Processing /home/airflow/.local/lib/python3.12/site-packages/airflow/example_dags/example_outlet_event_extra.py took 0.182 seconds
[2024-08-30T03:30:37.939+0000] {processor.py:186} INFO - Started process (PID=173) to work on /home/airflow/.local/lib/python3.12/site-packages/airflow/example_dags/example_outlet_event_extra.py
[2024-08-30T03:30:37.940+0000] {processor.py:914} INFO - Processing file /home/airflow/.local/lib/python3.12/site-packages/airflow/example_dags/example_outlet_event_extra.py for tasks to queue
[2024-08-30T03:30:37.942+0000] {logging_mixin.py:190} INFO - [2024-08-30T03:30:37.942+0000] {dagbag.py:587} INFO - Filling up the DagBag from /home/airflow/.local/lib/python3.12/site-packages/airflow/example_dags/example_outlet_event_extra.py
[2024-08-30T03:30:38.060+0000] {processor.py:925} INFO - DAG(s) 'dataset_with_extra_by_context', 'dataset_with_extra_from_classic_operator', 'dataset_with_extra_by_yield' retrieved from /home/airflow/.local/lib/python3.12/site-packages/airflow/example_dags/example_outlet_event_extra.py
[2024-08-30T03:30:38.080+0000] {logging_mixin.py:190} INFO - [2024-08-30T03:30:38.080+0000] {dag.py:3211} INFO - Sync 3 DAGs
[2024-08-30T03:30:38.099+0000] {logging_mixin.py:190} INFO - [2024-08-30T03:30:38.099+0000] {dag.py:4138} INFO - Setting next_dagrun for dataset_with_extra_by_context to 2024-08-29 00:00:00+00:00, run_after=2024-08-30 00:00:00+00:00
[2024-08-30T03:30:38.103+0000] {logging_mixin.py:190} INFO - [2024-08-30T03:30:38.103+0000] {dag.py:4138} INFO - Setting next_dagrun for dataset_with_extra_by_yield to 2024-08-29 00:00:00+00:00, run_after=2024-08-30 00:00:00+00:00
[2024-08-30T03:30:38.106+0000] {logging_mixin.py:190} INFO - [2024-08-30T03:30:38.105+0000] {dag.py:4138} INFO - Setting next_dagrun for dataset_with_extra_from_classic_operator to 2024-08-29 00:00:00+00:00, run_after=2024-08-30 00:00:00+00:00
[2024-08-30T03:30:38.125+0000] {processor.py:208} INFO - Processing /home/airflow/.local/lib/python3.12/site-packages/airflow/example_dags/example_outlet_event_extra.py took 0.191 seconds
[2024-08-30T03:31:09.538+0000] {processor.py:186} INFO - Started process (PID=236) to work on /home/airflow/.local/lib/python3.12/site-packages/airflow/example_dags/example_outlet_event_extra.py
[2024-08-30T03:31:09.539+0000] {processor.py:914} INFO - Processing file /home/airflow/.local/lib/python3.12/site-packages/airflow/example_dags/example_outlet_event_extra.py for tasks to queue
[2024-08-30T03:31:09.541+0000] {logging_mixin.py:190} INFO - [2024-08-30T03:31:09.541+0000] {dagbag.py:587} INFO - Filling up the DagBag from /home/airflow/.local/lib/python3.12/site-packages/airflow/example_dags/example_outlet_event_extra.py
[2024-08-30T03:31:09.635+0000] {processor.py:925} INFO - DAG(s) 'dataset_with_extra_from_classic_operator', 'dataset_with_extra_by_context', 'dataset_with_extra_by_yield' retrieved from /home/airflow/.local/lib/python3.12/site-packages/airflow/example_dags/example_outlet_event_extra.py
[2024-08-30T03:31:09.657+0000] {logging_mixin.py:190} INFO - [2024-08-30T03:31:09.656+0000] {dag.py:3211} INFO - Sync 3 DAGs
[2024-08-30T03:31:09.674+0000] {logging_mixin.py:190} INFO - [2024-08-30T03:31:09.674+0000] {dag.py:4138} INFO - Setting next_dagrun for dataset_with_extra_by_context to 2024-08-29 00:00:00+00:00, run_after=2024-08-30 00:00:00+00:00
[2024-08-30T03:31:09.678+0000] {logging_mixin.py:190} INFO - [2024-08-30T03:31:09.678+0000] {dag.py:4138} INFO - Setting next_dagrun for dataset_with_extra_by_yield to 2024-08-29 00:00:00+00:00, run_after=2024-08-30 00:00:00+00:00
[2024-08-30T03:31:09.680+0000] {logging_mixin.py:190} INFO - [2024-08-30T03:31:09.680+0000] {dag.py:4138} INFO - Setting next_dagrun for dataset_with_extra_from_classic_operator to 2024-08-29 00:00:00+00:00, run_after=2024-08-30 00:00:00+00:00
[2024-08-30T03:31:09.699+0000] {processor.py:208} INFO - Processing /home/airflow/.local/lib/python3.12/site-packages/airflow/example_dags/example_outlet_event_extra.py took 0.165 seconds
[2024-08-30T03:31:40.252+0000] {processor.py:186} INFO - Started process (PID=299) to work on /home/airflow/.local/lib/python3.12/site-packages/airflow/example_dags/example_outlet_event_extra.py
[2024-08-30T03:31:40.260+0000] {processor.py:914} INFO - Processing file /home/airflow/.local/lib/python3.12/site-packages/airflow/example_dags/example_outlet_event_extra.py for tasks to queue
[2024-08-30T03:31:40.262+0000] {logging_mixin.py:190} INFO - [2024-08-30T03:31:40.262+0000] {dagbag.py:587} INFO - Filling up the DagBag from /home/airflow/.local/lib/python3.12/site-packages/airflow/example_dags/example_outlet_event_extra.py
[2024-08-30T03:31:40.380+0000] {processor.py:925} INFO - DAG(s) 'dataset_with_extra_by_yield', 'dataset_with_extra_from_classic_operator', 'dataset_with_extra_by_context' retrieved from /home/airflow/.local/lib/python3.12/site-packages/airflow/example_dags/example_outlet_event_extra.py
[2024-08-30T03:31:40.399+0000] {logging_mixin.py:190} INFO - [2024-08-30T03:31:40.399+0000] {dag.py:3211} INFO - Sync 3 DAGs
[2024-08-30T03:31:40.417+0000] {logging_mixin.py:190} INFO - [2024-08-30T03:31:40.417+0000] {dag.py:4138} INFO - Setting next_dagrun for dataset_with_extra_by_context to 2024-08-29 00:00:00+00:00, run_after=2024-08-30 00:00:00+00:00
[2024-08-30T03:31:40.421+0000] {logging_mixin.py:190} INFO - [2024-08-30T03:31:40.421+0000] {dag.py:4138} INFO - Setting next_dagrun for dataset_with_extra_by_yield to 2024-08-29 00:00:00+00:00, run_after=2024-08-30 00:00:00+00:00
[2024-08-30T03:31:40.426+0000] {logging_mixin.py:190} INFO - [2024-08-30T03:31:40.426+0000] {dag.py:4138} INFO - Setting next_dagrun for dataset_with_extra_from_classic_operator to 2024-08-29 00:00:00+00:00, run_after=2024-08-30 00:00:00+00:00
[2024-08-30T03:31:40.446+0000] {processor.py:208} INFO - Processing /home/airflow/.local/lib/python3.12/site-packages/airflow/example_dags/example_outlet_event_extra.py took 0.198 seconds
[2024-08-30T03:32:11.462+0000] {processor.py:186} INFO - Started process (PID=362) to work on /home/airflow/.local/lib/python3.12/site-packages/airflow/example_dags/example_outlet_event_extra.py
[2024-08-30T03:32:11.463+0000] {processor.py:914} INFO - Processing file /home/airflow/.local/lib/python3.12/site-packages/airflow/example_dags/example_outlet_event_extra.py for tasks to queue
[2024-08-30T03:32:11.468+0000] {logging_mixin.py:190} INFO - [2024-08-30T03:32:11.468+0000] {dagbag.py:587} INFO - Filling up the DagBag from /home/airflow/.local/lib/python3.12/site-packages/airflow/example_dags/example_outlet_event_extra.py
[2024-08-30T03:32:11.561+0000] {processor.py:925} INFO - DAG(s) 'dataset_with_extra_by_context', 'dataset_with_extra_by_yield', 'dataset_with_extra_from_classic_operator' retrieved from /home/airflow/.local/lib/python3.12/site-packages/airflow/example_dags/example_outlet_event_extra.py
[2024-08-30T03:32:11.581+0000] {logging_mixin.py:190} INFO - [2024-08-30T03:32:11.581+0000] {dag.py:3211} INFO - Sync 3 DAGs
[2024-08-30T03:32:11.600+0000] {logging_mixin.py:190} INFO - [2024-08-30T03:32:11.600+0000] {dag.py:4138} INFO - Setting next_dagrun for dataset_with_extra_by_context to 2024-08-29 00:00:00+00:00, run_after=2024-08-30 00:00:00+00:00
[2024-08-30T03:32:11.603+0000] {logging_mixin.py:190} INFO - [2024-08-30T03:32:11.603+0000] {dag.py:4138} INFO - Setting next_dagrun for dataset_with_extra_by_yield to 2024-08-29 00:00:00+00:00, run_after=2024-08-30 00:00:00+00:00
[2024-08-30T03:32:11.605+0000] {logging_mixin.py:190} INFO - [2024-08-30T03:32:11.605+0000] {dag.py:4138} INFO - Setting next_dagrun for dataset_with_extra_from_classic_operator to 2024-08-29 00:00:00+00:00, run_after=2024-08-30 00:00:00+00:00
[2024-08-30T03:32:11.622+0000] {processor.py:208} INFO - Processing /home/airflow/.local/lib/python3.12/site-packages/airflow/example_dags/example_outlet_event_extra.py took 0.164 seconds
[2024-08-30T03:32:42.366+0000] {processor.py:186} INFO - Started process (PID=425) to work on /home/airflow/.local/lib/python3.12/site-packages/airflow/example_dags/example_outlet_event_extra.py
[2024-08-30T03:32:42.367+0000] {processor.py:914} INFO - Processing file /home/airflow/.local/lib/python3.12/site-packages/airflow/example_dags/example_outlet_event_extra.py for tasks to queue
[2024-08-30T03:32:42.369+0000] {logging_mixin.py:190} INFO - [2024-08-30T03:32:42.369+0000] {dagbag.py:587} INFO - Filling up the DagBag from /home/airflow/.local/lib/python3.12/site-packages/airflow/example_dags/example_outlet_event_extra.py
[2024-08-30T03:32:42.466+0000] {processor.py:925} INFO - DAG(s) 'dataset_with_extra_by_yield', 'dataset_with_extra_from_classic_operator', 'dataset_with_extra_by_context' retrieved from /home/airflow/.local/lib/python3.12/site-packages/airflow/example_dags/example_outlet_event_extra.py
[2024-08-30T03:32:42.484+0000] {logging_mixin.py:190} INFO - [2024-08-30T03:32:42.484+0000] {dag.py:3211} INFO - Sync 3 DAGs
[2024-08-30T03:32:42.514+0000] {logging_mixin.py:190} INFO - [2024-08-30T03:32:42.513+0000] {dag.py:4138} INFO - Setting next_dagrun for dataset_with_extra_by_context to 2024-08-29 00:00:00+00:00, run_after=2024-08-30 00:00:00+00:00
[2024-08-30T03:32:42.518+0000] {logging_mixin.py:190} INFO - [2024-08-30T03:32:42.518+0000] {dag.py:4138} INFO - Setting next_dagrun for dataset_with_extra_by_yield to 2024-08-29 00:00:00+00:00, run_after=2024-08-30 00:00:00+00:00
[2024-08-30T03:32:42.521+0000] {logging_mixin.py:190} INFO - [2024-08-30T03:32:42.521+0000] {dag.py:4138} INFO - Setting next_dagrun for dataset_with_extra_from_classic_operator to 2024-08-29 00:00:00+00:00, run_after=2024-08-30 00:00:00+00:00
[2024-08-30T03:32:42.542+0000] {processor.py:208} INFO - Processing /home/airflow/.local/lib/python3.12/site-packages/airflow/example_dags/example_outlet_event_extra.py took 0.181 seconds
[2024-08-30T03:33:14.155+0000] {processor.py:186} INFO - Started process (PID=488) to work on /home/airflow/.local/lib/python3.12/site-packages/airflow/example_dags/example_outlet_event_extra.py
[2024-08-30T03:33:14.156+0000] {processor.py:914} INFO - Processing file /home/airflow/.local/lib/python3.12/site-packages/airflow/example_dags/example_outlet_event_extra.py for tasks to queue
[2024-08-30T03:33:14.158+0000] {logging_mixin.py:190} INFO - [2024-08-30T03:33:14.157+0000] {dagbag.py:587} INFO - Filling up the DagBag from /home/airflow/.local/lib/python3.12/site-packages/airflow/example_dags/example_outlet_event_extra.py
[2024-08-30T03:33:14.255+0000] {processor.py:925} INFO - DAG(s) 'dataset_with_extra_from_classic_operator', 'dataset_with_extra_by_yield', 'dataset_with_extra_by_context' retrieved from /home/airflow/.local/lib/python3.12/site-packages/airflow/example_dags/example_outlet_event_extra.py
[2024-08-30T03:33:14.276+0000] {logging_mixin.py:190} INFO - [2024-08-30T03:33:14.276+0000] {dag.py:3211} INFO - Sync 3 DAGs
[2024-08-30T03:33:14.307+0000] {logging_mixin.py:190} INFO - [2024-08-30T03:33:14.307+0000] {dag.py:4138} INFO - Setting next_dagrun for dataset_with_extra_by_context to 2024-08-29 00:00:00+00:00, run_after=2024-08-30 00:00:00+00:00
[2024-08-30T03:33:14.312+0000] {logging_mixin.py:190} INFO - [2024-08-30T03:33:14.312+0000] {dag.py:4138} INFO - Setting next_dagrun for dataset_with_extra_by_yield to 2024-08-29 00:00:00+00:00, run_after=2024-08-30 00:00:00+00:00
[2024-08-30T03:33:14.314+0000] {logging_mixin.py:190} INFO - [2024-08-30T03:33:14.314+0000] {dag.py:4138} INFO - Setting next_dagrun for dataset_with_extra_from_classic_operator to 2024-08-29 00:00:00+00:00, run_after=2024-08-30 00:00:00+00:00
[2024-08-30T03:33:14.332+0000] {processor.py:208} INFO - Processing /home/airflow/.local/lib/python3.12/site-packages/airflow/example_dags/example_outlet_event_extra.py took 0.182 seconds
[2024-08-30T03:33:45.277+0000] {processor.py:186} INFO - Started process (PID=551) to work on /home/airflow/.local/lib/python3.12/site-packages/airflow/example_dags/example_outlet_event_extra.py
[2024-08-30T03:33:45.279+0000] {processor.py:914} INFO - Processing file /home/airflow/.local/lib/python3.12/site-packages/airflow/example_dags/example_outlet_event_extra.py for tasks to queue
[2024-08-30T03:33:45.281+0000] {logging_mixin.py:190} INFO - [2024-08-30T03:33:45.280+0000] {dagbag.py:587} INFO - Filling up the DagBag from /home/airflow/.local/lib/python3.12/site-packages/airflow/example_dags/example_outlet_event_extra.py
[2024-08-30T03:33:45.385+0000] {processor.py:925} INFO - DAG(s) 'dataset_with_extra_from_classic_operator', 'dataset_with_extra_by_context', 'dataset_with_extra_by_yield' retrieved from /home/airflow/.local/lib/python3.12/site-packages/airflow/example_dags/example_outlet_event_extra.py
[2024-08-30T03:33:45.404+0000] {logging_mixin.py:190} INFO - [2024-08-30T03:33:45.404+0000] {dag.py:3211} INFO - Sync 3 DAGs
[2024-08-30T03:33:45.421+0000] {logging_mixin.py:190} INFO - [2024-08-30T03:33:45.420+0000] {dag.py:4138} INFO - Setting next_dagrun for dataset_with_extra_by_context to 2024-08-29 00:00:00+00:00, run_after=2024-08-30 00:00:00+00:00
[2024-08-30T03:33:45.424+0000] {logging_mixin.py:190} INFO - [2024-08-30T03:33:45.424+0000] {dag.py:4138} INFO - Setting next_dagrun for dataset_with_extra_by_yield to 2024-08-29 00:00:00+00:00, run_after=2024-08-30 00:00:00+00:00
[2024-08-30T03:33:45.426+0000] {logging_mixin.py:190} INFO - [2024-08-30T03:33:45.426+0000] {dag.py:4138} INFO - Setting next_dagrun for dataset_with_extra_from_classic_operator to 2024-08-29 00:00:00+00:00, run_after=2024-08-30 00:00:00+00:00
[2024-08-30T03:33:45.446+0000] {processor.py:208} INFO - Processing /home/airflow/.local/lib/python3.12/site-packages/airflow/example_dags/example_outlet_event_extra.py took 0.173 seconds
[2024-08-30T03:34:15.850+0000] {processor.py:186} INFO - Started process (PID=614) to work on /home/airflow/.local/lib/python3.12/site-packages/airflow/example_dags/example_outlet_event_extra.py
[2024-08-30T03:34:15.851+0000] {processor.py:914} INFO - Processing file /home/airflow/.local/lib/python3.12/site-packages/airflow/example_dags/example_outlet_event_extra.py for tasks to queue
[2024-08-30T03:34:15.853+0000] {logging_mixin.py:190} INFO - [2024-08-30T03:34:15.853+0000] {dagbag.py:587} INFO - Filling up the DagBag from /home/airflow/.local/lib/python3.12/site-packages/airflow/example_dags/example_outlet_event_extra.py
[2024-08-30T03:34:15.962+0000] {processor.py:925} INFO - DAG(s) 'dataset_with_extra_from_classic_operator', 'dataset_with_extra_by_context', 'dataset_with_extra_by_yield' retrieved from /home/airflow/.local/lib/python3.12/site-packages/airflow/example_dags/example_outlet_event_extra.py
[2024-08-30T03:34:15.981+0000] {logging_mixin.py:190} INFO - [2024-08-30T03:34:15.980+0000] {dag.py:3211} INFO - Sync 3 DAGs
[2024-08-30T03:34:15.997+0000] {logging_mixin.py:190} INFO - [2024-08-30T03:34:15.996+0000] {dag.py:4138} INFO - Setting next_dagrun for dataset_with_extra_by_context to 2024-08-29 00:00:00+00:00, run_after=2024-08-30 00:00:00+00:00
[2024-08-30T03:34:16.000+0000] {logging_mixin.py:190} INFO - [2024-08-30T03:34:16.000+0000] {dag.py:4138} INFO - Setting next_dagrun for dataset_with_extra_by_yield to 2024-08-29 00:00:00+00:00, run_after=2024-08-30 00:00:00+00:00
[2024-08-30T03:34:16.002+0000] {logging_mixin.py:190} INFO - [2024-08-30T03:34:16.002+0000] {dag.py:4138} INFO - Setting next_dagrun for dataset_with_extra_from_classic_operator to 2024-08-29 00:00:00+00:00, run_after=2024-08-30 00:00:00+00:00
[2024-08-30T03:34:16.021+0000] {processor.py:208} INFO - Processing /home/airflow/.local/lib/python3.12/site-packages/airflow/example_dags/example_outlet_event_extra.py took 0.175 seconds
[2024-08-30T03:34:46.617+0000] {processor.py:186} INFO - Started process (PID=677) to work on /home/airflow/.local/lib/python3.12/site-packages/airflow/example_dags/example_outlet_event_extra.py
[2024-08-30T03:34:46.618+0000] {processor.py:914} INFO - Processing file /home/airflow/.local/lib/python3.12/site-packages/airflow/example_dags/example_outlet_event_extra.py for tasks to queue
[2024-08-30T03:34:46.620+0000] {logging_mixin.py:190} INFO - [2024-08-30T03:34:46.619+0000] {dagbag.py:587} INFO - Filling up the DagBag from /home/airflow/.local/lib/python3.12/site-packages/airflow/example_dags/example_outlet_event_extra.py
[2024-08-30T03:34:46.713+0000] {processor.py:925} INFO - DAG(s) 'dataset_with_extra_by_context', 'dataset_with_extra_by_yield', 'dataset_with_extra_from_classic_operator' retrieved from /home/airflow/.local/lib/python3.12/site-packages/airflow/example_dags/example_outlet_event_extra.py
[2024-08-30T03:34:46.733+0000] {logging_mixin.py:190} INFO - [2024-08-30T03:34:46.733+0000] {dag.py:3211} INFO - Sync 3 DAGs
[2024-08-30T03:34:46.749+0000] {logging_mixin.py:190} INFO - [2024-08-30T03:34:46.749+0000] {dag.py:4138} INFO - Setting next_dagrun for dataset_with_extra_by_context to 2024-08-29 00:00:00+00:00, run_after=2024-08-30 00:00:00+00:00
[2024-08-30T03:34:46.752+0000] {logging_mixin.py:190} INFO - [2024-08-30T03:34:46.752+0000] {dag.py:4138} INFO - Setting next_dagrun for dataset_with_extra_by_yield to 2024-08-29 00:00:00+00:00, run_after=2024-08-30 00:00:00+00:00
[2024-08-30T03:34:46.755+0000] {logging_mixin.py:190} INFO - [2024-08-30T03:34:46.754+0000] {dag.py:4138} INFO - Setting next_dagrun for dataset_with_extra_from_classic_operator to 2024-08-29 00:00:00+00:00, run_after=2024-08-30 00:00:00+00:00
[2024-08-30T03:34:46.773+0000] {processor.py:208} INFO - Processing /home/airflow/.local/lib/python3.12/site-packages/airflow/example_dags/example_outlet_event_extra.py took 0.161 seconds
[2024-08-30T03:35:18.015+0000] {processor.py:186} INFO - Started process (PID=740) to work on /home/airflow/.local/lib/python3.12/site-packages/airflow/example_dags/example_outlet_event_extra.py
[2024-08-30T03:35:18.016+0000] {processor.py:914} INFO - Processing file /home/airflow/.local/lib/python3.12/site-packages/airflow/example_dags/example_outlet_event_extra.py for tasks to queue
[2024-08-30T03:35:18.017+0000] {logging_mixin.py:190} INFO - [2024-08-30T03:35:18.017+0000] {dagbag.py:587} INFO - Filling up the DagBag from /home/airflow/.local/lib/python3.12/site-packages/airflow/example_dags/example_outlet_event_extra.py
[2024-08-30T03:35:18.118+0000] {processor.py:925} INFO - DAG(s) 'dataset_with_extra_by_yield', 'dataset_with_extra_from_classic_operator', 'dataset_with_extra_by_context' retrieved from /home/airflow/.local/lib/python3.12/site-packages/airflow/example_dags/example_outlet_event_extra.py
[2024-08-30T03:35:18.137+0000] {logging_mixin.py:190} INFO - [2024-08-30T03:35:18.137+0000] {dag.py:3211} INFO - Sync 3 DAGs
[2024-08-30T03:35:18.158+0000] {logging_mixin.py:190} INFO - [2024-08-30T03:35:18.158+0000] {dag.py:4138} INFO - Setting next_dagrun for dataset_with_extra_by_context to 2024-08-29 00:00:00+00:00, run_after=2024-08-30 00:00:00+00:00
[2024-08-30T03:35:18.161+0000] {logging_mixin.py:190} INFO - [2024-08-30T03:35:18.161+0000] {dag.py:4138} INFO - Setting next_dagrun for dataset_with_extra_by_yield to 2024-08-29 00:00:00+00:00, run_after=2024-08-30 00:00:00+00:00
[2024-08-30T03:35:18.165+0000] {logging_mixin.py:190} INFO - [2024-08-30T03:35:18.164+0000] {dag.py:4138} INFO - Setting next_dagrun for dataset_with_extra_from_classic_operator to 2024-08-29 00:00:00+00:00, run_after=2024-08-30 00:00:00+00:00
[2024-08-30T03:35:18.182+0000] {processor.py:208} INFO - Processing /home/airflow/.local/lib/python3.12/site-packages/airflow/example_dags/example_outlet_event_extra.py took 0.172 seconds
[2024-08-30T03:35:48.376+0000] {processor.py:186} INFO - Started process (PID=803) to work on /home/airflow/.local/lib/python3.12/site-packages/airflow/example_dags/example_outlet_event_extra.py
[2024-08-30T03:35:48.377+0000] {processor.py:914} INFO - Processing file /home/airflow/.local/lib/python3.12/site-packages/airflow/example_dags/example_outlet_event_extra.py for tasks to queue
[2024-08-30T03:35:48.379+0000] {logging_mixin.py:190} INFO - [2024-08-30T03:35:48.378+0000] {dagbag.py:587} INFO - Filling up the DagBag from /home/airflow/.local/lib/python3.12/site-packages/airflow/example_dags/example_outlet_event_extra.py
[2024-08-30T03:35:48.468+0000] {processor.py:925} INFO - DAG(s) 'dataset_with_extra_from_classic_operator', 'dataset_with_extra_by_context', 'dataset_with_extra_by_yield' retrieved from /home/airflow/.local/lib/python3.12/site-packages/airflow/example_dags/example_outlet_event_extra.py
[2024-08-30T03:35:48.486+0000] {logging_mixin.py:190} INFO - [2024-08-30T03:35:48.486+0000] {dag.py:3211} INFO - Sync 3 DAGs
[2024-08-30T03:35:48.503+0000] {logging_mixin.py:190} INFO - [2024-08-30T03:35:48.503+0000] {dag.py:4138} INFO - Setting next_dagrun for dataset_with_extra_by_context to 2024-08-29 00:00:00+00:00, run_after=2024-08-30 00:00:00+00:00
[2024-08-30T03:35:48.507+0000] {logging_mixin.py:190} INFO - [2024-08-30T03:35:48.507+0000] {dag.py:4138} INFO - Setting next_dagrun for dataset_with_extra_by_yield to 2024-08-29 00:00:00+00:00, run_after=2024-08-30 00:00:00+00:00
[2024-08-30T03:35:48.509+0000] {logging_mixin.py:190} INFO - [2024-08-30T03:35:48.509+0000] {dag.py:4138} INFO - Setting next_dagrun for dataset_with_extra_from_classic_operator to 2024-08-29 00:00:00+00:00, run_after=2024-08-30 00:00:00+00:00
[2024-08-30T03:35:48.528+0000] {processor.py:208} INFO - Processing /home/airflow/.local/lib/python3.12/site-packages/airflow/example_dags/example_outlet_event_extra.py took 0.157 seconds
[2024-08-30T03:36:18.766+0000] {processor.py:186} INFO - Started process (PID=867) to work on /home/airflow/.local/lib/python3.12/site-packages/airflow/example_dags/example_outlet_event_extra.py
[2024-08-30T03:36:18.767+0000] {processor.py:914} INFO - Processing file /home/airflow/.local/lib/python3.12/site-packages/airflow/example_dags/example_outlet_event_extra.py for tasks to queue
[2024-08-30T03:36:18.769+0000] {logging_mixin.py:190} INFO - [2024-08-30T03:36:18.769+0000] {dagbag.py:587} INFO - Filling up the DagBag from /home/airflow/.local/lib/python3.12/site-packages/airflow/example_dags/example_outlet_event_extra.py
[2024-08-30T03:36:18.862+0000] {processor.py:925} INFO - DAG(s) 'dataset_with_extra_from_classic_operator', 'dataset_with_extra_by_context', 'dataset_with_extra_by_yield' retrieved from /home/airflow/.local/lib/python3.12/site-packages/airflow/example_dags/example_outlet_event_extra.py
[2024-08-30T03:36:18.882+0000] {logging_mixin.py:190} INFO - [2024-08-30T03:36:18.882+0000] {dag.py:3211} INFO - Sync 3 DAGs
[2024-08-30T03:36:18.899+0000] {logging_mixin.py:190} INFO - [2024-08-30T03:36:18.899+0000] {dag.py:4138} INFO - Setting next_dagrun for dataset_with_extra_by_context to 2024-08-29 00:00:00+00:00, run_after=2024-08-30 00:00:00+00:00
[2024-08-30T03:36:18.902+0000] {logging_mixin.py:190} INFO - [2024-08-30T03:36:18.902+0000] {dag.py:4138} INFO - Setting next_dagrun for dataset_with_extra_by_yield to 2024-08-29 00:00:00+00:00, run_after=2024-08-30 00:00:00+00:00
[2024-08-30T03:36:18.905+0000] {logging_mixin.py:190} INFO - [2024-08-30T03:36:18.905+0000] {dag.py:4138} INFO - Setting next_dagrun for dataset_with_extra_from_classic_operator to 2024-08-29 00:00:00+00:00, run_after=2024-08-30 00:00:00+00:00
[2024-08-30T03:36:18.923+0000] {processor.py:208} INFO - Processing /home/airflow/.local/lib/python3.12/site-packages/airflow/example_dags/example_outlet_event_extra.py took 0.162 seconds
[2024-08-30T03:37:30.980+0000] {processor.py:186} INFO - Started process (PID=109) to work on /home/airflow/.local/lib/python3.12/site-packages/airflow/example_dags/example_outlet_event_extra.py
[2024-08-30T03:37:30.981+0000] {processor.py:914} INFO - Processing file /home/airflow/.local/lib/python3.12/site-packages/airflow/example_dags/example_outlet_event_extra.py for tasks to queue
[2024-08-30T03:37:30.983+0000] {logging_mixin.py:190} INFO - [2024-08-30T03:37:30.983+0000] {dagbag.py:587} INFO - Filling up the DagBag from /home/airflow/.local/lib/python3.12/site-packages/airflow/example_dags/example_outlet_event_extra.py
[2024-08-30T03:37:31.087+0000] {processor.py:925} INFO - DAG(s) 'dataset_with_extra_by_context', 'dataset_with_extra_by_yield', 'dataset_with_extra_from_classic_operator' retrieved from /home/airflow/.local/lib/python3.12/site-packages/airflow/example_dags/example_outlet_event_extra.py
[2024-08-30T03:37:31.107+0000] {logging_mixin.py:190} INFO - [2024-08-30T03:37:31.107+0000] {dag.py:3211} INFO - Sync 3 DAGs
[2024-08-30T03:37:31.126+0000] {logging_mixin.py:190} INFO - [2024-08-30T03:37:31.125+0000] {dag.py:4138} INFO - Setting next_dagrun for dataset_with_extra_by_context to 2024-08-29 00:00:00+00:00, run_after=2024-08-30 00:00:00+00:00
[2024-08-30T03:37:31.130+0000] {logging_mixin.py:190} INFO - [2024-08-30T03:37:31.130+0000] {dag.py:4138} INFO - Setting next_dagrun for dataset_with_extra_by_yield to 2024-08-29 00:00:00+00:00, run_after=2024-08-30 00:00:00+00:00
[2024-08-30T03:37:31.133+0000] {logging_mixin.py:190} INFO - [2024-08-30T03:37:31.132+0000] {dag.py:4138} INFO - Setting next_dagrun for dataset_with_extra_from_classic_operator to 2024-08-29 00:00:00+00:00, run_after=2024-08-30 00:00:00+00:00
[2024-08-30T03:37:31.153+0000] {processor.py:208} INFO - Processing /home/airflow/.local/lib/python3.12/site-packages/airflow/example_dags/example_outlet_event_extra.py took 0.177 seconds
[2024-08-30T03:38:02.124+0000] {processor.py:186} INFO - Started process (PID=172) to work on /home/airflow/.local/lib/python3.12/site-packages/airflow/example_dags/example_outlet_event_extra.py
[2024-08-30T03:38:02.125+0000] {processor.py:914} INFO - Processing file /home/airflow/.local/lib/python3.12/site-packages/airflow/example_dags/example_outlet_event_extra.py for tasks to queue
[2024-08-30T03:38:02.127+0000] {logging_mixin.py:190} INFO - [2024-08-30T03:38:02.127+0000] {dagbag.py:587} INFO - Filling up the DagBag from /home/airflow/.local/lib/python3.12/site-packages/airflow/example_dags/example_outlet_event_extra.py
[2024-08-30T03:38:02.223+0000] {processor.py:925} INFO - DAG(s) 'dataset_with_extra_from_classic_operator', 'dataset_with_extra_by_yield', 'dataset_with_extra_by_context' retrieved from /home/airflow/.local/lib/python3.12/site-packages/airflow/example_dags/example_outlet_event_extra.py
[2024-08-30T03:38:02.241+0000] {logging_mixin.py:190} INFO - [2024-08-30T03:38:02.241+0000] {dag.py:3211} INFO - Sync 3 DAGs
[2024-08-30T03:38:02.257+0000] {logging_mixin.py:190} INFO - [2024-08-30T03:38:02.257+0000] {dag.py:4138} INFO - Setting next_dagrun for dataset_with_extra_by_context to 2024-08-29 00:00:00+00:00, run_after=2024-08-30 00:00:00+00:00
[2024-08-30T03:38:02.260+0000] {logging_mixin.py:190} INFO - [2024-08-30T03:38:02.260+0000] {dag.py:4138} INFO - Setting next_dagrun for dataset_with_extra_by_yield to 2024-08-29 00:00:00+00:00, run_after=2024-08-30 00:00:00+00:00
[2024-08-30T03:38:02.262+0000] {logging_mixin.py:190} INFO - [2024-08-30T03:38:02.262+0000] {dag.py:4138} INFO - Setting next_dagrun for dataset_with_extra_from_classic_operator to 2024-08-29 00:00:00+00:00, run_after=2024-08-30 00:00:00+00:00
[2024-08-30T03:38:02.280+0000] {processor.py:208} INFO - Processing /home/airflow/.local/lib/python3.12/site-packages/airflow/example_dags/example_outlet_event_extra.py took 0.161 seconds
[2024-08-30T03:38:32.842+0000] {processor.py:186} INFO - Started process (PID=241) to work on /home/airflow/.local/lib/python3.12/site-packages/airflow/example_dags/example_outlet_event_extra.py
[2024-08-30T03:38:32.843+0000] {processor.py:914} INFO - Processing file /home/airflow/.local/lib/python3.12/site-packages/airflow/example_dags/example_outlet_event_extra.py for tasks to queue
[2024-08-30T03:38:32.845+0000] {logging_mixin.py:190} INFO - [2024-08-30T03:38:32.845+0000] {dagbag.py:587} INFO - Filling up the DagBag from /home/airflow/.local/lib/python3.12/site-packages/airflow/example_dags/example_outlet_event_extra.py
[2024-08-30T03:38:32.940+0000] {processor.py:925} INFO - DAG(s) 'dataset_with_extra_by_yield', 'dataset_with_extra_by_context', 'dataset_with_extra_from_classic_operator' retrieved from /home/airflow/.local/lib/python3.12/site-packages/airflow/example_dags/example_outlet_event_extra.py
[2024-08-30T03:38:32.957+0000] {logging_mixin.py:190} INFO - [2024-08-30T03:38:32.957+0000] {dag.py:3211} INFO - Sync 3 DAGs
[2024-08-30T03:38:32.974+0000] {logging_mixin.py:190} INFO - [2024-08-30T03:38:32.974+0000] {dag.py:4138} INFO - Setting next_dagrun for dataset_with_extra_by_context to 2024-08-29 00:00:00+00:00, run_after=2024-08-30 00:00:00+00:00
[2024-08-30T03:38:32.978+0000] {logging_mixin.py:190} INFO - [2024-08-30T03:38:32.978+0000] {dag.py:4138} INFO - Setting next_dagrun for dataset_with_extra_by_yield to 2024-08-29 00:00:00+00:00, run_after=2024-08-30 00:00:00+00:00
[2024-08-30T03:38:32.980+0000] {logging_mixin.py:190} INFO - [2024-08-30T03:38:32.980+0000] {dag.py:4138} INFO - Setting next_dagrun for dataset_with_extra_from_classic_operator to 2024-08-29 00:00:00+00:00, run_after=2024-08-30 00:00:00+00:00
[2024-08-30T03:38:32.996+0000] {processor.py:208} INFO - Processing /home/airflow/.local/lib/python3.12/site-packages/airflow/example_dags/example_outlet_event_extra.py took 0.159 seconds
[2024-08-30T03:39:03.705+0000] {processor.py:186} INFO - Started process (PID=304) to work on /home/airflow/.local/lib/python3.12/site-packages/airflow/example_dags/example_outlet_event_extra.py
[2024-08-30T03:39:03.706+0000] {processor.py:914} INFO - Processing file /home/airflow/.local/lib/python3.12/site-packages/airflow/example_dags/example_outlet_event_extra.py for tasks to queue
[2024-08-30T03:39:03.708+0000] {logging_mixin.py:190} INFO - [2024-08-30T03:39:03.707+0000] {dagbag.py:587} INFO - Filling up the DagBag from /home/airflow/.local/lib/python3.12/site-packages/airflow/example_dags/example_outlet_event_extra.py
[2024-08-30T03:39:03.811+0000] {processor.py:925} INFO - DAG(s) 'dataset_with_extra_by_context', 'dataset_with_extra_by_yield', 'dataset_with_extra_from_classic_operator' retrieved from /home/airflow/.local/lib/python3.12/site-packages/airflow/example_dags/example_outlet_event_extra.py
[2024-08-30T03:39:03.831+0000] {logging_mixin.py:190} INFO - [2024-08-30T03:39:03.831+0000] {dag.py:3211} INFO - Sync 3 DAGs
[2024-08-30T03:39:03.848+0000] {logging_mixin.py:190} INFO - [2024-08-30T03:39:03.847+0000] {dag.py:4138} INFO - Setting next_dagrun for dataset_with_extra_by_context to 2024-08-29 00:00:00+00:00, run_after=2024-08-30 00:00:00+00:00
[2024-08-30T03:39:03.851+0000] {logging_mixin.py:190} INFO - [2024-08-30T03:39:03.851+0000] {dag.py:4138} INFO - Setting next_dagrun for dataset_with_extra_by_yield to 2024-08-29 00:00:00+00:00, run_after=2024-08-30 00:00:00+00:00
[2024-08-30T03:39:03.853+0000] {logging_mixin.py:190} INFO - [2024-08-30T03:39:03.853+0000] {dag.py:4138} INFO - Setting next_dagrun for dataset_with_extra_from_classic_operator to 2024-08-29 00:00:00+00:00, run_after=2024-08-30 00:00:00+00:00
[2024-08-30T03:39:03.870+0000] {processor.py:208} INFO - Processing /home/airflow/.local/lib/python3.12/site-packages/airflow/example_dags/example_outlet_event_extra.py took 0.169 seconds
[2024-08-30T03:39:34.262+0000] {processor.py:186} INFO - Started process (PID=367) to work on /home/airflow/.local/lib/python3.12/site-packages/airflow/example_dags/example_outlet_event_extra.py
[2024-08-30T03:39:34.264+0000] {processor.py:914} INFO - Processing file /home/airflow/.local/lib/python3.12/site-packages/airflow/example_dags/example_outlet_event_extra.py for tasks to queue
[2024-08-30T03:39:34.265+0000] {logging_mixin.py:190} INFO - [2024-08-30T03:39:34.265+0000] {dagbag.py:587} INFO - Filling up the DagBag from /home/airflow/.local/lib/python3.12/site-packages/airflow/example_dags/example_outlet_event_extra.py
[2024-08-30T03:39:34.362+0000] {processor.py:925} INFO - DAG(s) 'dataset_with_extra_from_classic_operator', 'dataset_with_extra_by_yield', 'dataset_with_extra_by_context' retrieved from /home/airflow/.local/lib/python3.12/site-packages/airflow/example_dags/example_outlet_event_extra.py
[2024-08-30T03:39:34.379+0000] {logging_mixin.py:190} INFO - [2024-08-30T03:39:34.379+0000] {dag.py:3211} INFO - Sync 3 DAGs
[2024-08-30T03:39:34.396+0000] {logging_mixin.py:190} INFO - [2024-08-30T03:39:34.396+0000] {dag.py:4138} INFO - Setting next_dagrun for dataset_with_extra_by_context to 2024-08-29 00:00:00+00:00, run_after=2024-08-30 00:00:00+00:00
[2024-08-30T03:39:34.400+0000] {logging_mixin.py:190} INFO - [2024-08-30T03:39:34.400+0000] {dag.py:4138} INFO - Setting next_dagrun for dataset_with_extra_by_yield to 2024-08-29 00:00:00+00:00, run_after=2024-08-30 00:00:00+00:00
[2024-08-30T03:39:34.401+0000] {logging_mixin.py:190} INFO - [2024-08-30T03:39:34.401+0000] {dag.py:4138} INFO - Setting next_dagrun for dataset_with_extra_from_classic_operator to 2024-08-29 00:00:00+00:00, run_after=2024-08-30 00:00:00+00:00
[2024-08-30T03:39:34.418+0000] {processor.py:208} INFO - Processing /home/airflow/.local/lib/python3.12/site-packages/airflow/example_dags/example_outlet_event_extra.py took 0.160 seconds
[2024-08-30T03:40:04.895+0000] {processor.py:186} INFO - Started process (PID=430) to work on /home/airflow/.local/lib/python3.12/site-packages/airflow/example_dags/example_outlet_event_extra.py
[2024-08-30T03:40:04.896+0000] {processor.py:914} INFO - Processing file /home/airflow/.local/lib/python3.12/site-packages/airflow/example_dags/example_outlet_event_extra.py for tasks to queue
[2024-08-30T03:40:04.902+0000] {logging_mixin.py:190} INFO - [2024-08-30T03:40:04.901+0000] {dagbag.py:587} INFO - Filling up the DagBag from /home/airflow/.local/lib/python3.12/site-packages/airflow/example_dags/example_outlet_event_extra.py
[2024-08-30T03:40:04.997+0000] {processor.py:925} INFO - DAG(s) 'dataset_with_extra_by_context', 'dataset_with_extra_from_classic_operator', 'dataset_with_extra_by_yield' retrieved from /home/airflow/.local/lib/python3.12/site-packages/airflow/example_dags/example_outlet_event_extra.py
[2024-08-30T03:40:05.016+0000] {logging_mixin.py:190} INFO - [2024-08-30T03:40:05.016+0000] {dag.py:3211} INFO - Sync 3 DAGs
[2024-08-30T03:40:05.034+0000] {logging_mixin.py:190} INFO - [2024-08-30T03:40:05.033+0000] {dag.py:4138} INFO - Setting next_dagrun for dataset_with_extra_by_context to 2024-08-29 00:00:00+00:00, run_after=2024-08-30 00:00:00+00:00
[2024-08-30T03:40:05.037+0000] {logging_mixin.py:190} INFO - [2024-08-30T03:40:05.037+0000] {dag.py:4138} INFO - Setting next_dagrun for dataset_with_extra_by_yield to 2024-08-29 00:00:00+00:00, run_after=2024-08-30 00:00:00+00:00
[2024-08-30T03:40:05.039+0000] {logging_mixin.py:190} INFO - [2024-08-30T03:40:05.039+0000] {dag.py:4138} INFO - Setting next_dagrun for dataset_with_extra_from_classic_operator to 2024-08-29 00:00:00+00:00, run_after=2024-08-30 00:00:00+00:00
[2024-08-30T03:40:05.057+0000] {processor.py:208} INFO - Processing /home/airflow/.local/lib/python3.12/site-packages/airflow/example_dags/example_outlet_event_extra.py took 0.166 seconds
[2024-08-30T03:40:35.737+0000] {processor.py:186} INFO - Started process (PID=494) to work on /home/airflow/.local/lib/python3.12/site-packages/airflow/example_dags/example_outlet_event_extra.py
[2024-08-30T03:40:35.738+0000] {processor.py:914} INFO - Processing file /home/airflow/.local/lib/python3.12/site-packages/airflow/example_dags/example_outlet_event_extra.py for tasks to queue
[2024-08-30T03:40:35.740+0000] {logging_mixin.py:190} INFO - [2024-08-30T03:40:35.740+0000] {dagbag.py:587} INFO - Filling up the DagBag from /home/airflow/.local/lib/python3.12/site-packages/airflow/example_dags/example_outlet_event_extra.py
[2024-08-30T03:40:35.840+0000] {processor.py:925} INFO - DAG(s) 'dataset_with_extra_from_classic_operator', 'dataset_with_extra_by_context', 'dataset_with_extra_by_yield' retrieved from /home/airflow/.local/lib/python3.12/site-packages/airflow/example_dags/example_outlet_event_extra.py
[2024-08-30T03:40:35.859+0000] {logging_mixin.py:190} INFO - [2024-08-30T03:40:35.859+0000] {dag.py:3211} INFO - Sync 3 DAGs
[2024-08-30T03:40:35.879+0000] {logging_mixin.py:190} INFO - [2024-08-30T03:40:35.879+0000] {dag.py:4138} INFO - Setting next_dagrun for dataset_with_extra_by_context to 2024-08-29 00:00:00+00:00, run_after=2024-08-30 00:00:00+00:00
[2024-08-30T03:40:35.883+0000] {logging_mixin.py:190} INFO - [2024-08-30T03:40:35.883+0000] {dag.py:4138} INFO - Setting next_dagrun for dataset_with_extra_by_yield to 2024-08-29 00:00:00+00:00, run_after=2024-08-30 00:00:00+00:00
[2024-08-30T03:40:35.885+0000] {logging_mixin.py:190} INFO - [2024-08-30T03:40:35.885+0000] {dag.py:4138} INFO - Setting next_dagrun for dataset_with_extra_from_classic_operator to 2024-08-29 00:00:00+00:00, run_after=2024-08-30 00:00:00+00:00
[2024-08-30T03:40:35.905+0000] {processor.py:208} INFO - Processing /home/airflow/.local/lib/python3.12/site-packages/airflow/example_dags/example_outlet_event_extra.py took 0.172 seconds
[2024-08-30T03:41:06.614+0000] {processor.py:186} INFO - Started process (PID=557) to work on /home/airflow/.local/lib/python3.12/site-packages/airflow/example_dags/example_outlet_event_extra.py
[2024-08-30T03:41:06.615+0000] {processor.py:914} INFO - Processing file /home/airflow/.local/lib/python3.12/site-packages/airflow/example_dags/example_outlet_event_extra.py for tasks to queue
[2024-08-30T03:41:06.617+0000] {logging_mixin.py:190} INFO - [2024-08-30T03:41:06.617+0000] {dagbag.py:587} INFO - Filling up the DagBag from /home/airflow/.local/lib/python3.12/site-packages/airflow/example_dags/example_outlet_event_extra.py
[2024-08-30T03:41:06.715+0000] {processor.py:925} INFO - DAG(s) 'dataset_with_extra_from_classic_operator', 'dataset_with_extra_by_yield', 'dataset_with_extra_by_context' retrieved from /home/airflow/.local/lib/python3.12/site-packages/airflow/example_dags/example_outlet_event_extra.py
[2024-08-30T03:41:06.732+0000] {logging_mixin.py:190} INFO - [2024-08-30T03:41:06.731+0000] {dag.py:3211} INFO - Sync 3 DAGs
[2024-08-30T03:41:06.747+0000] {logging_mixin.py:190} INFO - [2024-08-30T03:41:06.747+0000] {dag.py:4138} INFO - Setting next_dagrun for dataset_with_extra_by_context to 2024-08-29 00:00:00+00:00, run_after=2024-08-30 00:00:00+00:00
[2024-08-30T03:41:06.751+0000] {logging_mixin.py:190} INFO - [2024-08-30T03:41:06.751+0000] {dag.py:4138} INFO - Setting next_dagrun for dataset_with_extra_by_yield to 2024-08-29 00:00:00+00:00, run_after=2024-08-30 00:00:00+00:00
[2024-08-30T03:41:06.753+0000] {logging_mixin.py:190} INFO - [2024-08-30T03:41:06.753+0000] {dag.py:4138} INFO - Setting next_dagrun for dataset_with_extra_from_classic_operator to 2024-08-29 00:00:00+00:00, run_after=2024-08-30 00:00:00+00:00
[2024-08-30T03:41:06.771+0000] {processor.py:208} INFO - Processing /home/airflow/.local/lib/python3.12/site-packages/airflow/example_dags/example_outlet_event_extra.py took 0.162 seconds
[2024-08-30T03:41:37.415+0000] {processor.py:186} INFO - Started process (PID=620) to work on /home/airflow/.local/lib/python3.12/site-packages/airflow/example_dags/example_outlet_event_extra.py
[2024-08-30T03:41:37.415+0000] {processor.py:914} INFO - Processing file /home/airflow/.local/lib/python3.12/site-packages/airflow/example_dags/example_outlet_event_extra.py for tasks to queue
[2024-08-30T03:41:37.417+0000] {logging_mixin.py:190} INFO - [2024-08-30T03:41:37.417+0000] {dagbag.py:587} INFO - Filling up the DagBag from /home/airflow/.local/lib/python3.12/site-packages/airflow/example_dags/example_outlet_event_extra.py
[2024-08-30T03:41:37.518+0000] {processor.py:925} INFO - DAG(s) 'dataset_with_extra_from_classic_operator', 'dataset_with_extra_by_context', 'dataset_with_extra_by_yield' retrieved from /home/airflow/.local/lib/python3.12/site-packages/airflow/example_dags/example_outlet_event_extra.py
[2024-08-30T03:41:37.537+0000] {logging_mixin.py:190} INFO - [2024-08-30T03:41:37.537+0000] {dag.py:3211} INFO - Sync 3 DAGs
[2024-08-30T03:41:37.557+0000] {logging_mixin.py:190} INFO - [2024-08-30T03:41:37.557+0000] {dag.py:4138} INFO - Setting next_dagrun for dataset_with_extra_by_context to 2024-08-29 00:00:00+00:00, run_after=2024-08-30 00:00:00+00:00
[2024-08-30T03:41:37.560+0000] {logging_mixin.py:190} INFO - [2024-08-30T03:41:37.560+0000] {dag.py:4138} INFO - Setting next_dagrun for dataset_with_extra_by_yield to 2024-08-29 00:00:00+00:00, run_after=2024-08-30 00:00:00+00:00
[2024-08-30T03:41:37.562+0000] {logging_mixin.py:190} INFO - [2024-08-30T03:41:37.562+0000] {dag.py:4138} INFO - Setting next_dagrun for dataset_with_extra_from_classic_operator to 2024-08-29 00:00:00+00:00, run_after=2024-08-30 00:00:00+00:00
[2024-08-30T03:41:37.579+0000] {processor.py:208} INFO - Processing /home/airflow/.local/lib/python3.12/site-packages/airflow/example_dags/example_outlet_event_extra.py took 0.169 seconds
[2024-08-30T03:42:08.695+0000] {processor.py:186} INFO - Started process (PID=683) to work on /home/airflow/.local/lib/python3.12/site-packages/airflow/example_dags/example_outlet_event_extra.py
[2024-08-30T03:42:08.696+0000] {processor.py:914} INFO - Processing file /home/airflow/.local/lib/python3.12/site-packages/airflow/example_dags/example_outlet_event_extra.py for tasks to queue
[2024-08-30T03:42:08.698+0000] {logging_mixin.py:190} INFO - [2024-08-30T03:42:08.697+0000] {dagbag.py:587} INFO - Filling up the DagBag from /home/airflow/.local/lib/python3.12/site-packages/airflow/example_dags/example_outlet_event_extra.py
[2024-08-30T03:42:08.795+0000] {processor.py:925} INFO - DAG(s) 'dataset_with_extra_by_context', 'dataset_with_extra_from_classic_operator', 'dataset_with_extra_by_yield' retrieved from /home/airflow/.local/lib/python3.12/site-packages/airflow/example_dags/example_outlet_event_extra.py
[2024-08-30T03:42:08.823+0000] {logging_mixin.py:190} INFO - [2024-08-30T03:42:08.823+0000] {dag.py:3211} INFO - Sync 3 DAGs
[2024-08-30T03:42:08.843+0000] {logging_mixin.py:190} INFO - [2024-08-30T03:42:08.842+0000] {dag.py:4138} INFO - Setting next_dagrun for dataset_with_extra_by_context to 2024-08-29 00:00:00+00:00, run_after=2024-08-30 00:00:00+00:00
[2024-08-30T03:42:08.846+0000] {logging_mixin.py:190} INFO - [2024-08-30T03:42:08.846+0000] {dag.py:4138} INFO - Setting next_dagrun for dataset_with_extra_by_yield to 2024-08-29 00:00:00+00:00, run_after=2024-08-30 00:00:00+00:00
[2024-08-30T03:42:08.848+0000] {logging_mixin.py:190} INFO - [2024-08-30T03:42:08.848+0000] {dag.py:4138} INFO - Setting next_dagrun for dataset_with_extra_from_classic_operator to 2024-08-29 00:00:00+00:00, run_after=2024-08-30 00:00:00+00:00
[2024-08-30T03:42:08.867+0000] {processor.py:208} INFO - Processing /home/airflow/.local/lib/python3.12/site-packages/airflow/example_dags/example_outlet_event_extra.py took 0.176 seconds
[2024-08-30T03:42:39.127+0000] {processor.py:186} INFO - Started process (PID=746) to work on /home/airflow/.local/lib/python3.12/site-packages/airflow/example_dags/example_outlet_event_extra.py
[2024-08-30T03:42:39.128+0000] {processor.py:914} INFO - Processing file /home/airflow/.local/lib/python3.12/site-packages/airflow/example_dags/example_outlet_event_extra.py for tasks to queue
[2024-08-30T03:42:39.130+0000] {logging_mixin.py:190} INFO - [2024-08-30T03:42:39.129+0000] {dagbag.py:587} INFO - Filling up the DagBag from /home/airflow/.local/lib/python3.12/site-packages/airflow/example_dags/example_outlet_event_extra.py
[2024-08-30T03:42:39.238+0000] {processor.py:925} INFO - DAG(s) 'dataset_with_extra_by_context', 'dataset_with_extra_by_yield', 'dataset_with_extra_from_classic_operator' retrieved from /home/airflow/.local/lib/python3.12/site-packages/airflow/example_dags/example_outlet_event_extra.py
[2024-08-30T03:42:39.259+0000] {logging_mixin.py:190} INFO - [2024-08-30T03:42:39.259+0000] {dag.py:3211} INFO - Sync 3 DAGs
[2024-08-30T03:42:39.278+0000] {logging_mixin.py:190} INFO - [2024-08-30T03:42:39.278+0000] {dag.py:4138} INFO - Setting next_dagrun for dataset_with_extra_by_context to 2024-08-29 00:00:00+00:00, run_after=2024-08-30 00:00:00+00:00
[2024-08-30T03:42:39.282+0000] {logging_mixin.py:190} INFO - [2024-08-30T03:42:39.282+0000] {dag.py:4138} INFO - Setting next_dagrun for dataset_with_extra_by_yield to 2024-08-29 00:00:00+00:00, run_after=2024-08-30 00:00:00+00:00
[2024-08-30T03:42:39.284+0000] {logging_mixin.py:190} INFO - [2024-08-30T03:42:39.284+0000] {dag.py:4138} INFO - Setting next_dagrun for dataset_with_extra_from_classic_operator to 2024-08-29 00:00:00+00:00, run_after=2024-08-30 00:00:00+00:00
[2024-08-30T03:42:39.302+0000] {processor.py:208} INFO - Processing /home/airflow/.local/lib/python3.12/site-packages/airflow/example_dags/example_outlet_event_extra.py took 0.180 seconds
[2024-08-30T03:43:09.652+0000] {processor.py:186} INFO - Started process (PID=809) to work on /home/airflow/.local/lib/python3.12/site-packages/airflow/example_dags/example_outlet_event_extra.py
[2024-08-30T03:43:09.653+0000] {processor.py:914} INFO - Processing file /home/airflow/.local/lib/python3.12/site-packages/airflow/example_dags/example_outlet_event_extra.py for tasks to queue
[2024-08-30T03:43:09.655+0000] {logging_mixin.py:190} INFO - [2024-08-30T03:43:09.655+0000] {dagbag.py:587} INFO - Filling up the DagBag from /home/airflow/.local/lib/python3.12/site-packages/airflow/example_dags/example_outlet_event_extra.py
[2024-08-30T03:43:09.752+0000] {processor.py:925} INFO - DAG(s) 'dataset_with_extra_by_context', 'dataset_with_extra_from_classic_operator', 'dataset_with_extra_by_yield' retrieved from /home/airflow/.local/lib/python3.12/site-packages/airflow/example_dags/example_outlet_event_extra.py
[2024-08-30T03:43:09.771+0000] {logging_mixin.py:190} INFO - [2024-08-30T03:43:09.771+0000] {dag.py:3211} INFO - Sync 3 DAGs
[2024-08-30T03:43:09.806+0000] {logging_mixin.py:190} INFO - [2024-08-30T03:43:09.806+0000] {dag.py:4138} INFO - Setting next_dagrun for dataset_with_extra_by_context to 2024-08-29 00:00:00+00:00, run_after=2024-08-30 00:00:00+00:00
[2024-08-30T03:43:09.811+0000] {logging_mixin.py:190} INFO - [2024-08-30T03:43:09.811+0000] {dag.py:4138} INFO - Setting next_dagrun for dataset_with_extra_by_yield to 2024-08-29 00:00:00+00:00, run_after=2024-08-30 00:00:00+00:00
[2024-08-30T03:43:09.813+0000] {logging_mixin.py:190} INFO - [2024-08-30T03:43:09.813+0000] {dag.py:4138} INFO - Setting next_dagrun for dataset_with_extra_from_classic_operator to 2024-08-29 00:00:00+00:00, run_after=2024-08-30 00:00:00+00:00
[2024-08-30T03:43:09.831+0000] {processor.py:208} INFO - Processing /home/airflow/.local/lib/python3.12/site-packages/airflow/example_dags/example_outlet_event_extra.py took 0.184 seconds
[2024-08-30T03:43:39.918+0000] {processor.py:186} INFO - Started process (PID=873) to work on /home/airflow/.local/lib/python3.12/site-packages/airflow/example_dags/example_outlet_event_extra.py
[2024-08-30T03:43:39.919+0000] {processor.py:914} INFO - Processing file /home/airflow/.local/lib/python3.12/site-packages/airflow/example_dags/example_outlet_event_extra.py for tasks to queue
[2024-08-30T03:43:39.921+0000] {logging_mixin.py:190} INFO - [2024-08-30T03:43:39.921+0000] {dagbag.py:587} INFO - Filling up the DagBag from /home/airflow/.local/lib/python3.12/site-packages/airflow/example_dags/example_outlet_event_extra.py
[2024-08-30T03:43:40.024+0000] {processor.py:925} INFO - DAG(s) 'dataset_with_extra_by_yield', 'dataset_with_extra_by_context', 'dataset_with_extra_from_classic_operator' retrieved from /home/airflow/.local/lib/python3.12/site-packages/airflow/example_dags/example_outlet_event_extra.py
[2024-08-30T03:43:40.044+0000] {logging_mixin.py:190} INFO - [2024-08-30T03:43:40.043+0000] {dag.py:3211} INFO - Sync 3 DAGs
[2024-08-30T03:43:40.061+0000] {logging_mixin.py:190} INFO - [2024-08-30T03:43:40.061+0000] {dag.py:4138} INFO - Setting next_dagrun for dataset_with_extra_by_context to 2024-08-29 00:00:00+00:00, run_after=2024-08-30 00:00:00+00:00
[2024-08-30T03:43:40.065+0000] {logging_mixin.py:190} INFO - [2024-08-30T03:43:40.065+0000] {dag.py:4138} INFO - Setting next_dagrun for dataset_with_extra_by_yield to 2024-08-29 00:00:00+00:00, run_after=2024-08-30 00:00:00+00:00
[2024-08-30T03:43:40.067+0000] {logging_mixin.py:190} INFO - [2024-08-30T03:43:40.067+0000] {dag.py:4138} INFO - Setting next_dagrun for dataset_with_extra_from_classic_operator to 2024-08-29 00:00:00+00:00, run_after=2024-08-30 00:00:00+00:00
[2024-08-30T03:43:40.086+0000] {processor.py:208} INFO - Processing /home/airflow/.local/lib/python3.12/site-packages/airflow/example_dags/example_outlet_event_extra.py took 0.173 seconds
[2024-08-30T03:44:10.637+0000] {processor.py:186} INFO - Started process (PID=936) to work on /home/airflow/.local/lib/python3.12/site-packages/airflow/example_dags/example_outlet_event_extra.py
[2024-08-30T03:44:10.638+0000] {processor.py:914} INFO - Processing file /home/airflow/.local/lib/python3.12/site-packages/airflow/example_dags/example_outlet_event_extra.py for tasks to queue
[2024-08-30T03:44:10.640+0000] {logging_mixin.py:190} INFO - [2024-08-30T03:44:10.640+0000] {dagbag.py:587} INFO - Filling up the DagBag from /home/airflow/.local/lib/python3.12/site-packages/airflow/example_dags/example_outlet_event_extra.py
[2024-08-30T03:44:10.741+0000] {processor.py:925} INFO - DAG(s) 'dataset_with_extra_by_context', 'dataset_with_extra_by_yield', 'dataset_with_extra_from_classic_operator' retrieved from /home/airflow/.local/lib/python3.12/site-packages/airflow/example_dags/example_outlet_event_extra.py
[2024-08-30T03:44:10.759+0000] {logging_mixin.py:190} INFO - [2024-08-30T03:44:10.759+0000] {dag.py:3211} INFO - Sync 3 DAGs
[2024-08-30T03:44:10.780+0000] {logging_mixin.py:190} INFO - [2024-08-30T03:44:10.780+0000] {dag.py:4138} INFO - Setting next_dagrun for dataset_with_extra_by_context to 2024-08-29 00:00:00+00:00, run_after=2024-08-30 00:00:00+00:00
[2024-08-30T03:44:10.784+0000] {logging_mixin.py:190} INFO - [2024-08-30T03:44:10.783+0000] {dag.py:4138} INFO - Setting next_dagrun for dataset_with_extra_by_yield to 2024-08-29 00:00:00+00:00, run_after=2024-08-30 00:00:00+00:00
[2024-08-30T03:44:10.785+0000] {logging_mixin.py:190} INFO - [2024-08-30T03:44:10.785+0000] {dag.py:4138} INFO - Setting next_dagrun for dataset_with_extra_from_classic_operator to 2024-08-29 00:00:00+00:00, run_after=2024-08-30 00:00:00+00:00
[2024-08-30T03:44:10.804+0000] {processor.py:208} INFO - Processing /home/airflow/.local/lib/python3.12/site-packages/airflow/example_dags/example_outlet_event_extra.py took 0.172 seconds
[2024-08-30T03:44:41.304+0000] {processor.py:186} INFO - Started process (PID=999) to work on /home/airflow/.local/lib/python3.12/site-packages/airflow/example_dags/example_outlet_event_extra.py
[2024-08-30T03:44:41.305+0000] {processor.py:914} INFO - Processing file /home/airflow/.local/lib/python3.12/site-packages/airflow/example_dags/example_outlet_event_extra.py for tasks to queue
[2024-08-30T03:44:41.308+0000] {logging_mixin.py:190} INFO - [2024-08-30T03:44:41.307+0000] {dagbag.py:587} INFO - Filling up the DagBag from /home/airflow/.local/lib/python3.12/site-packages/airflow/example_dags/example_outlet_event_extra.py
[2024-08-30T03:44:41.412+0000] {processor.py:925} INFO - DAG(s) 'dataset_with_extra_from_classic_operator', 'dataset_with_extra_by_context', 'dataset_with_extra_by_yield' retrieved from /home/airflow/.local/lib/python3.12/site-packages/airflow/example_dags/example_outlet_event_extra.py
[2024-08-30T03:44:41.432+0000] {logging_mixin.py:190} INFO - [2024-08-30T03:44:41.431+0000] {dag.py:3211} INFO - Sync 3 DAGs
[2024-08-30T03:44:41.449+0000] {logging_mixin.py:190} INFO - [2024-08-30T03:44:41.449+0000] {dag.py:4138} INFO - Setting next_dagrun for dataset_with_extra_by_context to 2024-08-29 00:00:00+00:00, run_after=2024-08-30 00:00:00+00:00
[2024-08-30T03:44:41.453+0000] {logging_mixin.py:190} INFO - [2024-08-30T03:44:41.453+0000] {dag.py:4138} INFO - Setting next_dagrun for dataset_with_extra_by_yield to 2024-08-29 00:00:00+00:00, run_after=2024-08-30 00:00:00+00:00
[2024-08-30T03:44:41.455+0000] {logging_mixin.py:190} INFO - [2024-08-30T03:44:41.455+0000] {dag.py:4138} INFO - Setting next_dagrun for dataset_with_extra_from_classic_operator to 2024-08-29 00:00:00+00:00, run_after=2024-08-30 00:00:00+00:00
[2024-08-30T03:44:41.474+0000] {processor.py:208} INFO - Processing /home/airflow/.local/lib/python3.12/site-packages/airflow/example_dags/example_outlet_event_extra.py took 0.174 seconds
[2024-08-30T03:45:12.198+0000] {processor.py:186} INFO - Started process (PID=1062) to work on /home/airflow/.local/lib/python3.12/site-packages/airflow/example_dags/example_outlet_event_extra.py
[2024-08-30T03:45:12.200+0000] {processor.py:914} INFO - Processing file /home/airflow/.local/lib/python3.12/site-packages/airflow/example_dags/example_outlet_event_extra.py for tasks to queue
[2024-08-30T03:45:12.204+0000] {logging_mixin.py:190} INFO - [2024-08-30T03:45:12.203+0000] {dagbag.py:587} INFO - Filling up the DagBag from /home/airflow/.local/lib/python3.12/site-packages/airflow/example_dags/example_outlet_event_extra.py
[2024-08-30T03:45:12.670+0000] {logging_mixin.py:190} INFO - [2024-08-30T03:45:12.670+0000] {process_utils.py:266} INFO - Waiting up to 5 seconds for processes to exit...
[2024-08-30T03:46:15.704+0000] {processor.py:186} INFO - Started process (PID=103) to work on /home/airflow/.local/lib/python3.12/site-packages/airflow/example_dags/example_outlet_event_extra.py
[2024-08-30T03:46:15.705+0000] {processor.py:914} INFO - Processing file /home/airflow/.local/lib/python3.12/site-packages/airflow/example_dags/example_outlet_event_extra.py for tasks to queue
[2024-08-30T03:46:15.707+0000] {logging_mixin.py:190} INFO - [2024-08-30T03:46:15.707+0000] {dagbag.py:587} INFO - Filling up the DagBag from /home/airflow/.local/lib/python3.12/site-packages/airflow/example_dags/example_outlet_event_extra.py
[2024-08-30T03:46:15.796+0000] {processor.py:925} INFO - DAG(s) 'dataset_with_extra_by_yield', 'dataset_with_extra_from_classic_operator', 'dataset_with_extra_by_context' retrieved from /home/airflow/.local/lib/python3.12/site-packages/airflow/example_dags/example_outlet_event_extra.py
[2024-08-30T03:46:15.814+0000] {logging_mixin.py:190} INFO - [2024-08-30T03:46:15.814+0000] {dag.py:3211} INFO - Sync 3 DAGs
[2024-08-30T03:46:15.830+0000] {logging_mixin.py:190} INFO - [2024-08-30T03:46:15.829+0000] {dag.py:4138} INFO - Setting next_dagrun for dataset_with_extra_by_context to 2024-08-29 00:00:00+00:00, run_after=2024-08-30 00:00:00+00:00
[2024-08-30T03:46:15.833+0000] {logging_mixin.py:190} INFO - [2024-08-30T03:46:15.833+0000] {dag.py:4138} INFO - Setting next_dagrun for dataset_with_extra_by_yield to 2024-08-29 00:00:00+00:00, run_after=2024-08-30 00:00:00+00:00
[2024-08-30T03:46:15.835+0000] {logging_mixin.py:190} INFO - [2024-08-30T03:46:15.835+0000] {dag.py:4138} INFO - Setting next_dagrun for dataset_with_extra_from_classic_operator to 2024-08-29 00:00:00+00:00, run_after=2024-08-30 00:00:00+00:00
[2024-08-30T03:46:15.850+0000] {processor.py:208} INFO - Processing /home/airflow/.local/lib/python3.12/site-packages/airflow/example_dags/example_outlet_event_extra.py took 0.149 seconds
[2024-08-30T03:46:46.265+0000] {processor.py:186} INFO - Started process (PID=166) to work on /home/airflow/.local/lib/python3.12/site-packages/airflow/example_dags/example_outlet_event_extra.py
[2024-08-30T03:46:46.267+0000] {processor.py:914} INFO - Processing file /home/airflow/.local/lib/python3.12/site-packages/airflow/example_dags/example_outlet_event_extra.py for tasks to queue
[2024-08-30T03:46:46.270+0000] {logging_mixin.py:190} INFO - [2024-08-30T03:46:46.270+0000] {dagbag.py:587} INFO - Filling up the DagBag from /home/airflow/.local/lib/python3.12/site-packages/airflow/example_dags/example_outlet_event_extra.py
[2024-08-30T03:46:46.365+0000] {processor.py:925} INFO - DAG(s) 'dataset_with_extra_from_classic_operator', 'dataset_with_extra_by_context', 'dataset_with_extra_by_yield' retrieved from /home/airflow/.local/lib/python3.12/site-packages/airflow/example_dags/example_outlet_event_extra.py
[2024-08-30T03:46:46.383+0000] {logging_mixin.py:190} INFO - [2024-08-30T03:46:46.383+0000] {dag.py:3211} INFO - Sync 3 DAGs
[2024-08-30T03:46:46.399+0000] {logging_mixin.py:190} INFO - [2024-08-30T03:46:46.399+0000] {dag.py:4138} INFO - Setting next_dagrun for dataset_with_extra_by_context to 2024-08-29 00:00:00+00:00, run_after=2024-08-30 00:00:00+00:00
[2024-08-30T03:46:46.402+0000] {logging_mixin.py:190} INFO - [2024-08-30T03:46:46.402+0000] {dag.py:4138} INFO - Setting next_dagrun for dataset_with_extra_by_yield to 2024-08-29 00:00:00+00:00, run_after=2024-08-30 00:00:00+00:00
[2024-08-30T03:46:46.404+0000] {logging_mixin.py:190} INFO - [2024-08-30T03:46:46.404+0000] {dag.py:4138} INFO - Setting next_dagrun for dataset_with_extra_from_classic_operator to 2024-08-29 00:00:00+00:00, run_after=2024-08-30 00:00:00+00:00
[2024-08-30T03:46:46.426+0000] {processor.py:208} INFO - Processing /home/airflow/.local/lib/python3.12/site-packages/airflow/example_dags/example_outlet_event_extra.py took 0.164 seconds
[2024-08-30T03:47:17.314+0000] {processor.py:186} INFO - Started process (PID=235) to work on /home/airflow/.local/lib/python3.12/site-packages/airflow/example_dags/example_outlet_event_extra.py
[2024-08-30T03:47:17.315+0000] {processor.py:914} INFO - Processing file /home/airflow/.local/lib/python3.12/site-packages/airflow/example_dags/example_outlet_event_extra.py for tasks to queue
[2024-08-30T03:47:17.317+0000] {logging_mixin.py:190} INFO - [2024-08-30T03:47:17.317+0000] {dagbag.py:587} INFO - Filling up the DagBag from /home/airflow/.local/lib/python3.12/site-packages/airflow/example_dags/example_outlet_event_extra.py
[2024-08-30T03:47:17.414+0000] {processor.py:925} INFO - DAG(s) 'dataset_with_extra_from_classic_operator', 'dataset_with_extra_by_context', 'dataset_with_extra_by_yield' retrieved from /home/airflow/.local/lib/python3.12/site-packages/airflow/example_dags/example_outlet_event_extra.py
[2024-08-30T03:47:17.433+0000] {logging_mixin.py:190} INFO - [2024-08-30T03:47:17.433+0000] {dag.py:3211} INFO - Sync 3 DAGs
[2024-08-30T03:47:17.452+0000] {logging_mixin.py:190} INFO - [2024-08-30T03:47:17.452+0000] {dag.py:4138} INFO - Setting next_dagrun for dataset_with_extra_by_context to 2024-08-29 00:00:00+00:00, run_after=2024-08-30 00:00:00+00:00
[2024-08-30T03:47:17.456+0000] {logging_mixin.py:190} INFO - [2024-08-30T03:47:17.456+0000] {dag.py:4138} INFO - Setting next_dagrun for dataset_with_extra_by_yield to 2024-08-29 00:00:00+00:00, run_after=2024-08-30 00:00:00+00:00
[2024-08-30T03:47:17.458+0000] {logging_mixin.py:190} INFO - [2024-08-30T03:47:17.458+0000] {dag.py:4138} INFO - Setting next_dagrun for dataset_with_extra_from_classic_operator to 2024-08-29 00:00:00+00:00, run_after=2024-08-30 00:00:00+00:00
[2024-08-30T03:47:17.478+0000] {processor.py:208} INFO - Processing /home/airflow/.local/lib/python3.12/site-packages/airflow/example_dags/example_outlet_event_extra.py took 0.167 seconds
[2024-08-30T03:47:47.712+0000] {processor.py:186} INFO - Started process (PID=298) to work on /home/airflow/.local/lib/python3.12/site-packages/airflow/example_dags/example_outlet_event_extra.py
[2024-08-30T03:47:47.714+0000] {processor.py:914} INFO - Processing file /home/airflow/.local/lib/python3.12/site-packages/airflow/example_dags/example_outlet_event_extra.py for tasks to queue
[2024-08-30T03:47:47.717+0000] {logging_mixin.py:190} INFO - [2024-08-30T03:47:47.717+0000] {dagbag.py:587} INFO - Filling up the DagBag from /home/airflow/.local/lib/python3.12/site-packages/airflow/example_dags/example_outlet_event_extra.py
[2024-08-30T03:47:47.821+0000] {processor.py:925} INFO - DAG(s) 'dataset_with_extra_by_yield', 'dataset_with_extra_by_context', 'dataset_with_extra_from_classic_operator' retrieved from /home/airflow/.local/lib/python3.12/site-packages/airflow/example_dags/example_outlet_event_extra.py
[2024-08-30T03:47:47.837+0000] {logging_mixin.py:190} INFO - [2024-08-30T03:47:47.837+0000] {dag.py:3211} INFO - Sync 3 DAGs
[2024-08-30T03:47:47.852+0000] {logging_mixin.py:190} INFO - [2024-08-30T03:47:47.852+0000] {dag.py:4138} INFO - Setting next_dagrun for dataset_with_extra_by_context to 2024-08-29 00:00:00+00:00, run_after=2024-08-30 00:00:00+00:00
[2024-08-30T03:47:47.856+0000] {logging_mixin.py:190} INFO - [2024-08-30T03:47:47.856+0000] {dag.py:4138} INFO - Setting next_dagrun for dataset_with_extra_by_yield to 2024-08-29 00:00:00+00:00, run_after=2024-08-30 00:00:00+00:00
[2024-08-30T03:47:47.857+0000] {logging_mixin.py:190} INFO - [2024-08-30T03:47:47.857+0000] {dag.py:4138} INFO - Setting next_dagrun for dataset_with_extra_from_classic_operator to 2024-08-29 00:00:00+00:00, run_after=2024-08-30 00:00:00+00:00
[2024-08-30T03:47:47.874+0000] {processor.py:208} INFO - Processing /home/airflow/.local/lib/python3.12/site-packages/airflow/example_dags/example_outlet_event_extra.py took 0.166 seconds
[2024-08-30T03:48:18.270+0000] {processor.py:186} INFO - Started process (PID=361) to work on /home/airflow/.local/lib/python3.12/site-packages/airflow/example_dags/example_outlet_event_extra.py
[2024-08-30T03:48:18.271+0000] {processor.py:914} INFO - Processing file /home/airflow/.local/lib/python3.12/site-packages/airflow/example_dags/example_outlet_event_extra.py for tasks to queue
[2024-08-30T03:48:18.273+0000] {logging_mixin.py:190} INFO - [2024-08-30T03:48:18.273+0000] {dagbag.py:587} INFO - Filling up the DagBag from /home/airflow/.local/lib/python3.12/site-packages/airflow/example_dags/example_outlet_event_extra.py
[2024-08-30T03:48:18.370+0000] {processor.py:925} INFO - DAG(s) 'dataset_with_extra_from_classic_operator', 'dataset_with_extra_by_yield', 'dataset_with_extra_by_context' retrieved from /home/airflow/.local/lib/python3.12/site-packages/airflow/example_dags/example_outlet_event_extra.py
[2024-08-30T03:48:18.387+0000] {logging_mixin.py:190} INFO - [2024-08-30T03:48:18.387+0000] {dag.py:3211} INFO - Sync 3 DAGs
[2024-08-30T03:48:18.406+0000] {logging_mixin.py:190} INFO - [2024-08-30T03:48:18.405+0000] {dag.py:4138} INFO - Setting next_dagrun for dataset_with_extra_by_context to 2024-08-29 00:00:00+00:00, run_after=2024-08-30 00:00:00+00:00
[2024-08-30T03:48:18.409+0000] {logging_mixin.py:190} INFO - [2024-08-30T03:48:18.409+0000] {dag.py:4138} INFO - Setting next_dagrun for dataset_with_extra_by_yield to 2024-08-29 00:00:00+00:00, run_after=2024-08-30 00:00:00+00:00
[2024-08-30T03:48:18.411+0000] {logging_mixin.py:190} INFO - [2024-08-30T03:48:18.411+0000] {dag.py:4138} INFO - Setting next_dagrun for dataset_with_extra_from_classic_operator to 2024-08-29 00:00:00+00:00, run_after=2024-08-30 00:00:00+00:00
[2024-08-30T03:48:18.429+0000] {processor.py:208} INFO - Processing /home/airflow/.local/lib/python3.12/site-packages/airflow/example_dags/example_outlet_event_extra.py took 0.162 seconds
[2024-08-30T03:48:49.102+0000] {processor.py:186} INFO - Started process (PID=428) to work on /home/airflow/.local/lib/python3.12/site-packages/airflow/example_dags/example_outlet_event_extra.py
[2024-08-30T03:48:49.103+0000] {processor.py:914} INFO - Processing file /home/airflow/.local/lib/python3.12/site-packages/airflow/example_dags/example_outlet_event_extra.py for tasks to queue
[2024-08-30T03:48:49.105+0000] {logging_mixin.py:190} INFO - [2024-08-30T03:48:49.105+0000] {dagbag.py:587} INFO - Filling up the DagBag from /home/airflow/.local/lib/python3.12/site-packages/airflow/example_dags/example_outlet_event_extra.py
[2024-08-30T03:48:49.214+0000] {processor.py:925} INFO - DAG(s) 'dataset_with_extra_by_context', 'dataset_with_extra_from_classic_operator', 'dataset_with_extra_by_yield' retrieved from /home/airflow/.local/lib/python3.12/site-packages/airflow/example_dags/example_outlet_event_extra.py
[2024-08-30T03:48:49.233+0000] {logging_mixin.py:190} INFO - [2024-08-30T03:48:49.233+0000] {dag.py:3211} INFO - Sync 3 DAGs
[2024-08-30T03:48:49.251+0000] {logging_mixin.py:190} INFO - [2024-08-30T03:48:49.251+0000] {dag.py:4138} INFO - Setting next_dagrun for dataset_with_extra_by_context to 2024-08-29 00:00:00+00:00, run_after=2024-08-30 00:00:00+00:00
[2024-08-30T03:48:49.255+0000] {logging_mixin.py:190} INFO - [2024-08-30T03:48:49.255+0000] {dag.py:4138} INFO - Setting next_dagrun for dataset_with_extra_by_yield to 2024-08-29 00:00:00+00:00, run_after=2024-08-30 00:00:00+00:00
[2024-08-30T03:48:49.257+0000] {logging_mixin.py:190} INFO - [2024-08-30T03:48:49.257+0000] {dag.py:4138} INFO - Setting next_dagrun for dataset_with_extra_from_classic_operator to 2024-08-29 00:00:00+00:00, run_after=2024-08-30 00:00:00+00:00
[2024-08-30T03:48:49.275+0000] {processor.py:208} INFO - Processing /home/airflow/.local/lib/python3.12/site-packages/airflow/example_dags/example_outlet_event_extra.py took 0.177 seconds
[2024-08-30T03:49:19.697+0000] {processor.py:186} INFO - Started process (PID=491) to work on /home/airflow/.local/lib/python3.12/site-packages/airflow/example_dags/example_outlet_event_extra.py
[2024-08-30T03:49:19.698+0000] {processor.py:914} INFO - Processing file /home/airflow/.local/lib/python3.12/site-packages/airflow/example_dags/example_outlet_event_extra.py for tasks to queue
[2024-08-30T03:49:19.699+0000] {logging_mixin.py:190} INFO - [2024-08-30T03:49:19.699+0000] {dagbag.py:587} INFO - Filling up the DagBag from /home/airflow/.local/lib/python3.12/site-packages/airflow/example_dags/example_outlet_event_extra.py
[2024-08-30T03:49:19.794+0000] {processor.py:925} INFO - DAG(s) 'dataset_with_extra_by_yield', 'dataset_with_extra_by_context', 'dataset_with_extra_from_classic_operator' retrieved from /home/airflow/.local/lib/python3.12/site-packages/airflow/example_dags/example_outlet_event_extra.py
[2024-08-30T03:49:19.828+0000] {logging_mixin.py:190} INFO - [2024-08-30T03:49:19.828+0000] {dag.py:3211} INFO - Sync 3 DAGs
[2024-08-30T03:49:19.845+0000] {logging_mixin.py:190} INFO - [2024-08-30T03:49:19.844+0000] {dag.py:4138} INFO - Setting next_dagrun for dataset_with_extra_by_context to 2024-08-29 00:00:00+00:00, run_after=2024-08-30 00:00:00+00:00
[2024-08-30T03:49:19.848+0000] {logging_mixin.py:190} INFO - [2024-08-30T03:49:19.848+0000] {dag.py:4138} INFO - Setting next_dagrun for dataset_with_extra_by_yield to 2024-08-29 00:00:00+00:00, run_after=2024-08-30 00:00:00+00:00
[2024-08-30T03:49:19.850+0000] {logging_mixin.py:190} INFO - [2024-08-30T03:49:19.850+0000] {dag.py:4138} INFO - Setting next_dagrun for dataset_with_extra_from_classic_operator to 2024-08-29 00:00:00+00:00, run_after=2024-08-30 00:00:00+00:00
[2024-08-30T03:49:19.870+0000] {processor.py:208} INFO - Processing /home/airflow/.local/lib/python3.12/site-packages/airflow/example_dags/example_outlet_event_extra.py took 0.178 seconds
[2024-08-30T03:49:50.860+0000] {processor.py:186} INFO - Started process (PID=554) to work on /home/airflow/.local/lib/python3.12/site-packages/airflow/example_dags/example_outlet_event_extra.py
[2024-08-30T03:49:50.861+0000] {processor.py:914} INFO - Processing file /home/airflow/.local/lib/python3.12/site-packages/airflow/example_dags/example_outlet_event_extra.py for tasks to queue
[2024-08-30T03:49:50.863+0000] {logging_mixin.py:190} INFO - [2024-08-30T03:49:50.863+0000] {dagbag.py:587} INFO - Filling up the DagBag from /home/airflow/.local/lib/python3.12/site-packages/airflow/example_dags/example_outlet_event_extra.py
[2024-08-30T03:49:50.956+0000] {processor.py:925} INFO - DAG(s) 'dataset_with_extra_by_yield', 'dataset_with_extra_from_classic_operator', 'dataset_with_extra_by_context' retrieved from /home/airflow/.local/lib/python3.12/site-packages/airflow/example_dags/example_outlet_event_extra.py
[2024-08-30T03:49:50.974+0000] {logging_mixin.py:190} INFO - [2024-08-30T03:49:50.973+0000] {dag.py:3211} INFO - Sync 3 DAGs
[2024-08-30T03:49:50.990+0000] {logging_mixin.py:190} INFO - [2024-08-30T03:49:50.990+0000] {dag.py:4138} INFO - Setting next_dagrun for dataset_with_extra_by_context to 2024-08-29 00:00:00+00:00, run_after=2024-08-30 00:00:00+00:00
[2024-08-30T03:49:50.993+0000] {logging_mixin.py:190} INFO - [2024-08-30T03:49:50.993+0000] {dag.py:4138} INFO - Setting next_dagrun for dataset_with_extra_by_yield to 2024-08-29 00:00:00+00:00, run_after=2024-08-30 00:00:00+00:00
[2024-08-30T03:49:50.995+0000] {logging_mixin.py:190} INFO - [2024-08-30T03:49:50.995+0000] {dag.py:4138} INFO - Setting next_dagrun for dataset_with_extra_from_classic_operator to 2024-08-29 00:00:00+00:00, run_after=2024-08-30 00:00:00+00:00
[2024-08-30T03:49:51.014+0000] {processor.py:208} INFO - Processing /home/airflow/.local/lib/python3.12/site-packages/airflow/example_dags/example_outlet_event_extra.py took 0.158 seconds
[2024-08-30T03:50:21.673+0000] {processor.py:186} INFO - Started process (PID=617) to work on /home/airflow/.local/lib/python3.12/site-packages/airflow/example_dags/example_outlet_event_extra.py
[2024-08-30T03:50:21.674+0000] {processor.py:914} INFO - Processing file /home/airflow/.local/lib/python3.12/site-packages/airflow/example_dags/example_outlet_event_extra.py for tasks to queue
[2024-08-30T03:50:21.676+0000] {logging_mixin.py:190} INFO - [2024-08-30T03:50:21.676+0000] {dagbag.py:587} INFO - Filling up the DagBag from /home/airflow/.local/lib/python3.12/site-packages/airflow/example_dags/example_outlet_event_extra.py
[2024-08-30T03:50:21.774+0000] {processor.py:925} INFO - DAG(s) 'dataset_with_extra_by_context', 'dataset_with_extra_by_yield', 'dataset_with_extra_from_classic_operator' retrieved from /home/airflow/.local/lib/python3.12/site-packages/airflow/example_dags/example_outlet_event_extra.py
[2024-08-30T03:50:21.793+0000] {logging_mixin.py:190} INFO - [2024-08-30T03:50:21.793+0000] {dag.py:3211} INFO - Sync 3 DAGs
[2024-08-30T03:50:21.811+0000] {logging_mixin.py:190} INFO - [2024-08-30T03:50:21.811+0000] {dag.py:4138} INFO - Setting next_dagrun for dataset_with_extra_by_context to 2024-08-29 00:00:00+00:00, run_after=2024-08-30 00:00:00+00:00
[2024-08-30T03:50:21.814+0000] {logging_mixin.py:190} INFO - [2024-08-30T03:50:21.814+0000] {dag.py:4138} INFO - Setting next_dagrun for dataset_with_extra_by_yield to 2024-08-29 00:00:00+00:00, run_after=2024-08-30 00:00:00+00:00
[2024-08-30T03:50:21.820+0000] {logging_mixin.py:190} INFO - [2024-08-30T03:50:21.820+0000] {dag.py:4138} INFO - Setting next_dagrun for dataset_with_extra_from_classic_operator to 2024-08-29 00:00:00+00:00, run_after=2024-08-30 00:00:00+00:00
[2024-08-30T03:50:21.837+0000] {processor.py:208} INFO - Processing /home/airflow/.local/lib/python3.12/site-packages/airflow/example_dags/example_outlet_event_extra.py took 0.167 seconds
[2024-08-30T03:50:52.711+0000] {processor.py:186} INFO - Started process (PID=680) to work on /home/airflow/.local/lib/python3.12/site-packages/airflow/example_dags/example_outlet_event_extra.py
[2024-08-30T03:50:52.713+0000] {processor.py:914} INFO - Processing file /home/airflow/.local/lib/python3.12/site-packages/airflow/example_dags/example_outlet_event_extra.py for tasks to queue
[2024-08-30T03:50:52.723+0000] {logging_mixin.py:190} INFO - [2024-08-30T03:50:52.723+0000] {dagbag.py:587} INFO - Filling up the DagBag from /home/airflow/.local/lib/python3.12/site-packages/airflow/example_dags/example_outlet_event_extra.py
[2024-08-30T03:50:52.824+0000] {processor.py:925} INFO - DAG(s) 'dataset_with_extra_by_yield', 'dataset_with_extra_by_context', 'dataset_with_extra_from_classic_operator' retrieved from /home/airflow/.local/lib/python3.12/site-packages/airflow/example_dags/example_outlet_event_extra.py
[2024-08-30T03:50:52.842+0000] {logging_mixin.py:190} INFO - [2024-08-30T03:50:52.841+0000] {dag.py:3211} INFO - Sync 3 DAGs
[2024-08-30T03:50:52.864+0000] {logging_mixin.py:190} INFO - [2024-08-30T03:50:52.864+0000] {dag.py:4138} INFO - Setting next_dagrun for dataset_with_extra_by_context to 2024-08-29 00:00:00+00:00, run_after=2024-08-30 00:00:00+00:00
[2024-08-30T03:50:52.869+0000] {logging_mixin.py:190} INFO - [2024-08-30T03:50:52.868+0000] {dag.py:4138} INFO - Setting next_dagrun for dataset_with_extra_by_yield to 2024-08-29 00:00:00+00:00, run_after=2024-08-30 00:00:00+00:00
[2024-08-30T03:50:52.871+0000] {logging_mixin.py:190} INFO - [2024-08-30T03:50:52.871+0000] {dag.py:4138} INFO - Setting next_dagrun for dataset_with_extra_from_classic_operator to 2024-08-29 00:00:00+00:00, run_after=2024-08-30 00:00:00+00:00
[2024-08-30T03:50:52.896+0000] {processor.py:208} INFO - Processing /home/airflow/.local/lib/python3.12/site-packages/airflow/example_dags/example_outlet_event_extra.py took 0.188 seconds
[2024-08-30T03:51:23.631+0000] {processor.py:186} INFO - Started process (PID=743) to work on /home/airflow/.local/lib/python3.12/site-packages/airflow/example_dags/example_outlet_event_extra.py
[2024-08-30T03:51:23.632+0000] {processor.py:914} INFO - Processing file /home/airflow/.local/lib/python3.12/site-packages/airflow/example_dags/example_outlet_event_extra.py for tasks to queue
[2024-08-30T03:51:23.634+0000] {logging_mixin.py:190} INFO - [2024-08-30T03:51:23.634+0000] {dagbag.py:587} INFO - Filling up the DagBag from /home/airflow/.local/lib/python3.12/site-packages/airflow/example_dags/example_outlet_event_extra.py
[2024-08-30T03:51:23.736+0000] {processor.py:925} INFO - DAG(s) 'dataset_with_extra_by_context', 'dataset_with_extra_from_classic_operator', 'dataset_with_extra_by_yield' retrieved from /home/airflow/.local/lib/python3.12/site-packages/airflow/example_dags/example_outlet_event_extra.py
[2024-08-30T03:51:23.756+0000] {logging_mixin.py:190} INFO - [2024-08-30T03:51:23.756+0000] {dag.py:3211} INFO - Sync 3 DAGs
[2024-08-30T03:51:23.773+0000] {logging_mixin.py:190} INFO - [2024-08-30T03:51:23.773+0000] {dag.py:4138} INFO - Setting next_dagrun for dataset_with_extra_by_context to 2024-08-29 00:00:00+00:00, run_after=2024-08-30 00:00:00+00:00
[2024-08-30T03:51:23.777+0000] {logging_mixin.py:190} INFO - [2024-08-30T03:51:23.777+0000] {dag.py:4138} INFO - Setting next_dagrun for dataset_with_extra_by_yield to 2024-08-29 00:00:00+00:00, run_after=2024-08-30 00:00:00+00:00
[2024-08-30T03:51:23.779+0000] {logging_mixin.py:190} INFO - [2024-08-30T03:51:23.779+0000] {dag.py:4138} INFO - Setting next_dagrun for dataset_with_extra_from_classic_operator to 2024-08-29 00:00:00+00:00, run_after=2024-08-30 00:00:00+00:00
[2024-08-30T03:51:23.797+0000] {processor.py:208} INFO - Processing /home/airflow/.local/lib/python3.12/site-packages/airflow/example_dags/example_outlet_event_extra.py took 0.171 seconds
[2024-08-30T03:51:54.133+0000] {processor.py:186} INFO - Started process (PID=806) to work on /home/airflow/.local/lib/python3.12/site-packages/airflow/example_dags/example_outlet_event_extra.py
[2024-08-30T03:51:54.134+0000] {processor.py:914} INFO - Processing file /home/airflow/.local/lib/python3.12/site-packages/airflow/example_dags/example_outlet_event_extra.py for tasks to queue
[2024-08-30T03:51:54.136+0000] {logging_mixin.py:190} INFO - [2024-08-30T03:51:54.136+0000] {dagbag.py:587} INFO - Filling up the DagBag from /home/airflow/.local/lib/python3.12/site-packages/airflow/example_dags/example_outlet_event_extra.py
[2024-08-30T03:51:54.246+0000] {processor.py:925} INFO - DAG(s) 'dataset_with_extra_by_yield', 'dataset_with_extra_from_classic_operator', 'dataset_with_extra_by_context' retrieved from /home/airflow/.local/lib/python3.12/site-packages/airflow/example_dags/example_outlet_event_extra.py
[2024-08-30T03:51:54.265+0000] {logging_mixin.py:190} INFO - [2024-08-30T03:51:54.265+0000] {dag.py:3211} INFO - Sync 3 DAGs
[2024-08-30T03:51:54.282+0000] {logging_mixin.py:190} INFO - [2024-08-30T03:51:54.282+0000] {dag.py:4138} INFO - Setting next_dagrun for dataset_with_extra_by_context to 2024-08-29 00:00:00+00:00, run_after=2024-08-30 00:00:00+00:00
[2024-08-30T03:51:54.285+0000] {logging_mixin.py:190} INFO - [2024-08-30T03:51:54.285+0000] {dag.py:4138} INFO - Setting next_dagrun for dataset_with_extra_by_yield to 2024-08-29 00:00:00+00:00, run_after=2024-08-30 00:00:00+00:00
[2024-08-30T03:51:54.287+0000] {logging_mixin.py:190} INFO - [2024-08-30T03:51:54.287+0000] {dag.py:4138} INFO - Setting next_dagrun for dataset_with_extra_from_classic_operator to 2024-08-29 00:00:00+00:00, run_after=2024-08-30 00:00:00+00:00
[2024-08-30T03:51:54.305+0000] {processor.py:208} INFO - Processing /home/airflow/.local/lib/python3.12/site-packages/airflow/example_dags/example_outlet_event_extra.py took 0.177 seconds
[2024-08-30T03:52:24.838+0000] {processor.py:186} INFO - Started process (PID=869) to work on /home/airflow/.local/lib/python3.12/site-packages/airflow/example_dags/example_outlet_event_extra.py
[2024-08-30T03:52:24.840+0000] {processor.py:914} INFO - Processing file /home/airflow/.local/lib/python3.12/site-packages/airflow/example_dags/example_outlet_event_extra.py for tasks to queue
[2024-08-30T03:52:24.842+0000] {logging_mixin.py:190} INFO - [2024-08-30T03:52:24.842+0000] {dagbag.py:587} INFO - Filling up the DagBag from /home/airflow/.local/lib/python3.12/site-packages/airflow/example_dags/example_outlet_event_extra.py
[2024-08-30T03:52:24.944+0000] {processor.py:925} INFO - DAG(s) 'dataset_with_extra_from_classic_operator', 'dataset_with_extra_by_context', 'dataset_with_extra_by_yield' retrieved from /home/airflow/.local/lib/python3.12/site-packages/airflow/example_dags/example_outlet_event_extra.py
[2024-08-30T03:52:24.962+0000] {logging_mixin.py:190} INFO - [2024-08-30T03:52:24.962+0000] {dag.py:3211} INFO - Sync 3 DAGs
[2024-08-30T03:52:24.981+0000] {logging_mixin.py:190} INFO - [2024-08-30T03:52:24.981+0000] {dag.py:4138} INFO - Setting next_dagrun for dataset_with_extra_by_context to 2024-08-29 00:00:00+00:00, run_after=2024-08-30 00:00:00+00:00
[2024-08-30T03:52:24.985+0000] {logging_mixin.py:190} INFO - [2024-08-30T03:52:24.985+0000] {dag.py:4138} INFO - Setting next_dagrun for dataset_with_extra_by_yield to 2024-08-29 00:00:00+00:00, run_after=2024-08-30 00:00:00+00:00
[2024-08-30T03:52:24.987+0000] {logging_mixin.py:190} INFO - [2024-08-30T03:52:24.987+0000] {dag.py:4138} INFO - Setting next_dagrun for dataset_with_extra_from_classic_operator to 2024-08-29 00:00:00+00:00, run_after=2024-08-30 00:00:00+00:00
[2024-08-30T03:52:25.006+0000] {processor.py:208} INFO - Processing /home/airflow/.local/lib/python3.12/site-packages/airflow/example_dags/example_outlet_event_extra.py took 0.172 seconds
[2024-08-30T03:52:55.089+0000] {processor.py:186} INFO - Started process (PID=933) to work on /home/airflow/.local/lib/python3.12/site-packages/airflow/example_dags/example_outlet_event_extra.py
[2024-08-30T03:52:55.090+0000] {processor.py:914} INFO - Processing file /home/airflow/.local/lib/python3.12/site-packages/airflow/example_dags/example_outlet_event_extra.py for tasks to queue
[2024-08-30T03:52:55.092+0000] {logging_mixin.py:190} INFO - [2024-08-30T03:52:55.091+0000] {dagbag.py:587} INFO - Filling up the DagBag from /home/airflow/.local/lib/python3.12/site-packages/airflow/example_dags/example_outlet_event_extra.py
[2024-08-30T03:52:55.202+0000] {processor.py:925} INFO - DAG(s) 'dataset_with_extra_from_classic_operator', 'dataset_with_extra_by_yield', 'dataset_with_extra_by_context' retrieved from /home/airflow/.local/lib/python3.12/site-packages/airflow/example_dags/example_outlet_event_extra.py
[2024-08-30T03:52:55.223+0000] {logging_mixin.py:190} INFO - [2024-08-30T03:52:55.223+0000] {dag.py:3211} INFO - Sync 3 DAGs
[2024-08-30T03:52:55.244+0000] {logging_mixin.py:190} INFO - [2024-08-30T03:52:55.244+0000] {dag.py:4138} INFO - Setting next_dagrun for dataset_with_extra_by_context to 2024-08-29 00:00:00+00:00, run_after=2024-08-30 00:00:00+00:00
[2024-08-30T03:52:55.248+0000] {logging_mixin.py:190} INFO - [2024-08-30T03:52:55.248+0000] {dag.py:4138} INFO - Setting next_dagrun for dataset_with_extra_by_yield to 2024-08-29 00:00:00+00:00, run_after=2024-08-30 00:00:00+00:00
[2024-08-30T03:52:55.250+0000] {logging_mixin.py:190} INFO - [2024-08-30T03:52:55.250+0000] {dag.py:4138} INFO - Setting next_dagrun for dataset_with_extra_from_classic_operator to 2024-08-29 00:00:00+00:00, run_after=2024-08-30 00:00:00+00:00
[2024-08-30T03:52:55.270+0000] {processor.py:208} INFO - Processing /home/airflow/.local/lib/python3.12/site-packages/airflow/example_dags/example_outlet_event_extra.py took 0.185 seconds
[2024-08-30T03:53:27.462+0000] {processor.py:186} INFO - Started process (PID=995) to work on /home/airflow/.local/lib/python3.12/site-packages/airflow/example_dags/example_outlet_event_extra.py
[2024-08-30T03:53:27.469+0000] {processor.py:914} INFO - Processing file /home/airflow/.local/lib/python3.12/site-packages/airflow/example_dags/example_outlet_event_extra.py for tasks to queue
[2024-08-30T03:53:27.476+0000] {logging_mixin.py:190} INFO - [2024-08-30T03:53:27.476+0000] {dagbag.py:587} INFO - Filling up the DagBag from /home/airflow/.local/lib/python3.12/site-packages/airflow/example_dags/example_outlet_event_extra.py
[2024-08-30T03:53:27.559+0000] {processor.py:925} INFO - DAG(s) 'dataset_with_extra_by_context', 'dataset_with_extra_from_classic_operator', 'dataset_with_extra_by_yield' retrieved from /home/airflow/.local/lib/python3.12/site-packages/airflow/example_dags/example_outlet_event_extra.py
[2024-08-30T03:53:27.579+0000] {logging_mixin.py:190} INFO - [2024-08-30T03:53:27.579+0000] {dag.py:3211} INFO - Sync 3 DAGs
[2024-08-30T03:53:27.596+0000] {logging_mixin.py:190} INFO - [2024-08-30T03:53:27.596+0000] {dag.py:4138} INFO - Setting next_dagrun for dataset_with_extra_by_context to 2024-08-29 00:00:00+00:00, run_after=2024-08-30 00:00:00+00:00
[2024-08-30T03:53:27.599+0000] {logging_mixin.py:190} INFO - [2024-08-30T03:53:27.599+0000] {dag.py:4138} INFO - Setting next_dagrun for dataset_with_extra_by_yield to 2024-08-29 00:00:00+00:00, run_after=2024-08-30 00:00:00+00:00
[2024-08-30T03:53:27.601+0000] {logging_mixin.py:190} INFO - [2024-08-30T03:53:27.601+0000] {dag.py:4138} INFO - Setting next_dagrun for dataset_with_extra_from_classic_operator to 2024-08-29 00:00:00+00:00, run_after=2024-08-30 00:00:00+00:00
[2024-08-30T03:53:27.618+0000] {processor.py:208} INFO - Processing /home/airflow/.local/lib/python3.12/site-packages/airflow/example_dags/example_outlet_event_extra.py took 0.171 seconds
[2024-08-30T03:53:59.018+0000] {processor.py:186} INFO - Started process (PID=1058) to work on /home/airflow/.local/lib/python3.12/site-packages/airflow/example_dags/example_outlet_event_extra.py
[2024-08-30T03:53:59.019+0000] {processor.py:914} INFO - Processing file /home/airflow/.local/lib/python3.12/site-packages/airflow/example_dags/example_outlet_event_extra.py for tasks to queue
[2024-08-30T03:53:59.020+0000] {logging_mixin.py:190} INFO - [2024-08-30T03:53:59.020+0000] {dagbag.py:587} INFO - Filling up the DagBag from /home/airflow/.local/lib/python3.12/site-packages/airflow/example_dags/example_outlet_event_extra.py
[2024-08-30T03:53:59.119+0000] {processor.py:925} INFO - DAG(s) 'dataset_with_extra_by_context', 'dataset_with_extra_by_yield', 'dataset_with_extra_from_classic_operator' retrieved from /home/airflow/.local/lib/python3.12/site-packages/airflow/example_dags/example_outlet_event_extra.py
[2024-08-30T03:53:59.140+0000] {logging_mixin.py:190} INFO - [2024-08-30T03:53:59.140+0000] {dag.py:3211} INFO - Sync 3 DAGs
[2024-08-30T03:53:59.156+0000] {logging_mixin.py:190} INFO - [2024-08-30T03:53:59.156+0000] {dag.py:4138} INFO - Setting next_dagrun for dataset_with_extra_by_context to 2024-08-29 00:00:00+00:00, run_after=2024-08-30 00:00:00+00:00
[2024-08-30T03:53:59.159+0000] {logging_mixin.py:190} INFO - [2024-08-30T03:53:59.159+0000] {dag.py:4138} INFO - Setting next_dagrun for dataset_with_extra_by_yield to 2024-08-29 00:00:00+00:00, run_after=2024-08-30 00:00:00+00:00
[2024-08-30T03:53:59.161+0000] {logging_mixin.py:190} INFO - [2024-08-30T03:53:59.161+0000] {dag.py:4138} INFO - Setting next_dagrun for dataset_with_extra_from_classic_operator to 2024-08-29 00:00:00+00:00, run_after=2024-08-30 00:00:00+00:00
[2024-08-30T03:53:59.184+0000] {processor.py:208} INFO - Processing /home/airflow/.local/lib/python3.12/site-packages/airflow/example_dags/example_outlet_event_extra.py took 0.171 seconds
[2024-08-30T03:54:29.976+0000] {processor.py:186} INFO - Started process (PID=1120) to work on /home/airflow/.local/lib/python3.12/site-packages/airflow/example_dags/example_outlet_event_extra.py
[2024-08-30T03:54:29.977+0000] {processor.py:914} INFO - Processing file /home/airflow/.local/lib/python3.12/site-packages/airflow/example_dags/example_outlet_event_extra.py for tasks to queue
[2024-08-30T03:54:29.978+0000] {logging_mixin.py:190} INFO - [2024-08-30T03:54:29.978+0000] {dagbag.py:587} INFO - Filling up the DagBag from /home/airflow/.local/lib/python3.12/site-packages/airflow/example_dags/example_outlet_event_extra.py
[2024-08-30T03:54:30.083+0000] {processor.py:925} INFO - DAG(s) 'dataset_with_extra_from_classic_operator', 'dataset_with_extra_by_context', 'dataset_with_extra_by_yield' retrieved from /home/airflow/.local/lib/python3.12/site-packages/airflow/example_dags/example_outlet_event_extra.py
[2024-08-30T03:54:30.105+0000] {logging_mixin.py:190} INFO - [2024-08-30T03:54:30.105+0000] {dag.py:3211} INFO - Sync 3 DAGs
[2024-08-30T03:54:30.124+0000] {logging_mixin.py:190} INFO - [2024-08-30T03:54:30.124+0000] {dag.py:4138} INFO - Setting next_dagrun for dataset_with_extra_by_context to 2024-08-29 00:00:00+00:00, run_after=2024-08-30 00:00:00+00:00
[2024-08-30T03:54:30.128+0000] {logging_mixin.py:190} INFO - [2024-08-30T03:54:30.128+0000] {dag.py:4138} INFO - Setting next_dagrun for dataset_with_extra_by_yield to 2024-08-29 00:00:00+00:00, run_after=2024-08-30 00:00:00+00:00
[2024-08-30T03:54:30.131+0000] {logging_mixin.py:190} INFO - [2024-08-30T03:54:30.130+0000] {dag.py:4138} INFO - Setting next_dagrun for dataset_with_extra_from_classic_operator to 2024-08-29 00:00:00+00:00, run_after=2024-08-30 00:00:00+00:00
[2024-08-30T03:54:30.151+0000] {processor.py:208} INFO - Processing /home/airflow/.local/lib/python3.12/site-packages/airflow/example_dags/example_outlet_event_extra.py took 0.179 seconds
