[2024-08-30T03:30:06.286+0000] {processor.py:186} INFO - Started process (PID=98) to work on /home/airflow/.local/lib/python3.12/site-packages/airflow/example_dags/example_skip_dag.py
[2024-08-30T03:30:06.287+0000] {processor.py:914} INFO - Processing file /home/airflow/.local/lib/python3.12/site-packages/airflow/example_dags/example_skip_dag.py for tasks to queue
[2024-08-30T03:30:06.289+0000] {logging_mixin.py:190} INFO - [2024-08-30T03:30:06.289+0000] {dagbag.py:587} INFO - Filling up the DagBag from /home/airflow/.local/lib/python3.12/site-packages/airflow/example_dags/example_skip_dag.py
[2024-08-30T03:30:06.296+0000] {processor.py:925} INFO - DAG(s) 'example_skip_dag' retrieved from /home/airflow/.local/lib/python3.12/site-packages/airflow/example_dags/example_skip_dag.py
[2024-08-30T03:30:06.317+0000] {logging_mixin.py:190} INFO - [2024-08-30T03:30:06.317+0000] {dag.py:3211} INFO - Sync 1 DAGs
[2024-08-30T03:30:06.335+0000] {logging_mixin.py:190} INFO - [2024-08-30T03:30:06.334+0000] {dag.py:4138} INFO - Setting next_dagrun for example_skip_dag to 2024-08-29 00:00:00+00:00, run_after=2024-08-30 00:00:00+00:00
[2024-08-30T03:30:06.355+0000] {processor.py:208} INFO - Processing /home/airflow/.local/lib/python3.12/site-packages/airflow/example_dags/example_skip_dag.py took 0.073 seconds
[2024-08-30T03:30:37.286+0000] {processor.py:186} INFO - Started process (PID=161) to work on /home/airflow/.local/lib/python3.12/site-packages/airflow/example_dags/example_skip_dag.py
[2024-08-30T03:30:37.287+0000] {processor.py:914} INFO - Processing file /home/airflow/.local/lib/python3.12/site-packages/airflow/example_dags/example_skip_dag.py for tasks to queue
[2024-08-30T03:30:37.289+0000] {logging_mixin.py:190} INFO - [2024-08-30T03:30:37.289+0000] {dagbag.py:587} INFO - Filling up the DagBag from /home/airflow/.local/lib/python3.12/site-packages/airflow/example_dags/example_skip_dag.py
[2024-08-30T03:30:37.295+0000] {processor.py:925} INFO - DAG(s) 'example_skip_dag' retrieved from /home/airflow/.local/lib/python3.12/site-packages/airflow/example_dags/example_skip_dag.py
[2024-08-30T03:30:37.313+0000] {logging_mixin.py:190} INFO - [2024-08-30T03:30:37.313+0000] {dag.py:3211} INFO - Sync 1 DAGs
[2024-08-30T03:30:37.334+0000] {logging_mixin.py:190} INFO - [2024-08-30T03:30:37.334+0000] {dag.py:4138} INFO - Setting next_dagrun for example_skip_dag to 2024-08-29 00:00:00+00:00, run_after=2024-08-30 00:00:00+00:00
[2024-08-30T03:30:37.354+0000] {processor.py:208} INFO - Processing /home/airflow/.local/lib/python3.12/site-packages/airflow/example_dags/example_skip_dag.py took 0.073 seconds
[2024-08-30T03:31:08.364+0000] {processor.py:186} INFO - Started process (PID=224) to work on /home/airflow/.local/lib/python3.12/site-packages/airflow/example_dags/example_skip_dag.py
[2024-08-30T03:31:08.365+0000] {processor.py:914} INFO - Processing file /home/airflow/.local/lib/python3.12/site-packages/airflow/example_dags/example_skip_dag.py for tasks to queue
[2024-08-30T03:31:08.367+0000] {logging_mixin.py:190} INFO - [2024-08-30T03:31:08.367+0000] {dagbag.py:587} INFO - Filling up the DagBag from /home/airflow/.local/lib/python3.12/site-packages/airflow/example_dags/example_skip_dag.py
[2024-08-30T03:31:08.373+0000] {processor.py:925} INFO - DAG(s) 'example_skip_dag' retrieved from /home/airflow/.local/lib/python3.12/site-packages/airflow/example_dags/example_skip_dag.py
[2024-08-30T03:31:08.389+0000] {logging_mixin.py:190} INFO - [2024-08-30T03:31:08.389+0000] {dag.py:3211} INFO - Sync 1 DAGs
[2024-08-30T03:31:08.405+0000] {logging_mixin.py:190} INFO - [2024-08-30T03:31:08.405+0000] {dag.py:4138} INFO - Setting next_dagrun for example_skip_dag to 2024-08-29 00:00:00+00:00, run_after=2024-08-30 00:00:00+00:00
[2024-08-30T03:31:08.421+0000] {processor.py:208} INFO - Processing /home/airflow/.local/lib/python3.12/site-packages/airflow/example_dags/example_skip_dag.py took 0.061 seconds
[2024-08-30T03:31:39.351+0000] {processor.py:186} INFO - Started process (PID=287) to work on /home/airflow/.local/lib/python3.12/site-packages/airflow/example_dags/example_skip_dag.py
[2024-08-30T03:31:39.353+0000] {processor.py:914} INFO - Processing file /home/airflow/.local/lib/python3.12/site-packages/airflow/example_dags/example_skip_dag.py for tasks to queue
[2024-08-30T03:31:39.355+0000] {logging_mixin.py:190} INFO - [2024-08-30T03:31:39.355+0000] {dagbag.py:587} INFO - Filling up the DagBag from /home/airflow/.local/lib/python3.12/site-packages/airflow/example_dags/example_skip_dag.py
[2024-08-30T03:31:39.361+0000] {processor.py:925} INFO - DAG(s) 'example_skip_dag' retrieved from /home/airflow/.local/lib/python3.12/site-packages/airflow/example_dags/example_skip_dag.py
[2024-08-30T03:31:39.380+0000] {logging_mixin.py:190} INFO - [2024-08-30T03:31:39.380+0000] {dag.py:3211} INFO - Sync 1 DAGs
[2024-08-30T03:31:39.398+0000] {logging_mixin.py:190} INFO - [2024-08-30T03:31:39.397+0000] {dag.py:4138} INFO - Setting next_dagrun for example_skip_dag to 2024-08-29 00:00:00+00:00, run_after=2024-08-30 00:00:00+00:00
[2024-08-30T03:31:39.416+0000] {processor.py:208} INFO - Processing /home/airflow/.local/lib/python3.12/site-packages/airflow/example_dags/example_skip_dag.py took 0.068 seconds
[2024-08-30T03:32:10.232+0000] {processor.py:186} INFO - Started process (PID=350) to work on /home/airflow/.local/lib/python3.12/site-packages/airflow/example_dags/example_skip_dag.py
[2024-08-30T03:32:10.242+0000] {processor.py:914} INFO - Processing file /home/airflow/.local/lib/python3.12/site-packages/airflow/example_dags/example_skip_dag.py for tasks to queue
[2024-08-30T03:32:10.245+0000] {logging_mixin.py:190} INFO - [2024-08-30T03:32:10.245+0000] {dagbag.py:587} INFO - Filling up the DagBag from /home/airflow/.local/lib/python3.12/site-packages/airflow/example_dags/example_skip_dag.py
[2024-08-30T03:32:10.263+0000] {processor.py:925} INFO - DAG(s) 'example_skip_dag' retrieved from /home/airflow/.local/lib/python3.12/site-packages/airflow/example_dags/example_skip_dag.py
[2024-08-30T03:32:10.290+0000] {logging_mixin.py:190} INFO - [2024-08-30T03:32:10.290+0000] {dag.py:3211} INFO - Sync 1 DAGs
[2024-08-30T03:32:10.322+0000] {logging_mixin.py:190} INFO - [2024-08-30T03:32:10.322+0000] {dag.py:4138} INFO - Setting next_dagrun for example_skip_dag to 2024-08-29 00:00:00+00:00, run_after=2024-08-30 00:00:00+00:00
[2024-08-30T03:32:10.342+0000] {processor.py:208} INFO - Processing /home/airflow/.local/lib/python3.12/site-packages/airflow/example_dags/example_skip_dag.py took 0.114 seconds
[2024-08-30T03:32:41.313+0000] {processor.py:186} INFO - Started process (PID=413) to work on /home/airflow/.local/lib/python3.12/site-packages/airflow/example_dags/example_skip_dag.py
[2024-08-30T03:32:41.316+0000] {processor.py:914} INFO - Processing file /home/airflow/.local/lib/python3.12/site-packages/airflow/example_dags/example_skip_dag.py for tasks to queue
[2024-08-30T03:32:41.324+0000] {logging_mixin.py:190} INFO - [2024-08-30T03:32:41.323+0000] {dagbag.py:587} INFO - Filling up the DagBag from /home/airflow/.local/lib/python3.12/site-packages/airflow/example_dags/example_skip_dag.py
[2024-08-30T03:32:41.329+0000] {processor.py:925} INFO - DAG(s) 'example_skip_dag' retrieved from /home/airflow/.local/lib/python3.12/site-packages/airflow/example_dags/example_skip_dag.py
[2024-08-30T03:32:41.352+0000] {logging_mixin.py:190} INFO - [2024-08-30T03:32:41.352+0000] {dag.py:3211} INFO - Sync 1 DAGs
[2024-08-30T03:32:41.368+0000] {logging_mixin.py:190} INFO - [2024-08-30T03:32:41.368+0000] {dag.py:4138} INFO - Setting next_dagrun for example_skip_dag to 2024-08-29 00:00:00+00:00, run_after=2024-08-30 00:00:00+00:00
[2024-08-30T03:32:41.386+0000] {processor.py:208} INFO - Processing /home/airflow/.local/lib/python3.12/site-packages/airflow/example_dags/example_skip_dag.py took 0.077 seconds
[2024-08-30T03:33:13.244+0000] {processor.py:186} INFO - Started process (PID=476) to work on /home/airflow/.local/lib/python3.12/site-packages/airflow/example_dags/example_skip_dag.py
[2024-08-30T03:33:13.245+0000] {processor.py:914} INFO - Processing file /home/airflow/.local/lib/python3.12/site-packages/airflow/example_dags/example_skip_dag.py for tasks to queue
[2024-08-30T03:33:13.247+0000] {logging_mixin.py:190} INFO - [2024-08-30T03:33:13.247+0000] {dagbag.py:587} INFO - Filling up the DagBag from /home/airflow/.local/lib/python3.12/site-packages/airflow/example_dags/example_skip_dag.py
[2024-08-30T03:33:13.253+0000] {processor.py:925} INFO - DAG(s) 'example_skip_dag' retrieved from /home/airflow/.local/lib/python3.12/site-packages/airflow/example_dags/example_skip_dag.py
[2024-08-30T03:33:13.271+0000] {logging_mixin.py:190} INFO - [2024-08-30T03:33:13.270+0000] {dag.py:3211} INFO - Sync 1 DAGs
[2024-08-30T03:33:13.287+0000] {logging_mixin.py:190} INFO - [2024-08-30T03:33:13.287+0000] {dag.py:4138} INFO - Setting next_dagrun for example_skip_dag to 2024-08-29 00:00:00+00:00, run_after=2024-08-30 00:00:00+00:00
[2024-08-30T03:33:13.304+0000] {processor.py:208} INFO - Processing /home/airflow/.local/lib/python3.12/site-packages/airflow/example_dags/example_skip_dag.py took 0.065 seconds
[2024-08-30T03:33:43.444+0000] {processor.py:186} INFO - Started process (PID=539) to work on /home/airflow/.local/lib/python3.12/site-packages/airflow/example_dags/example_skip_dag.py
[2024-08-30T03:33:43.445+0000] {processor.py:914} INFO - Processing file /home/airflow/.local/lib/python3.12/site-packages/airflow/example_dags/example_skip_dag.py for tasks to queue
[2024-08-30T03:33:43.448+0000] {logging_mixin.py:190} INFO - [2024-08-30T03:33:43.448+0000] {dagbag.py:587} INFO - Filling up the DagBag from /home/airflow/.local/lib/python3.12/site-packages/airflow/example_dags/example_skip_dag.py
[2024-08-30T03:33:43.455+0000] {processor.py:925} INFO - DAG(s) 'example_skip_dag' retrieved from /home/airflow/.local/lib/python3.12/site-packages/airflow/example_dags/example_skip_dag.py
[2024-08-30T03:33:43.470+0000] {logging_mixin.py:190} INFO - [2024-08-30T03:33:43.470+0000] {dag.py:3211} INFO - Sync 1 DAGs
[2024-08-30T03:33:43.486+0000] {logging_mixin.py:190} INFO - [2024-08-30T03:33:43.486+0000] {dag.py:4138} INFO - Setting next_dagrun for example_skip_dag to 2024-08-29 00:00:00+00:00, run_after=2024-08-30 00:00:00+00:00
[2024-08-30T03:33:43.502+0000] {processor.py:208} INFO - Processing /home/airflow/.local/lib/python3.12/site-packages/airflow/example_dags/example_skip_dag.py took 0.062 seconds
[2024-08-30T03:34:14.036+0000] {processor.py:186} INFO - Started process (PID=602) to work on /home/airflow/.local/lib/python3.12/site-packages/airflow/example_dags/example_skip_dag.py
[2024-08-30T03:34:14.037+0000] {processor.py:914} INFO - Processing file /home/airflow/.local/lib/python3.12/site-packages/airflow/example_dags/example_skip_dag.py for tasks to queue
[2024-08-30T03:34:14.039+0000] {logging_mixin.py:190} INFO - [2024-08-30T03:34:14.039+0000] {dagbag.py:587} INFO - Filling up the DagBag from /home/airflow/.local/lib/python3.12/site-packages/airflow/example_dags/example_skip_dag.py
[2024-08-30T03:34:14.045+0000] {processor.py:925} INFO - DAG(s) 'example_skip_dag' retrieved from /home/airflow/.local/lib/python3.12/site-packages/airflow/example_dags/example_skip_dag.py
[2024-08-30T03:34:14.062+0000] {logging_mixin.py:190} INFO - [2024-08-30T03:34:14.062+0000] {dag.py:3211} INFO - Sync 1 DAGs
[2024-08-30T03:34:14.081+0000] {logging_mixin.py:190} INFO - [2024-08-30T03:34:14.080+0000] {dag.py:4138} INFO - Setting next_dagrun for example_skip_dag to 2024-08-29 00:00:00+00:00, run_after=2024-08-30 00:00:00+00:00
[2024-08-30T03:34:14.099+0000] {processor.py:208} INFO - Processing /home/airflow/.local/lib/python3.12/site-packages/airflow/example_dags/example_skip_dag.py took 0.067 seconds
[2024-08-30T03:34:44.873+0000] {processor.py:186} INFO - Started process (PID=665) to work on /home/airflow/.local/lib/python3.12/site-packages/airflow/example_dags/example_skip_dag.py
[2024-08-30T03:34:44.875+0000] {processor.py:914} INFO - Processing file /home/airflow/.local/lib/python3.12/site-packages/airflow/example_dags/example_skip_dag.py for tasks to queue
[2024-08-30T03:34:44.877+0000] {logging_mixin.py:190} INFO - [2024-08-30T03:34:44.877+0000] {dagbag.py:587} INFO - Filling up the DagBag from /home/airflow/.local/lib/python3.12/site-packages/airflow/example_dags/example_skip_dag.py
[2024-08-30T03:34:44.883+0000] {processor.py:925} INFO - DAG(s) 'example_skip_dag' retrieved from /home/airflow/.local/lib/python3.12/site-packages/airflow/example_dags/example_skip_dag.py
[2024-08-30T03:34:44.901+0000] {logging_mixin.py:190} INFO - [2024-08-30T03:34:44.901+0000] {dag.py:3211} INFO - Sync 1 DAGs
[2024-08-30T03:34:44.918+0000] {logging_mixin.py:190} INFO - [2024-08-30T03:34:44.918+0000] {dag.py:4138} INFO - Setting next_dagrun for example_skip_dag to 2024-08-29 00:00:00+00:00, run_after=2024-08-30 00:00:00+00:00
[2024-08-30T03:34:44.937+0000] {processor.py:208} INFO - Processing /home/airflow/.local/lib/python3.12/site-packages/airflow/example_dags/example_skip_dag.py took 0.067 seconds
[2024-08-30T03:35:16.571+0000] {processor.py:186} INFO - Started process (PID=728) to work on /home/airflow/.local/lib/python3.12/site-packages/airflow/example_dags/example_skip_dag.py
[2024-08-30T03:35:16.581+0000] {processor.py:914} INFO - Processing file /home/airflow/.local/lib/python3.12/site-packages/airflow/example_dags/example_skip_dag.py for tasks to queue
[2024-08-30T03:35:16.584+0000] {logging_mixin.py:190} INFO - [2024-08-30T03:35:16.584+0000] {dagbag.py:587} INFO - Filling up the DagBag from /home/airflow/.local/lib/python3.12/site-packages/airflow/example_dags/example_skip_dag.py
[2024-08-30T03:35:16.591+0000] {processor.py:925} INFO - DAG(s) 'example_skip_dag' retrieved from /home/airflow/.local/lib/python3.12/site-packages/airflow/example_dags/example_skip_dag.py
[2024-08-30T03:35:16.613+0000] {logging_mixin.py:190} INFO - [2024-08-30T03:35:16.613+0000] {dag.py:3211} INFO - Sync 1 DAGs
[2024-08-30T03:35:16.629+0000] {logging_mixin.py:190} INFO - [2024-08-30T03:35:16.629+0000] {dag.py:4138} INFO - Setting next_dagrun for example_skip_dag to 2024-08-29 00:00:00+00:00, run_after=2024-08-30 00:00:00+00:00
[2024-08-30T03:35:16.684+0000] {processor.py:208} INFO - Processing /home/airflow/.local/lib/python3.12/site-packages/airflow/example_dags/example_skip_dag.py took 0.116 seconds
[2024-08-30T03:35:47.385+0000] {processor.py:186} INFO - Started process (PID=791) to work on /home/airflow/.local/lib/python3.12/site-packages/airflow/example_dags/example_skip_dag.py
[2024-08-30T03:35:47.386+0000] {processor.py:914} INFO - Processing file /home/airflow/.local/lib/python3.12/site-packages/airflow/example_dags/example_skip_dag.py for tasks to queue
[2024-08-30T03:35:47.388+0000] {logging_mixin.py:190} INFO - [2024-08-30T03:35:47.388+0000] {dagbag.py:587} INFO - Filling up the DagBag from /home/airflow/.local/lib/python3.12/site-packages/airflow/example_dags/example_skip_dag.py
[2024-08-30T03:35:47.395+0000] {processor.py:925} INFO - DAG(s) 'example_skip_dag' retrieved from /home/airflow/.local/lib/python3.12/site-packages/airflow/example_dags/example_skip_dag.py
[2024-08-30T03:35:47.410+0000] {logging_mixin.py:190} INFO - [2024-08-30T03:35:47.410+0000] {dag.py:3211} INFO - Sync 1 DAGs
[2024-08-30T03:35:47.425+0000] {logging_mixin.py:190} INFO - [2024-08-30T03:35:47.425+0000] {dag.py:4138} INFO - Setting next_dagrun for example_skip_dag to 2024-08-29 00:00:00+00:00, run_after=2024-08-30 00:00:00+00:00
[2024-08-30T03:35:47.441+0000] {processor.py:208} INFO - Processing /home/airflow/.local/lib/python3.12/site-packages/airflow/example_dags/example_skip_dag.py took 0.060 seconds
[2024-08-30T03:36:17.926+0000] {processor.py:186} INFO - Started process (PID=855) to work on /home/airflow/.local/lib/python3.12/site-packages/airflow/example_dags/example_skip_dag.py
[2024-08-30T03:36:17.927+0000] {processor.py:914} INFO - Processing file /home/airflow/.local/lib/python3.12/site-packages/airflow/example_dags/example_skip_dag.py for tasks to queue
[2024-08-30T03:36:17.929+0000] {logging_mixin.py:190} INFO - [2024-08-30T03:36:17.928+0000] {dagbag.py:587} INFO - Filling up the DagBag from /home/airflow/.local/lib/python3.12/site-packages/airflow/example_dags/example_skip_dag.py
[2024-08-30T03:36:17.935+0000] {processor.py:925} INFO - DAG(s) 'example_skip_dag' retrieved from /home/airflow/.local/lib/python3.12/site-packages/airflow/example_dags/example_skip_dag.py
[2024-08-30T03:36:17.952+0000] {logging_mixin.py:190} INFO - [2024-08-30T03:36:17.952+0000] {dag.py:3211} INFO - Sync 1 DAGs
[2024-08-30T03:36:17.970+0000] {logging_mixin.py:190} INFO - [2024-08-30T03:36:17.970+0000] {dag.py:4138} INFO - Setting next_dagrun for example_skip_dag to 2024-08-29 00:00:00+00:00, run_after=2024-08-30 00:00:00+00:00
[2024-08-30T03:36:17.986+0000] {processor.py:208} INFO - Processing /home/airflow/.local/lib/python3.12/site-packages/airflow/example_dags/example_skip_dag.py took 0.065 seconds
[2024-08-30T03:37:30.234+0000] {processor.py:186} INFO - Started process (PID=97) to work on /home/airflow/.local/lib/python3.12/site-packages/airflow/example_dags/example_skip_dag.py
[2024-08-30T03:37:30.235+0000] {processor.py:914} INFO - Processing file /home/airflow/.local/lib/python3.12/site-packages/airflow/example_dags/example_skip_dag.py for tasks to queue
[2024-08-30T03:37:30.237+0000] {logging_mixin.py:190} INFO - [2024-08-30T03:37:30.237+0000] {dagbag.py:587} INFO - Filling up the DagBag from /home/airflow/.local/lib/python3.12/site-packages/airflow/example_dags/example_skip_dag.py
[2024-08-30T03:37:30.243+0000] {processor.py:925} INFO - DAG(s) 'example_skip_dag' retrieved from /home/airflow/.local/lib/python3.12/site-packages/airflow/example_dags/example_skip_dag.py
[2024-08-30T03:37:30.261+0000] {logging_mixin.py:190} INFO - [2024-08-30T03:37:30.260+0000] {dag.py:3211} INFO - Sync 1 DAGs
[2024-08-30T03:37:30.277+0000] {logging_mixin.py:190} INFO - [2024-08-30T03:37:30.277+0000] {dag.py:4138} INFO - Setting next_dagrun for example_skip_dag to 2024-08-29 00:00:00+00:00, run_after=2024-08-30 00:00:00+00:00
[2024-08-30T03:37:30.301+0000] {processor.py:208} INFO - Processing /home/airflow/.local/lib/python3.12/site-packages/airflow/example_dags/example_skip_dag.py took 0.072 seconds
[2024-08-30T03:38:01.303+0000] {processor.py:186} INFO - Started process (PID=160) to work on /home/airflow/.local/lib/python3.12/site-packages/airflow/example_dags/example_skip_dag.py
[2024-08-30T03:38:01.305+0000] {processor.py:914} INFO - Processing file /home/airflow/.local/lib/python3.12/site-packages/airflow/example_dags/example_skip_dag.py for tasks to queue
[2024-08-30T03:38:01.308+0000] {logging_mixin.py:190} INFO - [2024-08-30T03:38:01.307+0000] {dagbag.py:587} INFO - Filling up the DagBag from /home/airflow/.local/lib/python3.12/site-packages/airflow/example_dags/example_skip_dag.py
[2024-08-30T03:38:01.314+0000] {processor.py:925} INFO - DAG(s) 'example_skip_dag' retrieved from /home/airflow/.local/lib/python3.12/site-packages/airflow/example_dags/example_skip_dag.py
[2024-08-30T03:38:01.331+0000] {logging_mixin.py:190} INFO - [2024-08-30T03:38:01.331+0000] {dag.py:3211} INFO - Sync 1 DAGs
[2024-08-30T03:38:01.346+0000] {logging_mixin.py:190} INFO - [2024-08-30T03:38:01.346+0000] {dag.py:4138} INFO - Setting next_dagrun for example_skip_dag to 2024-08-29 00:00:00+00:00, run_after=2024-08-30 00:00:00+00:00
[2024-08-30T03:38:01.363+0000] {processor.py:208} INFO - Processing /home/airflow/.local/lib/python3.12/site-packages/airflow/example_dags/example_skip_dag.py took 0.068 seconds
[2024-08-30T03:38:32.179+0000] {processor.py:186} INFO - Started process (PID=223) to work on /home/airflow/.local/lib/python3.12/site-packages/airflow/example_dags/example_skip_dag.py
[2024-08-30T03:38:32.180+0000] {processor.py:914} INFO - Processing file /home/airflow/.local/lib/python3.12/site-packages/airflow/example_dags/example_skip_dag.py for tasks to queue
[2024-08-30T03:38:32.182+0000] {logging_mixin.py:190} INFO - [2024-08-30T03:38:32.181+0000] {dagbag.py:587} INFO - Filling up the DagBag from /home/airflow/.local/lib/python3.12/site-packages/airflow/example_dags/example_skip_dag.py
[2024-08-30T03:38:32.187+0000] {processor.py:925} INFO - DAG(s) 'example_skip_dag' retrieved from /home/airflow/.local/lib/python3.12/site-packages/airflow/example_dags/example_skip_dag.py
[2024-08-30T03:38:32.202+0000] {logging_mixin.py:190} INFO - [2024-08-30T03:38:32.202+0000] {dag.py:3211} INFO - Sync 1 DAGs
[2024-08-30T03:38:32.218+0000] {logging_mixin.py:190} INFO - [2024-08-30T03:38:32.218+0000] {dag.py:4138} INFO - Setting next_dagrun for example_skip_dag to 2024-08-29 00:00:00+00:00, run_after=2024-08-30 00:00:00+00:00
[2024-08-30T03:38:32.232+0000] {processor.py:208} INFO - Processing /home/airflow/.local/lib/python3.12/site-packages/airflow/example_dags/example_skip_dag.py took 0.058 seconds
[2024-08-30T03:39:02.902+0000] {processor.py:186} INFO - Started process (PID=291) to work on /home/airflow/.local/lib/python3.12/site-packages/airflow/example_dags/example_skip_dag.py
[2024-08-30T03:39:02.903+0000] {processor.py:914} INFO - Processing file /home/airflow/.local/lib/python3.12/site-packages/airflow/example_dags/example_skip_dag.py for tasks to queue
[2024-08-30T03:39:02.905+0000] {logging_mixin.py:190} INFO - [2024-08-30T03:39:02.905+0000] {dagbag.py:587} INFO - Filling up the DagBag from /home/airflow/.local/lib/python3.12/site-packages/airflow/example_dags/example_skip_dag.py
[2024-08-30T03:39:02.911+0000] {processor.py:925} INFO - DAG(s) 'example_skip_dag' retrieved from /home/airflow/.local/lib/python3.12/site-packages/airflow/example_dags/example_skip_dag.py
[2024-08-30T03:39:02.927+0000] {logging_mixin.py:190} INFO - [2024-08-30T03:39:02.927+0000] {dag.py:3211} INFO - Sync 1 DAGs
[2024-08-30T03:39:02.942+0000] {logging_mixin.py:190} INFO - [2024-08-30T03:39:02.942+0000] {dag.py:4138} INFO - Setting next_dagrun for example_skip_dag to 2024-08-29 00:00:00+00:00, run_after=2024-08-30 00:00:00+00:00
[2024-08-30T03:39:02.957+0000] {processor.py:208} INFO - Processing /home/airflow/.local/lib/python3.12/site-packages/airflow/example_dags/example_skip_dag.py took 0.059 seconds
[2024-08-30T03:39:33.553+0000] {processor.py:186} INFO - Started process (PID=354) to work on /home/airflow/.local/lib/python3.12/site-packages/airflow/example_dags/example_skip_dag.py
[2024-08-30T03:39:33.555+0000] {processor.py:914} INFO - Processing file /home/airflow/.local/lib/python3.12/site-packages/airflow/example_dags/example_skip_dag.py for tasks to queue
[2024-08-30T03:39:33.557+0000] {logging_mixin.py:190} INFO - [2024-08-30T03:39:33.556+0000] {dagbag.py:587} INFO - Filling up the DagBag from /home/airflow/.local/lib/python3.12/site-packages/airflow/example_dags/example_skip_dag.py
[2024-08-30T03:39:33.564+0000] {processor.py:925} INFO - DAG(s) 'example_skip_dag' retrieved from /home/airflow/.local/lib/python3.12/site-packages/airflow/example_dags/example_skip_dag.py
[2024-08-30T03:39:33.580+0000] {logging_mixin.py:190} INFO - [2024-08-30T03:39:33.579+0000] {dag.py:3211} INFO - Sync 1 DAGs
[2024-08-30T03:39:33.597+0000] {logging_mixin.py:190} INFO - [2024-08-30T03:39:33.597+0000] {dag.py:4138} INFO - Setting next_dagrun for example_skip_dag to 2024-08-29 00:00:00+00:00, run_after=2024-08-30 00:00:00+00:00
[2024-08-30T03:39:33.614+0000] {processor.py:208} INFO - Processing /home/airflow/.local/lib/python3.12/site-packages/airflow/example_dags/example_skip_dag.py took 0.066 seconds
[2024-08-30T03:40:04.201+0000] {processor.py:186} INFO - Started process (PID=417) to work on /home/airflow/.local/lib/python3.12/site-packages/airflow/example_dags/example_skip_dag.py
[2024-08-30T03:40:04.202+0000] {processor.py:914} INFO - Processing file /home/airflow/.local/lib/python3.12/site-packages/airflow/example_dags/example_skip_dag.py for tasks to queue
[2024-08-30T03:40:04.204+0000] {logging_mixin.py:190} INFO - [2024-08-30T03:40:04.203+0000] {dagbag.py:587} INFO - Filling up the DagBag from /home/airflow/.local/lib/python3.12/site-packages/airflow/example_dags/example_skip_dag.py
[2024-08-30T03:40:04.209+0000] {processor.py:925} INFO - DAG(s) 'example_skip_dag' retrieved from /home/airflow/.local/lib/python3.12/site-packages/airflow/example_dags/example_skip_dag.py
[2024-08-30T03:40:04.225+0000] {logging_mixin.py:190} INFO - [2024-08-30T03:40:04.225+0000] {dag.py:3211} INFO - Sync 1 DAGs
[2024-08-30T03:40:04.245+0000] {logging_mixin.py:190} INFO - [2024-08-30T03:40:04.245+0000] {dag.py:4138} INFO - Setting next_dagrun for example_skip_dag to 2024-08-29 00:00:00+00:00, run_after=2024-08-30 00:00:00+00:00
[2024-08-30T03:40:04.260+0000] {processor.py:208} INFO - Processing /home/airflow/.local/lib/python3.12/site-packages/airflow/example_dags/example_skip_dag.py took 0.063 seconds
[2024-08-30T03:40:34.589+0000] {processor.py:186} INFO - Started process (PID=480) to work on /home/airflow/.local/lib/python3.12/site-packages/airflow/example_dags/example_skip_dag.py
[2024-08-30T03:40:34.590+0000] {processor.py:914} INFO - Processing file /home/airflow/.local/lib/python3.12/site-packages/airflow/example_dags/example_skip_dag.py for tasks to queue
[2024-08-30T03:40:34.592+0000] {logging_mixin.py:190} INFO - [2024-08-30T03:40:34.592+0000] {dagbag.py:587} INFO - Filling up the DagBag from /home/airflow/.local/lib/python3.12/site-packages/airflow/example_dags/example_skip_dag.py
[2024-08-30T03:40:34.598+0000] {processor.py:925} INFO - DAG(s) 'example_skip_dag' retrieved from /home/airflow/.local/lib/python3.12/site-packages/airflow/example_dags/example_skip_dag.py
[2024-08-30T03:40:34.614+0000] {logging_mixin.py:190} INFO - [2024-08-30T03:40:34.614+0000] {dag.py:3211} INFO - Sync 1 DAGs
[2024-08-30T03:40:34.633+0000] {logging_mixin.py:190} INFO - [2024-08-30T03:40:34.632+0000] {dag.py:4138} INFO - Setting next_dagrun for example_skip_dag to 2024-08-29 00:00:00+00:00, run_after=2024-08-30 00:00:00+00:00
[2024-08-30T03:40:34.648+0000] {processor.py:208} INFO - Processing /home/airflow/.local/lib/python3.12/site-packages/airflow/example_dags/example_skip_dag.py took 0.064 seconds
[2024-08-30T03:41:05.699+0000] {processor.py:186} INFO - Started process (PID=544) to work on /home/airflow/.local/lib/python3.12/site-packages/airflow/example_dags/example_skip_dag.py
[2024-08-30T03:41:05.700+0000] {processor.py:914} INFO - Processing file /home/airflow/.local/lib/python3.12/site-packages/airflow/example_dags/example_skip_dag.py for tasks to queue
[2024-08-30T03:41:05.702+0000] {logging_mixin.py:190} INFO - [2024-08-30T03:41:05.702+0000] {dagbag.py:587} INFO - Filling up the DagBag from /home/airflow/.local/lib/python3.12/site-packages/airflow/example_dags/example_skip_dag.py
[2024-08-30T03:41:05.709+0000] {processor.py:925} INFO - DAG(s) 'example_skip_dag' retrieved from /home/airflow/.local/lib/python3.12/site-packages/airflow/example_dags/example_skip_dag.py
[2024-08-30T03:41:05.726+0000] {logging_mixin.py:190} INFO - [2024-08-30T03:41:05.726+0000] {dag.py:3211} INFO - Sync 1 DAGs
[2024-08-30T03:41:05.741+0000] {logging_mixin.py:190} INFO - [2024-08-30T03:41:05.741+0000] {dag.py:4138} INFO - Setting next_dagrun for example_skip_dag to 2024-08-29 00:00:00+00:00, run_after=2024-08-30 00:00:00+00:00
[2024-08-30T03:41:05.757+0000] {processor.py:208} INFO - Processing /home/airflow/.local/lib/python3.12/site-packages/airflow/example_dags/example_skip_dag.py took 0.064 seconds
[2024-08-30T03:41:36.438+0000] {processor.py:186} INFO - Started process (PID=606) to work on /home/airflow/.local/lib/python3.12/site-packages/airflow/example_dags/example_skip_dag.py
[2024-08-30T03:41:36.438+0000] {processor.py:914} INFO - Processing file /home/airflow/.local/lib/python3.12/site-packages/airflow/example_dags/example_skip_dag.py for tasks to queue
[2024-08-30T03:41:36.441+0000] {logging_mixin.py:190} INFO - [2024-08-30T03:41:36.440+0000] {dagbag.py:587} INFO - Filling up the DagBag from /home/airflow/.local/lib/python3.12/site-packages/airflow/example_dags/example_skip_dag.py
[2024-08-30T03:41:36.446+0000] {processor.py:925} INFO - DAG(s) 'example_skip_dag' retrieved from /home/airflow/.local/lib/python3.12/site-packages/airflow/example_dags/example_skip_dag.py
[2024-08-30T03:41:36.463+0000] {logging_mixin.py:190} INFO - [2024-08-30T03:41:36.463+0000] {dag.py:3211} INFO - Sync 1 DAGs
[2024-08-30T03:41:36.481+0000] {logging_mixin.py:190} INFO - [2024-08-30T03:41:36.481+0000] {dag.py:4138} INFO - Setting next_dagrun for example_skip_dag to 2024-08-29 00:00:00+00:00, run_after=2024-08-30 00:00:00+00:00
[2024-08-30T03:41:36.497+0000] {processor.py:208} INFO - Processing /home/airflow/.local/lib/python3.12/site-packages/airflow/example_dags/example_skip_dag.py took 0.064 seconds
[2024-08-30T03:42:08.034+0000] {processor.py:186} INFO - Started process (PID=671) to work on /home/airflow/.local/lib/python3.12/site-packages/airflow/example_dags/example_skip_dag.py
[2024-08-30T03:42:08.034+0000] {processor.py:914} INFO - Processing file /home/airflow/.local/lib/python3.12/site-packages/airflow/example_dags/example_skip_dag.py for tasks to queue
[2024-08-30T03:42:08.036+0000] {logging_mixin.py:190} INFO - [2024-08-30T03:42:08.036+0000] {dagbag.py:587} INFO - Filling up the DagBag from /home/airflow/.local/lib/python3.12/site-packages/airflow/example_dags/example_skip_dag.py
[2024-08-30T03:42:08.042+0000] {processor.py:925} INFO - DAG(s) 'example_skip_dag' retrieved from /home/airflow/.local/lib/python3.12/site-packages/airflow/example_dags/example_skip_dag.py
[2024-08-30T03:42:08.057+0000] {logging_mixin.py:190} INFO - [2024-08-30T03:42:08.057+0000] {dag.py:3211} INFO - Sync 1 DAGs
[2024-08-30T03:42:08.072+0000] {logging_mixin.py:190} INFO - [2024-08-30T03:42:08.072+0000] {dag.py:4138} INFO - Setting next_dagrun for example_skip_dag to 2024-08-29 00:00:00+00:00, run_after=2024-08-30 00:00:00+00:00
[2024-08-30T03:42:08.087+0000] {processor.py:208} INFO - Processing /home/airflow/.local/lib/python3.12/site-packages/airflow/example_dags/example_skip_dag.py took 0.058 seconds
[2024-08-30T03:42:38.341+0000] {processor.py:186} INFO - Started process (PID=734) to work on /home/airflow/.local/lib/python3.12/site-packages/airflow/example_dags/example_skip_dag.py
[2024-08-30T03:42:38.342+0000] {processor.py:914} INFO - Processing file /home/airflow/.local/lib/python3.12/site-packages/airflow/example_dags/example_skip_dag.py for tasks to queue
[2024-08-30T03:42:38.344+0000] {logging_mixin.py:190} INFO - [2024-08-30T03:42:38.343+0000] {dagbag.py:587} INFO - Filling up the DagBag from /home/airflow/.local/lib/python3.12/site-packages/airflow/example_dags/example_skip_dag.py
[2024-08-30T03:42:38.349+0000] {processor.py:925} INFO - DAG(s) 'example_skip_dag' retrieved from /home/airflow/.local/lib/python3.12/site-packages/airflow/example_dags/example_skip_dag.py
[2024-08-30T03:42:38.365+0000] {logging_mixin.py:190} INFO - [2024-08-30T03:42:38.365+0000] {dag.py:3211} INFO - Sync 1 DAGs
[2024-08-30T03:42:38.391+0000] {logging_mixin.py:190} INFO - [2024-08-30T03:42:38.391+0000] {dag.py:4138} INFO - Setting next_dagrun for example_skip_dag to 2024-08-29 00:00:00+00:00, run_after=2024-08-30 00:00:00+00:00
[2024-08-30T03:42:38.409+0000] {processor.py:208} INFO - Processing /home/airflow/.local/lib/python3.12/site-packages/airflow/example_dags/example_skip_dag.py took 0.072 seconds
[2024-08-30T03:43:08.810+0000] {processor.py:186} INFO - Started process (PID=797) to work on /home/airflow/.local/lib/python3.12/site-packages/airflow/example_dags/example_skip_dag.py
[2024-08-30T03:43:08.811+0000] {processor.py:914} INFO - Processing file /home/airflow/.local/lib/python3.12/site-packages/airflow/example_dags/example_skip_dag.py for tasks to queue
[2024-08-30T03:43:08.818+0000] {logging_mixin.py:190} INFO - [2024-08-30T03:43:08.818+0000] {dagbag.py:587} INFO - Filling up the DagBag from /home/airflow/.local/lib/python3.12/site-packages/airflow/example_dags/example_skip_dag.py
[2024-08-30T03:43:08.829+0000] {processor.py:925} INFO - DAG(s) 'example_skip_dag' retrieved from /home/airflow/.local/lib/python3.12/site-packages/airflow/example_dags/example_skip_dag.py
[2024-08-30T03:43:08.855+0000] {logging_mixin.py:190} INFO - [2024-08-30T03:43:08.855+0000] {dag.py:3211} INFO - Sync 1 DAGs
[2024-08-30T03:43:08.880+0000] {logging_mixin.py:190} INFO - [2024-08-30T03:43:08.880+0000] {dag.py:4138} INFO - Setting next_dagrun for example_skip_dag to 2024-08-29 00:00:00+00:00, run_after=2024-08-30 00:00:00+00:00
[2024-08-30T03:43:08.898+0000] {processor.py:208} INFO - Processing /home/airflow/.local/lib/python3.12/site-packages/airflow/example_dags/example_skip_dag.py took 0.092 seconds
[2024-08-30T03:43:38.999+0000] {processor.py:186} INFO - Started process (PID=861) to work on /home/airflow/.local/lib/python3.12/site-packages/airflow/example_dags/example_skip_dag.py
[2024-08-30T03:43:39.000+0000] {processor.py:914} INFO - Processing file /home/airflow/.local/lib/python3.12/site-packages/airflow/example_dags/example_skip_dag.py for tasks to queue
[2024-08-30T03:43:39.002+0000] {logging_mixin.py:190} INFO - [2024-08-30T03:43:39.002+0000] {dagbag.py:587} INFO - Filling up the DagBag from /home/airflow/.local/lib/python3.12/site-packages/airflow/example_dags/example_skip_dag.py
[2024-08-30T03:43:39.008+0000] {processor.py:925} INFO - DAG(s) 'example_skip_dag' retrieved from /home/airflow/.local/lib/python3.12/site-packages/airflow/example_dags/example_skip_dag.py
[2024-08-30T03:43:39.025+0000] {logging_mixin.py:190} INFO - [2024-08-30T03:43:39.025+0000] {dag.py:3211} INFO - Sync 1 DAGs
[2024-08-30T03:43:39.042+0000] {logging_mixin.py:190} INFO - [2024-08-30T03:43:39.042+0000] {dag.py:4138} INFO - Setting next_dagrun for example_skip_dag to 2024-08-29 00:00:00+00:00, run_after=2024-08-30 00:00:00+00:00
[2024-08-30T03:43:39.060+0000] {processor.py:208} INFO - Processing /home/airflow/.local/lib/python3.12/site-packages/airflow/example_dags/example_skip_dag.py took 0.065 seconds
[2024-08-30T03:44:09.927+0000] {processor.py:186} INFO - Started process (PID=924) to work on /home/airflow/.local/lib/python3.12/site-packages/airflow/example_dags/example_skip_dag.py
[2024-08-30T03:44:09.928+0000] {processor.py:914} INFO - Processing file /home/airflow/.local/lib/python3.12/site-packages/airflow/example_dags/example_skip_dag.py for tasks to queue
[2024-08-30T03:44:09.930+0000] {logging_mixin.py:190} INFO - [2024-08-30T03:44:09.930+0000] {dagbag.py:587} INFO - Filling up the DagBag from /home/airflow/.local/lib/python3.12/site-packages/airflow/example_dags/example_skip_dag.py
[2024-08-30T03:44:09.935+0000] {processor.py:925} INFO - DAG(s) 'example_skip_dag' retrieved from /home/airflow/.local/lib/python3.12/site-packages/airflow/example_dags/example_skip_dag.py
[2024-08-30T03:44:09.950+0000] {logging_mixin.py:190} INFO - [2024-08-30T03:44:09.950+0000] {dag.py:3211} INFO - Sync 1 DAGs
[2024-08-30T03:44:09.965+0000] {logging_mixin.py:190} INFO - [2024-08-30T03:44:09.965+0000] {dag.py:4138} INFO - Setting next_dagrun for example_skip_dag to 2024-08-29 00:00:00+00:00, run_after=2024-08-30 00:00:00+00:00
[2024-08-30T03:44:09.982+0000] {processor.py:208} INFO - Processing /home/airflow/.local/lib/python3.12/site-packages/airflow/example_dags/example_skip_dag.py took 0.058 seconds
[2024-08-30T03:44:40.484+0000] {processor.py:186} INFO - Started process (PID=987) to work on /home/airflow/.local/lib/python3.12/site-packages/airflow/example_dags/example_skip_dag.py
[2024-08-30T03:44:40.485+0000] {processor.py:914} INFO - Processing file /home/airflow/.local/lib/python3.12/site-packages/airflow/example_dags/example_skip_dag.py for tasks to queue
[2024-08-30T03:44:40.488+0000] {logging_mixin.py:190} INFO - [2024-08-30T03:44:40.487+0000] {dagbag.py:587} INFO - Filling up the DagBag from /home/airflow/.local/lib/python3.12/site-packages/airflow/example_dags/example_skip_dag.py
[2024-08-30T03:44:40.494+0000] {processor.py:925} INFO - DAG(s) 'example_skip_dag' retrieved from /home/airflow/.local/lib/python3.12/site-packages/airflow/example_dags/example_skip_dag.py
[2024-08-30T03:44:40.511+0000] {logging_mixin.py:190} INFO - [2024-08-30T03:44:40.510+0000] {dag.py:3211} INFO - Sync 1 DAGs
[2024-08-30T03:44:40.529+0000] {logging_mixin.py:190} INFO - [2024-08-30T03:44:40.529+0000] {dag.py:4138} INFO - Setting next_dagrun for example_skip_dag to 2024-08-29 00:00:00+00:00, run_after=2024-08-30 00:00:00+00:00
[2024-08-30T03:44:40.546+0000] {processor.py:208} INFO - Processing /home/airflow/.local/lib/python3.12/site-packages/airflow/example_dags/example_skip_dag.py took 0.067 seconds
[2024-08-30T03:45:11.121+0000] {processor.py:186} INFO - Started process (PID=1050) to work on /home/airflow/.local/lib/python3.12/site-packages/airflow/example_dags/example_skip_dag.py
[2024-08-30T03:45:11.123+0000] {processor.py:914} INFO - Processing file /home/airflow/.local/lib/python3.12/site-packages/airflow/example_dags/example_skip_dag.py for tasks to queue
[2024-08-30T03:45:11.125+0000] {logging_mixin.py:190} INFO - [2024-08-30T03:45:11.124+0000] {dagbag.py:587} INFO - Filling up the DagBag from /home/airflow/.local/lib/python3.12/site-packages/airflow/example_dags/example_skip_dag.py
[2024-08-30T03:45:11.131+0000] {processor.py:925} INFO - DAG(s) 'example_skip_dag' retrieved from /home/airflow/.local/lib/python3.12/site-packages/airflow/example_dags/example_skip_dag.py
[2024-08-30T03:45:11.148+0000] {logging_mixin.py:190} INFO - [2024-08-30T03:45:11.147+0000] {dag.py:3211} INFO - Sync 1 DAGs
[2024-08-30T03:45:11.165+0000] {logging_mixin.py:190} INFO - [2024-08-30T03:45:11.164+0000] {dag.py:4138} INFO - Setting next_dagrun for example_skip_dag to 2024-08-29 00:00:00+00:00, run_after=2024-08-30 00:00:00+00:00
[2024-08-30T03:45:11.183+0000] {processor.py:208} INFO - Processing /home/airflow/.local/lib/python3.12/site-packages/airflow/example_dags/example_skip_dag.py took 0.066 seconds
[2024-08-30T03:46:15.114+0000] {processor.py:186} INFO - Started process (PID=91) to work on /home/airflow/.local/lib/python3.12/site-packages/airflow/example_dags/example_skip_dag.py
[2024-08-30T03:46:15.115+0000] {processor.py:914} INFO - Processing file /home/airflow/.local/lib/python3.12/site-packages/airflow/example_dags/example_skip_dag.py for tasks to queue
[2024-08-30T03:46:15.116+0000] {logging_mixin.py:190} INFO - [2024-08-30T03:46:15.116+0000] {dagbag.py:587} INFO - Filling up the DagBag from /home/airflow/.local/lib/python3.12/site-packages/airflow/example_dags/example_skip_dag.py
[2024-08-30T03:46:15.124+0000] {processor.py:925} INFO - DAG(s) 'example_skip_dag' retrieved from /home/airflow/.local/lib/python3.12/site-packages/airflow/example_dags/example_skip_dag.py
[2024-08-30T03:46:15.140+0000] {logging_mixin.py:190} INFO - [2024-08-30T03:46:15.140+0000] {dag.py:3211} INFO - Sync 1 DAGs
[2024-08-30T03:46:15.156+0000] {logging_mixin.py:190} INFO - [2024-08-30T03:46:15.155+0000] {dag.py:4138} INFO - Setting next_dagrun for example_skip_dag to 2024-08-29 00:00:00+00:00, run_after=2024-08-30 00:00:00+00:00
[2024-08-30T03:46:15.174+0000] {processor.py:208} INFO - Processing /home/airflow/.local/lib/python3.12/site-packages/airflow/example_dags/example_skip_dag.py took 0.064 seconds
[2024-08-30T03:46:45.407+0000] {processor.py:186} INFO - Started process (PID=154) to work on /home/airflow/.local/lib/python3.12/site-packages/airflow/example_dags/example_skip_dag.py
[2024-08-30T03:46:45.408+0000] {processor.py:914} INFO - Processing file /home/airflow/.local/lib/python3.12/site-packages/airflow/example_dags/example_skip_dag.py for tasks to queue
[2024-08-30T03:46:45.410+0000] {logging_mixin.py:190} INFO - [2024-08-30T03:46:45.410+0000] {dagbag.py:587} INFO - Filling up the DagBag from /home/airflow/.local/lib/python3.12/site-packages/airflow/example_dags/example_skip_dag.py
[2024-08-30T03:46:45.416+0000] {processor.py:925} INFO - DAG(s) 'example_skip_dag' retrieved from /home/airflow/.local/lib/python3.12/site-packages/airflow/example_dags/example_skip_dag.py
[2024-08-30T03:46:45.431+0000] {logging_mixin.py:190} INFO - [2024-08-30T03:46:45.431+0000] {dag.py:3211} INFO - Sync 1 DAGs
[2024-08-30T03:46:45.447+0000] {logging_mixin.py:190} INFO - [2024-08-30T03:46:45.447+0000] {dag.py:4138} INFO - Setting next_dagrun for example_skip_dag to 2024-08-29 00:00:00+00:00, run_after=2024-08-30 00:00:00+00:00
[2024-08-30T03:46:45.465+0000] {processor.py:208} INFO - Processing /home/airflow/.local/lib/python3.12/site-packages/airflow/example_dags/example_skip_dag.py took 0.061 seconds
[2024-08-30T03:47:16.540+0000] {processor.py:186} INFO - Started process (PID=217) to work on /home/airflow/.local/lib/python3.12/site-packages/airflow/example_dags/example_skip_dag.py
[2024-08-30T03:47:16.541+0000] {processor.py:914} INFO - Processing file /home/airflow/.local/lib/python3.12/site-packages/airflow/example_dags/example_skip_dag.py for tasks to queue
[2024-08-30T03:47:16.543+0000] {logging_mixin.py:190} INFO - [2024-08-30T03:47:16.543+0000] {dagbag.py:587} INFO - Filling up the DagBag from /home/airflow/.local/lib/python3.12/site-packages/airflow/example_dags/example_skip_dag.py
[2024-08-30T03:47:16.548+0000] {processor.py:925} INFO - DAG(s) 'example_skip_dag' retrieved from /home/airflow/.local/lib/python3.12/site-packages/airflow/example_dags/example_skip_dag.py
[2024-08-30T03:47:16.563+0000] {logging_mixin.py:190} INFO - [2024-08-30T03:47:16.563+0000] {dag.py:3211} INFO - Sync 1 DAGs
[2024-08-30T03:47:16.578+0000] {logging_mixin.py:190} INFO - [2024-08-30T03:47:16.578+0000] {dag.py:4138} INFO - Setting next_dagrun for example_skip_dag to 2024-08-29 00:00:00+00:00, run_after=2024-08-30 00:00:00+00:00
[2024-08-30T03:47:16.594+0000] {processor.py:208} INFO - Processing /home/airflow/.local/lib/python3.12/site-packages/airflow/example_dags/example_skip_dag.py took 0.058 seconds
[2024-08-30T03:47:46.934+0000] {processor.py:186} INFO - Started process (PID=280) to work on /home/airflow/.local/lib/python3.12/site-packages/airflow/example_dags/example_skip_dag.py
[2024-08-30T03:47:46.935+0000] {processor.py:914} INFO - Processing file /home/airflow/.local/lib/python3.12/site-packages/airflow/example_dags/example_skip_dag.py for tasks to queue
[2024-08-30T03:47:46.937+0000] {logging_mixin.py:190} INFO - [2024-08-30T03:47:46.937+0000] {dagbag.py:587} INFO - Filling up the DagBag from /home/airflow/.local/lib/python3.12/site-packages/airflow/example_dags/example_skip_dag.py
[2024-08-30T03:47:46.942+0000] {processor.py:925} INFO - DAG(s) 'example_skip_dag' retrieved from /home/airflow/.local/lib/python3.12/site-packages/airflow/example_dags/example_skip_dag.py
[2024-08-30T03:47:46.959+0000] {logging_mixin.py:190} INFO - [2024-08-30T03:47:46.959+0000] {dag.py:3211} INFO - Sync 1 DAGs
[2024-08-30T03:47:46.973+0000] {logging_mixin.py:190} INFO - [2024-08-30T03:47:46.973+0000] {dag.py:4138} INFO - Setting next_dagrun for example_skip_dag to 2024-08-29 00:00:00+00:00, run_after=2024-08-30 00:00:00+00:00
[2024-08-30T03:47:46.990+0000] {processor.py:208} INFO - Processing /home/airflow/.local/lib/python3.12/site-packages/airflow/example_dags/example_skip_dag.py took 0.061 seconds
[2024-08-30T03:48:17.527+0000] {processor.py:186} INFO - Started process (PID=348) to work on /home/airflow/.local/lib/python3.12/site-packages/airflow/example_dags/example_skip_dag.py
[2024-08-30T03:48:17.528+0000] {processor.py:914} INFO - Processing file /home/airflow/.local/lib/python3.12/site-packages/airflow/example_dags/example_skip_dag.py for tasks to queue
[2024-08-30T03:48:17.530+0000] {logging_mixin.py:190} INFO - [2024-08-30T03:48:17.530+0000] {dagbag.py:587} INFO - Filling up the DagBag from /home/airflow/.local/lib/python3.12/site-packages/airflow/example_dags/example_skip_dag.py
[2024-08-30T03:48:17.536+0000] {processor.py:925} INFO - DAG(s) 'example_skip_dag' retrieved from /home/airflow/.local/lib/python3.12/site-packages/airflow/example_dags/example_skip_dag.py
[2024-08-30T03:48:17.551+0000] {logging_mixin.py:190} INFO - [2024-08-30T03:48:17.550+0000] {dag.py:3211} INFO - Sync 1 DAGs
[2024-08-30T03:48:17.566+0000] {logging_mixin.py:190} INFO - [2024-08-30T03:48:17.565+0000] {dag.py:4138} INFO - Setting next_dagrun for example_skip_dag to 2024-08-29 00:00:00+00:00, run_after=2024-08-30 00:00:00+00:00
[2024-08-30T03:48:17.580+0000] {processor.py:208} INFO - Processing /home/airflow/.local/lib/python3.12/site-packages/airflow/example_dags/example_skip_dag.py took 0.056 seconds
[2024-08-30T03:48:48.419+0000] {processor.py:186} INFO - Started process (PID=416) to work on /home/airflow/.local/lib/python3.12/site-packages/airflow/example_dags/example_skip_dag.py
[2024-08-30T03:48:48.420+0000] {processor.py:914} INFO - Processing file /home/airflow/.local/lib/python3.12/site-packages/airflow/example_dags/example_skip_dag.py for tasks to queue
[2024-08-30T03:48:48.422+0000] {logging_mixin.py:190} INFO - [2024-08-30T03:48:48.422+0000] {dagbag.py:587} INFO - Filling up the DagBag from /home/airflow/.local/lib/python3.12/site-packages/airflow/example_dags/example_skip_dag.py
[2024-08-30T03:48:48.428+0000] {processor.py:925} INFO - DAG(s) 'example_skip_dag' retrieved from /home/airflow/.local/lib/python3.12/site-packages/airflow/example_dags/example_skip_dag.py
[2024-08-30T03:48:48.445+0000] {logging_mixin.py:190} INFO - [2024-08-30T03:48:48.445+0000] {dag.py:3211} INFO - Sync 1 DAGs
[2024-08-30T03:48:48.462+0000] {logging_mixin.py:190} INFO - [2024-08-30T03:48:48.462+0000] {dag.py:4138} INFO - Setting next_dagrun for example_skip_dag to 2024-08-29 00:00:00+00:00, run_after=2024-08-30 00:00:00+00:00
[2024-08-30T03:48:48.478+0000] {processor.py:208} INFO - Processing /home/airflow/.local/lib/python3.12/site-packages/airflow/example_dags/example_skip_dag.py took 0.064 seconds
[2024-08-30T03:49:18.889+0000] {processor.py:186} INFO - Started process (PID=479) to work on /home/airflow/.local/lib/python3.12/site-packages/airflow/example_dags/example_skip_dag.py
[2024-08-30T03:49:18.890+0000] {processor.py:914} INFO - Processing file /home/airflow/.local/lib/python3.12/site-packages/airflow/example_dags/example_skip_dag.py for tasks to queue
[2024-08-30T03:49:18.892+0000] {logging_mixin.py:190} INFO - [2024-08-30T03:49:18.891+0000] {dagbag.py:587} INFO - Filling up the DagBag from /home/airflow/.local/lib/python3.12/site-packages/airflow/example_dags/example_skip_dag.py
[2024-08-30T03:49:18.897+0000] {processor.py:925} INFO - DAG(s) 'example_skip_dag' retrieved from /home/airflow/.local/lib/python3.12/site-packages/airflow/example_dags/example_skip_dag.py
[2024-08-30T03:49:18.912+0000] {logging_mixin.py:190} INFO - [2024-08-30T03:49:18.912+0000] {dag.py:3211} INFO - Sync 1 DAGs
[2024-08-30T03:49:18.927+0000] {logging_mixin.py:190} INFO - [2024-08-30T03:49:18.927+0000] {dag.py:4138} INFO - Setting next_dagrun for example_skip_dag to 2024-08-29 00:00:00+00:00, run_after=2024-08-30 00:00:00+00:00
[2024-08-30T03:49:18.942+0000] {processor.py:208} INFO - Processing /home/airflow/.local/lib/python3.12/site-packages/airflow/example_dags/example_skip_dag.py took 0.058 seconds
[2024-08-30T03:49:49.942+0000] {processor.py:186} INFO - Started process (PID=542) to work on /home/airflow/.local/lib/python3.12/site-packages/airflow/example_dags/example_skip_dag.py
[2024-08-30T03:49:49.943+0000] {processor.py:914} INFO - Processing file /home/airflow/.local/lib/python3.12/site-packages/airflow/example_dags/example_skip_dag.py for tasks to queue
[2024-08-30T03:49:49.945+0000] {logging_mixin.py:190} INFO - [2024-08-30T03:49:49.945+0000] {dagbag.py:587} INFO - Filling up the DagBag from /home/airflow/.local/lib/python3.12/site-packages/airflow/example_dags/example_skip_dag.py
[2024-08-30T03:49:49.951+0000] {processor.py:925} INFO - DAG(s) 'example_skip_dag' retrieved from /home/airflow/.local/lib/python3.12/site-packages/airflow/example_dags/example_skip_dag.py
[2024-08-30T03:49:49.968+0000] {logging_mixin.py:190} INFO - [2024-08-30T03:49:49.968+0000] {dag.py:3211} INFO - Sync 1 DAGs
[2024-08-30T03:49:49.985+0000] {logging_mixin.py:190} INFO - [2024-08-30T03:49:49.985+0000] {dag.py:4138} INFO - Setting next_dagrun for example_skip_dag to 2024-08-29 00:00:00+00:00, run_after=2024-08-30 00:00:00+00:00
[2024-08-30T03:49:50.003+0000] {processor.py:208} INFO - Processing /home/airflow/.local/lib/python3.12/site-packages/airflow/example_dags/example_skip_dag.py took 0.066 seconds
[2024-08-30T03:50:20.928+0000] {processor.py:186} INFO - Started process (PID=605) to work on /home/airflow/.local/lib/python3.12/site-packages/airflow/example_dags/example_skip_dag.py
[2024-08-30T03:50:20.929+0000] {processor.py:914} INFO - Processing file /home/airflow/.local/lib/python3.12/site-packages/airflow/example_dags/example_skip_dag.py for tasks to queue
[2024-08-30T03:50:20.931+0000] {logging_mixin.py:190} INFO - [2024-08-30T03:50:20.931+0000] {dagbag.py:587} INFO - Filling up the DagBag from /home/airflow/.local/lib/python3.12/site-packages/airflow/example_dags/example_skip_dag.py
[2024-08-30T03:50:20.937+0000] {processor.py:925} INFO - DAG(s) 'example_skip_dag' retrieved from /home/airflow/.local/lib/python3.12/site-packages/airflow/example_dags/example_skip_dag.py
[2024-08-30T03:50:20.953+0000] {logging_mixin.py:190} INFO - [2024-08-30T03:50:20.953+0000] {dag.py:3211} INFO - Sync 1 DAGs
[2024-08-30T03:50:20.969+0000] {logging_mixin.py:190} INFO - [2024-08-30T03:50:20.969+0000] {dag.py:4138} INFO - Setting next_dagrun for example_skip_dag to 2024-08-29 00:00:00+00:00, run_after=2024-08-30 00:00:00+00:00
[2024-08-30T03:50:20.987+0000] {processor.py:208} INFO - Processing /home/airflow/.local/lib/python3.12/site-packages/airflow/example_dags/example_skip_dag.py took 0.063 seconds
[2024-08-30T03:50:51.635+0000] {processor.py:186} INFO - Started process (PID=668) to work on /home/airflow/.local/lib/python3.12/site-packages/airflow/example_dags/example_skip_dag.py
[2024-08-30T03:50:51.636+0000] {processor.py:914} INFO - Processing file /home/airflow/.local/lib/python3.12/site-packages/airflow/example_dags/example_skip_dag.py for tasks to queue
[2024-08-30T03:50:51.638+0000] {logging_mixin.py:190} INFO - [2024-08-30T03:50:51.637+0000] {dagbag.py:587} INFO - Filling up the DagBag from /home/airflow/.local/lib/python3.12/site-packages/airflow/example_dags/example_skip_dag.py
[2024-08-30T03:50:51.643+0000] {processor.py:925} INFO - DAG(s) 'example_skip_dag' retrieved from /home/airflow/.local/lib/python3.12/site-packages/airflow/example_dags/example_skip_dag.py
[2024-08-30T03:50:51.660+0000] {logging_mixin.py:190} INFO - [2024-08-30T03:50:51.659+0000] {dag.py:3211} INFO - Sync 1 DAGs
[2024-08-30T03:50:51.677+0000] {logging_mixin.py:190} INFO - [2024-08-30T03:50:51.677+0000] {dag.py:4138} INFO - Setting next_dagrun for example_skip_dag to 2024-08-29 00:00:00+00:00, run_after=2024-08-30 00:00:00+00:00
[2024-08-30T03:50:51.693+0000] {processor.py:208} INFO - Processing /home/airflow/.local/lib/python3.12/site-packages/airflow/example_dags/example_skip_dag.py took 0.062 seconds
[2024-08-30T03:51:21.912+0000] {processor.py:186} INFO - Started process (PID=731) to work on /home/airflow/.local/lib/python3.12/site-packages/airflow/example_dags/example_skip_dag.py
[2024-08-30T03:51:21.914+0000] {processor.py:914} INFO - Processing file /home/airflow/.local/lib/python3.12/site-packages/airflow/example_dags/example_skip_dag.py for tasks to queue
[2024-08-30T03:51:21.916+0000] {logging_mixin.py:190} INFO - [2024-08-30T03:51:21.916+0000] {dagbag.py:587} INFO - Filling up the DagBag from /home/airflow/.local/lib/python3.12/site-packages/airflow/example_dags/example_skip_dag.py
[2024-08-30T03:51:21.922+0000] {processor.py:925} INFO - DAG(s) 'example_skip_dag' retrieved from /home/airflow/.local/lib/python3.12/site-packages/airflow/example_dags/example_skip_dag.py
[2024-08-30T03:51:21.939+0000] {logging_mixin.py:190} INFO - [2024-08-30T03:51:21.939+0000] {dag.py:3211} INFO - Sync 1 DAGs
[2024-08-30T03:51:21.957+0000] {logging_mixin.py:190} INFO - [2024-08-30T03:51:21.957+0000] {dag.py:4138} INFO - Setting next_dagrun for example_skip_dag to 2024-08-29 00:00:00+00:00, run_after=2024-08-30 00:00:00+00:00
[2024-08-30T03:51:21.974+0000] {processor.py:208} INFO - Processing /home/airflow/.local/lib/python3.12/site-packages/airflow/example_dags/example_skip_dag.py took 0.066 seconds
[2024-08-30T03:51:52.346+0000] {processor.py:186} INFO - Started process (PID=794) to work on /home/airflow/.local/lib/python3.12/site-packages/airflow/example_dags/example_skip_dag.py
[2024-08-30T03:51:52.347+0000] {processor.py:914} INFO - Processing file /home/airflow/.local/lib/python3.12/site-packages/airflow/example_dags/example_skip_dag.py for tasks to queue
[2024-08-30T03:51:52.349+0000] {logging_mixin.py:190} INFO - [2024-08-30T03:51:52.348+0000] {dagbag.py:587} INFO - Filling up the DagBag from /home/airflow/.local/lib/python3.12/site-packages/airflow/example_dags/example_skip_dag.py
[2024-08-30T03:51:52.355+0000] {processor.py:925} INFO - DAG(s) 'example_skip_dag' retrieved from /home/airflow/.local/lib/python3.12/site-packages/airflow/example_dags/example_skip_dag.py
[2024-08-30T03:51:52.371+0000] {logging_mixin.py:190} INFO - [2024-08-30T03:51:52.371+0000] {dag.py:3211} INFO - Sync 1 DAGs
[2024-08-30T03:51:52.388+0000] {logging_mixin.py:190} INFO - [2024-08-30T03:51:52.388+0000] {dag.py:4138} INFO - Setting next_dagrun for example_skip_dag to 2024-08-29 00:00:00+00:00, run_after=2024-08-30 00:00:00+00:00
[2024-08-30T03:51:52.405+0000] {processor.py:208} INFO - Processing /home/airflow/.local/lib/python3.12/site-packages/airflow/example_dags/example_skip_dag.py took 0.063 seconds
[2024-08-30T03:52:23.041+0000] {processor.py:186} INFO - Started process (PID=857) to work on /home/airflow/.local/lib/python3.12/site-packages/airflow/example_dags/example_skip_dag.py
[2024-08-30T03:52:23.042+0000] {processor.py:914} INFO - Processing file /home/airflow/.local/lib/python3.12/site-packages/airflow/example_dags/example_skip_dag.py for tasks to queue
[2024-08-30T03:52:23.043+0000] {logging_mixin.py:190} INFO - [2024-08-30T03:52:23.043+0000] {dagbag.py:587} INFO - Filling up the DagBag from /home/airflow/.local/lib/python3.12/site-packages/airflow/example_dags/example_skip_dag.py
[2024-08-30T03:52:23.049+0000] {processor.py:925} INFO - DAG(s) 'example_skip_dag' retrieved from /home/airflow/.local/lib/python3.12/site-packages/airflow/example_dags/example_skip_dag.py
[2024-08-30T03:52:23.066+0000] {logging_mixin.py:190} INFO - [2024-08-30T03:52:23.066+0000] {dag.py:3211} INFO - Sync 1 DAGs
[2024-08-30T03:52:23.084+0000] {logging_mixin.py:190} INFO - [2024-08-30T03:52:23.084+0000] {dag.py:4138} INFO - Setting next_dagrun for example_skip_dag to 2024-08-29 00:00:00+00:00, run_after=2024-08-30 00:00:00+00:00
[2024-08-30T03:52:23.103+0000] {processor.py:208} INFO - Processing /home/airflow/.local/lib/python3.12/site-packages/airflow/example_dags/example_skip_dag.py took 0.067 seconds
[2024-08-30T03:52:54.032+0000] {processor.py:186} INFO - Started process (PID=920) to work on /home/airflow/.local/lib/python3.12/site-packages/airflow/example_dags/example_skip_dag.py
[2024-08-30T03:52:54.033+0000] {processor.py:914} INFO - Processing file /home/airflow/.local/lib/python3.12/site-packages/airflow/example_dags/example_skip_dag.py for tasks to queue
[2024-08-30T03:52:54.035+0000] {logging_mixin.py:190} INFO - [2024-08-30T03:52:54.035+0000] {dagbag.py:587} INFO - Filling up the DagBag from /home/airflow/.local/lib/python3.12/site-packages/airflow/example_dags/example_skip_dag.py
[2024-08-30T03:52:54.041+0000] {processor.py:925} INFO - DAG(s) 'example_skip_dag' retrieved from /home/airflow/.local/lib/python3.12/site-packages/airflow/example_dags/example_skip_dag.py
[2024-08-30T03:52:54.056+0000] {logging_mixin.py:190} INFO - [2024-08-30T03:52:54.055+0000] {dag.py:3211} INFO - Sync 1 DAGs
[2024-08-30T03:52:54.073+0000] {logging_mixin.py:190} INFO - [2024-08-30T03:52:54.073+0000] {dag.py:4138} INFO - Setting next_dagrun for example_skip_dag to 2024-08-29 00:00:00+00:00, run_after=2024-08-30 00:00:00+00:00
[2024-08-30T03:52:54.091+0000] {processor.py:208} INFO - Processing /home/airflow/.local/lib/python3.12/site-packages/airflow/example_dags/example_skip_dag.py took 0.064 seconds
[2024-08-30T03:53:26.517+0000] {processor.py:186} INFO - Started process (PID=983) to work on /home/airflow/.local/lib/python3.12/site-packages/airflow/example_dags/example_skip_dag.py
[2024-08-30T03:53:26.518+0000] {processor.py:914} INFO - Processing file /home/airflow/.local/lib/python3.12/site-packages/airflow/example_dags/example_skip_dag.py for tasks to queue
[2024-08-30T03:53:26.519+0000] {logging_mixin.py:190} INFO - [2024-08-30T03:53:26.518+0000] {dagbag.py:587} INFO - Filling up the DagBag from /home/airflow/.local/lib/python3.12/site-packages/airflow/example_dags/example_skip_dag.py
[2024-08-30T03:53:26.525+0000] {processor.py:925} INFO - DAG(s) 'example_skip_dag' retrieved from /home/airflow/.local/lib/python3.12/site-packages/airflow/example_dags/example_skip_dag.py
[2024-08-30T03:53:26.540+0000] {logging_mixin.py:190} INFO - [2024-08-30T03:53:26.539+0000] {dag.py:3211} INFO - Sync 1 DAGs
[2024-08-30T03:53:26.554+0000] {logging_mixin.py:190} INFO - [2024-08-30T03:53:26.554+0000] {dag.py:4138} INFO - Setting next_dagrun for example_skip_dag to 2024-08-29 00:00:00+00:00, run_after=2024-08-30 00:00:00+00:00
[2024-08-30T03:53:26.570+0000] {processor.py:208} INFO - Processing /home/airflow/.local/lib/python3.12/site-packages/airflow/example_dags/example_skip_dag.py took 0.057 seconds
[2024-08-30T03:53:56.707+0000] {processor.py:186} INFO - Started process (PID=1045) to work on /home/airflow/.local/lib/python3.12/site-packages/airflow/example_dags/example_skip_dag.py
[2024-08-30T03:53:56.713+0000] {processor.py:914} INFO - Processing file /home/airflow/.local/lib/python3.12/site-packages/airflow/example_dags/example_skip_dag.py for tasks to queue
[2024-08-30T03:53:56.715+0000] {logging_mixin.py:190} INFO - [2024-08-30T03:53:56.714+0000] {dagbag.py:587} INFO - Filling up the DagBag from /home/airflow/.local/lib/python3.12/site-packages/airflow/example_dags/example_skip_dag.py
[2024-08-30T03:53:56.721+0000] {processor.py:925} INFO - DAG(s) 'example_skip_dag' retrieved from /home/airflow/.local/lib/python3.12/site-packages/airflow/example_dags/example_skip_dag.py
[2024-08-30T03:53:56.736+0000] {logging_mixin.py:190} INFO - [2024-08-30T03:53:56.735+0000] {dag.py:3211} INFO - Sync 1 DAGs
[2024-08-30T03:53:56.753+0000] {logging_mixin.py:190} INFO - [2024-08-30T03:53:56.753+0000] {dag.py:4138} INFO - Setting next_dagrun for example_skip_dag to 2024-08-29 00:00:00+00:00, run_after=2024-08-30 00:00:00+00:00
[2024-08-30T03:53:56.768+0000] {processor.py:208} INFO - Processing /home/airflow/.local/lib/python3.12/site-packages/airflow/example_dags/example_skip_dag.py took 0.065 seconds
[2024-08-30T03:54:27.344+0000] {processor.py:186} INFO - Started process (PID=1108) to work on /home/airflow/.local/lib/python3.12/site-packages/airflow/example_dags/example_skip_dag.py
[2024-08-30T03:54:27.345+0000] {processor.py:914} INFO - Processing file /home/airflow/.local/lib/python3.12/site-packages/airflow/example_dags/example_skip_dag.py for tasks to queue
[2024-08-30T03:54:27.346+0000] {logging_mixin.py:190} INFO - [2024-08-30T03:54:27.345+0000] {dagbag.py:587} INFO - Filling up the DagBag from /home/airflow/.local/lib/python3.12/site-packages/airflow/example_dags/example_skip_dag.py
[2024-08-30T03:54:27.351+0000] {processor.py:925} INFO - DAG(s) 'example_skip_dag' retrieved from /home/airflow/.local/lib/python3.12/site-packages/airflow/example_dags/example_skip_dag.py
[2024-08-30T03:54:27.365+0000] {logging_mixin.py:190} INFO - [2024-08-30T03:54:27.365+0000] {dag.py:3211} INFO - Sync 1 DAGs
[2024-08-30T03:54:27.380+0000] {logging_mixin.py:190} INFO - [2024-08-30T03:54:27.380+0000] {dag.py:4138} INFO - Setting next_dagrun for example_skip_dag to 2024-08-29 00:00:00+00:00, run_after=2024-08-30 00:00:00+00:00
[2024-08-30T03:54:27.395+0000] {processor.py:208} INFO - Processing /home/airflow/.local/lib/python3.12/site-packages/airflow/example_dags/example_skip_dag.py took 0.056 seconds
