[2024-08-30T03:30:05.216+0000] {processor.py:186} INFO - Started process (PID=84) to work on /home/airflow/.local/lib/python3.12/site-packages/airflow/example_dags/example_task_group.py
[2024-08-30T03:30:05.217+0000] {processor.py:914} INFO - Processing file /home/airflow/.local/lib/python3.12/site-packages/airflow/example_dags/example_task_group.py for tasks to queue
[2024-08-30T03:30:05.219+0000] {logging_mixin.py:190} INFO - [2024-08-30T03:30:05.219+0000] {dagbag.py:587} INFO - Filling up the DagBag from /home/airflow/.local/lib/python3.12/site-packages/airflow/example_dags/example_task_group.py
[2024-08-30T03:30:05.226+0000] {processor.py:925} INFO - DAG(s) 'example_task_group' retrieved from /home/airflow/.local/lib/python3.12/site-packages/airflow/example_dags/example_task_group.py
[2024-08-30T03:30:05.245+0000] {logging_mixin.py:190} INFO - [2024-08-30T03:30:05.245+0000] {dag.py:3211} INFO - Sync 1 DAGs
[2024-08-30T03:30:05.267+0000] {logging_mixin.py:190} INFO - [2024-08-30T03:30:05.267+0000] {dag.py:4138} INFO - Setting next_dagrun for example_task_group to 2024-08-29 00:00:00+00:00, run_after=2024-08-30 00:00:00+00:00
[2024-08-30T03:30:05.284+0000] {processor.py:208} INFO - Processing /home/airflow/.local/lib/python3.12/site-packages/airflow/example_dags/example_task_group.py took 0.072 seconds
[2024-08-30T03:30:35.368+0000] {processor.py:186} INFO - Started process (PID=147) to work on /home/airflow/.local/lib/python3.12/site-packages/airflow/example_dags/example_task_group.py
[2024-08-30T03:30:35.369+0000] {processor.py:914} INFO - Processing file /home/airflow/.local/lib/python3.12/site-packages/airflow/example_dags/example_task_group.py for tasks to queue
[2024-08-30T03:30:35.371+0000] {logging_mixin.py:190} INFO - [2024-08-30T03:30:35.370+0000] {dagbag.py:587} INFO - Filling up the DagBag from /home/airflow/.local/lib/python3.12/site-packages/airflow/example_dags/example_task_group.py
[2024-08-30T03:30:35.377+0000] {processor.py:925} INFO - DAG(s) 'example_task_group' retrieved from /home/airflow/.local/lib/python3.12/site-packages/airflow/example_dags/example_task_group.py
[2024-08-30T03:30:35.394+0000] {logging_mixin.py:190} INFO - [2024-08-30T03:30:35.394+0000] {dag.py:3211} INFO - Sync 1 DAGs
[2024-08-30T03:30:35.412+0000] {logging_mixin.py:190} INFO - [2024-08-30T03:30:35.412+0000] {dag.py:4138} INFO - Setting next_dagrun for example_task_group to 2024-08-29 00:00:00+00:00, run_after=2024-08-30 00:00:00+00:00
[2024-08-30T03:30:35.429+0000] {processor.py:208} INFO - Processing /home/airflow/.local/lib/python3.12/site-packages/airflow/example_dags/example_task_group.py took 0.065 seconds
[2024-08-30T03:31:06.421+0000] {processor.py:186} INFO - Started process (PID=210) to work on /home/airflow/.local/lib/python3.12/site-packages/airflow/example_dags/example_task_group.py
[2024-08-30T03:31:06.422+0000] {processor.py:914} INFO - Processing file /home/airflow/.local/lib/python3.12/site-packages/airflow/example_dags/example_task_group.py for tasks to queue
[2024-08-30T03:31:06.424+0000] {logging_mixin.py:190} INFO - [2024-08-30T03:31:06.424+0000] {dagbag.py:587} INFO - Filling up the DagBag from /home/airflow/.local/lib/python3.12/site-packages/airflow/example_dags/example_task_group.py
[2024-08-30T03:31:06.430+0000] {processor.py:925} INFO - DAG(s) 'example_task_group' retrieved from /home/airflow/.local/lib/python3.12/site-packages/airflow/example_dags/example_task_group.py
[2024-08-30T03:31:06.448+0000] {logging_mixin.py:190} INFO - [2024-08-30T03:31:06.448+0000] {dag.py:3211} INFO - Sync 1 DAGs
[2024-08-30T03:31:06.465+0000] {logging_mixin.py:190} INFO - [2024-08-30T03:31:06.465+0000] {dag.py:4138} INFO - Setting next_dagrun for example_task_group to 2024-08-29 00:00:00+00:00, run_after=2024-08-30 00:00:00+00:00
[2024-08-30T03:31:06.486+0000] {processor.py:208} INFO - Processing /home/airflow/.local/lib/python3.12/site-packages/airflow/example_dags/example_task_group.py took 0.070 seconds
[2024-08-30T03:31:37.093+0000] {processor.py:186} INFO - Started process (PID=273) to work on /home/airflow/.local/lib/python3.12/site-packages/airflow/example_dags/example_task_group.py
[2024-08-30T03:31:37.094+0000] {processor.py:914} INFO - Processing file /home/airflow/.local/lib/python3.12/site-packages/airflow/example_dags/example_task_group.py for tasks to queue
[2024-08-30T03:31:37.096+0000] {logging_mixin.py:190} INFO - [2024-08-30T03:31:37.096+0000] {dagbag.py:587} INFO - Filling up the DagBag from /home/airflow/.local/lib/python3.12/site-packages/airflow/example_dags/example_task_group.py
[2024-08-30T03:31:37.104+0000] {processor.py:925} INFO - DAG(s) 'example_task_group' retrieved from /home/airflow/.local/lib/python3.12/site-packages/airflow/example_dags/example_task_group.py
[2024-08-30T03:31:37.120+0000] {logging_mixin.py:190} INFO - [2024-08-30T03:31:37.120+0000] {dag.py:3211} INFO - Sync 1 DAGs
[2024-08-30T03:31:37.137+0000] {logging_mixin.py:190} INFO - [2024-08-30T03:31:37.137+0000] {dag.py:4138} INFO - Setting next_dagrun for example_task_group to 2024-08-29 00:00:00+00:00, run_after=2024-08-30 00:00:00+00:00
[2024-08-30T03:31:37.154+0000] {processor.py:208} INFO - Processing /home/airflow/.local/lib/python3.12/site-packages/airflow/example_dags/example_task_group.py took 0.066 seconds
[2024-08-30T03:32:09.387+0000] {processor.py:186} INFO - Started process (PID=336) to work on /home/airflow/.local/lib/python3.12/site-packages/airflow/example_dags/example_task_group.py
[2024-08-30T03:32:09.388+0000] {processor.py:914} INFO - Processing file /home/airflow/.local/lib/python3.12/site-packages/airflow/example_dags/example_task_group.py for tasks to queue
[2024-08-30T03:32:09.390+0000] {logging_mixin.py:190} INFO - [2024-08-30T03:32:09.390+0000] {dagbag.py:587} INFO - Filling up the DagBag from /home/airflow/.local/lib/python3.12/site-packages/airflow/example_dags/example_task_group.py
[2024-08-30T03:32:09.397+0000] {processor.py:925} INFO - DAG(s) 'example_task_group' retrieved from /home/airflow/.local/lib/python3.12/site-packages/airflow/example_dags/example_task_group.py
[2024-08-30T03:32:09.423+0000] {logging_mixin.py:190} INFO - [2024-08-30T03:32:09.423+0000] {dag.py:3211} INFO - Sync 1 DAGs
[2024-08-30T03:32:09.439+0000] {logging_mixin.py:190} INFO - [2024-08-30T03:32:09.439+0000] {dag.py:4138} INFO - Setting next_dagrun for example_task_group to 2024-08-29 00:00:00+00:00, run_after=2024-08-30 00:00:00+00:00
[2024-08-30T03:32:09.456+0000] {processor.py:208} INFO - Processing /home/airflow/.local/lib/python3.12/site-packages/airflow/example_dags/example_task_group.py took 0.074 seconds
[2024-08-30T03:32:40.175+0000] {processor.py:186} INFO - Started process (PID=399) to work on /home/airflow/.local/lib/python3.12/site-packages/airflow/example_dags/example_task_group.py
[2024-08-30T03:32:40.176+0000] {processor.py:914} INFO - Processing file /home/airflow/.local/lib/python3.12/site-packages/airflow/example_dags/example_task_group.py for tasks to queue
[2024-08-30T03:32:40.178+0000] {logging_mixin.py:190} INFO - [2024-08-30T03:32:40.178+0000] {dagbag.py:587} INFO - Filling up the DagBag from /home/airflow/.local/lib/python3.12/site-packages/airflow/example_dags/example_task_group.py
[2024-08-30T03:32:40.184+0000] {processor.py:925} INFO - DAG(s) 'example_task_group' retrieved from /home/airflow/.local/lib/python3.12/site-packages/airflow/example_dags/example_task_group.py
[2024-08-30T03:32:40.199+0000] {logging_mixin.py:190} INFO - [2024-08-30T03:32:40.199+0000] {dag.py:3211} INFO - Sync 1 DAGs
[2024-08-30T03:32:40.214+0000] {logging_mixin.py:190} INFO - [2024-08-30T03:32:40.214+0000] {dag.py:4138} INFO - Setting next_dagrun for example_task_group to 2024-08-29 00:00:00+00:00, run_after=2024-08-30 00:00:00+00:00
[2024-08-30T03:32:40.229+0000] {processor.py:208} INFO - Processing /home/airflow/.local/lib/python3.12/site-packages/airflow/example_dags/example_task_group.py took 0.058 seconds
[2024-08-30T03:33:11.619+0000] {processor.py:186} INFO - Started process (PID=462) to work on /home/airflow/.local/lib/python3.12/site-packages/airflow/example_dags/example_task_group.py
[2024-08-30T03:33:11.620+0000] {processor.py:914} INFO - Processing file /home/airflow/.local/lib/python3.12/site-packages/airflow/example_dags/example_task_group.py for tasks to queue
[2024-08-30T03:33:11.622+0000] {logging_mixin.py:190} INFO - [2024-08-30T03:33:11.622+0000] {dagbag.py:587} INFO - Filling up the DagBag from /home/airflow/.local/lib/python3.12/site-packages/airflow/example_dags/example_task_group.py
[2024-08-30T03:33:11.629+0000] {processor.py:925} INFO - DAG(s) 'example_task_group' retrieved from /home/airflow/.local/lib/python3.12/site-packages/airflow/example_dags/example_task_group.py
[2024-08-30T03:33:11.645+0000] {logging_mixin.py:190} INFO - [2024-08-30T03:33:11.645+0000] {dag.py:3211} INFO - Sync 1 DAGs
[2024-08-30T03:33:11.661+0000] {logging_mixin.py:190} INFO - [2024-08-30T03:33:11.661+0000] {dag.py:4138} INFO - Setting next_dagrun for example_task_group to 2024-08-29 00:00:00+00:00, run_after=2024-08-30 00:00:00+00:00
[2024-08-30T03:33:11.684+0000] {processor.py:208} INFO - Processing /home/airflow/.local/lib/python3.12/site-packages/airflow/example_dags/example_task_group.py took 0.071 seconds
[2024-08-30T03:33:42.096+0000] {processor.py:186} INFO - Started process (PID=525) to work on /home/airflow/.local/lib/python3.12/site-packages/airflow/example_dags/example_task_group.py
[2024-08-30T03:33:42.097+0000] {processor.py:914} INFO - Processing file /home/airflow/.local/lib/python3.12/site-packages/airflow/example_dags/example_task_group.py for tasks to queue
[2024-08-30T03:33:42.099+0000] {logging_mixin.py:190} INFO - [2024-08-30T03:33:42.099+0000] {dagbag.py:587} INFO - Filling up the DagBag from /home/airflow/.local/lib/python3.12/site-packages/airflow/example_dags/example_task_group.py
[2024-08-30T03:33:42.106+0000] {processor.py:925} INFO - DAG(s) 'example_task_group' retrieved from /home/airflow/.local/lib/python3.12/site-packages/airflow/example_dags/example_task_group.py
[2024-08-30T03:33:42.122+0000] {logging_mixin.py:190} INFO - [2024-08-30T03:33:42.122+0000] {dag.py:3211} INFO - Sync 1 DAGs
[2024-08-30T03:33:42.137+0000] {logging_mixin.py:190} INFO - [2024-08-30T03:33:42.137+0000] {dag.py:4138} INFO - Setting next_dagrun for example_task_group to 2024-08-29 00:00:00+00:00, run_after=2024-08-30 00:00:00+00:00
[2024-08-30T03:33:42.155+0000] {processor.py:208} INFO - Processing /home/airflow/.local/lib/python3.12/site-packages/airflow/example_dags/example_task_group.py took 0.063 seconds
[2024-08-30T03:34:12.816+0000] {processor.py:186} INFO - Started process (PID=588) to work on /home/airflow/.local/lib/python3.12/site-packages/airflow/example_dags/example_task_group.py
[2024-08-30T03:34:12.817+0000] {processor.py:914} INFO - Processing file /home/airflow/.local/lib/python3.12/site-packages/airflow/example_dags/example_task_group.py for tasks to queue
[2024-08-30T03:34:12.818+0000] {logging_mixin.py:190} INFO - [2024-08-30T03:34:12.818+0000] {dagbag.py:587} INFO - Filling up the DagBag from /home/airflow/.local/lib/python3.12/site-packages/airflow/example_dags/example_task_group.py
[2024-08-30T03:34:12.825+0000] {processor.py:925} INFO - DAG(s) 'example_task_group' retrieved from /home/airflow/.local/lib/python3.12/site-packages/airflow/example_dags/example_task_group.py
[2024-08-30T03:34:12.840+0000] {logging_mixin.py:190} INFO - [2024-08-30T03:34:12.840+0000] {dag.py:3211} INFO - Sync 1 DAGs
[2024-08-30T03:34:12.866+0000] {logging_mixin.py:190} INFO - [2024-08-30T03:34:12.866+0000] {dag.py:4138} INFO - Setting next_dagrun for example_task_group to 2024-08-29 00:00:00+00:00, run_after=2024-08-30 00:00:00+00:00
[2024-08-30T03:34:12.882+0000] {processor.py:208} INFO - Processing /home/airflow/.local/lib/python3.12/site-packages/airflow/example_dags/example_task_group.py took 0.071 seconds
[2024-08-30T03:34:43.593+0000] {processor.py:186} INFO - Started process (PID=651) to work on /home/airflow/.local/lib/python3.12/site-packages/airflow/example_dags/example_task_group.py
[2024-08-30T03:34:43.594+0000] {processor.py:914} INFO - Processing file /home/airflow/.local/lib/python3.12/site-packages/airflow/example_dags/example_task_group.py for tasks to queue
[2024-08-30T03:34:43.596+0000] {logging_mixin.py:190} INFO - [2024-08-30T03:34:43.596+0000] {dagbag.py:587} INFO - Filling up the DagBag from /home/airflow/.local/lib/python3.12/site-packages/airflow/example_dags/example_task_group.py
[2024-08-30T03:34:43.603+0000] {processor.py:925} INFO - DAG(s) 'example_task_group' retrieved from /home/airflow/.local/lib/python3.12/site-packages/airflow/example_dags/example_task_group.py
[2024-08-30T03:34:43.619+0000] {logging_mixin.py:190} INFO - [2024-08-30T03:34:43.618+0000] {dag.py:3211} INFO - Sync 1 DAGs
[2024-08-30T03:34:43.634+0000] {logging_mixin.py:190} INFO - [2024-08-30T03:34:43.634+0000] {dag.py:4138} INFO - Setting next_dagrun for example_task_group to 2024-08-29 00:00:00+00:00, run_after=2024-08-30 00:00:00+00:00
[2024-08-30T03:34:43.650+0000] {processor.py:208} INFO - Processing /home/airflow/.local/lib/python3.12/site-packages/airflow/example_dags/example_task_group.py took 0.061 seconds
[2024-08-30T03:35:14.656+0000] {processor.py:186} INFO - Started process (PID=714) to work on /home/airflow/.local/lib/python3.12/site-packages/airflow/example_dags/example_task_group.py
[2024-08-30T03:35:14.657+0000] {processor.py:914} INFO - Processing file /home/airflow/.local/lib/python3.12/site-packages/airflow/example_dags/example_task_group.py for tasks to queue
[2024-08-30T03:35:14.660+0000] {logging_mixin.py:190} INFO - [2024-08-30T03:35:14.660+0000] {dagbag.py:587} INFO - Filling up the DagBag from /home/airflow/.local/lib/python3.12/site-packages/airflow/example_dags/example_task_group.py
[2024-08-30T03:35:14.668+0000] {processor.py:925} INFO - DAG(s) 'example_task_group' retrieved from /home/airflow/.local/lib/python3.12/site-packages/airflow/example_dags/example_task_group.py
[2024-08-30T03:35:14.682+0000] {logging_mixin.py:190} INFO - [2024-08-30T03:35:14.681+0000] {dag.py:3211} INFO - Sync 1 DAGs
[2024-08-30T03:35:14.697+0000] {logging_mixin.py:190} INFO - [2024-08-30T03:35:14.697+0000] {dag.py:4138} INFO - Setting next_dagrun for example_task_group to 2024-08-29 00:00:00+00:00, run_after=2024-08-30 00:00:00+00:00
[2024-08-30T03:35:14.719+0000] {processor.py:208} INFO - Processing /home/airflow/.local/lib/python3.12/site-packages/airflow/example_dags/example_task_group.py took 0.067 seconds
[2024-08-30T03:35:45.392+0000] {processor.py:186} INFO - Started process (PID=777) to work on /home/airflow/.local/lib/python3.12/site-packages/airflow/example_dags/example_task_group.py
[2024-08-30T03:35:45.393+0000] {processor.py:914} INFO - Processing file /home/airflow/.local/lib/python3.12/site-packages/airflow/example_dags/example_task_group.py for tasks to queue
[2024-08-30T03:35:45.395+0000] {logging_mixin.py:190} INFO - [2024-08-30T03:35:45.394+0000] {dagbag.py:587} INFO - Filling up the DagBag from /home/airflow/.local/lib/python3.12/site-packages/airflow/example_dags/example_task_group.py
[2024-08-30T03:35:45.401+0000] {processor.py:925} INFO - DAG(s) 'example_task_group' retrieved from /home/airflow/.local/lib/python3.12/site-packages/airflow/example_dags/example_task_group.py
[2024-08-30T03:35:45.417+0000] {logging_mixin.py:190} INFO - [2024-08-30T03:35:45.417+0000] {dag.py:3211} INFO - Sync 1 DAGs
[2024-08-30T03:35:45.434+0000] {logging_mixin.py:190} INFO - [2024-08-30T03:35:45.434+0000] {dag.py:4138} INFO - Setting next_dagrun for example_task_group to 2024-08-29 00:00:00+00:00, run_after=2024-08-30 00:00:00+00:00
[2024-08-30T03:35:45.450+0000] {processor.py:208} INFO - Processing /home/airflow/.local/lib/python3.12/site-packages/airflow/example_dags/example_task_group.py took 0.062 seconds
[2024-08-30T03:36:16.350+0000] {processor.py:186} INFO - Started process (PID=840) to work on /home/airflow/.local/lib/python3.12/site-packages/airflow/example_dags/example_task_group.py
[2024-08-30T03:36:16.351+0000] {processor.py:914} INFO - Processing file /home/airflow/.local/lib/python3.12/site-packages/airflow/example_dags/example_task_group.py for tasks to queue
[2024-08-30T03:36:16.352+0000] {logging_mixin.py:190} INFO - [2024-08-30T03:36:16.352+0000] {dagbag.py:587} INFO - Filling up the DagBag from /home/airflow/.local/lib/python3.12/site-packages/airflow/example_dags/example_task_group.py
[2024-08-30T03:36:16.359+0000] {processor.py:925} INFO - DAG(s) 'example_task_group' retrieved from /home/airflow/.local/lib/python3.12/site-packages/airflow/example_dags/example_task_group.py
[2024-08-30T03:36:16.373+0000] {logging_mixin.py:190} INFO - [2024-08-30T03:36:16.373+0000] {dag.py:3211} INFO - Sync 1 DAGs
[2024-08-30T03:36:16.388+0000] {logging_mixin.py:190} INFO - [2024-08-30T03:36:16.388+0000] {dag.py:4138} INFO - Setting next_dagrun for example_task_group to 2024-08-29 00:00:00+00:00, run_after=2024-08-30 00:00:00+00:00
[2024-08-30T03:36:16.404+0000] {processor.py:208} INFO - Processing /home/airflow/.local/lib/python3.12/site-packages/airflow/example_dags/example_task_group.py took 0.058 seconds
[2024-08-30T03:37:29.208+0000] {processor.py:186} INFO - Started process (PID=83) to work on /home/airflow/.local/lib/python3.12/site-packages/airflow/example_dags/example_task_group.py
[2024-08-30T03:37:29.210+0000] {processor.py:914} INFO - Processing file /home/airflow/.local/lib/python3.12/site-packages/airflow/example_dags/example_task_group.py for tasks to queue
[2024-08-30T03:37:29.212+0000] {logging_mixin.py:190} INFO - [2024-08-30T03:37:29.212+0000] {dagbag.py:587} INFO - Filling up the DagBag from /home/airflow/.local/lib/python3.12/site-packages/airflow/example_dags/example_task_group.py
[2024-08-30T03:37:29.219+0000] {processor.py:925} INFO - DAG(s) 'example_task_group' retrieved from /home/airflow/.local/lib/python3.12/site-packages/airflow/example_dags/example_task_group.py
[2024-08-30T03:37:29.237+0000] {logging_mixin.py:190} INFO - [2024-08-30T03:37:29.237+0000] {dag.py:3211} INFO - Sync 1 DAGs
[2024-08-30T03:37:29.254+0000] {logging_mixin.py:190} INFO - [2024-08-30T03:37:29.253+0000] {dag.py:4138} INFO - Setting next_dagrun for example_task_group to 2024-08-29 00:00:00+00:00, run_after=2024-08-30 00:00:00+00:00
[2024-08-30T03:37:29.272+0000] {processor.py:208} INFO - Processing /home/airflow/.local/lib/python3.12/site-packages/airflow/example_dags/example_task_group.py took 0.069 seconds
[2024-08-30T03:38:00.229+0000] {processor.py:186} INFO - Started process (PID=146) to work on /home/airflow/.local/lib/python3.12/site-packages/airflow/example_dags/example_task_group.py
[2024-08-30T03:38:00.230+0000] {processor.py:914} INFO - Processing file /home/airflow/.local/lib/python3.12/site-packages/airflow/example_dags/example_task_group.py for tasks to queue
[2024-08-30T03:38:00.232+0000] {logging_mixin.py:190} INFO - [2024-08-30T03:38:00.231+0000] {dagbag.py:587} INFO - Filling up the DagBag from /home/airflow/.local/lib/python3.12/site-packages/airflow/example_dags/example_task_group.py
[2024-08-30T03:38:00.238+0000] {processor.py:925} INFO - DAG(s) 'example_task_group' retrieved from /home/airflow/.local/lib/python3.12/site-packages/airflow/example_dags/example_task_group.py
[2024-08-30T03:38:00.253+0000] {logging_mixin.py:190} INFO - [2024-08-30T03:38:00.253+0000] {dag.py:3211} INFO - Sync 1 DAGs
[2024-08-30T03:38:00.268+0000] {logging_mixin.py:190} INFO - [2024-08-30T03:38:00.268+0000] {dag.py:4138} INFO - Setting next_dagrun for example_task_group to 2024-08-29 00:00:00+00:00, run_after=2024-08-30 00:00:00+00:00
[2024-08-30T03:38:00.283+0000] {processor.py:208} INFO - Processing /home/airflow/.local/lib/python3.12/site-packages/airflow/example_dags/example_task_group.py took 0.059 seconds
[2024-08-30T03:38:30.406+0000] {processor.py:186} INFO - Started process (PID=209) to work on /home/airflow/.local/lib/python3.12/site-packages/airflow/example_dags/example_task_group.py
[2024-08-30T03:38:30.408+0000] {processor.py:914} INFO - Processing file /home/airflow/.local/lib/python3.12/site-packages/airflow/example_dags/example_task_group.py for tasks to queue
[2024-08-30T03:38:30.410+0000] {logging_mixin.py:190} INFO - [2024-08-30T03:38:30.410+0000] {dagbag.py:587} INFO - Filling up the DagBag from /home/airflow/.local/lib/python3.12/site-packages/airflow/example_dags/example_task_group.py
[2024-08-30T03:38:30.416+0000] {processor.py:925} INFO - DAG(s) 'example_task_group' retrieved from /home/airflow/.local/lib/python3.12/site-packages/airflow/example_dags/example_task_group.py
[2024-08-30T03:38:30.432+0000] {logging_mixin.py:190} INFO - [2024-08-30T03:38:30.431+0000] {dag.py:3211} INFO - Sync 1 DAGs
[2024-08-30T03:38:30.448+0000] {logging_mixin.py:190} INFO - [2024-08-30T03:38:30.447+0000] {dag.py:4138} INFO - Setting next_dagrun for example_task_group to 2024-08-29 00:00:00+00:00, run_after=2024-08-30 00:00:00+00:00
[2024-08-30T03:38:30.463+0000] {processor.py:208} INFO - Processing /home/airflow/.local/lib/python3.12/site-packages/airflow/example_dags/example_task_group.py took 0.061 seconds
[2024-08-30T03:39:01.047+0000] {processor.py:186} INFO - Started process (PID=272) to work on /home/airflow/.local/lib/python3.12/site-packages/airflow/example_dags/example_task_group.py
[2024-08-30T03:39:01.048+0000] {processor.py:914} INFO - Processing file /home/airflow/.local/lib/python3.12/site-packages/airflow/example_dags/example_task_group.py for tasks to queue
[2024-08-30T03:39:01.050+0000] {logging_mixin.py:190} INFO - [2024-08-30T03:39:01.050+0000] {dagbag.py:587} INFO - Filling up the DagBag from /home/airflow/.local/lib/python3.12/site-packages/airflow/example_dags/example_task_group.py
[2024-08-30T03:39:01.057+0000] {processor.py:925} INFO - DAG(s) 'example_task_group' retrieved from /home/airflow/.local/lib/python3.12/site-packages/airflow/example_dags/example_task_group.py
[2024-08-30T03:39:01.075+0000] {logging_mixin.py:190} INFO - [2024-08-30T03:39:01.075+0000] {dag.py:3211} INFO - Sync 1 DAGs
[2024-08-30T03:39:01.091+0000] {logging_mixin.py:190} INFO - [2024-08-30T03:39:01.091+0000] {dag.py:4138} INFO - Setting next_dagrun for example_task_group to 2024-08-29 00:00:00+00:00, run_after=2024-08-30 00:00:00+00:00
[2024-08-30T03:39:01.108+0000] {processor.py:208} INFO - Processing /home/airflow/.local/lib/python3.12/site-packages/airflow/example_dags/example_task_group.py took 0.065 seconds
[2024-08-30T03:39:31.781+0000] {processor.py:186} INFO - Started process (PID=335) to work on /home/airflow/.local/lib/python3.12/site-packages/airflow/example_dags/example_task_group.py
[2024-08-30T03:39:31.782+0000] {processor.py:914} INFO - Processing file /home/airflow/.local/lib/python3.12/site-packages/airflow/example_dags/example_task_group.py for tasks to queue
[2024-08-30T03:39:31.784+0000] {logging_mixin.py:190} INFO - [2024-08-30T03:39:31.784+0000] {dagbag.py:587} INFO - Filling up the DagBag from /home/airflow/.local/lib/python3.12/site-packages/airflow/example_dags/example_task_group.py
[2024-08-30T03:39:31.791+0000] {processor.py:925} INFO - DAG(s) 'example_task_group' retrieved from /home/airflow/.local/lib/python3.12/site-packages/airflow/example_dags/example_task_group.py
[2024-08-30T03:39:31.807+0000] {logging_mixin.py:190} INFO - [2024-08-30T03:39:31.807+0000] {dag.py:3211} INFO - Sync 1 DAGs
[2024-08-30T03:39:31.824+0000] {logging_mixin.py:190} INFO - [2024-08-30T03:39:31.824+0000] {dag.py:4138} INFO - Setting next_dagrun for example_task_group to 2024-08-29 00:00:00+00:00, run_after=2024-08-30 00:00:00+00:00
[2024-08-30T03:39:31.841+0000] {processor.py:208} INFO - Processing /home/airflow/.local/lib/python3.12/site-packages/airflow/example_dags/example_task_group.py took 0.065 seconds
[2024-08-30T03:40:02.460+0000] {processor.py:186} INFO - Started process (PID=398) to work on /home/airflow/.local/lib/python3.12/site-packages/airflow/example_dags/example_task_group.py
[2024-08-30T03:40:02.460+0000] {processor.py:914} INFO - Processing file /home/airflow/.local/lib/python3.12/site-packages/airflow/example_dags/example_task_group.py for tasks to queue
[2024-08-30T03:40:02.462+0000] {logging_mixin.py:190} INFO - [2024-08-30T03:40:02.462+0000] {dagbag.py:587} INFO - Filling up the DagBag from /home/airflow/.local/lib/python3.12/site-packages/airflow/example_dags/example_task_group.py
[2024-08-30T03:40:02.468+0000] {processor.py:925} INFO - DAG(s) 'example_task_group' retrieved from /home/airflow/.local/lib/python3.12/site-packages/airflow/example_dags/example_task_group.py
[2024-08-30T03:40:02.483+0000] {logging_mixin.py:190} INFO - [2024-08-30T03:40:02.483+0000] {dag.py:3211} INFO - Sync 1 DAGs
[2024-08-30T03:40:02.498+0000] {logging_mixin.py:190} INFO - [2024-08-30T03:40:02.498+0000] {dag.py:4138} INFO - Setting next_dagrun for example_task_group to 2024-08-29 00:00:00+00:00, run_after=2024-08-30 00:00:00+00:00
[2024-08-30T03:40:02.516+0000] {processor.py:208} INFO - Processing /home/airflow/.local/lib/python3.12/site-packages/airflow/example_dags/example_task_group.py took 0.061 seconds
[2024-08-30T03:40:32.871+0000] {processor.py:186} INFO - Started process (PID=467) to work on /home/airflow/.local/lib/python3.12/site-packages/airflow/example_dags/example_task_group.py
[2024-08-30T03:40:32.872+0000] {processor.py:914} INFO - Processing file /home/airflow/.local/lib/python3.12/site-packages/airflow/example_dags/example_task_group.py for tasks to queue
[2024-08-30T03:40:32.874+0000] {logging_mixin.py:190} INFO - [2024-08-30T03:40:32.874+0000] {dagbag.py:587} INFO - Filling up the DagBag from /home/airflow/.local/lib/python3.12/site-packages/airflow/example_dags/example_task_group.py
[2024-08-30T03:40:32.882+0000] {processor.py:925} INFO - DAG(s) 'example_task_group' retrieved from /home/airflow/.local/lib/python3.12/site-packages/airflow/example_dags/example_task_group.py
[2024-08-30T03:40:32.899+0000] {logging_mixin.py:190} INFO - [2024-08-30T03:40:32.899+0000] {dag.py:3211} INFO - Sync 1 DAGs
[2024-08-30T03:40:32.916+0000] {logging_mixin.py:190} INFO - [2024-08-30T03:40:32.916+0000] {dag.py:4138} INFO - Setting next_dagrun for example_task_group to 2024-08-29 00:00:00+00:00, run_after=2024-08-30 00:00:00+00:00
[2024-08-30T03:40:32.934+0000] {processor.py:208} INFO - Processing /home/airflow/.local/lib/python3.12/site-packages/airflow/example_dags/example_task_group.py took 0.067 seconds
[2024-08-30T03:41:03.932+0000] {processor.py:186} INFO - Started process (PID=530) to work on /home/airflow/.local/lib/python3.12/site-packages/airflow/example_dags/example_task_group.py
[2024-08-30T03:41:03.933+0000] {processor.py:914} INFO - Processing file /home/airflow/.local/lib/python3.12/site-packages/airflow/example_dags/example_task_group.py for tasks to queue
[2024-08-30T03:41:03.936+0000] {logging_mixin.py:190} INFO - [2024-08-30T03:41:03.935+0000] {dagbag.py:587} INFO - Filling up the DagBag from /home/airflow/.local/lib/python3.12/site-packages/airflow/example_dags/example_task_group.py
[2024-08-30T03:41:03.942+0000] {processor.py:925} INFO - DAG(s) 'example_task_group' retrieved from /home/airflow/.local/lib/python3.12/site-packages/airflow/example_dags/example_task_group.py
[2024-08-30T03:41:03.959+0000] {logging_mixin.py:190} INFO - [2024-08-30T03:41:03.958+0000] {dag.py:3211} INFO - Sync 1 DAGs
[2024-08-30T03:41:03.977+0000] {logging_mixin.py:190} INFO - [2024-08-30T03:41:03.976+0000] {dag.py:4138} INFO - Setting next_dagrun for example_task_group to 2024-08-29 00:00:00+00:00, run_after=2024-08-30 00:00:00+00:00
[2024-08-30T03:41:03.995+0000] {processor.py:208} INFO - Processing /home/airflow/.local/lib/python3.12/site-packages/airflow/example_dags/example_task_group.py took 0.067 seconds
[2024-08-30T03:41:34.631+0000] {processor.py:186} INFO - Started process (PID=593) to work on /home/airflow/.local/lib/python3.12/site-packages/airflow/example_dags/example_task_group.py
[2024-08-30T03:41:34.632+0000] {processor.py:914} INFO - Processing file /home/airflow/.local/lib/python3.12/site-packages/airflow/example_dags/example_task_group.py for tasks to queue
[2024-08-30T03:41:34.633+0000] {logging_mixin.py:190} INFO - [2024-08-30T03:41:34.633+0000] {dagbag.py:587} INFO - Filling up the DagBag from /home/airflow/.local/lib/python3.12/site-packages/airflow/example_dags/example_task_group.py
[2024-08-30T03:41:34.640+0000] {processor.py:925} INFO - DAG(s) 'example_task_group' retrieved from /home/airflow/.local/lib/python3.12/site-packages/airflow/example_dags/example_task_group.py
[2024-08-30T03:41:34.654+0000] {logging_mixin.py:190} INFO - [2024-08-30T03:41:34.654+0000] {dag.py:3211} INFO - Sync 1 DAGs
[2024-08-30T03:41:34.670+0000] {logging_mixin.py:190} INFO - [2024-08-30T03:41:34.669+0000] {dag.py:4138} INFO - Setting next_dagrun for example_task_group to 2024-08-29 00:00:00+00:00, run_after=2024-08-30 00:00:00+00:00
[2024-08-30T03:41:34.684+0000] {processor.py:208} INFO - Processing /home/airflow/.local/lib/python3.12/site-packages/airflow/example_dags/example_task_group.py took 0.057 seconds
[2024-08-30T03:42:06.659+0000] {processor.py:186} INFO - Started process (PID=656) to work on /home/airflow/.local/lib/python3.12/site-packages/airflow/example_dags/example_task_group.py
[2024-08-30T03:42:06.660+0000] {processor.py:914} INFO - Processing file /home/airflow/.local/lib/python3.12/site-packages/airflow/example_dags/example_task_group.py for tasks to queue
[2024-08-30T03:42:06.661+0000] {logging_mixin.py:190} INFO - [2024-08-30T03:42:06.661+0000] {dagbag.py:587} INFO - Filling up the DagBag from /home/airflow/.local/lib/python3.12/site-packages/airflow/example_dags/example_task_group.py
[2024-08-30T03:42:06.667+0000] {processor.py:925} INFO - DAG(s) 'example_task_group' retrieved from /home/airflow/.local/lib/python3.12/site-packages/airflow/example_dags/example_task_group.py
[2024-08-30T03:42:06.683+0000] {logging_mixin.py:190} INFO - [2024-08-30T03:42:06.683+0000] {dag.py:3211} INFO - Sync 1 DAGs
[2024-08-30T03:42:06.699+0000] {logging_mixin.py:190} INFO - [2024-08-30T03:42:06.699+0000] {dag.py:4138} INFO - Setting next_dagrun for example_task_group to 2024-08-29 00:00:00+00:00, run_after=2024-08-30 00:00:00+00:00
[2024-08-30T03:42:06.713+0000] {processor.py:208} INFO - Processing /home/airflow/.local/lib/python3.12/site-packages/airflow/example_dags/example_task_group.py took 0.058 seconds
[2024-08-30T03:42:36.781+0000] {processor.py:186} INFO - Started process (PID=719) to work on /home/airflow/.local/lib/python3.12/site-packages/airflow/example_dags/example_task_group.py
[2024-08-30T03:42:36.783+0000] {processor.py:914} INFO - Processing file /home/airflow/.local/lib/python3.12/site-packages/airflow/example_dags/example_task_group.py for tasks to queue
[2024-08-30T03:42:36.785+0000] {logging_mixin.py:190} INFO - [2024-08-30T03:42:36.784+0000] {dagbag.py:587} INFO - Filling up the DagBag from /home/airflow/.local/lib/python3.12/site-packages/airflow/example_dags/example_task_group.py
[2024-08-30T03:42:36.793+0000] {processor.py:925} INFO - DAG(s) 'example_task_group' retrieved from /home/airflow/.local/lib/python3.12/site-packages/airflow/example_dags/example_task_group.py
[2024-08-30T03:42:36.809+0000] {logging_mixin.py:190} INFO - [2024-08-30T03:42:36.808+0000] {dag.py:3211} INFO - Sync 1 DAGs
[2024-08-30T03:42:36.826+0000] {logging_mixin.py:190} INFO - [2024-08-30T03:42:36.825+0000] {dag.py:4138} INFO - Setting next_dagrun for example_task_group to 2024-08-29 00:00:00+00:00, run_after=2024-08-30 00:00:00+00:00
[2024-08-30T03:42:36.843+0000] {processor.py:208} INFO - Processing /home/airflow/.local/lib/python3.12/site-packages/airflow/example_dags/example_task_group.py took 0.066 seconds
[2024-08-30T03:43:07.281+0000] {processor.py:186} INFO - Started process (PID=783) to work on /home/airflow/.local/lib/python3.12/site-packages/airflow/example_dags/example_task_group.py
[2024-08-30T03:43:07.282+0000] {processor.py:914} INFO - Processing file /home/airflow/.local/lib/python3.12/site-packages/airflow/example_dags/example_task_group.py for tasks to queue
[2024-08-30T03:43:07.283+0000] {logging_mixin.py:190} INFO - [2024-08-30T03:43:07.283+0000] {dagbag.py:587} INFO - Filling up the DagBag from /home/airflow/.local/lib/python3.12/site-packages/airflow/example_dags/example_task_group.py
[2024-08-30T03:43:07.290+0000] {processor.py:925} INFO - DAG(s) 'example_task_group' retrieved from /home/airflow/.local/lib/python3.12/site-packages/airflow/example_dags/example_task_group.py
[2024-08-30T03:43:07.305+0000] {logging_mixin.py:190} INFO - [2024-08-30T03:43:07.305+0000] {dag.py:3211} INFO - Sync 1 DAGs
[2024-08-30T03:43:07.321+0000] {logging_mixin.py:190} INFO - [2024-08-30T03:43:07.321+0000] {dag.py:4138} INFO - Setting next_dagrun for example_task_group to 2024-08-29 00:00:00+00:00, run_after=2024-08-30 00:00:00+00:00
[2024-08-30T03:43:07.337+0000] {processor.py:208} INFO - Processing /home/airflow/.local/lib/python3.12/site-packages/airflow/example_dags/example_task_group.py took 0.061 seconds
[2024-08-30T03:43:38.060+0000] {processor.py:186} INFO - Started process (PID=847) to work on /home/airflow/.local/lib/python3.12/site-packages/airflow/example_dags/example_task_group.py
[2024-08-30T03:43:38.061+0000] {processor.py:914} INFO - Processing file /home/airflow/.local/lib/python3.12/site-packages/airflow/example_dags/example_task_group.py for tasks to queue
[2024-08-30T03:43:38.063+0000] {logging_mixin.py:190} INFO - [2024-08-30T03:43:38.063+0000] {dagbag.py:587} INFO - Filling up the DagBag from /home/airflow/.local/lib/python3.12/site-packages/airflow/example_dags/example_task_group.py
[2024-08-30T03:43:38.069+0000] {processor.py:925} INFO - DAG(s) 'example_task_group' retrieved from /home/airflow/.local/lib/python3.12/site-packages/airflow/example_dags/example_task_group.py
[2024-08-30T03:43:38.084+0000] {logging_mixin.py:190} INFO - [2024-08-30T03:43:38.084+0000] {dag.py:3211} INFO - Sync 1 DAGs
[2024-08-30T03:43:38.100+0000] {logging_mixin.py:190} INFO - [2024-08-30T03:43:38.099+0000] {dag.py:4138} INFO - Setting next_dagrun for example_task_group to 2024-08-29 00:00:00+00:00, run_after=2024-08-30 00:00:00+00:00
[2024-08-30T03:43:38.114+0000] {processor.py:208} INFO - Processing /home/airflow/.local/lib/python3.12/site-packages/airflow/example_dags/example_task_group.py took 0.058 seconds
[2024-08-30T03:44:08.160+0000] {processor.py:186} INFO - Started process (PID=910) to work on /home/airflow/.local/lib/python3.12/site-packages/airflow/example_dags/example_task_group.py
[2024-08-30T03:44:08.162+0000] {processor.py:914} INFO - Processing file /home/airflow/.local/lib/python3.12/site-packages/airflow/example_dags/example_task_group.py for tasks to queue
[2024-08-30T03:44:08.163+0000] {logging_mixin.py:190} INFO - [2024-08-30T03:44:08.163+0000] {dagbag.py:587} INFO - Filling up the DagBag from /home/airflow/.local/lib/python3.12/site-packages/airflow/example_dags/example_task_group.py
[2024-08-30T03:44:08.170+0000] {processor.py:925} INFO - DAG(s) 'example_task_group' retrieved from /home/airflow/.local/lib/python3.12/site-packages/airflow/example_dags/example_task_group.py
[2024-08-30T03:44:08.185+0000] {logging_mixin.py:190} INFO - [2024-08-30T03:44:08.185+0000] {dag.py:3211} INFO - Sync 1 DAGs
[2024-08-30T03:44:08.201+0000] {logging_mixin.py:190} INFO - [2024-08-30T03:44:08.200+0000] {dag.py:4138} INFO - Setting next_dagrun for example_task_group to 2024-08-29 00:00:00+00:00, run_after=2024-08-30 00:00:00+00:00
[2024-08-30T03:44:08.215+0000] {processor.py:208} INFO - Processing /home/airflow/.local/lib/python3.12/site-packages/airflow/example_dags/example_task_group.py took 0.058 seconds
[2024-08-30T03:44:38.721+0000] {processor.py:186} INFO - Started process (PID=973) to work on /home/airflow/.local/lib/python3.12/site-packages/airflow/example_dags/example_task_group.py
[2024-08-30T03:44:38.721+0000] {processor.py:914} INFO - Processing file /home/airflow/.local/lib/python3.12/site-packages/airflow/example_dags/example_task_group.py for tasks to queue
[2024-08-30T03:44:38.723+0000] {logging_mixin.py:190} INFO - [2024-08-30T03:44:38.723+0000] {dagbag.py:587} INFO - Filling up the DagBag from /home/airflow/.local/lib/python3.12/site-packages/airflow/example_dags/example_task_group.py
[2024-08-30T03:44:38.729+0000] {processor.py:925} INFO - DAG(s) 'example_task_group' retrieved from /home/airflow/.local/lib/python3.12/site-packages/airflow/example_dags/example_task_group.py
[2024-08-30T03:44:38.743+0000] {logging_mixin.py:190} INFO - [2024-08-30T03:44:38.743+0000] {dag.py:3211} INFO - Sync 1 DAGs
[2024-08-30T03:44:38.758+0000] {logging_mixin.py:190} INFO - [2024-08-30T03:44:38.758+0000] {dag.py:4138} INFO - Setting next_dagrun for example_task_group to 2024-08-29 00:00:00+00:00, run_after=2024-08-30 00:00:00+00:00
[2024-08-30T03:44:38.775+0000] {processor.py:208} INFO - Processing /home/airflow/.local/lib/python3.12/site-packages/airflow/example_dags/example_task_group.py took 0.058 seconds
[2024-08-30T03:45:09.351+0000] {processor.py:186} INFO - Started process (PID=1036) to work on /home/airflow/.local/lib/python3.12/site-packages/airflow/example_dags/example_task_group.py
[2024-08-30T03:45:09.352+0000] {processor.py:914} INFO - Processing file /home/airflow/.local/lib/python3.12/site-packages/airflow/example_dags/example_task_group.py for tasks to queue
[2024-08-30T03:45:09.354+0000] {logging_mixin.py:190} INFO - [2024-08-30T03:45:09.354+0000] {dagbag.py:587} INFO - Filling up the DagBag from /home/airflow/.local/lib/python3.12/site-packages/airflow/example_dags/example_task_group.py
[2024-08-30T03:45:09.361+0000] {processor.py:925} INFO - DAG(s) 'example_task_group' retrieved from /home/airflow/.local/lib/python3.12/site-packages/airflow/example_dags/example_task_group.py
[2024-08-30T03:45:09.375+0000] {logging_mixin.py:190} INFO - [2024-08-30T03:45:09.375+0000] {dag.py:3211} INFO - Sync 1 DAGs
[2024-08-30T03:45:09.390+0000] {logging_mixin.py:190} INFO - [2024-08-30T03:45:09.390+0000] {dag.py:4138} INFO - Setting next_dagrun for example_task_group to 2024-08-29 00:00:00+00:00, run_after=2024-08-30 00:00:00+00:00
[2024-08-30T03:45:09.406+0000] {processor.py:208} INFO - Processing /home/airflow/.local/lib/python3.12/site-packages/airflow/example_dags/example_task_group.py took 0.059 seconds
[2024-08-30T03:46:14.010+0000] {processor.py:186} INFO - Started process (PID=77) to work on /home/airflow/.local/lib/python3.12/site-packages/airflow/example_dags/example_task_group.py
[2024-08-30T03:46:14.010+0000] {processor.py:914} INFO - Processing file /home/airflow/.local/lib/python3.12/site-packages/airflow/example_dags/example_task_group.py for tasks to queue
[2024-08-30T03:46:14.012+0000] {logging_mixin.py:190} INFO - [2024-08-30T03:46:14.012+0000] {dagbag.py:587} INFO - Filling up the DagBag from /home/airflow/.local/lib/python3.12/site-packages/airflow/example_dags/example_task_group.py
[2024-08-30T03:46:14.019+0000] {processor.py:925} INFO - DAG(s) 'example_task_group' retrieved from /home/airflow/.local/lib/python3.12/site-packages/airflow/example_dags/example_task_group.py
[2024-08-30T03:46:14.036+0000] {logging_mixin.py:190} INFO - [2024-08-30T03:46:14.036+0000] {dag.py:3211} INFO - Sync 1 DAGs
[2024-08-30T03:46:14.052+0000] {logging_mixin.py:190} INFO - [2024-08-30T03:46:14.052+0000] {dag.py:4138} INFO - Setting next_dagrun for example_task_group to 2024-08-29 00:00:00+00:00, run_after=2024-08-30 00:00:00+00:00
[2024-08-30T03:46:14.068+0000] {processor.py:208} INFO - Processing /home/airflow/.local/lib/python3.12/site-packages/airflow/example_dags/example_task_group.py took 0.063 seconds
[2024-08-30T03:46:44.645+0000] {processor.py:186} INFO - Started process (PID=140) to work on /home/airflow/.local/lib/python3.12/site-packages/airflow/example_dags/example_task_group.py
[2024-08-30T03:46:44.646+0000] {processor.py:914} INFO - Processing file /home/airflow/.local/lib/python3.12/site-packages/airflow/example_dags/example_task_group.py for tasks to queue
[2024-08-30T03:46:44.648+0000] {logging_mixin.py:190} INFO - [2024-08-30T03:46:44.648+0000] {dagbag.py:587} INFO - Filling up the DagBag from /home/airflow/.local/lib/python3.12/site-packages/airflow/example_dags/example_task_group.py
[2024-08-30T03:46:44.655+0000] {processor.py:925} INFO - DAG(s) 'example_task_group' retrieved from /home/airflow/.local/lib/python3.12/site-packages/airflow/example_dags/example_task_group.py
[2024-08-30T03:46:44.673+0000] {logging_mixin.py:190} INFO - [2024-08-30T03:46:44.673+0000] {dag.py:3211} INFO - Sync 1 DAGs
[2024-08-30T03:46:44.691+0000] {logging_mixin.py:190} INFO - [2024-08-30T03:46:44.691+0000] {dag.py:4138} INFO - Setting next_dagrun for example_task_group to 2024-08-29 00:00:00+00:00, run_after=2024-08-30 00:00:00+00:00
[2024-08-30T03:46:44.708+0000] {processor.py:208} INFO - Processing /home/airflow/.local/lib/python3.12/site-packages/airflow/example_dags/example_task_group.py took 0.067 seconds
[2024-08-30T03:47:15.408+0000] {processor.py:186} INFO - Started process (PID=203) to work on /home/airflow/.local/lib/python3.12/site-packages/airflow/example_dags/example_task_group.py
[2024-08-30T03:47:15.409+0000] {processor.py:914} INFO - Processing file /home/airflow/.local/lib/python3.12/site-packages/airflow/example_dags/example_task_group.py for tasks to queue
[2024-08-30T03:47:15.410+0000] {logging_mixin.py:190} INFO - [2024-08-30T03:47:15.410+0000] {dagbag.py:587} INFO - Filling up the DagBag from /home/airflow/.local/lib/python3.12/site-packages/airflow/example_dags/example_task_group.py
[2024-08-30T03:47:15.416+0000] {processor.py:925} INFO - DAG(s) 'example_task_group' retrieved from /home/airflow/.local/lib/python3.12/site-packages/airflow/example_dags/example_task_group.py
[2024-08-30T03:47:15.430+0000] {logging_mixin.py:190} INFO - [2024-08-30T03:47:15.430+0000] {dag.py:3211} INFO - Sync 1 DAGs
[2024-08-30T03:47:15.447+0000] {logging_mixin.py:190} INFO - [2024-08-30T03:47:15.447+0000] {dag.py:4138} INFO - Setting next_dagrun for example_task_group to 2024-08-29 00:00:00+00:00, run_after=2024-08-30 00:00:00+00:00
[2024-08-30T03:47:15.463+0000] {processor.py:208} INFO - Processing /home/airflow/.local/lib/python3.12/site-packages/airflow/example_dags/example_task_group.py took 0.059 seconds
[2024-08-30T03:47:46.138+0000] {processor.py:186} INFO - Started process (PID=266) to work on /home/airflow/.local/lib/python3.12/site-packages/airflow/example_dags/example_task_group.py
[2024-08-30T03:47:46.139+0000] {processor.py:914} INFO - Processing file /home/airflow/.local/lib/python3.12/site-packages/airflow/example_dags/example_task_group.py for tasks to queue
[2024-08-30T03:47:46.143+0000] {logging_mixin.py:190} INFO - [2024-08-30T03:47:46.142+0000] {dagbag.py:587} INFO - Filling up the DagBag from /home/airflow/.local/lib/python3.12/site-packages/airflow/example_dags/example_task_group.py
[2024-08-30T03:47:46.150+0000] {processor.py:925} INFO - DAG(s) 'example_task_group' retrieved from /home/airflow/.local/lib/python3.12/site-packages/airflow/example_dags/example_task_group.py
[2024-08-30T03:47:46.166+0000] {logging_mixin.py:190} INFO - [2024-08-30T03:47:46.166+0000] {dag.py:3211} INFO - Sync 1 DAGs
[2024-08-30T03:47:46.185+0000] {logging_mixin.py:190} INFO - [2024-08-30T03:47:46.185+0000] {dag.py:4138} INFO - Setting next_dagrun for example_task_group to 2024-08-29 00:00:00+00:00, run_after=2024-08-30 00:00:00+00:00
[2024-08-30T03:47:46.202+0000] {processor.py:208} INFO - Processing /home/airflow/.local/lib/python3.12/site-packages/airflow/example_dags/example_task_group.py took 0.069 seconds
[2024-08-30T03:48:16.708+0000] {processor.py:186} INFO - Started process (PID=329) to work on /home/airflow/.local/lib/python3.12/site-packages/airflow/example_dags/example_task_group.py
[2024-08-30T03:48:16.709+0000] {processor.py:914} INFO - Processing file /home/airflow/.local/lib/python3.12/site-packages/airflow/example_dags/example_task_group.py for tasks to queue
[2024-08-30T03:48:16.710+0000] {logging_mixin.py:190} INFO - [2024-08-30T03:48:16.710+0000] {dagbag.py:587} INFO - Filling up the DagBag from /home/airflow/.local/lib/python3.12/site-packages/airflow/example_dags/example_task_group.py
[2024-08-30T03:48:16.716+0000] {processor.py:925} INFO - DAG(s) 'example_task_group' retrieved from /home/airflow/.local/lib/python3.12/site-packages/airflow/example_dags/example_task_group.py
[2024-08-30T03:48:16.730+0000] {logging_mixin.py:190} INFO - [2024-08-30T03:48:16.730+0000] {dag.py:3211} INFO - Sync 1 DAGs
[2024-08-30T03:48:16.746+0000] {logging_mixin.py:190} INFO - [2024-08-30T03:48:16.746+0000] {dag.py:4138} INFO - Setting next_dagrun for example_task_group to 2024-08-29 00:00:00+00:00, run_after=2024-08-30 00:00:00+00:00
[2024-08-30T03:48:16.761+0000] {processor.py:208} INFO - Processing /home/airflow/.local/lib/python3.12/site-packages/airflow/example_dags/example_task_group.py took 0.056 seconds
[2024-08-30T03:48:47.428+0000] {processor.py:186} INFO - Started process (PID=402) to work on /home/airflow/.local/lib/python3.12/site-packages/airflow/example_dags/example_task_group.py
[2024-08-30T03:48:47.429+0000] {processor.py:914} INFO - Processing file /home/airflow/.local/lib/python3.12/site-packages/airflow/example_dags/example_task_group.py for tasks to queue
[2024-08-30T03:48:47.431+0000] {logging_mixin.py:190} INFO - [2024-08-30T03:48:47.431+0000] {dagbag.py:587} INFO - Filling up the DagBag from /home/airflow/.local/lib/python3.12/site-packages/airflow/example_dags/example_task_group.py
[2024-08-30T03:48:47.438+0000] {processor.py:925} INFO - DAG(s) 'example_task_group' retrieved from /home/airflow/.local/lib/python3.12/site-packages/airflow/example_dags/example_task_group.py
[2024-08-30T03:48:47.453+0000] {logging_mixin.py:190} INFO - [2024-08-30T03:48:47.453+0000] {dag.py:3211} INFO - Sync 1 DAGs
[2024-08-30T03:48:47.470+0000] {logging_mixin.py:190} INFO - [2024-08-30T03:48:47.469+0000] {dag.py:4138} INFO - Setting next_dagrun for example_task_group to 2024-08-29 00:00:00+00:00, run_after=2024-08-30 00:00:00+00:00
[2024-08-30T03:48:47.486+0000] {processor.py:208} INFO - Processing /home/airflow/.local/lib/python3.12/site-packages/airflow/example_dags/example_task_group.py took 0.062 seconds
[2024-08-30T03:49:17.990+0000] {processor.py:186} INFO - Started process (PID=465) to work on /home/airflow/.local/lib/python3.12/site-packages/airflow/example_dags/example_task_group.py
[2024-08-30T03:49:17.992+0000] {processor.py:914} INFO - Processing file /home/airflow/.local/lib/python3.12/site-packages/airflow/example_dags/example_task_group.py for tasks to queue
[2024-08-30T03:49:17.993+0000] {logging_mixin.py:190} INFO - [2024-08-30T03:49:17.993+0000] {dagbag.py:587} INFO - Filling up the DagBag from /home/airflow/.local/lib/python3.12/site-packages/airflow/example_dags/example_task_group.py
[2024-08-30T03:49:18.000+0000] {processor.py:925} INFO - DAG(s) 'example_task_group' retrieved from /home/airflow/.local/lib/python3.12/site-packages/airflow/example_dags/example_task_group.py
[2024-08-30T03:49:18.014+0000] {logging_mixin.py:190} INFO - [2024-08-30T03:49:18.014+0000] {dag.py:3211} INFO - Sync 1 DAGs
[2024-08-30T03:49:18.028+0000] {logging_mixin.py:190} INFO - [2024-08-30T03:49:18.028+0000] {dag.py:4138} INFO - Setting next_dagrun for example_task_group to 2024-08-29 00:00:00+00:00, run_after=2024-08-30 00:00:00+00:00
[2024-08-30T03:49:18.045+0000] {processor.py:208} INFO - Processing /home/airflow/.local/lib/python3.12/site-packages/airflow/example_dags/example_task_group.py took 0.059 seconds
[2024-08-30T03:49:48.952+0000] {processor.py:186} INFO - Started process (PID=528) to work on /home/airflow/.local/lib/python3.12/site-packages/airflow/example_dags/example_task_group.py
[2024-08-30T03:49:48.953+0000] {processor.py:914} INFO - Processing file /home/airflow/.local/lib/python3.12/site-packages/airflow/example_dags/example_task_group.py for tasks to queue
[2024-08-30T03:49:48.955+0000] {logging_mixin.py:190} INFO - [2024-08-30T03:49:48.955+0000] {dagbag.py:587} INFO - Filling up the DagBag from /home/airflow/.local/lib/python3.12/site-packages/airflow/example_dags/example_task_group.py
[2024-08-30T03:49:48.961+0000] {processor.py:925} INFO - DAG(s) 'example_task_group' retrieved from /home/airflow/.local/lib/python3.12/site-packages/airflow/example_dags/example_task_group.py
[2024-08-30T03:49:48.975+0000] {logging_mixin.py:190} INFO - [2024-08-30T03:49:48.975+0000] {dag.py:3211} INFO - Sync 1 DAGs
[2024-08-30T03:49:48.991+0000] {logging_mixin.py:190} INFO - [2024-08-30T03:49:48.991+0000] {dag.py:4138} INFO - Setting next_dagrun for example_task_group to 2024-08-29 00:00:00+00:00, run_after=2024-08-30 00:00:00+00:00
[2024-08-30T03:49:49.010+0000] {processor.py:208} INFO - Processing /home/airflow/.local/lib/python3.12/site-packages/airflow/example_dags/example_task_group.py took 0.062 seconds
[2024-08-30T03:50:19.896+0000] {processor.py:186} INFO - Started process (PID=591) to work on /home/airflow/.local/lib/python3.12/site-packages/airflow/example_dags/example_task_group.py
[2024-08-30T03:50:19.897+0000] {processor.py:914} INFO - Processing file /home/airflow/.local/lib/python3.12/site-packages/airflow/example_dags/example_task_group.py for tasks to queue
[2024-08-30T03:50:19.902+0000] {logging_mixin.py:190} INFO - [2024-08-30T03:50:19.901+0000] {dagbag.py:587} INFO - Filling up the DagBag from /home/airflow/.local/lib/python3.12/site-packages/airflow/example_dags/example_task_group.py
[2024-08-30T03:50:19.909+0000] {processor.py:925} INFO - DAG(s) 'example_task_group' retrieved from /home/airflow/.local/lib/python3.12/site-packages/airflow/example_dags/example_task_group.py
[2024-08-30T03:50:19.925+0000] {logging_mixin.py:190} INFO - [2024-08-30T03:50:19.924+0000] {dag.py:3211} INFO - Sync 1 DAGs
[2024-08-30T03:50:19.942+0000] {logging_mixin.py:190} INFO - [2024-08-30T03:50:19.941+0000] {dag.py:4138} INFO - Setting next_dagrun for example_task_group to 2024-08-29 00:00:00+00:00, run_after=2024-08-30 00:00:00+00:00
[2024-08-30T03:50:19.958+0000] {processor.py:208} INFO - Processing /home/airflow/.local/lib/python3.12/site-packages/airflow/example_dags/example_task_group.py took 0.066 seconds
[2024-08-30T03:50:50.746+0000] {processor.py:186} INFO - Started process (PID=654) to work on /home/airflow/.local/lib/python3.12/site-packages/airflow/example_dags/example_task_group.py
[2024-08-30T03:50:50.747+0000] {processor.py:914} INFO - Processing file /home/airflow/.local/lib/python3.12/site-packages/airflow/example_dags/example_task_group.py for tasks to queue
[2024-08-30T03:50:50.749+0000] {logging_mixin.py:190} INFO - [2024-08-30T03:50:50.749+0000] {dagbag.py:587} INFO - Filling up the DagBag from /home/airflow/.local/lib/python3.12/site-packages/airflow/example_dags/example_task_group.py
[2024-08-30T03:50:50.755+0000] {processor.py:925} INFO - DAG(s) 'example_task_group' retrieved from /home/airflow/.local/lib/python3.12/site-packages/airflow/example_dags/example_task_group.py
[2024-08-30T03:50:50.771+0000] {logging_mixin.py:190} INFO - [2024-08-30T03:50:50.771+0000] {dag.py:3211} INFO - Sync 1 DAGs
[2024-08-30T03:50:50.789+0000] {logging_mixin.py:190} INFO - [2024-08-30T03:50:50.788+0000] {dag.py:4138} INFO - Setting next_dagrun for example_task_group to 2024-08-29 00:00:00+00:00, run_after=2024-08-30 00:00:00+00:00
[2024-08-30T03:50:50.806+0000] {processor.py:208} INFO - Processing /home/airflow/.local/lib/python3.12/site-packages/airflow/example_dags/example_task_group.py took 0.064 seconds
[2024-08-30T03:51:20.889+0000] {processor.py:186} INFO - Started process (PID=717) to work on /home/airflow/.local/lib/python3.12/site-packages/airflow/example_dags/example_task_group.py
[2024-08-30T03:51:20.890+0000] {processor.py:914} INFO - Processing file /home/airflow/.local/lib/python3.12/site-packages/airflow/example_dags/example_task_group.py for tasks to queue
[2024-08-30T03:51:20.892+0000] {logging_mixin.py:190} INFO - [2024-08-30T03:51:20.892+0000] {dagbag.py:587} INFO - Filling up the DagBag from /home/airflow/.local/lib/python3.12/site-packages/airflow/example_dags/example_task_group.py
[2024-08-30T03:51:20.899+0000] {processor.py:925} INFO - DAG(s) 'example_task_group' retrieved from /home/airflow/.local/lib/python3.12/site-packages/airflow/example_dags/example_task_group.py
[2024-08-30T03:51:20.914+0000] {logging_mixin.py:190} INFO - [2024-08-30T03:51:20.914+0000] {dag.py:3211} INFO - Sync 1 DAGs
[2024-08-30T03:51:20.931+0000] {logging_mixin.py:190} INFO - [2024-08-30T03:51:20.931+0000] {dag.py:4138} INFO - Setting next_dagrun for example_task_group to 2024-08-29 00:00:00+00:00, run_after=2024-08-30 00:00:00+00:00
[2024-08-30T03:51:20.948+0000] {processor.py:208} INFO - Processing /home/airflow/.local/lib/python3.12/site-packages/airflow/example_dags/example_task_group.py took 0.064 seconds
[2024-08-30T03:51:51.478+0000] {processor.py:186} INFO - Started process (PID=780) to work on /home/airflow/.local/lib/python3.12/site-packages/airflow/example_dags/example_task_group.py
[2024-08-30T03:51:51.479+0000] {processor.py:914} INFO - Processing file /home/airflow/.local/lib/python3.12/site-packages/airflow/example_dags/example_task_group.py for tasks to queue
[2024-08-30T03:51:51.480+0000] {logging_mixin.py:190} INFO - [2024-08-30T03:51:51.480+0000] {dagbag.py:587} INFO - Filling up the DagBag from /home/airflow/.local/lib/python3.12/site-packages/airflow/example_dags/example_task_group.py
[2024-08-30T03:51:51.487+0000] {processor.py:925} INFO - DAG(s) 'example_task_group' retrieved from /home/airflow/.local/lib/python3.12/site-packages/airflow/example_dags/example_task_group.py
[2024-08-30T03:51:51.503+0000] {logging_mixin.py:190} INFO - [2024-08-30T03:51:51.502+0000] {dag.py:3211} INFO - Sync 1 DAGs
[2024-08-30T03:51:51.518+0000] {logging_mixin.py:190} INFO - [2024-08-30T03:51:51.518+0000] {dag.py:4138} INFO - Setting next_dagrun for example_task_group to 2024-08-29 00:00:00+00:00, run_after=2024-08-30 00:00:00+00:00
[2024-08-30T03:51:51.533+0000] {processor.py:208} INFO - Processing /home/airflow/.local/lib/python3.12/site-packages/airflow/example_dags/example_task_group.py took 0.059 seconds
[2024-08-30T03:52:21.921+0000] {processor.py:186} INFO - Started process (PID=843) to work on /home/airflow/.local/lib/python3.12/site-packages/airflow/example_dags/example_task_group.py
[2024-08-30T03:52:21.922+0000] {processor.py:914} INFO - Processing file /home/airflow/.local/lib/python3.12/site-packages/airflow/example_dags/example_task_group.py for tasks to queue
[2024-08-30T03:52:21.923+0000] {logging_mixin.py:190} INFO - [2024-08-30T03:52:21.923+0000] {dagbag.py:587} INFO - Filling up the DagBag from /home/airflow/.local/lib/python3.12/site-packages/airflow/example_dags/example_task_group.py
[2024-08-30T03:52:21.930+0000] {processor.py:925} INFO - DAG(s) 'example_task_group' retrieved from /home/airflow/.local/lib/python3.12/site-packages/airflow/example_dags/example_task_group.py
[2024-08-30T03:52:21.946+0000] {logging_mixin.py:190} INFO - [2024-08-30T03:52:21.945+0000] {dag.py:3211} INFO - Sync 1 DAGs
[2024-08-30T03:52:21.962+0000] {logging_mixin.py:190} INFO - [2024-08-30T03:52:21.962+0000] {dag.py:4138} INFO - Setting next_dagrun for example_task_group to 2024-08-29 00:00:00+00:00, run_after=2024-08-30 00:00:00+00:00
[2024-08-30T03:52:21.979+0000] {processor.py:208} INFO - Processing /home/airflow/.local/lib/python3.12/site-packages/airflow/example_dags/example_task_group.py took 0.062 seconds
[2024-08-30T03:52:52.827+0000] {processor.py:186} INFO - Started process (PID=906) to work on /home/airflow/.local/lib/python3.12/site-packages/airflow/example_dags/example_task_group.py
[2024-08-30T03:52:52.828+0000] {processor.py:914} INFO - Processing file /home/airflow/.local/lib/python3.12/site-packages/airflow/example_dags/example_task_group.py for tasks to queue
[2024-08-30T03:52:52.830+0000] {logging_mixin.py:190} INFO - [2024-08-30T03:52:52.830+0000] {dagbag.py:587} INFO - Filling up the DagBag from /home/airflow/.local/lib/python3.12/site-packages/airflow/example_dags/example_task_group.py
[2024-08-30T03:52:52.836+0000] {processor.py:925} INFO - DAG(s) 'example_task_group' retrieved from /home/airflow/.local/lib/python3.12/site-packages/airflow/example_dags/example_task_group.py
[2024-08-30T03:52:52.852+0000] {logging_mixin.py:190} INFO - [2024-08-30T03:52:52.851+0000] {dag.py:3211} INFO - Sync 1 DAGs
[2024-08-30T03:52:52.869+0000] {logging_mixin.py:190} INFO - [2024-08-30T03:52:52.869+0000] {dag.py:4138} INFO - Setting next_dagrun for example_task_group to 2024-08-29 00:00:00+00:00, run_after=2024-08-30 00:00:00+00:00
[2024-08-30T03:52:52.886+0000] {processor.py:208} INFO - Processing /home/airflow/.local/lib/python3.12/site-packages/airflow/example_dags/example_task_group.py took 0.063 seconds
[2024-08-30T03:53:24.793+0000] {processor.py:186} INFO - Started process (PID=969) to work on /home/airflow/.local/lib/python3.12/site-packages/airflow/example_dags/example_task_group.py
[2024-08-30T03:53:24.794+0000] {processor.py:914} INFO - Processing file /home/airflow/.local/lib/python3.12/site-packages/airflow/example_dags/example_task_group.py for tasks to queue
[2024-08-30T03:53:24.795+0000] {logging_mixin.py:190} INFO - [2024-08-30T03:53:24.795+0000] {dagbag.py:587} INFO - Filling up the DagBag from /home/airflow/.local/lib/python3.12/site-packages/airflow/example_dags/example_task_group.py
[2024-08-30T03:53:24.802+0000] {processor.py:925} INFO - DAG(s) 'example_task_group' retrieved from /home/airflow/.local/lib/python3.12/site-packages/airflow/example_dags/example_task_group.py
[2024-08-30T03:53:24.817+0000] {logging_mixin.py:190} INFO - [2024-08-30T03:53:24.817+0000] {dag.py:3211} INFO - Sync 1 DAGs
[2024-08-30T03:53:24.833+0000] {logging_mixin.py:190} INFO - [2024-08-30T03:53:24.833+0000] {dag.py:4138} INFO - Setting next_dagrun for example_task_group to 2024-08-29 00:00:00+00:00, run_after=2024-08-30 00:00:00+00:00
[2024-08-30T03:53:24.850+0000] {processor.py:208} INFO - Processing /home/airflow/.local/lib/python3.12/site-packages/airflow/example_dags/example_task_group.py took 0.061 seconds
[2024-08-30T03:53:55.711+0000] {processor.py:186} INFO - Started process (PID=1031) to work on /home/airflow/.local/lib/python3.12/site-packages/airflow/example_dags/example_task_group.py
[2024-08-30T03:53:55.712+0000] {processor.py:914} INFO - Processing file /home/airflow/.local/lib/python3.12/site-packages/airflow/example_dags/example_task_group.py for tasks to queue
[2024-08-30T03:53:55.714+0000] {logging_mixin.py:190} INFO - [2024-08-30T03:53:55.713+0000] {dagbag.py:587} INFO - Filling up the DagBag from /home/airflow/.local/lib/python3.12/site-packages/airflow/example_dags/example_task_group.py
[2024-08-30T03:53:55.721+0000] {processor.py:925} INFO - DAG(s) 'example_task_group' retrieved from /home/airflow/.local/lib/python3.12/site-packages/airflow/example_dags/example_task_group.py
[2024-08-30T03:53:55.741+0000] {logging_mixin.py:190} INFO - [2024-08-30T03:53:55.741+0000] {dag.py:3211} INFO - Sync 1 DAGs
[2024-08-30T03:53:55.756+0000] {logging_mixin.py:190} INFO - [2024-08-30T03:53:55.756+0000] {dag.py:4138} INFO - Setting next_dagrun for example_task_group to 2024-08-29 00:00:00+00:00, run_after=2024-08-30 00:00:00+00:00
[2024-08-30T03:53:55.775+0000] {processor.py:208} INFO - Processing /home/airflow/.local/lib/python3.12/site-packages/airflow/example_dags/example_task_group.py took 0.069 seconds
[2024-08-30T03:54:26.261+0000] {processor.py:186} INFO - Started process (PID=1094) to work on /home/airflow/.local/lib/python3.12/site-packages/airflow/example_dags/example_task_group.py
[2024-08-30T03:54:26.262+0000] {processor.py:914} INFO - Processing file /home/airflow/.local/lib/python3.12/site-packages/airflow/example_dags/example_task_group.py for tasks to queue
[2024-08-30T03:54:26.263+0000] {logging_mixin.py:190} INFO - [2024-08-30T03:54:26.263+0000] {dagbag.py:587} INFO - Filling up the DagBag from /home/airflow/.local/lib/python3.12/site-packages/airflow/example_dags/example_task_group.py
[2024-08-30T03:54:26.270+0000] {processor.py:925} INFO - DAG(s) 'example_task_group' retrieved from /home/airflow/.local/lib/python3.12/site-packages/airflow/example_dags/example_task_group.py
[2024-08-30T03:54:26.285+0000] {logging_mixin.py:190} INFO - [2024-08-30T03:54:26.285+0000] {dag.py:3211} INFO - Sync 1 DAGs
[2024-08-30T03:54:26.300+0000] {logging_mixin.py:190} INFO - [2024-08-30T03:54:26.300+0000] {dag.py:4138} INFO - Setting next_dagrun for example_task_group to 2024-08-29 00:00:00+00:00, run_after=2024-08-30 00:00:00+00:00
[2024-08-30T03:54:26.316+0000] {processor.py:208} INFO - Processing /home/airflow/.local/lib/python3.12/site-packages/airflow/example_dags/example_task_group.py took 0.060 seconds
