[2024-08-30T03:30:04.570+0000] {processor.py:186} INFO - Started process (PID=72) to work on /home/airflow/.local/lib/python3.12/site-packages/airflow/example_dags/example_task_group_decorator.py
[2024-08-30T03:30:04.572+0000] {processor.py:914} INFO - Processing file /home/airflow/.local/lib/python3.12/site-packages/airflow/example_dags/example_task_group_decorator.py for tasks to queue
[2024-08-30T03:30:04.574+0000] {logging_mixin.py:190} INFO - [2024-08-30T03:30:04.573+0000] {dagbag.py:587} INFO - Filling up the DagBag from /home/airflow/.local/lib/python3.12/site-packages/airflow/example_dags/example_task_group_decorator.py
[2024-08-30T03:30:04.590+0000] {processor.py:925} INFO - DAG(s) 'example_task_group_decorator' retrieved from /home/airflow/.local/lib/python3.12/site-packages/airflow/example_dags/example_task_group_decorator.py
[2024-08-30T03:30:04.614+0000] {logging_mixin.py:190} INFO - [2024-08-30T03:30:04.613+0000] {dag.py:3211} INFO - Sync 1 DAGs
[2024-08-30T03:30:04.630+0000] {logging_mixin.py:190} INFO - [2024-08-30T03:30:04.630+0000] {dag.py:4138} INFO - Setting next_dagrun for example_task_group_decorator to 2024-08-29 00:00:00+00:00, run_after=2024-08-30 00:00:00+00:00
[2024-08-30T03:30:04.647+0000] {processor.py:208} INFO - Processing /home/airflow/.local/lib/python3.12/site-packages/airflow/example_dags/example_task_group_decorator.py took 0.082 seconds
[2024-08-30T03:30:34.797+0000] {processor.py:186} INFO - Started process (PID=135) to work on /home/airflow/.local/lib/python3.12/site-packages/airflow/example_dags/example_task_group_decorator.py
[2024-08-30T03:30:34.798+0000] {processor.py:914} INFO - Processing file /home/airflow/.local/lib/python3.12/site-packages/airflow/example_dags/example_task_group_decorator.py for tasks to queue
[2024-08-30T03:30:34.800+0000] {logging_mixin.py:190} INFO - [2024-08-30T03:30:34.800+0000] {dagbag.py:587} INFO - Filling up the DagBag from /home/airflow/.local/lib/python3.12/site-packages/airflow/example_dags/example_task_group_decorator.py
[2024-08-30T03:30:34.813+0000] {processor.py:925} INFO - DAG(s) 'example_task_group_decorator' retrieved from /home/airflow/.local/lib/python3.12/site-packages/airflow/example_dags/example_task_group_decorator.py
[2024-08-30T03:30:34.836+0000] {logging_mixin.py:190} INFO - [2024-08-30T03:30:34.835+0000] {dag.py:3211} INFO - Sync 1 DAGs
[2024-08-30T03:30:34.856+0000] {logging_mixin.py:190} INFO - [2024-08-30T03:30:34.855+0000] {dag.py:4138} INFO - Setting next_dagrun for example_task_group_decorator to 2024-08-29 00:00:00+00:00, run_after=2024-08-30 00:00:00+00:00
[2024-08-30T03:30:34.876+0000] {processor.py:208} INFO - Processing /home/airflow/.local/lib/python3.12/site-packages/airflow/example_dags/example_task_group_decorator.py took 0.084 seconds
[2024-08-30T03:31:05.653+0000] {processor.py:186} INFO - Started process (PID=198) to work on /home/airflow/.local/lib/python3.12/site-packages/airflow/example_dags/example_task_group_decorator.py
[2024-08-30T03:31:05.654+0000] {processor.py:914} INFO - Processing file /home/airflow/.local/lib/python3.12/site-packages/airflow/example_dags/example_task_group_decorator.py for tasks to queue
[2024-08-30T03:31:05.656+0000] {logging_mixin.py:190} INFO - [2024-08-30T03:31:05.655+0000] {dagbag.py:587} INFO - Filling up the DagBag from /home/airflow/.local/lib/python3.12/site-packages/airflow/example_dags/example_task_group_decorator.py
[2024-08-30T03:31:05.666+0000] {processor.py:925} INFO - DAG(s) 'example_task_group_decorator' retrieved from /home/airflow/.local/lib/python3.12/site-packages/airflow/example_dags/example_task_group_decorator.py
[2024-08-30T03:31:05.690+0000] {logging_mixin.py:190} INFO - [2024-08-30T03:31:05.690+0000] {dag.py:3211} INFO - Sync 1 DAGs
[2024-08-30T03:31:05.711+0000] {logging_mixin.py:190} INFO - [2024-08-30T03:31:05.710+0000] {dag.py:4138} INFO - Setting next_dagrun for example_task_group_decorator to 2024-08-29 00:00:00+00:00, run_after=2024-08-30 00:00:00+00:00
[2024-08-30T03:31:05.732+0000] {processor.py:208} INFO - Processing /home/airflow/.local/lib/python3.12/site-packages/airflow/example_dags/example_task_group_decorator.py took 0.083 seconds
[2024-08-30T03:31:36.417+0000] {processor.py:186} INFO - Started process (PID=261) to work on /home/airflow/.local/lib/python3.12/site-packages/airflow/example_dags/example_task_group_decorator.py
[2024-08-30T03:31:36.418+0000] {processor.py:914} INFO - Processing file /home/airflow/.local/lib/python3.12/site-packages/airflow/example_dags/example_task_group_decorator.py for tasks to queue
[2024-08-30T03:31:36.420+0000] {logging_mixin.py:190} INFO - [2024-08-30T03:31:36.420+0000] {dagbag.py:587} INFO - Filling up the DagBag from /home/airflow/.local/lib/python3.12/site-packages/airflow/example_dags/example_task_group_decorator.py
[2024-08-30T03:31:36.432+0000] {processor.py:925} INFO - DAG(s) 'example_task_group_decorator' retrieved from /home/airflow/.local/lib/python3.12/site-packages/airflow/example_dags/example_task_group_decorator.py
[2024-08-30T03:31:36.450+0000] {logging_mixin.py:190} INFO - [2024-08-30T03:31:36.450+0000] {dag.py:3211} INFO - Sync 1 DAGs
[2024-08-30T03:31:36.467+0000] {logging_mixin.py:190} INFO - [2024-08-30T03:31:36.467+0000] {dag.py:4138} INFO - Setting next_dagrun for example_task_group_decorator to 2024-08-29 00:00:00+00:00, run_after=2024-08-30 00:00:00+00:00
[2024-08-30T03:31:36.483+0000] {processor.py:208} INFO - Processing /home/airflow/.local/lib/python3.12/site-packages/airflow/example_dags/example_task_group_decorator.py took 0.071 seconds
[2024-08-30T03:32:07.527+0000] {processor.py:186} INFO - Started process (PID=324) to work on /home/airflow/.local/lib/python3.12/site-packages/airflow/example_dags/example_task_group_decorator.py
[2024-08-30T03:32:07.536+0000] {processor.py:914} INFO - Processing file /home/airflow/.local/lib/python3.12/site-packages/airflow/example_dags/example_task_group_decorator.py for tasks to queue
[2024-08-30T03:32:07.552+0000] {logging_mixin.py:190} INFO - [2024-08-30T03:32:07.551+0000] {dagbag.py:587} INFO - Filling up the DagBag from /home/airflow/.local/lib/python3.12/site-packages/airflow/example_dags/example_task_group_decorator.py
[2024-08-30T03:32:07.579+0000] {processor.py:925} INFO - DAG(s) 'example_task_group_decorator' retrieved from /home/airflow/.local/lib/python3.12/site-packages/airflow/example_dags/example_task_group_decorator.py
[2024-08-30T03:32:07.608+0000] {logging_mixin.py:190} INFO - [2024-08-30T03:32:07.607+0000] {dag.py:3211} INFO - Sync 1 DAGs
[2024-08-30T03:32:07.624+0000] {logging_mixin.py:190} INFO - [2024-08-30T03:32:07.623+0000] {dag.py:4138} INFO - Setting next_dagrun for example_task_group_decorator to 2024-08-29 00:00:00+00:00, run_after=2024-08-30 00:00:00+00:00
[2024-08-30T03:32:07.664+0000] {processor.py:208} INFO - Processing /home/airflow/.local/lib/python3.12/site-packages/airflow/example_dags/example_task_group_decorator.py took 0.144 seconds
[2024-08-30T03:32:38.318+0000] {processor.py:186} INFO - Started process (PID=387) to work on /home/airflow/.local/lib/python3.12/site-packages/airflow/example_dags/example_task_group_decorator.py
[2024-08-30T03:32:38.320+0000] {processor.py:914} INFO - Processing file /home/airflow/.local/lib/python3.12/site-packages/airflow/example_dags/example_task_group_decorator.py for tasks to queue
[2024-08-30T03:32:38.334+0000] {logging_mixin.py:190} INFO - [2024-08-30T03:32:38.334+0000] {dagbag.py:587} INFO - Filling up the DagBag from /home/airflow/.local/lib/python3.12/site-packages/airflow/example_dags/example_task_group_decorator.py
[2024-08-30T03:32:38.346+0000] {processor.py:925} INFO - DAG(s) 'example_task_group_decorator' retrieved from /home/airflow/.local/lib/python3.12/site-packages/airflow/example_dags/example_task_group_decorator.py
[2024-08-30T03:32:38.369+0000] {logging_mixin.py:190} INFO - [2024-08-30T03:32:38.368+0000] {dag.py:3211} INFO - Sync 1 DAGs
[2024-08-30T03:32:38.384+0000] {logging_mixin.py:190} INFO - [2024-08-30T03:32:38.384+0000] {dag.py:4138} INFO - Setting next_dagrun for example_task_group_decorator to 2024-08-29 00:00:00+00:00, run_after=2024-08-30 00:00:00+00:00
[2024-08-30T03:32:38.401+0000] {processor.py:208} INFO - Processing /home/airflow/.local/lib/python3.12/site-packages/airflow/example_dags/example_task_group_decorator.py took 0.087 seconds
[2024-08-30T03:33:09.483+0000] {processor.py:186} INFO - Started process (PID=450) to work on /home/airflow/.local/lib/python3.12/site-packages/airflow/example_dags/example_task_group_decorator.py
[2024-08-30T03:33:09.490+0000] {processor.py:914} INFO - Processing file /home/airflow/.local/lib/python3.12/site-packages/airflow/example_dags/example_task_group_decorator.py for tasks to queue
[2024-08-30T03:33:09.493+0000] {logging_mixin.py:190} INFO - [2024-08-30T03:33:09.492+0000] {dagbag.py:587} INFO - Filling up the DagBag from /home/airflow/.local/lib/python3.12/site-packages/airflow/example_dags/example_task_group_decorator.py
[2024-08-30T03:33:09.505+0000] {processor.py:925} INFO - DAG(s) 'example_task_group_decorator' retrieved from /home/airflow/.local/lib/python3.12/site-packages/airflow/example_dags/example_task_group_decorator.py
[2024-08-30T03:33:09.522+0000] {logging_mixin.py:190} INFO - [2024-08-30T03:33:09.521+0000] {dag.py:3211} INFO - Sync 1 DAGs
[2024-08-30T03:33:09.537+0000] {logging_mixin.py:190} INFO - [2024-08-30T03:33:09.537+0000] {dag.py:4138} INFO - Setting next_dagrun for example_task_group_decorator to 2024-08-29 00:00:00+00:00, run_after=2024-08-30 00:00:00+00:00
[2024-08-30T03:33:09.555+0000] {processor.py:208} INFO - Processing /home/airflow/.local/lib/python3.12/site-packages/airflow/example_dags/example_task_group_decorator.py took 0.076 seconds
[2024-08-30T03:33:40.099+0000] {processor.py:186} INFO - Started process (PID=513) to work on /home/airflow/.local/lib/python3.12/site-packages/airflow/example_dags/example_task_group_decorator.py
[2024-08-30T03:33:40.100+0000] {processor.py:914} INFO - Processing file /home/airflow/.local/lib/python3.12/site-packages/airflow/example_dags/example_task_group_decorator.py for tasks to queue
[2024-08-30T03:33:40.102+0000] {logging_mixin.py:190} INFO - [2024-08-30T03:33:40.102+0000] {dagbag.py:587} INFO - Filling up the DagBag from /home/airflow/.local/lib/python3.12/site-packages/airflow/example_dags/example_task_group_decorator.py
[2024-08-30T03:33:40.114+0000] {processor.py:925} INFO - DAG(s) 'example_task_group_decorator' retrieved from /home/airflow/.local/lib/python3.12/site-packages/airflow/example_dags/example_task_group_decorator.py
[2024-08-30T03:33:40.134+0000] {logging_mixin.py:190} INFO - [2024-08-30T03:33:40.133+0000] {dag.py:3211} INFO - Sync 1 DAGs
[2024-08-30T03:33:40.150+0000] {logging_mixin.py:190} INFO - [2024-08-30T03:33:40.150+0000] {dag.py:4138} INFO - Setting next_dagrun for example_task_group_decorator to 2024-08-29 00:00:00+00:00, run_after=2024-08-30 00:00:00+00:00
[2024-08-30T03:33:40.167+0000] {processor.py:208} INFO - Processing /home/airflow/.local/lib/python3.12/site-packages/airflow/example_dags/example_task_group_decorator.py took 0.073 seconds
[2024-08-30T03:34:10.855+0000] {processor.py:186} INFO - Started process (PID=576) to work on /home/airflow/.local/lib/python3.12/site-packages/airflow/example_dags/example_task_group_decorator.py
[2024-08-30T03:34:10.858+0000] {processor.py:914} INFO - Processing file /home/airflow/.local/lib/python3.12/site-packages/airflow/example_dags/example_task_group_decorator.py for tasks to queue
[2024-08-30T03:34:10.860+0000] {logging_mixin.py:190} INFO - [2024-08-30T03:34:10.860+0000] {dagbag.py:587} INFO - Filling up the DagBag from /home/airflow/.local/lib/python3.12/site-packages/airflow/example_dags/example_task_group_decorator.py
[2024-08-30T03:34:10.877+0000] {processor.py:925} INFO - DAG(s) 'example_task_group_decorator' retrieved from /home/airflow/.local/lib/python3.12/site-packages/airflow/example_dags/example_task_group_decorator.py
[2024-08-30T03:34:10.900+0000] {logging_mixin.py:190} INFO - [2024-08-30T03:34:10.899+0000] {dag.py:3211} INFO - Sync 1 DAGs
[2024-08-30T03:34:10.925+0000] {logging_mixin.py:190} INFO - [2024-08-30T03:34:10.925+0000] {dag.py:4138} INFO - Setting next_dagrun for example_task_group_decorator to 2024-08-29 00:00:00+00:00, run_after=2024-08-30 00:00:00+00:00
[2024-08-30T03:34:10.943+0000] {processor.py:208} INFO - Processing /home/airflow/.local/lib/python3.12/site-packages/airflow/example_dags/example_task_group_decorator.py took 0.093 seconds
[2024-08-30T03:34:41.592+0000] {processor.py:186} INFO - Started process (PID=639) to work on /home/airflow/.local/lib/python3.12/site-packages/airflow/example_dags/example_task_group_decorator.py
[2024-08-30T03:34:41.593+0000] {processor.py:914} INFO - Processing file /home/airflow/.local/lib/python3.12/site-packages/airflow/example_dags/example_task_group_decorator.py for tasks to queue
[2024-08-30T03:34:41.595+0000] {logging_mixin.py:190} INFO - [2024-08-30T03:34:41.595+0000] {dagbag.py:587} INFO - Filling up the DagBag from /home/airflow/.local/lib/python3.12/site-packages/airflow/example_dags/example_task_group_decorator.py
[2024-08-30T03:34:41.606+0000] {processor.py:925} INFO - DAG(s) 'example_task_group_decorator' retrieved from /home/airflow/.local/lib/python3.12/site-packages/airflow/example_dags/example_task_group_decorator.py
[2024-08-30T03:34:41.624+0000] {logging_mixin.py:190} INFO - [2024-08-30T03:34:41.624+0000] {dag.py:3211} INFO - Sync 1 DAGs
[2024-08-30T03:34:41.640+0000] {logging_mixin.py:190} INFO - [2024-08-30T03:34:41.640+0000] {dag.py:4138} INFO - Setting next_dagrun for example_task_group_decorator to 2024-08-29 00:00:00+00:00, run_after=2024-08-30 00:00:00+00:00
[2024-08-30T03:34:41.656+0000] {processor.py:208} INFO - Processing /home/airflow/.local/lib/python3.12/site-packages/airflow/example_dags/example_task_group_decorator.py took 0.068 seconds
[2024-08-30T03:35:12.565+0000] {processor.py:186} INFO - Started process (PID=702) to work on /home/airflow/.local/lib/python3.12/site-packages/airflow/example_dags/example_task_group_decorator.py
[2024-08-30T03:35:12.566+0000] {processor.py:914} INFO - Processing file /home/airflow/.local/lib/python3.12/site-packages/airflow/example_dags/example_task_group_decorator.py for tasks to queue
[2024-08-30T03:35:12.568+0000] {logging_mixin.py:190} INFO - [2024-08-30T03:35:12.568+0000] {dagbag.py:587} INFO - Filling up the DagBag from /home/airflow/.local/lib/python3.12/site-packages/airflow/example_dags/example_task_group_decorator.py
[2024-08-30T03:35:12.579+0000] {processor.py:925} INFO - DAG(s) 'example_task_group_decorator' retrieved from /home/airflow/.local/lib/python3.12/site-packages/airflow/example_dags/example_task_group_decorator.py
[2024-08-30T03:35:12.598+0000] {logging_mixin.py:190} INFO - [2024-08-30T03:35:12.598+0000] {dag.py:3211} INFO - Sync 1 DAGs
[2024-08-30T03:35:12.615+0000] {logging_mixin.py:190} INFO - [2024-08-30T03:35:12.614+0000] {dag.py:4138} INFO - Setting next_dagrun for example_task_group_decorator to 2024-08-29 00:00:00+00:00, run_after=2024-08-30 00:00:00+00:00
[2024-08-30T03:35:12.632+0000] {processor.py:208} INFO - Processing /home/airflow/.local/lib/python3.12/site-packages/airflow/example_dags/example_task_group_decorator.py took 0.070 seconds
[2024-08-30T03:35:43.638+0000] {processor.py:186} INFO - Started process (PID=765) to work on /home/airflow/.local/lib/python3.12/site-packages/airflow/example_dags/example_task_group_decorator.py
[2024-08-30T03:35:43.639+0000] {processor.py:914} INFO - Processing file /home/airflow/.local/lib/python3.12/site-packages/airflow/example_dags/example_task_group_decorator.py for tasks to queue
[2024-08-30T03:35:43.641+0000] {logging_mixin.py:190} INFO - [2024-08-30T03:35:43.641+0000] {dagbag.py:587} INFO - Filling up the DagBag from /home/airflow/.local/lib/python3.12/site-packages/airflow/example_dags/example_task_group_decorator.py
[2024-08-30T03:35:43.652+0000] {processor.py:925} INFO - DAG(s) 'example_task_group_decorator' retrieved from /home/airflow/.local/lib/python3.12/site-packages/airflow/example_dags/example_task_group_decorator.py
[2024-08-30T03:35:43.668+0000] {logging_mixin.py:190} INFO - [2024-08-30T03:35:43.668+0000] {dag.py:3211} INFO - Sync 1 DAGs
[2024-08-30T03:35:43.683+0000] {logging_mixin.py:190} INFO - [2024-08-30T03:35:43.683+0000] {dag.py:4138} INFO - Setting next_dagrun for example_task_group_decorator to 2024-08-29 00:00:00+00:00, run_after=2024-08-30 00:00:00+00:00
[2024-08-30T03:35:43.700+0000] {processor.py:208} INFO - Processing /home/airflow/.local/lib/python3.12/site-packages/airflow/example_dags/example_task_group_decorator.py took 0.065 seconds
[2024-08-30T03:36:14.622+0000] {processor.py:186} INFO - Started process (PID=828) to work on /home/airflow/.local/lib/python3.12/site-packages/airflow/example_dags/example_task_group_decorator.py
[2024-08-30T03:36:14.623+0000] {processor.py:914} INFO - Processing file /home/airflow/.local/lib/python3.12/site-packages/airflow/example_dags/example_task_group_decorator.py for tasks to queue
[2024-08-30T03:36:14.625+0000] {logging_mixin.py:190} INFO - [2024-08-30T03:36:14.624+0000] {dagbag.py:587} INFO - Filling up the DagBag from /home/airflow/.local/lib/python3.12/site-packages/airflow/example_dags/example_task_group_decorator.py
[2024-08-30T03:36:14.636+0000] {processor.py:925} INFO - DAG(s) 'example_task_group_decorator' retrieved from /home/airflow/.local/lib/python3.12/site-packages/airflow/example_dags/example_task_group_decorator.py
[2024-08-30T03:36:14.656+0000] {logging_mixin.py:190} INFO - [2024-08-30T03:36:14.656+0000] {dag.py:3211} INFO - Sync 1 DAGs
[2024-08-30T03:36:14.672+0000] {logging_mixin.py:190} INFO - [2024-08-30T03:36:14.672+0000] {dag.py:4138} INFO - Setting next_dagrun for example_task_group_decorator to 2024-08-29 00:00:00+00:00, run_after=2024-08-30 00:00:00+00:00
[2024-08-30T03:36:14.691+0000] {processor.py:208} INFO - Processing /home/airflow/.local/lib/python3.12/site-packages/airflow/example_dags/example_task_group_decorator.py took 0.072 seconds
[2024-08-30T03:37:28.430+0000] {processor.py:186} INFO - Started process (PID=71) to work on /home/airflow/.local/lib/python3.12/site-packages/airflow/example_dags/example_task_group_decorator.py
[2024-08-30T03:37:28.431+0000] {processor.py:914} INFO - Processing file /home/airflow/.local/lib/python3.12/site-packages/airflow/example_dags/example_task_group_decorator.py for tasks to queue
[2024-08-30T03:37:28.433+0000] {logging_mixin.py:190} INFO - [2024-08-30T03:37:28.433+0000] {dagbag.py:587} INFO - Filling up the DagBag from /home/airflow/.local/lib/python3.12/site-packages/airflow/example_dags/example_task_group_decorator.py
[2024-08-30T03:37:28.447+0000] {processor.py:925} INFO - DAG(s) 'example_task_group_decorator' retrieved from /home/airflow/.local/lib/python3.12/site-packages/airflow/example_dags/example_task_group_decorator.py
[2024-08-30T03:37:28.469+0000] {logging_mixin.py:190} INFO - [2024-08-30T03:37:28.469+0000] {dag.py:3211} INFO - Sync 1 DAGs
[2024-08-30T03:37:28.485+0000] {logging_mixin.py:190} INFO - [2024-08-30T03:37:28.485+0000] {dag.py:4138} INFO - Setting next_dagrun for example_task_group_decorator to 2024-08-29 00:00:00+00:00, run_after=2024-08-30 00:00:00+00:00
[2024-08-30T03:37:28.502+0000] {processor.py:208} INFO - Processing /home/airflow/.local/lib/python3.12/site-packages/airflow/example_dags/example_task_group_decorator.py took 0.077 seconds
[2024-08-30T03:37:59.351+0000] {processor.py:186} INFO - Started process (PID=134) to work on /home/airflow/.local/lib/python3.12/site-packages/airflow/example_dags/example_task_group_decorator.py
[2024-08-30T03:37:59.352+0000] {processor.py:914} INFO - Processing file /home/airflow/.local/lib/python3.12/site-packages/airflow/example_dags/example_task_group_decorator.py for tasks to queue
[2024-08-30T03:37:59.354+0000] {logging_mixin.py:190} INFO - [2024-08-30T03:37:59.354+0000] {dagbag.py:587} INFO - Filling up the DagBag from /home/airflow/.local/lib/python3.12/site-packages/airflow/example_dags/example_task_group_decorator.py
[2024-08-30T03:37:59.364+0000] {processor.py:925} INFO - DAG(s) 'example_task_group_decorator' retrieved from /home/airflow/.local/lib/python3.12/site-packages/airflow/example_dags/example_task_group_decorator.py
[2024-08-30T03:37:59.381+0000] {logging_mixin.py:190} INFO - [2024-08-30T03:37:59.380+0000] {dag.py:3211} INFO - Sync 1 DAGs
[2024-08-30T03:37:59.396+0000] {logging_mixin.py:190} INFO - [2024-08-30T03:37:59.395+0000] {dag.py:4138} INFO - Setting next_dagrun for example_task_group_decorator to 2024-08-29 00:00:00+00:00, run_after=2024-08-30 00:00:00+00:00
[2024-08-30T03:37:59.410+0000] {processor.py:208} INFO - Processing /home/airflow/.local/lib/python3.12/site-packages/airflow/example_dags/example_task_group_decorator.py took 0.063 seconds
[2024-08-30T03:38:29.533+0000] {processor.py:186} INFO - Started process (PID=197) to work on /home/airflow/.local/lib/python3.12/site-packages/airflow/example_dags/example_task_group_decorator.py
[2024-08-30T03:38:29.533+0000] {processor.py:914} INFO - Processing file /home/airflow/.local/lib/python3.12/site-packages/airflow/example_dags/example_task_group_decorator.py for tasks to queue
[2024-08-30T03:38:29.535+0000] {logging_mixin.py:190} INFO - [2024-08-30T03:38:29.535+0000] {dagbag.py:587} INFO - Filling up the DagBag from /home/airflow/.local/lib/python3.12/site-packages/airflow/example_dags/example_task_group_decorator.py
[2024-08-30T03:38:29.548+0000] {processor.py:925} INFO - DAG(s) 'example_task_group_decorator' retrieved from /home/airflow/.local/lib/python3.12/site-packages/airflow/example_dags/example_task_group_decorator.py
[2024-08-30T03:38:29.565+0000] {logging_mixin.py:190} INFO - [2024-08-30T03:38:29.565+0000] {dag.py:3211} INFO - Sync 1 DAGs
[2024-08-30T03:38:29.580+0000] {logging_mixin.py:190} INFO - [2024-08-30T03:38:29.580+0000] {dag.py:4138} INFO - Setting next_dagrun for example_task_group_decorator to 2024-08-29 00:00:00+00:00, run_after=2024-08-30 00:00:00+00:00
[2024-08-30T03:38:29.600+0000] {processor.py:208} INFO - Processing /home/airflow/.local/lib/python3.12/site-packages/airflow/example_dags/example_task_group_decorator.py took 0.071 seconds
[2024-08-30T03:39:00.184+0000] {processor.py:186} INFO - Started process (PID=260) to work on /home/airflow/.local/lib/python3.12/site-packages/airflow/example_dags/example_task_group_decorator.py
[2024-08-30T03:39:00.185+0000] {processor.py:914} INFO - Processing file /home/airflow/.local/lib/python3.12/site-packages/airflow/example_dags/example_task_group_decorator.py for tasks to queue
[2024-08-30T03:39:00.187+0000] {logging_mixin.py:190} INFO - [2024-08-30T03:39:00.187+0000] {dagbag.py:587} INFO - Filling up the DagBag from /home/airflow/.local/lib/python3.12/site-packages/airflow/example_dags/example_task_group_decorator.py
[2024-08-30T03:39:00.199+0000] {processor.py:925} INFO - DAG(s) 'example_task_group_decorator' retrieved from /home/airflow/.local/lib/python3.12/site-packages/airflow/example_dags/example_task_group_decorator.py
[2024-08-30T03:39:00.217+0000] {logging_mixin.py:190} INFO - [2024-08-30T03:39:00.217+0000] {dag.py:3211} INFO - Sync 1 DAGs
[2024-08-30T03:39:00.233+0000] {logging_mixin.py:190} INFO - [2024-08-30T03:39:00.232+0000] {dag.py:4138} INFO - Setting next_dagrun for example_task_group_decorator to 2024-08-29 00:00:00+00:00, run_after=2024-08-30 00:00:00+00:00
[2024-08-30T03:39:00.248+0000] {processor.py:208} INFO - Processing /home/airflow/.local/lib/python3.12/site-packages/airflow/example_dags/example_task_group_decorator.py took 0.068 seconds
[2024-08-30T03:39:30.969+0000] {processor.py:186} INFO - Started process (PID=323) to work on /home/airflow/.local/lib/python3.12/site-packages/airflow/example_dags/example_task_group_decorator.py
[2024-08-30T03:39:30.970+0000] {processor.py:914} INFO - Processing file /home/airflow/.local/lib/python3.12/site-packages/airflow/example_dags/example_task_group_decorator.py for tasks to queue
[2024-08-30T03:39:30.972+0000] {logging_mixin.py:190} INFO - [2024-08-30T03:39:30.972+0000] {dagbag.py:587} INFO - Filling up the DagBag from /home/airflow/.local/lib/python3.12/site-packages/airflow/example_dags/example_task_group_decorator.py
[2024-08-30T03:39:30.985+0000] {processor.py:925} INFO - DAG(s) 'example_task_group_decorator' retrieved from /home/airflow/.local/lib/python3.12/site-packages/airflow/example_dags/example_task_group_decorator.py
[2024-08-30T03:39:31.003+0000] {logging_mixin.py:190} INFO - [2024-08-30T03:39:31.003+0000] {dag.py:3211} INFO - Sync 1 DAGs
[2024-08-30T03:39:31.019+0000] {logging_mixin.py:190} INFO - [2024-08-30T03:39:31.019+0000] {dag.py:4138} INFO - Setting next_dagrun for example_task_group_decorator to 2024-08-29 00:00:00+00:00, run_after=2024-08-30 00:00:00+00:00
[2024-08-30T03:39:31.041+0000] {processor.py:208} INFO - Processing /home/airflow/.local/lib/python3.12/site-packages/airflow/example_dags/example_task_group_decorator.py took 0.076 seconds
[2024-08-30T03:40:01.496+0000] {processor.py:186} INFO - Started process (PID=386) to work on /home/airflow/.local/lib/python3.12/site-packages/airflow/example_dags/example_task_group_decorator.py
[2024-08-30T03:40:01.497+0000] {processor.py:914} INFO - Processing file /home/airflow/.local/lib/python3.12/site-packages/airflow/example_dags/example_task_group_decorator.py for tasks to queue
[2024-08-30T03:40:01.498+0000] {logging_mixin.py:190} INFO - [2024-08-30T03:40:01.498+0000] {dagbag.py:587} INFO - Filling up the DagBag from /home/airflow/.local/lib/python3.12/site-packages/airflow/example_dags/example_task_group_decorator.py
[2024-08-30T03:40:01.509+0000] {processor.py:925} INFO - DAG(s) 'example_task_group_decorator' retrieved from /home/airflow/.local/lib/python3.12/site-packages/airflow/example_dags/example_task_group_decorator.py
[2024-08-30T03:40:01.526+0000] {logging_mixin.py:190} INFO - [2024-08-30T03:40:01.526+0000] {dag.py:3211} INFO - Sync 1 DAGs
[2024-08-30T03:40:01.541+0000] {logging_mixin.py:190} INFO - [2024-08-30T03:40:01.541+0000] {dag.py:4138} INFO - Setting next_dagrun for example_task_group_decorator to 2024-08-29 00:00:00+00:00, run_after=2024-08-30 00:00:00+00:00
[2024-08-30T03:40:01.557+0000] {processor.py:208} INFO - Processing /home/airflow/.local/lib/python3.12/site-packages/airflow/example_dags/example_task_group_decorator.py took 0.065 seconds
[2024-08-30T03:40:32.057+0000] {processor.py:186} INFO - Started process (PID=449) to work on /home/airflow/.local/lib/python3.12/site-packages/airflow/example_dags/example_task_group_decorator.py
[2024-08-30T03:40:32.058+0000] {processor.py:914} INFO - Processing file /home/airflow/.local/lib/python3.12/site-packages/airflow/example_dags/example_task_group_decorator.py for tasks to queue
[2024-08-30T03:40:32.060+0000] {logging_mixin.py:190} INFO - [2024-08-30T03:40:32.060+0000] {dagbag.py:587} INFO - Filling up the DagBag from /home/airflow/.local/lib/python3.12/site-packages/airflow/example_dags/example_task_group_decorator.py
[2024-08-30T03:40:32.074+0000] {processor.py:925} INFO - DAG(s) 'example_task_group_decorator' retrieved from /home/airflow/.local/lib/python3.12/site-packages/airflow/example_dags/example_task_group_decorator.py
[2024-08-30T03:40:32.094+0000] {logging_mixin.py:190} INFO - [2024-08-30T03:40:32.094+0000] {dag.py:3211} INFO - Sync 1 DAGs
[2024-08-30T03:40:32.112+0000] {logging_mixin.py:190} INFO - [2024-08-30T03:40:32.111+0000] {dag.py:4138} INFO - Setting next_dagrun for example_task_group_decorator to 2024-08-29 00:00:00+00:00, run_after=2024-08-30 00:00:00+00:00
[2024-08-30T03:40:32.131+0000] {processor.py:208} INFO - Processing /home/airflow/.local/lib/python3.12/site-packages/airflow/example_dags/example_task_group_decorator.py took 0.079 seconds
[2024-08-30T03:41:03.100+0000] {processor.py:186} INFO - Started process (PID=518) to work on /home/airflow/.local/lib/python3.12/site-packages/airflow/example_dags/example_task_group_decorator.py
[2024-08-30T03:41:03.101+0000] {processor.py:914} INFO - Processing file /home/airflow/.local/lib/python3.12/site-packages/airflow/example_dags/example_task_group_decorator.py for tasks to queue
[2024-08-30T03:41:03.103+0000] {logging_mixin.py:190} INFO - [2024-08-30T03:41:03.103+0000] {dagbag.py:587} INFO - Filling up the DagBag from /home/airflow/.local/lib/python3.12/site-packages/airflow/example_dags/example_task_group_decorator.py
[2024-08-30T03:41:03.114+0000] {processor.py:925} INFO - DAG(s) 'example_task_group_decorator' retrieved from /home/airflow/.local/lib/python3.12/site-packages/airflow/example_dags/example_task_group_decorator.py
[2024-08-30T03:41:03.132+0000] {logging_mixin.py:190} INFO - [2024-08-30T03:41:03.132+0000] {dag.py:3211} INFO - Sync 1 DAGs
[2024-08-30T03:41:03.147+0000] {logging_mixin.py:190} INFO - [2024-08-30T03:41:03.147+0000] {dag.py:4138} INFO - Setting next_dagrun for example_task_group_decorator to 2024-08-29 00:00:00+00:00, run_after=2024-08-30 00:00:00+00:00
[2024-08-30T03:41:03.163+0000] {processor.py:208} INFO - Processing /home/airflow/.local/lib/python3.12/site-packages/airflow/example_dags/example_task_group_decorator.py took 0.067 seconds
[2024-08-30T03:41:33.862+0000] {processor.py:186} INFO - Started process (PID=581) to work on /home/airflow/.local/lib/python3.12/site-packages/airflow/example_dags/example_task_group_decorator.py
[2024-08-30T03:41:33.863+0000] {processor.py:914} INFO - Processing file /home/airflow/.local/lib/python3.12/site-packages/airflow/example_dags/example_task_group_decorator.py for tasks to queue
[2024-08-30T03:41:33.865+0000] {logging_mixin.py:190} INFO - [2024-08-30T03:41:33.865+0000] {dagbag.py:587} INFO - Filling up the DagBag from /home/airflow/.local/lib/python3.12/site-packages/airflow/example_dags/example_task_group_decorator.py
[2024-08-30T03:41:33.877+0000] {processor.py:925} INFO - DAG(s) 'example_task_group_decorator' retrieved from /home/airflow/.local/lib/python3.12/site-packages/airflow/example_dags/example_task_group_decorator.py
[2024-08-30T03:41:33.896+0000] {logging_mixin.py:190} INFO - [2024-08-30T03:41:33.896+0000] {dag.py:3211} INFO - Sync 1 DAGs
[2024-08-30T03:41:33.913+0000] {logging_mixin.py:190} INFO - [2024-08-30T03:41:33.912+0000] {dag.py:4138} INFO - Setting next_dagrun for example_task_group_decorator to 2024-08-29 00:00:00+00:00, run_after=2024-08-30 00:00:00+00:00
[2024-08-30T03:41:33.929+0000] {processor.py:208} INFO - Processing /home/airflow/.local/lib/python3.12/site-packages/airflow/example_dags/example_task_group_decorator.py took 0.071 seconds
[2024-08-30T03:42:05.147+0000] {processor.py:186} INFO - Started process (PID=644) to work on /home/airflow/.local/lib/python3.12/site-packages/airflow/example_dags/example_task_group_decorator.py
[2024-08-30T03:42:05.153+0000] {processor.py:914} INFO - Processing file /home/airflow/.local/lib/python3.12/site-packages/airflow/example_dags/example_task_group_decorator.py for tasks to queue
[2024-08-30T03:42:05.157+0000] {logging_mixin.py:190} INFO - [2024-08-30T03:42:05.157+0000] {dagbag.py:587} INFO - Filling up the DagBag from /home/airflow/.local/lib/python3.12/site-packages/airflow/example_dags/example_task_group_decorator.py
[2024-08-30T03:42:05.175+0000] {processor.py:925} INFO - DAG(s) 'example_task_group_decorator' retrieved from /home/airflow/.local/lib/python3.12/site-packages/airflow/example_dags/example_task_group_decorator.py
[2024-08-30T03:42:05.192+0000] {logging_mixin.py:190} INFO - [2024-08-30T03:42:05.192+0000] {dag.py:3211} INFO - Sync 1 DAGs
[2024-08-30T03:42:05.207+0000] {logging_mixin.py:190} INFO - [2024-08-30T03:42:05.207+0000] {dag.py:4138} INFO - Setting next_dagrun for example_task_group_decorator to 2024-08-29 00:00:00+00:00, run_after=2024-08-30 00:00:00+00:00
[2024-08-30T03:42:05.220+0000] {processor.py:208} INFO - Processing /home/airflow/.local/lib/python3.12/site-packages/airflow/example_dags/example_task_group_decorator.py took 0.078 seconds
[2024-08-30T03:42:35.863+0000] {processor.py:186} INFO - Started process (PID=707) to work on /home/airflow/.local/lib/python3.12/site-packages/airflow/example_dags/example_task_group_decorator.py
[2024-08-30T03:42:35.863+0000] {processor.py:914} INFO - Processing file /home/airflow/.local/lib/python3.12/site-packages/airflow/example_dags/example_task_group_decorator.py for tasks to queue
[2024-08-30T03:42:35.865+0000] {logging_mixin.py:190} INFO - [2024-08-30T03:42:35.865+0000] {dagbag.py:587} INFO - Filling up the DagBag from /home/airflow/.local/lib/python3.12/site-packages/airflow/example_dags/example_task_group_decorator.py
[2024-08-30T03:42:35.877+0000] {processor.py:925} INFO - DAG(s) 'example_task_group_decorator' retrieved from /home/airflow/.local/lib/python3.12/site-packages/airflow/example_dags/example_task_group_decorator.py
[2024-08-30T03:42:35.898+0000] {logging_mixin.py:190} INFO - [2024-08-30T03:42:35.897+0000] {dag.py:3211} INFO - Sync 1 DAGs
[2024-08-30T03:42:35.913+0000] {logging_mixin.py:190} INFO - [2024-08-30T03:42:35.913+0000] {dag.py:4138} INFO - Setting next_dagrun for example_task_group_decorator to 2024-08-29 00:00:00+00:00, run_after=2024-08-30 00:00:00+00:00
[2024-08-30T03:42:35.931+0000] {processor.py:208} INFO - Processing /home/airflow/.local/lib/python3.12/site-packages/airflow/example_dags/example_task_group_decorator.py took 0.072 seconds
[2024-08-30T03:43:06.398+0000] {processor.py:186} INFO - Started process (PID=771) to work on /home/airflow/.local/lib/python3.12/site-packages/airflow/example_dags/example_task_group_decorator.py
[2024-08-30T03:43:06.399+0000] {processor.py:914} INFO - Processing file /home/airflow/.local/lib/python3.12/site-packages/airflow/example_dags/example_task_group_decorator.py for tasks to queue
[2024-08-30T03:43:06.401+0000] {logging_mixin.py:190} INFO - [2024-08-30T03:43:06.400+0000] {dagbag.py:587} INFO - Filling up the DagBag from /home/airflow/.local/lib/python3.12/site-packages/airflow/example_dags/example_task_group_decorator.py
[2024-08-30T03:43:06.413+0000] {processor.py:925} INFO - DAG(s) 'example_task_group_decorator' retrieved from /home/airflow/.local/lib/python3.12/site-packages/airflow/example_dags/example_task_group_decorator.py
[2024-08-30T03:43:06.432+0000] {logging_mixin.py:190} INFO - [2024-08-30T03:43:06.432+0000] {dag.py:3211} INFO - Sync 1 DAGs
[2024-08-30T03:43:06.448+0000] {logging_mixin.py:190} INFO - [2024-08-30T03:43:06.448+0000] {dag.py:4138} INFO - Setting next_dagrun for example_task_group_decorator to 2024-08-29 00:00:00+00:00, run_after=2024-08-30 00:00:00+00:00
[2024-08-30T03:43:06.465+0000] {processor.py:208} INFO - Processing /home/airflow/.local/lib/python3.12/site-packages/airflow/example_dags/example_task_group_decorator.py took 0.071 seconds
[2024-08-30T03:43:37.189+0000] {processor.py:186} INFO - Started process (PID=835) to work on /home/airflow/.local/lib/python3.12/site-packages/airflow/example_dags/example_task_group_decorator.py
[2024-08-30T03:43:37.190+0000] {processor.py:914} INFO - Processing file /home/airflow/.local/lib/python3.12/site-packages/airflow/example_dags/example_task_group_decorator.py for tasks to queue
[2024-08-30T03:43:37.192+0000] {logging_mixin.py:190} INFO - [2024-08-30T03:43:37.192+0000] {dagbag.py:587} INFO - Filling up the DagBag from /home/airflow/.local/lib/python3.12/site-packages/airflow/example_dags/example_task_group_decorator.py
[2024-08-30T03:43:37.203+0000] {processor.py:925} INFO - DAG(s) 'example_task_group_decorator' retrieved from /home/airflow/.local/lib/python3.12/site-packages/airflow/example_dags/example_task_group_decorator.py
[2024-08-30T03:43:37.220+0000] {logging_mixin.py:190} INFO - [2024-08-30T03:43:37.220+0000] {dag.py:3211} INFO - Sync 1 DAGs
[2024-08-30T03:43:37.236+0000] {logging_mixin.py:190} INFO - [2024-08-30T03:43:37.235+0000] {dag.py:4138} INFO - Setting next_dagrun for example_task_group_decorator to 2024-08-29 00:00:00+00:00, run_after=2024-08-30 00:00:00+00:00
[2024-08-30T03:43:37.252+0000] {processor.py:208} INFO - Processing /home/airflow/.local/lib/python3.12/site-packages/airflow/example_dags/example_task_group_decorator.py took 0.067 seconds
[2024-08-30T03:44:07.352+0000] {processor.py:186} INFO - Started process (PID=898) to work on /home/airflow/.local/lib/python3.12/site-packages/airflow/example_dags/example_task_group_decorator.py
[2024-08-30T03:44:07.353+0000] {processor.py:914} INFO - Processing file /home/airflow/.local/lib/python3.12/site-packages/airflow/example_dags/example_task_group_decorator.py for tasks to queue
[2024-08-30T03:44:07.354+0000] {logging_mixin.py:190} INFO - [2024-08-30T03:44:07.354+0000] {dagbag.py:587} INFO - Filling up the DagBag from /home/airflow/.local/lib/python3.12/site-packages/airflow/example_dags/example_task_group_decorator.py
[2024-08-30T03:44:07.365+0000] {processor.py:925} INFO - DAG(s) 'example_task_group_decorator' retrieved from /home/airflow/.local/lib/python3.12/site-packages/airflow/example_dags/example_task_group_decorator.py
[2024-08-30T03:44:07.382+0000] {logging_mixin.py:190} INFO - [2024-08-30T03:44:07.382+0000] {dag.py:3211} INFO - Sync 1 DAGs
[2024-08-30T03:44:07.397+0000] {logging_mixin.py:190} INFO - [2024-08-30T03:44:07.397+0000] {dag.py:4138} INFO - Setting next_dagrun for example_task_group_decorator to 2024-08-29 00:00:00+00:00, run_after=2024-08-30 00:00:00+00:00
[2024-08-30T03:44:07.412+0000] {processor.py:208} INFO - Processing /home/airflow/.local/lib/python3.12/site-packages/airflow/example_dags/example_task_group_decorator.py took 0.065 seconds
[2024-08-30T03:44:37.918+0000] {processor.py:186} INFO - Started process (PID=961) to work on /home/airflow/.local/lib/python3.12/site-packages/airflow/example_dags/example_task_group_decorator.py
[2024-08-30T03:44:37.919+0000] {processor.py:914} INFO - Processing file /home/airflow/.local/lib/python3.12/site-packages/airflow/example_dags/example_task_group_decorator.py for tasks to queue
[2024-08-30T03:44:37.921+0000] {logging_mixin.py:190} INFO - [2024-08-30T03:44:37.921+0000] {dagbag.py:587} INFO - Filling up the DagBag from /home/airflow/.local/lib/python3.12/site-packages/airflow/example_dags/example_task_group_decorator.py
[2024-08-30T03:44:37.932+0000] {processor.py:925} INFO - DAG(s) 'example_task_group_decorator' retrieved from /home/airflow/.local/lib/python3.12/site-packages/airflow/example_dags/example_task_group_decorator.py
[2024-08-30T03:44:37.951+0000] {logging_mixin.py:190} INFO - [2024-08-30T03:44:37.951+0000] {dag.py:3211} INFO - Sync 1 DAGs
[2024-08-30T03:44:37.968+0000] {logging_mixin.py:190} INFO - [2024-08-30T03:44:37.968+0000] {dag.py:4138} INFO - Setting next_dagrun for example_task_group_decorator to 2024-08-29 00:00:00+00:00, run_after=2024-08-30 00:00:00+00:00
[2024-08-30T03:44:37.986+0000] {processor.py:208} INFO - Processing /home/airflow/.local/lib/python3.12/site-packages/airflow/example_dags/example_task_group_decorator.py took 0.073 seconds
[2024-08-30T03:45:08.565+0000] {processor.py:186} INFO - Started process (PID=1024) to work on /home/airflow/.local/lib/python3.12/site-packages/airflow/example_dags/example_task_group_decorator.py
[2024-08-30T03:45:08.566+0000] {processor.py:914} INFO - Processing file /home/airflow/.local/lib/python3.12/site-packages/airflow/example_dags/example_task_group_decorator.py for tasks to queue
[2024-08-30T03:45:08.568+0000] {logging_mixin.py:190} INFO - [2024-08-30T03:45:08.568+0000] {dagbag.py:587} INFO - Filling up the DagBag from /home/airflow/.local/lib/python3.12/site-packages/airflow/example_dags/example_task_group_decorator.py
[2024-08-30T03:45:08.581+0000] {processor.py:925} INFO - DAG(s) 'example_task_group_decorator' retrieved from /home/airflow/.local/lib/python3.12/site-packages/airflow/example_dags/example_task_group_decorator.py
[2024-08-30T03:45:08.600+0000] {logging_mixin.py:190} INFO - [2024-08-30T03:45:08.600+0000] {dag.py:3211} INFO - Sync 1 DAGs
[2024-08-30T03:45:08.616+0000] {logging_mixin.py:190} INFO - [2024-08-30T03:45:08.615+0000] {dag.py:4138} INFO - Setting next_dagrun for example_task_group_decorator to 2024-08-29 00:00:00+00:00, run_after=2024-08-30 00:00:00+00:00
[2024-08-30T03:45:08.631+0000] {processor.py:208} INFO - Processing /home/airflow/.local/lib/python3.12/site-packages/airflow/example_dags/example_task_group_decorator.py took 0.070 seconds
[2024-08-30T03:46:00.345+0000] {processor.py:186} INFO - Started process (PID=71) to work on /home/airflow/.local/lib/python3.12/site-packages/airflow/example_dags/example_task_group_decorator.py
[2024-08-30T03:46:00.348+0000] {processor.py:914} INFO - Processing file /home/airflow/.local/lib/python3.12/site-packages/airflow/example_dags/example_task_group_decorator.py for tasks to queue
[2024-08-30T03:46:00.350+0000] {logging_mixin.py:190} INFO - [2024-08-30T03:46:00.350+0000] {dagbag.py:587} INFO - Filling up the DagBag from /home/airflow/.local/lib/python3.12/site-packages/airflow/example_dags/example_task_group_decorator.py
[2024-08-30T03:46:00.366+0000] {processor.py:925} INFO - DAG(s) 'example_task_group_decorator' retrieved from /home/airflow/.local/lib/python3.12/site-packages/airflow/example_dags/example_task_group_decorator.py
[2024-08-30T03:46:00.560+0000] {logging_mixin.py:190} INFO - [2024-08-30T03:46:00.560+0000] {process_utils.py:266} INFO - Waiting up to 5 seconds for processes to exit...
[2024-08-30T03:46:13.391+0000] {processor.py:186} INFO - Started process (PID=65) to work on /home/airflow/.local/lib/python3.12/site-packages/airflow/example_dags/example_task_group_decorator.py
[2024-08-30T03:46:13.392+0000] {processor.py:914} INFO - Processing file /home/airflow/.local/lib/python3.12/site-packages/airflow/example_dags/example_task_group_decorator.py for tasks to queue
[2024-08-30T03:46:13.394+0000] {logging_mixin.py:190} INFO - [2024-08-30T03:46:13.393+0000] {dagbag.py:587} INFO - Filling up the DagBag from /home/airflow/.local/lib/python3.12/site-packages/airflow/example_dags/example_task_group_decorator.py
[2024-08-30T03:46:13.405+0000] {processor.py:925} INFO - DAG(s) 'example_task_group_decorator' retrieved from /home/airflow/.local/lib/python3.12/site-packages/airflow/example_dags/example_task_group_decorator.py
[2024-08-30T03:46:13.426+0000] {logging_mixin.py:190} INFO - [2024-08-30T03:46:13.426+0000] {dag.py:3211} INFO - Sync 1 DAGs
[2024-08-30T03:46:13.442+0000] {logging_mixin.py:190} INFO - [2024-08-30T03:46:13.442+0000] {dag.py:4138} INFO - Setting next_dagrun for example_task_group_decorator to 2024-08-29 00:00:00+00:00, run_after=2024-08-30 00:00:00+00:00
[2024-08-30T03:46:13.458+0000] {processor.py:208} INFO - Processing /home/airflow/.local/lib/python3.12/site-packages/airflow/example_dags/example_task_group_decorator.py took 0.071 seconds
[2024-08-30T03:46:44.068+0000] {processor.py:186} INFO - Started process (PID=128) to work on /home/airflow/.local/lib/python3.12/site-packages/airflow/example_dags/example_task_group_decorator.py
[2024-08-30T03:46:44.069+0000] {processor.py:914} INFO - Processing file /home/airflow/.local/lib/python3.12/site-packages/airflow/example_dags/example_task_group_decorator.py for tasks to queue
[2024-08-30T03:46:44.071+0000] {logging_mixin.py:190} INFO - [2024-08-30T03:46:44.071+0000] {dagbag.py:587} INFO - Filling up the DagBag from /home/airflow/.local/lib/python3.12/site-packages/airflow/example_dags/example_task_group_decorator.py
[2024-08-30T03:46:44.081+0000] {processor.py:925} INFO - DAG(s) 'example_task_group_decorator' retrieved from /home/airflow/.local/lib/python3.12/site-packages/airflow/example_dags/example_task_group_decorator.py
[2024-08-30T03:46:44.100+0000] {logging_mixin.py:190} INFO - [2024-08-30T03:46:44.100+0000] {dag.py:3211} INFO - Sync 1 DAGs
[2024-08-30T03:46:44.116+0000] {logging_mixin.py:190} INFO - [2024-08-30T03:46:44.116+0000] {dag.py:4138} INFO - Setting next_dagrun for example_task_group_decorator to 2024-08-29 00:00:00+00:00, run_after=2024-08-30 00:00:00+00:00
[2024-08-30T03:46:44.135+0000] {processor.py:208} INFO - Processing /home/airflow/.local/lib/python3.12/site-packages/airflow/example_dags/example_task_group_decorator.py took 0.071 seconds
[2024-08-30T03:47:14.584+0000] {processor.py:186} INFO - Started process (PID=191) to work on /home/airflow/.local/lib/python3.12/site-packages/airflow/example_dags/example_task_group_decorator.py
[2024-08-30T03:47:14.585+0000] {processor.py:914} INFO - Processing file /home/airflow/.local/lib/python3.12/site-packages/airflow/example_dags/example_task_group_decorator.py for tasks to queue
[2024-08-30T03:47:14.587+0000] {logging_mixin.py:190} INFO - [2024-08-30T03:47:14.587+0000] {dagbag.py:587} INFO - Filling up the DagBag from /home/airflow/.local/lib/python3.12/site-packages/airflow/example_dags/example_task_group_decorator.py
[2024-08-30T03:47:14.597+0000] {processor.py:925} INFO - DAG(s) 'example_task_group_decorator' retrieved from /home/airflow/.local/lib/python3.12/site-packages/airflow/example_dags/example_task_group_decorator.py
[2024-08-30T03:47:14.615+0000] {logging_mixin.py:190} INFO - [2024-08-30T03:47:14.615+0000] {dag.py:3211} INFO - Sync 1 DAGs
[2024-08-30T03:47:14.631+0000] {logging_mixin.py:190} INFO - [2024-08-30T03:47:14.631+0000] {dag.py:4138} INFO - Setting next_dagrun for example_task_group_decorator to 2024-08-29 00:00:00+00:00, run_after=2024-08-30 00:00:00+00:00
[2024-08-30T03:47:14.646+0000] {processor.py:208} INFO - Processing /home/airflow/.local/lib/python3.12/site-packages/airflow/example_dags/example_task_group_decorator.py took 0.066 seconds
[2024-08-30T03:47:45.526+0000] {processor.py:186} INFO - Started process (PID=254) to work on /home/airflow/.local/lib/python3.12/site-packages/airflow/example_dags/example_task_group_decorator.py
[2024-08-30T03:47:45.527+0000] {processor.py:914} INFO - Processing file /home/airflow/.local/lib/python3.12/site-packages/airflow/example_dags/example_task_group_decorator.py for tasks to queue
[2024-08-30T03:47:45.529+0000] {logging_mixin.py:190} INFO - [2024-08-30T03:47:45.529+0000] {dagbag.py:587} INFO - Filling up the DagBag from /home/airflow/.local/lib/python3.12/site-packages/airflow/example_dags/example_task_group_decorator.py
[2024-08-30T03:47:45.541+0000] {processor.py:925} INFO - DAG(s) 'example_task_group_decorator' retrieved from /home/airflow/.local/lib/python3.12/site-packages/airflow/example_dags/example_task_group_decorator.py
[2024-08-30T03:47:45.562+0000] {logging_mixin.py:190} INFO - [2024-08-30T03:47:45.561+0000] {dag.py:3211} INFO - Sync 1 DAGs
[2024-08-30T03:47:45.588+0000] {logging_mixin.py:190} INFO - [2024-08-30T03:47:45.588+0000] {dag.py:4138} INFO - Setting next_dagrun for example_task_group_decorator to 2024-08-29 00:00:00+00:00, run_after=2024-08-30 00:00:00+00:00
[2024-08-30T03:47:45.605+0000] {processor.py:208} INFO - Processing /home/airflow/.local/lib/python3.12/site-packages/airflow/example_dags/example_task_group_decorator.py took 0.083 seconds
[2024-08-30T03:48:15.971+0000] {processor.py:186} INFO - Started process (PID=317) to work on /home/airflow/.local/lib/python3.12/site-packages/airflow/example_dags/example_task_group_decorator.py
[2024-08-30T03:48:15.972+0000] {processor.py:914} INFO - Processing file /home/airflow/.local/lib/python3.12/site-packages/airflow/example_dags/example_task_group_decorator.py for tasks to queue
[2024-08-30T03:48:15.974+0000] {logging_mixin.py:190} INFO - [2024-08-30T03:48:15.973+0000] {dagbag.py:587} INFO - Filling up the DagBag from /home/airflow/.local/lib/python3.12/site-packages/airflow/example_dags/example_task_group_decorator.py
[2024-08-30T03:48:15.986+0000] {processor.py:925} INFO - DAG(s) 'example_task_group_decorator' retrieved from /home/airflow/.local/lib/python3.12/site-packages/airflow/example_dags/example_task_group_decorator.py
[2024-08-30T03:48:16.005+0000] {logging_mixin.py:190} INFO - [2024-08-30T03:48:16.005+0000] {dag.py:3211} INFO - Sync 1 DAGs
[2024-08-30T03:48:16.022+0000] {logging_mixin.py:190} INFO - [2024-08-30T03:48:16.022+0000] {dag.py:4138} INFO - Setting next_dagrun for example_task_group_decorator to 2024-08-29 00:00:00+00:00, run_after=2024-08-30 00:00:00+00:00
[2024-08-30T03:48:16.038+0000] {processor.py:208} INFO - Processing /home/airflow/.local/lib/python3.12/site-packages/airflow/example_dags/example_task_group_decorator.py took 0.071 seconds
[2024-08-30T03:48:46.599+0000] {processor.py:186} INFO - Started process (PID=384) to work on /home/airflow/.local/lib/python3.12/site-packages/airflow/example_dags/example_task_group_decorator.py
[2024-08-30T03:48:46.600+0000] {processor.py:914} INFO - Processing file /home/airflow/.local/lib/python3.12/site-packages/airflow/example_dags/example_task_group_decorator.py for tasks to queue
[2024-08-30T03:48:46.602+0000] {logging_mixin.py:190} INFO - [2024-08-30T03:48:46.601+0000] {dagbag.py:587} INFO - Filling up the DagBag from /home/airflow/.local/lib/python3.12/site-packages/airflow/example_dags/example_task_group_decorator.py
[2024-08-30T03:48:46.612+0000] {processor.py:925} INFO - DAG(s) 'example_task_group_decorator' retrieved from /home/airflow/.local/lib/python3.12/site-packages/airflow/example_dags/example_task_group_decorator.py
[2024-08-30T03:48:46.632+0000] {logging_mixin.py:190} INFO - [2024-08-30T03:48:46.631+0000] {dag.py:3211} INFO - Sync 1 DAGs
[2024-08-30T03:48:46.648+0000] {logging_mixin.py:190} INFO - [2024-08-30T03:48:46.648+0000] {dag.py:4138} INFO - Setting next_dagrun for example_task_group_decorator to 2024-08-29 00:00:00+00:00, run_after=2024-08-30 00:00:00+00:00
[2024-08-30T03:48:46.665+0000] {processor.py:208} INFO - Processing /home/airflow/.local/lib/python3.12/site-packages/airflow/example_dags/example_task_group_decorator.py took 0.070 seconds
[2024-08-30T03:49:17.415+0000] {processor.py:186} INFO - Started process (PID=453) to work on /home/airflow/.local/lib/python3.12/site-packages/airflow/example_dags/example_task_group_decorator.py
[2024-08-30T03:49:17.422+0000] {processor.py:914} INFO - Processing file /home/airflow/.local/lib/python3.12/site-packages/airflow/example_dags/example_task_group_decorator.py for tasks to queue
[2024-08-30T03:49:17.426+0000] {logging_mixin.py:190} INFO - [2024-08-30T03:49:17.426+0000] {dagbag.py:587} INFO - Filling up the DagBag from /home/airflow/.local/lib/python3.12/site-packages/airflow/example_dags/example_task_group_decorator.py
[2024-08-30T03:49:17.437+0000] {processor.py:925} INFO - DAG(s) 'example_task_group_decorator' retrieved from /home/airflow/.local/lib/python3.12/site-packages/airflow/example_dags/example_task_group_decorator.py
[2024-08-30T03:49:17.454+0000] {logging_mixin.py:190} INFO - [2024-08-30T03:49:17.454+0000] {dag.py:3211} INFO - Sync 1 DAGs
[2024-08-30T03:49:17.469+0000] {logging_mixin.py:190} INFO - [2024-08-30T03:49:17.469+0000] {dag.py:4138} INFO - Setting next_dagrun for example_task_group_decorator to 2024-08-29 00:00:00+00:00, run_after=2024-08-30 00:00:00+00:00
[2024-08-30T03:49:17.485+0000] {processor.py:208} INFO - Processing /home/airflow/.local/lib/python3.12/site-packages/airflow/example_dags/example_task_group_decorator.py took 0.074 seconds
[2024-08-30T03:49:48.060+0000] {processor.py:186} INFO - Started process (PID=516) to work on /home/airflow/.local/lib/python3.12/site-packages/airflow/example_dags/example_task_group_decorator.py
[2024-08-30T03:49:48.061+0000] {processor.py:914} INFO - Processing file /home/airflow/.local/lib/python3.12/site-packages/airflow/example_dags/example_task_group_decorator.py for tasks to queue
[2024-08-30T03:49:48.064+0000] {logging_mixin.py:190} INFO - [2024-08-30T03:49:48.063+0000] {dagbag.py:587} INFO - Filling up the DagBag from /home/airflow/.local/lib/python3.12/site-packages/airflow/example_dags/example_task_group_decorator.py
[2024-08-30T03:49:48.076+0000] {processor.py:925} INFO - DAG(s) 'example_task_group_decorator' retrieved from /home/airflow/.local/lib/python3.12/site-packages/airflow/example_dags/example_task_group_decorator.py
[2024-08-30T03:49:48.097+0000] {logging_mixin.py:190} INFO - [2024-08-30T03:49:48.097+0000] {dag.py:3211} INFO - Sync 1 DAGs
[2024-08-30T03:49:48.116+0000] {logging_mixin.py:190} INFO - [2024-08-30T03:49:48.115+0000] {dag.py:4138} INFO - Setting next_dagrun for example_task_group_decorator to 2024-08-29 00:00:00+00:00, run_after=2024-08-30 00:00:00+00:00
[2024-08-30T03:49:48.134+0000] {processor.py:208} INFO - Processing /home/airflow/.local/lib/python3.12/site-packages/airflow/example_dags/example_task_group_decorator.py took 0.080 seconds
[2024-08-30T03:50:18.272+0000] {processor.py:186} INFO - Started process (PID=579) to work on /home/airflow/.local/lib/python3.12/site-packages/airflow/example_dags/example_task_group_decorator.py
[2024-08-30T03:50:18.274+0000] {processor.py:914} INFO - Processing file /home/airflow/.local/lib/python3.12/site-packages/airflow/example_dags/example_task_group_decorator.py for tasks to queue
[2024-08-30T03:50:18.276+0000] {logging_mixin.py:190} INFO - [2024-08-30T03:50:18.275+0000] {dagbag.py:587} INFO - Filling up the DagBag from /home/airflow/.local/lib/python3.12/site-packages/airflow/example_dags/example_task_group_decorator.py
[2024-08-30T03:50:18.286+0000] {processor.py:925} INFO - DAG(s) 'example_task_group_decorator' retrieved from /home/airflow/.local/lib/python3.12/site-packages/airflow/example_dags/example_task_group_decorator.py
[2024-08-30T03:50:18.304+0000] {logging_mixin.py:190} INFO - [2024-08-30T03:50:18.303+0000] {dag.py:3211} INFO - Sync 1 DAGs
[2024-08-30T03:50:18.318+0000] {logging_mixin.py:190} INFO - [2024-08-30T03:50:18.318+0000] {dag.py:4138} INFO - Setting next_dagrun for example_task_group_decorator to 2024-08-29 00:00:00+00:00, run_after=2024-08-30 00:00:00+00:00
[2024-08-30T03:50:18.335+0000] {processor.py:208} INFO - Processing /home/airflow/.local/lib/python3.12/site-packages/airflow/example_dags/example_task_group_decorator.py took 0.066 seconds
[2024-08-30T03:50:48.988+0000] {processor.py:186} INFO - Started process (PID=642) to work on /home/airflow/.local/lib/python3.12/site-packages/airflow/example_dags/example_task_group_decorator.py
[2024-08-30T03:50:48.989+0000] {processor.py:914} INFO - Processing file /home/airflow/.local/lib/python3.12/site-packages/airflow/example_dags/example_task_group_decorator.py for tasks to queue
[2024-08-30T03:50:48.991+0000] {logging_mixin.py:190} INFO - [2024-08-30T03:50:48.991+0000] {dagbag.py:587} INFO - Filling up the DagBag from /home/airflow/.local/lib/python3.12/site-packages/airflow/example_dags/example_task_group_decorator.py
[2024-08-30T03:50:49.004+0000] {processor.py:925} INFO - DAG(s) 'example_task_group_decorator' retrieved from /home/airflow/.local/lib/python3.12/site-packages/airflow/example_dags/example_task_group_decorator.py
[2024-08-30T03:50:49.024+0000] {logging_mixin.py:190} INFO - [2024-08-30T03:50:49.024+0000] {dag.py:3211} INFO - Sync 1 DAGs
[2024-08-30T03:50:49.042+0000] {logging_mixin.py:190} INFO - [2024-08-30T03:50:49.042+0000] {dag.py:4138} INFO - Setting next_dagrun for example_task_group_decorator to 2024-08-29 00:00:00+00:00, run_after=2024-08-30 00:00:00+00:00
[2024-08-30T03:50:49.063+0000] {processor.py:208} INFO - Processing /home/airflow/.local/lib/python3.12/site-packages/airflow/example_dags/example_task_group_decorator.py took 0.080 seconds
[2024-08-30T03:51:19.267+0000] {processor.py:186} INFO - Started process (PID=705) to work on /home/airflow/.local/lib/python3.12/site-packages/airflow/example_dags/example_task_group_decorator.py
[2024-08-30T03:51:19.268+0000] {processor.py:914} INFO - Processing file /home/airflow/.local/lib/python3.12/site-packages/airflow/example_dags/example_task_group_decorator.py for tasks to queue
[2024-08-30T03:51:19.269+0000] {logging_mixin.py:190} INFO - [2024-08-30T03:51:19.269+0000] {dagbag.py:587} INFO - Filling up the DagBag from /home/airflow/.local/lib/python3.12/site-packages/airflow/example_dags/example_task_group_decorator.py
[2024-08-30T03:51:19.279+0000] {processor.py:925} INFO - DAG(s) 'example_task_group_decorator' retrieved from /home/airflow/.local/lib/python3.12/site-packages/airflow/example_dags/example_task_group_decorator.py
[2024-08-30T03:51:19.299+0000] {logging_mixin.py:190} INFO - [2024-08-30T03:51:19.299+0000] {dag.py:3211} INFO - Sync 1 DAGs
[2024-08-30T03:51:19.314+0000] {logging_mixin.py:190} INFO - [2024-08-30T03:51:19.314+0000] {dag.py:4138} INFO - Setting next_dagrun for example_task_group_decorator to 2024-08-29 00:00:00+00:00, run_after=2024-08-30 00:00:00+00:00
[2024-08-30T03:51:19.330+0000] {processor.py:208} INFO - Processing /home/airflow/.local/lib/python3.12/site-packages/airflow/example_dags/example_task_group_decorator.py took 0.067 seconds
[2024-08-30T03:51:49.790+0000] {processor.py:186} INFO - Started process (PID=768) to work on /home/airflow/.local/lib/python3.12/site-packages/airflow/example_dags/example_task_group_decorator.py
[2024-08-30T03:51:49.791+0000] {processor.py:914} INFO - Processing file /home/airflow/.local/lib/python3.12/site-packages/airflow/example_dags/example_task_group_decorator.py for tasks to queue
[2024-08-30T03:51:49.793+0000] {logging_mixin.py:190} INFO - [2024-08-30T03:51:49.792+0000] {dagbag.py:587} INFO - Filling up the DagBag from /home/airflow/.local/lib/python3.12/site-packages/airflow/example_dags/example_task_group_decorator.py
[2024-08-30T03:51:49.805+0000] {processor.py:925} INFO - DAG(s) 'example_task_group_decorator' retrieved from /home/airflow/.local/lib/python3.12/site-packages/airflow/example_dags/example_task_group_decorator.py
[2024-08-30T03:51:49.822+0000] {logging_mixin.py:190} INFO - [2024-08-30T03:51:49.822+0000] {dag.py:3211} INFO - Sync 1 DAGs
[2024-08-30T03:51:49.838+0000] {logging_mixin.py:190} INFO - [2024-08-30T03:51:49.837+0000] {dag.py:4138} INFO - Setting next_dagrun for example_task_group_decorator to 2024-08-29 00:00:00+00:00, run_after=2024-08-30 00:00:00+00:00
[2024-08-30T03:51:49.852+0000] {processor.py:208} INFO - Processing /home/airflow/.local/lib/python3.12/site-packages/airflow/example_dags/example_task_group_decorator.py took 0.067 seconds
[2024-08-30T03:52:20.195+0000] {processor.py:186} INFO - Started process (PID=831) to work on /home/airflow/.local/lib/python3.12/site-packages/airflow/example_dags/example_task_group_decorator.py
[2024-08-30T03:52:20.196+0000] {processor.py:914} INFO - Processing file /home/airflow/.local/lib/python3.12/site-packages/airflow/example_dags/example_task_group_decorator.py for tasks to queue
[2024-08-30T03:52:20.199+0000] {logging_mixin.py:190} INFO - [2024-08-30T03:52:20.198+0000] {dagbag.py:587} INFO - Filling up the DagBag from /home/airflow/.local/lib/python3.12/site-packages/airflow/example_dags/example_task_group_decorator.py
[2024-08-30T03:52:20.211+0000] {processor.py:925} INFO - DAG(s) 'example_task_group_decorator' retrieved from /home/airflow/.local/lib/python3.12/site-packages/airflow/example_dags/example_task_group_decorator.py
[2024-08-30T03:52:20.232+0000] {logging_mixin.py:190} INFO - [2024-08-30T03:52:20.231+0000] {dag.py:3211} INFO - Sync 1 DAGs
[2024-08-30T03:52:20.250+0000] {logging_mixin.py:190} INFO - [2024-08-30T03:52:20.250+0000] {dag.py:4138} INFO - Setting next_dagrun for example_task_group_decorator to 2024-08-29 00:00:00+00:00, run_after=2024-08-30 00:00:00+00:00
[2024-08-30T03:52:20.269+0000] {processor.py:208} INFO - Processing /home/airflow/.local/lib/python3.12/site-packages/airflow/example_dags/example_task_group_decorator.py took 0.078 seconds
[2024-08-30T03:52:51.036+0000] {processor.py:186} INFO - Started process (PID=894) to work on /home/airflow/.local/lib/python3.12/site-packages/airflow/example_dags/example_task_group_decorator.py
[2024-08-30T03:52:51.037+0000] {processor.py:914} INFO - Processing file /home/airflow/.local/lib/python3.12/site-packages/airflow/example_dags/example_task_group_decorator.py for tasks to queue
[2024-08-30T03:52:51.039+0000] {logging_mixin.py:190} INFO - [2024-08-30T03:52:51.038+0000] {dagbag.py:587} INFO - Filling up the DagBag from /home/airflow/.local/lib/python3.12/site-packages/airflow/example_dags/example_task_group_decorator.py
[2024-08-30T03:52:51.050+0000] {processor.py:925} INFO - DAG(s) 'example_task_group_decorator' retrieved from /home/airflow/.local/lib/python3.12/site-packages/airflow/example_dags/example_task_group_decorator.py
[2024-08-30T03:52:51.071+0000] {logging_mixin.py:190} INFO - [2024-08-30T03:52:51.070+0000] {dag.py:3211} INFO - Sync 1 DAGs
[2024-08-30T03:52:51.089+0000] {logging_mixin.py:190} INFO - [2024-08-30T03:52:51.088+0000] {dag.py:4138} INFO - Setting next_dagrun for example_task_group_decorator to 2024-08-29 00:00:00+00:00, run_after=2024-08-30 00:00:00+00:00
[2024-08-30T03:52:51.107+0000] {processor.py:208} INFO - Processing /home/airflow/.local/lib/python3.12/site-packages/airflow/example_dags/example_task_group_decorator.py took 0.076 seconds
[2024-08-30T03:53:21.595+0000] {processor.py:186} INFO - Started process (PID=957) to work on /home/airflow/.local/lib/python3.12/site-packages/airflow/example_dags/example_task_group_decorator.py
[2024-08-30T03:53:21.596+0000] {processor.py:914} INFO - Processing file /home/airflow/.local/lib/python3.12/site-packages/airflow/example_dags/example_task_group_decorator.py for tasks to queue
[2024-08-30T03:53:21.597+0000] {logging_mixin.py:190} INFO - [2024-08-30T03:53:21.597+0000] {dagbag.py:587} INFO - Filling up the DagBag from /home/airflow/.local/lib/python3.12/site-packages/airflow/example_dags/example_task_group_decorator.py
[2024-08-30T03:53:21.608+0000] {processor.py:925} INFO - DAG(s) 'example_task_group_decorator' retrieved from /home/airflow/.local/lib/python3.12/site-packages/airflow/example_dags/example_task_group_decorator.py
[2024-08-30T03:53:21.628+0000] {logging_mixin.py:190} INFO - [2024-08-30T03:53:21.627+0000] {dag.py:3211} INFO - Sync 1 DAGs
[2024-08-30T03:53:21.646+0000] {logging_mixin.py:190} INFO - [2024-08-30T03:53:21.646+0000] {dag.py:4138} INFO - Setting next_dagrun for example_task_group_decorator to 2024-08-29 00:00:00+00:00, run_after=2024-08-30 00:00:00+00:00
[2024-08-30T03:53:21.664+0000] {processor.py:208} INFO - Processing /home/airflow/.local/lib/python3.12/site-packages/airflow/example_dags/example_task_group_decorator.py took 0.074 seconds
[2024-08-30T03:53:51.786+0000] {processor.py:186} INFO - Started process (PID=1019) to work on /home/airflow/.local/lib/python3.12/site-packages/airflow/example_dags/example_task_group_decorator.py
[2024-08-30T03:53:51.787+0000] {processor.py:914} INFO - Processing file /home/airflow/.local/lib/python3.12/site-packages/airflow/example_dags/example_task_group_decorator.py for tasks to queue
[2024-08-30T03:53:51.789+0000] {logging_mixin.py:190} INFO - [2024-08-30T03:53:51.788+0000] {dagbag.py:587} INFO - Filling up the DagBag from /home/airflow/.local/lib/python3.12/site-packages/airflow/example_dags/example_task_group_decorator.py
[2024-08-30T03:53:51.800+0000] {processor.py:925} INFO - DAG(s) 'example_task_group_decorator' retrieved from /home/airflow/.local/lib/python3.12/site-packages/airflow/example_dags/example_task_group_decorator.py
[2024-08-30T03:53:51.819+0000] {logging_mixin.py:190} INFO - [2024-08-30T03:53:51.819+0000] {dag.py:3211} INFO - Sync 1 DAGs
[2024-08-30T03:53:51.836+0000] {logging_mixin.py:190} INFO - [2024-08-30T03:53:51.836+0000] {dag.py:4138} INFO - Setting next_dagrun for example_task_group_decorator to 2024-08-29 00:00:00+00:00, run_after=2024-08-30 00:00:00+00:00
[2024-08-30T03:53:51.852+0000] {processor.py:208} INFO - Processing /home/airflow/.local/lib/python3.12/site-packages/airflow/example_dags/example_task_group_decorator.py took 0.070 seconds
[2024-08-30T03:54:22.548+0000] {processor.py:186} INFO - Started process (PID=1082) to work on /home/airflow/.local/lib/python3.12/site-packages/airflow/example_dags/example_task_group_decorator.py
[2024-08-30T03:54:22.549+0000] {processor.py:914} INFO - Processing file /home/airflow/.local/lib/python3.12/site-packages/airflow/example_dags/example_task_group_decorator.py for tasks to queue
[2024-08-30T03:54:22.551+0000] {logging_mixin.py:190} INFO - [2024-08-30T03:54:22.550+0000] {dagbag.py:587} INFO - Filling up the DagBag from /home/airflow/.local/lib/python3.12/site-packages/airflow/example_dags/example_task_group_decorator.py
[2024-08-30T03:54:22.561+0000] {processor.py:925} INFO - DAG(s) 'example_task_group_decorator' retrieved from /home/airflow/.local/lib/python3.12/site-packages/airflow/example_dags/example_task_group_decorator.py
[2024-08-30T03:54:22.579+0000] {logging_mixin.py:190} INFO - [2024-08-30T03:54:22.579+0000] {dag.py:3211} INFO - Sync 1 DAGs
[2024-08-30T03:54:22.595+0000] {logging_mixin.py:190} INFO - [2024-08-30T03:54:22.595+0000] {dag.py:4138} INFO - Setting next_dagrun for example_task_group_decorator to 2024-08-29 00:00:00+00:00, run_after=2024-08-30 00:00:00+00:00
[2024-08-30T03:54:22.614+0000] {processor.py:208} INFO - Processing /home/airflow/.local/lib/python3.12/site-packages/airflow/example_dags/example_task_group_decorator.py took 0.071 seconds
