[2024-08-29T14:58:55.061+0000] {processor.py:186} INFO - Started process (PID=112) to work on /home/airflow/.local/lib/python3.12/site-packages/airflow/example_dags/example_branch_operator.py
[2024-08-29T14:58:55.062+0000] {processor.py:914} INFO - Processing file /home/airflow/.local/lib/python3.12/site-packages/airflow/example_dags/example_branch_operator.py for tasks to queue
[2024-08-29T14:58:55.065+0000] {logging_mixin.py:190} INFO - [2024-08-29T14:58:55.064+0000] {dagbag.py:587} INFO - Filling up the DagBag from /home/airflow/.local/lib/python3.12/site-packages/airflow/example_dags/example_branch_operator.py
[2024-08-29T14:58:55.080+0000] {processor.py:925} INFO - DAG(s) 'example_branch_operator' retrieved from /home/airflow/.local/lib/python3.12/site-packages/airflow/example_dags/example_branch_operator.py
[2024-08-29T14:58:55.165+0000] {logging_mixin.py:190} INFO - [2024-08-29T14:58:55.165+0000] {dag.py:3211} INFO - Sync 1 DAGs
[2024-08-29T14:58:55.182+0000] {logging_mixin.py:190} INFO - [2024-08-29T14:58:55.181+0000] {dag.py:4138} INFO - Setting next_dagrun for example_branch_operator to 2024-08-28 00:00:00+00:00, run_after=2024-08-29 00:00:00+00:00
[2024-08-29T14:58:55.201+0000] {processor.py:208} INFO - Processing /home/airflow/.local/lib/python3.12/site-packages/airflow/example_dags/example_branch_operator.py took 0.145 seconds
[2024-08-29T14:59:25.784+0000] {processor.py:186} INFO - Started process (PID=175) to work on /home/airflow/.local/lib/python3.12/site-packages/airflow/example_dags/example_branch_operator.py
[2024-08-29T14:59:25.785+0000] {processor.py:914} INFO - Processing file /home/airflow/.local/lib/python3.12/site-packages/airflow/example_dags/example_branch_operator.py for tasks to queue
[2024-08-29T14:59:25.788+0000] {logging_mixin.py:190} INFO - [2024-08-29T14:59:25.788+0000] {dagbag.py:587} INFO - Filling up the DagBag from /home/airflow/.local/lib/python3.12/site-packages/airflow/example_dags/example_branch_operator.py
[2024-08-29T14:59:25.803+0000] {processor.py:925} INFO - DAG(s) 'example_branch_operator' retrieved from /home/airflow/.local/lib/python3.12/site-packages/airflow/example_dags/example_branch_operator.py
[2024-08-29T14:59:25.828+0000] {logging_mixin.py:190} INFO - [2024-08-29T14:59:25.828+0000] {dag.py:3211} INFO - Sync 1 DAGs
[2024-08-29T14:59:25.849+0000] {logging_mixin.py:190} INFO - [2024-08-29T14:59:25.848+0000] {dag.py:4138} INFO - Setting next_dagrun for example_branch_operator to 2024-08-28 00:00:00+00:00, run_after=2024-08-29 00:00:00+00:00
[2024-08-29T14:59:25.868+0000] {processor.py:208} INFO - Processing /home/airflow/.local/lib/python3.12/site-packages/airflow/example_dags/example_branch_operator.py took 0.089 seconds
[2024-08-29T14:59:56.891+0000] {processor.py:186} INFO - Started process (PID=237) to work on /home/airflow/.local/lib/python3.12/site-packages/airflow/example_dags/example_branch_operator.py
[2024-08-29T14:59:56.892+0000] {processor.py:914} INFO - Processing file /home/airflow/.local/lib/python3.12/site-packages/airflow/example_dags/example_branch_operator.py for tasks to queue
[2024-08-29T14:59:56.894+0000] {logging_mixin.py:190} INFO - [2024-08-29T14:59:56.894+0000] {dagbag.py:587} INFO - Filling up the DagBag from /home/airflow/.local/lib/python3.12/site-packages/airflow/example_dags/example_branch_operator.py
[2024-08-29T14:59:56.908+0000] {processor.py:925} INFO - DAG(s) 'example_branch_operator' retrieved from /home/airflow/.local/lib/python3.12/site-packages/airflow/example_dags/example_branch_operator.py
[2024-08-29T14:59:56.930+0000] {logging_mixin.py:190} INFO - [2024-08-29T14:59:56.930+0000] {dag.py:3211} INFO - Sync 1 DAGs
[2024-08-29T14:59:56.947+0000] {logging_mixin.py:190} INFO - [2024-08-29T14:59:56.947+0000] {dag.py:4138} INFO - Setting next_dagrun for example_branch_operator to 2024-08-28 00:00:00+00:00, run_after=2024-08-29 00:00:00+00:00
[2024-08-29T14:59:56.966+0000] {processor.py:208} INFO - Processing /home/airflow/.local/lib/python3.12/site-packages/airflow/example_dags/example_branch_operator.py took 0.080 seconds
[2024-08-29T15:00:27.720+0000] {processor.py:186} INFO - Started process (PID=298) to work on /home/airflow/.local/lib/python3.12/site-packages/airflow/example_dags/example_branch_operator.py
[2024-08-29T15:00:27.721+0000] {processor.py:914} INFO - Processing file /home/airflow/.local/lib/python3.12/site-packages/airflow/example_dags/example_branch_operator.py for tasks to queue
[2024-08-29T15:00:27.723+0000] {logging_mixin.py:190} INFO - [2024-08-29T15:00:27.723+0000] {dagbag.py:587} INFO - Filling up the DagBag from /home/airflow/.local/lib/python3.12/site-packages/airflow/example_dags/example_branch_operator.py
[2024-08-29T15:00:27.736+0000] {processor.py:925} INFO - DAG(s) 'example_branch_operator' retrieved from /home/airflow/.local/lib/python3.12/site-packages/airflow/example_dags/example_branch_operator.py
[2024-08-29T15:00:27.759+0000] {logging_mixin.py:190} INFO - [2024-08-29T15:00:27.759+0000] {dag.py:3211} INFO - Sync 1 DAGs
[2024-08-29T15:00:27.777+0000] {logging_mixin.py:190} INFO - [2024-08-29T15:00:27.777+0000] {dag.py:4138} INFO - Setting next_dagrun for example_branch_operator to 2024-08-28 00:00:00+00:00, run_after=2024-08-29 00:00:00+00:00
[2024-08-29T15:00:27.795+0000] {processor.py:208} INFO - Processing /home/airflow/.local/lib/python3.12/site-packages/airflow/example_dags/example_branch_operator.py took 0.080 seconds
[2024-08-29T15:00:58.807+0000] {processor.py:186} INFO - Started process (PID=360) to work on /home/airflow/.local/lib/python3.12/site-packages/airflow/example_dags/example_branch_operator.py
[2024-08-29T15:00:58.808+0000] {processor.py:914} INFO - Processing file /home/airflow/.local/lib/python3.12/site-packages/airflow/example_dags/example_branch_operator.py for tasks to queue
[2024-08-29T15:00:58.810+0000] {logging_mixin.py:190} INFO - [2024-08-29T15:00:58.810+0000] {dagbag.py:587} INFO - Filling up the DagBag from /home/airflow/.local/lib/python3.12/site-packages/airflow/example_dags/example_branch_operator.py
[2024-08-29T15:00:58.823+0000] {processor.py:925} INFO - DAG(s) 'example_branch_operator' retrieved from /home/airflow/.local/lib/python3.12/site-packages/airflow/example_dags/example_branch_operator.py
[2024-08-29T15:00:58.842+0000] {logging_mixin.py:190} INFO - [2024-08-29T15:00:58.842+0000] {dag.py:3211} INFO - Sync 1 DAGs
[2024-08-29T15:00:58.858+0000] {logging_mixin.py:190} INFO - [2024-08-29T15:00:58.858+0000] {dag.py:4138} INFO - Setting next_dagrun for example_branch_operator to 2024-08-28 00:00:00+00:00, run_after=2024-08-29 00:00:00+00:00
[2024-08-29T15:00:58.873+0000] {processor.py:208} INFO - Processing /home/airflow/.local/lib/python3.12/site-packages/airflow/example_dags/example_branch_operator.py took 0.070 seconds
[2024-08-29T15:01:29.338+0000] {processor.py:186} INFO - Started process (PID=422) to work on /home/airflow/.local/lib/python3.12/site-packages/airflow/example_dags/example_branch_operator.py
[2024-08-29T15:01:29.339+0000] {processor.py:914} INFO - Processing file /home/airflow/.local/lib/python3.12/site-packages/airflow/example_dags/example_branch_operator.py for tasks to queue
[2024-08-29T15:01:29.341+0000] {logging_mixin.py:190} INFO - [2024-08-29T15:01:29.341+0000] {dagbag.py:587} INFO - Filling up the DagBag from /home/airflow/.local/lib/python3.12/site-packages/airflow/example_dags/example_branch_operator.py
[2024-08-29T15:01:29.354+0000] {processor.py:925} INFO - DAG(s) 'example_branch_operator' retrieved from /home/airflow/.local/lib/python3.12/site-packages/airflow/example_dags/example_branch_operator.py
[2024-08-29T15:01:29.375+0000] {logging_mixin.py:190} INFO - [2024-08-29T15:01:29.375+0000] {dag.py:3211} INFO - Sync 1 DAGs
[2024-08-29T15:01:29.393+0000] {logging_mixin.py:190} INFO - [2024-08-29T15:01:29.393+0000] {dag.py:4138} INFO - Setting next_dagrun for example_branch_operator to 2024-08-28 00:00:00+00:00, run_after=2024-08-29 00:00:00+00:00
[2024-08-29T15:01:29.408+0000] {processor.py:208} INFO - Processing /home/airflow/.local/lib/python3.12/site-packages/airflow/example_dags/example_branch_operator.py took 0.074 seconds
[2024-08-29T15:01:59.961+0000] {processor.py:186} INFO - Started process (PID=484) to work on /home/airflow/.local/lib/python3.12/site-packages/airflow/example_dags/example_branch_operator.py
[2024-08-29T15:01:59.963+0000] {processor.py:914} INFO - Processing file /home/airflow/.local/lib/python3.12/site-packages/airflow/example_dags/example_branch_operator.py for tasks to queue
[2024-08-29T15:01:59.967+0000] {logging_mixin.py:190} INFO - [2024-08-29T15:01:59.967+0000] {dagbag.py:587} INFO - Filling up the DagBag from /home/airflow/.local/lib/python3.12/site-packages/airflow/example_dags/example_branch_operator.py
[2024-08-29T15:01:59.984+0000] {processor.py:925} INFO - DAG(s) 'example_branch_operator' retrieved from /home/airflow/.local/lib/python3.12/site-packages/airflow/example_dags/example_branch_operator.py
[2024-08-29T15:02:00.004+0000] {logging_mixin.py:190} INFO - [2024-08-29T15:02:00.004+0000] {dag.py:3211} INFO - Sync 1 DAGs
[2024-08-29T15:02:00.024+0000] {logging_mixin.py:190} INFO - [2024-08-29T15:02:00.024+0000] {dag.py:4138} INFO - Setting next_dagrun for example_branch_operator to 2024-08-28 00:00:00+00:00, run_after=2024-08-29 00:00:00+00:00
[2024-08-29T15:02:00.046+0000] {processor.py:208} INFO - Processing /home/airflow/.local/lib/python3.12/site-packages/airflow/example_dags/example_branch_operator.py took 0.090 seconds
[2024-08-29T15:02:30.429+0000] {processor.py:186} INFO - Started process (PID=546) to work on /home/airflow/.local/lib/python3.12/site-packages/airflow/example_dags/example_branch_operator.py
[2024-08-29T15:02:30.430+0000] {processor.py:914} INFO - Processing file /home/airflow/.local/lib/python3.12/site-packages/airflow/example_dags/example_branch_operator.py for tasks to queue
[2024-08-29T15:02:30.432+0000] {logging_mixin.py:190} INFO - [2024-08-29T15:02:30.432+0000] {dagbag.py:587} INFO - Filling up the DagBag from /home/airflow/.local/lib/python3.12/site-packages/airflow/example_dags/example_branch_operator.py
[2024-08-29T15:02:30.445+0000] {processor.py:925} INFO - DAG(s) 'example_branch_operator' retrieved from /home/airflow/.local/lib/python3.12/site-packages/airflow/example_dags/example_branch_operator.py
[2024-08-29T15:02:30.467+0000] {logging_mixin.py:190} INFO - [2024-08-29T15:02:30.467+0000] {dag.py:3211} INFO - Sync 1 DAGs
[2024-08-29T15:02:30.483+0000] {logging_mixin.py:190} INFO - [2024-08-29T15:02:30.483+0000] {dag.py:4138} INFO - Setting next_dagrun for example_branch_operator to 2024-08-28 00:00:00+00:00, run_after=2024-08-29 00:00:00+00:00
[2024-08-29T15:02:30.499+0000] {processor.py:208} INFO - Processing /home/airflow/.local/lib/python3.12/site-packages/airflow/example_dags/example_branch_operator.py took 0.075 seconds
[2024-08-29T15:03:00.825+0000] {processor.py:186} INFO - Started process (PID=608) to work on /home/airflow/.local/lib/python3.12/site-packages/airflow/example_dags/example_branch_operator.py
[2024-08-29T15:03:00.826+0000] {processor.py:914} INFO - Processing file /home/airflow/.local/lib/python3.12/site-packages/airflow/example_dags/example_branch_operator.py for tasks to queue
[2024-08-29T15:03:00.828+0000] {logging_mixin.py:190} INFO - [2024-08-29T15:03:00.828+0000] {dagbag.py:587} INFO - Filling up the DagBag from /home/airflow/.local/lib/python3.12/site-packages/airflow/example_dags/example_branch_operator.py
[2024-08-29T15:03:00.841+0000] {processor.py:925} INFO - DAG(s) 'example_branch_operator' retrieved from /home/airflow/.local/lib/python3.12/site-packages/airflow/example_dags/example_branch_operator.py
[2024-08-29T15:03:00.865+0000] {logging_mixin.py:190} INFO - [2024-08-29T15:03:00.865+0000] {dag.py:3211} INFO - Sync 1 DAGs
[2024-08-29T15:03:00.883+0000] {logging_mixin.py:190} INFO - [2024-08-29T15:03:00.882+0000] {dag.py:4138} INFO - Setting next_dagrun for example_branch_operator to 2024-08-28 00:00:00+00:00, run_after=2024-08-29 00:00:00+00:00
[2024-08-29T15:03:00.901+0000] {processor.py:208} INFO - Processing /home/airflow/.local/lib/python3.12/site-packages/airflow/example_dags/example_branch_operator.py took 0.080 seconds
[2024-08-29T15:03:31.658+0000] {processor.py:186} INFO - Started process (PID=670) to work on /home/airflow/.local/lib/python3.12/site-packages/airflow/example_dags/example_branch_operator.py
[2024-08-29T15:03:31.659+0000] {processor.py:914} INFO - Processing file /home/airflow/.local/lib/python3.12/site-packages/airflow/example_dags/example_branch_operator.py for tasks to queue
[2024-08-29T15:03:31.661+0000] {logging_mixin.py:190} INFO - [2024-08-29T15:03:31.660+0000] {dagbag.py:587} INFO - Filling up the DagBag from /home/airflow/.local/lib/python3.12/site-packages/airflow/example_dags/example_branch_operator.py
[2024-08-29T15:03:31.673+0000] {processor.py:925} INFO - DAG(s) 'example_branch_operator' retrieved from /home/airflow/.local/lib/python3.12/site-packages/airflow/example_dags/example_branch_operator.py
[2024-08-29T15:03:31.692+0000] {logging_mixin.py:190} INFO - [2024-08-29T15:03:31.692+0000] {dag.py:3211} INFO - Sync 1 DAGs
[2024-08-29T15:03:31.707+0000] {logging_mixin.py:190} INFO - [2024-08-29T15:03:31.707+0000] {dag.py:4138} INFO - Setting next_dagrun for example_branch_operator to 2024-08-28 00:00:00+00:00, run_after=2024-08-29 00:00:00+00:00
[2024-08-29T15:03:31.722+0000] {processor.py:208} INFO - Processing /home/airflow/.local/lib/python3.12/site-packages/airflow/example_dags/example_branch_operator.py took 0.068 seconds
[2024-08-29T15:04:02.595+0000] {processor.py:186} INFO - Started process (PID=733) to work on /home/airflow/.local/lib/python3.12/site-packages/airflow/example_dags/example_branch_operator.py
[2024-08-29T15:04:02.596+0000] {processor.py:914} INFO - Processing file /home/airflow/.local/lib/python3.12/site-packages/airflow/example_dags/example_branch_operator.py for tasks to queue
[2024-08-29T15:04:02.598+0000] {logging_mixin.py:190} INFO - [2024-08-29T15:04:02.597+0000] {dagbag.py:587} INFO - Filling up the DagBag from /home/airflow/.local/lib/python3.12/site-packages/airflow/example_dags/example_branch_operator.py
[2024-08-29T15:04:02.610+0000] {processor.py:925} INFO - DAG(s) 'example_branch_operator' retrieved from /home/airflow/.local/lib/python3.12/site-packages/airflow/example_dags/example_branch_operator.py
[2024-08-29T15:04:02.631+0000] {logging_mixin.py:190} INFO - [2024-08-29T15:04:02.631+0000] {dag.py:3211} INFO - Sync 1 DAGs
[2024-08-29T15:04:02.648+0000] {logging_mixin.py:190} INFO - [2024-08-29T15:04:02.648+0000] {dag.py:4138} INFO - Setting next_dagrun for example_branch_operator to 2024-08-28 00:00:00+00:00, run_after=2024-08-29 00:00:00+00:00
[2024-08-29T15:04:02.663+0000] {processor.py:208} INFO - Processing /home/airflow/.local/lib/python3.12/site-packages/airflow/example_dags/example_branch_operator.py took 0.073 seconds
[2024-08-29T15:04:33.699+0000] {processor.py:186} INFO - Started process (PID=796) to work on /home/airflow/.local/lib/python3.12/site-packages/airflow/example_dags/example_branch_operator.py
[2024-08-29T15:04:33.700+0000] {processor.py:914} INFO - Processing file /home/airflow/.local/lib/python3.12/site-packages/airflow/example_dags/example_branch_operator.py for tasks to queue
[2024-08-29T15:04:33.702+0000] {logging_mixin.py:190} INFO - [2024-08-29T15:04:33.702+0000] {dagbag.py:587} INFO - Filling up the DagBag from /home/airflow/.local/lib/python3.12/site-packages/airflow/example_dags/example_branch_operator.py
[2024-08-29T15:04:33.715+0000] {processor.py:925} INFO - DAG(s) 'example_branch_operator' retrieved from /home/airflow/.local/lib/python3.12/site-packages/airflow/example_dags/example_branch_operator.py
[2024-08-29T15:04:33.736+0000] {logging_mixin.py:190} INFO - [2024-08-29T15:04:33.736+0000] {dag.py:3211} INFO - Sync 1 DAGs
[2024-08-29T15:04:33.752+0000] {logging_mixin.py:190} INFO - [2024-08-29T15:04:33.752+0000] {dag.py:4138} INFO - Setting next_dagrun for example_branch_operator to 2024-08-28 00:00:00+00:00, run_after=2024-08-29 00:00:00+00:00
[2024-08-29T15:04:33.768+0000] {processor.py:208} INFO - Processing /home/airflow/.local/lib/python3.12/site-packages/airflow/example_dags/example_branch_operator.py took 0.074 seconds
[2024-08-29T15:05:04.888+0000] {processor.py:186} INFO - Started process (PID=859) to work on /home/airflow/.local/lib/python3.12/site-packages/airflow/example_dags/example_branch_operator.py
[2024-08-29T15:05:04.890+0000] {processor.py:914} INFO - Processing file /home/airflow/.local/lib/python3.12/site-packages/airflow/example_dags/example_branch_operator.py for tasks to queue
[2024-08-29T15:05:04.892+0000] {logging_mixin.py:190} INFO - [2024-08-29T15:05:04.892+0000] {dagbag.py:587} INFO - Filling up the DagBag from /home/airflow/.local/lib/python3.12/site-packages/airflow/example_dags/example_branch_operator.py
[2024-08-29T15:05:04.905+0000] {processor.py:925} INFO - DAG(s) 'example_branch_operator' retrieved from /home/airflow/.local/lib/python3.12/site-packages/airflow/example_dags/example_branch_operator.py
[2024-08-29T15:05:04.928+0000] {logging_mixin.py:190} INFO - [2024-08-29T15:05:04.927+0000] {dag.py:3211} INFO - Sync 1 DAGs
[2024-08-29T15:05:04.945+0000] {logging_mixin.py:190} INFO - [2024-08-29T15:05:04.945+0000] {dag.py:4138} INFO - Setting next_dagrun for example_branch_operator to 2024-08-28 00:00:00+00:00, run_after=2024-08-29 00:00:00+00:00
[2024-08-29T15:05:04.962+0000] {processor.py:208} INFO - Processing /home/airflow/.local/lib/python3.12/site-packages/airflow/example_dags/example_branch_operator.py took 0.078 seconds
[2024-08-29T15:05:35.392+0000] {processor.py:186} INFO - Started process (PID=922) to work on /home/airflow/.local/lib/python3.12/site-packages/airflow/example_dags/example_branch_operator.py
[2024-08-29T15:05:35.392+0000] {processor.py:914} INFO - Processing file /home/airflow/.local/lib/python3.12/site-packages/airflow/example_dags/example_branch_operator.py for tasks to queue
[2024-08-29T15:05:35.395+0000] {logging_mixin.py:190} INFO - [2024-08-29T15:05:35.394+0000] {dagbag.py:587} INFO - Filling up the DagBag from /home/airflow/.local/lib/python3.12/site-packages/airflow/example_dags/example_branch_operator.py
[2024-08-29T15:05:35.408+0000] {processor.py:925} INFO - DAG(s) 'example_branch_operator' retrieved from /home/airflow/.local/lib/python3.12/site-packages/airflow/example_dags/example_branch_operator.py
[2024-08-29T15:05:35.429+0000] {logging_mixin.py:190} INFO - [2024-08-29T15:05:35.429+0000] {dag.py:3211} INFO - Sync 1 DAGs
[2024-08-29T15:05:35.448+0000] {logging_mixin.py:190} INFO - [2024-08-29T15:05:35.448+0000] {dag.py:4138} INFO - Setting next_dagrun for example_branch_operator to 2024-08-28 00:00:00+00:00, run_after=2024-08-29 00:00:00+00:00
[2024-08-29T15:05:35.465+0000] {processor.py:208} INFO - Processing /home/airflow/.local/lib/python3.12/site-packages/airflow/example_dags/example_branch_operator.py took 0.079 seconds
[2024-08-29T15:06:06.767+0000] {processor.py:186} INFO - Started process (PID=986) to work on /home/airflow/.local/lib/python3.12/site-packages/airflow/example_dags/example_branch_operator.py
[2024-08-29T15:06:06.768+0000] {processor.py:914} INFO - Processing file /home/airflow/.local/lib/python3.12/site-packages/airflow/example_dags/example_branch_operator.py for tasks to queue
[2024-08-29T15:06:06.770+0000] {logging_mixin.py:190} INFO - [2024-08-29T15:06:06.770+0000] {dagbag.py:587} INFO - Filling up the DagBag from /home/airflow/.local/lib/python3.12/site-packages/airflow/example_dags/example_branch_operator.py
[2024-08-29T15:06:06.783+0000] {processor.py:925} INFO - DAG(s) 'example_branch_operator' retrieved from /home/airflow/.local/lib/python3.12/site-packages/airflow/example_dags/example_branch_operator.py
[2024-08-29T15:06:06.804+0000] {logging_mixin.py:190} INFO - [2024-08-29T15:06:06.804+0000] {dag.py:3211} INFO - Sync 1 DAGs
[2024-08-29T15:06:06.821+0000] {logging_mixin.py:190} INFO - [2024-08-29T15:06:06.821+0000] {dag.py:4138} INFO - Setting next_dagrun for example_branch_operator to 2024-08-28 00:00:00+00:00, run_after=2024-08-29 00:00:00+00:00
[2024-08-29T15:06:06.854+0000] {processor.py:208} INFO - Processing /home/airflow/.local/lib/python3.12/site-packages/airflow/example_dags/example_branch_operator.py took 0.092 seconds
[2024-08-29T15:06:37.822+0000] {processor.py:186} INFO - Started process (PID=1049) to work on /home/airflow/.local/lib/python3.12/site-packages/airflow/example_dags/example_branch_operator.py
[2024-08-29T15:06:37.824+0000] {processor.py:914} INFO - Processing file /home/airflow/.local/lib/python3.12/site-packages/airflow/example_dags/example_branch_operator.py for tasks to queue
[2024-08-29T15:06:37.826+0000] {logging_mixin.py:190} INFO - [2024-08-29T15:06:37.826+0000] {dagbag.py:587} INFO - Filling up the DagBag from /home/airflow/.local/lib/python3.12/site-packages/airflow/example_dags/example_branch_operator.py
[2024-08-29T15:06:37.840+0000] {processor.py:925} INFO - DAG(s) 'example_branch_operator' retrieved from /home/airflow/.local/lib/python3.12/site-packages/airflow/example_dags/example_branch_operator.py
[2024-08-29T15:06:37.866+0000] {logging_mixin.py:190} INFO - [2024-08-29T15:06:37.866+0000] {dag.py:3211} INFO - Sync 1 DAGs
[2024-08-29T15:06:37.884+0000] {logging_mixin.py:190} INFO - [2024-08-29T15:06:37.884+0000] {dag.py:4138} INFO - Setting next_dagrun for example_branch_operator to 2024-08-28 00:00:00+00:00, run_after=2024-08-29 00:00:00+00:00
[2024-08-29T15:06:37.902+0000] {processor.py:208} INFO - Processing /home/airflow/.local/lib/python3.12/site-packages/airflow/example_dags/example_branch_operator.py took 0.085 seconds
[2024-08-29T15:07:08.489+0000] {processor.py:186} INFO - Started process (PID=1112) to work on /home/airflow/.local/lib/python3.12/site-packages/airflow/example_dags/example_branch_operator.py
[2024-08-29T15:07:08.490+0000] {processor.py:914} INFO - Processing file /home/airflow/.local/lib/python3.12/site-packages/airflow/example_dags/example_branch_operator.py for tasks to queue
[2024-08-29T15:07:08.492+0000] {logging_mixin.py:190} INFO - [2024-08-29T15:07:08.492+0000] {dagbag.py:587} INFO - Filling up the DagBag from /home/airflow/.local/lib/python3.12/site-packages/airflow/example_dags/example_branch_operator.py
[2024-08-29T15:07:08.505+0000] {processor.py:925} INFO - DAG(s) 'example_branch_operator' retrieved from /home/airflow/.local/lib/python3.12/site-packages/airflow/example_dags/example_branch_operator.py
[2024-08-29T15:07:08.528+0000] {logging_mixin.py:190} INFO - [2024-08-29T15:07:08.528+0000] {dag.py:3211} INFO - Sync 1 DAGs
[2024-08-29T15:07:08.547+0000] {logging_mixin.py:190} INFO - [2024-08-29T15:07:08.547+0000] {dag.py:4138} INFO - Setting next_dagrun for example_branch_operator to 2024-08-28 00:00:00+00:00, run_after=2024-08-29 00:00:00+00:00
[2024-08-29T15:07:08.567+0000] {processor.py:208} INFO - Processing /home/airflow/.local/lib/python3.12/site-packages/airflow/example_dags/example_branch_operator.py took 0.082 seconds
[2024-08-29T15:07:38.773+0000] {processor.py:186} INFO - Started process (PID=1175) to work on /home/airflow/.local/lib/python3.12/site-packages/airflow/example_dags/example_branch_operator.py
[2024-08-29T15:07:38.774+0000] {processor.py:914} INFO - Processing file /home/airflow/.local/lib/python3.12/site-packages/airflow/example_dags/example_branch_operator.py for tasks to queue
[2024-08-29T15:07:38.776+0000] {logging_mixin.py:190} INFO - [2024-08-29T15:07:38.775+0000] {dagbag.py:587} INFO - Filling up the DagBag from /home/airflow/.local/lib/python3.12/site-packages/airflow/example_dags/example_branch_operator.py
[2024-08-29T15:07:38.788+0000] {processor.py:925} INFO - DAG(s) 'example_branch_operator' retrieved from /home/airflow/.local/lib/python3.12/site-packages/airflow/example_dags/example_branch_operator.py
[2024-08-29T15:07:38.808+0000] {logging_mixin.py:190} INFO - [2024-08-29T15:07:38.808+0000] {dag.py:3211} INFO - Sync 1 DAGs
[2024-08-29T15:07:38.823+0000] {logging_mixin.py:190} INFO - [2024-08-29T15:07:38.823+0000] {dag.py:4138} INFO - Setting next_dagrun for example_branch_operator to 2024-08-28 00:00:00+00:00, run_after=2024-08-29 00:00:00+00:00
[2024-08-29T15:07:38.841+0000] {processor.py:208} INFO - Processing /home/airflow/.local/lib/python3.12/site-packages/airflow/example_dags/example_branch_operator.py took 0.072 seconds
[2024-08-29T15:08:09.372+0000] {processor.py:186} INFO - Started process (PID=1238) to work on /home/airflow/.local/lib/python3.12/site-packages/airflow/example_dags/example_branch_operator.py
[2024-08-29T15:08:09.373+0000] {processor.py:914} INFO - Processing file /home/airflow/.local/lib/python3.12/site-packages/airflow/example_dags/example_branch_operator.py for tasks to queue
[2024-08-29T15:08:09.375+0000] {logging_mixin.py:190} INFO - [2024-08-29T15:08:09.375+0000] {dagbag.py:587} INFO - Filling up the DagBag from /home/airflow/.local/lib/python3.12/site-packages/airflow/example_dags/example_branch_operator.py
[2024-08-29T15:08:09.387+0000] {processor.py:925} INFO - DAG(s) 'example_branch_operator' retrieved from /home/airflow/.local/lib/python3.12/site-packages/airflow/example_dags/example_branch_operator.py
[2024-08-29T15:08:09.408+0000] {logging_mixin.py:190} INFO - [2024-08-29T15:08:09.408+0000] {dag.py:3211} INFO - Sync 1 DAGs
[2024-08-29T15:08:09.425+0000] {logging_mixin.py:190} INFO - [2024-08-29T15:08:09.424+0000] {dag.py:4138} INFO - Setting next_dagrun for example_branch_operator to 2024-08-28 00:00:00+00:00, run_after=2024-08-29 00:00:00+00:00
[2024-08-29T15:08:09.443+0000] {processor.py:208} INFO - Processing /home/airflow/.local/lib/python3.12/site-packages/airflow/example_dags/example_branch_operator.py took 0.075 seconds
[2024-08-29T15:08:39.820+0000] {processor.py:186} INFO - Started process (PID=1301) to work on /home/airflow/.local/lib/python3.12/site-packages/airflow/example_dags/example_branch_operator.py
[2024-08-29T15:08:39.823+0000] {processor.py:914} INFO - Processing file /home/airflow/.local/lib/python3.12/site-packages/airflow/example_dags/example_branch_operator.py for tasks to queue
[2024-08-29T15:08:39.826+0000] {logging_mixin.py:190} INFO - [2024-08-29T15:08:39.826+0000] {dagbag.py:587} INFO - Filling up the DagBag from /home/airflow/.local/lib/python3.12/site-packages/airflow/example_dags/example_branch_operator.py
[2024-08-29T15:08:39.840+0000] {processor.py:925} INFO - DAG(s) 'example_branch_operator' retrieved from /home/airflow/.local/lib/python3.12/site-packages/airflow/example_dags/example_branch_operator.py
[2024-08-29T15:08:39.860+0000] {logging_mixin.py:190} INFO - [2024-08-29T15:08:39.860+0000] {dag.py:3211} INFO - Sync 1 DAGs
[2024-08-29T15:08:39.877+0000] {logging_mixin.py:190} INFO - [2024-08-29T15:08:39.877+0000] {dag.py:4138} INFO - Setting next_dagrun for example_branch_operator to 2024-08-28 00:00:00+00:00, run_after=2024-08-29 00:00:00+00:00
[2024-08-29T15:08:39.893+0000] {processor.py:208} INFO - Processing /home/airflow/.local/lib/python3.12/site-packages/airflow/example_dags/example_branch_operator.py took 0.078 seconds
[2024-08-29T15:09:10.737+0000] {processor.py:186} INFO - Started process (PID=1364) to work on /home/airflow/.local/lib/python3.12/site-packages/airflow/example_dags/example_branch_operator.py
[2024-08-29T15:09:10.738+0000] {processor.py:914} INFO - Processing file /home/airflow/.local/lib/python3.12/site-packages/airflow/example_dags/example_branch_operator.py for tasks to queue
[2024-08-29T15:09:10.740+0000] {logging_mixin.py:190} INFO - [2024-08-29T15:09:10.740+0000] {dagbag.py:587} INFO - Filling up the DagBag from /home/airflow/.local/lib/python3.12/site-packages/airflow/example_dags/example_branch_operator.py
[2024-08-29T15:09:10.755+0000] {processor.py:925} INFO - DAG(s) 'example_branch_operator' retrieved from /home/airflow/.local/lib/python3.12/site-packages/airflow/example_dags/example_branch_operator.py
[2024-08-29T15:09:10.776+0000] {logging_mixin.py:190} INFO - [2024-08-29T15:09:10.776+0000] {dag.py:3211} INFO - Sync 1 DAGs
[2024-08-29T15:09:10.793+0000] {logging_mixin.py:190} INFO - [2024-08-29T15:09:10.793+0000] {dag.py:4138} INFO - Setting next_dagrun for example_branch_operator to 2024-08-28 00:00:00+00:00, run_after=2024-08-29 00:00:00+00:00
[2024-08-29T15:09:10.811+0000] {processor.py:208} INFO - Processing /home/airflow/.local/lib/python3.12/site-packages/airflow/example_dags/example_branch_operator.py took 0.078 seconds
[2024-08-29T15:09:40.864+0000] {processor.py:186} INFO - Started process (PID=1428) to work on /home/airflow/.local/lib/python3.12/site-packages/airflow/example_dags/example_branch_operator.py
[2024-08-29T15:09:40.865+0000] {processor.py:914} INFO - Processing file /home/airflow/.local/lib/python3.12/site-packages/airflow/example_dags/example_branch_operator.py for tasks to queue
[2024-08-29T15:09:40.867+0000] {logging_mixin.py:190} INFO - [2024-08-29T15:09:40.867+0000] {dagbag.py:587} INFO - Filling up the DagBag from /home/airflow/.local/lib/python3.12/site-packages/airflow/example_dags/example_branch_operator.py
[2024-08-29T15:09:40.880+0000] {processor.py:925} INFO - DAG(s) 'example_branch_operator' retrieved from /home/airflow/.local/lib/python3.12/site-packages/airflow/example_dags/example_branch_operator.py
[2024-08-29T15:09:40.901+0000] {logging_mixin.py:190} INFO - [2024-08-29T15:09:40.901+0000] {dag.py:3211} INFO - Sync 1 DAGs
[2024-08-29T15:09:40.918+0000] {logging_mixin.py:190} INFO - [2024-08-29T15:09:40.918+0000] {dag.py:4138} INFO - Setting next_dagrun for example_branch_operator to 2024-08-28 00:00:00+00:00, run_after=2024-08-29 00:00:00+00:00
[2024-08-29T15:09:40.935+0000] {processor.py:208} INFO - Processing /home/airflow/.local/lib/python3.12/site-packages/airflow/example_dags/example_branch_operator.py took 0.075 seconds
[2024-08-29T15:10:11.599+0000] {processor.py:186} INFO - Started process (PID=1491) to work on /home/airflow/.local/lib/python3.12/site-packages/airflow/example_dags/example_branch_operator.py
[2024-08-29T15:10:11.600+0000] {processor.py:914} INFO - Processing file /home/airflow/.local/lib/python3.12/site-packages/airflow/example_dags/example_branch_operator.py for tasks to queue
[2024-08-29T15:10:11.602+0000] {logging_mixin.py:190} INFO - [2024-08-29T15:10:11.602+0000] {dagbag.py:587} INFO - Filling up the DagBag from /home/airflow/.local/lib/python3.12/site-packages/airflow/example_dags/example_branch_operator.py
[2024-08-29T15:10:11.615+0000] {processor.py:925} INFO - DAG(s) 'example_branch_operator' retrieved from /home/airflow/.local/lib/python3.12/site-packages/airflow/example_dags/example_branch_operator.py
[2024-08-29T15:10:11.636+0000] {logging_mixin.py:190} INFO - [2024-08-29T15:10:11.636+0000] {dag.py:3211} INFO - Sync 1 DAGs
[2024-08-29T15:10:11.654+0000] {logging_mixin.py:190} INFO - [2024-08-29T15:10:11.654+0000] {dag.py:4138} INFO - Setting next_dagrun for example_branch_operator to 2024-08-28 00:00:00+00:00, run_after=2024-08-29 00:00:00+00:00
[2024-08-29T15:10:11.670+0000] {processor.py:208} INFO - Processing /home/airflow/.local/lib/python3.12/site-packages/airflow/example_dags/example_branch_operator.py took 0.076 seconds
[2024-08-29T15:11:18.253+0000] {processor.py:186} INFO - Started process (PID=107) to work on /home/airflow/.local/lib/python3.12/site-packages/airflow/example_dags/example_branch_operator.py
[2024-08-29T15:11:18.254+0000] {processor.py:914} INFO - Processing file /home/airflow/.local/lib/python3.12/site-packages/airflow/example_dags/example_branch_operator.py for tasks to queue
[2024-08-29T15:11:18.256+0000] {logging_mixin.py:190} INFO - [2024-08-29T15:11:18.256+0000] {dagbag.py:587} INFO - Filling up the DagBag from /home/airflow/.local/lib/python3.12/site-packages/airflow/example_dags/example_branch_operator.py
[2024-08-29T15:11:18.271+0000] {processor.py:925} INFO - DAG(s) 'example_branch_operator' retrieved from /home/airflow/.local/lib/python3.12/site-packages/airflow/example_dags/example_branch_operator.py
[2024-08-29T15:11:18.349+0000] {logging_mixin.py:190} INFO - [2024-08-29T15:11:18.348+0000] {dag.py:3211} INFO - Sync 1 DAGs
[2024-08-29T15:11:18.369+0000] {logging_mixin.py:190} INFO - [2024-08-29T15:11:18.368+0000] {dag.py:4138} INFO - Setting next_dagrun for example_branch_operator to 2024-08-28 00:00:00+00:00, run_after=2024-08-29 00:00:00+00:00
[2024-08-29T15:11:18.390+0000] {processor.py:208} INFO - Processing /home/airflow/.local/lib/python3.12/site-packages/airflow/example_dags/example_branch_operator.py took 0.142 seconds
[2024-08-29T15:11:49.015+0000] {processor.py:186} INFO - Started process (PID=177) to work on /home/airflow/.local/lib/python3.12/site-packages/airflow/example_dags/example_branch_operator.py
[2024-08-29T15:11:49.016+0000] {processor.py:914} INFO - Processing file /home/airflow/.local/lib/python3.12/site-packages/airflow/example_dags/example_branch_operator.py for tasks to queue
[2024-08-29T15:11:49.018+0000] {logging_mixin.py:190} INFO - [2024-08-29T15:11:49.018+0000] {dagbag.py:587} INFO - Filling up the DagBag from /home/airflow/.local/lib/python3.12/site-packages/airflow/example_dags/example_branch_operator.py
[2024-08-29T15:11:49.031+0000] {processor.py:925} INFO - DAG(s) 'example_branch_operator' retrieved from /home/airflow/.local/lib/python3.12/site-packages/airflow/example_dags/example_branch_operator.py
[2024-08-29T15:11:49.051+0000] {logging_mixin.py:190} INFO - [2024-08-29T15:11:49.051+0000] {dag.py:3211} INFO - Sync 1 DAGs
[2024-08-29T15:11:49.068+0000] {logging_mixin.py:190} INFO - [2024-08-29T15:11:49.068+0000] {dag.py:4138} INFO - Setting next_dagrun for example_branch_operator to 2024-08-28 00:00:00+00:00, run_after=2024-08-29 00:00:00+00:00
[2024-08-29T15:11:49.083+0000] {processor.py:208} INFO - Processing /home/airflow/.local/lib/python3.12/site-packages/airflow/example_dags/example_branch_operator.py took 0.073 seconds
[2024-08-29T15:12:19.723+0000] {processor.py:186} INFO - Started process (PID=240) to work on /home/airflow/.local/lib/python3.12/site-packages/airflow/example_dags/example_branch_operator.py
[2024-08-29T15:12:19.724+0000] {processor.py:914} INFO - Processing file /home/airflow/.local/lib/python3.12/site-packages/airflow/example_dags/example_branch_operator.py for tasks to queue
[2024-08-29T15:12:19.731+0000] {logging_mixin.py:190} INFO - [2024-08-29T15:12:19.731+0000] {dagbag.py:587} INFO - Filling up the DagBag from /home/airflow/.local/lib/python3.12/site-packages/airflow/example_dags/example_branch_operator.py
[2024-08-29T15:12:19.744+0000] {processor.py:925} INFO - DAG(s) 'example_branch_operator' retrieved from /home/airflow/.local/lib/python3.12/site-packages/airflow/example_dags/example_branch_operator.py
[2024-08-29T15:12:19.764+0000] {logging_mixin.py:190} INFO - [2024-08-29T15:12:19.764+0000] {dag.py:3211} INFO - Sync 1 DAGs
[2024-08-29T15:12:19.781+0000] {logging_mixin.py:190} INFO - [2024-08-29T15:12:19.781+0000] {dag.py:4138} INFO - Setting next_dagrun for example_branch_operator to 2024-08-28 00:00:00+00:00, run_after=2024-08-29 00:00:00+00:00
[2024-08-29T15:12:19.799+0000] {processor.py:208} INFO - Processing /home/airflow/.local/lib/python3.12/site-packages/airflow/example_dags/example_branch_operator.py took 0.080 seconds
[2024-08-29T15:12:51.480+0000] {processor.py:186} INFO - Started process (PID=303) to work on /home/airflow/.local/lib/python3.12/site-packages/airflow/example_dags/example_branch_operator.py
[2024-08-29T15:12:51.481+0000] {processor.py:914} INFO - Processing file /home/airflow/.local/lib/python3.12/site-packages/airflow/example_dags/example_branch_operator.py for tasks to queue
[2024-08-29T15:12:51.483+0000] {logging_mixin.py:190} INFO - [2024-08-29T15:12:51.483+0000] {dagbag.py:587} INFO - Filling up the DagBag from /home/airflow/.local/lib/python3.12/site-packages/airflow/example_dags/example_branch_operator.py
[2024-08-29T15:12:51.495+0000] {processor.py:925} INFO - DAG(s) 'example_branch_operator' retrieved from /home/airflow/.local/lib/python3.12/site-packages/airflow/example_dags/example_branch_operator.py
[2024-08-29T15:12:51.518+0000] {logging_mixin.py:190} INFO - [2024-08-29T15:12:51.518+0000] {dag.py:3211} INFO - Sync 1 DAGs
[2024-08-29T15:12:51.534+0000] {logging_mixin.py:190} INFO - [2024-08-29T15:12:51.534+0000] {dag.py:4138} INFO - Setting next_dagrun for example_branch_operator to 2024-08-28 00:00:00+00:00, run_after=2024-08-29 00:00:00+00:00
[2024-08-29T15:12:51.550+0000] {processor.py:208} INFO - Processing /home/airflow/.local/lib/python3.12/site-packages/airflow/example_dags/example_branch_operator.py took 0.074 seconds
[2024-08-29T15:13:22.202+0000] {processor.py:186} INFO - Started process (PID=366) to work on /home/airflow/.local/lib/python3.12/site-packages/airflow/example_dags/example_branch_operator.py
[2024-08-29T15:13:22.203+0000] {processor.py:914} INFO - Processing file /home/airflow/.local/lib/python3.12/site-packages/airflow/example_dags/example_branch_operator.py for tasks to queue
[2024-08-29T15:13:22.205+0000] {logging_mixin.py:190} INFO - [2024-08-29T15:13:22.205+0000] {dagbag.py:587} INFO - Filling up the DagBag from /home/airflow/.local/lib/python3.12/site-packages/airflow/example_dags/example_branch_operator.py
[2024-08-29T15:13:22.219+0000] {processor.py:925} INFO - DAG(s) 'example_branch_operator' retrieved from /home/airflow/.local/lib/python3.12/site-packages/airflow/example_dags/example_branch_operator.py
[2024-08-29T15:13:22.241+0000] {logging_mixin.py:190} INFO - [2024-08-29T15:13:22.241+0000] {dag.py:3211} INFO - Sync 1 DAGs
[2024-08-29T15:13:22.259+0000] {logging_mixin.py:190} INFO - [2024-08-29T15:13:22.259+0000] {dag.py:4138} INFO - Setting next_dagrun for example_branch_operator to 2024-08-28 00:00:00+00:00, run_after=2024-08-29 00:00:00+00:00
[2024-08-29T15:13:22.277+0000] {processor.py:208} INFO - Processing /home/airflow/.local/lib/python3.12/site-packages/airflow/example_dags/example_branch_operator.py took 0.080 seconds
[2024-08-29T15:13:53.277+0000] {processor.py:186} INFO - Started process (PID=429) to work on /home/airflow/.local/lib/python3.12/site-packages/airflow/example_dags/example_branch_operator.py
[2024-08-29T15:13:53.279+0000] {processor.py:914} INFO - Processing file /home/airflow/.local/lib/python3.12/site-packages/airflow/example_dags/example_branch_operator.py for tasks to queue
[2024-08-29T15:13:53.281+0000] {logging_mixin.py:190} INFO - [2024-08-29T15:13:53.281+0000] {dagbag.py:587} INFO - Filling up the DagBag from /home/airflow/.local/lib/python3.12/site-packages/airflow/example_dags/example_branch_operator.py
[2024-08-29T15:13:53.293+0000] {processor.py:925} INFO - DAG(s) 'example_branch_operator' retrieved from /home/airflow/.local/lib/python3.12/site-packages/airflow/example_dags/example_branch_operator.py
[2024-08-29T15:13:53.315+0000] {logging_mixin.py:190} INFO - [2024-08-29T15:13:53.314+0000] {dag.py:3211} INFO - Sync 1 DAGs
[2024-08-29T15:13:53.332+0000] {logging_mixin.py:190} INFO - [2024-08-29T15:13:53.332+0000] {dag.py:4138} INFO - Setting next_dagrun for example_branch_operator to 2024-08-28 00:00:00+00:00, run_after=2024-08-29 00:00:00+00:00
[2024-08-29T15:13:53.350+0000] {processor.py:208} INFO - Processing /home/airflow/.local/lib/python3.12/site-packages/airflow/example_dags/example_branch_operator.py took 0.077 seconds
[2024-08-29T15:14:23.575+0000] {processor.py:186} INFO - Started process (PID=492) to work on /home/airflow/.local/lib/python3.12/site-packages/airflow/example_dags/example_branch_operator.py
[2024-08-29T15:14:23.576+0000] {processor.py:914} INFO - Processing file /home/airflow/.local/lib/python3.12/site-packages/airflow/example_dags/example_branch_operator.py for tasks to queue
[2024-08-29T15:14:23.578+0000] {logging_mixin.py:190} INFO - [2024-08-29T15:14:23.577+0000] {dagbag.py:587} INFO - Filling up the DagBag from /home/airflow/.local/lib/python3.12/site-packages/airflow/example_dags/example_branch_operator.py
[2024-08-29T15:14:23.590+0000] {processor.py:925} INFO - DAG(s) 'example_branch_operator' retrieved from /home/airflow/.local/lib/python3.12/site-packages/airflow/example_dags/example_branch_operator.py
[2024-08-29T15:14:23.612+0000] {logging_mixin.py:190} INFO - [2024-08-29T15:14:23.612+0000] {dag.py:3211} INFO - Sync 1 DAGs
[2024-08-29T15:14:23.629+0000] {logging_mixin.py:190} INFO - [2024-08-29T15:14:23.629+0000] {dag.py:4138} INFO - Setting next_dagrun for example_branch_operator to 2024-08-28 00:00:00+00:00, run_after=2024-08-29 00:00:00+00:00
[2024-08-29T15:14:23.645+0000] {processor.py:208} INFO - Processing /home/airflow/.local/lib/python3.12/site-packages/airflow/example_dags/example_branch_operator.py took 0.074 seconds
[2024-08-29T15:14:54.426+0000] {processor.py:186} INFO - Started process (PID=555) to work on /home/airflow/.local/lib/python3.12/site-packages/airflow/example_dags/example_branch_operator.py
[2024-08-29T15:14:54.427+0000] {processor.py:914} INFO - Processing file /home/airflow/.local/lib/python3.12/site-packages/airflow/example_dags/example_branch_operator.py for tasks to queue
[2024-08-29T15:14:54.429+0000] {logging_mixin.py:190} INFO - [2024-08-29T15:14:54.429+0000] {dagbag.py:587} INFO - Filling up the DagBag from /home/airflow/.local/lib/python3.12/site-packages/airflow/example_dags/example_branch_operator.py
[2024-08-29T15:14:54.442+0000] {processor.py:925} INFO - DAG(s) 'example_branch_operator' retrieved from /home/airflow/.local/lib/python3.12/site-packages/airflow/example_dags/example_branch_operator.py
[2024-08-29T15:14:54.463+0000] {logging_mixin.py:190} INFO - [2024-08-29T15:14:54.463+0000] {dag.py:3211} INFO - Sync 1 DAGs
[2024-08-29T15:14:54.481+0000] {logging_mixin.py:190} INFO - [2024-08-29T15:14:54.480+0000] {dag.py:4138} INFO - Setting next_dagrun for example_branch_operator to 2024-08-28 00:00:00+00:00, run_after=2024-08-29 00:00:00+00:00
[2024-08-29T15:14:54.498+0000] {processor.py:208} INFO - Processing /home/airflow/.local/lib/python3.12/site-packages/airflow/example_dags/example_branch_operator.py took 0.076 seconds
[2024-08-29T15:15:24.908+0000] {processor.py:186} INFO - Started process (PID=618) to work on /home/airflow/.local/lib/python3.12/site-packages/airflow/example_dags/example_branch_operator.py
[2024-08-29T15:15:24.908+0000] {processor.py:914} INFO - Processing file /home/airflow/.local/lib/python3.12/site-packages/airflow/example_dags/example_branch_operator.py for tasks to queue
[2024-08-29T15:15:24.911+0000] {logging_mixin.py:190} INFO - [2024-08-29T15:15:24.910+0000] {dagbag.py:587} INFO - Filling up the DagBag from /home/airflow/.local/lib/python3.12/site-packages/airflow/example_dags/example_branch_operator.py
[2024-08-29T15:15:24.923+0000] {processor.py:925} INFO - DAG(s) 'example_branch_operator' retrieved from /home/airflow/.local/lib/python3.12/site-packages/airflow/example_dags/example_branch_operator.py
[2024-08-29T15:15:24.945+0000] {logging_mixin.py:190} INFO - [2024-08-29T15:15:24.945+0000] {dag.py:3211} INFO - Sync 1 DAGs
[2024-08-29T15:15:24.972+0000] {logging_mixin.py:190} INFO - [2024-08-29T15:15:24.972+0000] {dag.py:4138} INFO - Setting next_dagrun for example_branch_operator to 2024-08-28 00:00:00+00:00, run_after=2024-08-29 00:00:00+00:00
[2024-08-29T15:15:25.003+0000] {processor.py:208} INFO - Processing /home/airflow/.local/lib/python3.12/site-packages/airflow/example_dags/example_branch_operator.py took 0.100 seconds
[2024-08-29T15:15:55.361+0000] {processor.py:186} INFO - Started process (PID=681) to work on /home/airflow/.local/lib/python3.12/site-packages/airflow/example_dags/example_branch_operator.py
[2024-08-29T15:15:55.362+0000] {processor.py:914} INFO - Processing file /home/airflow/.local/lib/python3.12/site-packages/airflow/example_dags/example_branch_operator.py for tasks to queue
[2024-08-29T15:15:55.365+0000] {logging_mixin.py:190} INFO - [2024-08-29T15:15:55.364+0000] {dagbag.py:587} INFO - Filling up the DagBag from /home/airflow/.local/lib/python3.12/site-packages/airflow/example_dags/example_branch_operator.py
[2024-08-29T15:15:55.377+0000] {processor.py:925} INFO - DAG(s) 'example_branch_operator' retrieved from /home/airflow/.local/lib/python3.12/site-packages/airflow/example_dags/example_branch_operator.py
[2024-08-29T15:15:55.398+0000] {logging_mixin.py:190} INFO - [2024-08-29T15:15:55.398+0000] {dag.py:3211} INFO - Sync 1 DAGs
[2024-08-29T15:15:55.414+0000] {logging_mixin.py:190} INFO - [2024-08-29T15:15:55.414+0000] {dag.py:4138} INFO - Setting next_dagrun for example_branch_operator to 2024-08-28 00:00:00+00:00, run_after=2024-08-29 00:00:00+00:00
[2024-08-29T15:15:55.431+0000] {processor.py:208} INFO - Processing /home/airflow/.local/lib/python3.12/site-packages/airflow/example_dags/example_branch_operator.py took 0.073 seconds
