[2024-08-29T14:58:55.080+0000] {processor.py:186} INFO - Started process (PID=113) to work on /home/airflow/.local/lib/python3.12/site-packages/airflow/example_dags/example_branch_labels.py
[2024-08-29T14:58:55.081+0000] {processor.py:914} INFO - Processing file /home/airflow/.local/lib/python3.12/site-packages/airflow/example_dags/example_branch_labels.py for tasks to queue
[2024-08-29T14:58:55.083+0000] {logging_mixin.py:190} INFO - [2024-08-29T14:58:55.083+0000] {dagbag.py:587} INFO - Filling up the DagBag from /home/airflow/.local/lib/python3.12/site-packages/airflow/example_dags/example_branch_labels.py
[2024-08-29T14:58:55.091+0000] {processor.py:925} INFO - DAG(s) 'example_branch_labels' retrieved from /home/airflow/.local/lib/python3.12/site-packages/airflow/example_dags/example_branch_labels.py
[2024-08-29T14:58:55.109+0000] {logging_mixin.py:190} INFO - [2024-08-29T14:58:55.108+0000] {dag.py:3211} INFO - Sync 1 DAGs
[2024-08-29T14:58:55.128+0000] {logging_mixin.py:190} INFO - [2024-08-29T14:58:55.128+0000] {dag.py:4138} INFO - Setting next_dagrun for example_branch_labels to 2024-08-28 00:00:00+00:00, run_after=2024-08-29 00:00:00+00:00
[2024-08-29T14:58:55.146+0000] {processor.py:208} INFO - Processing /home/airflow/.local/lib/python3.12/site-packages/airflow/example_dags/example_branch_labels.py took 0.071 seconds
[2024-08-29T14:59:25.769+0000] {processor.py:186} INFO - Started process (PID=174) to work on /home/airflow/.local/lib/python3.12/site-packages/airflow/example_dags/example_branch_labels.py
[2024-08-29T14:59:25.770+0000] {processor.py:914} INFO - Processing file /home/airflow/.local/lib/python3.12/site-packages/airflow/example_dags/example_branch_labels.py for tasks to queue
[2024-08-29T14:59:25.773+0000] {logging_mixin.py:190} INFO - [2024-08-29T14:59:25.773+0000] {dagbag.py:587} INFO - Filling up the DagBag from /home/airflow/.local/lib/python3.12/site-packages/airflow/example_dags/example_branch_labels.py
[2024-08-29T14:59:25.781+0000] {processor.py:925} INFO - DAG(s) 'example_branch_labels' retrieved from /home/airflow/.local/lib/python3.12/site-packages/airflow/example_dags/example_branch_labels.py
[2024-08-29T14:59:25.798+0000] {logging_mixin.py:190} INFO - [2024-08-29T14:59:25.798+0000] {dag.py:3211} INFO - Sync 1 DAGs
[2024-08-29T14:59:25.818+0000] {logging_mixin.py:190} INFO - [2024-08-29T14:59:25.817+0000] {dag.py:4138} INFO - Setting next_dagrun for example_branch_labels to 2024-08-28 00:00:00+00:00, run_after=2024-08-29 00:00:00+00:00
[2024-08-29T14:59:25.837+0000] {processor.py:208} INFO - Processing /home/airflow/.local/lib/python3.12/site-packages/airflow/example_dags/example_branch_labels.py took 0.072 seconds
[2024-08-29T14:59:56.835+0000] {processor.py:186} INFO - Started process (PID=236) to work on /home/airflow/.local/lib/python3.12/site-packages/airflow/example_dags/example_branch_labels.py
[2024-08-29T14:59:56.836+0000] {processor.py:914} INFO - Processing file /home/airflow/.local/lib/python3.12/site-packages/airflow/example_dags/example_branch_labels.py for tasks to queue
[2024-08-29T14:59:56.838+0000] {logging_mixin.py:190} INFO - [2024-08-29T14:59:56.838+0000] {dagbag.py:587} INFO - Filling up the DagBag from /home/airflow/.local/lib/python3.12/site-packages/airflow/example_dags/example_branch_labels.py
[2024-08-29T14:59:56.846+0000] {processor.py:925} INFO - DAG(s) 'example_branch_labels' retrieved from /home/airflow/.local/lib/python3.12/site-packages/airflow/example_dags/example_branch_labels.py
[2024-08-29T14:59:56.862+0000] {logging_mixin.py:190} INFO - [2024-08-29T14:59:56.862+0000] {dag.py:3211} INFO - Sync 1 DAGs
[2024-08-29T14:59:56.880+0000] {logging_mixin.py:190} INFO - [2024-08-29T14:59:56.880+0000] {dag.py:4138} INFO - Setting next_dagrun for example_branch_labels to 2024-08-28 00:00:00+00:00, run_after=2024-08-29 00:00:00+00:00
[2024-08-29T14:59:56.898+0000] {processor.py:208} INFO - Processing /home/airflow/.local/lib/python3.12/site-packages/airflow/example_dags/example_branch_labels.py took 0.067 seconds
[2024-08-29T15:00:27.747+0000] {processor.py:186} INFO - Started process (PID=299) to work on /home/airflow/.local/lib/python3.12/site-packages/airflow/example_dags/example_branch_labels.py
[2024-08-29T15:00:27.748+0000] {processor.py:914} INFO - Processing file /home/airflow/.local/lib/python3.12/site-packages/airflow/example_dags/example_branch_labels.py for tasks to queue
[2024-08-29T15:00:27.750+0000] {logging_mixin.py:190} INFO - [2024-08-29T15:00:27.750+0000] {dagbag.py:587} INFO - Filling up the DagBag from /home/airflow/.local/lib/python3.12/site-packages/airflow/example_dags/example_branch_labels.py
[2024-08-29T15:00:27.758+0000] {processor.py:925} INFO - DAG(s) 'example_branch_labels' retrieved from /home/airflow/.local/lib/python3.12/site-packages/airflow/example_dags/example_branch_labels.py
[2024-08-29T15:00:27.774+0000] {logging_mixin.py:190} INFO - [2024-08-29T15:00:27.774+0000] {dag.py:3211} INFO - Sync 1 DAGs
[2024-08-29T15:00:27.791+0000] {logging_mixin.py:190} INFO - [2024-08-29T15:00:27.791+0000] {dag.py:4138} INFO - Setting next_dagrun for example_branch_labels to 2024-08-28 00:00:00+00:00, run_after=2024-08-29 00:00:00+00:00
[2024-08-29T15:00:27.806+0000] {processor.py:208} INFO - Processing /home/airflow/.local/lib/python3.12/site-packages/airflow/example_dags/example_branch_labels.py took 0.064 seconds
[2024-08-29T15:00:58.807+0000] {processor.py:186} INFO - Started process (PID=361) to work on /home/airflow/.local/lib/python3.12/site-packages/airflow/example_dags/example_branch_labels.py
[2024-08-29T15:00:58.808+0000] {processor.py:914} INFO - Processing file /home/airflow/.local/lib/python3.12/site-packages/airflow/example_dags/example_branch_labels.py for tasks to queue
[2024-08-29T15:00:58.810+0000] {logging_mixin.py:190} INFO - [2024-08-29T15:00:58.810+0000] {dagbag.py:587} INFO - Filling up the DagBag from /home/airflow/.local/lib/python3.12/site-packages/airflow/example_dags/example_branch_labels.py
[2024-08-29T15:00:58.818+0000] {processor.py:925} INFO - DAG(s) 'example_branch_labels' retrieved from /home/airflow/.local/lib/python3.12/site-packages/airflow/example_dags/example_branch_labels.py
[2024-08-29T15:00:58.833+0000] {logging_mixin.py:190} INFO - [2024-08-29T15:00:58.833+0000] {dag.py:3211} INFO - Sync 1 DAGs
[2024-08-29T15:00:58.848+0000] {logging_mixin.py:190} INFO - [2024-08-29T15:00:58.848+0000] {dag.py:4138} INFO - Setting next_dagrun for example_branch_labels to 2024-08-28 00:00:00+00:00, run_after=2024-08-29 00:00:00+00:00
[2024-08-29T15:00:58.864+0000] {processor.py:208} INFO - Processing /home/airflow/.local/lib/python3.12/site-packages/airflow/example_dags/example_branch_labels.py took 0.062 seconds
[2024-08-29T15:01:29.377+0000] {processor.py:186} INFO - Started process (PID=423) to work on /home/airflow/.local/lib/python3.12/site-packages/airflow/example_dags/example_branch_labels.py
[2024-08-29T15:01:29.378+0000] {processor.py:914} INFO - Processing file /home/airflow/.local/lib/python3.12/site-packages/airflow/example_dags/example_branch_labels.py for tasks to queue
[2024-08-29T15:01:29.380+0000] {logging_mixin.py:190} INFO - [2024-08-29T15:01:29.380+0000] {dagbag.py:587} INFO - Filling up the DagBag from /home/airflow/.local/lib/python3.12/site-packages/airflow/example_dags/example_branch_labels.py
[2024-08-29T15:01:29.387+0000] {processor.py:925} INFO - DAG(s) 'example_branch_labels' retrieved from /home/airflow/.local/lib/python3.12/site-packages/airflow/example_dags/example_branch_labels.py
[2024-08-29T15:01:29.404+0000] {logging_mixin.py:190} INFO - [2024-08-29T15:01:29.404+0000] {dag.py:3211} INFO - Sync 1 DAGs
[2024-08-29T15:01:29.421+0000] {logging_mixin.py:190} INFO - [2024-08-29T15:01:29.421+0000] {dag.py:4138} INFO - Setting next_dagrun for example_branch_labels to 2024-08-28 00:00:00+00:00, run_after=2024-08-29 00:00:00+00:00
[2024-08-29T15:01:29.436+0000] {processor.py:208} INFO - Processing /home/airflow/.local/lib/python3.12/site-packages/airflow/example_dags/example_branch_labels.py took 0.064 seconds
[2024-08-29T15:01:59.979+0000] {processor.py:186} INFO - Started process (PID=485) to work on /home/airflow/.local/lib/python3.12/site-packages/airflow/example_dags/example_branch_labels.py
[2024-08-29T15:01:59.980+0000] {processor.py:914} INFO - Processing file /home/airflow/.local/lib/python3.12/site-packages/airflow/example_dags/example_branch_labels.py for tasks to queue
[2024-08-29T15:01:59.982+0000] {logging_mixin.py:190} INFO - [2024-08-29T15:01:59.982+0000] {dagbag.py:587} INFO - Filling up the DagBag from /home/airflow/.local/lib/python3.12/site-packages/airflow/example_dags/example_branch_labels.py
[2024-08-29T15:01:59.990+0000] {processor.py:925} INFO - DAG(s) 'example_branch_labels' retrieved from /home/airflow/.local/lib/python3.12/site-packages/airflow/example_dags/example_branch_labels.py
[2024-08-29T15:02:00.006+0000] {logging_mixin.py:190} INFO - [2024-08-29T15:02:00.006+0000] {dag.py:3211} INFO - Sync 1 DAGs
[2024-08-29T15:02:00.025+0000] {logging_mixin.py:190} INFO - [2024-08-29T15:02:00.025+0000] {dag.py:4138} INFO - Setting next_dagrun for example_branch_labels to 2024-08-28 00:00:00+00:00, run_after=2024-08-29 00:00:00+00:00
[2024-08-29T15:02:00.043+0000] {processor.py:208} INFO - Processing /home/airflow/.local/lib/python3.12/site-packages/airflow/example_dags/example_branch_labels.py took 0.070 seconds
[2024-08-29T15:02:30.429+0000] {processor.py:186} INFO - Started process (PID=547) to work on /home/airflow/.local/lib/python3.12/site-packages/airflow/example_dags/example_branch_labels.py
[2024-08-29T15:02:30.430+0000] {processor.py:914} INFO - Processing file /home/airflow/.local/lib/python3.12/site-packages/airflow/example_dags/example_branch_labels.py for tasks to queue
[2024-08-29T15:02:30.432+0000] {logging_mixin.py:190} INFO - [2024-08-29T15:02:30.432+0000] {dagbag.py:587} INFO - Filling up the DagBag from /home/airflow/.local/lib/python3.12/site-packages/airflow/example_dags/example_branch_labels.py
[2024-08-29T15:02:30.439+0000] {processor.py:925} INFO - DAG(s) 'example_branch_labels' retrieved from /home/airflow/.local/lib/python3.12/site-packages/airflow/example_dags/example_branch_labels.py
[2024-08-29T15:02:30.457+0000] {logging_mixin.py:190} INFO - [2024-08-29T15:02:30.456+0000] {dag.py:3211} INFO - Sync 1 DAGs
[2024-08-29T15:02:30.473+0000] {logging_mixin.py:190} INFO - [2024-08-29T15:02:30.473+0000] {dag.py:4138} INFO - Setting next_dagrun for example_branch_labels to 2024-08-28 00:00:00+00:00, run_after=2024-08-29 00:00:00+00:00
[2024-08-29T15:02:30.490+0000] {processor.py:208} INFO - Processing /home/airflow/.local/lib/python3.12/site-packages/airflow/example_dags/example_branch_labels.py took 0.066 seconds
[2024-08-29T15:03:00.933+0000] {processor.py:186} INFO - Started process (PID=609) to work on /home/airflow/.local/lib/python3.12/site-packages/airflow/example_dags/example_branch_labels.py
[2024-08-29T15:03:00.934+0000] {processor.py:914} INFO - Processing file /home/airflow/.local/lib/python3.12/site-packages/airflow/example_dags/example_branch_labels.py for tasks to queue
[2024-08-29T15:03:00.936+0000] {logging_mixin.py:190} INFO - [2024-08-29T15:03:00.936+0000] {dagbag.py:587} INFO - Filling up the DagBag from /home/airflow/.local/lib/python3.12/site-packages/airflow/example_dags/example_branch_labels.py
[2024-08-29T15:03:00.943+0000] {processor.py:925} INFO - DAG(s) 'example_branch_labels' retrieved from /home/airflow/.local/lib/python3.12/site-packages/airflow/example_dags/example_branch_labels.py
[2024-08-29T15:03:00.958+0000] {logging_mixin.py:190} INFO - [2024-08-29T15:03:00.958+0000] {dag.py:3211} INFO - Sync 1 DAGs
[2024-08-29T15:03:00.978+0000] {logging_mixin.py:190} INFO - [2024-08-29T15:03:00.978+0000] {dag.py:4138} INFO - Setting next_dagrun for example_branch_labels to 2024-08-28 00:00:00+00:00, run_after=2024-08-29 00:00:00+00:00
[2024-08-29T15:03:00.996+0000] {processor.py:208} INFO - Processing /home/airflow/.local/lib/python3.12/site-packages/airflow/example_dags/example_branch_labels.py took 0.068 seconds
[2024-08-29T15:03:31.732+0000] {processor.py:186} INFO - Started process (PID=671) to work on /home/airflow/.local/lib/python3.12/site-packages/airflow/example_dags/example_branch_labels.py
[2024-08-29T15:03:31.733+0000] {processor.py:914} INFO - Processing file /home/airflow/.local/lib/python3.12/site-packages/airflow/example_dags/example_branch_labels.py for tasks to queue
[2024-08-29T15:03:31.735+0000] {logging_mixin.py:190} INFO - [2024-08-29T15:03:31.735+0000] {dagbag.py:587} INFO - Filling up the DagBag from /home/airflow/.local/lib/python3.12/site-packages/airflow/example_dags/example_branch_labels.py
[2024-08-29T15:03:31.742+0000] {processor.py:925} INFO - DAG(s) 'example_branch_labels' retrieved from /home/airflow/.local/lib/python3.12/site-packages/airflow/example_dags/example_branch_labels.py
[2024-08-29T15:03:31.756+0000] {logging_mixin.py:190} INFO - [2024-08-29T15:03:31.756+0000] {dag.py:3211} INFO - Sync 1 DAGs
[2024-08-29T15:03:31.771+0000] {logging_mixin.py:190} INFO - [2024-08-29T15:03:31.771+0000] {dag.py:4138} INFO - Setting next_dagrun for example_branch_labels to 2024-08-28 00:00:00+00:00, run_after=2024-08-29 00:00:00+00:00
[2024-08-29T15:03:31.787+0000] {processor.py:208} INFO - Processing /home/airflow/.local/lib/python3.12/site-packages/airflow/example_dags/example_branch_labels.py took 0.058 seconds
[2024-08-29T15:04:02.702+0000] {processor.py:186} INFO - Started process (PID=734) to work on /home/airflow/.local/lib/python3.12/site-packages/airflow/example_dags/example_branch_labels.py
[2024-08-29T15:04:02.703+0000] {processor.py:914} INFO - Processing file /home/airflow/.local/lib/python3.12/site-packages/airflow/example_dags/example_branch_labels.py for tasks to queue
[2024-08-29T15:04:02.705+0000] {logging_mixin.py:190} INFO - [2024-08-29T15:04:02.705+0000] {dagbag.py:587} INFO - Filling up the DagBag from /home/airflow/.local/lib/python3.12/site-packages/airflow/example_dags/example_branch_labels.py
[2024-08-29T15:04:02.711+0000] {processor.py:925} INFO - DAG(s) 'example_branch_labels' retrieved from /home/airflow/.local/lib/python3.12/site-packages/airflow/example_dags/example_branch_labels.py
[2024-08-29T15:04:02.728+0000] {logging_mixin.py:190} INFO - [2024-08-29T15:04:02.727+0000] {dag.py:3211} INFO - Sync 1 DAGs
[2024-08-29T15:04:02.745+0000] {logging_mixin.py:190} INFO - [2024-08-29T15:04:02.745+0000] {dag.py:4138} INFO - Setting next_dagrun for example_branch_labels to 2024-08-28 00:00:00+00:00, run_after=2024-08-29 00:00:00+00:00
[2024-08-29T15:04:02.761+0000] {processor.py:208} INFO - Processing /home/airflow/.local/lib/python3.12/site-packages/airflow/example_dags/example_branch_labels.py took 0.063 seconds
[2024-08-29T15:04:33.744+0000] {processor.py:186} INFO - Started process (PID=797) to work on /home/airflow/.local/lib/python3.12/site-packages/airflow/example_dags/example_branch_labels.py
[2024-08-29T15:04:33.746+0000] {processor.py:914} INFO - Processing file /home/airflow/.local/lib/python3.12/site-packages/airflow/example_dags/example_branch_labels.py for tasks to queue
[2024-08-29T15:04:33.747+0000] {logging_mixin.py:190} INFO - [2024-08-29T15:04:33.747+0000] {dagbag.py:587} INFO - Filling up the DagBag from /home/airflow/.local/lib/python3.12/site-packages/airflow/example_dags/example_branch_labels.py
[2024-08-29T15:04:33.755+0000] {processor.py:925} INFO - DAG(s) 'example_branch_labels' retrieved from /home/airflow/.local/lib/python3.12/site-packages/airflow/example_dags/example_branch_labels.py
[2024-08-29T15:04:33.771+0000] {logging_mixin.py:190} INFO - [2024-08-29T15:04:33.771+0000] {dag.py:3211} INFO - Sync 1 DAGs
[2024-08-29T15:04:33.790+0000] {logging_mixin.py:190} INFO - [2024-08-29T15:04:33.789+0000] {dag.py:4138} INFO - Setting next_dagrun for example_branch_labels to 2024-08-28 00:00:00+00:00, run_after=2024-08-29 00:00:00+00:00
[2024-08-29T15:04:33.805+0000] {processor.py:208} INFO - Processing /home/airflow/.local/lib/python3.12/site-packages/airflow/example_dags/example_branch_labels.py took 0.065 seconds
[2024-08-29T15:05:04.888+0000] {processor.py:186} INFO - Started process (PID=860) to work on /home/airflow/.local/lib/python3.12/site-packages/airflow/example_dags/example_branch_labels.py
[2024-08-29T15:05:04.890+0000] {processor.py:914} INFO - Processing file /home/airflow/.local/lib/python3.12/site-packages/airflow/example_dags/example_branch_labels.py for tasks to queue
[2024-08-29T15:05:04.892+0000] {logging_mixin.py:190} INFO - [2024-08-29T15:05:04.892+0000] {dagbag.py:587} INFO - Filling up the DagBag from /home/airflow/.local/lib/python3.12/site-packages/airflow/example_dags/example_branch_labels.py
[2024-08-29T15:05:04.899+0000] {processor.py:925} INFO - DAG(s) 'example_branch_labels' retrieved from /home/airflow/.local/lib/python3.12/site-packages/airflow/example_dags/example_branch_labels.py
[2024-08-29T15:05:04.917+0000] {logging_mixin.py:190} INFO - [2024-08-29T15:05:04.916+0000] {dag.py:3211} INFO - Sync 1 DAGs
[2024-08-29T15:05:04.936+0000] {logging_mixin.py:190} INFO - [2024-08-29T15:05:04.935+0000] {dag.py:4138} INFO - Setting next_dagrun for example_branch_labels to 2024-08-28 00:00:00+00:00, run_after=2024-08-29 00:00:00+00:00
[2024-08-29T15:05:04.953+0000] {processor.py:208} INFO - Processing /home/airflow/.local/lib/python3.12/site-packages/airflow/example_dags/example_branch_labels.py took 0.069 seconds
[2024-08-29T15:05:35.495+0000] {processor.py:186} INFO - Started process (PID=923) to work on /home/airflow/.local/lib/python3.12/site-packages/airflow/example_dags/example_branch_labels.py
[2024-08-29T15:05:35.496+0000] {processor.py:914} INFO - Processing file /home/airflow/.local/lib/python3.12/site-packages/airflow/example_dags/example_branch_labels.py for tasks to queue
[2024-08-29T15:05:35.498+0000] {logging_mixin.py:190} INFO - [2024-08-29T15:05:35.498+0000] {dagbag.py:587} INFO - Filling up the DagBag from /home/airflow/.local/lib/python3.12/site-packages/airflow/example_dags/example_branch_labels.py
[2024-08-29T15:05:35.505+0000] {processor.py:925} INFO - DAG(s) 'example_branch_labels' retrieved from /home/airflow/.local/lib/python3.12/site-packages/airflow/example_dags/example_branch_labels.py
[2024-08-29T15:05:35.520+0000] {logging_mixin.py:190} INFO - [2024-08-29T15:05:35.520+0000] {dag.py:3211} INFO - Sync 1 DAGs
[2024-08-29T15:05:35.537+0000] {logging_mixin.py:190} INFO - [2024-08-29T15:05:35.537+0000] {dag.py:4138} INFO - Setting next_dagrun for example_branch_labels to 2024-08-28 00:00:00+00:00, run_after=2024-08-29 00:00:00+00:00
[2024-08-29T15:05:35.552+0000] {processor.py:208} INFO - Processing /home/airflow/.local/lib/python3.12/site-packages/airflow/example_dags/example_branch_labels.py took 0.061 seconds
[2024-08-29T15:06:06.962+0000] {processor.py:186} INFO - Started process (PID=987) to work on /home/airflow/.local/lib/python3.12/site-packages/airflow/example_dags/example_branch_labels.py
[2024-08-29T15:06:06.963+0000] {processor.py:914} INFO - Processing file /home/airflow/.local/lib/python3.12/site-packages/airflow/example_dags/example_branch_labels.py for tasks to queue
[2024-08-29T15:06:06.965+0000] {logging_mixin.py:190} INFO - [2024-08-29T15:06:06.965+0000] {dagbag.py:587} INFO - Filling up the DagBag from /home/airflow/.local/lib/python3.12/site-packages/airflow/example_dags/example_branch_labels.py
[2024-08-29T15:06:06.972+0000] {processor.py:925} INFO - DAG(s) 'example_branch_labels' retrieved from /home/airflow/.local/lib/python3.12/site-packages/airflow/example_dags/example_branch_labels.py
[2024-08-29T15:06:06.988+0000] {logging_mixin.py:190} INFO - [2024-08-29T15:06:06.987+0000] {dag.py:3211} INFO - Sync 1 DAGs
[2024-08-29T15:06:07.003+0000] {logging_mixin.py:190} INFO - [2024-08-29T15:06:07.003+0000] {dag.py:4138} INFO - Setting next_dagrun for example_branch_labels to 2024-08-28 00:00:00+00:00, run_after=2024-08-29 00:00:00+00:00
[2024-08-29T15:06:07.020+0000] {processor.py:208} INFO - Processing /home/airflow/.local/lib/python3.12/site-packages/airflow/example_dags/example_branch_labels.py took 0.065 seconds
[2024-08-29T15:06:37.822+0000] {processor.py:186} INFO - Started process (PID=1050) to work on /home/airflow/.local/lib/python3.12/site-packages/airflow/example_dags/example_branch_labels.py
[2024-08-29T15:06:37.823+0000] {processor.py:914} INFO - Processing file /home/airflow/.local/lib/python3.12/site-packages/airflow/example_dags/example_branch_labels.py for tasks to queue
[2024-08-29T15:06:37.826+0000] {logging_mixin.py:190} INFO - [2024-08-29T15:06:37.825+0000] {dagbag.py:587} INFO - Filling up the DagBag from /home/airflow/.local/lib/python3.12/site-packages/airflow/example_dags/example_branch_labels.py
[2024-08-29T15:06:37.833+0000] {processor.py:925} INFO - DAG(s) 'example_branch_labels' retrieved from /home/airflow/.local/lib/python3.12/site-packages/airflow/example_dags/example_branch_labels.py
[2024-08-29T15:06:37.851+0000] {logging_mixin.py:190} INFO - [2024-08-29T15:06:37.851+0000] {dag.py:3211} INFO - Sync 1 DAGs
[2024-08-29T15:06:37.869+0000] {logging_mixin.py:190} INFO - [2024-08-29T15:06:37.869+0000] {dag.py:4138} INFO - Setting next_dagrun for example_branch_labels to 2024-08-28 00:00:00+00:00, run_after=2024-08-29 00:00:00+00:00
[2024-08-29T15:06:37.887+0000] {processor.py:208} INFO - Processing /home/airflow/.local/lib/python3.12/site-packages/airflow/example_dags/example_branch_labels.py took 0.070 seconds
[2024-08-29T15:07:08.489+0000] {processor.py:186} INFO - Started process (PID=1113) to work on /home/airflow/.local/lib/python3.12/site-packages/airflow/example_dags/example_branch_labels.py
[2024-08-29T15:07:08.490+0000] {processor.py:914} INFO - Processing file /home/airflow/.local/lib/python3.12/site-packages/airflow/example_dags/example_branch_labels.py for tasks to queue
[2024-08-29T15:07:08.492+0000] {logging_mixin.py:190} INFO - [2024-08-29T15:07:08.492+0000] {dagbag.py:587} INFO - Filling up the DagBag from /home/airflow/.local/lib/python3.12/site-packages/airflow/example_dags/example_branch_labels.py
[2024-08-29T15:07:08.499+0000] {processor.py:925} INFO - DAG(s) 'example_branch_labels' retrieved from /home/airflow/.local/lib/python3.12/site-packages/airflow/example_dags/example_branch_labels.py
[2024-08-29T15:07:08.517+0000] {logging_mixin.py:190} INFO - [2024-08-29T15:07:08.516+0000] {dag.py:3211} INFO - Sync 1 DAGs
[2024-08-29T15:07:08.538+0000] {logging_mixin.py:190} INFO - [2024-08-29T15:07:08.538+0000] {dag.py:4138} INFO - Setting next_dagrun for example_branch_labels to 2024-08-28 00:00:00+00:00, run_after=2024-08-29 00:00:00+00:00
[2024-08-29T15:07:08.564+0000] {processor.py:208} INFO - Processing /home/airflow/.local/lib/python3.12/site-packages/airflow/example_dags/example_branch_labels.py took 0.079 seconds
[2024-08-29T15:07:38.773+0000] {processor.py:186} INFO - Started process (PID=1176) to work on /home/airflow/.local/lib/python3.12/site-packages/airflow/example_dags/example_branch_labels.py
[2024-08-29T15:07:38.774+0000] {processor.py:914} INFO - Processing file /home/airflow/.local/lib/python3.12/site-packages/airflow/example_dags/example_branch_labels.py for tasks to queue
[2024-08-29T15:07:38.776+0000] {logging_mixin.py:190} INFO - [2024-08-29T15:07:38.775+0000] {dagbag.py:587} INFO - Filling up the DagBag from /home/airflow/.local/lib/python3.12/site-packages/airflow/example_dags/example_branch_labels.py
[2024-08-29T15:07:38.782+0000] {processor.py:925} INFO - DAG(s) 'example_branch_labels' retrieved from /home/airflow/.local/lib/python3.12/site-packages/airflow/example_dags/example_branch_labels.py
[2024-08-29T15:07:38.798+0000] {logging_mixin.py:190} INFO - [2024-08-29T15:07:38.798+0000] {dag.py:3211} INFO - Sync 1 DAGs
[2024-08-29T15:07:38.814+0000] {logging_mixin.py:190} INFO - [2024-08-29T15:07:38.814+0000] {dag.py:4138} INFO - Setting next_dagrun for example_branch_labels to 2024-08-28 00:00:00+00:00, run_after=2024-08-29 00:00:00+00:00
[2024-08-29T15:07:38.839+0000] {processor.py:208} INFO - Processing /home/airflow/.local/lib/python3.12/site-packages/airflow/example_dags/example_branch_labels.py took 0.070 seconds
[2024-08-29T15:08:09.371+0000] {processor.py:186} INFO - Started process (PID=1239) to work on /home/airflow/.local/lib/python3.12/site-packages/airflow/example_dags/example_branch_labels.py
[2024-08-29T15:08:09.372+0000] {processor.py:914} INFO - Processing file /home/airflow/.local/lib/python3.12/site-packages/airflow/example_dags/example_branch_labels.py for tasks to queue
[2024-08-29T15:08:09.375+0000] {logging_mixin.py:190} INFO - [2024-08-29T15:08:09.375+0000] {dagbag.py:587} INFO - Filling up the DagBag from /home/airflow/.local/lib/python3.12/site-packages/airflow/example_dags/example_branch_labels.py
[2024-08-29T15:08:09.381+0000] {processor.py:925} INFO - DAG(s) 'example_branch_labels' retrieved from /home/airflow/.local/lib/python3.12/site-packages/airflow/example_dags/example_branch_labels.py
[2024-08-29T15:08:09.398+0000] {logging_mixin.py:190} INFO - [2024-08-29T15:08:09.398+0000] {dag.py:3211} INFO - Sync 1 DAGs
[2024-08-29T15:08:09.415+0000] {logging_mixin.py:190} INFO - [2024-08-29T15:08:09.415+0000] {dag.py:4138} INFO - Setting next_dagrun for example_branch_labels to 2024-08-28 00:00:00+00:00, run_after=2024-08-29 00:00:00+00:00
[2024-08-29T15:08:09.432+0000] {processor.py:208} INFO - Processing /home/airflow/.local/lib/python3.12/site-packages/airflow/example_dags/example_branch_labels.py took 0.065 seconds
[2024-08-29T15:08:39.818+0000] {processor.py:186} INFO - Started process (PID=1302) to work on /home/airflow/.local/lib/python3.12/site-packages/airflow/example_dags/example_branch_labels.py
[2024-08-29T15:08:39.823+0000] {processor.py:914} INFO - Processing file /home/airflow/.local/lib/python3.12/site-packages/airflow/example_dags/example_branch_labels.py for tasks to queue
[2024-08-29T15:08:39.827+0000] {logging_mixin.py:190} INFO - [2024-08-29T15:08:39.826+0000] {dagbag.py:587} INFO - Filling up the DagBag from /home/airflow/.local/lib/python3.12/site-packages/airflow/example_dags/example_branch_labels.py
[2024-08-29T15:08:39.834+0000] {processor.py:925} INFO - DAG(s) 'example_branch_labels' retrieved from /home/airflow/.local/lib/python3.12/site-packages/airflow/example_dags/example_branch_labels.py
[2024-08-29T15:08:39.850+0000] {logging_mixin.py:190} INFO - [2024-08-29T15:08:39.850+0000] {dag.py:3211} INFO - Sync 1 DAGs
[2024-08-29T15:08:39.867+0000] {logging_mixin.py:190} INFO - [2024-08-29T15:08:39.867+0000] {dag.py:4138} INFO - Setting next_dagrun for example_branch_labels to 2024-08-28 00:00:00+00:00, run_after=2024-08-29 00:00:00+00:00
[2024-08-29T15:08:39.885+0000] {processor.py:208} INFO - Processing /home/airflow/.local/lib/python3.12/site-packages/airflow/example_dags/example_branch_labels.py took 0.071 seconds
[2024-08-29T15:09:10.737+0000] {processor.py:186} INFO - Started process (PID=1365) to work on /home/airflow/.local/lib/python3.12/site-packages/airflow/example_dags/example_branch_labels.py
[2024-08-29T15:09:10.738+0000] {processor.py:914} INFO - Processing file /home/airflow/.local/lib/python3.12/site-packages/airflow/example_dags/example_branch_labels.py for tasks to queue
[2024-08-29T15:09:10.740+0000] {logging_mixin.py:190} INFO - [2024-08-29T15:09:10.740+0000] {dagbag.py:587} INFO - Filling up the DagBag from /home/airflow/.local/lib/python3.12/site-packages/airflow/example_dags/example_branch_labels.py
[2024-08-29T15:09:10.749+0000] {processor.py:925} INFO - DAG(s) 'example_branch_labels' retrieved from /home/airflow/.local/lib/python3.12/site-packages/airflow/example_dags/example_branch_labels.py
[2024-08-29T15:09:10.765+0000] {logging_mixin.py:190} INFO - [2024-08-29T15:09:10.765+0000] {dag.py:3211} INFO - Sync 1 DAGs
[2024-08-29T15:09:10.782+0000] {logging_mixin.py:190} INFO - [2024-08-29T15:09:10.782+0000] {dag.py:4138} INFO - Setting next_dagrun for example_branch_labels to 2024-08-28 00:00:00+00:00, run_after=2024-08-29 00:00:00+00:00
[2024-08-29T15:09:10.799+0000] {processor.py:208} INFO - Processing /home/airflow/.local/lib/python3.12/site-packages/airflow/example_dags/example_branch_labels.py took 0.066 seconds
[2024-08-29T15:09:40.864+0000] {processor.py:186} INFO - Started process (PID=1429) to work on /home/airflow/.local/lib/python3.12/site-packages/airflow/example_dags/example_branch_labels.py
[2024-08-29T15:09:40.865+0000] {processor.py:914} INFO - Processing file /home/airflow/.local/lib/python3.12/site-packages/airflow/example_dags/example_branch_labels.py for tasks to queue
[2024-08-29T15:09:40.867+0000] {logging_mixin.py:190} INFO - [2024-08-29T15:09:40.867+0000] {dagbag.py:587} INFO - Filling up the DagBag from /home/airflow/.local/lib/python3.12/site-packages/airflow/example_dags/example_branch_labels.py
[2024-08-29T15:09:40.874+0000] {processor.py:925} INFO - DAG(s) 'example_branch_labels' retrieved from /home/airflow/.local/lib/python3.12/site-packages/airflow/example_dags/example_branch_labels.py
[2024-08-29T15:09:40.890+0000] {logging_mixin.py:190} INFO - [2024-08-29T15:09:40.890+0000] {dag.py:3211} INFO - Sync 1 DAGs
[2024-08-29T15:09:40.906+0000] {logging_mixin.py:190} INFO - [2024-08-29T15:09:40.906+0000] {dag.py:4138} INFO - Setting next_dagrun for example_branch_labels to 2024-08-28 00:00:00+00:00, run_after=2024-08-29 00:00:00+00:00
[2024-08-29T15:09:40.924+0000] {processor.py:208} INFO - Processing /home/airflow/.local/lib/python3.12/site-packages/airflow/example_dags/example_branch_labels.py took 0.064 seconds
[2024-08-29T15:10:11.666+0000] {processor.py:186} INFO - Started process (PID=1492) to work on /home/airflow/.local/lib/python3.12/site-packages/airflow/example_dags/example_branch_labels.py
[2024-08-29T15:10:11.667+0000] {processor.py:914} INFO - Processing file /home/airflow/.local/lib/python3.12/site-packages/airflow/example_dags/example_branch_labels.py for tasks to queue
[2024-08-29T15:10:11.669+0000] {logging_mixin.py:190} INFO - [2024-08-29T15:10:11.669+0000] {dagbag.py:587} INFO - Filling up the DagBag from /home/airflow/.local/lib/python3.12/site-packages/airflow/example_dags/example_branch_labels.py
[2024-08-29T15:10:11.676+0000] {processor.py:925} INFO - DAG(s) 'example_branch_labels' retrieved from /home/airflow/.local/lib/python3.12/site-packages/airflow/example_dags/example_branch_labels.py
[2024-08-29T15:10:11.693+0000] {logging_mixin.py:190} INFO - [2024-08-29T15:10:11.693+0000] {dag.py:3211} INFO - Sync 1 DAGs
[2024-08-29T15:10:11.709+0000] {logging_mixin.py:190} INFO - [2024-08-29T15:10:11.709+0000] {dag.py:4138} INFO - Setting next_dagrun for example_branch_labels to 2024-08-28 00:00:00+00:00, run_after=2024-08-29 00:00:00+00:00
[2024-08-29T15:10:11.723+0000] {processor.py:208} INFO - Processing /home/airflow/.local/lib/python3.12/site-packages/airflow/example_dags/example_branch_labels.py took 0.062 seconds
[2024-08-29T15:11:18.305+0000] {processor.py:186} INFO - Started process (PID=115) to work on /home/airflow/.local/lib/python3.12/site-packages/airflow/example_dags/example_branch_labels.py
[2024-08-29T15:11:18.307+0000] {processor.py:914} INFO - Processing file /home/airflow/.local/lib/python3.12/site-packages/airflow/example_dags/example_branch_labels.py for tasks to queue
[2024-08-29T15:11:18.309+0000] {logging_mixin.py:190} INFO - [2024-08-29T15:11:18.308+0000] {dagbag.py:587} INFO - Filling up the DagBag from /home/airflow/.local/lib/python3.12/site-packages/airflow/example_dags/example_branch_labels.py
[2024-08-29T15:11:18.317+0000] {processor.py:925} INFO - DAG(s) 'example_branch_labels' retrieved from /home/airflow/.local/lib/python3.12/site-packages/airflow/example_dags/example_branch_labels.py
[2024-08-29T15:11:18.333+0000] {logging_mixin.py:190} INFO - [2024-08-29T15:11:18.333+0000] {dag.py:3211} INFO - Sync 1 DAGs
[2024-08-29T15:11:18.354+0000] {logging_mixin.py:190} INFO - [2024-08-29T15:11:18.354+0000] {dag.py:4138} INFO - Setting next_dagrun for example_branch_labels to 2024-08-28 00:00:00+00:00, run_after=2024-08-29 00:00:00+00:00
[2024-08-29T15:11:18.373+0000] {processor.py:208} INFO - Processing /home/airflow/.local/lib/python3.12/site-packages/airflow/example_dags/example_branch_labels.py took 0.073 seconds
[2024-08-29T15:11:49.049+0000] {processor.py:186} INFO - Started process (PID=178) to work on /home/airflow/.local/lib/python3.12/site-packages/airflow/example_dags/example_branch_labels.py
[2024-08-29T15:11:49.050+0000] {processor.py:914} INFO - Processing file /home/airflow/.local/lib/python3.12/site-packages/airflow/example_dags/example_branch_labels.py for tasks to queue
[2024-08-29T15:11:49.052+0000] {logging_mixin.py:190} INFO - [2024-08-29T15:11:49.052+0000] {dagbag.py:587} INFO - Filling up the DagBag from /home/airflow/.local/lib/python3.12/site-packages/airflow/example_dags/example_branch_labels.py
[2024-08-29T15:11:49.059+0000] {processor.py:925} INFO - DAG(s) 'example_branch_labels' retrieved from /home/airflow/.local/lib/python3.12/site-packages/airflow/example_dags/example_branch_labels.py
[2024-08-29T15:11:49.076+0000] {logging_mixin.py:190} INFO - [2024-08-29T15:11:49.076+0000] {dag.py:3211} INFO - Sync 1 DAGs
[2024-08-29T15:11:49.094+0000] {logging_mixin.py:190} INFO - [2024-08-29T15:11:49.093+0000] {dag.py:4138} INFO - Setting next_dagrun for example_branch_labels to 2024-08-28 00:00:00+00:00, run_after=2024-08-29 00:00:00+00:00
[2024-08-29T15:11:49.111+0000] {processor.py:208} INFO - Processing /home/airflow/.local/lib/python3.12/site-packages/airflow/example_dags/example_branch_labels.py took 0.066 seconds
[2024-08-29T15:12:19.751+0000] {processor.py:186} INFO - Started process (PID=241) to work on /home/airflow/.local/lib/python3.12/site-packages/airflow/example_dags/example_branch_labels.py
[2024-08-29T15:12:19.752+0000] {processor.py:914} INFO - Processing file /home/airflow/.local/lib/python3.12/site-packages/airflow/example_dags/example_branch_labels.py for tasks to queue
[2024-08-29T15:12:19.755+0000] {logging_mixin.py:190} INFO - [2024-08-29T15:12:19.754+0000] {dagbag.py:587} INFO - Filling up the DagBag from /home/airflow/.local/lib/python3.12/site-packages/airflow/example_dags/example_branch_labels.py
[2024-08-29T15:12:19.761+0000] {processor.py:925} INFO - DAG(s) 'example_branch_labels' retrieved from /home/airflow/.local/lib/python3.12/site-packages/airflow/example_dags/example_branch_labels.py
[2024-08-29T15:12:19.776+0000] {logging_mixin.py:190} INFO - [2024-08-29T15:12:19.776+0000] {dag.py:3211} INFO - Sync 1 DAGs
[2024-08-29T15:12:19.792+0000] {logging_mixin.py:190} INFO - [2024-08-29T15:12:19.792+0000] {dag.py:4138} INFO - Setting next_dagrun for example_branch_labels to 2024-08-28 00:00:00+00:00, run_after=2024-08-29 00:00:00+00:00
[2024-08-29T15:12:19.807+0000] {processor.py:208} INFO - Processing /home/airflow/.local/lib/python3.12/site-packages/airflow/example_dags/example_branch_labels.py took 0.060 seconds
[2024-08-29T15:12:51.583+0000] {processor.py:186} INFO - Started process (PID=304) to work on /home/airflow/.local/lib/python3.12/site-packages/airflow/example_dags/example_branch_labels.py
[2024-08-29T15:12:51.584+0000] {processor.py:914} INFO - Processing file /home/airflow/.local/lib/python3.12/site-packages/airflow/example_dags/example_branch_labels.py for tasks to queue
[2024-08-29T15:12:51.586+0000] {logging_mixin.py:190} INFO - [2024-08-29T15:12:51.586+0000] {dagbag.py:587} INFO - Filling up the DagBag from /home/airflow/.local/lib/python3.12/site-packages/airflow/example_dags/example_branch_labels.py
[2024-08-29T15:12:51.593+0000] {processor.py:925} INFO - DAG(s) 'example_branch_labels' retrieved from /home/airflow/.local/lib/python3.12/site-packages/airflow/example_dags/example_branch_labels.py
[2024-08-29T15:12:51.610+0000] {logging_mixin.py:190} INFO - [2024-08-29T15:12:51.610+0000] {dag.py:3211} INFO - Sync 1 DAGs
[2024-08-29T15:12:51.627+0000] {logging_mixin.py:190} INFO - [2024-08-29T15:12:51.627+0000] {dag.py:4138} INFO - Setting next_dagrun for example_branch_labels to 2024-08-28 00:00:00+00:00, run_after=2024-08-29 00:00:00+00:00
[2024-08-29T15:12:51.644+0000] {processor.py:208} INFO - Processing /home/airflow/.local/lib/python3.12/site-packages/airflow/example_dags/example_branch_labels.py took 0.065 seconds
[2024-08-29T15:13:22.237+0000] {processor.py:186} INFO - Started process (PID=367) to work on /home/airflow/.local/lib/python3.12/site-packages/airflow/example_dags/example_branch_labels.py
[2024-08-29T15:13:22.238+0000] {processor.py:914} INFO - Processing file /home/airflow/.local/lib/python3.12/site-packages/airflow/example_dags/example_branch_labels.py for tasks to queue
[2024-08-29T15:13:22.240+0000] {logging_mixin.py:190} INFO - [2024-08-29T15:13:22.240+0000] {dagbag.py:587} INFO - Filling up the DagBag from /home/airflow/.local/lib/python3.12/site-packages/airflow/example_dags/example_branch_labels.py
[2024-08-29T15:13:22.247+0000] {processor.py:925} INFO - DAG(s) 'example_branch_labels' retrieved from /home/airflow/.local/lib/python3.12/site-packages/airflow/example_dags/example_branch_labels.py
[2024-08-29T15:13:22.263+0000] {logging_mixin.py:190} INFO - [2024-08-29T15:13:22.263+0000] {dag.py:3211} INFO - Sync 1 DAGs
[2024-08-29T15:13:22.281+0000] {logging_mixin.py:190} INFO - [2024-08-29T15:13:22.281+0000] {dag.py:4138} INFO - Setting next_dagrun for example_branch_labels to 2024-08-28 00:00:00+00:00, run_after=2024-08-29 00:00:00+00:00
[2024-08-29T15:13:22.297+0000] {processor.py:208} INFO - Processing /home/airflow/.local/lib/python3.12/site-packages/airflow/example_dags/example_branch_labels.py took 0.065 seconds
[2024-08-29T15:13:53.441+0000] {processor.py:186} INFO - Started process (PID=430) to work on /home/airflow/.local/lib/python3.12/site-packages/airflow/example_dags/example_branch_labels.py
[2024-08-29T15:13:53.442+0000] {processor.py:914} INFO - Processing file /home/airflow/.local/lib/python3.12/site-packages/airflow/example_dags/example_branch_labels.py for tasks to queue
[2024-08-29T15:13:53.444+0000] {logging_mixin.py:190} INFO - [2024-08-29T15:13:53.444+0000] {dagbag.py:587} INFO - Filling up the DagBag from /home/airflow/.local/lib/python3.12/site-packages/airflow/example_dags/example_branch_labels.py
[2024-08-29T15:13:53.453+0000] {processor.py:925} INFO - DAG(s) 'example_branch_labels' retrieved from /home/airflow/.local/lib/python3.12/site-packages/airflow/example_dags/example_branch_labels.py
[2024-08-29T15:13:53.469+0000] {logging_mixin.py:190} INFO - [2024-08-29T15:13:53.469+0000] {dag.py:3211} INFO - Sync 1 DAGs
[2024-08-29T15:13:53.487+0000] {logging_mixin.py:190} INFO - [2024-08-29T15:13:53.486+0000] {dag.py:4138} INFO - Setting next_dagrun for example_branch_labels to 2024-08-28 00:00:00+00:00, run_after=2024-08-29 00:00:00+00:00
[2024-08-29T15:13:53.506+0000] {processor.py:208} INFO - Processing /home/airflow/.local/lib/python3.12/site-packages/airflow/example_dags/example_branch_labels.py took 0.069 seconds
[2024-08-29T15:14:23.575+0000] {processor.py:186} INFO - Started process (PID=493) to work on /home/airflow/.local/lib/python3.12/site-packages/airflow/example_dags/example_branch_labels.py
[2024-08-29T15:14:23.576+0000] {processor.py:914} INFO - Processing file /home/airflow/.local/lib/python3.12/site-packages/airflow/example_dags/example_branch_labels.py for tasks to queue
[2024-08-29T15:14:23.578+0000] {logging_mixin.py:190} INFO - [2024-08-29T15:14:23.578+0000] {dagbag.py:587} INFO - Filling up the DagBag from /home/airflow/.local/lib/python3.12/site-packages/airflow/example_dags/example_branch_labels.py
[2024-08-29T15:14:23.584+0000] {processor.py:925} INFO - DAG(s) 'example_branch_labels' retrieved from /home/airflow/.local/lib/python3.12/site-packages/airflow/example_dags/example_branch_labels.py
[2024-08-29T15:14:23.601+0000] {logging_mixin.py:190} INFO - [2024-08-29T15:14:23.601+0000] {dag.py:3211} INFO - Sync 1 DAGs
[2024-08-29T15:14:23.618+0000] {logging_mixin.py:190} INFO - [2024-08-29T15:14:23.618+0000] {dag.py:4138} INFO - Setting next_dagrun for example_branch_labels to 2024-08-28 00:00:00+00:00, run_after=2024-08-29 00:00:00+00:00
[2024-08-29T15:14:23.636+0000] {processor.py:208} INFO - Processing /home/airflow/.local/lib/python3.12/site-packages/airflow/example_dags/example_branch_labels.py took 0.065 seconds
[2024-08-29T15:14:54.535+0000] {processor.py:186} INFO - Started process (PID=556) to work on /home/airflow/.local/lib/python3.12/site-packages/airflow/example_dags/example_branch_labels.py
[2024-08-29T15:14:54.536+0000] {processor.py:914} INFO - Processing file /home/airflow/.local/lib/python3.12/site-packages/airflow/example_dags/example_branch_labels.py for tasks to queue
[2024-08-29T15:14:54.541+0000] {logging_mixin.py:190} INFO - [2024-08-29T15:14:54.541+0000] {dagbag.py:587} INFO - Filling up the DagBag from /home/airflow/.local/lib/python3.12/site-packages/airflow/example_dags/example_branch_labels.py
[2024-08-29T15:14:54.570+0000] {processor.py:925} INFO - DAG(s) 'example_branch_labels' retrieved from /home/airflow/.local/lib/python3.12/site-packages/airflow/example_dags/example_branch_labels.py
[2024-08-29T15:14:54.588+0000] {logging_mixin.py:190} INFO - [2024-08-29T15:14:54.588+0000] {dag.py:3211} INFO - Sync 1 DAGs
[2024-08-29T15:14:54.605+0000] {logging_mixin.py:190} INFO - [2024-08-29T15:14:54.605+0000] {dag.py:4138} INFO - Setting next_dagrun for example_branch_labels to 2024-08-28 00:00:00+00:00, run_after=2024-08-29 00:00:00+00:00
[2024-08-29T15:14:54.629+0000] {processor.py:208} INFO - Processing /home/airflow/.local/lib/python3.12/site-packages/airflow/example_dags/example_branch_labels.py took 0.098 seconds
[2024-08-29T15:15:25.066+0000] {processor.py:186} INFO - Started process (PID=619) to work on /home/airflow/.local/lib/python3.12/site-packages/airflow/example_dags/example_branch_labels.py
[2024-08-29T15:15:25.075+0000] {processor.py:914} INFO - Processing file /home/airflow/.local/lib/python3.12/site-packages/airflow/example_dags/example_branch_labels.py for tasks to queue
[2024-08-29T15:15:25.080+0000] {logging_mixin.py:190} INFO - [2024-08-29T15:15:25.080+0000] {dagbag.py:587} INFO - Filling up the DagBag from /home/airflow/.local/lib/python3.12/site-packages/airflow/example_dags/example_branch_labels.py
[2024-08-29T15:15:25.092+0000] {processor.py:925} INFO - DAG(s) 'example_branch_labels' retrieved from /home/airflow/.local/lib/python3.12/site-packages/airflow/example_dags/example_branch_labels.py
[2024-08-29T15:15:25.111+0000] {logging_mixin.py:190} INFO - [2024-08-29T15:15:25.111+0000] {dag.py:3211} INFO - Sync 1 DAGs
[2024-08-29T15:15:25.128+0000] {logging_mixin.py:190} INFO - [2024-08-29T15:15:25.127+0000] {dag.py:4138} INFO - Setting next_dagrun for example_branch_labels to 2024-08-28 00:00:00+00:00, run_after=2024-08-29 00:00:00+00:00
[2024-08-29T15:15:25.148+0000] {processor.py:208} INFO - Processing /home/airflow/.local/lib/python3.12/site-packages/airflow/example_dags/example_branch_labels.py took 0.087 seconds
[2024-08-29T15:15:55.376+0000] {processor.py:186} INFO - Started process (PID=682) to work on /home/airflow/.local/lib/python3.12/site-packages/airflow/example_dags/example_branch_labels.py
[2024-08-29T15:15:55.377+0000] {processor.py:914} INFO - Processing file /home/airflow/.local/lib/python3.12/site-packages/airflow/example_dags/example_branch_labels.py for tasks to queue
[2024-08-29T15:15:55.379+0000] {logging_mixin.py:190} INFO - [2024-08-29T15:15:55.379+0000] {dagbag.py:587} INFO - Filling up the DagBag from /home/airflow/.local/lib/python3.12/site-packages/airflow/example_dags/example_branch_labels.py
[2024-08-29T15:15:55.386+0000] {processor.py:925} INFO - DAG(s) 'example_branch_labels' retrieved from /home/airflow/.local/lib/python3.12/site-packages/airflow/example_dags/example_branch_labels.py
[2024-08-29T15:15:55.401+0000] {logging_mixin.py:190} INFO - [2024-08-29T15:15:55.401+0000] {dag.py:3211} INFO - Sync 1 DAGs
[2024-08-29T15:15:55.417+0000] {logging_mixin.py:190} INFO - [2024-08-29T15:15:55.417+0000] {dag.py:4138} INFO - Setting next_dagrun for example_branch_labels to 2024-08-28 00:00:00+00:00, run_after=2024-08-29 00:00:00+00:00
[2024-08-29T15:15:55.434+0000] {processor.py:208} INFO - Processing /home/airflow/.local/lib/python3.12/site-packages/airflow/example_dags/example_branch_labels.py took 0.062 seconds
