[2024-08-29T14:58:55.174+0000] {processor.py:186} INFO - Started process (PID=114) to work on /home/airflow/.local/lib/python3.12/site-packages/airflow/example_dags/example_latest_only_with_trigger.py
[2024-08-29T14:58:55.175+0000] {processor.py:914} INFO - Processing file /home/airflow/.local/lib/python3.12/site-packages/airflow/example_dags/example_latest_only_with_trigger.py for tasks to queue
[2024-08-29T14:58:55.177+0000] {logging_mixin.py:190} INFO - [2024-08-29T14:58:55.177+0000] {dagbag.py:587} INFO - Filling up the DagBag from /home/airflow/.local/lib/python3.12/site-packages/airflow/example_dags/example_latest_only_with_trigger.py
[2024-08-29T14:58:55.183+0000] {processor.py:925} INFO - DAG(s) 'latest_only_with_trigger' retrieved from /home/airflow/.local/lib/python3.12/site-packages/airflow/example_dags/example_latest_only_with_trigger.py
[2024-08-29T14:58:55.200+0000] {logging_mixin.py:190} INFO - [2024-08-29T14:58:55.200+0000] {dag.py:3211} INFO - Sync 1 DAGs
[2024-08-29T14:58:55.220+0000] {logging_mixin.py:190} INFO - [2024-08-29T14:58:55.220+0000] {dag.py:4138} INFO - Setting next_dagrun for latest_only_with_trigger to 2024-08-29 08:00:00+00:00, run_after=2024-08-29 12:00:00+00:00
[2024-08-29T14:58:55.239+0000] {processor.py:208} INFO - Processing /home/airflow/.local/lib/python3.12/site-packages/airflow/example_dags/example_latest_only_with_trigger.py took 0.070 seconds
[2024-08-29T14:59:25.866+0000] {processor.py:186} INFO - Started process (PID=176) to work on /home/airflow/.local/lib/python3.12/site-packages/airflow/example_dags/example_latest_only_with_trigger.py
[2024-08-29T14:59:25.867+0000] {processor.py:914} INFO - Processing file /home/airflow/.local/lib/python3.12/site-packages/airflow/example_dags/example_latest_only_with_trigger.py for tasks to queue
[2024-08-29T14:59:25.870+0000] {logging_mixin.py:190} INFO - [2024-08-29T14:59:25.869+0000] {dagbag.py:587} INFO - Filling up the DagBag from /home/airflow/.local/lib/python3.12/site-packages/airflow/example_dags/example_latest_only_with_trigger.py
[2024-08-29T14:59:25.877+0000] {processor.py:925} INFO - DAG(s) 'latest_only_with_trigger' retrieved from /home/airflow/.local/lib/python3.12/site-packages/airflow/example_dags/example_latest_only_with_trigger.py
[2024-08-29T14:59:25.894+0000] {logging_mixin.py:190} INFO - [2024-08-29T14:59:25.894+0000] {dag.py:3211} INFO - Sync 1 DAGs
[2024-08-29T14:59:25.914+0000] {logging_mixin.py:190} INFO - [2024-08-29T14:59:25.914+0000] {dag.py:4138} INFO - Setting next_dagrun for latest_only_with_trigger to 2024-08-29 08:00:00+00:00, run_after=2024-08-29 12:00:00+00:00
[2024-08-29T14:59:25.936+0000] {processor.py:208} INFO - Processing /home/airflow/.local/lib/python3.12/site-packages/airflow/example_dags/example_latest_only_with_trigger.py took 0.075 seconds
[2024-08-29T14:59:56.930+0000] {processor.py:186} INFO - Started process (PID=238) to work on /home/airflow/.local/lib/python3.12/site-packages/airflow/example_dags/example_latest_only_with_trigger.py
[2024-08-29T14:59:56.931+0000] {processor.py:914} INFO - Processing file /home/airflow/.local/lib/python3.12/site-packages/airflow/example_dags/example_latest_only_with_trigger.py for tasks to queue
[2024-08-29T14:59:56.933+0000] {logging_mixin.py:190} INFO - [2024-08-29T14:59:56.932+0000] {dagbag.py:587} INFO - Filling up the DagBag from /home/airflow/.local/lib/python3.12/site-packages/airflow/example_dags/example_latest_only_with_trigger.py
[2024-08-29T14:59:56.938+0000] {processor.py:925} INFO - DAG(s) 'latest_only_with_trigger' retrieved from /home/airflow/.local/lib/python3.12/site-packages/airflow/example_dags/example_latest_only_with_trigger.py
[2024-08-29T14:59:56.954+0000] {logging_mixin.py:190} INFO - [2024-08-29T14:59:56.954+0000] {dag.py:3211} INFO - Sync 1 DAGs
[2024-08-29T14:59:56.970+0000] {logging_mixin.py:190} INFO - [2024-08-29T14:59:56.970+0000] {dag.py:4138} INFO - Setting next_dagrun for latest_only_with_trigger to 2024-08-29 08:00:00+00:00, run_after=2024-08-29 12:00:00+00:00
[2024-08-29T14:59:56.986+0000] {processor.py:208} INFO - Processing /home/airflow/.local/lib/python3.12/site-packages/airflow/example_dags/example_latest_only_with_trigger.py took 0.061 seconds
[2024-08-29T15:00:27.832+0000] {processor.py:186} INFO - Started process (PID=300) to work on /home/airflow/.local/lib/python3.12/site-packages/airflow/example_dags/example_latest_only_with_trigger.py
[2024-08-29T15:00:27.833+0000] {processor.py:914} INFO - Processing file /home/airflow/.local/lib/python3.12/site-packages/airflow/example_dags/example_latest_only_with_trigger.py for tasks to queue
[2024-08-29T15:00:27.835+0000] {logging_mixin.py:190} INFO - [2024-08-29T15:00:27.834+0000] {dagbag.py:587} INFO - Filling up the DagBag from /home/airflow/.local/lib/python3.12/site-packages/airflow/example_dags/example_latest_only_with_trigger.py
[2024-08-29T15:00:27.840+0000] {processor.py:925} INFO - DAG(s) 'latest_only_with_trigger' retrieved from /home/airflow/.local/lib/python3.12/site-packages/airflow/example_dags/example_latest_only_with_trigger.py
[2024-08-29T15:00:27.856+0000] {logging_mixin.py:190} INFO - [2024-08-29T15:00:27.855+0000] {dag.py:3211} INFO - Sync 1 DAGs
[2024-08-29T15:00:27.874+0000] {logging_mixin.py:190} INFO - [2024-08-29T15:00:27.874+0000] {dag.py:4138} INFO - Setting next_dagrun for latest_only_with_trigger to 2024-08-29 08:00:00+00:00, run_after=2024-08-29 12:00:00+00:00
[2024-08-29T15:00:27.891+0000] {processor.py:208} INFO - Processing /home/airflow/.local/lib/python3.12/site-packages/airflow/example_dags/example_latest_only_with_trigger.py took 0.064 seconds
[2024-08-29T15:00:58.905+0000] {processor.py:186} INFO - Started process (PID=362) to work on /home/airflow/.local/lib/python3.12/site-packages/airflow/example_dags/example_latest_only_with_trigger.py
[2024-08-29T15:00:58.906+0000] {processor.py:914} INFO - Processing file /home/airflow/.local/lib/python3.12/site-packages/airflow/example_dags/example_latest_only_with_trigger.py for tasks to queue
[2024-08-29T15:00:58.909+0000] {logging_mixin.py:190} INFO - [2024-08-29T15:00:58.908+0000] {dagbag.py:587} INFO - Filling up the DagBag from /home/airflow/.local/lib/python3.12/site-packages/airflow/example_dags/example_latest_only_with_trigger.py
[2024-08-29T15:00:58.914+0000] {processor.py:925} INFO - DAG(s) 'latest_only_with_trigger' retrieved from /home/airflow/.local/lib/python3.12/site-packages/airflow/example_dags/example_latest_only_with_trigger.py
[2024-08-29T15:00:58.931+0000] {logging_mixin.py:190} INFO - [2024-08-29T15:00:58.931+0000] {dag.py:3211} INFO - Sync 1 DAGs
[2024-08-29T15:00:58.946+0000] {logging_mixin.py:190} INFO - [2024-08-29T15:00:58.946+0000] {dag.py:4138} INFO - Setting next_dagrun for latest_only_with_trigger to 2024-08-29 08:00:00+00:00, run_after=2024-08-29 12:00:00+00:00
[2024-08-29T15:00:58.961+0000] {processor.py:208} INFO - Processing /home/airflow/.local/lib/python3.12/site-packages/airflow/example_dags/example_latest_only_with_trigger.py took 0.061 seconds
[2024-08-29T15:01:29.438+0000] {processor.py:186} INFO - Started process (PID=424) to work on /home/airflow/.local/lib/python3.12/site-packages/airflow/example_dags/example_latest_only_with_trigger.py
[2024-08-29T15:01:29.439+0000] {processor.py:914} INFO - Processing file /home/airflow/.local/lib/python3.12/site-packages/airflow/example_dags/example_latest_only_with_trigger.py for tasks to queue
[2024-08-29T15:01:29.441+0000] {logging_mixin.py:190} INFO - [2024-08-29T15:01:29.441+0000] {dagbag.py:587} INFO - Filling up the DagBag from /home/airflow/.local/lib/python3.12/site-packages/airflow/example_dags/example_latest_only_with_trigger.py
[2024-08-29T15:01:29.446+0000] {processor.py:925} INFO - DAG(s) 'latest_only_with_trigger' retrieved from /home/airflow/.local/lib/python3.12/site-packages/airflow/example_dags/example_latest_only_with_trigger.py
[2024-08-29T15:01:29.465+0000] {logging_mixin.py:190} INFO - [2024-08-29T15:01:29.465+0000] {dag.py:3211} INFO - Sync 1 DAGs
[2024-08-29T15:01:29.481+0000] {logging_mixin.py:190} INFO - [2024-08-29T15:01:29.481+0000] {dag.py:4138} INFO - Setting next_dagrun for latest_only_with_trigger to 2024-08-29 08:00:00+00:00, run_after=2024-08-29 12:00:00+00:00
[2024-08-29T15:01:29.496+0000] {processor.py:208} INFO - Processing /home/airflow/.local/lib/python3.12/site-packages/airflow/example_dags/example_latest_only_with_trigger.py took 0.062 seconds
[2024-08-29T15:02:00.076+0000] {processor.py:186} INFO - Started process (PID=486) to work on /home/airflow/.local/lib/python3.12/site-packages/airflow/example_dags/example_latest_only_with_trigger.py
[2024-08-29T15:02:00.077+0000] {processor.py:914} INFO - Processing file /home/airflow/.local/lib/python3.12/site-packages/airflow/example_dags/example_latest_only_with_trigger.py for tasks to queue
[2024-08-29T15:02:00.079+0000] {logging_mixin.py:190} INFO - [2024-08-29T15:02:00.079+0000] {dagbag.py:587} INFO - Filling up the DagBag from /home/airflow/.local/lib/python3.12/site-packages/airflow/example_dags/example_latest_only_with_trigger.py
[2024-08-29T15:02:00.085+0000] {processor.py:925} INFO - DAG(s) 'latest_only_with_trigger' retrieved from /home/airflow/.local/lib/python3.12/site-packages/airflow/example_dags/example_latest_only_with_trigger.py
[2024-08-29T15:02:00.101+0000] {logging_mixin.py:190} INFO - [2024-08-29T15:02:00.101+0000] {dag.py:3211} INFO - Sync 1 DAGs
[2024-08-29T15:02:00.118+0000] {logging_mixin.py:190} INFO - [2024-08-29T15:02:00.118+0000] {dag.py:4138} INFO - Setting next_dagrun for latest_only_with_trigger to 2024-08-29 08:00:00+00:00, run_after=2024-08-29 12:00:00+00:00
[2024-08-29T15:02:00.134+0000] {processor.py:208} INFO - Processing /home/airflow/.local/lib/python3.12/site-packages/airflow/example_dags/example_latest_only_with_trigger.py took 0.063 seconds
[2024-08-29T15:02:30.537+0000] {processor.py:186} INFO - Started process (PID=548) to work on /home/airflow/.local/lib/python3.12/site-packages/airflow/example_dags/example_latest_only_with_trigger.py
[2024-08-29T15:02:30.538+0000] {processor.py:914} INFO - Processing file /home/airflow/.local/lib/python3.12/site-packages/airflow/example_dags/example_latest_only_with_trigger.py for tasks to queue
[2024-08-29T15:02:30.542+0000] {logging_mixin.py:190} INFO - [2024-08-29T15:02:30.542+0000] {dagbag.py:587} INFO - Filling up the DagBag from /home/airflow/.local/lib/python3.12/site-packages/airflow/example_dags/example_latest_only_with_trigger.py
[2024-08-29T15:02:30.549+0000] {processor.py:925} INFO - DAG(s) 'latest_only_with_trigger' retrieved from /home/airflow/.local/lib/python3.12/site-packages/airflow/example_dags/example_latest_only_with_trigger.py
[2024-08-29T15:02:30.564+0000] {logging_mixin.py:190} INFO - [2024-08-29T15:02:30.564+0000] {dag.py:3211} INFO - Sync 1 DAGs
[2024-08-29T15:02:30.582+0000] {logging_mixin.py:190} INFO - [2024-08-29T15:02:30.582+0000] {dag.py:4138} INFO - Setting next_dagrun for latest_only_with_trigger to 2024-08-29 08:00:00+00:00, run_after=2024-08-29 12:00:00+00:00
[2024-08-29T15:02:30.597+0000] {processor.py:208} INFO - Processing /home/airflow/.local/lib/python3.12/site-packages/airflow/example_dags/example_latest_only_with_trigger.py took 0.065 seconds
[2024-08-29T15:03:00.933+0000] {processor.py:186} INFO - Started process (PID=610) to work on /home/airflow/.local/lib/python3.12/site-packages/airflow/example_dags/example_latest_only_with_trigger.py
[2024-08-29T15:03:00.934+0000] {processor.py:914} INFO - Processing file /home/airflow/.local/lib/python3.12/site-packages/airflow/example_dags/example_latest_only_with_trigger.py for tasks to queue
[2024-08-29T15:03:00.936+0000] {logging_mixin.py:190} INFO - [2024-08-29T15:03:00.936+0000] {dagbag.py:587} INFO - Filling up the DagBag from /home/airflow/.local/lib/python3.12/site-packages/airflow/example_dags/example_latest_only_with_trigger.py
[2024-08-29T15:03:00.942+0000] {processor.py:925} INFO - DAG(s) 'latest_only_with_trigger' retrieved from /home/airflow/.local/lib/python3.12/site-packages/airflow/example_dags/example_latest_only_with_trigger.py
[2024-08-29T15:03:00.958+0000] {logging_mixin.py:190} INFO - [2024-08-29T15:03:00.958+0000] {dag.py:3211} INFO - Sync 1 DAGs
[2024-08-29T15:03:00.977+0000] {logging_mixin.py:190} INFO - [2024-08-29T15:03:00.977+0000] {dag.py:4138} INFO - Setting next_dagrun for latest_only_with_trigger to 2024-08-29 08:00:00+00:00, run_after=2024-08-29 12:00:00+00:00
[2024-08-29T15:03:00.993+0000] {processor.py:208} INFO - Processing /home/airflow/.local/lib/python3.12/site-packages/airflow/example_dags/example_latest_only_with_trigger.py took 0.064 seconds
[2024-08-29T15:03:31.746+0000] {processor.py:186} INFO - Started process (PID=672) to work on /home/airflow/.local/lib/python3.12/site-packages/airflow/example_dags/example_latest_only_with_trigger.py
[2024-08-29T15:03:31.747+0000] {processor.py:914} INFO - Processing file /home/airflow/.local/lib/python3.12/site-packages/airflow/example_dags/example_latest_only_with_trigger.py for tasks to queue
[2024-08-29T15:03:31.749+0000] {logging_mixin.py:190} INFO - [2024-08-29T15:03:31.749+0000] {dagbag.py:587} INFO - Filling up the DagBag from /home/airflow/.local/lib/python3.12/site-packages/airflow/example_dags/example_latest_only_with_trigger.py
[2024-08-29T15:03:31.754+0000] {processor.py:925} INFO - DAG(s) 'latest_only_with_trigger' retrieved from /home/airflow/.local/lib/python3.12/site-packages/airflow/example_dags/example_latest_only_with_trigger.py
[2024-08-29T15:03:31.768+0000] {logging_mixin.py:190} INFO - [2024-08-29T15:03:31.768+0000] {dag.py:3211} INFO - Sync 1 DAGs
[2024-08-29T15:03:31.782+0000] {logging_mixin.py:190} INFO - [2024-08-29T15:03:31.782+0000] {dag.py:4138} INFO - Setting next_dagrun for latest_only_with_trigger to 2024-08-29 08:00:00+00:00, run_after=2024-08-29 12:00:00+00:00
[2024-08-29T15:03:31.797+0000] {processor.py:208} INFO - Processing /home/airflow/.local/lib/python3.12/site-packages/airflow/example_dags/example_latest_only_with_trigger.py took 0.055 seconds
[2024-08-29T15:04:02.702+0000] {processor.py:186} INFO - Started process (PID=735) to work on /home/airflow/.local/lib/python3.12/site-packages/airflow/example_dags/example_latest_only_with_trigger.py
[2024-08-29T15:04:02.703+0000] {processor.py:914} INFO - Processing file /home/airflow/.local/lib/python3.12/site-packages/airflow/example_dags/example_latest_only_with_trigger.py for tasks to queue
[2024-08-29T15:04:02.705+0000] {logging_mixin.py:190} INFO - [2024-08-29T15:04:02.705+0000] {dagbag.py:587} INFO - Filling up the DagBag from /home/airflow/.local/lib/python3.12/site-packages/airflow/example_dags/example_latest_only_with_trigger.py
[2024-08-29T15:04:02.710+0000] {processor.py:925} INFO - DAG(s) 'latest_only_with_trigger' retrieved from /home/airflow/.local/lib/python3.12/site-packages/airflow/example_dags/example_latest_only_with_trigger.py
[2024-08-29T15:04:02.728+0000] {logging_mixin.py:190} INFO - [2024-08-29T15:04:02.728+0000] {dag.py:3211} INFO - Sync 1 DAGs
[2024-08-29T15:04:02.744+0000] {logging_mixin.py:190} INFO - [2024-08-29T15:04:02.744+0000] {dag.py:4138} INFO - Setting next_dagrun for latest_only_with_trigger to 2024-08-29 08:00:00+00:00, run_after=2024-08-29 12:00:00+00:00
[2024-08-29T15:04:02.764+0000] {processor.py:208} INFO - Processing /home/airflow/.local/lib/python3.12/site-packages/airflow/example_dags/example_latest_only_with_trigger.py took 0.066 seconds
[2024-08-29T15:04:33.797+0000] {processor.py:186} INFO - Started process (PID=798) to work on /home/airflow/.local/lib/python3.12/site-packages/airflow/example_dags/example_latest_only_with_trigger.py
[2024-08-29T15:04:33.798+0000] {processor.py:914} INFO - Processing file /home/airflow/.local/lib/python3.12/site-packages/airflow/example_dags/example_latest_only_with_trigger.py for tasks to queue
[2024-08-29T15:04:33.800+0000] {logging_mixin.py:190} INFO - [2024-08-29T15:04:33.799+0000] {dagbag.py:587} INFO - Filling up the DagBag from /home/airflow/.local/lib/python3.12/site-packages/airflow/example_dags/example_latest_only_with_trigger.py
[2024-08-29T15:04:33.805+0000] {processor.py:925} INFO - DAG(s) 'latest_only_with_trigger' retrieved from /home/airflow/.local/lib/python3.12/site-packages/airflow/example_dags/example_latest_only_with_trigger.py
[2024-08-29T15:04:33.821+0000] {logging_mixin.py:190} INFO - [2024-08-29T15:04:33.820+0000] {dag.py:3211} INFO - Sync 1 DAGs
[2024-08-29T15:04:33.838+0000] {logging_mixin.py:190} INFO - [2024-08-29T15:04:33.838+0000] {dag.py:4138} INFO - Setting next_dagrun for latest_only_with_trigger to 2024-08-29 08:00:00+00:00, run_after=2024-08-29 12:00:00+00:00
[2024-08-29T15:04:33.852+0000] {processor.py:208} INFO - Processing /home/airflow/.local/lib/python3.12/site-packages/airflow/example_dags/example_latest_only_with_trigger.py took 0.060 seconds
[2024-08-29T15:05:04.994+0000] {processor.py:186} INFO - Started process (PID=861) to work on /home/airflow/.local/lib/python3.12/site-packages/airflow/example_dags/example_latest_only_with_trigger.py
[2024-08-29T15:05:04.995+0000] {processor.py:914} INFO - Processing file /home/airflow/.local/lib/python3.12/site-packages/airflow/example_dags/example_latest_only_with_trigger.py for tasks to queue
[2024-08-29T15:05:04.997+0000] {logging_mixin.py:190} INFO - [2024-08-29T15:05:04.997+0000] {dagbag.py:587} INFO - Filling up the DagBag from /home/airflow/.local/lib/python3.12/site-packages/airflow/example_dags/example_latest_only_with_trigger.py
[2024-08-29T15:05:05.003+0000] {processor.py:925} INFO - DAG(s) 'latest_only_with_trigger' retrieved from /home/airflow/.local/lib/python3.12/site-packages/airflow/example_dags/example_latest_only_with_trigger.py
[2024-08-29T15:05:05.018+0000] {logging_mixin.py:190} INFO - [2024-08-29T15:05:05.018+0000] {dag.py:3211} INFO - Sync 1 DAGs
[2024-08-29T15:05:05.036+0000] {logging_mixin.py:190} INFO - [2024-08-29T15:05:05.035+0000] {dag.py:4138} INFO - Setting next_dagrun for latest_only_with_trigger to 2024-08-29 08:00:00+00:00, run_after=2024-08-29 12:00:00+00:00
[2024-08-29T15:05:05.053+0000] {processor.py:208} INFO - Processing /home/airflow/.local/lib/python3.12/site-packages/airflow/example_dags/example_latest_only_with_trigger.py took 0.062 seconds
[2024-08-29T15:05:35.495+0000] {processor.py:186} INFO - Started process (PID=924) to work on /home/airflow/.local/lib/python3.12/site-packages/airflow/example_dags/example_latest_only_with_trigger.py
[2024-08-29T15:05:35.496+0000] {processor.py:914} INFO - Processing file /home/airflow/.local/lib/python3.12/site-packages/airflow/example_dags/example_latest_only_with_trigger.py for tasks to queue
[2024-08-29T15:05:35.498+0000] {logging_mixin.py:190} INFO - [2024-08-29T15:05:35.497+0000] {dagbag.py:587} INFO - Filling up the DagBag from /home/airflow/.local/lib/python3.12/site-packages/airflow/example_dags/example_latest_only_with_trigger.py
[2024-08-29T15:05:35.504+0000] {processor.py:925} INFO - DAG(s) 'latest_only_with_trigger' retrieved from /home/airflow/.local/lib/python3.12/site-packages/airflow/example_dags/example_latest_only_with_trigger.py
[2024-08-29T15:05:35.520+0000] {logging_mixin.py:190} INFO - [2024-08-29T15:05:35.520+0000] {dag.py:3211} INFO - Sync 1 DAGs
[2024-08-29T15:05:35.536+0000] {logging_mixin.py:190} INFO - [2024-08-29T15:05:35.536+0000] {dag.py:4138} INFO - Setting next_dagrun for latest_only_with_trigger to 2024-08-29 08:00:00+00:00, run_after=2024-08-29 12:00:00+00:00
[2024-08-29T15:05:35.554+0000] {processor.py:208} INFO - Processing /home/airflow/.local/lib/python3.12/site-packages/airflow/example_dags/example_latest_only_with_trigger.py took 0.063 seconds
[2024-08-29T15:06:06.962+0000] {processor.py:186} INFO - Started process (PID=988) to work on /home/airflow/.local/lib/python3.12/site-packages/airflow/example_dags/example_latest_only_with_trigger.py
[2024-08-29T15:06:06.963+0000] {processor.py:914} INFO - Processing file /home/airflow/.local/lib/python3.12/site-packages/airflow/example_dags/example_latest_only_with_trigger.py for tasks to queue
[2024-08-29T15:06:06.965+0000] {logging_mixin.py:190} INFO - [2024-08-29T15:06:06.965+0000] {dagbag.py:587} INFO - Filling up the DagBag from /home/airflow/.local/lib/python3.12/site-packages/airflow/example_dags/example_latest_only_with_trigger.py
[2024-08-29T15:06:06.970+0000] {processor.py:925} INFO - DAG(s) 'latest_only_with_trigger' retrieved from /home/airflow/.local/lib/python3.12/site-packages/airflow/example_dags/example_latest_only_with_trigger.py
[2024-08-29T15:06:06.987+0000] {logging_mixin.py:190} INFO - [2024-08-29T15:06:06.987+0000] {dag.py:3211} INFO - Sync 1 DAGs
[2024-08-29T15:06:07.003+0000] {logging_mixin.py:190} INFO - [2024-08-29T15:06:07.003+0000] {dag.py:4138} INFO - Setting next_dagrun for latest_only_with_trigger to 2024-08-29 08:00:00+00:00, run_after=2024-08-29 12:00:00+00:00
[2024-08-29T15:06:07.023+0000] {processor.py:208} INFO - Processing /home/airflow/.local/lib/python3.12/site-packages/airflow/example_dags/example_latest_only_with_trigger.py took 0.068 seconds
[2024-08-29T15:06:37.926+0000] {processor.py:186} INFO - Started process (PID=1051) to work on /home/airflow/.local/lib/python3.12/site-packages/airflow/example_dags/example_latest_only_with_trigger.py
[2024-08-29T15:06:37.927+0000] {processor.py:914} INFO - Processing file /home/airflow/.local/lib/python3.12/site-packages/airflow/example_dags/example_latest_only_with_trigger.py for tasks to queue
[2024-08-29T15:06:37.929+0000] {logging_mixin.py:190} INFO - [2024-08-29T15:06:37.929+0000] {dagbag.py:587} INFO - Filling up the DagBag from /home/airflow/.local/lib/python3.12/site-packages/airflow/example_dags/example_latest_only_with_trigger.py
[2024-08-29T15:06:37.935+0000] {processor.py:925} INFO - DAG(s) 'latest_only_with_trigger' retrieved from /home/airflow/.local/lib/python3.12/site-packages/airflow/example_dags/example_latest_only_with_trigger.py
[2024-08-29T15:06:37.949+0000] {logging_mixin.py:190} INFO - [2024-08-29T15:06:37.949+0000] {dag.py:3211} INFO - Sync 1 DAGs
[2024-08-29T15:06:37.965+0000] {logging_mixin.py:190} INFO - [2024-08-29T15:06:37.965+0000] {dag.py:4138} INFO - Setting next_dagrun for latest_only_with_trigger to 2024-08-29 08:00:00+00:00, run_after=2024-08-29 12:00:00+00:00
[2024-08-29T15:06:37.984+0000] {processor.py:208} INFO - Processing /home/airflow/.local/lib/python3.12/site-packages/airflow/example_dags/example_latest_only_with_trigger.py took 0.062 seconds
[2024-08-29T15:07:08.591+0000] {processor.py:186} INFO - Started process (PID=1114) to work on /home/airflow/.local/lib/python3.12/site-packages/airflow/example_dags/example_latest_only_with_trigger.py
[2024-08-29T15:07:08.592+0000] {processor.py:914} INFO - Processing file /home/airflow/.local/lib/python3.12/site-packages/airflow/example_dags/example_latest_only_with_trigger.py for tasks to queue
[2024-08-29T15:07:08.593+0000] {logging_mixin.py:190} INFO - [2024-08-29T15:07:08.593+0000] {dagbag.py:587} INFO - Filling up the DagBag from /home/airflow/.local/lib/python3.12/site-packages/airflow/example_dags/example_latest_only_with_trigger.py
[2024-08-29T15:07:08.599+0000] {processor.py:925} INFO - DAG(s) 'latest_only_with_trigger' retrieved from /home/airflow/.local/lib/python3.12/site-packages/airflow/example_dags/example_latest_only_with_trigger.py
[2024-08-29T15:07:08.614+0000] {logging_mixin.py:190} INFO - [2024-08-29T15:07:08.614+0000] {dag.py:3211} INFO - Sync 1 DAGs
[2024-08-29T15:07:08.631+0000] {logging_mixin.py:190} INFO - [2024-08-29T15:07:08.630+0000] {dag.py:4138} INFO - Setting next_dagrun for latest_only_with_trigger to 2024-08-29 08:00:00+00:00, run_after=2024-08-29 12:00:00+00:00
[2024-08-29T15:07:08.647+0000] {processor.py:208} INFO - Processing /home/airflow/.local/lib/python3.12/site-packages/airflow/example_dags/example_latest_only_with_trigger.py took 0.061 seconds
[2024-08-29T15:07:38.885+0000] {processor.py:186} INFO - Started process (PID=1177) to work on /home/airflow/.local/lib/python3.12/site-packages/airflow/example_dags/example_latest_only_with_trigger.py
[2024-08-29T15:07:38.886+0000] {processor.py:914} INFO - Processing file /home/airflow/.local/lib/python3.12/site-packages/airflow/example_dags/example_latest_only_with_trigger.py for tasks to queue
[2024-08-29T15:07:38.889+0000] {logging_mixin.py:190} INFO - [2024-08-29T15:07:38.888+0000] {dagbag.py:587} INFO - Filling up the DagBag from /home/airflow/.local/lib/python3.12/site-packages/airflow/example_dags/example_latest_only_with_trigger.py
[2024-08-29T15:07:38.895+0000] {processor.py:925} INFO - DAG(s) 'latest_only_with_trigger' retrieved from /home/airflow/.local/lib/python3.12/site-packages/airflow/example_dags/example_latest_only_with_trigger.py
[2024-08-29T15:07:38.910+0000] {logging_mixin.py:190} INFO - [2024-08-29T15:07:38.910+0000] {dag.py:3211} INFO - Sync 1 DAGs
[2024-08-29T15:07:38.932+0000] {logging_mixin.py:190} INFO - [2024-08-29T15:07:38.932+0000] {dag.py:4138} INFO - Setting next_dagrun for latest_only_with_trigger to 2024-08-29 08:00:00+00:00, run_after=2024-08-29 12:00:00+00:00
[2024-08-29T15:07:38.954+0000] {processor.py:208} INFO - Processing /home/airflow/.local/lib/python3.12/site-packages/airflow/example_dags/example_latest_only_with_trigger.py took 0.074 seconds
[2024-08-29T15:08:09.483+0000] {processor.py:186} INFO - Started process (PID=1240) to work on /home/airflow/.local/lib/python3.12/site-packages/airflow/example_dags/example_latest_only_with_trigger.py
[2024-08-29T15:08:09.484+0000] {processor.py:914} INFO - Processing file /home/airflow/.local/lib/python3.12/site-packages/airflow/example_dags/example_latest_only_with_trigger.py for tasks to queue
[2024-08-29T15:08:09.486+0000] {logging_mixin.py:190} INFO - [2024-08-29T15:08:09.486+0000] {dagbag.py:587} INFO - Filling up the DagBag from /home/airflow/.local/lib/python3.12/site-packages/airflow/example_dags/example_latest_only_with_trigger.py
[2024-08-29T15:08:09.491+0000] {processor.py:925} INFO - DAG(s) 'latest_only_with_trigger' retrieved from /home/airflow/.local/lib/python3.12/site-packages/airflow/example_dags/example_latest_only_with_trigger.py
[2024-08-29T15:08:09.506+0000] {logging_mixin.py:190} INFO - [2024-08-29T15:08:09.506+0000] {dag.py:3211} INFO - Sync 1 DAGs
[2024-08-29T15:08:09.521+0000] {logging_mixin.py:190} INFO - [2024-08-29T15:08:09.521+0000] {dag.py:4138} INFO - Setting next_dagrun for latest_only_with_trigger to 2024-08-29 08:00:00+00:00, run_after=2024-08-29 12:00:00+00:00
[2024-08-29T15:08:09.539+0000] {processor.py:208} INFO - Processing /home/airflow/.local/lib/python3.12/site-packages/airflow/example_dags/example_latest_only_with_trigger.py took 0.060 seconds
[2024-08-29T15:08:39.933+0000] {processor.py:186} INFO - Started process (PID=1303) to work on /home/airflow/.local/lib/python3.12/site-packages/airflow/example_dags/example_latest_only_with_trigger.py
[2024-08-29T15:08:39.934+0000] {processor.py:914} INFO - Processing file /home/airflow/.local/lib/python3.12/site-packages/airflow/example_dags/example_latest_only_with_trigger.py for tasks to queue
[2024-08-29T15:08:39.936+0000] {logging_mixin.py:190} INFO - [2024-08-29T15:08:39.935+0000] {dagbag.py:587} INFO - Filling up the DagBag from /home/airflow/.local/lib/python3.12/site-packages/airflow/example_dags/example_latest_only_with_trigger.py
[2024-08-29T15:08:39.942+0000] {processor.py:925} INFO - DAG(s) 'latest_only_with_trigger' retrieved from /home/airflow/.local/lib/python3.12/site-packages/airflow/example_dags/example_latest_only_with_trigger.py
[2024-08-29T15:08:39.958+0000] {logging_mixin.py:190} INFO - [2024-08-29T15:08:39.957+0000] {dag.py:3211} INFO - Sync 1 DAGs
[2024-08-29T15:08:39.974+0000] {logging_mixin.py:190} INFO - [2024-08-29T15:08:39.974+0000] {dag.py:4138} INFO - Setting next_dagrun for latest_only_with_trigger to 2024-08-29 08:00:00+00:00, run_after=2024-08-29 12:00:00+00:00
[2024-08-29T15:08:40.002+0000] {processor.py:208} INFO - Processing /home/airflow/.local/lib/python3.12/site-packages/airflow/example_dags/example_latest_only_with_trigger.py took 0.073 seconds
[2024-08-29T15:09:10.850+0000] {processor.py:186} INFO - Started process (PID=1366) to work on /home/airflow/.local/lib/python3.12/site-packages/airflow/example_dags/example_latest_only_with_trigger.py
[2024-08-29T15:09:10.851+0000] {processor.py:914} INFO - Processing file /home/airflow/.local/lib/python3.12/site-packages/airflow/example_dags/example_latest_only_with_trigger.py for tasks to queue
[2024-08-29T15:09:10.853+0000] {logging_mixin.py:190} INFO - [2024-08-29T15:09:10.852+0000] {dagbag.py:587} INFO - Filling up the DagBag from /home/airflow/.local/lib/python3.12/site-packages/airflow/example_dags/example_latest_only_with_trigger.py
[2024-08-29T15:09:10.858+0000] {processor.py:925} INFO - DAG(s) 'latest_only_with_trigger' retrieved from /home/airflow/.local/lib/python3.12/site-packages/airflow/example_dags/example_latest_only_with_trigger.py
[2024-08-29T15:09:10.873+0000] {logging_mixin.py:190} INFO - [2024-08-29T15:09:10.873+0000] {dag.py:3211} INFO - Sync 1 DAGs
[2024-08-29T15:09:10.888+0000] {logging_mixin.py:190} INFO - [2024-08-29T15:09:10.888+0000] {dag.py:4138} INFO - Setting next_dagrun for latest_only_with_trigger to 2024-08-29 08:00:00+00:00, run_after=2024-08-29 12:00:00+00:00
[2024-08-29T15:09:10.907+0000] {processor.py:208} INFO - Processing /home/airflow/.local/lib/python3.12/site-packages/airflow/example_dags/example_latest_only_with_trigger.py took 0.061 seconds
[2024-08-29T15:09:40.962+0000] {processor.py:186} INFO - Started process (PID=1430) to work on /home/airflow/.local/lib/python3.12/site-packages/airflow/example_dags/example_latest_only_with_trigger.py
[2024-08-29T15:09:40.963+0000] {processor.py:914} INFO - Processing file /home/airflow/.local/lib/python3.12/site-packages/airflow/example_dags/example_latest_only_with_trigger.py for tasks to queue
[2024-08-29T15:09:40.966+0000] {logging_mixin.py:190} INFO - [2024-08-29T15:09:40.965+0000] {dagbag.py:587} INFO - Filling up the DagBag from /home/airflow/.local/lib/python3.12/site-packages/airflow/example_dags/example_latest_only_with_trigger.py
[2024-08-29T15:09:40.972+0000] {processor.py:925} INFO - DAG(s) 'latest_only_with_trigger' retrieved from /home/airflow/.local/lib/python3.12/site-packages/airflow/example_dags/example_latest_only_with_trigger.py
[2024-08-29T15:09:40.988+0000] {logging_mixin.py:190} INFO - [2024-08-29T15:09:40.988+0000] {dag.py:3211} INFO - Sync 1 DAGs
[2024-08-29T15:09:41.006+0000] {logging_mixin.py:190} INFO - [2024-08-29T15:09:41.006+0000] {dag.py:4138} INFO - Setting next_dagrun for latest_only_with_trigger to 2024-08-29 08:00:00+00:00, run_after=2024-08-29 12:00:00+00:00
[2024-08-29T15:09:41.023+0000] {processor.py:208} INFO - Processing /home/airflow/.local/lib/python3.12/site-packages/airflow/example_dags/example_latest_only_with_trigger.py took 0.069 seconds
[2024-08-29T15:10:11.699+0000] {processor.py:186} INFO - Started process (PID=1493) to work on /home/airflow/.local/lib/python3.12/site-packages/airflow/example_dags/example_latest_only_with_trigger.py
[2024-08-29T15:10:11.700+0000] {processor.py:914} INFO - Processing file /home/airflow/.local/lib/python3.12/site-packages/airflow/example_dags/example_latest_only_with_trigger.py for tasks to queue
[2024-08-29T15:10:11.702+0000] {logging_mixin.py:190} INFO - [2024-08-29T15:10:11.701+0000] {dagbag.py:587} INFO - Filling up the DagBag from /home/airflow/.local/lib/python3.12/site-packages/airflow/example_dags/example_latest_only_with_trigger.py
[2024-08-29T15:10:11.707+0000] {processor.py:925} INFO - DAG(s) 'latest_only_with_trigger' retrieved from /home/airflow/.local/lib/python3.12/site-packages/airflow/example_dags/example_latest_only_with_trigger.py
[2024-08-29T15:10:11.722+0000] {logging_mixin.py:190} INFO - [2024-08-29T15:10:11.721+0000] {dag.py:3211} INFO - Sync 1 DAGs
[2024-08-29T15:10:11.738+0000] {logging_mixin.py:190} INFO - [2024-08-29T15:10:11.738+0000] {dag.py:4138} INFO - Setting next_dagrun for latest_only_with_trigger to 2024-08-29 08:00:00+00:00, run_after=2024-08-29 12:00:00+00:00
[2024-08-29T15:10:11.757+0000] {processor.py:208} INFO - Processing /home/airflow/.local/lib/python3.12/site-packages/airflow/example_dags/example_latest_only_with_trigger.py took 0.062 seconds
[2024-08-29T15:11:18.402+0000] {processor.py:186} INFO - Started process (PID=116) to work on /home/airflow/.local/lib/python3.12/site-packages/airflow/example_dags/example_latest_only_with_trigger.py
[2024-08-29T15:11:18.403+0000] {processor.py:914} INFO - Processing file /home/airflow/.local/lib/python3.12/site-packages/airflow/example_dags/example_latest_only_with_trigger.py for tasks to queue
[2024-08-29T15:11:18.406+0000] {logging_mixin.py:190} INFO - [2024-08-29T15:11:18.406+0000] {dagbag.py:587} INFO - Filling up the DagBag from /home/airflow/.local/lib/python3.12/site-packages/airflow/example_dags/example_latest_only_with_trigger.py
[2024-08-29T15:11:18.414+0000] {processor.py:925} INFO - DAG(s) 'latest_only_with_trigger' retrieved from /home/airflow/.local/lib/python3.12/site-packages/airflow/example_dags/example_latest_only_with_trigger.py
[2024-08-29T15:11:18.431+0000] {logging_mixin.py:190} INFO - [2024-08-29T15:11:18.431+0000] {dag.py:3211} INFO - Sync 1 DAGs
[2024-08-29T15:11:18.452+0000] {logging_mixin.py:190} INFO - [2024-08-29T15:11:18.452+0000] {dag.py:4138} INFO - Setting next_dagrun for latest_only_with_trigger to 2024-08-29 08:00:00+00:00, run_after=2024-08-29 12:00:00+00:00
[2024-08-29T15:11:18.472+0000] {processor.py:208} INFO - Processing /home/airflow/.local/lib/python3.12/site-packages/airflow/example_dags/example_latest_only_with_trigger.py took 0.076 seconds
[2024-08-29T15:11:49.117+0000] {processor.py:186} INFO - Started process (PID=179) to work on /home/airflow/.local/lib/python3.12/site-packages/airflow/example_dags/example_latest_only_with_trigger.py
[2024-08-29T15:11:49.122+0000] {processor.py:914} INFO - Processing file /home/airflow/.local/lib/python3.12/site-packages/airflow/example_dags/example_latest_only_with_trigger.py for tasks to queue
[2024-08-29T15:11:49.124+0000] {logging_mixin.py:190} INFO - [2024-08-29T15:11:49.124+0000] {dagbag.py:587} INFO - Filling up the DagBag from /home/airflow/.local/lib/python3.12/site-packages/airflow/example_dags/example_latest_only_with_trigger.py
[2024-08-29T15:11:49.132+0000] {processor.py:925} INFO - DAG(s) 'latest_only_with_trigger' retrieved from /home/airflow/.local/lib/python3.12/site-packages/airflow/example_dags/example_latest_only_with_trigger.py
[2024-08-29T15:11:49.149+0000] {logging_mixin.py:190} INFO - [2024-08-29T15:11:49.148+0000] {dag.py:3211} INFO - Sync 1 DAGs
[2024-08-29T15:11:49.165+0000] {logging_mixin.py:190} INFO - [2024-08-29T15:11:49.165+0000] {dag.py:4138} INFO - Setting next_dagrun for latest_only_with_trigger to 2024-08-29 08:00:00+00:00, run_after=2024-08-29 12:00:00+00:00
[2024-08-29T15:11:49.186+0000] {processor.py:208} INFO - Processing /home/airflow/.local/lib/python3.12/site-packages/airflow/example_dags/example_latest_only_with_trigger.py took 0.074 seconds
[2024-08-29T15:12:19.837+0000] {processor.py:186} INFO - Started process (PID=242) to work on /home/airflow/.local/lib/python3.12/site-packages/airflow/example_dags/example_latest_only_with_trigger.py
[2024-08-29T15:12:19.838+0000] {processor.py:914} INFO - Processing file /home/airflow/.local/lib/python3.12/site-packages/airflow/example_dags/example_latest_only_with_trigger.py for tasks to queue
[2024-08-29T15:12:19.840+0000] {logging_mixin.py:190} INFO - [2024-08-29T15:12:19.840+0000] {dagbag.py:587} INFO - Filling up the DagBag from /home/airflow/.local/lib/python3.12/site-packages/airflow/example_dags/example_latest_only_with_trigger.py
[2024-08-29T15:12:19.845+0000] {processor.py:925} INFO - DAG(s) 'latest_only_with_trigger' retrieved from /home/airflow/.local/lib/python3.12/site-packages/airflow/example_dags/example_latest_only_with_trigger.py
[2024-08-29T15:12:19.860+0000] {logging_mixin.py:190} INFO - [2024-08-29T15:12:19.860+0000] {dag.py:3211} INFO - Sync 1 DAGs
[2024-08-29T15:12:19.876+0000] {logging_mixin.py:190} INFO - [2024-08-29T15:12:19.876+0000] {dag.py:4138} INFO - Setting next_dagrun for latest_only_with_trigger to 2024-08-29 08:00:00+00:00, run_after=2024-08-29 12:00:00+00:00
[2024-08-29T15:12:19.894+0000] {processor.py:208} INFO - Processing /home/airflow/.local/lib/python3.12/site-packages/airflow/example_dags/example_latest_only_with_trigger.py took 0.061 seconds
[2024-08-29T15:12:51.583+0000] {processor.py:186} INFO - Started process (PID=305) to work on /home/airflow/.local/lib/python3.12/site-packages/airflow/example_dags/example_latest_only_with_trigger.py
[2024-08-29T15:12:51.584+0000] {processor.py:914} INFO - Processing file /home/airflow/.local/lib/python3.12/site-packages/airflow/example_dags/example_latest_only_with_trigger.py for tasks to queue
[2024-08-29T15:12:51.586+0000] {logging_mixin.py:190} INFO - [2024-08-29T15:12:51.586+0000] {dagbag.py:587} INFO - Filling up the DagBag from /home/airflow/.local/lib/python3.12/site-packages/airflow/example_dags/example_latest_only_with_trigger.py
[2024-08-29T15:12:51.591+0000] {processor.py:925} INFO - DAG(s) 'latest_only_with_trigger' retrieved from /home/airflow/.local/lib/python3.12/site-packages/airflow/example_dags/example_latest_only_with_trigger.py
[2024-08-29T15:12:51.607+0000] {logging_mixin.py:190} INFO - [2024-08-29T15:12:51.607+0000] {dag.py:3211} INFO - Sync 1 DAGs
[2024-08-29T15:12:51.623+0000] {logging_mixin.py:190} INFO - [2024-08-29T15:12:51.623+0000] {dag.py:4138} INFO - Setting next_dagrun for latest_only_with_trigger to 2024-08-29 08:00:00+00:00, run_after=2024-08-29 12:00:00+00:00
[2024-08-29T15:12:51.639+0000] {processor.py:208} INFO - Processing /home/airflow/.local/lib/python3.12/site-packages/airflow/example_dags/example_latest_only_with_trigger.py took 0.060 seconds
[2024-08-29T15:13:22.305+0000] {processor.py:186} INFO - Started process (PID=368) to work on /home/airflow/.local/lib/python3.12/site-packages/airflow/example_dags/example_latest_only_with_trigger.py
[2024-08-29T15:13:22.306+0000] {processor.py:914} INFO - Processing file /home/airflow/.local/lib/python3.12/site-packages/airflow/example_dags/example_latest_only_with_trigger.py for tasks to queue
[2024-08-29T15:13:22.308+0000] {logging_mixin.py:190} INFO - [2024-08-29T15:13:22.307+0000] {dagbag.py:587} INFO - Filling up the DagBag from /home/airflow/.local/lib/python3.12/site-packages/airflow/example_dags/example_latest_only_with_trigger.py
[2024-08-29T15:13:22.314+0000] {processor.py:925} INFO - DAG(s) 'latest_only_with_trigger' retrieved from /home/airflow/.local/lib/python3.12/site-packages/airflow/example_dags/example_latest_only_with_trigger.py
[2024-08-29T15:13:22.329+0000] {logging_mixin.py:190} INFO - [2024-08-29T15:13:22.329+0000] {dag.py:3211} INFO - Sync 1 DAGs
[2024-08-29T15:13:22.346+0000] {logging_mixin.py:190} INFO - [2024-08-29T15:13:22.346+0000] {dag.py:4138} INFO - Setting next_dagrun for latest_only_with_trigger to 2024-08-29 08:00:00+00:00, run_after=2024-08-29 12:00:00+00:00
[2024-08-29T15:13:22.364+0000] {processor.py:208} INFO - Processing /home/airflow/.local/lib/python3.12/site-packages/airflow/example_dags/example_latest_only_with_trigger.py took 0.064 seconds
[2024-08-29T15:13:53.443+0000] {processor.py:186} INFO - Started process (PID=431) to work on /home/airflow/.local/lib/python3.12/site-packages/airflow/example_dags/example_latest_only_with_trigger.py
[2024-08-29T15:13:53.444+0000] {processor.py:914} INFO - Processing file /home/airflow/.local/lib/python3.12/site-packages/airflow/example_dags/example_latest_only_with_trigger.py for tasks to queue
[2024-08-29T15:13:53.446+0000] {logging_mixin.py:190} INFO - [2024-08-29T15:13:53.446+0000] {dagbag.py:587} INFO - Filling up the DagBag from /home/airflow/.local/lib/python3.12/site-packages/airflow/example_dags/example_latest_only_with_trigger.py
[2024-08-29T15:13:53.452+0000] {processor.py:925} INFO - DAG(s) 'latest_only_with_trigger' retrieved from /home/airflow/.local/lib/python3.12/site-packages/airflow/example_dags/example_latest_only_with_trigger.py
[2024-08-29T15:13:53.469+0000] {logging_mixin.py:190} INFO - [2024-08-29T15:13:53.469+0000] {dag.py:3211} INFO - Sync 1 DAGs
[2024-08-29T15:13:53.485+0000] {logging_mixin.py:190} INFO - [2024-08-29T15:13:53.485+0000] {dag.py:4138} INFO - Setting next_dagrun for latest_only_with_trigger to 2024-08-29 08:00:00+00:00, run_after=2024-08-29 12:00:00+00:00
[2024-08-29T15:13:53.504+0000] {processor.py:208} INFO - Processing /home/airflow/.local/lib/python3.12/site-packages/airflow/example_dags/example_latest_only_with_trigger.py took 0.065 seconds
[2024-08-29T15:14:23.679+0000] {processor.py:186} INFO - Started process (PID=494) to work on /home/airflow/.local/lib/python3.12/site-packages/airflow/example_dags/example_latest_only_with_trigger.py
[2024-08-29T15:14:23.680+0000] {processor.py:914} INFO - Processing file /home/airflow/.local/lib/python3.12/site-packages/airflow/example_dags/example_latest_only_with_trigger.py for tasks to queue
[2024-08-29T15:14:23.682+0000] {logging_mixin.py:190} INFO - [2024-08-29T15:14:23.681+0000] {dagbag.py:587} INFO - Filling up the DagBag from /home/airflow/.local/lib/python3.12/site-packages/airflow/example_dags/example_latest_only_with_trigger.py
[2024-08-29T15:14:23.687+0000] {processor.py:925} INFO - DAG(s) 'latest_only_with_trigger' retrieved from /home/airflow/.local/lib/python3.12/site-packages/airflow/example_dags/example_latest_only_with_trigger.py
[2024-08-29T15:14:23.701+0000] {logging_mixin.py:190} INFO - [2024-08-29T15:14:23.701+0000] {dag.py:3211} INFO - Sync 1 DAGs
[2024-08-29T15:14:23.717+0000] {logging_mixin.py:190} INFO - [2024-08-29T15:14:23.717+0000] {dag.py:4138} INFO - Setting next_dagrun for latest_only_with_trigger to 2024-08-29 08:00:00+00:00, run_after=2024-08-29 12:00:00+00:00
[2024-08-29T15:14:23.733+0000] {processor.py:208} INFO - Processing /home/airflow/.local/lib/python3.12/site-packages/airflow/example_dags/example_latest_only_with_trigger.py took 0.059 seconds
[2024-08-29T15:14:54.577+0000] {processor.py:186} INFO - Started process (PID=557) to work on /home/airflow/.local/lib/python3.12/site-packages/airflow/example_dags/example_latest_only_with_trigger.py
[2024-08-29T15:14:54.585+0000] {processor.py:914} INFO - Processing file /home/airflow/.local/lib/python3.12/site-packages/airflow/example_dags/example_latest_only_with_trigger.py for tasks to queue
[2024-08-29T15:14:54.587+0000] {logging_mixin.py:190} INFO - [2024-08-29T15:14:54.587+0000] {dagbag.py:587} INFO - Filling up the DagBag from /home/airflow/.local/lib/python3.12/site-packages/airflow/example_dags/example_latest_only_with_trigger.py
[2024-08-29T15:14:54.593+0000] {processor.py:925} INFO - DAG(s) 'latest_only_with_trigger' retrieved from /home/airflow/.local/lib/python3.12/site-packages/airflow/example_dags/example_latest_only_with_trigger.py
[2024-08-29T15:14:54.612+0000] {logging_mixin.py:190} INFO - [2024-08-29T15:14:54.612+0000] {dag.py:3211} INFO - Sync 1 DAGs
[2024-08-29T15:14:54.632+0000] {logging_mixin.py:190} INFO - [2024-08-29T15:14:54.632+0000] {dag.py:4138} INFO - Setting next_dagrun for latest_only_with_trigger to 2024-08-29 08:00:00+00:00, run_after=2024-08-29 12:00:00+00:00
[2024-08-29T15:14:54.652+0000] {processor.py:208} INFO - Processing /home/airflow/.local/lib/python3.12/site-packages/airflow/example_dags/example_latest_only_with_trigger.py took 0.079 seconds
[2024-08-29T15:15:25.096+0000] {processor.py:186} INFO - Started process (PID=620) to work on /home/airflow/.local/lib/python3.12/site-packages/airflow/example_dags/example_latest_only_with_trigger.py
[2024-08-29T15:15:25.098+0000] {processor.py:914} INFO - Processing file /home/airflow/.local/lib/python3.12/site-packages/airflow/example_dags/example_latest_only_with_trigger.py for tasks to queue
[2024-08-29T15:15:25.100+0000] {logging_mixin.py:190} INFO - [2024-08-29T15:15:25.100+0000] {dagbag.py:587} INFO - Filling up the DagBag from /home/airflow/.local/lib/python3.12/site-packages/airflow/example_dags/example_latest_only_with_trigger.py
[2024-08-29T15:15:25.106+0000] {processor.py:925} INFO - DAG(s) 'latest_only_with_trigger' retrieved from /home/airflow/.local/lib/python3.12/site-packages/airflow/example_dags/example_latest_only_with_trigger.py
[2024-08-29T15:15:25.128+0000] {logging_mixin.py:190} INFO - [2024-08-29T15:15:25.128+0000] {dag.py:3211} INFO - Sync 1 DAGs
[2024-08-29T15:15:25.147+0000] {logging_mixin.py:190} INFO - [2024-08-29T15:15:25.147+0000] {dag.py:4138} INFO - Setting next_dagrun for latest_only_with_trigger to 2024-08-29 08:00:00+00:00, run_after=2024-08-29 12:00:00+00:00
[2024-08-29T15:15:25.171+0000] {processor.py:208} INFO - Processing /home/airflow/.local/lib/python3.12/site-packages/airflow/example_dags/example_latest_only_with_trigger.py took 0.080 seconds
[2024-08-29T15:15:55.573+0000] {processor.py:186} INFO - Started process (PID=683) to work on /home/airflow/.local/lib/python3.12/site-packages/airflow/example_dags/example_latest_only_with_trigger.py
[2024-08-29T15:15:55.575+0000] {processor.py:914} INFO - Processing file /home/airflow/.local/lib/python3.12/site-packages/airflow/example_dags/example_latest_only_with_trigger.py for tasks to queue
[2024-08-29T15:15:55.577+0000] {logging_mixin.py:190} INFO - [2024-08-29T15:15:55.576+0000] {dagbag.py:587} INFO - Filling up the DagBag from /home/airflow/.local/lib/python3.12/site-packages/airflow/example_dags/example_latest_only_with_trigger.py
[2024-08-29T15:15:55.582+0000] {processor.py:925} INFO - DAG(s) 'latest_only_with_trigger' retrieved from /home/airflow/.local/lib/python3.12/site-packages/airflow/example_dags/example_latest_only_with_trigger.py
[2024-08-29T15:15:55.600+0000] {logging_mixin.py:190} INFO - [2024-08-29T15:15:55.600+0000] {dag.py:3211} INFO - Sync 1 DAGs
[2024-08-29T15:15:55.616+0000] {logging_mixin.py:190} INFO - [2024-08-29T15:15:55.616+0000] {dag.py:4138} INFO - Setting next_dagrun for latest_only_with_trigger to 2024-08-29 08:00:00+00:00, run_after=2024-08-29 12:00:00+00:00
[2024-08-29T15:15:55.633+0000] {processor.py:208} INFO - Processing /home/airflow/.local/lib/python3.12/site-packages/airflow/example_dags/example_latest_only_with_trigger.py took 0.064 seconds
