[2024-08-29T14:58:53.321+0000] {processor.py:186} INFO - Started process (PID=85) to work on /home/airflow/.local/lib/python3.12/site-packages/airflow/example_dags/example_complex.py
[2024-08-29T14:58:53.322+0000] {processor.py:914} INFO - Processing file /home/airflow/.local/lib/python3.12/site-packages/airflow/example_dags/example_complex.py for tasks to queue
[2024-08-29T14:58:53.325+0000] {logging_mixin.py:190} INFO - [2024-08-29T14:58:53.324+0000] {dagbag.py:587} INFO - Filling up the DagBag from /home/airflow/.local/lib/python3.12/site-packages/airflow/example_dags/example_complex.py
[2024-08-29T14:58:53.338+0000] {processor.py:925} INFO - DAG(s) 'example_complex' retrieved from /home/airflow/.local/lib/python3.12/site-packages/airflow/example_dags/example_complex.py
[2024-08-29T14:58:53.371+0000] {logging_mixin.py:190} INFO - [2024-08-29T14:58:53.371+0000] {dag.py:3211} INFO - Sync 1 DAGs
[2024-08-29T14:58:53.390+0000] {logging_mixin.py:190} INFO - [2024-08-29T14:58:53.390+0000] {dag.py:4138} INFO - Setting next_dagrun for example_complex to None, run_after=None
[2024-08-29T14:58:53.410+0000] {processor.py:208} INFO - Processing /home/airflow/.local/lib/python3.12/site-packages/airflow/example_dags/example_complex.py took 0.094 seconds
[2024-08-29T14:59:24.313+0000] {processor.py:186} INFO - Started process (PID=148) to work on /home/airflow/.local/lib/python3.12/site-packages/airflow/example_dags/example_complex.py
[2024-08-29T14:59:24.314+0000] {processor.py:914} INFO - Processing file /home/airflow/.local/lib/python3.12/site-packages/airflow/example_dags/example_complex.py for tasks to queue
[2024-08-29T14:59:24.316+0000] {logging_mixin.py:190} INFO - [2024-08-29T14:59:24.316+0000] {dagbag.py:587} INFO - Filling up the DagBag from /home/airflow/.local/lib/python3.12/site-packages/airflow/example_dags/example_complex.py
[2024-08-29T14:59:24.325+0000] {processor.py:925} INFO - DAG(s) 'example_complex' retrieved from /home/airflow/.local/lib/python3.12/site-packages/airflow/example_dags/example_complex.py
[2024-08-29T14:59:24.347+0000] {logging_mixin.py:190} INFO - [2024-08-29T14:59:24.347+0000] {dag.py:3211} INFO - Sync 1 DAGs
[2024-08-29T14:59:24.357+0000] {logging_mixin.py:190} INFO - [2024-08-29T14:59:24.357+0000] {dag.py:4138} INFO - Setting next_dagrun for example_complex to None, run_after=None
[2024-08-29T14:59:24.374+0000] {processor.py:208} INFO - Processing /home/airflow/.local/lib/python3.12/site-packages/airflow/example_dags/example_complex.py took 0.065 seconds
[2024-08-29T14:59:55.386+0000] {processor.py:186} INFO - Started process (PID=216) to work on /home/airflow/.local/lib/python3.12/site-packages/airflow/example_dags/example_complex.py
[2024-08-29T14:59:55.387+0000] {processor.py:914} INFO - Processing file /home/airflow/.local/lib/python3.12/site-packages/airflow/example_dags/example_complex.py for tasks to queue
[2024-08-29T14:59:55.389+0000] {logging_mixin.py:190} INFO - [2024-08-29T14:59:55.389+0000] {dagbag.py:587} INFO - Filling up the DagBag from /home/airflow/.local/lib/python3.12/site-packages/airflow/example_dags/example_complex.py
[2024-08-29T14:59:55.397+0000] {processor.py:925} INFO - DAG(s) 'example_complex' retrieved from /home/airflow/.local/lib/python3.12/site-packages/airflow/example_dags/example_complex.py
[2024-08-29T14:59:55.420+0000] {logging_mixin.py:190} INFO - [2024-08-29T14:59:55.420+0000] {dag.py:3211} INFO - Sync 1 DAGs
[2024-08-29T14:59:55.430+0000] {logging_mixin.py:190} INFO - [2024-08-29T14:59:55.430+0000] {dag.py:4138} INFO - Setting next_dagrun for example_complex to None, run_after=None
[2024-08-29T14:59:55.446+0000] {processor.py:208} INFO - Processing /home/airflow/.local/lib/python3.12/site-packages/airflow/example_dags/example_complex.py took 0.066 seconds
[2024-08-29T15:00:26.259+0000] {processor.py:186} INFO - Started process (PID=278) to work on /home/airflow/.local/lib/python3.12/site-packages/airflow/example_dags/example_complex.py
[2024-08-29T15:00:26.260+0000] {processor.py:914} INFO - Processing file /home/airflow/.local/lib/python3.12/site-packages/airflow/example_dags/example_complex.py for tasks to queue
[2024-08-29T15:00:26.262+0000] {logging_mixin.py:190} INFO - [2024-08-29T15:00:26.262+0000] {dagbag.py:587} INFO - Filling up the DagBag from /home/airflow/.local/lib/python3.12/site-packages/airflow/example_dags/example_complex.py
[2024-08-29T15:00:26.271+0000] {processor.py:925} INFO - DAG(s) 'example_complex' retrieved from /home/airflow/.local/lib/python3.12/site-packages/airflow/example_dags/example_complex.py
[2024-08-29T15:00:26.298+0000] {logging_mixin.py:190} INFO - [2024-08-29T15:00:26.297+0000] {dag.py:3211} INFO - Sync 1 DAGs
[2024-08-29T15:00:26.309+0000] {logging_mixin.py:190} INFO - [2024-08-29T15:00:26.309+0000] {dag.py:4138} INFO - Setting next_dagrun for example_complex to None, run_after=None
[2024-08-29T15:00:26.329+0000] {processor.py:208} INFO - Processing /home/airflow/.local/lib/python3.12/site-packages/airflow/example_dags/example_complex.py took 0.074 seconds
[2024-08-29T15:00:57.397+0000] {processor.py:186} INFO - Started process (PID=340) to work on /home/airflow/.local/lib/python3.12/site-packages/airflow/example_dags/example_complex.py
[2024-08-29T15:00:57.398+0000] {processor.py:914} INFO - Processing file /home/airflow/.local/lib/python3.12/site-packages/airflow/example_dags/example_complex.py for tasks to queue
[2024-08-29T15:00:57.400+0000] {logging_mixin.py:190} INFO - [2024-08-29T15:00:57.400+0000] {dagbag.py:587} INFO - Filling up the DagBag from /home/airflow/.local/lib/python3.12/site-packages/airflow/example_dags/example_complex.py
[2024-08-29T15:00:57.409+0000] {processor.py:925} INFO - DAG(s) 'example_complex' retrieved from /home/airflow/.local/lib/python3.12/site-packages/airflow/example_dags/example_complex.py
[2024-08-29T15:00:57.432+0000] {logging_mixin.py:190} INFO - [2024-08-29T15:00:57.432+0000] {dag.py:3211} INFO - Sync 1 DAGs
[2024-08-29T15:00:57.443+0000] {logging_mixin.py:190} INFO - [2024-08-29T15:00:57.443+0000] {dag.py:4138} INFO - Setting next_dagrun for example_complex to None, run_after=None
[2024-08-29T15:00:57.458+0000] {processor.py:208} INFO - Processing /home/airflow/.local/lib/python3.12/site-packages/airflow/example_dags/example_complex.py took 0.065 seconds
[2024-08-29T15:01:27.880+0000] {processor.py:186} INFO - Started process (PID=402) to work on /home/airflow/.local/lib/python3.12/site-packages/airflow/example_dags/example_complex.py
[2024-08-29T15:01:27.881+0000] {processor.py:914} INFO - Processing file /home/airflow/.local/lib/python3.12/site-packages/airflow/example_dags/example_complex.py for tasks to queue
[2024-08-29T15:01:27.882+0000] {logging_mixin.py:190} INFO - [2024-08-29T15:01:27.882+0000] {dagbag.py:587} INFO - Filling up the DagBag from /home/airflow/.local/lib/python3.12/site-packages/airflow/example_dags/example_complex.py
[2024-08-29T15:01:27.890+0000] {processor.py:925} INFO - DAG(s) 'example_complex' retrieved from /home/airflow/.local/lib/python3.12/site-packages/airflow/example_dags/example_complex.py
[2024-08-29T15:01:27.912+0000] {logging_mixin.py:190} INFO - [2024-08-29T15:01:27.912+0000] {dag.py:3211} INFO - Sync 1 DAGs
[2024-08-29T15:01:27.921+0000] {logging_mixin.py:190} INFO - [2024-08-29T15:01:27.921+0000] {dag.py:4138} INFO - Setting next_dagrun for example_complex to None, run_after=None
[2024-08-29T15:01:27.941+0000] {processor.py:208} INFO - Processing /home/airflow/.local/lib/python3.12/site-packages/airflow/example_dags/example_complex.py took 0.065 seconds
[2024-08-29T15:01:58.559+0000] {processor.py:186} INFO - Started process (PID=463) to work on /home/airflow/.local/lib/python3.12/site-packages/airflow/example_dags/example_complex.py
[2024-08-29T15:01:58.562+0000] {processor.py:914} INFO - Processing file /home/airflow/.local/lib/python3.12/site-packages/airflow/example_dags/example_complex.py for tasks to queue
[2024-08-29T15:01:58.564+0000] {logging_mixin.py:190} INFO - [2024-08-29T15:01:58.564+0000] {dagbag.py:587} INFO - Filling up the DagBag from /home/airflow/.local/lib/python3.12/site-packages/airflow/example_dags/example_complex.py
[2024-08-29T15:01:58.573+0000] {processor.py:925} INFO - DAG(s) 'example_complex' retrieved from /home/airflow/.local/lib/python3.12/site-packages/airflow/example_dags/example_complex.py
[2024-08-29T15:01:58.607+0000] {logging_mixin.py:190} INFO - [2024-08-29T15:01:58.607+0000] {dag.py:3211} INFO - Sync 1 DAGs
[2024-08-29T15:01:58.618+0000] {logging_mixin.py:190} INFO - [2024-08-29T15:01:58.618+0000] {dag.py:4138} INFO - Setting next_dagrun for example_complex to None, run_after=None
[2024-08-29T15:01:58.634+0000] {processor.py:208} INFO - Processing /home/airflow/.local/lib/python3.12/site-packages/airflow/example_dags/example_complex.py took 0.080 seconds
[2024-08-29T15:02:28.929+0000] {processor.py:186} INFO - Started process (PID=525) to work on /home/airflow/.local/lib/python3.12/site-packages/airflow/example_dags/example_complex.py
[2024-08-29T15:02:28.930+0000] {processor.py:914} INFO - Processing file /home/airflow/.local/lib/python3.12/site-packages/airflow/example_dags/example_complex.py for tasks to queue
[2024-08-29T15:02:28.931+0000] {logging_mixin.py:190} INFO - [2024-08-29T15:02:28.931+0000] {dagbag.py:587} INFO - Filling up the DagBag from /home/airflow/.local/lib/python3.12/site-packages/airflow/example_dags/example_complex.py
[2024-08-29T15:02:28.940+0000] {processor.py:925} INFO - DAG(s) 'example_complex' retrieved from /home/airflow/.local/lib/python3.12/site-packages/airflow/example_dags/example_complex.py
[2024-08-29T15:02:28.962+0000] {logging_mixin.py:190} INFO - [2024-08-29T15:02:28.962+0000] {dag.py:3211} INFO - Sync 1 DAGs
[2024-08-29T15:02:28.972+0000] {logging_mixin.py:190} INFO - [2024-08-29T15:02:28.972+0000] {dag.py:4138} INFO - Setting next_dagrun for example_complex to None, run_after=None
[2024-08-29T15:02:29.004+0000] {processor.py:208} INFO - Processing /home/airflow/.local/lib/python3.12/site-packages/airflow/example_dags/example_complex.py took 0.080 seconds
[2024-08-29T15:02:59.401+0000] {processor.py:186} INFO - Started process (PID=588) to work on /home/airflow/.local/lib/python3.12/site-packages/airflow/example_dags/example_complex.py
[2024-08-29T15:02:59.402+0000] {processor.py:914} INFO - Processing file /home/airflow/.local/lib/python3.12/site-packages/airflow/example_dags/example_complex.py for tasks to queue
[2024-08-29T15:02:59.405+0000] {logging_mixin.py:190} INFO - [2024-08-29T15:02:59.405+0000] {dagbag.py:587} INFO - Filling up the DagBag from /home/airflow/.local/lib/python3.12/site-packages/airflow/example_dags/example_complex.py
[2024-08-29T15:02:59.414+0000] {processor.py:925} INFO - DAG(s) 'example_complex' retrieved from /home/airflow/.local/lib/python3.12/site-packages/airflow/example_dags/example_complex.py
[2024-08-29T15:02:59.436+0000] {logging_mixin.py:190} INFO - [2024-08-29T15:02:59.435+0000] {dag.py:3211} INFO - Sync 1 DAGs
[2024-08-29T15:02:59.446+0000] {logging_mixin.py:190} INFO - [2024-08-29T15:02:59.446+0000] {dag.py:4138} INFO - Setting next_dagrun for example_complex to None, run_after=None
[2024-08-29T15:02:59.463+0000] {processor.py:208} INFO - Processing /home/airflow/.local/lib/python3.12/site-packages/airflow/example_dags/example_complex.py took 0.066 seconds
[2024-08-29T15:03:30.459+0000] {processor.py:186} INFO - Started process (PID=650) to work on /home/airflow/.local/lib/python3.12/site-packages/airflow/example_dags/example_complex.py
[2024-08-29T15:03:30.460+0000] {processor.py:914} INFO - Processing file /home/airflow/.local/lib/python3.12/site-packages/airflow/example_dags/example_complex.py for tasks to queue
[2024-08-29T15:03:30.462+0000] {logging_mixin.py:190} INFO - [2024-08-29T15:03:30.461+0000] {dagbag.py:587} INFO - Filling up the DagBag from /home/airflow/.local/lib/python3.12/site-packages/airflow/example_dags/example_complex.py
[2024-08-29T15:03:30.469+0000] {processor.py:925} INFO - DAG(s) 'example_complex' retrieved from /home/airflow/.local/lib/python3.12/site-packages/airflow/example_dags/example_complex.py
[2024-08-29T15:03:30.489+0000] {logging_mixin.py:190} INFO - [2024-08-29T15:03:30.489+0000] {dag.py:3211} INFO - Sync 1 DAGs
[2024-08-29T15:03:30.498+0000] {logging_mixin.py:190} INFO - [2024-08-29T15:03:30.498+0000] {dag.py:4138} INFO - Setting next_dagrun for example_complex to None, run_after=None
[2024-08-29T15:03:30.516+0000] {processor.py:208} INFO - Processing /home/airflow/.local/lib/python3.12/site-packages/airflow/example_dags/example_complex.py took 0.060 seconds
[2024-08-29T15:04:01.228+0000] {processor.py:186} INFO - Started process (PID=713) to work on /home/airflow/.local/lib/python3.12/site-packages/airflow/example_dags/example_complex.py
[2024-08-29T15:04:01.229+0000] {processor.py:914} INFO - Processing file /home/airflow/.local/lib/python3.12/site-packages/airflow/example_dags/example_complex.py for tasks to queue
[2024-08-29T15:04:01.231+0000] {logging_mixin.py:190} INFO - [2024-08-29T15:04:01.231+0000] {dagbag.py:587} INFO - Filling up the DagBag from /home/airflow/.local/lib/python3.12/site-packages/airflow/example_dags/example_complex.py
[2024-08-29T15:04:01.239+0000] {processor.py:925} INFO - DAG(s) 'example_complex' retrieved from /home/airflow/.local/lib/python3.12/site-packages/airflow/example_dags/example_complex.py
[2024-08-29T15:04:01.263+0000] {logging_mixin.py:190} INFO - [2024-08-29T15:04:01.263+0000] {dag.py:3211} INFO - Sync 1 DAGs
[2024-08-29T15:04:01.275+0000] {logging_mixin.py:190} INFO - [2024-08-29T15:04:01.274+0000] {dag.py:4138} INFO - Setting next_dagrun for example_complex to None, run_after=None
[2024-08-29T15:04:01.294+0000] {processor.py:208} INFO - Processing /home/airflow/.local/lib/python3.12/site-packages/airflow/example_dags/example_complex.py took 0.071 seconds
[2024-08-29T15:04:32.415+0000] {processor.py:186} INFO - Started process (PID=776) to work on /home/airflow/.local/lib/python3.12/site-packages/airflow/example_dags/example_complex.py
[2024-08-29T15:04:32.416+0000] {processor.py:914} INFO - Processing file /home/airflow/.local/lib/python3.12/site-packages/airflow/example_dags/example_complex.py for tasks to queue
[2024-08-29T15:04:32.418+0000] {logging_mixin.py:190} INFO - [2024-08-29T15:04:32.418+0000] {dagbag.py:587} INFO - Filling up the DagBag from /home/airflow/.local/lib/python3.12/site-packages/airflow/example_dags/example_complex.py
[2024-08-29T15:04:32.426+0000] {processor.py:925} INFO - DAG(s) 'example_complex' retrieved from /home/airflow/.local/lib/python3.12/site-packages/airflow/example_dags/example_complex.py
[2024-08-29T15:04:32.447+0000] {logging_mixin.py:190} INFO - [2024-08-29T15:04:32.447+0000] {dag.py:3211} INFO - Sync 1 DAGs
[2024-08-29T15:04:32.457+0000] {logging_mixin.py:190} INFO - [2024-08-29T15:04:32.457+0000] {dag.py:4138} INFO - Setting next_dagrun for example_complex to None, run_after=None
[2024-08-29T15:04:32.477+0000] {processor.py:208} INFO - Processing /home/airflow/.local/lib/python3.12/site-packages/airflow/example_dags/example_complex.py took 0.066 seconds
[2024-08-29T15:05:03.299+0000] {processor.py:186} INFO - Started process (PID=839) to work on /home/airflow/.local/lib/python3.12/site-packages/airflow/example_dags/example_complex.py
[2024-08-29T15:05:03.300+0000] {processor.py:914} INFO - Processing file /home/airflow/.local/lib/python3.12/site-packages/airflow/example_dags/example_complex.py for tasks to queue
[2024-08-29T15:05:03.302+0000] {logging_mixin.py:190} INFO - [2024-08-29T15:05:03.302+0000] {dagbag.py:587} INFO - Filling up the DagBag from /home/airflow/.local/lib/python3.12/site-packages/airflow/example_dags/example_complex.py
[2024-08-29T15:05:03.310+0000] {processor.py:925} INFO - DAG(s) 'example_complex' retrieved from /home/airflow/.local/lib/python3.12/site-packages/airflow/example_dags/example_complex.py
[2024-08-29T15:05:03.334+0000] {logging_mixin.py:190} INFO - [2024-08-29T15:05:03.333+0000] {dag.py:3211} INFO - Sync 1 DAGs
[2024-08-29T15:05:03.344+0000] {logging_mixin.py:190} INFO - [2024-08-29T15:05:03.344+0000] {dag.py:4138} INFO - Setting next_dagrun for example_complex to None, run_after=None
[2024-08-29T15:05:03.361+0000] {processor.py:208} INFO - Processing /home/airflow/.local/lib/python3.12/site-packages/airflow/example_dags/example_complex.py took 0.067 seconds
[2024-08-29T15:05:34.063+0000] {processor.py:186} INFO - Started process (PID=902) to work on /home/airflow/.local/lib/python3.12/site-packages/airflow/example_dags/example_complex.py
[2024-08-29T15:05:34.064+0000] {processor.py:914} INFO - Processing file /home/airflow/.local/lib/python3.12/site-packages/airflow/example_dags/example_complex.py for tasks to queue
[2024-08-29T15:05:34.066+0000] {logging_mixin.py:190} INFO - [2024-08-29T15:05:34.065+0000] {dagbag.py:587} INFO - Filling up the DagBag from /home/airflow/.local/lib/python3.12/site-packages/airflow/example_dags/example_complex.py
[2024-08-29T15:05:34.074+0000] {processor.py:925} INFO - DAG(s) 'example_complex' retrieved from /home/airflow/.local/lib/python3.12/site-packages/airflow/example_dags/example_complex.py
[2024-08-29T15:05:34.096+0000] {logging_mixin.py:190} INFO - [2024-08-29T15:05:34.096+0000] {dag.py:3211} INFO - Sync 1 DAGs
[2024-08-29T15:05:34.106+0000] {logging_mixin.py:190} INFO - [2024-08-29T15:05:34.106+0000] {dag.py:4138} INFO - Setting next_dagrun for example_complex to None, run_after=None
[2024-08-29T15:05:34.122+0000] {processor.py:208} INFO - Processing /home/airflow/.local/lib/python3.12/site-packages/airflow/example_dags/example_complex.py took 0.063 seconds
[2024-08-29T15:06:04.606+0000] {processor.py:186} INFO - Started process (PID=965) to work on /home/airflow/.local/lib/python3.12/site-packages/airflow/example_dags/example_complex.py
[2024-08-29T15:06:04.607+0000] {processor.py:914} INFO - Processing file /home/airflow/.local/lib/python3.12/site-packages/airflow/example_dags/example_complex.py for tasks to queue
[2024-08-29T15:06:04.609+0000] {logging_mixin.py:190} INFO - [2024-08-29T15:06:04.609+0000] {dagbag.py:587} INFO - Filling up the DagBag from /home/airflow/.local/lib/python3.12/site-packages/airflow/example_dags/example_complex.py
[2024-08-29T15:06:04.618+0000] {processor.py:925} INFO - DAG(s) 'example_complex' retrieved from /home/airflow/.local/lib/python3.12/site-packages/airflow/example_dags/example_complex.py
[2024-08-29T15:06:04.643+0000] {logging_mixin.py:190} INFO - [2024-08-29T15:06:04.643+0000] {dag.py:3211} INFO - Sync 1 DAGs
[2024-08-29T15:06:04.654+0000] {logging_mixin.py:190} INFO - [2024-08-29T15:06:04.654+0000] {dag.py:4138} INFO - Setting next_dagrun for example_complex to None, run_after=None
[2024-08-29T15:06:04.672+0000] {processor.py:208} INFO - Processing /home/airflow/.local/lib/python3.12/site-packages/airflow/example_dags/example_complex.py took 0.071 seconds
[2024-08-29T15:06:35.273+0000] {processor.py:186} INFO - Started process (PID=1028) to work on /home/airflow/.local/lib/python3.12/site-packages/airflow/example_dags/example_complex.py
[2024-08-29T15:06:35.274+0000] {processor.py:914} INFO - Processing file /home/airflow/.local/lib/python3.12/site-packages/airflow/example_dags/example_complex.py for tasks to queue
[2024-08-29T15:06:35.276+0000] {logging_mixin.py:190} INFO - [2024-08-29T15:06:35.276+0000] {dagbag.py:587} INFO - Filling up the DagBag from /home/airflow/.local/lib/python3.12/site-packages/airflow/example_dags/example_complex.py
[2024-08-29T15:06:35.284+0000] {processor.py:925} INFO - DAG(s) 'example_complex' retrieved from /home/airflow/.local/lib/python3.12/site-packages/airflow/example_dags/example_complex.py
[2024-08-29T15:06:35.309+0000] {logging_mixin.py:190} INFO - [2024-08-29T15:06:35.309+0000] {dag.py:3211} INFO - Sync 1 DAGs
[2024-08-29T15:06:35.320+0000] {logging_mixin.py:190} INFO - [2024-08-29T15:06:35.319+0000] {dag.py:4138} INFO - Setting next_dagrun for example_complex to None, run_after=None
[2024-08-29T15:06:35.335+0000] {processor.py:208} INFO - Processing /home/airflow/.local/lib/python3.12/site-packages/airflow/example_dags/example_complex.py took 0.066 seconds
[2024-08-29T15:07:06.011+0000] {processor.py:186} INFO - Started process (PID=1092) to work on /home/airflow/.local/lib/python3.12/site-packages/airflow/example_dags/example_complex.py
[2024-08-29T15:07:06.012+0000] {processor.py:914} INFO - Processing file /home/airflow/.local/lib/python3.12/site-packages/airflow/example_dags/example_complex.py for tasks to queue
[2024-08-29T15:07:06.014+0000] {logging_mixin.py:190} INFO - [2024-08-29T15:07:06.014+0000] {dagbag.py:587} INFO - Filling up the DagBag from /home/airflow/.local/lib/python3.12/site-packages/airflow/example_dags/example_complex.py
[2024-08-29T15:07:06.021+0000] {processor.py:925} INFO - DAG(s) 'example_complex' retrieved from /home/airflow/.local/lib/python3.12/site-packages/airflow/example_dags/example_complex.py
[2024-08-29T15:07:06.043+0000] {logging_mixin.py:190} INFO - [2024-08-29T15:07:06.043+0000] {dag.py:3211} INFO - Sync 1 DAGs
[2024-08-29T15:07:06.056+0000] {logging_mixin.py:190} INFO - [2024-08-29T15:07:06.056+0000] {dag.py:4138} INFO - Setting next_dagrun for example_complex to None, run_after=None
[2024-08-29T15:07:06.076+0000] {processor.py:208} INFO - Processing /home/airflow/.local/lib/python3.12/site-packages/airflow/example_dags/example_complex.py took 0.069 seconds
[2024-08-29T15:07:36.618+0000] {processor.py:186} INFO - Started process (PID=1155) to work on /home/airflow/.local/lib/python3.12/site-packages/airflow/example_dags/example_complex.py
[2024-08-29T15:07:36.619+0000] {processor.py:914} INFO - Processing file /home/airflow/.local/lib/python3.12/site-packages/airflow/example_dags/example_complex.py for tasks to queue
[2024-08-29T15:07:36.620+0000] {logging_mixin.py:190} INFO - [2024-08-29T15:07:36.620+0000] {dagbag.py:587} INFO - Filling up the DagBag from /home/airflow/.local/lib/python3.12/site-packages/airflow/example_dags/example_complex.py
[2024-08-29T15:07:36.628+0000] {processor.py:925} INFO - DAG(s) 'example_complex' retrieved from /home/airflow/.local/lib/python3.12/site-packages/airflow/example_dags/example_complex.py
[2024-08-29T15:07:36.649+0000] {logging_mixin.py:190} INFO - [2024-08-29T15:07:36.649+0000] {dag.py:3211} INFO - Sync 1 DAGs
[2024-08-29T15:07:36.659+0000] {logging_mixin.py:190} INFO - [2024-08-29T15:07:36.659+0000] {dag.py:4138} INFO - Setting next_dagrun for example_complex to None, run_after=None
[2024-08-29T15:07:36.676+0000] {processor.py:208} INFO - Processing /home/airflow/.local/lib/python3.12/site-packages/airflow/example_dags/example_complex.py took 0.062 seconds
[2024-08-29T15:08:06.957+0000] {processor.py:186} INFO - Started process (PID=1217) to work on /home/airflow/.local/lib/python3.12/site-packages/airflow/example_dags/example_complex.py
[2024-08-29T15:08:06.958+0000] {processor.py:914} INFO - Processing file /home/airflow/.local/lib/python3.12/site-packages/airflow/example_dags/example_complex.py for tasks to queue
[2024-08-29T15:08:06.960+0000] {logging_mixin.py:190} INFO - [2024-08-29T15:08:06.960+0000] {dagbag.py:587} INFO - Filling up the DagBag from /home/airflow/.local/lib/python3.12/site-packages/airflow/example_dags/example_complex.py
[2024-08-29T15:08:06.968+0000] {processor.py:925} INFO - DAG(s) 'example_complex' retrieved from /home/airflow/.local/lib/python3.12/site-packages/airflow/example_dags/example_complex.py
[2024-08-29T15:08:06.991+0000] {logging_mixin.py:190} INFO - [2024-08-29T15:08:06.991+0000] {dag.py:3211} INFO - Sync 1 DAGs
[2024-08-29T15:08:07.027+0000] {logging_mixin.py:190} INFO - [2024-08-29T15:08:07.026+0000] {dag.py:4138} INFO - Setting next_dagrun for example_complex to None, run_after=None
[2024-08-29T15:08:07.059+0000] {processor.py:208} INFO - Processing /home/airflow/.local/lib/python3.12/site-packages/airflow/example_dags/example_complex.py took 0.106 seconds
[2024-08-29T15:08:37.530+0000] {processor.py:186} INFO - Started process (PID=1281) to work on /home/airflow/.local/lib/python3.12/site-packages/airflow/example_dags/example_complex.py
[2024-08-29T15:08:37.531+0000] {processor.py:914} INFO - Processing file /home/airflow/.local/lib/python3.12/site-packages/airflow/example_dags/example_complex.py for tasks to queue
[2024-08-29T15:08:37.533+0000] {logging_mixin.py:190} INFO - [2024-08-29T15:08:37.532+0000] {dagbag.py:587} INFO - Filling up the DagBag from /home/airflow/.local/lib/python3.12/site-packages/airflow/example_dags/example_complex.py
[2024-08-29T15:08:37.548+0000] {processor.py:925} INFO - DAG(s) 'example_complex' retrieved from /home/airflow/.local/lib/python3.12/site-packages/airflow/example_dags/example_complex.py
[2024-08-29T15:08:37.575+0000] {logging_mixin.py:190} INFO - [2024-08-29T15:08:37.575+0000] {dag.py:3211} INFO - Sync 1 DAGs
[2024-08-29T15:08:37.586+0000] {logging_mixin.py:190} INFO - [2024-08-29T15:08:37.586+0000] {dag.py:4138} INFO - Setting next_dagrun for example_complex to None, run_after=None
[2024-08-29T15:08:37.603+0000] {processor.py:208} INFO - Processing /home/airflow/.local/lib/python3.12/site-packages/airflow/example_dags/example_complex.py took 0.077 seconds
[2024-08-29T15:09:08.317+0000] {processor.py:186} INFO - Started process (PID=1344) to work on /home/airflow/.local/lib/python3.12/site-packages/airflow/example_dags/example_complex.py
[2024-08-29T15:09:08.318+0000] {processor.py:914} INFO - Processing file /home/airflow/.local/lib/python3.12/site-packages/airflow/example_dags/example_complex.py for tasks to queue
[2024-08-29T15:09:08.320+0000] {logging_mixin.py:190} INFO - [2024-08-29T15:09:08.320+0000] {dagbag.py:587} INFO - Filling up the DagBag from /home/airflow/.local/lib/python3.12/site-packages/airflow/example_dags/example_complex.py
[2024-08-29T15:09:08.328+0000] {processor.py:925} INFO - DAG(s) 'example_complex' retrieved from /home/airflow/.local/lib/python3.12/site-packages/airflow/example_dags/example_complex.py
[2024-08-29T15:09:08.351+0000] {logging_mixin.py:190} INFO - [2024-08-29T15:09:08.350+0000] {dag.py:3211} INFO - Sync 1 DAGs
[2024-08-29T15:09:08.360+0000] {logging_mixin.py:190} INFO - [2024-08-29T15:09:08.360+0000] {dag.py:4138} INFO - Setting next_dagrun for example_complex to None, run_after=None
[2024-08-29T15:09:08.375+0000] {processor.py:208} INFO - Processing /home/airflow/.local/lib/python3.12/site-packages/airflow/example_dags/example_complex.py took 0.062 seconds
[2024-08-29T15:09:39.295+0000] {processor.py:186} INFO - Started process (PID=1408) to work on /home/airflow/.local/lib/python3.12/site-packages/airflow/example_dags/example_complex.py
[2024-08-29T15:09:39.296+0000] {processor.py:914} INFO - Processing file /home/airflow/.local/lib/python3.12/site-packages/airflow/example_dags/example_complex.py for tasks to queue
[2024-08-29T15:09:39.298+0000] {logging_mixin.py:190} INFO - [2024-08-29T15:09:39.298+0000] {dagbag.py:587} INFO - Filling up the DagBag from /home/airflow/.local/lib/python3.12/site-packages/airflow/example_dags/example_complex.py
[2024-08-29T15:09:39.308+0000] {processor.py:925} INFO - DAG(s) 'example_complex' retrieved from /home/airflow/.local/lib/python3.12/site-packages/airflow/example_dags/example_complex.py
[2024-08-29T15:09:39.332+0000] {logging_mixin.py:190} INFO - [2024-08-29T15:09:39.332+0000] {dag.py:3211} INFO - Sync 1 DAGs
[2024-08-29T15:09:39.343+0000] {logging_mixin.py:190} INFO - [2024-08-29T15:09:39.343+0000] {dag.py:4138} INFO - Setting next_dagrun for example_complex to None, run_after=None
[2024-08-29T15:09:39.358+0000] {processor.py:208} INFO - Processing /home/airflow/.local/lib/python3.12/site-packages/airflow/example_dags/example_complex.py took 0.068 seconds
[2024-08-29T15:10:09.786+0000] {processor.py:186} INFO - Started process (PID=1471) to work on /home/airflow/.local/lib/python3.12/site-packages/airflow/example_dags/example_complex.py
[2024-08-29T15:10:09.789+0000] {processor.py:914} INFO - Processing file /home/airflow/.local/lib/python3.12/site-packages/airflow/example_dags/example_complex.py for tasks to queue
[2024-08-29T15:10:09.795+0000] {logging_mixin.py:190} INFO - [2024-08-29T15:10:09.795+0000] {dagbag.py:587} INFO - Filling up the DagBag from /home/airflow/.local/lib/python3.12/site-packages/airflow/example_dags/example_complex.py
[2024-08-29T15:10:09.804+0000] {processor.py:925} INFO - DAG(s) 'example_complex' retrieved from /home/airflow/.local/lib/python3.12/site-packages/airflow/example_dags/example_complex.py
[2024-08-29T15:10:09.831+0000] {logging_mixin.py:190} INFO - [2024-08-29T15:10:09.831+0000] {dag.py:3211} INFO - Sync 1 DAGs
[2024-08-29T15:10:09.852+0000] {logging_mixin.py:190} INFO - [2024-08-29T15:10:09.852+0000] {dag.py:4138} INFO - Setting next_dagrun for example_complex to None, run_after=None
[2024-08-29T15:10:09.878+0000] {processor.py:208} INFO - Processing /home/airflow/.local/lib/python3.12/site-packages/airflow/example_dags/example_complex.py took 0.096 seconds
[2024-08-29T15:11:16.524+0000] {processor.py:186} INFO - Started process (PID=87) to work on /home/airflow/.local/lib/python3.12/site-packages/airflow/example_dags/example_complex.py
[2024-08-29T15:11:16.526+0000] {processor.py:914} INFO - Processing file /home/airflow/.local/lib/python3.12/site-packages/airflow/example_dags/example_complex.py for tasks to queue
[2024-08-29T15:11:16.528+0000] {logging_mixin.py:190} INFO - [2024-08-29T15:11:16.528+0000] {dagbag.py:587} INFO - Filling up the DagBag from /home/airflow/.local/lib/python3.12/site-packages/airflow/example_dags/example_complex.py
[2024-08-29T15:11:16.538+0000] {processor.py:925} INFO - DAG(s) 'example_complex' retrieved from /home/airflow/.local/lib/python3.12/site-packages/airflow/example_dags/example_complex.py
[2024-08-29T15:11:16.566+0000] {logging_mixin.py:190} INFO - [2024-08-29T15:11:16.565+0000] {dag.py:3211} INFO - Sync 1 DAGs
[2024-08-29T15:11:16.576+0000] {logging_mixin.py:190} INFO - [2024-08-29T15:11:16.576+0000] {dag.py:4138} INFO - Setting next_dagrun for example_complex to None, run_after=None
[2024-08-29T15:11:16.594+0000] {processor.py:208} INFO - Processing /home/airflow/.local/lib/python3.12/site-packages/airflow/example_dags/example_complex.py took 0.074 seconds
[2024-08-29T15:11:47.451+0000] {processor.py:186} INFO - Started process (PID=151) to work on /home/airflow/.local/lib/python3.12/site-packages/airflow/example_dags/example_complex.py
[2024-08-29T15:11:47.452+0000] {processor.py:914} INFO - Processing file /home/airflow/.local/lib/python3.12/site-packages/airflow/example_dags/example_complex.py for tasks to queue
[2024-08-29T15:11:47.455+0000] {logging_mixin.py:190} INFO - [2024-08-29T15:11:47.454+0000] {dagbag.py:587} INFO - Filling up the DagBag from /home/airflow/.local/lib/python3.12/site-packages/airflow/example_dags/example_complex.py
[2024-08-29T15:11:47.464+0000] {processor.py:925} INFO - DAG(s) 'example_complex' retrieved from /home/airflow/.local/lib/python3.12/site-packages/airflow/example_dags/example_complex.py
[2024-08-29T15:11:47.495+0000] {logging_mixin.py:190} INFO - [2024-08-29T15:11:47.495+0000] {dag.py:3211} INFO - Sync 1 DAGs
[2024-08-29T15:11:47.511+0000] {logging_mixin.py:190} INFO - [2024-08-29T15:11:47.511+0000] {dag.py:4138} INFO - Setting next_dagrun for example_complex to None, run_after=None
[2024-08-29T15:11:47.536+0000] {processor.py:208} INFO - Processing /home/airflow/.local/lib/python3.12/site-packages/airflow/example_dags/example_complex.py took 0.089 seconds
[2024-08-29T15:12:18.322+0000] {processor.py:186} INFO - Started process (PID=218) to work on /home/airflow/.local/lib/python3.12/site-packages/airflow/example_dags/example_complex.py
[2024-08-29T15:12:18.323+0000] {processor.py:914} INFO - Processing file /home/airflow/.local/lib/python3.12/site-packages/airflow/example_dags/example_complex.py for tasks to queue
[2024-08-29T15:12:18.325+0000] {logging_mixin.py:190} INFO - [2024-08-29T15:12:18.325+0000] {dagbag.py:587} INFO - Filling up the DagBag from /home/airflow/.local/lib/python3.12/site-packages/airflow/example_dags/example_complex.py
[2024-08-29T15:12:18.333+0000] {processor.py:925} INFO - DAG(s) 'example_complex' retrieved from /home/airflow/.local/lib/python3.12/site-packages/airflow/example_dags/example_complex.py
[2024-08-29T15:12:18.358+0000] {logging_mixin.py:190} INFO - [2024-08-29T15:12:18.358+0000] {dag.py:3211} INFO - Sync 1 DAGs
[2024-08-29T15:12:18.371+0000] {logging_mixin.py:190} INFO - [2024-08-29T15:12:18.371+0000] {dag.py:4138} INFO - Setting next_dagrun for example_complex to None, run_after=None
[2024-08-29T15:12:18.390+0000] {processor.py:208} INFO - Processing /home/airflow/.local/lib/python3.12/site-packages/airflow/example_dags/example_complex.py took 0.073 seconds
[2024-08-29T15:12:49.674+0000] {processor.py:186} INFO - Started process (PID=283) to work on /home/airflow/.local/lib/python3.12/site-packages/airflow/example_dags/example_complex.py
[2024-08-29T15:12:49.676+0000] {processor.py:914} INFO - Processing file /home/airflow/.local/lib/python3.12/site-packages/airflow/example_dags/example_complex.py for tasks to queue
[2024-08-29T15:12:49.692+0000] {logging_mixin.py:190} INFO - [2024-08-29T15:12:49.692+0000] {dagbag.py:587} INFO - Filling up the DagBag from /home/airflow/.local/lib/python3.12/site-packages/airflow/example_dags/example_complex.py
[2024-08-29T15:12:49.704+0000] {processor.py:925} INFO - DAG(s) 'example_complex' retrieved from /home/airflow/.local/lib/python3.12/site-packages/airflow/example_dags/example_complex.py
[2024-08-29T15:12:49.730+0000] {logging_mixin.py:190} INFO - [2024-08-29T15:12:49.730+0000] {dag.py:3211} INFO - Sync 1 DAGs
[2024-08-29T15:12:49.751+0000] {logging_mixin.py:190} INFO - [2024-08-29T15:12:49.751+0000] {dag.py:4138} INFO - Setting next_dagrun for example_complex to None, run_after=None
[2024-08-29T15:12:49.769+0000] {processor.py:208} INFO - Processing /home/airflow/.local/lib/python3.12/site-packages/airflow/example_dags/example_complex.py took 0.099 seconds
[2024-08-29T15:13:19.964+0000] {processor.py:186} INFO - Started process (PID=346) to work on /home/airflow/.local/lib/python3.12/site-packages/airflow/example_dags/example_complex.py
[2024-08-29T15:13:19.965+0000] {processor.py:914} INFO - Processing file /home/airflow/.local/lib/python3.12/site-packages/airflow/example_dags/example_complex.py for tasks to queue
[2024-08-29T15:13:19.967+0000] {logging_mixin.py:190} INFO - [2024-08-29T15:13:19.966+0000] {dagbag.py:587} INFO - Filling up the DagBag from /home/airflow/.local/lib/python3.12/site-packages/airflow/example_dags/example_complex.py
[2024-08-29T15:13:19.976+0000] {processor.py:925} INFO - DAG(s) 'example_complex' retrieved from /home/airflow/.local/lib/python3.12/site-packages/airflow/example_dags/example_complex.py
[2024-08-29T15:13:19.999+0000] {logging_mixin.py:190} INFO - [2024-08-29T15:13:19.999+0000] {dag.py:3211} INFO - Sync 1 DAGs
[2024-08-29T15:13:20.010+0000] {logging_mixin.py:190} INFO - [2024-08-29T15:13:20.010+0000] {dag.py:4138} INFO - Setting next_dagrun for example_complex to None, run_after=None
[2024-08-29T15:13:20.029+0000] {processor.py:208} INFO - Processing /home/airflow/.local/lib/python3.12/site-packages/airflow/example_dags/example_complex.py took 0.069 seconds
[2024-08-29T15:13:50.749+0000] {processor.py:186} INFO - Started process (PID=409) to work on /home/airflow/.local/lib/python3.12/site-packages/airflow/example_dags/example_complex.py
[2024-08-29T15:13:50.750+0000] {processor.py:914} INFO - Processing file /home/airflow/.local/lib/python3.12/site-packages/airflow/example_dags/example_complex.py for tasks to queue
[2024-08-29T15:13:50.752+0000] {logging_mixin.py:190} INFO - [2024-08-29T15:13:50.751+0000] {dagbag.py:587} INFO - Filling up the DagBag from /home/airflow/.local/lib/python3.12/site-packages/airflow/example_dags/example_complex.py
[2024-08-29T15:13:50.762+0000] {processor.py:925} INFO - DAG(s) 'example_complex' retrieved from /home/airflow/.local/lib/python3.12/site-packages/airflow/example_dags/example_complex.py
[2024-08-29T15:13:50.785+0000] {logging_mixin.py:190} INFO - [2024-08-29T15:13:50.785+0000] {dag.py:3211} INFO - Sync 1 DAGs
[2024-08-29T15:13:50.795+0000] {logging_mixin.py:190} INFO - [2024-08-29T15:13:50.795+0000] {dag.py:4138} INFO - Setting next_dagrun for example_complex to None, run_after=None
[2024-08-29T15:13:50.812+0000] {processor.py:208} INFO - Processing /home/airflow/.local/lib/python3.12/site-packages/airflow/example_dags/example_complex.py took 0.067 seconds
[2024-08-29T15:14:21.289+0000] {processor.py:186} INFO - Started process (PID=472) to work on /home/airflow/.local/lib/python3.12/site-packages/airflow/example_dags/example_complex.py
[2024-08-29T15:14:21.290+0000] {processor.py:914} INFO - Processing file /home/airflow/.local/lib/python3.12/site-packages/airflow/example_dags/example_complex.py for tasks to queue
[2024-08-29T15:14:21.292+0000] {logging_mixin.py:190} INFO - [2024-08-29T15:14:21.292+0000] {dagbag.py:587} INFO - Filling up the DagBag from /home/airflow/.local/lib/python3.12/site-packages/airflow/example_dags/example_complex.py
[2024-08-29T15:14:21.300+0000] {processor.py:925} INFO - DAG(s) 'example_complex' retrieved from /home/airflow/.local/lib/python3.12/site-packages/airflow/example_dags/example_complex.py
[2024-08-29T15:14:21.325+0000] {logging_mixin.py:190} INFO - [2024-08-29T15:14:21.325+0000] {dag.py:3211} INFO - Sync 1 DAGs
[2024-08-29T15:14:21.337+0000] {logging_mixin.py:190} INFO - [2024-08-29T15:14:21.336+0000] {dag.py:4138} INFO - Setting next_dagrun for example_complex to None, run_after=None
[2024-08-29T15:14:21.354+0000] {processor.py:208} INFO - Processing /home/airflow/.local/lib/python3.12/site-packages/airflow/example_dags/example_complex.py took 0.069 seconds
[2024-08-29T15:14:51.821+0000] {processor.py:186} INFO - Started process (PID=535) to work on /home/airflow/.local/lib/python3.12/site-packages/airflow/example_dags/example_complex.py
[2024-08-29T15:14:51.822+0000] {processor.py:914} INFO - Processing file /home/airflow/.local/lib/python3.12/site-packages/airflow/example_dags/example_complex.py for tasks to queue
[2024-08-29T15:14:51.824+0000] {logging_mixin.py:190} INFO - [2024-08-29T15:14:51.824+0000] {dagbag.py:587} INFO - Filling up the DagBag from /home/airflow/.local/lib/python3.12/site-packages/airflow/example_dags/example_complex.py
[2024-08-29T15:14:51.832+0000] {processor.py:925} INFO - DAG(s) 'example_complex' retrieved from /home/airflow/.local/lib/python3.12/site-packages/airflow/example_dags/example_complex.py
[2024-08-29T15:14:51.854+0000] {logging_mixin.py:190} INFO - [2024-08-29T15:14:51.854+0000] {dag.py:3211} INFO - Sync 1 DAGs
[2024-08-29T15:14:51.864+0000] {logging_mixin.py:190} INFO - [2024-08-29T15:14:51.864+0000] {dag.py:4138} INFO - Setting next_dagrun for example_complex to None, run_after=None
[2024-08-29T15:14:51.881+0000] {processor.py:208} INFO - Processing /home/airflow/.local/lib/python3.12/site-packages/airflow/example_dags/example_complex.py took 0.064 seconds
[2024-08-29T15:15:23.334+0000] {processor.py:186} INFO - Started process (PID=598) to work on /home/airflow/.local/lib/python3.12/site-packages/airflow/example_dags/example_complex.py
[2024-08-29T15:15:23.336+0000] {processor.py:914} INFO - Processing file /home/airflow/.local/lib/python3.12/site-packages/airflow/example_dags/example_complex.py for tasks to queue
[2024-08-29T15:15:23.338+0000] {logging_mixin.py:190} INFO - [2024-08-29T15:15:23.337+0000] {dagbag.py:587} INFO - Filling up the DagBag from /home/airflow/.local/lib/python3.12/site-packages/airflow/example_dags/example_complex.py
[2024-08-29T15:15:23.346+0000] {processor.py:925} INFO - DAG(s) 'example_complex' retrieved from /home/airflow/.local/lib/python3.12/site-packages/airflow/example_dags/example_complex.py
[2024-08-29T15:15:23.371+0000] {logging_mixin.py:190} INFO - [2024-08-29T15:15:23.370+0000] {dag.py:3211} INFO - Sync 1 DAGs
[2024-08-29T15:15:23.381+0000] {logging_mixin.py:190} INFO - [2024-08-29T15:15:23.381+0000] {dag.py:4138} INFO - Setting next_dagrun for example_complex to None, run_after=None
[2024-08-29T15:15:23.399+0000] {processor.py:208} INFO - Processing /home/airflow/.local/lib/python3.12/site-packages/airflow/example_dags/example_complex.py took 0.070 seconds
[2024-08-29T15:15:53.563+0000] {processor.py:186} INFO - Started process (PID=660) to work on /home/airflow/.local/lib/python3.12/site-packages/airflow/example_dags/example_complex.py
[2024-08-29T15:15:53.564+0000] {processor.py:914} INFO - Processing file /home/airflow/.local/lib/python3.12/site-packages/airflow/example_dags/example_complex.py for tasks to queue
[2024-08-29T15:15:53.566+0000] {logging_mixin.py:190} INFO - [2024-08-29T15:15:53.566+0000] {dagbag.py:587} INFO - Filling up the DagBag from /home/airflow/.local/lib/python3.12/site-packages/airflow/example_dags/example_complex.py
[2024-08-29T15:15:53.579+0000] {processor.py:925} INFO - DAG(s) 'example_complex' retrieved from /home/airflow/.local/lib/python3.12/site-packages/airflow/example_dags/example_complex.py
[2024-08-29T15:15:53.601+0000] {logging_mixin.py:190} INFO - [2024-08-29T15:15:53.601+0000] {dag.py:3211} INFO - Sync 1 DAGs
[2024-08-29T15:15:53.612+0000] {logging_mixin.py:190} INFO - [2024-08-29T15:15:53.611+0000] {dag.py:4138} INFO - Setting next_dagrun for example_complex to None, run_after=None
[2024-08-29T15:15:53.630+0000] {processor.py:208} INFO - Processing /home/airflow/.local/lib/python3.12/site-packages/airflow/example_dags/example_complex.py took 0.072 seconds
