[2024-08-29T14:58:55.422+0000] {processor.py:186} INFO - Started process (PID=117) to work on /home/airflow/.local/lib/python3.12/site-packages/airflow/example_dags/example_bash_decorator.py
[2024-08-29T14:58:55.423+0000] {processor.py:914} INFO - Processing file /home/airflow/.local/lib/python3.12/site-packages/airflow/example_dags/example_bash_decorator.py for tasks to queue
[2024-08-29T14:58:55.425+0000] {logging_mixin.py:190} INFO - [2024-08-29T14:58:55.425+0000] {dagbag.py:587} INFO - Filling up the DagBag from /home/airflow/.local/lib/python3.12/site-packages/airflow/example_dags/example_bash_decorator.py
[2024-08-29T14:58:55.437+0000] {processor.py:925} INFO - DAG(s) 'example_bash_decorator' retrieved from /home/airflow/.local/lib/python3.12/site-packages/airflow/example_dags/example_bash_decorator.py
[2024-08-29T14:58:55.515+0000] {logging_mixin.py:190} INFO - [2024-08-29T14:58:55.515+0000] {dag.py:3211} INFO - Sync 1 DAGs
[2024-08-29T14:58:55.525+0000] {logging_mixin.py:190} INFO - [2024-08-29T14:58:55.525+0000] {dag.py:4138} INFO - Setting next_dagrun for example_bash_decorator to None, run_after=None
[2024-08-29T14:58:55.543+0000] {processor.py:208} INFO - Processing /home/airflow/.local/lib/python3.12/site-packages/airflow/example_dags/example_bash_decorator.py took 0.126 seconds
[2024-08-29T14:59:26.056+0000] {processor.py:186} INFO - Started process (PID=179) to work on /home/airflow/.local/lib/python3.12/site-packages/airflow/example_dags/example_bash_decorator.py
[2024-08-29T14:59:26.057+0000] {processor.py:914} INFO - Processing file /home/airflow/.local/lib/python3.12/site-packages/airflow/example_dags/example_bash_decorator.py for tasks to queue
[2024-08-29T14:59:26.060+0000] {logging_mixin.py:190} INFO - [2024-08-29T14:59:26.059+0000] {dagbag.py:587} INFO - Filling up the DagBag from /home/airflow/.local/lib/python3.12/site-packages/airflow/example_dags/example_bash_decorator.py
[2024-08-29T14:59:26.071+0000] {processor.py:925} INFO - DAG(s) 'example_bash_decorator' retrieved from /home/airflow/.local/lib/python3.12/site-packages/airflow/example_dags/example_bash_decorator.py
[2024-08-29T14:59:26.093+0000] {logging_mixin.py:190} INFO - [2024-08-29T14:59:26.093+0000] {dag.py:3211} INFO - Sync 1 DAGs
[2024-08-29T14:59:26.104+0000] {logging_mixin.py:190} INFO - [2024-08-29T14:59:26.104+0000] {dag.py:4138} INFO - Setting next_dagrun for example_bash_decorator to None, run_after=None
[2024-08-29T14:59:26.122+0000] {processor.py:208} INFO - Processing /home/airflow/.local/lib/python3.12/site-packages/airflow/example_dags/example_bash_decorator.py took 0.071 seconds
[2024-08-29T14:59:57.139+0000] {processor.py:186} INFO - Started process (PID=241) to work on /home/airflow/.local/lib/python3.12/site-packages/airflow/example_dags/example_bash_decorator.py
[2024-08-29T14:59:57.140+0000] {processor.py:914} INFO - Processing file /home/airflow/.local/lib/python3.12/site-packages/airflow/example_dags/example_bash_decorator.py for tasks to queue
[2024-08-29T14:59:57.143+0000] {logging_mixin.py:190} INFO - [2024-08-29T14:59:57.142+0000] {dagbag.py:587} INFO - Filling up the DagBag from /home/airflow/.local/lib/python3.12/site-packages/airflow/example_dags/example_bash_decorator.py
[2024-08-29T14:59:57.153+0000] {processor.py:925} INFO - DAG(s) 'example_bash_decorator' retrieved from /home/airflow/.local/lib/python3.12/site-packages/airflow/example_dags/example_bash_decorator.py
[2024-08-29T14:59:57.173+0000] {logging_mixin.py:190} INFO - [2024-08-29T14:59:57.173+0000] {dag.py:3211} INFO - Sync 1 DAGs
[2024-08-29T14:59:57.182+0000] {logging_mixin.py:190} INFO - [2024-08-29T14:59:57.182+0000] {dag.py:4138} INFO - Setting next_dagrun for example_bash_decorator to None, run_after=None
[2024-08-29T14:59:57.200+0000] {processor.py:208} INFO - Processing /home/airflow/.local/lib/python3.12/site-packages/airflow/example_dags/example_bash_decorator.py took 0.065 seconds
[2024-08-29T15:00:28.198+0000] {processor.py:186} INFO - Started process (PID=303) to work on /home/airflow/.local/lib/python3.12/site-packages/airflow/example_dags/example_bash_decorator.py
[2024-08-29T15:00:28.199+0000] {processor.py:914} INFO - Processing file /home/airflow/.local/lib/python3.12/site-packages/airflow/example_dags/example_bash_decorator.py for tasks to queue
[2024-08-29T15:00:28.201+0000] {logging_mixin.py:190} INFO - [2024-08-29T15:00:28.200+0000] {dagbag.py:587} INFO - Filling up the DagBag from /home/airflow/.local/lib/python3.12/site-packages/airflow/example_dags/example_bash_decorator.py
[2024-08-29T15:00:28.214+0000] {processor.py:925} INFO - DAG(s) 'example_bash_decorator' retrieved from /home/airflow/.local/lib/python3.12/site-packages/airflow/example_dags/example_bash_decorator.py
[2024-08-29T15:00:28.233+0000] {logging_mixin.py:190} INFO - [2024-08-29T15:00:28.233+0000] {dag.py:3211} INFO - Sync 1 DAGs
[2024-08-29T15:00:28.243+0000] {logging_mixin.py:190} INFO - [2024-08-29T15:00:28.243+0000] {dag.py:4138} INFO - Setting next_dagrun for example_bash_decorator to None, run_after=None
[2024-08-29T15:00:28.260+0000] {processor.py:208} INFO - Processing /home/airflow/.local/lib/python3.12/site-packages/airflow/example_dags/example_bash_decorator.py took 0.067 seconds
[2024-08-29T15:00:59.078+0000] {processor.py:186} INFO - Started process (PID=365) to work on /home/airflow/.local/lib/python3.12/site-packages/airflow/example_dags/example_bash_decorator.py
[2024-08-29T15:00:59.079+0000] {processor.py:914} INFO - Processing file /home/airflow/.local/lib/python3.12/site-packages/airflow/example_dags/example_bash_decorator.py for tasks to queue
[2024-08-29T15:00:59.081+0000] {logging_mixin.py:190} INFO - [2024-08-29T15:00:59.081+0000] {dagbag.py:587} INFO - Filling up the DagBag from /home/airflow/.local/lib/python3.12/site-packages/airflow/example_dags/example_bash_decorator.py
[2024-08-29T15:00:59.092+0000] {processor.py:925} INFO - DAG(s) 'example_bash_decorator' retrieved from /home/airflow/.local/lib/python3.12/site-packages/airflow/example_dags/example_bash_decorator.py
[2024-08-29T15:00:59.109+0000] {logging_mixin.py:190} INFO - [2024-08-29T15:00:59.109+0000] {dag.py:3211} INFO - Sync 1 DAGs
[2024-08-29T15:00:59.119+0000] {logging_mixin.py:190} INFO - [2024-08-29T15:00:59.118+0000] {dag.py:4138} INFO - Setting next_dagrun for example_bash_decorator to None, run_after=None
[2024-08-29T15:00:59.134+0000] {processor.py:208} INFO - Processing /home/airflow/.local/lib/python3.12/site-packages/airflow/example_dags/example_bash_decorator.py took 0.060 seconds
[2024-08-29T15:01:29.619+0000] {processor.py:186} INFO - Started process (PID=427) to work on /home/airflow/.local/lib/python3.12/site-packages/airflow/example_dags/example_bash_decorator.py
[2024-08-29T15:01:29.620+0000] {processor.py:914} INFO - Processing file /home/airflow/.local/lib/python3.12/site-packages/airflow/example_dags/example_bash_decorator.py for tasks to queue
[2024-08-29T15:01:29.622+0000] {logging_mixin.py:190} INFO - [2024-08-29T15:01:29.622+0000] {dagbag.py:587} INFO - Filling up the DagBag from /home/airflow/.local/lib/python3.12/site-packages/airflow/example_dags/example_bash_decorator.py
[2024-08-29T15:01:29.634+0000] {processor.py:925} INFO - DAG(s) 'example_bash_decorator' retrieved from /home/airflow/.local/lib/python3.12/site-packages/airflow/example_dags/example_bash_decorator.py
[2024-08-29T15:01:29.654+0000] {logging_mixin.py:190} INFO - [2024-08-29T15:01:29.654+0000] {dag.py:3211} INFO - Sync 1 DAGs
[2024-08-29T15:01:29.676+0000] {logging_mixin.py:190} INFO - [2024-08-29T15:01:29.676+0000] {dag.py:4138} INFO - Setting next_dagrun for example_bash_decorator to None, run_after=None
[2024-08-29T15:01:29.719+0000] {processor.py:208} INFO - Processing /home/airflow/.local/lib/python3.12/site-packages/airflow/example_dags/example_bash_decorator.py took 0.105 seconds
[2024-08-29T15:02:00.254+0000] {processor.py:186} INFO - Started process (PID=489) to work on /home/airflow/.local/lib/python3.12/site-packages/airflow/example_dags/example_bash_decorator.py
[2024-08-29T15:02:00.255+0000] {processor.py:914} INFO - Processing file /home/airflow/.local/lib/python3.12/site-packages/airflow/example_dags/example_bash_decorator.py for tasks to queue
[2024-08-29T15:02:00.257+0000] {logging_mixin.py:190} INFO - [2024-08-29T15:02:00.256+0000] {dagbag.py:587} INFO - Filling up the DagBag from /home/airflow/.local/lib/python3.12/site-packages/airflow/example_dags/example_bash_decorator.py
[2024-08-29T15:02:00.268+0000] {processor.py:925} INFO - DAG(s) 'example_bash_decorator' retrieved from /home/airflow/.local/lib/python3.12/site-packages/airflow/example_dags/example_bash_decorator.py
[2024-08-29T15:02:00.286+0000] {logging_mixin.py:190} INFO - [2024-08-29T15:02:00.286+0000] {dag.py:3211} INFO - Sync 1 DAGs
[2024-08-29T15:02:00.297+0000] {logging_mixin.py:190} INFO - [2024-08-29T15:02:00.297+0000] {dag.py:4138} INFO - Setting next_dagrun for example_bash_decorator to None, run_after=None
[2024-08-29T15:02:00.312+0000] {processor.py:208} INFO - Processing /home/airflow/.local/lib/python3.12/site-packages/airflow/example_dags/example_bash_decorator.py took 0.063 seconds
[2024-08-29T15:02:30.716+0000] {processor.py:186} INFO - Started process (PID=551) to work on /home/airflow/.local/lib/python3.12/site-packages/airflow/example_dags/example_bash_decorator.py
[2024-08-29T15:02:30.716+0000] {processor.py:914} INFO - Processing file /home/airflow/.local/lib/python3.12/site-packages/airflow/example_dags/example_bash_decorator.py for tasks to queue
[2024-08-29T15:02:30.718+0000] {logging_mixin.py:190} INFO - [2024-08-29T15:02:30.718+0000] {dagbag.py:587} INFO - Filling up the DagBag from /home/airflow/.local/lib/python3.12/site-packages/airflow/example_dags/example_bash_decorator.py
[2024-08-29T15:02:30.729+0000] {processor.py:925} INFO - DAG(s) 'example_bash_decorator' retrieved from /home/airflow/.local/lib/python3.12/site-packages/airflow/example_dags/example_bash_decorator.py
[2024-08-29T15:02:30.747+0000] {logging_mixin.py:190} INFO - [2024-08-29T15:02:30.747+0000] {dag.py:3211} INFO - Sync 1 DAGs
[2024-08-29T15:02:30.758+0000] {logging_mixin.py:190} INFO - [2024-08-29T15:02:30.758+0000] {dag.py:4138} INFO - Setting next_dagrun for example_bash_decorator to None, run_after=None
[2024-08-29T15:02:30.774+0000] {processor.py:208} INFO - Processing /home/airflow/.local/lib/python3.12/site-packages/airflow/example_dags/example_bash_decorator.py took 0.062 seconds
[2024-08-29T15:03:01.237+0000] {processor.py:186} INFO - Started process (PID=613) to work on /home/airflow/.local/lib/python3.12/site-packages/airflow/example_dags/example_bash_decorator.py
[2024-08-29T15:03:01.237+0000] {processor.py:914} INFO - Processing file /home/airflow/.local/lib/python3.12/site-packages/airflow/example_dags/example_bash_decorator.py for tasks to queue
[2024-08-29T15:03:01.239+0000] {logging_mixin.py:190} INFO - [2024-08-29T15:03:01.239+0000] {dagbag.py:587} INFO - Filling up the DagBag from /home/airflow/.local/lib/python3.12/site-packages/airflow/example_dags/example_bash_decorator.py
[2024-08-29T15:03:01.250+0000] {processor.py:925} INFO - DAG(s) 'example_bash_decorator' retrieved from /home/airflow/.local/lib/python3.12/site-packages/airflow/example_dags/example_bash_decorator.py
[2024-08-29T15:03:01.266+0000] {logging_mixin.py:190} INFO - [2024-08-29T15:03:01.266+0000] {dag.py:3211} INFO - Sync 1 DAGs
[2024-08-29T15:03:01.276+0000] {logging_mixin.py:190} INFO - [2024-08-29T15:03:01.276+0000] {dag.py:4138} INFO - Setting next_dagrun for example_bash_decorator to None, run_after=None
[2024-08-29T15:03:01.296+0000] {processor.py:208} INFO - Processing /home/airflow/.local/lib/python3.12/site-packages/airflow/example_dags/example_bash_decorator.py took 0.063 seconds
[2024-08-29T15:03:31.915+0000] {processor.py:186} INFO - Started process (PID=675) to work on /home/airflow/.local/lib/python3.12/site-packages/airflow/example_dags/example_bash_decorator.py
[2024-08-29T15:03:31.916+0000] {processor.py:914} INFO - Processing file /home/airflow/.local/lib/python3.12/site-packages/airflow/example_dags/example_bash_decorator.py for tasks to queue
[2024-08-29T15:03:31.917+0000] {logging_mixin.py:190} INFO - [2024-08-29T15:03:31.917+0000] {dagbag.py:587} INFO - Filling up the DagBag from /home/airflow/.local/lib/python3.12/site-packages/airflow/example_dags/example_bash_decorator.py
[2024-08-29T15:03:31.929+0000] {processor.py:925} INFO - DAG(s) 'example_bash_decorator' retrieved from /home/airflow/.local/lib/python3.12/site-packages/airflow/example_dags/example_bash_decorator.py
[2024-08-29T15:03:31.948+0000] {logging_mixin.py:190} INFO - [2024-08-29T15:03:31.947+0000] {dag.py:3211} INFO - Sync 1 DAGs
[2024-08-29T15:03:31.958+0000] {logging_mixin.py:190} INFO - [2024-08-29T15:03:31.958+0000] {dag.py:4138} INFO - Setting next_dagrun for example_bash_decorator to None, run_after=None
[2024-08-29T15:03:31.975+0000] {processor.py:208} INFO - Processing /home/airflow/.local/lib/python3.12/site-packages/airflow/example_dags/example_bash_decorator.py took 0.065 seconds
[2024-08-29T15:04:03.017+0000] {processor.py:186} INFO - Started process (PID=738) to work on /home/airflow/.local/lib/python3.12/site-packages/airflow/example_dags/example_bash_decorator.py
[2024-08-29T15:04:03.018+0000] {processor.py:914} INFO - Processing file /home/airflow/.local/lib/python3.12/site-packages/airflow/example_dags/example_bash_decorator.py for tasks to queue
[2024-08-29T15:04:03.020+0000] {logging_mixin.py:190} INFO - [2024-08-29T15:04:03.020+0000] {dagbag.py:587} INFO - Filling up the DagBag from /home/airflow/.local/lib/python3.12/site-packages/airflow/example_dags/example_bash_decorator.py
[2024-08-29T15:04:03.030+0000] {processor.py:925} INFO - DAG(s) 'example_bash_decorator' retrieved from /home/airflow/.local/lib/python3.12/site-packages/airflow/example_dags/example_bash_decorator.py
[2024-08-29T15:04:03.047+0000] {logging_mixin.py:190} INFO - [2024-08-29T15:04:03.047+0000] {dag.py:3211} INFO - Sync 1 DAGs
[2024-08-29T15:04:03.058+0000] {logging_mixin.py:190} INFO - [2024-08-29T15:04:03.058+0000] {dag.py:4138} INFO - Setting next_dagrun for example_bash_decorator to None, run_after=None
[2024-08-29T15:04:03.083+0000] {processor.py:208} INFO - Processing /home/airflow/.local/lib/python3.12/site-packages/airflow/example_dags/example_bash_decorator.py took 0.070 seconds
[2024-08-29T15:04:33.971+0000] {processor.py:186} INFO - Started process (PID=801) to work on /home/airflow/.local/lib/python3.12/site-packages/airflow/example_dags/example_bash_decorator.py
[2024-08-29T15:04:33.973+0000] {processor.py:914} INFO - Processing file /home/airflow/.local/lib/python3.12/site-packages/airflow/example_dags/example_bash_decorator.py for tasks to queue
[2024-08-29T15:04:33.975+0000] {logging_mixin.py:190} INFO - [2024-08-29T15:04:33.974+0000] {dagbag.py:587} INFO - Filling up the DagBag from /home/airflow/.local/lib/python3.12/site-packages/airflow/example_dags/example_bash_decorator.py
[2024-08-29T15:04:33.985+0000] {processor.py:925} INFO - DAG(s) 'example_bash_decorator' retrieved from /home/airflow/.local/lib/python3.12/site-packages/airflow/example_dags/example_bash_decorator.py
[2024-08-29T15:04:34.004+0000] {logging_mixin.py:190} INFO - [2024-08-29T15:04:34.004+0000] {dag.py:3211} INFO - Sync 1 DAGs
[2024-08-29T15:04:34.015+0000] {logging_mixin.py:190} INFO - [2024-08-29T15:04:34.014+0000] {dag.py:4138} INFO - Setting next_dagrun for example_bash_decorator to None, run_after=None
[2024-08-29T15:04:34.031+0000] {processor.py:208} INFO - Processing /home/airflow/.local/lib/python3.12/site-packages/airflow/example_dags/example_bash_decorator.py took 0.064 seconds
[2024-08-29T15:05:05.169+0000] {processor.py:186} INFO - Started process (PID=864) to work on /home/airflow/.local/lib/python3.12/site-packages/airflow/example_dags/example_bash_decorator.py
[2024-08-29T15:05:05.170+0000] {processor.py:914} INFO - Processing file /home/airflow/.local/lib/python3.12/site-packages/airflow/example_dags/example_bash_decorator.py for tasks to queue
[2024-08-29T15:05:05.172+0000] {logging_mixin.py:190} INFO - [2024-08-29T15:05:05.172+0000] {dagbag.py:587} INFO - Filling up the DagBag from /home/airflow/.local/lib/python3.12/site-packages/airflow/example_dags/example_bash_decorator.py
[2024-08-29T15:05:05.183+0000] {processor.py:925} INFO - DAG(s) 'example_bash_decorator' retrieved from /home/airflow/.local/lib/python3.12/site-packages/airflow/example_dags/example_bash_decorator.py
[2024-08-29T15:05:05.200+0000] {logging_mixin.py:190} INFO - [2024-08-29T15:05:05.200+0000] {dag.py:3211} INFO - Sync 1 DAGs
[2024-08-29T15:05:05.210+0000] {logging_mixin.py:190} INFO - [2024-08-29T15:05:05.210+0000] {dag.py:4138} INFO - Setting next_dagrun for example_bash_decorator to None, run_after=None
[2024-08-29T15:05:05.227+0000] {processor.py:208} INFO - Processing /home/airflow/.local/lib/python3.12/site-packages/airflow/example_dags/example_bash_decorator.py took 0.062 seconds
[2024-08-29T15:05:35.865+0000] {processor.py:186} INFO - Started process (PID=927) to work on /home/airflow/.local/lib/python3.12/site-packages/airflow/example_dags/example_bash_decorator.py
[2024-08-29T15:05:35.866+0000] {processor.py:914} INFO - Processing file /home/airflow/.local/lib/python3.12/site-packages/airflow/example_dags/example_bash_decorator.py for tasks to queue
[2024-08-29T15:05:35.867+0000] {logging_mixin.py:190} INFO - [2024-08-29T15:05:35.867+0000] {dagbag.py:587} INFO - Filling up the DagBag from /home/airflow/.local/lib/python3.12/site-packages/airflow/example_dags/example_bash_decorator.py
[2024-08-29T15:05:35.877+0000] {processor.py:925} INFO - DAG(s) 'example_bash_decorator' retrieved from /home/airflow/.local/lib/python3.12/site-packages/airflow/example_dags/example_bash_decorator.py
[2024-08-29T15:05:35.892+0000] {logging_mixin.py:190} INFO - [2024-08-29T15:05:35.892+0000] {dag.py:3211} INFO - Sync 1 DAGs
[2024-08-29T15:05:35.903+0000] {logging_mixin.py:190} INFO - [2024-08-29T15:05:35.903+0000] {dag.py:4138} INFO - Setting next_dagrun for example_bash_decorator to None, run_after=None
[2024-08-29T15:05:35.922+0000] {processor.py:208} INFO - Processing /home/airflow/.local/lib/python3.12/site-packages/airflow/example_dags/example_bash_decorator.py took 0.062 seconds
[2024-08-29T15:06:07.368+0000] {processor.py:186} INFO - Started process (PID=991) to work on /home/airflow/.local/lib/python3.12/site-packages/airflow/example_dags/example_bash_decorator.py
[2024-08-29T15:06:07.369+0000] {processor.py:914} INFO - Processing file /home/airflow/.local/lib/python3.12/site-packages/airflow/example_dags/example_bash_decorator.py for tasks to queue
[2024-08-29T15:06:07.371+0000] {logging_mixin.py:190} INFO - [2024-08-29T15:06:07.371+0000] {dagbag.py:587} INFO - Filling up the DagBag from /home/airflow/.local/lib/python3.12/site-packages/airflow/example_dags/example_bash_decorator.py
[2024-08-29T15:06:07.381+0000] {processor.py:925} INFO - DAG(s) 'example_bash_decorator' retrieved from /home/airflow/.local/lib/python3.12/site-packages/airflow/example_dags/example_bash_decorator.py
[2024-08-29T15:06:07.398+0000] {logging_mixin.py:190} INFO - [2024-08-29T15:06:07.398+0000] {dag.py:3211} INFO - Sync 1 DAGs
[2024-08-29T15:06:07.407+0000] {logging_mixin.py:190} INFO - [2024-08-29T15:06:07.407+0000] {dag.py:4138} INFO - Setting next_dagrun for example_bash_decorator to None, run_after=None
[2024-08-29T15:06:07.424+0000] {processor.py:208} INFO - Processing /home/airflow/.local/lib/python3.12/site-packages/airflow/example_dags/example_bash_decorator.py took 0.060 seconds
[2024-08-29T15:06:38.109+0000] {processor.py:186} INFO - Started process (PID=1054) to work on /home/airflow/.local/lib/python3.12/site-packages/airflow/example_dags/example_bash_decorator.py
[2024-08-29T15:06:38.110+0000] {processor.py:914} INFO - Processing file /home/airflow/.local/lib/python3.12/site-packages/airflow/example_dags/example_bash_decorator.py for tasks to queue
[2024-08-29T15:06:38.112+0000] {logging_mixin.py:190} INFO - [2024-08-29T15:06:38.112+0000] {dagbag.py:587} INFO - Filling up the DagBag from /home/airflow/.local/lib/python3.12/site-packages/airflow/example_dags/example_bash_decorator.py
[2024-08-29T15:06:38.124+0000] {processor.py:925} INFO - DAG(s) 'example_bash_decorator' retrieved from /home/airflow/.local/lib/python3.12/site-packages/airflow/example_dags/example_bash_decorator.py
[2024-08-29T15:06:38.142+0000] {logging_mixin.py:190} INFO - [2024-08-29T15:06:38.142+0000] {dag.py:3211} INFO - Sync 1 DAGs
[2024-08-29T15:06:38.153+0000] {logging_mixin.py:190} INFO - [2024-08-29T15:06:38.153+0000] {dag.py:4138} INFO - Setting next_dagrun for example_bash_decorator to None, run_after=None
[2024-08-29T15:06:38.169+0000] {processor.py:208} INFO - Processing /home/airflow/.local/lib/python3.12/site-packages/airflow/example_dags/example_bash_decorator.py took 0.065 seconds
[2024-08-29T15:07:08.760+0000] {processor.py:186} INFO - Started process (PID=1117) to work on /home/airflow/.local/lib/python3.12/site-packages/airflow/example_dags/example_bash_decorator.py
[2024-08-29T15:07:08.761+0000] {processor.py:914} INFO - Processing file /home/airflow/.local/lib/python3.12/site-packages/airflow/example_dags/example_bash_decorator.py for tasks to queue
[2024-08-29T15:07:08.763+0000] {logging_mixin.py:190} INFO - [2024-08-29T15:07:08.763+0000] {dagbag.py:587} INFO - Filling up the DagBag from /home/airflow/.local/lib/python3.12/site-packages/airflow/example_dags/example_bash_decorator.py
[2024-08-29T15:07:08.774+0000] {processor.py:925} INFO - DAG(s) 'example_bash_decorator' retrieved from /home/airflow/.local/lib/python3.12/site-packages/airflow/example_dags/example_bash_decorator.py
[2024-08-29T15:07:08.792+0000] {logging_mixin.py:190} INFO - [2024-08-29T15:07:08.792+0000] {dag.py:3211} INFO - Sync 1 DAGs
[2024-08-29T15:07:08.801+0000] {logging_mixin.py:190} INFO - [2024-08-29T15:07:08.801+0000] {dag.py:4138} INFO - Setting next_dagrun for example_bash_decorator to None, run_after=None
[2024-08-29T15:07:08.817+0000] {processor.py:208} INFO - Processing /home/airflow/.local/lib/python3.12/site-packages/airflow/example_dags/example_bash_decorator.py took 0.061 seconds
[2024-08-29T15:07:39.104+0000] {processor.py:186} INFO - Started process (PID=1180) to work on /home/airflow/.local/lib/python3.12/site-packages/airflow/example_dags/example_bash_decorator.py
[2024-08-29T15:07:39.105+0000] {processor.py:914} INFO - Processing file /home/airflow/.local/lib/python3.12/site-packages/airflow/example_dags/example_bash_decorator.py for tasks to queue
[2024-08-29T15:07:39.107+0000] {logging_mixin.py:190} INFO - [2024-08-29T15:07:39.107+0000] {dagbag.py:587} INFO - Filling up the DagBag from /home/airflow/.local/lib/python3.12/site-packages/airflow/example_dags/example_bash_decorator.py
[2024-08-29T15:07:39.118+0000] {processor.py:925} INFO - DAG(s) 'example_bash_decorator' retrieved from /home/airflow/.local/lib/python3.12/site-packages/airflow/example_dags/example_bash_decorator.py
[2024-08-29T15:07:39.136+0000] {logging_mixin.py:190} INFO - [2024-08-29T15:07:39.135+0000] {dag.py:3211} INFO - Sync 1 DAGs
[2024-08-29T15:07:39.145+0000] {logging_mixin.py:190} INFO - [2024-08-29T15:07:39.145+0000] {dag.py:4138} INFO - Setting next_dagrun for example_bash_decorator to None, run_after=None
[2024-08-29T15:07:39.164+0000] {processor.py:208} INFO - Processing /home/airflow/.local/lib/python3.12/site-packages/airflow/example_dags/example_bash_decorator.py took 0.065 seconds
[2024-08-29T15:08:09.679+0000] {processor.py:186} INFO - Started process (PID=1243) to work on /home/airflow/.local/lib/python3.12/site-packages/airflow/example_dags/example_bash_decorator.py
[2024-08-29T15:08:09.680+0000] {processor.py:914} INFO - Processing file /home/airflow/.local/lib/python3.12/site-packages/airflow/example_dags/example_bash_decorator.py for tasks to queue
[2024-08-29T15:08:09.682+0000] {logging_mixin.py:190} INFO - [2024-08-29T15:08:09.682+0000] {dagbag.py:587} INFO - Filling up the DagBag from /home/airflow/.local/lib/python3.12/site-packages/airflow/example_dags/example_bash_decorator.py
[2024-08-29T15:08:09.693+0000] {processor.py:925} INFO - DAG(s) 'example_bash_decorator' retrieved from /home/airflow/.local/lib/python3.12/site-packages/airflow/example_dags/example_bash_decorator.py
[2024-08-29T15:08:09.709+0000] {logging_mixin.py:190} INFO - [2024-08-29T15:08:09.709+0000] {dag.py:3211} INFO - Sync 1 DAGs
[2024-08-29T15:08:09.719+0000] {logging_mixin.py:190} INFO - [2024-08-29T15:08:09.719+0000] {dag.py:4138} INFO - Setting next_dagrun for example_bash_decorator to None, run_after=None
[2024-08-29T15:08:09.734+0000] {processor.py:208} INFO - Processing /home/airflow/.local/lib/python3.12/site-packages/airflow/example_dags/example_bash_decorator.py took 0.059 seconds
[2024-08-29T15:08:40.133+0000] {processor.py:186} INFO - Started process (PID=1306) to work on /home/airflow/.local/lib/python3.12/site-packages/airflow/example_dags/example_bash_decorator.py
[2024-08-29T15:08:40.135+0000] {processor.py:914} INFO - Processing file /home/airflow/.local/lib/python3.12/site-packages/airflow/example_dags/example_bash_decorator.py for tasks to queue
[2024-08-29T15:08:40.137+0000] {logging_mixin.py:190} INFO - [2024-08-29T15:08:40.136+0000] {dagbag.py:587} INFO - Filling up the DagBag from /home/airflow/.local/lib/python3.12/site-packages/airflow/example_dags/example_bash_decorator.py
[2024-08-29T15:08:40.147+0000] {processor.py:925} INFO - DAG(s) 'example_bash_decorator' retrieved from /home/airflow/.local/lib/python3.12/site-packages/airflow/example_dags/example_bash_decorator.py
[2024-08-29T15:08:40.165+0000] {logging_mixin.py:190} INFO - [2024-08-29T15:08:40.164+0000] {dag.py:3211} INFO - Sync 1 DAGs
[2024-08-29T15:08:40.176+0000] {logging_mixin.py:190} INFO - [2024-08-29T15:08:40.175+0000] {dag.py:4138} INFO - Setting next_dagrun for example_bash_decorator to None, run_after=None
[2024-08-29T15:08:40.193+0000] {processor.py:208} INFO - Processing /home/airflow/.local/lib/python3.12/site-packages/airflow/example_dags/example_bash_decorator.py took 0.064 seconds
[2024-08-29T15:09:11.032+0000] {processor.py:186} INFO - Started process (PID=1369) to work on /home/airflow/.local/lib/python3.12/site-packages/airflow/example_dags/example_bash_decorator.py
[2024-08-29T15:09:11.033+0000] {processor.py:914} INFO - Processing file /home/airflow/.local/lib/python3.12/site-packages/airflow/example_dags/example_bash_decorator.py for tasks to queue
[2024-08-29T15:09:11.035+0000] {logging_mixin.py:190} INFO - [2024-08-29T15:09:11.035+0000] {dagbag.py:587} INFO - Filling up the DagBag from /home/airflow/.local/lib/python3.12/site-packages/airflow/example_dags/example_bash_decorator.py
[2024-08-29T15:09:11.045+0000] {processor.py:925} INFO - DAG(s) 'example_bash_decorator' retrieved from /home/airflow/.local/lib/python3.12/site-packages/airflow/example_dags/example_bash_decorator.py
[2024-08-29T15:09:11.062+0000] {logging_mixin.py:190} INFO - [2024-08-29T15:09:11.062+0000] {dag.py:3211} INFO - Sync 1 DAGs
[2024-08-29T15:09:11.071+0000] {logging_mixin.py:190} INFO - [2024-08-29T15:09:11.070+0000] {dag.py:4138} INFO - Setting next_dagrun for example_bash_decorator to None, run_after=None
[2024-08-29T15:09:11.087+0000] {processor.py:208} INFO - Processing /home/airflow/.local/lib/python3.12/site-packages/airflow/example_dags/example_bash_decorator.py took 0.059 seconds
[2024-08-29T15:09:41.143+0000] {processor.py:186} INFO - Started process (PID=1433) to work on /home/airflow/.local/lib/python3.12/site-packages/airflow/example_dags/example_bash_decorator.py
[2024-08-29T15:09:41.144+0000] {processor.py:914} INFO - Processing file /home/airflow/.local/lib/python3.12/site-packages/airflow/example_dags/example_bash_decorator.py for tasks to queue
[2024-08-29T15:09:41.146+0000] {logging_mixin.py:190} INFO - [2024-08-29T15:09:41.146+0000] {dagbag.py:587} INFO - Filling up the DagBag from /home/airflow/.local/lib/python3.12/site-packages/airflow/example_dags/example_bash_decorator.py
[2024-08-29T15:09:41.157+0000] {processor.py:925} INFO - DAG(s) 'example_bash_decorator' retrieved from /home/airflow/.local/lib/python3.12/site-packages/airflow/example_dags/example_bash_decorator.py
[2024-08-29T15:09:41.175+0000] {logging_mixin.py:190} INFO - [2024-08-29T15:09:41.174+0000] {dag.py:3211} INFO - Sync 1 DAGs
[2024-08-29T15:09:41.185+0000] {logging_mixin.py:190} INFO - [2024-08-29T15:09:41.184+0000] {dag.py:4138} INFO - Setting next_dagrun for example_bash_decorator to None, run_after=None
[2024-08-29T15:09:41.200+0000] {processor.py:208} INFO - Processing /home/airflow/.local/lib/python3.12/site-packages/airflow/example_dags/example_bash_decorator.py took 0.061 seconds
[2024-08-29T15:10:11.949+0000] {processor.py:186} INFO - Started process (PID=1496) to work on /home/airflow/.local/lib/python3.12/site-packages/airflow/example_dags/example_bash_decorator.py
[2024-08-29T15:10:11.950+0000] {processor.py:914} INFO - Processing file /home/airflow/.local/lib/python3.12/site-packages/airflow/example_dags/example_bash_decorator.py for tasks to queue
[2024-08-29T15:10:11.952+0000] {logging_mixin.py:190} INFO - [2024-08-29T15:10:11.951+0000] {dagbag.py:587} INFO - Filling up the DagBag from /home/airflow/.local/lib/python3.12/site-packages/airflow/example_dags/example_bash_decorator.py
[2024-08-29T15:10:11.963+0000] {processor.py:925} INFO - DAG(s) 'example_bash_decorator' retrieved from /home/airflow/.local/lib/python3.12/site-packages/airflow/example_dags/example_bash_decorator.py
[2024-08-29T15:10:11.980+0000] {logging_mixin.py:190} INFO - [2024-08-29T15:10:11.980+0000] {dag.py:3211} INFO - Sync 1 DAGs
[2024-08-29T15:10:11.991+0000] {logging_mixin.py:190} INFO - [2024-08-29T15:10:11.991+0000] {dag.py:4138} INFO - Setting next_dagrun for example_bash_decorator to None, run_after=None
[2024-08-29T15:10:12.006+0000] {processor.py:208} INFO - Processing /home/airflow/.local/lib/python3.12/site-packages/airflow/example_dags/example_bash_decorator.py took 0.062 seconds
[2024-08-29T15:11:18.637+0000] {processor.py:186} INFO - Started process (PID=119) to work on /home/airflow/.local/lib/python3.12/site-packages/airflow/example_dags/example_bash_decorator.py
[2024-08-29T15:11:18.638+0000] {processor.py:914} INFO - Processing file /home/airflow/.local/lib/python3.12/site-packages/airflow/example_dags/example_bash_decorator.py for tasks to queue
[2024-08-29T15:11:18.640+0000] {logging_mixin.py:190} INFO - [2024-08-29T15:11:18.640+0000] {dagbag.py:587} INFO - Filling up the DagBag from /home/airflow/.local/lib/python3.12/site-packages/airflow/example_dags/example_bash_decorator.py
[2024-08-29T15:11:18.652+0000] {processor.py:925} INFO - DAG(s) 'example_bash_decorator' retrieved from /home/airflow/.local/lib/python3.12/site-packages/airflow/example_dags/example_bash_decorator.py
[2024-08-29T15:11:18.728+0000] {logging_mixin.py:190} INFO - [2024-08-29T15:11:18.728+0000] {dag.py:3211} INFO - Sync 1 DAGs
[2024-08-29T15:11:18.739+0000] {logging_mixin.py:190} INFO - [2024-08-29T15:11:18.738+0000] {dag.py:4138} INFO - Setting next_dagrun for example_bash_decorator to None, run_after=None
[2024-08-29T15:11:18.757+0000] {processor.py:208} INFO - Processing /home/airflow/.local/lib/python3.12/site-packages/airflow/example_dags/example_bash_decorator.py took 0.124 seconds
[2024-08-29T15:11:49.296+0000] {processor.py:186} INFO - Started process (PID=182) to work on /home/airflow/.local/lib/python3.12/site-packages/airflow/example_dags/example_bash_decorator.py
[2024-08-29T15:11:49.297+0000] {processor.py:914} INFO - Processing file /home/airflow/.local/lib/python3.12/site-packages/airflow/example_dags/example_bash_decorator.py for tasks to queue
[2024-08-29T15:11:49.299+0000] {logging_mixin.py:190} INFO - [2024-08-29T15:11:49.298+0000] {dagbag.py:587} INFO - Filling up the DagBag from /home/airflow/.local/lib/python3.12/site-packages/airflow/example_dags/example_bash_decorator.py
[2024-08-29T15:11:49.309+0000] {processor.py:925} INFO - DAG(s) 'example_bash_decorator' retrieved from /home/airflow/.local/lib/python3.12/site-packages/airflow/example_dags/example_bash_decorator.py
[2024-08-29T15:11:49.326+0000] {logging_mixin.py:190} INFO - [2024-08-29T15:11:49.326+0000] {dag.py:3211} INFO - Sync 1 DAGs
[2024-08-29T15:11:49.337+0000] {logging_mixin.py:190} INFO - [2024-08-29T15:11:49.336+0000] {dag.py:4138} INFO - Setting next_dagrun for example_bash_decorator to None, run_after=None
[2024-08-29T15:11:49.352+0000] {processor.py:208} INFO - Processing /home/airflow/.local/lib/python3.12/site-packages/airflow/example_dags/example_bash_decorator.py took 0.060 seconds
[2024-08-29T15:12:20.022+0000] {processor.py:186} INFO - Started process (PID=245) to work on /home/airflow/.local/lib/python3.12/site-packages/airflow/example_dags/example_bash_decorator.py
[2024-08-29T15:12:20.023+0000] {processor.py:914} INFO - Processing file /home/airflow/.local/lib/python3.12/site-packages/airflow/example_dags/example_bash_decorator.py for tasks to queue
[2024-08-29T15:12:20.026+0000] {logging_mixin.py:190} INFO - [2024-08-29T15:12:20.025+0000] {dagbag.py:587} INFO - Filling up the DagBag from /home/airflow/.local/lib/python3.12/site-packages/airflow/example_dags/example_bash_decorator.py
[2024-08-29T15:12:20.036+0000] {processor.py:925} INFO - DAG(s) 'example_bash_decorator' retrieved from /home/airflow/.local/lib/python3.12/site-packages/airflow/example_dags/example_bash_decorator.py
[2024-08-29T15:12:20.052+0000] {logging_mixin.py:190} INFO - [2024-08-29T15:12:20.052+0000] {dag.py:3211} INFO - Sync 1 DAGs
[2024-08-29T15:12:20.062+0000] {logging_mixin.py:190} INFO - [2024-08-29T15:12:20.061+0000] {dag.py:4138} INFO - Setting next_dagrun for example_bash_decorator to None, run_after=None
[2024-08-29T15:12:20.078+0000] {processor.py:208} INFO - Processing /home/airflow/.local/lib/python3.12/site-packages/airflow/example_dags/example_bash_decorator.py took 0.060 seconds
[2024-08-29T15:12:52.018+0000] {processor.py:186} INFO - Started process (PID=308) to work on /home/airflow/.local/lib/python3.12/site-packages/airflow/example_dags/example_bash_decorator.py
[2024-08-29T15:12:52.019+0000] {processor.py:914} INFO - Processing file /home/airflow/.local/lib/python3.12/site-packages/airflow/example_dags/example_bash_decorator.py for tasks to queue
[2024-08-29T15:12:52.021+0000] {logging_mixin.py:190} INFO - [2024-08-29T15:12:52.021+0000] {dagbag.py:587} INFO - Filling up the DagBag from /home/airflow/.local/lib/python3.12/site-packages/airflow/example_dags/example_bash_decorator.py
[2024-08-29T15:12:52.032+0000] {processor.py:925} INFO - DAG(s) 'example_bash_decorator' retrieved from /home/airflow/.local/lib/python3.12/site-packages/airflow/example_dags/example_bash_decorator.py
[2024-08-29T15:12:52.050+0000] {logging_mixin.py:190} INFO - [2024-08-29T15:12:52.050+0000] {dag.py:3211} INFO - Sync 1 DAGs
[2024-08-29T15:12:52.061+0000] {logging_mixin.py:190} INFO - [2024-08-29T15:12:52.061+0000] {dag.py:4138} INFO - Setting next_dagrun for example_bash_decorator to None, run_after=None
[2024-08-29T15:12:52.078+0000] {processor.py:208} INFO - Processing /home/airflow/.local/lib/python3.12/site-packages/airflow/example_dags/example_bash_decorator.py took 0.064 seconds
[2024-08-29T15:13:22.481+0000] {processor.py:186} INFO - Started process (PID=371) to work on /home/airflow/.local/lib/python3.12/site-packages/airflow/example_dags/example_bash_decorator.py
[2024-08-29T15:13:22.483+0000] {processor.py:914} INFO - Processing file /home/airflow/.local/lib/python3.12/site-packages/airflow/example_dags/example_bash_decorator.py for tasks to queue
[2024-08-29T15:13:22.485+0000] {logging_mixin.py:190} INFO - [2024-08-29T15:13:22.484+0000] {dagbag.py:587} INFO - Filling up the DagBag from /home/airflow/.local/lib/python3.12/site-packages/airflow/example_dags/example_bash_decorator.py
[2024-08-29T15:13:22.496+0000] {processor.py:925} INFO - DAG(s) 'example_bash_decorator' retrieved from /home/airflow/.local/lib/python3.12/site-packages/airflow/example_dags/example_bash_decorator.py
[2024-08-29T15:13:22.515+0000] {logging_mixin.py:190} INFO - [2024-08-29T15:13:22.515+0000] {dag.py:3211} INFO - Sync 1 DAGs
[2024-08-29T15:13:22.527+0000] {logging_mixin.py:190} INFO - [2024-08-29T15:13:22.527+0000] {dag.py:4138} INFO - Setting next_dagrun for example_bash_decorator to None, run_after=None
[2024-08-29T15:13:22.544+0000] {processor.py:208} INFO - Processing /home/airflow/.local/lib/python3.12/site-packages/airflow/example_dags/example_bash_decorator.py took 0.067 seconds
[2024-08-29T15:13:53.776+0000] {processor.py:186} INFO - Started process (PID=434) to work on /home/airflow/.local/lib/python3.12/site-packages/airflow/example_dags/example_bash_decorator.py
[2024-08-29T15:13:53.777+0000] {processor.py:914} INFO - Processing file /home/airflow/.local/lib/python3.12/site-packages/airflow/example_dags/example_bash_decorator.py for tasks to queue
[2024-08-29T15:13:53.779+0000] {logging_mixin.py:190} INFO - [2024-08-29T15:13:53.779+0000] {dagbag.py:587} INFO - Filling up the DagBag from /home/airflow/.local/lib/python3.12/site-packages/airflow/example_dags/example_bash_decorator.py
[2024-08-29T15:13:53.790+0000] {processor.py:925} INFO - DAG(s) 'example_bash_decorator' retrieved from /home/airflow/.local/lib/python3.12/site-packages/airflow/example_dags/example_bash_decorator.py
[2024-08-29T15:13:53.807+0000] {logging_mixin.py:190} INFO - [2024-08-29T15:13:53.807+0000] {dag.py:3211} INFO - Sync 1 DAGs
[2024-08-29T15:13:53.817+0000] {logging_mixin.py:190} INFO - [2024-08-29T15:13:53.817+0000] {dag.py:4138} INFO - Setting next_dagrun for example_bash_decorator to None, run_after=None
[2024-08-29T15:13:53.833+0000] {processor.py:208} INFO - Processing /home/airflow/.local/lib/python3.12/site-packages/airflow/example_dags/example_bash_decorator.py took 0.061 seconds
[2024-08-29T15:14:24.818+0000] {processor.py:186} INFO - Started process (PID=497) to work on /home/airflow/.local/lib/python3.12/site-packages/airflow/example_dags/example_bash_decorator.py
[2024-08-29T15:14:24.820+0000] {processor.py:914} INFO - Processing file /home/airflow/.local/lib/python3.12/site-packages/airflow/example_dags/example_bash_decorator.py for tasks to queue
[2024-08-29T15:14:24.823+0000] {logging_mixin.py:190} INFO - [2024-08-29T15:14:24.822+0000] {dagbag.py:587} INFO - Filling up the DagBag from /home/airflow/.local/lib/python3.12/site-packages/airflow/example_dags/example_bash_decorator.py
[2024-08-29T15:14:24.835+0000] {processor.py:925} INFO - DAG(s) 'example_bash_decorator' retrieved from /home/airflow/.local/lib/python3.12/site-packages/airflow/example_dags/example_bash_decorator.py
[2024-08-29T15:14:24.855+0000] {logging_mixin.py:190} INFO - [2024-08-29T15:14:24.854+0000] {dag.py:3211} INFO - Sync 1 DAGs
[2024-08-29T15:14:24.865+0000] {logging_mixin.py:190} INFO - [2024-08-29T15:14:24.865+0000] {dag.py:4138} INFO - Setting next_dagrun for example_bash_decorator to None, run_after=None
[2024-08-29T15:14:24.882+0000] {processor.py:208} INFO - Processing /home/airflow/.local/lib/python3.12/site-packages/airflow/example_dags/example_bash_decorator.py took 0.068 seconds
[2024-08-29T15:14:55.868+0000] {processor.py:186} INFO - Started process (PID=560) to work on /home/airflow/.local/lib/python3.12/site-packages/airflow/example_dags/example_bash_decorator.py
[2024-08-29T15:14:55.869+0000] {processor.py:914} INFO - Processing file /home/airflow/.local/lib/python3.12/site-packages/airflow/example_dags/example_bash_decorator.py for tasks to queue
[2024-08-29T15:14:55.872+0000] {logging_mixin.py:190} INFO - [2024-08-29T15:14:55.871+0000] {dagbag.py:587} INFO - Filling up the DagBag from /home/airflow/.local/lib/python3.12/site-packages/airflow/example_dags/example_bash_decorator.py
[2024-08-29T15:14:55.882+0000] {processor.py:925} INFO - DAG(s) 'example_bash_decorator' retrieved from /home/airflow/.local/lib/python3.12/site-packages/airflow/example_dags/example_bash_decorator.py
[2024-08-29T15:14:55.901+0000] {logging_mixin.py:190} INFO - [2024-08-29T15:14:55.900+0000] {dag.py:3211} INFO - Sync 1 DAGs
[2024-08-29T15:14:55.911+0000] {logging_mixin.py:190} INFO - [2024-08-29T15:14:55.910+0000] {dag.py:4138} INFO - Setting next_dagrun for example_bash_decorator to None, run_after=None
[2024-08-29T15:14:55.927+0000] {processor.py:208} INFO - Processing /home/airflow/.local/lib/python3.12/site-packages/airflow/example_dags/example_bash_decorator.py took 0.063 seconds
[2024-08-29T15:15:26.185+0000] {processor.py:186} INFO - Started process (PID=623) to work on /home/airflow/.local/lib/python3.12/site-packages/airflow/example_dags/example_bash_decorator.py
[2024-08-29T15:15:26.186+0000] {processor.py:914} INFO - Processing file /home/airflow/.local/lib/python3.12/site-packages/airflow/example_dags/example_bash_decorator.py for tasks to queue
[2024-08-29T15:15:26.188+0000] {logging_mixin.py:190} INFO - [2024-08-29T15:15:26.188+0000] {dagbag.py:587} INFO - Filling up the DagBag from /home/airflow/.local/lib/python3.12/site-packages/airflow/example_dags/example_bash_decorator.py
[2024-08-29T15:15:26.199+0000] {processor.py:925} INFO - DAG(s) 'example_bash_decorator' retrieved from /home/airflow/.local/lib/python3.12/site-packages/airflow/example_dags/example_bash_decorator.py
[2024-08-29T15:15:26.218+0000] {logging_mixin.py:190} INFO - [2024-08-29T15:15:26.218+0000] {dag.py:3211} INFO - Sync 1 DAGs
[2024-08-29T15:15:26.228+0000] {logging_mixin.py:190} INFO - [2024-08-29T15:15:26.228+0000] {dag.py:4138} INFO - Setting next_dagrun for example_bash_decorator to None, run_after=None
[2024-08-29T15:15:26.246+0000] {processor.py:208} INFO - Processing /home/airflow/.local/lib/python3.12/site-packages/airflow/example_dags/example_bash_decorator.py took 0.066 seconds
[2024-08-29T15:15:56.609+0000] {processor.py:186} INFO - Started process (PID=686) to work on /home/airflow/.local/lib/python3.12/site-packages/airflow/example_dags/example_bash_decorator.py
[2024-08-29T15:15:56.613+0000] {processor.py:914} INFO - Processing file /home/airflow/.local/lib/python3.12/site-packages/airflow/example_dags/example_bash_decorator.py for tasks to queue
[2024-08-29T15:15:56.626+0000] {logging_mixin.py:190} INFO - [2024-08-29T15:15:56.626+0000] {dagbag.py:587} INFO - Filling up the DagBag from /home/airflow/.local/lib/python3.12/site-packages/airflow/example_dags/example_bash_decorator.py
[2024-08-29T15:15:56.643+0000] {processor.py:925} INFO - DAG(s) 'example_bash_decorator' retrieved from /home/airflow/.local/lib/python3.12/site-packages/airflow/example_dags/example_bash_decorator.py
[2024-08-29T15:15:56.669+0000] {logging_mixin.py:190} INFO - [2024-08-29T15:15:56.668+0000] {dag.py:3211} INFO - Sync 1 DAGs
[2024-08-29T15:15:56.681+0000] {logging_mixin.py:190} INFO - [2024-08-29T15:15:56.681+0000] {dag.py:4138} INFO - Setting next_dagrun for example_bash_decorator to None, run_after=None
[2024-08-29T15:15:56.699+0000] {processor.py:208} INFO - Processing /home/airflow/.local/lib/python3.12/site-packages/airflow/example_dags/example_bash_decorator.py took 0.094 seconds
