[2024-08-29T14:58:52.066+0000] {processor.py:186} INFO - Started process (PID=65) to work on /home/airflow/.local/lib/python3.12/site-packages/airflow/example_dags/example_subdag_operator.py
[2024-08-29T14:58:52.067+0000] {processor.py:914} INFO - Processing file /home/airflow/.local/lib/python3.12/site-packages/airflow/example_dags/example_subdag_operator.py for tasks to queue
[2024-08-29T14:58:52.069+0000] {logging_mixin.py:190} INFO - [2024-08-29T14:58:52.069+0000] {dagbag.py:587} INFO - Filling up the DagBag from /home/airflow/.local/lib/python3.12/site-packages/airflow/example_dags/example_subdag_operator.py
[2024-08-29T14:58:52.091+0000] {processor.py:925} INFO - DAG(s) 'example_subdag_operator.section-1', 'example_subdag_operator.section-2', 'example_subdag_operator' retrieved from /home/airflow/.local/lib/python3.12/site-packages/airflow/example_dags/example_subdag_operator.py
[2024-08-29T14:58:52.109+0000] {logging_mixin.py:190} INFO - [2024-08-29T14:58:52.109+0000] {dag.py:3211} INFO - Sync 3 DAGs
[2024-08-29T14:58:52.127+0000] {logging_mixin.py:190} INFO - [2024-08-29T14:58:52.127+0000] {dag.py:4138} INFO - Setting next_dagrun for example_subdag_operator to 2022-01-01 00:00:00+00:00, run_after=2022-01-01 00:00:00+00:00
[2024-08-29T14:58:52.131+0000] {logging_mixin.py:190} INFO - [2024-08-29T14:58:52.130+0000] {dag.py:4138} INFO - Setting next_dagrun for example_subdag_operator.section-1 to None, run_after=None
[2024-08-29T14:58:52.132+0000] {logging_mixin.py:190} INFO - [2024-08-29T14:58:52.132+0000] {dag.py:4138} INFO - Setting next_dagrun for example_subdag_operator.section-2 to None, run_after=None
[2024-08-29T14:58:52.137+0000] {logging_mixin.py:190} INFO - [2024-08-29T14:58:52.137+0000] {dag.py:3211} INFO - Sync 2 DAGs
[2024-08-29T14:58:52.142+0000] {logging_mixin.py:190} INFO - [2024-08-29T14:58:52.142+0000] {dag.py:4138} INFO - Setting next_dagrun for example_subdag_operator.section-1 to None, run_after=None
[2024-08-29T14:58:52.143+0000] {logging_mixin.py:190} INFO - [2024-08-29T14:58:52.143+0000] {dag.py:4138} INFO - Setting next_dagrun for example_subdag_operator.section-2 to None, run_after=None
[2024-08-29T14:58:52.154+0000] {processor.py:208} INFO - Processing /home/airflow/.local/lib/python3.12/site-packages/airflow/example_dags/example_subdag_operator.py took 0.093 seconds
[2024-08-29T14:59:23.063+0000] {processor.py:186} INFO - Started process (PID=128) to work on /home/airflow/.local/lib/python3.12/site-packages/airflow/example_dags/example_subdag_operator.py
[2024-08-29T14:59:23.065+0000] {processor.py:914} INFO - Processing file /home/airflow/.local/lib/python3.12/site-packages/airflow/example_dags/example_subdag_operator.py for tasks to queue
[2024-08-29T14:59:23.067+0000] {logging_mixin.py:190} INFO - [2024-08-29T14:59:23.067+0000] {dagbag.py:587} INFO - Filling up the DagBag from /home/airflow/.local/lib/python3.12/site-packages/airflow/example_dags/example_subdag_operator.py
[2024-08-29T14:59:23.085+0000] {processor.py:925} INFO - DAG(s) 'example_subdag_operator.section-1', 'example_subdag_operator.section-2', 'example_subdag_operator' retrieved from /home/airflow/.local/lib/python3.12/site-packages/airflow/example_dags/example_subdag_operator.py
[2024-08-29T14:59:23.097+0000] {logging_mixin.py:190} INFO - [2024-08-29T14:59:23.097+0000] {dag.py:3211} INFO - Sync 3 DAGs
[2024-08-29T14:59:23.113+0000] {logging_mixin.py:190} INFO - [2024-08-29T14:59:23.113+0000] {dag.py:4138} INFO - Setting next_dagrun for example_subdag_operator to 2022-01-01 00:00:00+00:00, run_after=2022-01-01 00:00:00+00:00
[2024-08-29T14:59:23.117+0000] {logging_mixin.py:190} INFO - [2024-08-29T14:59:23.117+0000] {dag.py:4138} INFO - Setting next_dagrun for example_subdag_operator.section-1 to None, run_after=None
[2024-08-29T14:59:23.118+0000] {logging_mixin.py:190} INFO - [2024-08-29T14:59:23.118+0000] {dag.py:4138} INFO - Setting next_dagrun for example_subdag_operator.section-2 to None, run_after=None
[2024-08-29T14:59:23.124+0000] {logging_mixin.py:190} INFO - [2024-08-29T14:59:23.123+0000] {dag.py:3211} INFO - Sync 2 DAGs
[2024-08-29T14:59:23.129+0000] {logging_mixin.py:190} INFO - [2024-08-29T14:59:23.129+0000] {dag.py:4138} INFO - Setting next_dagrun for example_subdag_operator.section-1 to None, run_after=None
[2024-08-29T14:59:23.131+0000] {logging_mixin.py:190} INFO - [2024-08-29T14:59:23.130+0000] {dag.py:4138} INFO - Setting next_dagrun for example_subdag_operator.section-2 to None, run_after=None
[2024-08-29T14:59:23.143+0000] {processor.py:208} INFO - Processing /home/airflow/.local/lib/python3.12/site-packages/airflow/example_dags/example_subdag_operator.py took 0.084 seconds
[2024-08-29T14:59:53.781+0000] {processor.py:186} INFO - Started process (PID=190) to work on /home/airflow/.local/lib/python3.12/site-packages/airflow/example_dags/example_subdag_operator.py
[2024-08-29T14:59:53.790+0000] {processor.py:914} INFO - Processing file /home/airflow/.local/lib/python3.12/site-packages/airflow/example_dags/example_subdag_operator.py for tasks to queue
[2024-08-29T14:59:53.807+0000] {logging_mixin.py:190} INFO - [2024-08-29T14:59:53.807+0000] {dagbag.py:587} INFO - Filling up the DagBag from /home/airflow/.local/lib/python3.12/site-packages/airflow/example_dags/example_subdag_operator.py
[2024-08-29T14:59:53.827+0000] {processor.py:925} INFO - DAG(s) 'example_subdag_operator.section-1', 'example_subdag_operator.section-2', 'example_subdag_operator' retrieved from /home/airflow/.local/lib/python3.12/site-packages/airflow/example_dags/example_subdag_operator.py
[2024-08-29T14:59:53.840+0000] {logging_mixin.py:190} INFO - [2024-08-29T14:59:53.840+0000] {dag.py:3211} INFO - Sync 3 DAGs
[2024-08-29T14:59:53.858+0000] {logging_mixin.py:190} INFO - [2024-08-29T14:59:53.858+0000] {dag.py:4138} INFO - Setting next_dagrun for example_subdag_operator to 2022-01-01 00:00:00+00:00, run_after=2022-01-01 00:00:00+00:00
[2024-08-29T14:59:53.861+0000] {logging_mixin.py:190} INFO - [2024-08-29T14:59:53.861+0000] {dag.py:4138} INFO - Setting next_dagrun for example_subdag_operator.section-1 to None, run_after=None
[2024-08-29T14:59:53.864+0000] {logging_mixin.py:190} INFO - [2024-08-29T14:59:53.864+0000] {dag.py:4138} INFO - Setting next_dagrun for example_subdag_operator.section-2 to None, run_after=None
[2024-08-29T14:59:53.870+0000] {logging_mixin.py:190} INFO - [2024-08-29T14:59:53.870+0000] {dag.py:3211} INFO - Sync 2 DAGs
[2024-08-29T14:59:53.874+0000] {logging_mixin.py:190} INFO - [2024-08-29T14:59:53.874+0000] {dag.py:4138} INFO - Setting next_dagrun for example_subdag_operator.section-1 to None, run_after=None
[2024-08-29T14:59:53.876+0000] {logging_mixin.py:190} INFO - [2024-08-29T14:59:53.876+0000] {dag.py:4138} INFO - Setting next_dagrun for example_subdag_operator.section-2 to None, run_after=None
[2024-08-29T14:59:53.888+0000] {processor.py:208} INFO - Processing /home/airflow/.local/lib/python3.12/site-packages/airflow/example_dags/example_subdag_operator.py took 0.112 seconds
[2024-08-29T15:00:23.949+0000] {processor.py:186} INFO - Started process (PID=252) to work on /home/airflow/.local/lib/python3.12/site-packages/airflow/example_dags/example_subdag_operator.py
[2024-08-29T15:00:23.950+0000] {processor.py:914} INFO - Processing file /home/airflow/.local/lib/python3.12/site-packages/airflow/example_dags/example_subdag_operator.py for tasks to queue
[2024-08-29T15:00:23.952+0000] {logging_mixin.py:190} INFO - [2024-08-29T15:00:23.951+0000] {dagbag.py:587} INFO - Filling up the DagBag from /home/airflow/.local/lib/python3.12/site-packages/airflow/example_dags/example_subdag_operator.py
[2024-08-29T15:00:23.971+0000] {processor.py:925} INFO - DAG(s) 'example_subdag_operator.section-1', 'example_subdag_operator.section-2', 'example_subdag_operator' retrieved from /home/airflow/.local/lib/python3.12/site-packages/airflow/example_dags/example_subdag_operator.py
[2024-08-29T15:00:23.983+0000] {logging_mixin.py:190} INFO - [2024-08-29T15:00:23.983+0000] {dag.py:3211} INFO - Sync 3 DAGs
[2024-08-29T15:00:24.001+0000] {logging_mixin.py:190} INFO - [2024-08-29T15:00:24.000+0000] {dag.py:4138} INFO - Setting next_dagrun for example_subdag_operator to 2022-01-01 00:00:00+00:00, run_after=2022-01-01 00:00:00+00:00
[2024-08-29T15:00:24.004+0000] {logging_mixin.py:190} INFO - [2024-08-29T15:00:24.004+0000] {dag.py:4138} INFO - Setting next_dagrun for example_subdag_operator.section-1 to None, run_after=None
[2024-08-29T15:00:24.006+0000] {logging_mixin.py:190} INFO - [2024-08-29T15:00:24.006+0000] {dag.py:4138} INFO - Setting next_dagrun for example_subdag_operator.section-2 to None, run_after=None
[2024-08-29T15:00:24.012+0000] {logging_mixin.py:190} INFO - [2024-08-29T15:00:24.012+0000] {dag.py:3211} INFO - Sync 2 DAGs
[2024-08-29T15:00:24.018+0000] {logging_mixin.py:190} INFO - [2024-08-29T15:00:24.018+0000] {dag.py:4138} INFO - Setting next_dagrun for example_subdag_operator.section-1 to None, run_after=None
[2024-08-29T15:00:24.019+0000] {logging_mixin.py:190} INFO - [2024-08-29T15:00:24.019+0000] {dag.py:4138} INFO - Setting next_dagrun for example_subdag_operator.section-2 to None, run_after=None
[2024-08-29T15:00:24.035+0000] {processor.py:208} INFO - Processing /home/airflow/.local/lib/python3.12/site-packages/airflow/example_dags/example_subdag_operator.py took 0.091 seconds
[2024-08-29T15:00:54.889+0000] {processor.py:186} INFO - Started process (PID=314) to work on /home/airflow/.local/lib/python3.12/site-packages/airflow/example_dags/example_subdag_operator.py
[2024-08-29T15:00:54.890+0000] {processor.py:914} INFO - Processing file /home/airflow/.local/lib/python3.12/site-packages/airflow/example_dags/example_subdag_operator.py for tasks to queue
[2024-08-29T15:00:54.892+0000] {logging_mixin.py:190} INFO - [2024-08-29T15:00:54.891+0000] {dagbag.py:587} INFO - Filling up the DagBag from /home/airflow/.local/lib/python3.12/site-packages/airflow/example_dags/example_subdag_operator.py
[2024-08-29T15:00:54.910+0000] {processor.py:925} INFO - DAG(s) 'example_subdag_operator.section-1', 'example_subdag_operator.section-2', 'example_subdag_operator' retrieved from /home/airflow/.local/lib/python3.12/site-packages/airflow/example_dags/example_subdag_operator.py
[2024-08-29T15:00:54.923+0000] {logging_mixin.py:190} INFO - [2024-08-29T15:00:54.922+0000] {dag.py:3211} INFO - Sync 3 DAGs
[2024-08-29T15:00:54.938+0000] {logging_mixin.py:190} INFO - [2024-08-29T15:00:54.938+0000] {dag.py:4138} INFO - Setting next_dagrun for example_subdag_operator to 2022-01-01 00:00:00+00:00, run_after=2022-01-01 00:00:00+00:00
[2024-08-29T15:00:54.945+0000] {logging_mixin.py:190} INFO - [2024-08-29T15:00:54.945+0000] {dag.py:4138} INFO - Setting next_dagrun for example_subdag_operator.section-1 to None, run_after=None
[2024-08-29T15:00:54.948+0000] {logging_mixin.py:190} INFO - [2024-08-29T15:00:54.948+0000] {dag.py:4138} INFO - Setting next_dagrun for example_subdag_operator.section-2 to None, run_after=None
[2024-08-29T15:00:54.956+0000] {logging_mixin.py:190} INFO - [2024-08-29T15:00:54.955+0000] {dag.py:3211} INFO - Sync 2 DAGs
[2024-08-29T15:00:54.962+0000] {logging_mixin.py:190} INFO - [2024-08-29T15:00:54.962+0000] {dag.py:4138} INFO - Setting next_dagrun for example_subdag_operator.section-1 to None, run_after=None
[2024-08-29T15:00:54.963+0000] {logging_mixin.py:190} INFO - [2024-08-29T15:00:54.963+0000] {dag.py:4138} INFO - Setting next_dagrun for example_subdag_operator.section-2 to None, run_after=None
[2024-08-29T15:00:54.975+0000] {processor.py:208} INFO - Processing /home/airflow/.local/lib/python3.12/site-packages/airflow/example_dags/example_subdag_operator.py took 0.090 seconds
[2024-08-29T15:01:25.717+0000] {processor.py:186} INFO - Started process (PID=382) to work on /home/airflow/.local/lib/python3.12/site-packages/airflow/example_dags/example_subdag_operator.py
[2024-08-29T15:01:25.718+0000] {processor.py:914} INFO - Processing file /home/airflow/.local/lib/python3.12/site-packages/airflow/example_dags/example_subdag_operator.py for tasks to queue
[2024-08-29T15:01:25.719+0000] {logging_mixin.py:190} INFO - [2024-08-29T15:01:25.719+0000] {dagbag.py:587} INFO - Filling up the DagBag from /home/airflow/.local/lib/python3.12/site-packages/airflow/example_dags/example_subdag_operator.py
[2024-08-29T15:01:25.736+0000] {processor.py:925} INFO - DAG(s) 'example_subdag_operator.section-1', 'example_subdag_operator.section-2', 'example_subdag_operator' retrieved from /home/airflow/.local/lib/python3.12/site-packages/airflow/example_dags/example_subdag_operator.py
[2024-08-29T15:01:25.747+0000] {logging_mixin.py:190} INFO - [2024-08-29T15:01:25.747+0000] {dag.py:3211} INFO - Sync 3 DAGs
[2024-08-29T15:01:25.766+0000] {logging_mixin.py:190} INFO - [2024-08-29T15:01:25.766+0000] {dag.py:4138} INFO - Setting next_dagrun for example_subdag_operator to 2022-01-01 00:00:00+00:00, run_after=2022-01-01 00:00:00+00:00
[2024-08-29T15:01:25.769+0000] {logging_mixin.py:190} INFO - [2024-08-29T15:01:25.769+0000] {dag.py:4138} INFO - Setting next_dagrun for example_subdag_operator.section-1 to None, run_after=None
[2024-08-29T15:01:25.771+0000] {logging_mixin.py:190} INFO - [2024-08-29T15:01:25.770+0000] {dag.py:4138} INFO - Setting next_dagrun for example_subdag_operator.section-2 to None, run_after=None
[2024-08-29T15:01:25.776+0000] {logging_mixin.py:190} INFO - [2024-08-29T15:01:25.776+0000] {dag.py:3211} INFO - Sync 2 DAGs
[2024-08-29T15:01:25.780+0000] {logging_mixin.py:190} INFO - [2024-08-29T15:01:25.780+0000] {dag.py:4138} INFO - Setting next_dagrun for example_subdag_operator.section-1 to None, run_after=None
[2024-08-29T15:01:25.787+0000] {logging_mixin.py:190} INFO - [2024-08-29T15:01:25.787+0000] {dag.py:4138} INFO - Setting next_dagrun for example_subdag_operator.section-2 to None, run_after=None
[2024-08-29T15:01:25.799+0000] {processor.py:208} INFO - Processing /home/airflow/.local/lib/python3.12/site-packages/airflow/example_dags/example_subdag_operator.py took 0.086 seconds
[2024-08-29T15:01:56.268+0000] {processor.py:186} INFO - Started process (PID=444) to work on /home/airflow/.local/lib/python3.12/site-packages/airflow/example_dags/example_subdag_operator.py
[2024-08-29T15:01:56.269+0000] {processor.py:914} INFO - Processing file /home/airflow/.local/lib/python3.12/site-packages/airflow/example_dags/example_subdag_operator.py for tasks to queue
[2024-08-29T15:01:56.271+0000] {logging_mixin.py:190} INFO - [2024-08-29T15:01:56.271+0000] {dagbag.py:587} INFO - Filling up the DagBag from /home/airflow/.local/lib/python3.12/site-packages/airflow/example_dags/example_subdag_operator.py
[2024-08-29T15:01:56.290+0000] {processor.py:925} INFO - DAG(s) 'example_subdag_operator.section-1', 'example_subdag_operator.section-2', 'example_subdag_operator' retrieved from /home/airflow/.local/lib/python3.12/site-packages/airflow/example_dags/example_subdag_operator.py
[2024-08-29T15:01:56.302+0000] {logging_mixin.py:190} INFO - [2024-08-29T15:01:56.302+0000] {dag.py:3211} INFO - Sync 3 DAGs
[2024-08-29T15:01:56.317+0000] {logging_mixin.py:190} INFO - [2024-08-29T15:01:56.317+0000] {dag.py:4138} INFO - Setting next_dagrun for example_subdag_operator to 2022-01-01 00:00:00+00:00, run_after=2022-01-01 00:00:00+00:00
[2024-08-29T15:01:56.321+0000] {logging_mixin.py:190} INFO - [2024-08-29T15:01:56.320+0000] {dag.py:4138} INFO - Setting next_dagrun for example_subdag_operator.section-1 to None, run_after=None
[2024-08-29T15:01:56.322+0000] {logging_mixin.py:190} INFO - [2024-08-29T15:01:56.322+0000] {dag.py:4138} INFO - Setting next_dagrun for example_subdag_operator.section-2 to None, run_after=None
[2024-08-29T15:01:56.327+0000] {logging_mixin.py:190} INFO - [2024-08-29T15:01:56.327+0000] {dag.py:3211} INFO - Sync 2 DAGs
[2024-08-29T15:01:56.334+0000] {logging_mixin.py:190} INFO - [2024-08-29T15:01:56.334+0000] {dag.py:4138} INFO - Setting next_dagrun for example_subdag_operator.section-1 to None, run_after=None
[2024-08-29T15:01:56.337+0000] {logging_mixin.py:190} INFO - [2024-08-29T15:01:56.337+0000] {dag.py:4138} INFO - Setting next_dagrun for example_subdag_operator.section-2 to None, run_after=None
[2024-08-29T15:01:56.349+0000] {processor.py:208} INFO - Processing /home/airflow/.local/lib/python3.12/site-packages/airflow/example_dags/example_subdag_operator.py took 0.086 seconds
[2024-08-29T15:02:26.875+0000] {processor.py:186} INFO - Started process (PID=506) to work on /home/airflow/.local/lib/python3.12/site-packages/airflow/example_dags/example_subdag_operator.py
[2024-08-29T15:02:26.876+0000] {processor.py:914} INFO - Processing file /home/airflow/.local/lib/python3.12/site-packages/airflow/example_dags/example_subdag_operator.py for tasks to queue
[2024-08-29T15:02:26.878+0000] {logging_mixin.py:190} INFO - [2024-08-29T15:02:26.878+0000] {dagbag.py:587} INFO - Filling up the DagBag from /home/airflow/.local/lib/python3.12/site-packages/airflow/example_dags/example_subdag_operator.py
[2024-08-29T15:02:26.898+0000] {processor.py:925} INFO - DAG(s) 'example_subdag_operator.section-1', 'example_subdag_operator.section-2', 'example_subdag_operator' retrieved from /home/airflow/.local/lib/python3.12/site-packages/airflow/example_dags/example_subdag_operator.py
[2024-08-29T15:02:26.909+0000] {logging_mixin.py:190} INFO - [2024-08-29T15:02:26.909+0000] {dag.py:3211} INFO - Sync 3 DAGs
[2024-08-29T15:02:26.926+0000] {logging_mixin.py:190} INFO - [2024-08-29T15:02:26.926+0000] {dag.py:4138} INFO - Setting next_dagrun for example_subdag_operator to 2022-01-01 00:00:00+00:00, run_after=2022-01-01 00:00:00+00:00
[2024-08-29T15:02:26.929+0000] {logging_mixin.py:190} INFO - [2024-08-29T15:02:26.929+0000] {dag.py:4138} INFO - Setting next_dagrun for example_subdag_operator.section-1 to None, run_after=None
[2024-08-29T15:02:26.930+0000] {logging_mixin.py:190} INFO - [2024-08-29T15:02:26.930+0000] {dag.py:4138} INFO - Setting next_dagrun for example_subdag_operator.section-2 to None, run_after=None
[2024-08-29T15:02:26.935+0000] {logging_mixin.py:190} INFO - [2024-08-29T15:02:26.935+0000] {dag.py:3211} INFO - Sync 2 DAGs
[2024-08-29T15:02:26.942+0000] {logging_mixin.py:190} INFO - [2024-08-29T15:02:26.942+0000] {dag.py:4138} INFO - Setting next_dagrun for example_subdag_operator.section-1 to None, run_after=None
[2024-08-29T15:02:26.943+0000] {logging_mixin.py:190} INFO - [2024-08-29T15:02:26.943+0000] {dag.py:4138} INFO - Setting next_dagrun for example_subdag_operator.section-2 to None, run_after=None
[2024-08-29T15:02:26.955+0000] {processor.py:208} INFO - Processing /home/airflow/.local/lib/python3.12/site-packages/airflow/example_dags/example_subdag_operator.py took 0.084 seconds
[2024-08-29T15:02:57.374+0000] {processor.py:186} INFO - Started process (PID=568) to work on /home/airflow/.local/lib/python3.12/site-packages/airflow/example_dags/example_subdag_operator.py
[2024-08-29T15:02:57.376+0000] {processor.py:914} INFO - Processing file /home/airflow/.local/lib/python3.12/site-packages/airflow/example_dags/example_subdag_operator.py for tasks to queue
[2024-08-29T15:02:57.377+0000] {logging_mixin.py:190} INFO - [2024-08-29T15:02:57.377+0000] {dagbag.py:587} INFO - Filling up the DagBag from /home/airflow/.local/lib/python3.12/site-packages/airflow/example_dags/example_subdag_operator.py
[2024-08-29T15:02:57.394+0000] {processor.py:925} INFO - DAG(s) 'example_subdag_operator.section-1', 'example_subdag_operator.section-2', 'example_subdag_operator' retrieved from /home/airflow/.local/lib/python3.12/site-packages/airflow/example_dags/example_subdag_operator.py
[2024-08-29T15:02:57.405+0000] {logging_mixin.py:190} INFO - [2024-08-29T15:02:57.405+0000] {dag.py:3211} INFO - Sync 3 DAGs
[2024-08-29T15:02:57.422+0000] {logging_mixin.py:190} INFO - [2024-08-29T15:02:57.421+0000] {dag.py:4138} INFO - Setting next_dagrun for example_subdag_operator to 2022-01-01 00:00:00+00:00, run_after=2022-01-01 00:00:00+00:00
[2024-08-29T15:02:57.425+0000] {logging_mixin.py:190} INFO - [2024-08-29T15:02:57.425+0000] {dag.py:4138} INFO - Setting next_dagrun for example_subdag_operator.section-1 to None, run_after=None
[2024-08-29T15:02:57.427+0000] {logging_mixin.py:190} INFO - [2024-08-29T15:02:57.427+0000] {dag.py:4138} INFO - Setting next_dagrun for example_subdag_operator.section-2 to None, run_after=None
[2024-08-29T15:02:57.432+0000] {logging_mixin.py:190} INFO - [2024-08-29T15:02:57.432+0000] {dag.py:3211} INFO - Sync 2 DAGs
[2024-08-29T15:02:57.441+0000] {logging_mixin.py:190} INFO - [2024-08-29T15:02:57.441+0000] {dag.py:4138} INFO - Setting next_dagrun for example_subdag_operator.section-1 to None, run_after=None
[2024-08-29T15:02:57.442+0000] {logging_mixin.py:190} INFO - [2024-08-29T15:02:57.442+0000] {dag.py:4138} INFO - Setting next_dagrun for example_subdag_operator.section-2 to None, run_after=None
[2024-08-29T15:02:57.452+0000] {processor.py:208} INFO - Processing /home/airflow/.local/lib/python3.12/site-packages/airflow/example_dags/example_subdag_operator.py took 0.082 seconds
[2024-08-29T15:03:27.962+0000] {processor.py:186} INFO - Started process (PID=630) to work on /home/airflow/.local/lib/python3.12/site-packages/airflow/example_dags/example_subdag_operator.py
[2024-08-29T15:03:27.963+0000] {processor.py:914} INFO - Processing file /home/airflow/.local/lib/python3.12/site-packages/airflow/example_dags/example_subdag_operator.py for tasks to queue
[2024-08-29T15:03:27.965+0000] {logging_mixin.py:190} INFO - [2024-08-29T15:03:27.965+0000] {dagbag.py:587} INFO - Filling up the DagBag from /home/airflow/.local/lib/python3.12/site-packages/airflow/example_dags/example_subdag_operator.py
[2024-08-29T15:03:27.984+0000] {processor.py:925} INFO - DAG(s) 'example_subdag_operator.section-1', 'example_subdag_operator.section-2', 'example_subdag_operator' retrieved from /home/airflow/.local/lib/python3.12/site-packages/airflow/example_dags/example_subdag_operator.py
[2024-08-29T15:03:27.995+0000] {logging_mixin.py:190} INFO - [2024-08-29T15:03:27.995+0000] {dag.py:3211} INFO - Sync 3 DAGs
[2024-08-29T15:03:28.012+0000] {logging_mixin.py:190} INFO - [2024-08-29T15:03:28.012+0000] {dag.py:4138} INFO - Setting next_dagrun for example_subdag_operator to 2022-01-01 00:00:00+00:00, run_after=2022-01-01 00:00:00+00:00
[2024-08-29T15:03:28.015+0000] {logging_mixin.py:190} INFO - [2024-08-29T15:03:28.015+0000] {dag.py:4138} INFO - Setting next_dagrun for example_subdag_operator.section-1 to None, run_after=None
[2024-08-29T15:03:28.016+0000] {logging_mixin.py:190} INFO - [2024-08-29T15:03:28.016+0000] {dag.py:4138} INFO - Setting next_dagrun for example_subdag_operator.section-2 to None, run_after=None
[2024-08-29T15:03:28.022+0000] {logging_mixin.py:190} INFO - [2024-08-29T15:03:28.021+0000] {dag.py:3211} INFO - Sync 2 DAGs
[2024-08-29T15:03:28.026+0000] {logging_mixin.py:190} INFO - [2024-08-29T15:03:28.026+0000] {dag.py:4138} INFO - Setting next_dagrun for example_subdag_operator.section-1 to None, run_after=None
[2024-08-29T15:03:28.026+0000] {logging_mixin.py:190} INFO - [2024-08-29T15:03:28.026+0000] {dag.py:4138} INFO - Setting next_dagrun for example_subdag_operator.section-2 to None, run_after=None
[2024-08-29T15:03:28.050+0000] {processor.py:208} INFO - Processing /home/airflow/.local/lib/python3.12/site-packages/airflow/example_dags/example_subdag_operator.py took 0.093 seconds
[2024-08-29T15:03:58.726+0000] {processor.py:186} INFO - Started process (PID=693) to work on /home/airflow/.local/lib/python3.12/site-packages/airflow/example_dags/example_subdag_operator.py
[2024-08-29T15:03:58.727+0000] {processor.py:914} INFO - Processing file /home/airflow/.local/lib/python3.12/site-packages/airflow/example_dags/example_subdag_operator.py for tasks to queue
[2024-08-29T15:03:58.729+0000] {logging_mixin.py:190} INFO - [2024-08-29T15:03:58.729+0000] {dagbag.py:587} INFO - Filling up the DagBag from /home/airflow/.local/lib/python3.12/site-packages/airflow/example_dags/example_subdag_operator.py
[2024-08-29T15:03:58.748+0000] {processor.py:925} INFO - DAG(s) 'example_subdag_operator.section-1', 'example_subdag_operator.section-2', 'example_subdag_operator' retrieved from /home/airflow/.local/lib/python3.12/site-packages/airflow/example_dags/example_subdag_operator.py
[2024-08-29T15:03:58.759+0000] {logging_mixin.py:190} INFO - [2024-08-29T15:03:58.759+0000] {dag.py:3211} INFO - Sync 3 DAGs
[2024-08-29T15:03:58.775+0000] {logging_mixin.py:190} INFO - [2024-08-29T15:03:58.775+0000] {dag.py:4138} INFO - Setting next_dagrun for example_subdag_operator to 2022-01-01 00:00:00+00:00, run_after=2022-01-01 00:00:00+00:00
[2024-08-29T15:03:58.778+0000] {logging_mixin.py:190} INFO - [2024-08-29T15:03:58.778+0000] {dag.py:4138} INFO - Setting next_dagrun for example_subdag_operator.section-1 to None, run_after=None
[2024-08-29T15:03:58.779+0000] {logging_mixin.py:190} INFO - [2024-08-29T15:03:58.779+0000] {dag.py:4138} INFO - Setting next_dagrun for example_subdag_operator.section-2 to None, run_after=None
[2024-08-29T15:03:58.786+0000] {logging_mixin.py:190} INFO - [2024-08-29T15:03:58.786+0000] {dag.py:3211} INFO - Sync 2 DAGs
[2024-08-29T15:03:58.790+0000] {logging_mixin.py:190} INFO - [2024-08-29T15:03:58.790+0000] {dag.py:4138} INFO - Setting next_dagrun for example_subdag_operator.section-1 to None, run_after=None
[2024-08-29T15:03:58.791+0000] {logging_mixin.py:190} INFO - [2024-08-29T15:03:58.791+0000] {dag.py:4138} INFO - Setting next_dagrun for example_subdag_operator.section-2 to None, run_after=None
[2024-08-29T15:03:58.802+0000] {processor.py:208} INFO - Processing /home/airflow/.local/lib/python3.12/site-packages/airflow/example_dags/example_subdag_operator.py took 0.079 seconds
[2024-08-29T15:04:28.907+0000] {processor.py:186} INFO - Started process (PID=756) to work on /home/airflow/.local/lib/python3.12/site-packages/airflow/example_dags/example_subdag_operator.py
[2024-08-29T15:04:28.908+0000] {processor.py:914} INFO - Processing file /home/airflow/.local/lib/python3.12/site-packages/airflow/example_dags/example_subdag_operator.py for tasks to queue
[2024-08-29T15:04:28.910+0000] {logging_mixin.py:190} INFO - [2024-08-29T15:04:28.910+0000] {dagbag.py:587} INFO - Filling up the DagBag from /home/airflow/.local/lib/python3.12/site-packages/airflow/example_dags/example_subdag_operator.py
[2024-08-29T15:04:28.929+0000] {processor.py:925} INFO - DAG(s) 'example_subdag_operator.section-1', 'example_subdag_operator.section-2', 'example_subdag_operator' retrieved from /home/airflow/.local/lib/python3.12/site-packages/airflow/example_dags/example_subdag_operator.py
[2024-08-29T15:04:28.941+0000] {logging_mixin.py:190} INFO - [2024-08-29T15:04:28.941+0000] {dag.py:3211} INFO - Sync 3 DAGs
[2024-08-29T15:04:28.959+0000] {logging_mixin.py:190} INFO - [2024-08-29T15:04:28.958+0000] {dag.py:4138} INFO - Setting next_dagrun for example_subdag_operator to 2022-01-01 00:00:00+00:00, run_after=2022-01-01 00:00:00+00:00
[2024-08-29T15:04:28.961+0000] {logging_mixin.py:190} INFO - [2024-08-29T15:04:28.961+0000] {dag.py:4138} INFO - Setting next_dagrun for example_subdag_operator.section-1 to None, run_after=None
[2024-08-29T15:04:28.963+0000] {logging_mixin.py:190} INFO - [2024-08-29T15:04:28.963+0000] {dag.py:4138} INFO - Setting next_dagrun for example_subdag_operator.section-2 to None, run_after=None
[2024-08-29T15:04:28.968+0000] {logging_mixin.py:190} INFO - [2024-08-29T15:04:28.968+0000] {dag.py:3211} INFO - Sync 2 DAGs
[2024-08-29T15:04:28.972+0000] {logging_mixin.py:190} INFO - [2024-08-29T15:04:28.972+0000] {dag.py:4138} INFO - Setting next_dagrun for example_subdag_operator.section-1 to None, run_after=None
[2024-08-29T15:04:28.973+0000] {logging_mixin.py:190} INFO - [2024-08-29T15:04:28.972+0000] {dag.py:4138} INFO - Setting next_dagrun for example_subdag_operator.section-2 to None, run_after=None
[2024-08-29T15:04:28.983+0000] {processor.py:208} INFO - Processing /home/airflow/.local/lib/python3.12/site-packages/airflow/example_dags/example_subdag_operator.py took 0.080 seconds
[2024-08-29T15:04:59.852+0000] {processor.py:186} INFO - Started process (PID=819) to work on /home/airflow/.local/lib/python3.12/site-packages/airflow/example_dags/example_subdag_operator.py
[2024-08-29T15:04:59.853+0000] {processor.py:914} INFO - Processing file /home/airflow/.local/lib/python3.12/site-packages/airflow/example_dags/example_subdag_operator.py for tasks to queue
[2024-08-29T15:04:59.856+0000] {logging_mixin.py:190} INFO - [2024-08-29T15:04:59.856+0000] {dagbag.py:587} INFO - Filling up the DagBag from /home/airflow/.local/lib/python3.12/site-packages/airflow/example_dags/example_subdag_operator.py
[2024-08-29T15:04:59.879+0000] {processor.py:925} INFO - DAG(s) 'example_subdag_operator.section-1', 'example_subdag_operator.section-2', 'example_subdag_operator' retrieved from /home/airflow/.local/lib/python3.12/site-packages/airflow/example_dags/example_subdag_operator.py
[2024-08-29T15:04:59.892+0000] {logging_mixin.py:190} INFO - [2024-08-29T15:04:59.891+0000] {dag.py:3211} INFO - Sync 3 DAGs
[2024-08-29T15:04:59.907+0000] {logging_mixin.py:190} INFO - [2024-08-29T15:04:59.907+0000] {dag.py:4138} INFO - Setting next_dagrun for example_subdag_operator to 2022-01-01 00:00:00+00:00, run_after=2022-01-01 00:00:00+00:00
[2024-08-29T15:04:59.910+0000] {logging_mixin.py:190} INFO - [2024-08-29T15:04:59.910+0000] {dag.py:4138} INFO - Setting next_dagrun for example_subdag_operator.section-1 to None, run_after=None
[2024-08-29T15:04:59.912+0000] {logging_mixin.py:190} INFO - [2024-08-29T15:04:59.912+0000] {dag.py:4138} INFO - Setting next_dagrun for example_subdag_operator.section-2 to None, run_after=None
[2024-08-29T15:04:59.917+0000] {logging_mixin.py:190} INFO - [2024-08-29T15:04:59.917+0000] {dag.py:3211} INFO - Sync 2 DAGs
[2024-08-29T15:04:59.921+0000] {logging_mixin.py:190} INFO - [2024-08-29T15:04:59.921+0000] {dag.py:4138} INFO - Setting next_dagrun for example_subdag_operator.section-1 to None, run_after=None
[2024-08-29T15:04:59.922+0000] {logging_mixin.py:190} INFO - [2024-08-29T15:04:59.922+0000] {dag.py:4138} INFO - Setting next_dagrun for example_subdag_operator.section-2 to None, run_after=None
[2024-08-29T15:04:59.936+0000] {processor.py:208} INFO - Processing /home/airflow/.local/lib/python3.12/site-packages/airflow/example_dags/example_subdag_operator.py took 0.090 seconds
[2024-08-29T15:05:30.869+0000] {processor.py:186} INFO - Started process (PID=882) to work on /home/airflow/.local/lib/python3.12/site-packages/airflow/example_dags/example_subdag_operator.py
[2024-08-29T15:05:30.870+0000] {processor.py:914} INFO - Processing file /home/airflow/.local/lib/python3.12/site-packages/airflow/example_dags/example_subdag_operator.py for tasks to queue
[2024-08-29T15:05:30.873+0000] {logging_mixin.py:190} INFO - [2024-08-29T15:05:30.872+0000] {dagbag.py:587} INFO - Filling up the DagBag from /home/airflow/.local/lib/python3.12/site-packages/airflow/example_dags/example_subdag_operator.py
[2024-08-29T15:05:30.892+0000] {processor.py:925} INFO - DAG(s) 'example_subdag_operator.section-1', 'example_subdag_operator.section-2', 'example_subdag_operator' retrieved from /home/airflow/.local/lib/python3.12/site-packages/airflow/example_dags/example_subdag_operator.py
[2024-08-29T15:05:30.904+0000] {logging_mixin.py:190} INFO - [2024-08-29T15:05:30.904+0000] {dag.py:3211} INFO - Sync 3 DAGs
[2024-08-29T15:05:30.923+0000] {logging_mixin.py:190} INFO - [2024-08-29T15:05:30.922+0000] {dag.py:4138} INFO - Setting next_dagrun for example_subdag_operator to 2022-01-01 00:00:00+00:00, run_after=2022-01-01 00:00:00+00:00
[2024-08-29T15:05:30.926+0000] {logging_mixin.py:190} INFO - [2024-08-29T15:05:30.926+0000] {dag.py:4138} INFO - Setting next_dagrun for example_subdag_operator.section-1 to None, run_after=None
[2024-08-29T15:05:30.928+0000] {logging_mixin.py:190} INFO - [2024-08-29T15:05:30.928+0000] {dag.py:4138} INFO - Setting next_dagrun for example_subdag_operator.section-2 to None, run_after=None
[2024-08-29T15:05:30.933+0000] {logging_mixin.py:190} INFO - [2024-08-29T15:05:30.933+0000] {dag.py:3211} INFO - Sync 2 DAGs
[2024-08-29T15:05:30.939+0000] {logging_mixin.py:190} INFO - [2024-08-29T15:05:30.938+0000] {dag.py:4138} INFO - Setting next_dagrun for example_subdag_operator.section-1 to None, run_after=None
[2024-08-29T15:05:30.939+0000] {logging_mixin.py:190} INFO - [2024-08-29T15:05:30.939+0000] {dag.py:4138} INFO - Setting next_dagrun for example_subdag_operator.section-2 to None, run_after=None
[2024-08-29T15:05:30.952+0000] {processor.py:208} INFO - Processing /home/airflow/.local/lib/python3.12/site-packages/airflow/example_dags/example_subdag_operator.py took 0.088 seconds
[2024-08-29T15:06:01.464+0000] {processor.py:186} INFO - Started process (PID=945) to work on /home/airflow/.local/lib/python3.12/site-packages/airflow/example_dags/example_subdag_operator.py
[2024-08-29T15:06:01.465+0000] {processor.py:914} INFO - Processing file /home/airflow/.local/lib/python3.12/site-packages/airflow/example_dags/example_subdag_operator.py for tasks to queue
[2024-08-29T15:06:01.468+0000] {logging_mixin.py:190} INFO - [2024-08-29T15:06:01.467+0000] {dagbag.py:587} INFO - Filling up the DagBag from /home/airflow/.local/lib/python3.12/site-packages/airflow/example_dags/example_subdag_operator.py
[2024-08-29T15:06:01.488+0000] {processor.py:925} INFO - DAG(s) 'example_subdag_operator.section-1', 'example_subdag_operator.section-2', 'example_subdag_operator' retrieved from /home/airflow/.local/lib/python3.12/site-packages/airflow/example_dags/example_subdag_operator.py
[2024-08-29T15:06:01.501+0000] {logging_mixin.py:190} INFO - [2024-08-29T15:06:01.500+0000] {dag.py:3211} INFO - Sync 3 DAGs
[2024-08-29T15:06:01.519+0000] {logging_mixin.py:190} INFO - [2024-08-29T15:06:01.519+0000] {dag.py:4138} INFO - Setting next_dagrun for example_subdag_operator to 2022-01-01 00:00:00+00:00, run_after=2022-01-01 00:00:00+00:00
[2024-08-29T15:06:01.522+0000] {logging_mixin.py:190} INFO - [2024-08-29T15:06:01.522+0000] {dag.py:4138} INFO - Setting next_dagrun for example_subdag_operator.section-1 to None, run_after=None
[2024-08-29T15:06:01.523+0000] {logging_mixin.py:190} INFO - [2024-08-29T15:06:01.523+0000] {dag.py:4138} INFO - Setting next_dagrun for example_subdag_operator.section-2 to None, run_after=None
[2024-08-29T15:06:01.528+0000] {logging_mixin.py:190} INFO - [2024-08-29T15:06:01.528+0000] {dag.py:3211} INFO - Sync 2 DAGs
[2024-08-29T15:06:01.533+0000] {logging_mixin.py:190} INFO - [2024-08-29T15:06:01.532+0000] {dag.py:4138} INFO - Setting next_dagrun for example_subdag_operator.section-1 to None, run_after=None
[2024-08-29T15:06:01.533+0000] {logging_mixin.py:190} INFO - [2024-08-29T15:06:01.533+0000] {dag.py:4138} INFO - Setting next_dagrun for example_subdag_operator.section-2 to None, run_after=None
[2024-08-29T15:06:01.544+0000] {processor.py:208} INFO - Processing /home/airflow/.local/lib/python3.12/site-packages/airflow/example_dags/example_subdag_operator.py took 0.084 seconds
[2024-08-29T15:06:32.173+0000] {processor.py:186} INFO - Started process (PID=1009) to work on /home/airflow/.local/lib/python3.12/site-packages/airflow/example_dags/example_subdag_operator.py
[2024-08-29T15:06:32.174+0000] {processor.py:914} INFO - Processing file /home/airflow/.local/lib/python3.12/site-packages/airflow/example_dags/example_subdag_operator.py for tasks to queue
[2024-08-29T15:06:32.176+0000] {logging_mixin.py:190} INFO - [2024-08-29T15:06:32.175+0000] {dagbag.py:587} INFO - Filling up the DagBag from /home/airflow/.local/lib/python3.12/site-packages/airflow/example_dags/example_subdag_operator.py
[2024-08-29T15:06:32.194+0000] {processor.py:925} INFO - DAG(s) 'example_subdag_operator.section-1', 'example_subdag_operator.section-2', 'example_subdag_operator' retrieved from /home/airflow/.local/lib/python3.12/site-packages/airflow/example_dags/example_subdag_operator.py
[2024-08-29T15:06:32.206+0000] {logging_mixin.py:190} INFO - [2024-08-29T15:06:32.205+0000] {dag.py:3211} INFO - Sync 3 DAGs
[2024-08-29T15:06:32.222+0000] {logging_mixin.py:190} INFO - [2024-08-29T15:06:32.221+0000] {dag.py:4138} INFO - Setting next_dagrun for example_subdag_operator to 2022-01-01 00:00:00+00:00, run_after=2022-01-01 00:00:00+00:00
[2024-08-29T15:06:32.225+0000] {logging_mixin.py:190} INFO - [2024-08-29T15:06:32.225+0000] {dag.py:4138} INFO - Setting next_dagrun for example_subdag_operator.section-1 to None, run_after=None
[2024-08-29T15:06:32.227+0000] {logging_mixin.py:190} INFO - [2024-08-29T15:06:32.227+0000] {dag.py:4138} INFO - Setting next_dagrun for example_subdag_operator.section-2 to None, run_after=None
[2024-08-29T15:06:32.233+0000] {logging_mixin.py:190} INFO - [2024-08-29T15:06:32.233+0000] {dag.py:3211} INFO - Sync 2 DAGs
[2024-08-29T15:06:32.238+0000] {logging_mixin.py:190} INFO - [2024-08-29T15:06:32.237+0000] {dag.py:4138} INFO - Setting next_dagrun for example_subdag_operator.section-1 to None, run_after=None
[2024-08-29T15:06:32.238+0000] {logging_mixin.py:190} INFO - [2024-08-29T15:06:32.238+0000] {dag.py:4138} INFO - Setting next_dagrun for example_subdag_operator.section-2 to None, run_after=None
[2024-08-29T15:06:32.250+0000] {processor.py:208} INFO - Processing /home/airflow/.local/lib/python3.12/site-packages/airflow/example_dags/example_subdag_operator.py took 0.080 seconds
[2024-08-29T15:07:02.726+0000] {processor.py:186} INFO - Started process (PID=1072) to work on /home/airflow/.local/lib/python3.12/site-packages/airflow/example_dags/example_subdag_operator.py
[2024-08-29T15:07:02.727+0000] {processor.py:914} INFO - Processing file /home/airflow/.local/lib/python3.12/site-packages/airflow/example_dags/example_subdag_operator.py for tasks to queue
[2024-08-29T15:07:02.729+0000] {logging_mixin.py:190} INFO - [2024-08-29T15:07:02.729+0000] {dagbag.py:587} INFO - Filling up the DagBag from /home/airflow/.local/lib/python3.12/site-packages/airflow/example_dags/example_subdag_operator.py
[2024-08-29T15:07:02.751+0000] {processor.py:925} INFO - DAG(s) 'example_subdag_operator.section-1', 'example_subdag_operator.section-2', 'example_subdag_operator' retrieved from /home/airflow/.local/lib/python3.12/site-packages/airflow/example_dags/example_subdag_operator.py
[2024-08-29T15:07:02.764+0000] {logging_mixin.py:190} INFO - [2024-08-29T15:07:02.763+0000] {dag.py:3211} INFO - Sync 3 DAGs
[2024-08-29T15:07:02.783+0000] {logging_mixin.py:190} INFO - [2024-08-29T15:07:02.783+0000] {dag.py:4138} INFO - Setting next_dagrun for example_subdag_operator to 2022-01-01 00:00:00+00:00, run_after=2022-01-01 00:00:00+00:00
[2024-08-29T15:07:02.787+0000] {logging_mixin.py:190} INFO - [2024-08-29T15:07:02.787+0000] {dag.py:4138} INFO - Setting next_dagrun for example_subdag_operator.section-1 to None, run_after=None
[2024-08-29T15:07:02.789+0000] {logging_mixin.py:190} INFO - [2024-08-29T15:07:02.789+0000] {dag.py:4138} INFO - Setting next_dagrun for example_subdag_operator.section-2 to None, run_after=None
[2024-08-29T15:07:02.794+0000] {logging_mixin.py:190} INFO - [2024-08-29T15:07:02.794+0000] {dag.py:3211} INFO - Sync 2 DAGs
[2024-08-29T15:07:02.800+0000] {logging_mixin.py:190} INFO - [2024-08-29T15:07:02.799+0000] {dag.py:4138} INFO - Setting next_dagrun for example_subdag_operator.section-1 to None, run_after=None
[2024-08-29T15:07:02.800+0000] {logging_mixin.py:190} INFO - [2024-08-29T15:07:02.800+0000] {dag.py:4138} INFO - Setting next_dagrun for example_subdag_operator.section-2 to None, run_after=None
[2024-08-29T15:07:02.813+0000] {processor.py:208} INFO - Processing /home/airflow/.local/lib/python3.12/site-packages/airflow/example_dags/example_subdag_operator.py took 0.092 seconds
[2024-08-29T15:07:33.496+0000] {processor.py:186} INFO - Started process (PID=1135) to work on /home/airflow/.local/lib/python3.12/site-packages/airflow/example_dags/example_subdag_operator.py
[2024-08-29T15:07:33.498+0000] {processor.py:914} INFO - Processing file /home/airflow/.local/lib/python3.12/site-packages/airflow/example_dags/example_subdag_operator.py for tasks to queue
[2024-08-29T15:07:33.499+0000] {logging_mixin.py:190} INFO - [2024-08-29T15:07:33.499+0000] {dagbag.py:587} INFO - Filling up the DagBag from /home/airflow/.local/lib/python3.12/site-packages/airflow/example_dags/example_subdag_operator.py
[2024-08-29T15:07:33.521+0000] {processor.py:925} INFO - DAG(s) 'example_subdag_operator.section-1', 'example_subdag_operator.section-2', 'example_subdag_operator' retrieved from /home/airflow/.local/lib/python3.12/site-packages/airflow/example_dags/example_subdag_operator.py
[2024-08-29T15:07:33.534+0000] {logging_mixin.py:190} INFO - [2024-08-29T15:07:33.534+0000] {dag.py:3211} INFO - Sync 3 DAGs
[2024-08-29T15:07:33.551+0000] {logging_mixin.py:190} INFO - [2024-08-29T15:07:33.551+0000] {dag.py:4138} INFO - Setting next_dagrun for example_subdag_operator to 2022-01-01 00:00:00+00:00, run_after=2022-01-01 00:00:00+00:00
[2024-08-29T15:07:33.554+0000] {logging_mixin.py:190} INFO - [2024-08-29T15:07:33.554+0000] {dag.py:4138} INFO - Setting next_dagrun for example_subdag_operator.section-1 to None, run_after=None
[2024-08-29T15:07:33.556+0000] {logging_mixin.py:190} INFO - [2024-08-29T15:07:33.556+0000] {dag.py:4138} INFO - Setting next_dagrun for example_subdag_operator.section-2 to None, run_after=None
[2024-08-29T15:07:33.562+0000] {logging_mixin.py:190} INFO - [2024-08-29T15:07:33.561+0000] {dag.py:3211} INFO - Sync 2 DAGs
[2024-08-29T15:07:33.566+0000] {logging_mixin.py:190} INFO - [2024-08-29T15:07:33.566+0000] {dag.py:4138} INFO - Setting next_dagrun for example_subdag_operator.section-1 to None, run_after=None
[2024-08-29T15:07:33.567+0000] {logging_mixin.py:190} INFO - [2024-08-29T15:07:33.567+0000] {dag.py:4138} INFO - Setting next_dagrun for example_subdag_operator.section-2 to None, run_after=None
[2024-08-29T15:07:33.579+0000] {processor.py:208} INFO - Processing /home/airflow/.local/lib/python3.12/site-packages/airflow/example_dags/example_subdag_operator.py took 0.087 seconds
[2024-08-29T15:08:03.896+0000] {processor.py:186} INFO - Started process (PID=1198) to work on /home/airflow/.local/lib/python3.12/site-packages/airflow/example_dags/example_subdag_operator.py
[2024-08-29T15:08:03.897+0000] {processor.py:914} INFO - Processing file /home/airflow/.local/lib/python3.12/site-packages/airflow/example_dags/example_subdag_operator.py for tasks to queue
[2024-08-29T15:08:03.900+0000] {logging_mixin.py:190} INFO - [2024-08-29T15:08:03.899+0000] {dagbag.py:587} INFO - Filling up the DagBag from /home/airflow/.local/lib/python3.12/site-packages/airflow/example_dags/example_subdag_operator.py
[2024-08-29T15:08:03.919+0000] {processor.py:925} INFO - DAG(s) 'example_subdag_operator.section-1', 'example_subdag_operator.section-2', 'example_subdag_operator' retrieved from /home/airflow/.local/lib/python3.12/site-packages/airflow/example_dags/example_subdag_operator.py
[2024-08-29T15:08:03.931+0000] {logging_mixin.py:190} INFO - [2024-08-29T15:08:03.930+0000] {dag.py:3211} INFO - Sync 3 DAGs
[2024-08-29T15:08:03.946+0000] {logging_mixin.py:190} INFO - [2024-08-29T15:08:03.946+0000] {dag.py:4138} INFO - Setting next_dagrun for example_subdag_operator to 2022-01-01 00:00:00+00:00, run_after=2022-01-01 00:00:00+00:00
[2024-08-29T15:08:03.949+0000] {logging_mixin.py:190} INFO - [2024-08-29T15:08:03.949+0000] {dag.py:4138} INFO - Setting next_dagrun for example_subdag_operator.section-1 to None, run_after=None
[2024-08-29T15:08:03.951+0000] {logging_mixin.py:190} INFO - [2024-08-29T15:08:03.951+0000] {dag.py:4138} INFO - Setting next_dagrun for example_subdag_operator.section-2 to None, run_after=None
[2024-08-29T15:08:03.956+0000] {logging_mixin.py:190} INFO - [2024-08-29T15:08:03.956+0000] {dag.py:3211} INFO - Sync 2 DAGs
[2024-08-29T15:08:03.961+0000] {logging_mixin.py:190} INFO - [2024-08-29T15:08:03.960+0000] {dag.py:4138} INFO - Setting next_dagrun for example_subdag_operator.section-1 to None, run_after=None
[2024-08-29T15:08:03.961+0000] {logging_mixin.py:190} INFO - [2024-08-29T15:08:03.961+0000] {dag.py:4138} INFO - Setting next_dagrun for example_subdag_operator.section-2 to None, run_after=None
[2024-08-29T15:08:03.971+0000] {processor.py:208} INFO - Processing /home/airflow/.local/lib/python3.12/site-packages/airflow/example_dags/example_subdag_operator.py took 0.080 seconds
[2024-08-29T15:08:34.292+0000] {processor.py:186} INFO - Started process (PID=1261) to work on /home/airflow/.local/lib/python3.12/site-packages/airflow/example_dags/example_subdag_operator.py
[2024-08-29T15:08:34.294+0000] {processor.py:914} INFO - Processing file /home/airflow/.local/lib/python3.12/site-packages/airflow/example_dags/example_subdag_operator.py for tasks to queue
[2024-08-29T15:08:34.296+0000] {logging_mixin.py:190} INFO - [2024-08-29T15:08:34.296+0000] {dagbag.py:587} INFO - Filling up the DagBag from /home/airflow/.local/lib/python3.12/site-packages/airflow/example_dags/example_subdag_operator.py
[2024-08-29T15:08:34.315+0000] {processor.py:925} INFO - DAG(s) 'example_subdag_operator.section-1', 'example_subdag_operator.section-2', 'example_subdag_operator' retrieved from /home/airflow/.local/lib/python3.12/site-packages/airflow/example_dags/example_subdag_operator.py
[2024-08-29T15:08:34.326+0000] {logging_mixin.py:190} INFO - [2024-08-29T15:08:34.326+0000] {dag.py:3211} INFO - Sync 3 DAGs
[2024-08-29T15:08:34.342+0000] {logging_mixin.py:190} INFO - [2024-08-29T15:08:34.342+0000] {dag.py:4138} INFO - Setting next_dagrun for example_subdag_operator to 2022-01-01 00:00:00+00:00, run_after=2022-01-01 00:00:00+00:00
[2024-08-29T15:08:34.345+0000] {logging_mixin.py:190} INFO - [2024-08-29T15:08:34.345+0000] {dag.py:4138} INFO - Setting next_dagrun for example_subdag_operator.section-1 to None, run_after=None
[2024-08-29T15:08:34.346+0000] {logging_mixin.py:190} INFO - [2024-08-29T15:08:34.346+0000] {dag.py:4138} INFO - Setting next_dagrun for example_subdag_operator.section-2 to None, run_after=None
[2024-08-29T15:08:34.352+0000] {logging_mixin.py:190} INFO - [2024-08-29T15:08:34.352+0000] {dag.py:3211} INFO - Sync 2 DAGs
[2024-08-29T15:08:34.357+0000] {logging_mixin.py:190} INFO - [2024-08-29T15:08:34.356+0000] {dag.py:4138} INFO - Setting next_dagrun for example_subdag_operator.section-1 to None, run_after=None
[2024-08-29T15:08:34.357+0000] {logging_mixin.py:190} INFO - [2024-08-29T15:08:34.357+0000] {dag.py:4138} INFO - Setting next_dagrun for example_subdag_operator.section-2 to None, run_after=None
[2024-08-29T15:08:34.369+0000] {processor.py:208} INFO - Processing /home/airflow/.local/lib/python3.12/site-packages/airflow/example_dags/example_subdag_operator.py took 0.081 seconds
[2024-08-29T15:09:04.797+0000] {processor.py:186} INFO - Started process (PID=1324) to work on /home/airflow/.local/lib/python3.12/site-packages/airflow/example_dags/example_subdag_operator.py
[2024-08-29T15:09:04.798+0000] {processor.py:914} INFO - Processing file /home/airflow/.local/lib/python3.12/site-packages/airflow/example_dags/example_subdag_operator.py for tasks to queue
[2024-08-29T15:09:04.800+0000] {logging_mixin.py:190} INFO - [2024-08-29T15:09:04.800+0000] {dagbag.py:587} INFO - Filling up the DagBag from /home/airflow/.local/lib/python3.12/site-packages/airflow/example_dags/example_subdag_operator.py
[2024-08-29T15:09:04.819+0000] {processor.py:925} INFO - DAG(s) 'example_subdag_operator.section-1', 'example_subdag_operator.section-2', 'example_subdag_operator' retrieved from /home/airflow/.local/lib/python3.12/site-packages/airflow/example_dags/example_subdag_operator.py
[2024-08-29T15:09:04.830+0000] {logging_mixin.py:190} INFO - [2024-08-29T15:09:04.830+0000] {dag.py:3211} INFO - Sync 3 DAGs
[2024-08-29T15:09:04.845+0000] {logging_mixin.py:190} INFO - [2024-08-29T15:09:04.845+0000] {dag.py:4138} INFO - Setting next_dagrun for example_subdag_operator to 2022-01-01 00:00:00+00:00, run_after=2022-01-01 00:00:00+00:00
[2024-08-29T15:09:04.848+0000] {logging_mixin.py:190} INFO - [2024-08-29T15:09:04.847+0000] {dag.py:4138} INFO - Setting next_dagrun for example_subdag_operator.section-1 to None, run_after=None
[2024-08-29T15:09:04.849+0000] {logging_mixin.py:190} INFO - [2024-08-29T15:09:04.849+0000] {dag.py:4138} INFO - Setting next_dagrun for example_subdag_operator.section-2 to None, run_after=None
[2024-08-29T15:09:04.854+0000] {logging_mixin.py:190} INFO - [2024-08-29T15:09:04.854+0000] {dag.py:3211} INFO - Sync 2 DAGs
[2024-08-29T15:09:04.866+0000] {logging_mixin.py:190} INFO - [2024-08-29T15:09:04.866+0000] {dag.py:4138} INFO - Setting next_dagrun for example_subdag_operator.section-1 to None, run_after=None
[2024-08-29T15:09:04.867+0000] {logging_mixin.py:190} INFO - [2024-08-29T15:09:04.867+0000] {dag.py:4138} INFO - Setting next_dagrun for example_subdag_operator.section-2 to None, run_after=None
[2024-08-29T15:09:04.879+0000] {processor.py:208} INFO - Processing /home/airflow/.local/lib/python3.12/site-packages/airflow/example_dags/example_subdag_operator.py took 0.086 seconds
[2024-08-29T15:09:35.795+0000] {processor.py:186} INFO - Started process (PID=1388) to work on /home/airflow/.local/lib/python3.12/site-packages/airflow/example_dags/example_subdag_operator.py
[2024-08-29T15:09:35.797+0000] {processor.py:914} INFO - Processing file /home/airflow/.local/lib/python3.12/site-packages/airflow/example_dags/example_subdag_operator.py for tasks to queue
[2024-08-29T15:09:35.798+0000] {logging_mixin.py:190} INFO - [2024-08-29T15:09:35.798+0000] {dagbag.py:587} INFO - Filling up the DagBag from /home/airflow/.local/lib/python3.12/site-packages/airflow/example_dags/example_subdag_operator.py
[2024-08-29T15:09:35.817+0000] {processor.py:925} INFO - DAG(s) 'example_subdag_operator.section-1', 'example_subdag_operator.section-2', 'example_subdag_operator' retrieved from /home/airflow/.local/lib/python3.12/site-packages/airflow/example_dags/example_subdag_operator.py
[2024-08-29T15:09:35.829+0000] {logging_mixin.py:190} INFO - [2024-08-29T15:09:35.828+0000] {dag.py:3211} INFO - Sync 3 DAGs
[2024-08-29T15:09:35.845+0000] {logging_mixin.py:190} INFO - [2024-08-29T15:09:35.845+0000] {dag.py:4138} INFO - Setting next_dagrun for example_subdag_operator to 2022-01-01 00:00:00+00:00, run_after=2022-01-01 00:00:00+00:00
[2024-08-29T15:09:35.848+0000] {logging_mixin.py:190} INFO - [2024-08-29T15:09:35.848+0000] {dag.py:4138} INFO - Setting next_dagrun for example_subdag_operator.section-1 to None, run_after=None
[2024-08-29T15:09:35.849+0000] {logging_mixin.py:190} INFO - [2024-08-29T15:09:35.849+0000] {dag.py:4138} INFO - Setting next_dagrun for example_subdag_operator.section-2 to None, run_after=None
[2024-08-29T15:09:35.855+0000] {logging_mixin.py:190} INFO - [2024-08-29T15:09:35.854+0000] {dag.py:3211} INFO - Sync 2 DAGs
[2024-08-29T15:09:35.859+0000] {logging_mixin.py:190} INFO - [2024-08-29T15:09:35.859+0000] {dag.py:4138} INFO - Setting next_dagrun for example_subdag_operator.section-1 to None, run_after=None
[2024-08-29T15:09:35.859+0000] {logging_mixin.py:190} INFO - [2024-08-29T15:09:35.859+0000] {dag.py:4138} INFO - Setting next_dagrun for example_subdag_operator.section-2 to None, run_after=None
[2024-08-29T15:09:35.871+0000] {processor.py:208} INFO - Processing /home/airflow/.local/lib/python3.12/site-packages/airflow/example_dags/example_subdag_operator.py took 0.079 seconds
[2024-08-29T15:10:06.115+0000] {processor.py:186} INFO - Started process (PID=1451) to work on /home/airflow/.local/lib/python3.12/site-packages/airflow/example_dags/example_subdag_operator.py
[2024-08-29T15:10:06.116+0000] {processor.py:914} INFO - Processing file /home/airflow/.local/lib/python3.12/site-packages/airflow/example_dags/example_subdag_operator.py for tasks to queue
[2024-08-29T15:10:06.118+0000] {logging_mixin.py:190} INFO - [2024-08-29T15:10:06.117+0000] {dagbag.py:587} INFO - Filling up the DagBag from /home/airflow/.local/lib/python3.12/site-packages/airflow/example_dags/example_subdag_operator.py
[2024-08-29T15:10:06.137+0000] {processor.py:925} INFO - DAG(s) 'example_subdag_operator.section-1', 'example_subdag_operator.section-2', 'example_subdag_operator' retrieved from /home/airflow/.local/lib/python3.12/site-packages/airflow/example_dags/example_subdag_operator.py
[2024-08-29T15:10:06.149+0000] {logging_mixin.py:190} INFO - [2024-08-29T15:10:06.149+0000] {dag.py:3211} INFO - Sync 3 DAGs
[2024-08-29T15:10:06.165+0000] {logging_mixin.py:190} INFO - [2024-08-29T15:10:06.165+0000] {dag.py:4138} INFO - Setting next_dagrun for example_subdag_operator to 2022-01-01 00:00:00+00:00, run_after=2022-01-01 00:00:00+00:00
[2024-08-29T15:10:06.168+0000] {logging_mixin.py:190} INFO - [2024-08-29T15:10:06.168+0000] {dag.py:4138} INFO - Setting next_dagrun for example_subdag_operator.section-1 to None, run_after=None
[2024-08-29T15:10:06.169+0000] {logging_mixin.py:190} INFO - [2024-08-29T15:10:06.169+0000] {dag.py:4138} INFO - Setting next_dagrun for example_subdag_operator.section-2 to None, run_after=None
[2024-08-29T15:10:06.174+0000] {logging_mixin.py:190} INFO - [2024-08-29T15:10:06.174+0000] {dag.py:3211} INFO - Sync 2 DAGs
[2024-08-29T15:10:06.178+0000] {logging_mixin.py:190} INFO - [2024-08-29T15:10:06.178+0000] {dag.py:4138} INFO - Setting next_dagrun for example_subdag_operator.section-1 to None, run_after=None
[2024-08-29T15:10:06.179+0000] {logging_mixin.py:190} INFO - [2024-08-29T15:10:06.179+0000] {dag.py:4138} INFO - Setting next_dagrun for example_subdag_operator.section-2 to None, run_after=None
[2024-08-29T15:10:06.190+0000] {processor.py:208} INFO - Processing /home/airflow/.local/lib/python3.12/site-packages/airflow/example_dags/example_subdag_operator.py took 0.080 seconds
[2024-08-29T15:11:15.421+0000] {processor.py:186} INFO - Started process (PID=67) to work on /home/airflow/.local/lib/python3.12/site-packages/airflow/example_dags/example_subdag_operator.py
[2024-08-29T15:11:15.422+0000] {processor.py:914} INFO - Processing file /home/airflow/.local/lib/python3.12/site-packages/airflow/example_dags/example_subdag_operator.py for tasks to queue
[2024-08-29T15:11:15.424+0000] {logging_mixin.py:190} INFO - [2024-08-29T15:11:15.423+0000] {dagbag.py:587} INFO - Filling up the DagBag from /home/airflow/.local/lib/python3.12/site-packages/airflow/example_dags/example_subdag_operator.py
[2024-08-29T15:11:15.444+0000] {processor.py:925} INFO - DAG(s) 'example_subdag_operator.section-1', 'example_subdag_operator.section-2', 'example_subdag_operator' retrieved from /home/airflow/.local/lib/python3.12/site-packages/airflow/example_dags/example_subdag_operator.py
[2024-08-29T15:11:15.464+0000] {logging_mixin.py:190} INFO - [2024-08-29T15:11:15.463+0000] {dag.py:3211} INFO - Sync 3 DAGs
[2024-08-29T15:11:15.480+0000] {logging_mixin.py:190} INFO - [2024-08-29T15:11:15.480+0000] {dag.py:4138} INFO - Setting next_dagrun for example_subdag_operator to 2022-01-01 00:00:00+00:00, run_after=2022-01-01 00:00:00+00:00
[2024-08-29T15:11:15.483+0000] {logging_mixin.py:190} INFO - [2024-08-29T15:11:15.483+0000] {dag.py:4138} INFO - Setting next_dagrun for example_subdag_operator.section-1 to None, run_after=None
[2024-08-29T15:11:15.484+0000] {logging_mixin.py:190} INFO - [2024-08-29T15:11:15.484+0000] {dag.py:4138} INFO - Setting next_dagrun for example_subdag_operator.section-2 to None, run_after=None
[2024-08-29T15:11:15.490+0000] {logging_mixin.py:190} INFO - [2024-08-29T15:11:15.489+0000] {dag.py:3211} INFO - Sync 2 DAGs
[2024-08-29T15:11:15.494+0000] {logging_mixin.py:190} INFO - [2024-08-29T15:11:15.493+0000] {dag.py:4138} INFO - Setting next_dagrun for example_subdag_operator.section-1 to None, run_after=None
[2024-08-29T15:11:15.494+0000] {logging_mixin.py:190} INFO - [2024-08-29T15:11:15.494+0000] {dag.py:4138} INFO - Setting next_dagrun for example_subdag_operator.section-2 to None, run_after=None
[2024-08-29T15:11:15.506+0000] {processor.py:208} INFO - Processing /home/airflow/.local/lib/python3.12/site-packages/airflow/example_dags/example_subdag_operator.py took 0.089 seconds
[2024-08-29T15:11:46.484+0000] {processor.py:186} INFO - Started process (PID=131) to work on /home/airflow/.local/lib/python3.12/site-packages/airflow/example_dags/example_subdag_operator.py
[2024-08-29T15:11:46.485+0000] {processor.py:914} INFO - Processing file /home/airflow/.local/lib/python3.12/site-packages/airflow/example_dags/example_subdag_operator.py for tasks to queue
[2024-08-29T15:11:46.488+0000] {logging_mixin.py:190} INFO - [2024-08-29T15:11:46.488+0000] {dagbag.py:587} INFO - Filling up the DagBag from /home/airflow/.local/lib/python3.12/site-packages/airflow/example_dags/example_subdag_operator.py
[2024-08-29T15:11:46.507+0000] {processor.py:925} INFO - DAG(s) 'example_subdag_operator.section-1', 'example_subdag_operator.section-2', 'example_subdag_operator' retrieved from /home/airflow/.local/lib/python3.12/site-packages/airflow/example_dags/example_subdag_operator.py
[2024-08-29T15:11:46.520+0000] {logging_mixin.py:190} INFO - [2024-08-29T15:11:46.520+0000] {dag.py:3211} INFO - Sync 3 DAGs
[2024-08-29T15:11:46.537+0000] {logging_mixin.py:190} INFO - [2024-08-29T15:11:46.537+0000] {dag.py:4138} INFO - Setting next_dagrun for example_subdag_operator to 2022-01-01 00:00:00+00:00, run_after=2022-01-01 00:00:00+00:00
[2024-08-29T15:11:46.540+0000] {logging_mixin.py:190} INFO - [2024-08-29T15:11:46.540+0000] {dag.py:4138} INFO - Setting next_dagrun for example_subdag_operator.section-1 to None, run_after=None
[2024-08-29T15:11:46.542+0000] {logging_mixin.py:190} INFO - [2024-08-29T15:11:46.541+0000] {dag.py:4138} INFO - Setting next_dagrun for example_subdag_operator.section-2 to None, run_after=None
[2024-08-29T15:11:46.548+0000] {logging_mixin.py:190} INFO - [2024-08-29T15:11:46.547+0000] {dag.py:3211} INFO - Sync 2 DAGs
[2024-08-29T15:11:46.553+0000] {logging_mixin.py:190} INFO - [2024-08-29T15:11:46.553+0000] {dag.py:4138} INFO - Setting next_dagrun for example_subdag_operator.section-1 to None, run_after=None
[2024-08-29T15:11:46.554+0000] {logging_mixin.py:190} INFO - [2024-08-29T15:11:46.554+0000] {dag.py:4138} INFO - Setting next_dagrun for example_subdag_operator.section-2 to None, run_after=None
[2024-08-29T15:11:46.568+0000] {processor.py:208} INFO - Processing /home/airflow/.local/lib/python3.12/site-packages/airflow/example_dags/example_subdag_operator.py took 0.089 seconds
[2024-08-29T15:12:17.287+0000] {processor.py:186} INFO - Started process (PID=194) to work on /home/airflow/.local/lib/python3.12/site-packages/airflow/example_dags/example_subdag_operator.py
[2024-08-29T15:12:17.288+0000] {processor.py:914} INFO - Processing file /home/airflow/.local/lib/python3.12/site-packages/airflow/example_dags/example_subdag_operator.py for tasks to queue
[2024-08-29T15:12:17.290+0000] {logging_mixin.py:190} INFO - [2024-08-29T15:12:17.290+0000] {dagbag.py:587} INFO - Filling up the DagBag from /home/airflow/.local/lib/python3.12/site-packages/airflow/example_dags/example_subdag_operator.py
[2024-08-29T15:12:17.311+0000] {processor.py:925} INFO - DAG(s) 'example_subdag_operator.section-1', 'example_subdag_operator.section-2', 'example_subdag_operator' retrieved from /home/airflow/.local/lib/python3.12/site-packages/airflow/example_dags/example_subdag_operator.py
[2024-08-29T15:12:17.325+0000] {logging_mixin.py:190} INFO - [2024-08-29T15:12:17.325+0000] {dag.py:3211} INFO - Sync 3 DAGs
[2024-08-29T15:12:17.343+0000] {logging_mixin.py:190} INFO - [2024-08-29T15:12:17.343+0000] {dag.py:4138} INFO - Setting next_dagrun for example_subdag_operator to 2022-01-01 00:00:00+00:00, run_after=2022-01-01 00:00:00+00:00
[2024-08-29T15:12:17.346+0000] {logging_mixin.py:190} INFO - [2024-08-29T15:12:17.346+0000] {dag.py:4138} INFO - Setting next_dagrun for example_subdag_operator.section-1 to None, run_after=None
[2024-08-29T15:12:17.348+0000] {logging_mixin.py:190} INFO - [2024-08-29T15:12:17.348+0000] {dag.py:4138} INFO - Setting next_dagrun for example_subdag_operator.section-2 to None, run_after=None
[2024-08-29T15:12:17.355+0000] {logging_mixin.py:190} INFO - [2024-08-29T15:12:17.355+0000] {dag.py:3211} INFO - Sync 2 DAGs
[2024-08-29T15:12:17.360+0000] {logging_mixin.py:190} INFO - [2024-08-29T15:12:17.360+0000] {dag.py:4138} INFO - Setting next_dagrun for example_subdag_operator.section-1 to None, run_after=None
[2024-08-29T15:12:17.361+0000] {logging_mixin.py:190} INFO - [2024-08-29T15:12:17.361+0000] {dag.py:4138} INFO - Setting next_dagrun for example_subdag_operator.section-2 to None, run_after=None
[2024-08-29T15:12:17.372+0000] {processor.py:208} INFO - Processing /home/airflow/.local/lib/python3.12/site-packages/airflow/example_dags/example_subdag_operator.py took 0.091 seconds
[2024-08-29T15:12:48.100+0000] {processor.py:186} INFO - Started process (PID=257) to work on /home/airflow/.local/lib/python3.12/site-packages/airflow/example_dags/example_subdag_operator.py
[2024-08-29T15:12:48.101+0000] {processor.py:914} INFO - Processing file /home/airflow/.local/lib/python3.12/site-packages/airflow/example_dags/example_subdag_operator.py for tasks to queue
[2024-08-29T15:12:48.103+0000] {logging_mixin.py:190} INFO - [2024-08-29T15:12:48.103+0000] {dagbag.py:587} INFO - Filling up the DagBag from /home/airflow/.local/lib/python3.12/site-packages/airflow/example_dags/example_subdag_operator.py
[2024-08-29T15:12:48.122+0000] {processor.py:925} INFO - DAG(s) 'example_subdag_operator.section-1', 'example_subdag_operator.section-2', 'example_subdag_operator' retrieved from /home/airflow/.local/lib/python3.12/site-packages/airflow/example_dags/example_subdag_operator.py
[2024-08-29T15:12:48.132+0000] {logging_mixin.py:190} INFO - [2024-08-29T15:12:48.132+0000] {dag.py:3211} INFO - Sync 3 DAGs
[2024-08-29T15:12:48.148+0000] {logging_mixin.py:190} INFO - [2024-08-29T15:12:48.148+0000] {dag.py:4138} INFO - Setting next_dagrun for example_subdag_operator to 2022-01-01 00:00:00+00:00, run_after=2022-01-01 00:00:00+00:00
[2024-08-29T15:12:48.151+0000] {logging_mixin.py:190} INFO - [2024-08-29T15:12:48.151+0000] {dag.py:4138} INFO - Setting next_dagrun for example_subdag_operator.section-1 to None, run_after=None
[2024-08-29T15:12:48.153+0000] {logging_mixin.py:190} INFO - [2024-08-29T15:12:48.153+0000] {dag.py:4138} INFO - Setting next_dagrun for example_subdag_operator.section-2 to None, run_after=None
[2024-08-29T15:12:48.157+0000] {logging_mixin.py:190} INFO - [2024-08-29T15:12:48.157+0000] {dag.py:3211} INFO - Sync 2 DAGs
[2024-08-29T15:12:48.161+0000] {logging_mixin.py:190} INFO - [2024-08-29T15:12:48.161+0000] {dag.py:4138} INFO - Setting next_dagrun for example_subdag_operator.section-1 to None, run_after=None
[2024-08-29T15:12:48.162+0000] {logging_mixin.py:190} INFO - [2024-08-29T15:12:48.162+0000] {dag.py:4138} INFO - Setting next_dagrun for example_subdag_operator.section-2 to None, run_after=None
[2024-08-29T15:12:48.174+0000] {processor.py:208} INFO - Processing /home/airflow/.local/lib/python3.12/site-packages/airflow/example_dags/example_subdag_operator.py took 0.078 seconds
[2024-08-29T15:13:18.379+0000] {processor.py:186} INFO - Started process (PID=326) to work on /home/airflow/.local/lib/python3.12/site-packages/airflow/example_dags/example_subdag_operator.py
[2024-08-29T15:13:18.380+0000] {processor.py:914} INFO - Processing file /home/airflow/.local/lib/python3.12/site-packages/airflow/example_dags/example_subdag_operator.py for tasks to queue
[2024-08-29T15:13:18.382+0000] {logging_mixin.py:190} INFO - [2024-08-29T15:13:18.382+0000] {dagbag.py:587} INFO - Filling up the DagBag from /home/airflow/.local/lib/python3.12/site-packages/airflow/example_dags/example_subdag_operator.py
[2024-08-29T15:13:18.402+0000] {processor.py:925} INFO - DAG(s) 'example_subdag_operator.section-1', 'example_subdag_operator.section-2', 'example_subdag_operator' retrieved from /home/airflow/.local/lib/python3.12/site-packages/airflow/example_dags/example_subdag_operator.py
[2024-08-29T15:13:18.413+0000] {logging_mixin.py:190} INFO - [2024-08-29T15:13:18.413+0000] {dag.py:3211} INFO - Sync 3 DAGs
[2024-08-29T15:13:18.429+0000] {logging_mixin.py:190} INFO - [2024-08-29T15:13:18.429+0000] {dag.py:4138} INFO - Setting next_dagrun for example_subdag_operator to 2022-01-01 00:00:00+00:00, run_after=2022-01-01 00:00:00+00:00
[2024-08-29T15:13:18.433+0000] {logging_mixin.py:190} INFO - [2024-08-29T15:13:18.433+0000] {dag.py:4138} INFO - Setting next_dagrun for example_subdag_operator.section-1 to None, run_after=None
[2024-08-29T15:13:18.434+0000] {logging_mixin.py:190} INFO - [2024-08-29T15:13:18.434+0000] {dag.py:4138} INFO - Setting next_dagrun for example_subdag_operator.section-2 to None, run_after=None
[2024-08-29T15:13:18.439+0000] {logging_mixin.py:190} INFO - [2024-08-29T15:13:18.439+0000] {dag.py:3211} INFO - Sync 2 DAGs
[2024-08-29T15:13:18.444+0000] {logging_mixin.py:190} INFO - [2024-08-29T15:13:18.444+0000] {dag.py:4138} INFO - Setting next_dagrun for example_subdag_operator.section-1 to None, run_after=None
[2024-08-29T15:13:18.445+0000] {logging_mixin.py:190} INFO - [2024-08-29T15:13:18.444+0000] {dag.py:4138} INFO - Setting next_dagrun for example_subdag_operator.section-2 to None, run_after=None
[2024-08-29T15:13:18.456+0000] {processor.py:208} INFO - Processing /home/airflow/.local/lib/python3.12/site-packages/airflow/example_dags/example_subdag_operator.py took 0.081 seconds
[2024-08-29T15:13:49.324+0000] {processor.py:186} INFO - Started process (PID=389) to work on /home/airflow/.local/lib/python3.12/site-packages/airflow/example_dags/example_subdag_operator.py
[2024-08-29T15:13:49.325+0000] {processor.py:914} INFO - Processing file /home/airflow/.local/lib/python3.12/site-packages/airflow/example_dags/example_subdag_operator.py for tasks to queue
[2024-08-29T15:13:49.327+0000] {logging_mixin.py:190} INFO - [2024-08-29T15:13:49.327+0000] {dagbag.py:587} INFO - Filling up the DagBag from /home/airflow/.local/lib/python3.12/site-packages/airflow/example_dags/example_subdag_operator.py
[2024-08-29T15:13:49.347+0000] {processor.py:925} INFO - DAG(s) 'example_subdag_operator.section-1', 'example_subdag_operator.section-2', 'example_subdag_operator' retrieved from /home/airflow/.local/lib/python3.12/site-packages/airflow/example_dags/example_subdag_operator.py
[2024-08-29T15:13:49.360+0000] {logging_mixin.py:190} INFO - [2024-08-29T15:13:49.360+0000] {dag.py:3211} INFO - Sync 3 DAGs
[2024-08-29T15:13:49.379+0000] {logging_mixin.py:190} INFO - [2024-08-29T15:13:49.378+0000] {dag.py:4138} INFO - Setting next_dagrun for example_subdag_operator to 2022-01-01 00:00:00+00:00, run_after=2022-01-01 00:00:00+00:00
[2024-08-29T15:13:49.382+0000] {logging_mixin.py:190} INFO - [2024-08-29T15:13:49.382+0000] {dag.py:4138} INFO - Setting next_dagrun for example_subdag_operator.section-1 to None, run_after=None
[2024-08-29T15:13:49.383+0000] {logging_mixin.py:190} INFO - [2024-08-29T15:13:49.383+0000] {dag.py:4138} INFO - Setting next_dagrun for example_subdag_operator.section-2 to None, run_after=None
[2024-08-29T15:13:49.389+0000] {logging_mixin.py:190} INFO - [2024-08-29T15:13:49.389+0000] {dag.py:3211} INFO - Sync 2 DAGs
[2024-08-29T15:13:49.393+0000] {logging_mixin.py:190} INFO - [2024-08-29T15:13:49.393+0000] {dag.py:4138} INFO - Setting next_dagrun for example_subdag_operator.section-1 to None, run_after=None
[2024-08-29T15:13:49.394+0000] {logging_mixin.py:190} INFO - [2024-08-29T15:13:49.394+0000] {dag.py:4138} INFO - Setting next_dagrun for example_subdag_operator.section-2 to None, run_after=None
[2024-08-29T15:13:49.405+0000] {processor.py:208} INFO - Processing /home/airflow/.local/lib/python3.12/site-packages/airflow/example_dags/example_subdag_operator.py took 0.085 seconds
[2024-08-29T15:14:19.831+0000] {processor.py:186} INFO - Started process (PID=452) to work on /home/airflow/.local/lib/python3.12/site-packages/airflow/example_dags/example_subdag_operator.py
[2024-08-29T15:14:19.832+0000] {processor.py:914} INFO - Processing file /home/airflow/.local/lib/python3.12/site-packages/airflow/example_dags/example_subdag_operator.py for tasks to queue
[2024-08-29T15:14:19.834+0000] {logging_mixin.py:190} INFO - [2024-08-29T15:14:19.834+0000] {dagbag.py:587} INFO - Filling up the DagBag from /home/airflow/.local/lib/python3.12/site-packages/airflow/example_dags/example_subdag_operator.py
[2024-08-29T15:14:19.854+0000] {processor.py:925} INFO - DAG(s) 'example_subdag_operator.section-1', 'example_subdag_operator.section-2', 'example_subdag_operator' retrieved from /home/airflow/.local/lib/python3.12/site-packages/airflow/example_dags/example_subdag_operator.py
[2024-08-29T15:14:19.867+0000] {logging_mixin.py:190} INFO - [2024-08-29T15:14:19.866+0000] {dag.py:3211} INFO - Sync 3 DAGs
[2024-08-29T15:14:19.885+0000] {logging_mixin.py:190} INFO - [2024-08-29T15:14:19.885+0000] {dag.py:4138} INFO - Setting next_dagrun for example_subdag_operator to 2022-01-01 00:00:00+00:00, run_after=2022-01-01 00:00:00+00:00
[2024-08-29T15:14:19.888+0000] {logging_mixin.py:190} INFO - [2024-08-29T15:14:19.888+0000] {dag.py:4138} INFO - Setting next_dagrun for example_subdag_operator.section-1 to None, run_after=None
[2024-08-29T15:14:19.890+0000] {logging_mixin.py:190} INFO - [2024-08-29T15:14:19.890+0000] {dag.py:4138} INFO - Setting next_dagrun for example_subdag_operator.section-2 to None, run_after=None
[2024-08-29T15:14:19.895+0000] {logging_mixin.py:190} INFO - [2024-08-29T15:14:19.895+0000] {dag.py:3211} INFO - Sync 2 DAGs
[2024-08-29T15:14:19.901+0000] {logging_mixin.py:190} INFO - [2024-08-29T15:14:19.900+0000] {dag.py:4138} INFO - Setting next_dagrun for example_subdag_operator.section-1 to None, run_after=None
[2024-08-29T15:14:19.901+0000] {logging_mixin.py:190} INFO - [2024-08-29T15:14:19.901+0000] {dag.py:4138} INFO - Setting next_dagrun for example_subdag_operator.section-2 to None, run_after=None
[2024-08-29T15:14:19.913+0000] {processor.py:208} INFO - Processing /home/airflow/.local/lib/python3.12/site-packages/airflow/example_dags/example_subdag_operator.py took 0.087 seconds
[2024-08-29T15:14:50.710+0000] {processor.py:186} INFO - Started process (PID=515) to work on /home/airflow/.local/lib/python3.12/site-packages/airflow/example_dags/example_subdag_operator.py
[2024-08-29T15:14:50.711+0000] {processor.py:914} INFO - Processing file /home/airflow/.local/lib/python3.12/site-packages/airflow/example_dags/example_subdag_operator.py for tasks to queue
[2024-08-29T15:14:50.713+0000] {logging_mixin.py:190} INFO - [2024-08-29T15:14:50.713+0000] {dagbag.py:587} INFO - Filling up the DagBag from /home/airflow/.local/lib/python3.12/site-packages/airflow/example_dags/example_subdag_operator.py
[2024-08-29T15:14:50.732+0000] {processor.py:925} INFO - DAG(s) 'example_subdag_operator.section-1', 'example_subdag_operator.section-2', 'example_subdag_operator' retrieved from /home/airflow/.local/lib/python3.12/site-packages/airflow/example_dags/example_subdag_operator.py
[2024-08-29T15:14:50.744+0000] {logging_mixin.py:190} INFO - [2024-08-29T15:14:50.744+0000] {dag.py:3211} INFO - Sync 3 DAGs
[2024-08-29T15:14:50.760+0000] {logging_mixin.py:190} INFO - [2024-08-29T15:14:50.760+0000] {dag.py:4138} INFO - Setting next_dagrun for example_subdag_operator to 2022-01-01 00:00:00+00:00, run_after=2022-01-01 00:00:00+00:00
[2024-08-29T15:14:50.763+0000] {logging_mixin.py:190} INFO - [2024-08-29T15:14:50.763+0000] {dag.py:4138} INFO - Setting next_dagrun for example_subdag_operator.section-1 to None, run_after=None
[2024-08-29T15:14:50.765+0000] {logging_mixin.py:190} INFO - [2024-08-29T15:14:50.764+0000] {dag.py:4138} INFO - Setting next_dagrun for example_subdag_operator.section-2 to None, run_after=None
[2024-08-29T15:14:50.770+0000] {logging_mixin.py:190} INFO - [2024-08-29T15:14:50.770+0000] {dag.py:3211} INFO - Sync 2 DAGs
[2024-08-29T15:14:50.775+0000] {logging_mixin.py:190} INFO - [2024-08-29T15:14:50.774+0000] {dag.py:4138} INFO - Setting next_dagrun for example_subdag_operator.section-1 to None, run_after=None
[2024-08-29T15:14:50.775+0000] {logging_mixin.py:190} INFO - [2024-08-29T15:14:50.775+0000] {dag.py:4138} INFO - Setting next_dagrun for example_subdag_operator.section-2 to None, run_after=None
[2024-08-29T15:14:50.786+0000] {processor.py:208} INFO - Processing /home/airflow/.local/lib/python3.12/site-packages/airflow/example_dags/example_subdag_operator.py took 0.080 seconds
[2024-08-29T15:15:21.786+0000] {processor.py:186} INFO - Started process (PID=578) to work on /home/airflow/.local/lib/python3.12/site-packages/airflow/example_dags/example_subdag_operator.py
[2024-08-29T15:15:21.787+0000] {processor.py:914} INFO - Processing file /home/airflow/.local/lib/python3.12/site-packages/airflow/example_dags/example_subdag_operator.py for tasks to queue
[2024-08-29T15:15:21.789+0000] {logging_mixin.py:190} INFO - [2024-08-29T15:15:21.789+0000] {dagbag.py:587} INFO - Filling up the DagBag from /home/airflow/.local/lib/python3.12/site-packages/airflow/example_dags/example_subdag_operator.py
[2024-08-29T15:15:21.810+0000] {processor.py:925} INFO - DAG(s) 'example_subdag_operator.section-1', 'example_subdag_operator.section-2', 'example_subdag_operator' retrieved from /home/airflow/.local/lib/python3.12/site-packages/airflow/example_dags/example_subdag_operator.py
[2024-08-29T15:15:21.828+0000] {logging_mixin.py:190} INFO - [2024-08-29T15:15:21.827+0000] {dag.py:3211} INFO - Sync 3 DAGs
[2024-08-29T15:15:21.844+0000] {logging_mixin.py:190} INFO - [2024-08-29T15:15:21.844+0000] {dag.py:4138} INFO - Setting next_dagrun for example_subdag_operator to 2022-01-01 00:00:00+00:00, run_after=2022-01-01 00:00:00+00:00
[2024-08-29T15:15:21.848+0000] {logging_mixin.py:190} INFO - [2024-08-29T15:15:21.848+0000] {dag.py:4138} INFO - Setting next_dagrun for example_subdag_operator.section-1 to None, run_after=None
[2024-08-29T15:15:21.879+0000] {logging_mixin.py:190} INFO - [2024-08-29T15:15:21.878+0000] {dag.py:4138} INFO - Setting next_dagrun for example_subdag_operator.section-2 to None, run_after=None
[2024-08-29T15:15:21.892+0000] {logging_mixin.py:190} INFO - [2024-08-29T15:15:21.892+0000] {dag.py:3211} INFO - Sync 2 DAGs
[2024-08-29T15:15:21.900+0000] {logging_mixin.py:190} INFO - [2024-08-29T15:15:21.899+0000] {dag.py:4138} INFO - Setting next_dagrun for example_subdag_operator.section-1 to None, run_after=None
[2024-08-29T15:15:21.905+0000] {logging_mixin.py:190} INFO - [2024-08-29T15:15:21.905+0000] {dag.py:4138} INFO - Setting next_dagrun for example_subdag_operator.section-2 to None, run_after=None
[2024-08-29T15:15:21.918+0000] {processor.py:208} INFO - Processing /home/airflow/.local/lib/python3.12/site-packages/airflow/example_dags/example_subdag_operator.py took 0.137 seconds
[2024-08-29T15:15:52.132+0000] {processor.py:186} INFO - Started process (PID=641) to work on /home/airflow/.local/lib/python3.12/site-packages/airflow/example_dags/example_subdag_operator.py
[2024-08-29T15:15:52.133+0000] {processor.py:914} INFO - Processing file /home/airflow/.local/lib/python3.12/site-packages/airflow/example_dags/example_subdag_operator.py for tasks to queue
[2024-08-29T15:15:52.135+0000] {logging_mixin.py:190} INFO - [2024-08-29T15:15:52.135+0000] {dagbag.py:587} INFO - Filling up the DagBag from /home/airflow/.local/lib/python3.12/site-packages/airflow/example_dags/example_subdag_operator.py
[2024-08-29T15:15:52.153+0000] {processor.py:925} INFO - DAG(s) 'example_subdag_operator.section-1', 'example_subdag_operator.section-2', 'example_subdag_operator' retrieved from /home/airflow/.local/lib/python3.12/site-packages/airflow/example_dags/example_subdag_operator.py
[2024-08-29T15:15:52.167+0000] {logging_mixin.py:190} INFO - [2024-08-29T15:15:52.167+0000] {dag.py:3211} INFO - Sync 3 DAGs
[2024-08-29T15:15:52.188+0000] {logging_mixin.py:190} INFO - [2024-08-29T15:15:52.187+0000] {dag.py:4138} INFO - Setting next_dagrun for example_subdag_operator to 2022-01-01 00:00:00+00:00, run_after=2022-01-01 00:00:00+00:00
[2024-08-29T15:15:52.190+0000] {logging_mixin.py:190} INFO - [2024-08-29T15:15:52.190+0000] {dag.py:4138} INFO - Setting next_dagrun for example_subdag_operator.section-1 to None, run_after=None
[2024-08-29T15:15:52.191+0000] {logging_mixin.py:190} INFO - [2024-08-29T15:15:52.191+0000] {dag.py:4138} INFO - Setting next_dagrun for example_subdag_operator.section-2 to None, run_after=None
[2024-08-29T15:15:52.197+0000] {logging_mixin.py:190} INFO - [2024-08-29T15:15:52.197+0000] {dag.py:3211} INFO - Sync 2 DAGs
[2024-08-29T15:15:52.201+0000] {logging_mixin.py:190} INFO - [2024-08-29T15:15:52.201+0000] {dag.py:4138} INFO - Setting next_dagrun for example_subdag_operator.section-1 to None, run_after=None
[2024-08-29T15:15:52.202+0000] {logging_mixin.py:190} INFO - [2024-08-29T15:15:52.202+0000] {dag.py:4138} INFO - Setting next_dagrun for example_subdag_operator.section-2 to None, run_after=None
[2024-08-29T15:15:52.211+0000] {processor.py:208} INFO - Processing /home/airflow/.local/lib/python3.12/site-packages/airflow/example_dags/example_subdag_operator.py took 0.083 seconds
