[2024-08-29T14:58:54.479+0000] {processor.py:186} INFO - Started process (PID=96) to work on /home/airflow/.local/lib/python3.12/site-packages/airflow/example_dags/example_skip_dag.py
[2024-08-29T14:58:54.481+0000] {processor.py:914} INFO - Processing file /home/airflow/.local/lib/python3.12/site-packages/airflow/example_dags/example_skip_dag.py for tasks to queue
[2024-08-29T14:58:54.483+0000] {logging_mixin.py:190} INFO - [2024-08-29T14:58:54.482+0000] {dagbag.py:587} INFO - Filling up the DagBag from /home/airflow/.local/lib/python3.12/site-packages/airflow/example_dags/example_skip_dag.py
[2024-08-29T14:58:54.489+0000] {processor.py:925} INFO - DAG(s) 'example_skip_dag' retrieved from /home/airflow/.local/lib/python3.12/site-packages/airflow/example_dags/example_skip_dag.py
[2024-08-29T14:58:54.511+0000] {logging_mixin.py:190} INFO - [2024-08-29T14:58:54.510+0000] {dag.py:3211} INFO - Sync 1 DAGs
[2024-08-29T14:58:54.530+0000] {logging_mixin.py:190} INFO - [2024-08-29T14:58:54.530+0000] {dag.py:4138} INFO - Setting next_dagrun for example_skip_dag to 2024-08-28 00:00:00+00:00, run_after=2024-08-29 00:00:00+00:00
[2024-08-29T14:58:54.548+0000] {processor.py:208} INFO - Processing /home/airflow/.local/lib/python3.12/site-packages/airflow/example_dags/example_skip_dag.py took 0.074 seconds
[2024-08-29T14:59:25.199+0000] {processor.py:186} INFO - Started process (PID=165) to work on /home/airflow/.local/lib/python3.12/site-packages/airflow/example_dags/example_skip_dag.py
[2024-08-29T14:59:25.200+0000] {processor.py:914} INFO - Processing file /home/airflow/.local/lib/python3.12/site-packages/airflow/example_dags/example_skip_dag.py for tasks to queue
[2024-08-29T14:59:25.203+0000] {logging_mixin.py:190} INFO - [2024-08-29T14:59:25.202+0000] {dagbag.py:587} INFO - Filling up the DagBag from /home/airflow/.local/lib/python3.12/site-packages/airflow/example_dags/example_skip_dag.py
[2024-08-29T14:59:25.209+0000] {processor.py:925} INFO - DAG(s) 'example_skip_dag' retrieved from /home/airflow/.local/lib/python3.12/site-packages/airflow/example_dags/example_skip_dag.py
[2024-08-29T14:59:25.226+0000] {logging_mixin.py:190} INFO - [2024-08-29T14:59:25.225+0000] {dag.py:3211} INFO - Sync 1 DAGs
[2024-08-29T14:59:25.243+0000] {logging_mixin.py:190} INFO - [2024-08-29T14:59:25.243+0000] {dag.py:4138} INFO - Setting next_dagrun for example_skip_dag to 2024-08-28 00:00:00+00:00, run_after=2024-08-29 00:00:00+00:00
[2024-08-29T14:59:25.261+0000] {processor.py:208} INFO - Processing /home/airflow/.local/lib/python3.12/site-packages/airflow/example_dags/example_skip_dag.py took 0.067 seconds
[2024-08-29T14:59:56.179+0000] {processor.py:186} INFO - Started process (PID=227) to work on /home/airflow/.local/lib/python3.12/site-packages/airflow/example_dags/example_skip_dag.py
[2024-08-29T14:59:56.180+0000] {processor.py:914} INFO - Processing file /home/airflow/.local/lib/python3.12/site-packages/airflow/example_dags/example_skip_dag.py for tasks to queue
[2024-08-29T14:59:56.182+0000] {logging_mixin.py:190} INFO - [2024-08-29T14:59:56.182+0000] {dagbag.py:587} INFO - Filling up the DagBag from /home/airflow/.local/lib/python3.12/site-packages/airflow/example_dags/example_skip_dag.py
[2024-08-29T14:59:56.188+0000] {processor.py:925} INFO - DAG(s) 'example_skip_dag' retrieved from /home/airflow/.local/lib/python3.12/site-packages/airflow/example_dags/example_skip_dag.py
[2024-08-29T14:59:56.205+0000] {logging_mixin.py:190} INFO - [2024-08-29T14:59:56.205+0000] {dag.py:3211} INFO - Sync 1 DAGs
[2024-08-29T14:59:56.230+0000] {logging_mixin.py:190} INFO - [2024-08-29T14:59:56.230+0000] {dag.py:4138} INFO - Setting next_dagrun for example_skip_dag to 2024-08-28 00:00:00+00:00, run_after=2024-08-29 00:00:00+00:00
[2024-08-29T14:59:56.250+0000] {processor.py:208} INFO - Processing /home/airflow/.local/lib/python3.12/site-packages/airflow/example_dags/example_skip_dag.py took 0.075 seconds
[2024-08-29T15:00:27.126+0000] {processor.py:186} INFO - Started process (PID=289) to work on /home/airflow/.local/lib/python3.12/site-packages/airflow/example_dags/example_skip_dag.py
[2024-08-29T15:00:27.127+0000] {processor.py:914} INFO - Processing file /home/airflow/.local/lib/python3.12/site-packages/airflow/example_dags/example_skip_dag.py for tasks to queue
[2024-08-29T15:00:27.129+0000] {logging_mixin.py:190} INFO - [2024-08-29T15:00:27.129+0000] {dagbag.py:587} INFO - Filling up the DagBag from /home/airflow/.local/lib/python3.12/site-packages/airflow/example_dags/example_skip_dag.py
[2024-08-29T15:00:27.135+0000] {processor.py:925} INFO - DAG(s) 'example_skip_dag' retrieved from /home/airflow/.local/lib/python3.12/site-packages/airflow/example_dags/example_skip_dag.py
[2024-08-29T15:00:27.153+0000] {logging_mixin.py:190} INFO - [2024-08-29T15:00:27.153+0000] {dag.py:3211} INFO - Sync 1 DAGs
[2024-08-29T15:00:27.170+0000] {logging_mixin.py:190} INFO - [2024-08-29T15:00:27.170+0000] {dag.py:4138} INFO - Setting next_dagrun for example_skip_dag to 2024-08-28 00:00:00+00:00, run_after=2024-08-29 00:00:00+00:00
[2024-08-29T15:00:27.189+0000] {processor.py:208} INFO - Processing /home/airflow/.local/lib/python3.12/site-packages/airflow/example_dags/example_skip_dag.py took 0.067 seconds
[2024-08-29T15:00:58.086+0000] {processor.py:186} INFO - Started process (PID=351) to work on /home/airflow/.local/lib/python3.12/site-packages/airflow/example_dags/example_skip_dag.py
[2024-08-29T15:00:58.087+0000] {processor.py:914} INFO - Processing file /home/airflow/.local/lib/python3.12/site-packages/airflow/example_dags/example_skip_dag.py for tasks to queue
[2024-08-29T15:00:58.089+0000] {logging_mixin.py:190} INFO - [2024-08-29T15:00:58.089+0000] {dagbag.py:587} INFO - Filling up the DagBag from /home/airflow/.local/lib/python3.12/site-packages/airflow/example_dags/example_skip_dag.py
[2024-08-29T15:00:58.095+0000] {processor.py:925} INFO - DAG(s) 'example_skip_dag' retrieved from /home/airflow/.local/lib/python3.12/site-packages/airflow/example_dags/example_skip_dag.py
[2024-08-29T15:00:58.114+0000] {logging_mixin.py:190} INFO - [2024-08-29T15:00:58.114+0000] {dag.py:3211} INFO - Sync 1 DAGs
[2024-08-29T15:00:58.132+0000] {logging_mixin.py:190} INFO - [2024-08-29T15:00:58.132+0000] {dag.py:4138} INFO - Setting next_dagrun for example_skip_dag to 2024-08-28 00:00:00+00:00, run_after=2024-08-29 00:00:00+00:00
[2024-08-29T15:00:58.149+0000] {processor.py:208} INFO - Processing /home/airflow/.local/lib/python3.12/site-packages/airflow/example_dags/example_skip_dag.py took 0.067 seconds
[2024-08-29T15:01:28.671+0000] {processor.py:186} INFO - Started process (PID=413) to work on /home/airflow/.local/lib/python3.12/site-packages/airflow/example_dags/example_skip_dag.py
[2024-08-29T15:01:28.672+0000] {processor.py:914} INFO - Processing file /home/airflow/.local/lib/python3.12/site-packages/airflow/example_dags/example_skip_dag.py for tasks to queue
[2024-08-29T15:01:28.673+0000] {logging_mixin.py:190} INFO - [2024-08-29T15:01:28.673+0000] {dagbag.py:587} INFO - Filling up the DagBag from /home/airflow/.local/lib/python3.12/site-packages/airflow/example_dags/example_skip_dag.py
[2024-08-29T15:01:28.680+0000] {processor.py:925} INFO - DAG(s) 'example_skip_dag' retrieved from /home/airflow/.local/lib/python3.12/site-packages/airflow/example_dags/example_skip_dag.py
[2024-08-29T15:01:28.696+0000] {logging_mixin.py:190} INFO - [2024-08-29T15:01:28.696+0000] {dag.py:3211} INFO - Sync 1 DAGs
[2024-08-29T15:01:28.714+0000] {logging_mixin.py:190} INFO - [2024-08-29T15:01:28.714+0000] {dag.py:4138} INFO - Setting next_dagrun for example_skip_dag to 2024-08-28 00:00:00+00:00, run_after=2024-08-29 00:00:00+00:00
[2024-08-29T15:01:28.746+0000] {processor.py:208} INFO - Processing /home/airflow/.local/lib/python3.12/site-packages/airflow/example_dags/example_skip_dag.py took 0.080 seconds
[2024-08-29T15:01:59.383+0000] {processor.py:186} INFO - Started process (PID=475) to work on /home/airflow/.local/lib/python3.12/site-packages/airflow/example_dags/example_skip_dag.py
[2024-08-29T15:01:59.384+0000] {processor.py:914} INFO - Processing file /home/airflow/.local/lib/python3.12/site-packages/airflow/example_dags/example_skip_dag.py for tasks to queue
[2024-08-29T15:01:59.386+0000] {logging_mixin.py:190} INFO - [2024-08-29T15:01:59.386+0000] {dagbag.py:587} INFO - Filling up the DagBag from /home/airflow/.local/lib/python3.12/site-packages/airflow/example_dags/example_skip_dag.py
[2024-08-29T15:01:59.392+0000] {processor.py:925} INFO - DAG(s) 'example_skip_dag' retrieved from /home/airflow/.local/lib/python3.12/site-packages/airflow/example_dags/example_skip_dag.py
[2024-08-29T15:01:59.409+0000] {logging_mixin.py:190} INFO - [2024-08-29T15:01:59.409+0000] {dag.py:3211} INFO - Sync 1 DAGs
[2024-08-29T15:01:59.427+0000] {logging_mixin.py:190} INFO - [2024-08-29T15:01:59.427+0000] {dag.py:4138} INFO - Setting next_dagrun for example_skip_dag to 2024-08-28 00:00:00+00:00, run_after=2024-08-29 00:00:00+00:00
[2024-08-29T15:01:59.445+0000] {processor.py:208} INFO - Processing /home/airflow/.local/lib/python3.12/site-packages/airflow/example_dags/example_skip_dag.py took 0.066 seconds
[2024-08-29T15:02:29.739+0000] {processor.py:186} INFO - Started process (PID=537) to work on /home/airflow/.local/lib/python3.12/site-packages/airflow/example_dags/example_skip_dag.py
[2024-08-29T15:02:29.741+0000] {processor.py:914} INFO - Processing file /home/airflow/.local/lib/python3.12/site-packages/airflow/example_dags/example_skip_dag.py for tasks to queue
[2024-08-29T15:02:29.743+0000] {logging_mixin.py:190} INFO - [2024-08-29T15:02:29.742+0000] {dagbag.py:587} INFO - Filling up the DagBag from /home/airflow/.local/lib/python3.12/site-packages/airflow/example_dags/example_skip_dag.py
[2024-08-29T15:02:29.748+0000] {processor.py:925} INFO - DAG(s) 'example_skip_dag' retrieved from /home/airflow/.local/lib/python3.12/site-packages/airflow/example_dags/example_skip_dag.py
[2024-08-29T15:02:29.765+0000] {logging_mixin.py:190} INFO - [2024-08-29T15:02:29.765+0000] {dag.py:3211} INFO - Sync 1 DAGs
[2024-08-29T15:02:29.782+0000] {logging_mixin.py:190} INFO - [2024-08-29T15:02:29.782+0000] {dag.py:4138} INFO - Setting next_dagrun for example_skip_dag to 2024-08-28 00:00:00+00:00, run_after=2024-08-29 00:00:00+00:00
[2024-08-29T15:02:29.801+0000] {processor.py:208} INFO - Processing /home/airflow/.local/lib/python3.12/site-packages/airflow/example_dags/example_skip_dag.py took 0.065 seconds
[2024-08-29T15:03:00.155+0000] {processor.py:186} INFO - Started process (PID=599) to work on /home/airflow/.local/lib/python3.12/site-packages/airflow/example_dags/example_skip_dag.py
[2024-08-29T15:03:00.156+0000] {processor.py:914} INFO - Processing file /home/airflow/.local/lib/python3.12/site-packages/airflow/example_dags/example_skip_dag.py for tasks to queue
[2024-08-29T15:03:00.158+0000] {logging_mixin.py:190} INFO - [2024-08-29T15:03:00.158+0000] {dagbag.py:587} INFO - Filling up the DagBag from /home/airflow/.local/lib/python3.12/site-packages/airflow/example_dags/example_skip_dag.py
[2024-08-29T15:03:00.164+0000] {processor.py:925} INFO - DAG(s) 'example_skip_dag' retrieved from /home/airflow/.local/lib/python3.12/site-packages/airflow/example_dags/example_skip_dag.py
[2024-08-29T15:03:00.180+0000] {logging_mixin.py:190} INFO - [2024-08-29T15:03:00.180+0000] {dag.py:3211} INFO - Sync 1 DAGs
[2024-08-29T15:03:00.197+0000] {logging_mixin.py:190} INFO - [2024-08-29T15:03:00.197+0000] {dag.py:4138} INFO - Setting next_dagrun for example_skip_dag to 2024-08-28 00:00:00+00:00, run_after=2024-08-29 00:00:00+00:00
[2024-08-29T15:03:00.215+0000] {processor.py:208} INFO - Processing /home/airflow/.local/lib/python3.12/site-packages/airflow/example_dags/example_skip_dag.py took 0.065 seconds
[2024-08-29T15:03:31.080+0000] {processor.py:186} INFO - Started process (PID=661) to work on /home/airflow/.local/lib/python3.12/site-packages/airflow/example_dags/example_skip_dag.py
[2024-08-29T15:03:31.081+0000] {processor.py:914} INFO - Processing file /home/airflow/.local/lib/python3.12/site-packages/airflow/example_dags/example_skip_dag.py for tasks to queue
[2024-08-29T15:03:31.083+0000] {logging_mixin.py:190} INFO - [2024-08-29T15:03:31.083+0000] {dagbag.py:587} INFO - Filling up the DagBag from /home/airflow/.local/lib/python3.12/site-packages/airflow/example_dags/example_skip_dag.py
[2024-08-29T15:03:31.089+0000] {processor.py:925} INFO - DAG(s) 'example_skip_dag' retrieved from /home/airflow/.local/lib/python3.12/site-packages/airflow/example_dags/example_skip_dag.py
[2024-08-29T15:03:31.107+0000] {logging_mixin.py:190} INFO - [2024-08-29T15:03:31.106+0000] {dag.py:3211} INFO - Sync 1 DAGs
[2024-08-29T15:03:31.124+0000] {logging_mixin.py:190} INFO - [2024-08-29T15:03:31.124+0000] {dag.py:4138} INFO - Setting next_dagrun for example_skip_dag to 2024-08-28 00:00:00+00:00, run_after=2024-08-29 00:00:00+00:00
[2024-08-29T15:03:31.142+0000] {processor.py:208} INFO - Processing /home/airflow/.local/lib/python3.12/site-packages/airflow/example_dags/example_skip_dag.py took 0.066 seconds
[2024-08-29T15:04:01.933+0000] {processor.py:186} INFO - Started process (PID=724) to work on /home/airflow/.local/lib/python3.12/site-packages/airflow/example_dags/example_skip_dag.py
[2024-08-29T15:04:01.934+0000] {processor.py:914} INFO - Processing file /home/airflow/.local/lib/python3.12/site-packages/airflow/example_dags/example_skip_dag.py for tasks to queue
[2024-08-29T15:04:01.935+0000] {logging_mixin.py:190} INFO - [2024-08-29T15:04:01.935+0000] {dagbag.py:587} INFO - Filling up the DagBag from /home/airflow/.local/lib/python3.12/site-packages/airflow/example_dags/example_skip_dag.py
[2024-08-29T15:04:01.942+0000] {processor.py:925} INFO - DAG(s) 'example_skip_dag' retrieved from /home/airflow/.local/lib/python3.12/site-packages/airflow/example_dags/example_skip_dag.py
[2024-08-29T15:04:01.957+0000] {logging_mixin.py:190} INFO - [2024-08-29T15:04:01.957+0000] {dag.py:3211} INFO - Sync 1 DAGs
[2024-08-29T15:04:01.974+0000] {logging_mixin.py:190} INFO - [2024-08-29T15:04:01.974+0000] {dag.py:4138} INFO - Setting next_dagrun for example_skip_dag to 2024-08-28 00:00:00+00:00, run_after=2024-08-29 00:00:00+00:00
[2024-08-29T15:04:01.991+0000] {processor.py:208} INFO - Processing /home/airflow/.local/lib/python3.12/site-packages/airflow/example_dags/example_skip_dag.py took 0.063 seconds
[2024-08-29T15:04:33.176+0000] {processor.py:186} INFO - Started process (PID=787) to work on /home/airflow/.local/lib/python3.12/site-packages/airflow/example_dags/example_skip_dag.py
[2024-08-29T15:04:33.177+0000] {processor.py:914} INFO - Processing file /home/airflow/.local/lib/python3.12/site-packages/airflow/example_dags/example_skip_dag.py for tasks to queue
[2024-08-29T15:04:33.179+0000] {logging_mixin.py:190} INFO - [2024-08-29T15:04:33.179+0000] {dagbag.py:587} INFO - Filling up the DagBag from /home/airflow/.local/lib/python3.12/site-packages/airflow/example_dags/example_skip_dag.py
[2024-08-29T15:04:33.185+0000] {processor.py:925} INFO - DAG(s) 'example_skip_dag' retrieved from /home/airflow/.local/lib/python3.12/site-packages/airflow/example_dags/example_skip_dag.py
[2024-08-29T15:04:33.201+0000] {logging_mixin.py:190} INFO - [2024-08-29T15:04:33.201+0000] {dag.py:3211} INFO - Sync 1 DAGs
[2024-08-29T15:04:33.219+0000] {logging_mixin.py:190} INFO - [2024-08-29T15:04:33.218+0000] {dag.py:4138} INFO - Setting next_dagrun for example_skip_dag to 2024-08-28 00:00:00+00:00, run_after=2024-08-29 00:00:00+00:00
[2024-08-29T15:04:33.233+0000] {processor.py:208} INFO - Processing /home/airflow/.local/lib/python3.12/site-packages/airflow/example_dags/example_skip_dag.py took 0.062 seconds
[2024-08-29T15:05:04.291+0000] {processor.py:186} INFO - Started process (PID=850) to work on /home/airflow/.local/lib/python3.12/site-packages/airflow/example_dags/example_skip_dag.py
[2024-08-29T15:05:04.292+0000] {processor.py:914} INFO - Processing file /home/airflow/.local/lib/python3.12/site-packages/airflow/example_dags/example_skip_dag.py for tasks to queue
[2024-08-29T15:05:04.293+0000] {logging_mixin.py:190} INFO - [2024-08-29T15:05:04.293+0000] {dagbag.py:587} INFO - Filling up the DagBag from /home/airflow/.local/lib/python3.12/site-packages/airflow/example_dags/example_skip_dag.py
[2024-08-29T15:05:04.299+0000] {processor.py:925} INFO - DAG(s) 'example_skip_dag' retrieved from /home/airflow/.local/lib/python3.12/site-packages/airflow/example_dags/example_skip_dag.py
[2024-08-29T15:05:04.315+0000] {logging_mixin.py:190} INFO - [2024-08-29T15:05:04.315+0000] {dag.py:3211} INFO - Sync 1 DAGs
[2024-08-29T15:05:04.333+0000] {logging_mixin.py:190} INFO - [2024-08-29T15:05:04.333+0000] {dag.py:4138} INFO - Setting next_dagrun for example_skip_dag to 2024-08-28 00:00:00+00:00, run_after=2024-08-29 00:00:00+00:00
[2024-08-29T15:05:04.349+0000] {processor.py:208} INFO - Processing /home/airflow/.local/lib/python3.12/site-packages/airflow/example_dags/example_skip_dag.py took 0.063 seconds
[2024-08-29T15:05:34.876+0000] {processor.py:186} INFO - Started process (PID=913) to work on /home/airflow/.local/lib/python3.12/site-packages/airflow/example_dags/example_skip_dag.py
[2024-08-29T15:05:34.877+0000] {processor.py:914} INFO - Processing file /home/airflow/.local/lib/python3.12/site-packages/airflow/example_dags/example_skip_dag.py for tasks to queue
[2024-08-29T15:05:34.878+0000] {logging_mixin.py:190} INFO - [2024-08-29T15:05:34.878+0000] {dagbag.py:587} INFO - Filling up the DagBag from /home/airflow/.local/lib/python3.12/site-packages/airflow/example_dags/example_skip_dag.py
[2024-08-29T15:05:34.884+0000] {processor.py:925} INFO - DAG(s) 'example_skip_dag' retrieved from /home/airflow/.local/lib/python3.12/site-packages/airflow/example_dags/example_skip_dag.py
[2024-08-29T15:05:34.901+0000] {logging_mixin.py:190} INFO - [2024-08-29T15:05:34.900+0000] {dag.py:3211} INFO - Sync 1 DAGs
[2024-08-29T15:05:34.917+0000] {logging_mixin.py:190} INFO - [2024-08-29T15:05:34.917+0000] {dag.py:4138} INFO - Setting next_dagrun for example_skip_dag to 2024-08-28 00:00:00+00:00, run_after=2024-08-29 00:00:00+00:00
[2024-08-29T15:05:34.934+0000] {processor.py:208} INFO - Processing /home/airflow/.local/lib/python3.12/site-packages/airflow/example_dags/example_skip_dag.py took 0.062 seconds
[2024-08-29T15:06:05.694+0000] {processor.py:186} INFO - Started process (PID=977) to work on /home/airflow/.local/lib/python3.12/site-packages/airflow/example_dags/example_skip_dag.py
[2024-08-29T15:06:05.700+0000] {processor.py:914} INFO - Processing file /home/airflow/.local/lib/python3.12/site-packages/airflow/example_dags/example_skip_dag.py for tasks to queue
[2024-08-29T15:06:05.702+0000] {logging_mixin.py:190} INFO - [2024-08-29T15:06:05.702+0000] {dagbag.py:587} INFO - Filling up the DagBag from /home/airflow/.local/lib/python3.12/site-packages/airflow/example_dags/example_skip_dag.py
[2024-08-29T15:06:05.708+0000] {processor.py:925} INFO - DAG(s) 'example_skip_dag' retrieved from /home/airflow/.local/lib/python3.12/site-packages/airflow/example_dags/example_skip_dag.py
[2024-08-29T15:06:05.725+0000] {logging_mixin.py:190} INFO - [2024-08-29T15:06:05.725+0000] {dag.py:3211} INFO - Sync 1 DAGs
[2024-08-29T15:06:05.741+0000] {logging_mixin.py:190} INFO - [2024-08-29T15:06:05.741+0000] {dag.py:4138} INFO - Setting next_dagrun for example_skip_dag to 2024-08-28 00:00:00+00:00, run_after=2024-08-29 00:00:00+00:00
[2024-08-29T15:06:05.757+0000] {processor.py:208} INFO - Processing /home/airflow/.local/lib/python3.12/site-packages/airflow/example_dags/example_skip_dag.py took 0.067 seconds
[2024-08-29T15:06:36.071+0000] {processor.py:186} INFO - Started process (PID=1040) to work on /home/airflow/.local/lib/python3.12/site-packages/airflow/example_dags/example_skip_dag.py
[2024-08-29T15:06:36.072+0000] {processor.py:914} INFO - Processing file /home/airflow/.local/lib/python3.12/site-packages/airflow/example_dags/example_skip_dag.py for tasks to queue
[2024-08-29T15:06:36.074+0000] {logging_mixin.py:190} INFO - [2024-08-29T15:06:36.074+0000] {dagbag.py:587} INFO - Filling up the DagBag from /home/airflow/.local/lib/python3.12/site-packages/airflow/example_dags/example_skip_dag.py
[2024-08-29T15:06:36.080+0000] {processor.py:925} INFO - DAG(s) 'example_skip_dag' retrieved from /home/airflow/.local/lib/python3.12/site-packages/airflow/example_dags/example_skip_dag.py
[2024-08-29T15:06:36.094+0000] {logging_mixin.py:190} INFO - [2024-08-29T15:06:36.094+0000] {dag.py:3211} INFO - Sync 1 DAGs
[2024-08-29T15:06:36.111+0000] {logging_mixin.py:190} INFO - [2024-08-29T15:06:36.111+0000] {dag.py:4138} INFO - Setting next_dagrun for example_skip_dag to 2024-08-28 00:00:00+00:00, run_after=2024-08-29 00:00:00+00:00
[2024-08-29T15:06:36.127+0000] {processor.py:208} INFO - Processing /home/airflow/.local/lib/python3.12/site-packages/airflow/example_dags/example_skip_dag.py took 0.060 seconds
[2024-08-29T15:07:06.935+0000] {processor.py:186} INFO - Started process (PID=1103) to work on /home/airflow/.local/lib/python3.12/site-packages/airflow/example_dags/example_skip_dag.py
[2024-08-29T15:07:06.936+0000] {processor.py:914} INFO - Processing file /home/airflow/.local/lib/python3.12/site-packages/airflow/example_dags/example_skip_dag.py for tasks to queue
[2024-08-29T15:07:06.937+0000] {logging_mixin.py:190} INFO - [2024-08-29T15:07:06.937+0000] {dagbag.py:587} INFO - Filling up the DagBag from /home/airflow/.local/lib/python3.12/site-packages/airflow/example_dags/example_skip_dag.py
[2024-08-29T15:07:06.943+0000] {processor.py:925} INFO - DAG(s) 'example_skip_dag' retrieved from /home/airflow/.local/lib/python3.12/site-packages/airflow/example_dags/example_skip_dag.py
[2024-08-29T15:07:06.958+0000] {logging_mixin.py:190} INFO - [2024-08-29T15:07:06.958+0000] {dag.py:3211} INFO - Sync 1 DAGs
[2024-08-29T15:07:06.973+0000] {logging_mixin.py:190} INFO - [2024-08-29T15:07:06.973+0000] {dag.py:4138} INFO - Setting next_dagrun for example_skip_dag to 2024-08-28 00:00:00+00:00, run_after=2024-08-29 00:00:00+00:00
[2024-08-29T15:07:06.988+0000] {processor.py:208} INFO - Processing /home/airflow/.local/lib/python3.12/site-packages/airflow/example_dags/example_skip_dag.py took 0.057 seconds
[2024-08-29T15:07:37.248+0000] {processor.py:186} INFO - Started process (PID=1166) to work on /home/airflow/.local/lib/python3.12/site-packages/airflow/example_dags/example_skip_dag.py
[2024-08-29T15:07:37.249+0000] {processor.py:914} INFO - Processing file /home/airflow/.local/lib/python3.12/site-packages/airflow/example_dags/example_skip_dag.py for tasks to queue
[2024-08-29T15:07:37.251+0000] {logging_mixin.py:190} INFO - [2024-08-29T15:07:37.251+0000] {dagbag.py:587} INFO - Filling up the DagBag from /home/airflow/.local/lib/python3.12/site-packages/airflow/example_dags/example_skip_dag.py
[2024-08-29T15:07:37.256+0000] {processor.py:925} INFO - DAG(s) 'example_skip_dag' retrieved from /home/airflow/.local/lib/python3.12/site-packages/airflow/example_dags/example_skip_dag.py
[2024-08-29T15:07:37.271+0000] {logging_mixin.py:190} INFO - [2024-08-29T15:07:37.271+0000] {dag.py:3211} INFO - Sync 1 DAGs
[2024-08-29T15:07:37.287+0000] {logging_mixin.py:190} INFO - [2024-08-29T15:07:37.287+0000] {dag.py:4138} INFO - Setting next_dagrun for example_skip_dag to 2024-08-28 00:00:00+00:00, run_after=2024-08-29 00:00:00+00:00
[2024-08-29T15:07:37.302+0000] {processor.py:208} INFO - Processing /home/airflow/.local/lib/python3.12/site-packages/airflow/example_dags/example_skip_dag.py took 0.058 seconds
[2024-08-29T15:08:07.820+0000] {processor.py:186} INFO - Started process (PID=1229) to work on /home/airflow/.local/lib/python3.12/site-packages/airflow/example_dags/example_skip_dag.py
[2024-08-29T15:08:07.821+0000] {processor.py:914} INFO - Processing file /home/airflow/.local/lib/python3.12/site-packages/airflow/example_dags/example_skip_dag.py for tasks to queue
[2024-08-29T15:08:07.823+0000] {logging_mixin.py:190} INFO - [2024-08-29T15:08:07.823+0000] {dagbag.py:587} INFO - Filling up the DagBag from /home/airflow/.local/lib/python3.12/site-packages/airflow/example_dags/example_skip_dag.py
[2024-08-29T15:08:07.828+0000] {processor.py:925} INFO - DAG(s) 'example_skip_dag' retrieved from /home/airflow/.local/lib/python3.12/site-packages/airflow/example_dags/example_skip_dag.py
[2024-08-29T15:08:07.843+0000] {logging_mixin.py:190} INFO - [2024-08-29T15:08:07.843+0000] {dag.py:3211} INFO - Sync 1 DAGs
[2024-08-29T15:08:07.859+0000] {logging_mixin.py:190} INFO - [2024-08-29T15:08:07.859+0000] {dag.py:4138} INFO - Setting next_dagrun for example_skip_dag to 2024-08-28 00:00:00+00:00, run_after=2024-08-29 00:00:00+00:00
[2024-08-29T15:08:07.875+0000] {processor.py:208} INFO - Processing /home/airflow/.local/lib/python3.12/site-packages/airflow/example_dags/example_skip_dag.py took 0.059 seconds
[2024-08-29T15:08:38.222+0000] {processor.py:186} INFO - Started process (PID=1292) to work on /home/airflow/.local/lib/python3.12/site-packages/airflow/example_dags/example_skip_dag.py
[2024-08-29T15:08:38.223+0000] {processor.py:914} INFO - Processing file /home/airflow/.local/lib/python3.12/site-packages/airflow/example_dags/example_skip_dag.py for tasks to queue
[2024-08-29T15:08:38.225+0000] {logging_mixin.py:190} INFO - [2024-08-29T15:08:38.225+0000] {dagbag.py:587} INFO - Filling up the DagBag from /home/airflow/.local/lib/python3.12/site-packages/airflow/example_dags/example_skip_dag.py
[2024-08-29T15:08:38.232+0000] {processor.py:925} INFO - DAG(s) 'example_skip_dag' retrieved from /home/airflow/.local/lib/python3.12/site-packages/airflow/example_dags/example_skip_dag.py
[2024-08-29T15:08:38.248+0000] {logging_mixin.py:190} INFO - [2024-08-29T15:08:38.248+0000] {dag.py:3211} INFO - Sync 1 DAGs
[2024-08-29T15:08:38.266+0000] {logging_mixin.py:190} INFO - [2024-08-29T15:08:38.266+0000] {dag.py:4138} INFO - Setting next_dagrun for example_skip_dag to 2024-08-28 00:00:00+00:00, run_after=2024-08-29 00:00:00+00:00
[2024-08-29T15:08:38.282+0000] {processor.py:208} INFO - Processing /home/airflow/.local/lib/python3.12/site-packages/airflow/example_dags/example_skip_dag.py took 0.064 seconds
[2024-08-29T15:09:09.171+0000] {processor.py:186} INFO - Started process (PID=1355) to work on /home/airflow/.local/lib/python3.12/site-packages/airflow/example_dags/example_skip_dag.py
[2024-08-29T15:09:09.172+0000] {processor.py:914} INFO - Processing file /home/airflow/.local/lib/python3.12/site-packages/airflow/example_dags/example_skip_dag.py for tasks to queue
[2024-08-29T15:09:09.174+0000] {logging_mixin.py:190} INFO - [2024-08-29T15:09:09.174+0000] {dagbag.py:587} INFO - Filling up the DagBag from /home/airflow/.local/lib/python3.12/site-packages/airflow/example_dags/example_skip_dag.py
[2024-08-29T15:09:09.179+0000] {processor.py:925} INFO - DAG(s) 'example_skip_dag' retrieved from /home/airflow/.local/lib/python3.12/site-packages/airflow/example_dags/example_skip_dag.py
[2024-08-29T15:09:09.195+0000] {logging_mixin.py:190} INFO - [2024-08-29T15:09:09.194+0000] {dag.py:3211} INFO - Sync 1 DAGs
[2024-08-29T15:09:09.210+0000] {logging_mixin.py:190} INFO - [2024-08-29T15:09:09.210+0000] {dag.py:4138} INFO - Setting next_dagrun for example_skip_dag to 2024-08-28 00:00:00+00:00, run_after=2024-08-29 00:00:00+00:00
[2024-08-29T15:09:09.227+0000] {processor.py:208} INFO - Processing /home/airflow/.local/lib/python3.12/site-packages/airflow/example_dags/example_skip_dag.py took 0.060 seconds
[2024-08-29T15:09:40.291+0000] {processor.py:186} INFO - Started process (PID=1419) to work on /home/airflow/.local/lib/python3.12/site-packages/airflow/example_dags/example_skip_dag.py
[2024-08-29T15:09:40.292+0000] {processor.py:914} INFO - Processing file /home/airflow/.local/lib/python3.12/site-packages/airflow/example_dags/example_skip_dag.py for tasks to queue
[2024-08-29T15:09:40.294+0000] {logging_mixin.py:190} INFO - [2024-08-29T15:09:40.294+0000] {dagbag.py:587} INFO - Filling up the DagBag from /home/airflow/.local/lib/python3.12/site-packages/airflow/example_dags/example_skip_dag.py
[2024-08-29T15:09:40.301+0000] {processor.py:925} INFO - DAG(s) 'example_skip_dag' retrieved from /home/airflow/.local/lib/python3.12/site-packages/airflow/example_dags/example_skip_dag.py
[2024-08-29T15:09:40.320+0000] {logging_mixin.py:190} INFO - [2024-08-29T15:09:40.319+0000] {dag.py:3211} INFO - Sync 1 DAGs
[2024-08-29T15:09:40.339+0000] {logging_mixin.py:190} INFO - [2024-08-29T15:09:40.338+0000] {dag.py:4138} INFO - Setting next_dagrun for example_skip_dag to 2024-08-28 00:00:00+00:00, run_after=2024-08-29 00:00:00+00:00
[2024-08-29T15:09:40.357+0000] {processor.py:208} INFO - Processing /home/airflow/.local/lib/python3.12/site-packages/airflow/example_dags/example_skip_dag.py took 0.071 seconds
[2024-08-29T15:10:11.031+0000] {processor.py:186} INFO - Started process (PID=1482) to work on /home/airflow/.local/lib/python3.12/site-packages/airflow/example_dags/example_skip_dag.py
[2024-08-29T15:10:11.032+0000] {processor.py:914} INFO - Processing file /home/airflow/.local/lib/python3.12/site-packages/airflow/example_dags/example_skip_dag.py for tasks to queue
[2024-08-29T15:10:11.034+0000] {logging_mixin.py:190} INFO - [2024-08-29T15:10:11.034+0000] {dagbag.py:587} INFO - Filling up the DagBag from /home/airflow/.local/lib/python3.12/site-packages/airflow/example_dags/example_skip_dag.py
[2024-08-29T15:10:11.040+0000] {processor.py:925} INFO - DAG(s) 'example_skip_dag' retrieved from /home/airflow/.local/lib/python3.12/site-packages/airflow/example_dags/example_skip_dag.py
[2024-08-29T15:10:11.056+0000] {logging_mixin.py:190} INFO - [2024-08-29T15:10:11.056+0000] {dag.py:3211} INFO - Sync 1 DAGs
[2024-08-29T15:10:11.072+0000] {logging_mixin.py:190} INFO - [2024-08-29T15:10:11.071+0000] {dag.py:4138} INFO - Setting next_dagrun for example_skip_dag to 2024-08-28 00:00:00+00:00, run_after=2024-08-29 00:00:00+00:00
[2024-08-29T15:10:11.089+0000] {processor.py:208} INFO - Processing /home/airflow/.local/lib/python3.12/site-packages/airflow/example_dags/example_skip_dag.py took 0.063 seconds
[2024-08-29T15:11:17.575+0000] {processor.py:186} INFO - Started process (PID=98) to work on /home/airflow/.local/lib/python3.12/site-packages/airflow/example_dags/example_skip_dag.py
[2024-08-29T15:11:17.576+0000] {processor.py:914} INFO - Processing file /home/airflow/.local/lib/python3.12/site-packages/airflow/example_dags/example_skip_dag.py for tasks to queue
[2024-08-29T15:11:17.578+0000] {logging_mixin.py:190} INFO - [2024-08-29T15:11:17.578+0000] {dagbag.py:587} INFO - Filling up the DagBag from /home/airflow/.local/lib/python3.12/site-packages/airflow/example_dags/example_skip_dag.py
[2024-08-29T15:11:17.585+0000] {processor.py:925} INFO - DAG(s) 'example_skip_dag' retrieved from /home/airflow/.local/lib/python3.12/site-packages/airflow/example_dags/example_skip_dag.py
[2024-08-29T15:11:17.604+0000] {logging_mixin.py:190} INFO - [2024-08-29T15:11:17.604+0000] {dag.py:3211} INFO - Sync 1 DAGs
[2024-08-29T15:11:17.623+0000] {logging_mixin.py:190} INFO - [2024-08-29T15:11:17.622+0000] {dag.py:4138} INFO - Setting next_dagrun for example_skip_dag to 2024-08-28 00:00:00+00:00, run_after=2024-08-29 00:00:00+00:00
[2024-08-29T15:11:17.642+0000] {processor.py:208} INFO - Processing /home/airflow/.local/lib/python3.12/site-packages/airflow/example_dags/example_skip_dag.py took 0.071 seconds
[2024-08-29T15:11:48.439+0000] {processor.py:186} INFO - Started process (PID=168) to work on /home/airflow/.local/lib/python3.12/site-packages/airflow/example_dags/example_skip_dag.py
[2024-08-29T15:11:48.441+0000] {processor.py:914} INFO - Processing file /home/airflow/.local/lib/python3.12/site-packages/airflow/example_dags/example_skip_dag.py for tasks to queue
[2024-08-29T15:11:48.443+0000] {logging_mixin.py:190} INFO - [2024-08-29T15:11:48.442+0000] {dagbag.py:587} INFO - Filling up the DagBag from /home/airflow/.local/lib/python3.12/site-packages/airflow/example_dags/example_skip_dag.py
[2024-08-29T15:11:48.449+0000] {processor.py:925} INFO - DAG(s) 'example_skip_dag' retrieved from /home/airflow/.local/lib/python3.12/site-packages/airflow/example_dags/example_skip_dag.py
[2024-08-29T15:11:48.465+0000] {logging_mixin.py:190} INFO - [2024-08-29T15:11:48.465+0000] {dag.py:3211} INFO - Sync 1 DAGs
[2024-08-29T15:11:48.482+0000] {logging_mixin.py:190} INFO - [2024-08-29T15:11:48.482+0000] {dag.py:4138} INFO - Setting next_dagrun for example_skip_dag to 2024-08-28 00:00:00+00:00, run_after=2024-08-29 00:00:00+00:00
[2024-08-29T15:11:48.503+0000] {processor.py:208} INFO - Processing /home/airflow/.local/lib/python3.12/site-packages/airflow/example_dags/example_skip_dag.py took 0.069 seconds
[2024-08-29T15:12:19.174+0000] {processor.py:186} INFO - Started process (PID=231) to work on /home/airflow/.local/lib/python3.12/site-packages/airflow/example_dags/example_skip_dag.py
[2024-08-29T15:12:19.175+0000] {processor.py:914} INFO - Processing file /home/airflow/.local/lib/python3.12/site-packages/airflow/example_dags/example_skip_dag.py for tasks to queue
[2024-08-29T15:12:19.177+0000] {logging_mixin.py:190} INFO - [2024-08-29T15:12:19.177+0000] {dagbag.py:587} INFO - Filling up the DagBag from /home/airflow/.local/lib/python3.12/site-packages/airflow/example_dags/example_skip_dag.py
[2024-08-29T15:12:19.183+0000] {processor.py:925} INFO - DAG(s) 'example_skip_dag' retrieved from /home/airflow/.local/lib/python3.12/site-packages/airflow/example_dags/example_skip_dag.py
[2024-08-29T15:12:19.200+0000] {logging_mixin.py:190} INFO - [2024-08-29T15:12:19.200+0000] {dag.py:3211} INFO - Sync 1 DAGs
[2024-08-29T15:12:19.219+0000] {logging_mixin.py:190} INFO - [2024-08-29T15:12:19.218+0000] {dag.py:4138} INFO - Setting next_dagrun for example_skip_dag to 2024-08-28 00:00:00+00:00, run_after=2024-08-29 00:00:00+00:00
[2024-08-29T15:12:19.237+0000] {processor.py:208} INFO - Processing /home/airflow/.local/lib/python3.12/site-packages/airflow/example_dags/example_skip_dag.py took 0.068 seconds
[2024-08-29T15:12:50.617+0000] {processor.py:186} INFO - Started process (PID=294) to work on /home/airflow/.local/lib/python3.12/site-packages/airflow/example_dags/example_skip_dag.py
[2024-08-29T15:12:50.618+0000] {processor.py:914} INFO - Processing file /home/airflow/.local/lib/python3.12/site-packages/airflow/example_dags/example_skip_dag.py for tasks to queue
[2024-08-29T15:12:50.620+0000] {logging_mixin.py:190} INFO - [2024-08-29T15:12:50.620+0000] {dagbag.py:587} INFO - Filling up the DagBag from /home/airflow/.local/lib/python3.12/site-packages/airflow/example_dags/example_skip_dag.py
[2024-08-29T15:12:50.626+0000] {processor.py:925} INFO - DAG(s) 'example_skip_dag' retrieved from /home/airflow/.local/lib/python3.12/site-packages/airflow/example_dags/example_skip_dag.py
[2024-08-29T15:12:50.642+0000] {logging_mixin.py:190} INFO - [2024-08-29T15:12:50.642+0000] {dag.py:3211} INFO - Sync 1 DAGs
[2024-08-29T15:12:50.658+0000] {logging_mixin.py:190} INFO - [2024-08-29T15:12:50.658+0000] {dag.py:4138} INFO - Setting next_dagrun for example_skip_dag to 2024-08-28 00:00:00+00:00, run_after=2024-08-29 00:00:00+00:00
[2024-08-29T15:12:50.675+0000] {processor.py:208} INFO - Processing /home/airflow/.local/lib/python3.12/site-packages/airflow/example_dags/example_skip_dag.py took 0.062 seconds
[2024-08-29T15:13:21.624+0000] {processor.py:186} INFO - Started process (PID=357) to work on /home/airflow/.local/lib/python3.12/site-packages/airflow/example_dags/example_skip_dag.py
[2024-08-29T15:13:21.626+0000] {processor.py:914} INFO - Processing file /home/airflow/.local/lib/python3.12/site-packages/airflow/example_dags/example_skip_dag.py for tasks to queue
[2024-08-29T15:13:21.628+0000] {logging_mixin.py:190} INFO - [2024-08-29T15:13:21.628+0000] {dagbag.py:587} INFO - Filling up the DagBag from /home/airflow/.local/lib/python3.12/site-packages/airflow/example_dags/example_skip_dag.py
[2024-08-29T15:13:21.635+0000] {processor.py:925} INFO - DAG(s) 'example_skip_dag' retrieved from /home/airflow/.local/lib/python3.12/site-packages/airflow/example_dags/example_skip_dag.py
[2024-08-29T15:13:21.653+0000] {logging_mixin.py:190} INFO - [2024-08-29T15:13:21.652+0000] {dag.py:3211} INFO - Sync 1 DAGs
[2024-08-29T15:13:21.670+0000] {logging_mixin.py:190} INFO - [2024-08-29T15:13:21.670+0000] {dag.py:4138} INFO - Setting next_dagrun for example_skip_dag to 2024-08-28 00:00:00+00:00, run_after=2024-08-29 00:00:00+00:00
[2024-08-29T15:13:21.689+0000] {processor.py:208} INFO - Processing /home/airflow/.local/lib/python3.12/site-packages/airflow/example_dags/example_skip_dag.py took 0.069 seconds
[2024-08-29T15:13:52.346+0000] {processor.py:186} INFO - Started process (PID=420) to work on /home/airflow/.local/lib/python3.12/site-packages/airflow/example_dags/example_skip_dag.py
[2024-08-29T15:13:52.347+0000] {processor.py:914} INFO - Processing file /home/airflow/.local/lib/python3.12/site-packages/airflow/example_dags/example_skip_dag.py for tasks to queue
[2024-08-29T15:13:52.349+0000] {logging_mixin.py:190} INFO - [2024-08-29T15:13:52.349+0000] {dagbag.py:587} INFO - Filling up the DagBag from /home/airflow/.local/lib/python3.12/site-packages/airflow/example_dags/example_skip_dag.py
[2024-08-29T15:13:52.354+0000] {processor.py:925} INFO - DAG(s) 'example_skip_dag' retrieved from /home/airflow/.local/lib/python3.12/site-packages/airflow/example_dags/example_skip_dag.py
[2024-08-29T15:13:52.371+0000] {logging_mixin.py:190} INFO - [2024-08-29T15:13:52.370+0000] {dag.py:3211} INFO - Sync 1 DAGs
[2024-08-29T15:13:52.396+0000] {logging_mixin.py:190} INFO - [2024-08-29T15:13:52.396+0000] {dag.py:4138} INFO - Setting next_dagrun for example_skip_dag to 2024-08-28 00:00:00+00:00, run_after=2024-08-29 00:00:00+00:00
[2024-08-29T15:13:52.412+0000] {processor.py:208} INFO - Processing /home/airflow/.local/lib/python3.12/site-packages/airflow/example_dags/example_skip_dag.py took 0.071 seconds
[2024-08-29T15:14:22.810+0000] {processor.py:186} INFO - Started process (PID=483) to work on /home/airflow/.local/lib/python3.12/site-packages/airflow/example_dags/example_skip_dag.py
[2024-08-29T15:14:22.811+0000] {processor.py:914} INFO - Processing file /home/airflow/.local/lib/python3.12/site-packages/airflow/example_dags/example_skip_dag.py for tasks to queue
[2024-08-29T15:14:22.813+0000] {logging_mixin.py:190} INFO - [2024-08-29T15:14:22.813+0000] {dagbag.py:587} INFO - Filling up the DagBag from /home/airflow/.local/lib/python3.12/site-packages/airflow/example_dags/example_skip_dag.py
[2024-08-29T15:14:22.818+0000] {processor.py:925} INFO - DAG(s) 'example_skip_dag' retrieved from /home/airflow/.local/lib/python3.12/site-packages/airflow/example_dags/example_skip_dag.py
[2024-08-29T15:14:22.834+0000] {logging_mixin.py:190} INFO - [2024-08-29T15:14:22.834+0000] {dag.py:3211} INFO - Sync 1 DAGs
[2024-08-29T15:14:22.850+0000] {logging_mixin.py:190} INFO - [2024-08-29T15:14:22.850+0000] {dag.py:4138} INFO - Setting next_dagrun for example_skip_dag to 2024-08-28 00:00:00+00:00, run_after=2024-08-29 00:00:00+00:00
[2024-08-29T15:14:22.868+0000] {processor.py:208} INFO - Processing /home/airflow/.local/lib/python3.12/site-packages/airflow/example_dags/example_skip_dag.py took 0.061 seconds
[2024-08-29T15:14:53.605+0000] {processor.py:186} INFO - Started process (PID=546) to work on /home/airflow/.local/lib/python3.12/site-packages/airflow/example_dags/example_skip_dag.py
[2024-08-29T15:14:53.607+0000] {processor.py:914} INFO - Processing file /home/airflow/.local/lib/python3.12/site-packages/airflow/example_dags/example_skip_dag.py for tasks to queue
[2024-08-29T15:14:53.609+0000] {logging_mixin.py:190} INFO - [2024-08-29T15:14:53.609+0000] {dagbag.py:587} INFO - Filling up the DagBag from /home/airflow/.local/lib/python3.12/site-packages/airflow/example_dags/example_skip_dag.py
[2024-08-29T15:14:53.615+0000] {processor.py:925} INFO - DAG(s) 'example_skip_dag' retrieved from /home/airflow/.local/lib/python3.12/site-packages/airflow/example_dags/example_skip_dag.py
[2024-08-29T15:14:53.632+0000] {logging_mixin.py:190} INFO - [2024-08-29T15:14:53.632+0000] {dag.py:3211} INFO - Sync 1 DAGs
[2024-08-29T15:14:53.650+0000] {logging_mixin.py:190} INFO - [2024-08-29T15:14:53.649+0000] {dag.py:4138} INFO - Setting next_dagrun for example_skip_dag to 2024-08-28 00:00:00+00:00, run_after=2024-08-29 00:00:00+00:00
[2024-08-29T15:14:53.667+0000] {processor.py:208} INFO - Processing /home/airflow/.local/lib/python3.12/site-packages/airflow/example_dags/example_skip_dag.py took 0.067 seconds
[2024-08-29T15:15:24.349+0000] {processor.py:186} INFO - Started process (PID=609) to work on /home/airflow/.local/lib/python3.12/site-packages/airflow/example_dags/example_skip_dag.py
[2024-08-29T15:15:24.350+0000] {processor.py:914} INFO - Processing file /home/airflow/.local/lib/python3.12/site-packages/airflow/example_dags/example_skip_dag.py for tasks to queue
[2024-08-29T15:15:24.352+0000] {logging_mixin.py:190} INFO - [2024-08-29T15:15:24.352+0000] {dagbag.py:587} INFO - Filling up the DagBag from /home/airflow/.local/lib/python3.12/site-packages/airflow/example_dags/example_skip_dag.py
[2024-08-29T15:15:24.358+0000] {processor.py:925} INFO - DAG(s) 'example_skip_dag' retrieved from /home/airflow/.local/lib/python3.12/site-packages/airflow/example_dags/example_skip_dag.py
[2024-08-29T15:15:24.374+0000] {logging_mixin.py:190} INFO - [2024-08-29T15:15:24.374+0000] {dag.py:3211} INFO - Sync 1 DAGs
[2024-08-29T15:15:24.392+0000] {logging_mixin.py:190} INFO - [2024-08-29T15:15:24.392+0000] {dag.py:4138} INFO - Setting next_dagrun for example_skip_dag to 2024-08-28 00:00:00+00:00, run_after=2024-08-29 00:00:00+00:00
[2024-08-29T15:15:24.409+0000] {processor.py:208} INFO - Processing /home/airflow/.local/lib/python3.12/site-packages/airflow/example_dags/example_skip_dag.py took 0.065 seconds
[2024-08-29T15:15:54.780+0000] {processor.py:186} INFO - Started process (PID=672) to work on /home/airflow/.local/lib/python3.12/site-packages/airflow/example_dags/example_skip_dag.py
[2024-08-29T15:15:54.781+0000] {processor.py:914} INFO - Processing file /home/airflow/.local/lib/python3.12/site-packages/airflow/example_dags/example_skip_dag.py for tasks to queue
[2024-08-29T15:15:54.784+0000] {logging_mixin.py:190} INFO - [2024-08-29T15:15:54.783+0000] {dagbag.py:587} INFO - Filling up the DagBag from /home/airflow/.local/lib/python3.12/site-packages/airflow/example_dags/example_skip_dag.py
[2024-08-29T15:15:54.789+0000] {processor.py:925} INFO - DAG(s) 'example_skip_dag' retrieved from /home/airflow/.local/lib/python3.12/site-packages/airflow/example_dags/example_skip_dag.py
[2024-08-29T15:15:54.807+0000] {logging_mixin.py:190} INFO - [2024-08-29T15:15:54.806+0000] {dag.py:3211} INFO - Sync 1 DAGs
[2024-08-29T15:15:54.823+0000] {logging_mixin.py:190} INFO - [2024-08-29T15:15:54.823+0000] {dag.py:4138} INFO - Setting next_dagrun for example_skip_dag to 2024-08-28 00:00:00+00:00, run_after=2024-08-29 00:00:00+00:00
[2024-08-29T15:15:54.839+0000] {processor.py:208} INFO - Processing /home/airflow/.local/lib/python3.12/site-packages/airflow/example_dags/example_skip_dag.py took 0.063 seconds
