[2024-08-29T14:58:54.276+0000] {processor.py:186} INFO - Started process (PID=95) to work on /home/airflow/.local/lib/python3.12/site-packages/airflow/example_dags/example_inlet_event_extra.py
[2024-08-29T14:58:54.278+0000] {processor.py:914} INFO - Processing file /home/airflow/.local/lib/python3.12/site-packages/airflow/example_dags/example_inlet_event_extra.py for tasks to queue
[2024-08-29T14:58:54.280+0000] {logging_mixin.py:190} INFO - [2024-08-29T14:58:54.280+0000] {dagbag.py:587} INFO - Filling up the DagBag from /home/airflow/.local/lib/python3.12/site-packages/airflow/example_dags/example_inlet_event_extra.py
[2024-08-29T14:58:54.383+0000] {processor.py:925} INFO - DAG(s) 'read_dataset_event_from_classic', 'read_dataset_event' retrieved from /home/airflow/.local/lib/python3.12/site-packages/airflow/example_dags/example_inlet_event_extra.py
[2024-08-29T14:58:54.403+0000] {logging_mixin.py:190} INFO - [2024-08-29T14:58:54.402+0000] {dag.py:3211} INFO - Sync 2 DAGs
[2024-08-29T14:58:54.421+0000] {logging_mixin.py:190} INFO - [2024-08-29T14:58:54.421+0000] {dag.py:4138} INFO - Setting next_dagrun for read_dataset_event to 2024-08-28 00:00:00+00:00, run_after=2024-08-29 00:00:00+00:00
[2024-08-29T14:58:54.426+0000] {logging_mixin.py:190} INFO - [2024-08-29T14:58:54.425+0000] {dag.py:4138} INFO - Setting next_dagrun for read_dataset_event_from_classic to 2024-08-28 00:00:00+00:00, run_after=2024-08-29 00:00:00+00:00
[2024-08-29T14:58:54.442+0000] {processor.py:208} INFO - Processing /home/airflow/.local/lib/python3.12/site-packages/airflow/example_dags/example_inlet_event_extra.py took 0.171 seconds
[2024-08-29T14:59:25.133+0000] {processor.py:186} INFO - Started process (PID=164) to work on /home/airflow/.local/lib/python3.12/site-packages/airflow/example_dags/example_inlet_event_extra.py
[2024-08-29T14:59:25.134+0000] {processor.py:914} INFO - Processing file /home/airflow/.local/lib/python3.12/site-packages/airflow/example_dags/example_inlet_event_extra.py for tasks to queue
[2024-08-29T14:59:25.137+0000] {logging_mixin.py:190} INFO - [2024-08-29T14:59:25.137+0000] {dagbag.py:587} INFO - Filling up the DagBag from /home/airflow/.local/lib/python3.12/site-packages/airflow/example_dags/example_inlet_event_extra.py
[2024-08-29T14:59:25.248+0000] {processor.py:925} INFO - DAG(s) 'read_dataset_event', 'read_dataset_event_from_classic' retrieved from /home/airflow/.local/lib/python3.12/site-packages/airflow/example_dags/example_inlet_event_extra.py
[2024-08-29T14:59:25.265+0000] {logging_mixin.py:190} INFO - [2024-08-29T14:59:25.265+0000] {dag.py:3211} INFO - Sync 2 DAGs
[2024-08-29T14:59:25.283+0000] {logging_mixin.py:190} INFO - [2024-08-29T14:59:25.283+0000] {dag.py:4138} INFO - Setting next_dagrun for read_dataset_event to 2024-08-28 00:00:00+00:00, run_after=2024-08-29 00:00:00+00:00
[2024-08-29T14:59:25.287+0000] {logging_mixin.py:190} INFO - [2024-08-29T14:59:25.287+0000] {dag.py:4138} INFO - Setting next_dagrun for read_dataset_event_from_classic to 2024-08-28 00:00:00+00:00, run_after=2024-08-29 00:00:00+00:00
[2024-08-29T14:59:25.302+0000] {processor.py:208} INFO - Processing /home/airflow/.local/lib/python3.12/site-packages/airflow/example_dags/example_inlet_event_extra.py took 0.175 seconds
[2024-08-29T14:59:56.178+0000] {processor.py:186} INFO - Started process (PID=226) to work on /home/airflow/.local/lib/python3.12/site-packages/airflow/example_dags/example_inlet_event_extra.py
[2024-08-29T14:59:56.179+0000] {processor.py:914} INFO - Processing file /home/airflow/.local/lib/python3.12/site-packages/airflow/example_dags/example_inlet_event_extra.py for tasks to queue
[2024-08-29T14:59:56.181+0000] {logging_mixin.py:190} INFO - [2024-08-29T14:59:56.181+0000] {dagbag.py:587} INFO - Filling up the DagBag from /home/airflow/.local/lib/python3.12/site-packages/airflow/example_dags/example_inlet_event_extra.py
[2024-08-29T14:59:56.292+0000] {processor.py:925} INFO - DAG(s) 'read_dataset_event_from_classic', 'read_dataset_event' retrieved from /home/airflow/.local/lib/python3.12/site-packages/airflow/example_dags/example_inlet_event_extra.py
[2024-08-29T14:59:56.309+0000] {logging_mixin.py:190} INFO - [2024-08-29T14:59:56.309+0000] {dag.py:3211} INFO - Sync 2 DAGs
[2024-08-29T14:59:56.326+0000] {logging_mixin.py:190} INFO - [2024-08-29T14:59:56.326+0000] {dag.py:4138} INFO - Setting next_dagrun for read_dataset_event to 2024-08-28 00:00:00+00:00, run_after=2024-08-29 00:00:00+00:00
[2024-08-29T14:59:56.330+0000] {logging_mixin.py:190} INFO - [2024-08-29T14:59:56.330+0000] {dag.py:4138} INFO - Setting next_dagrun for read_dataset_event_from_classic to 2024-08-28 00:00:00+00:00, run_after=2024-08-29 00:00:00+00:00
[2024-08-29T14:59:56.347+0000] {processor.py:208} INFO - Processing /home/airflow/.local/lib/python3.12/site-packages/airflow/example_dags/example_inlet_event_extra.py took 0.172 seconds
[2024-08-29T15:00:27.125+0000] {processor.py:186} INFO - Started process (PID=288) to work on /home/airflow/.local/lib/python3.12/site-packages/airflow/example_dags/example_inlet_event_extra.py
[2024-08-29T15:00:27.126+0000] {processor.py:914} INFO - Processing file /home/airflow/.local/lib/python3.12/site-packages/airflow/example_dags/example_inlet_event_extra.py for tasks to queue
[2024-08-29T15:00:27.128+0000] {logging_mixin.py:190} INFO - [2024-08-29T15:00:27.127+0000] {dagbag.py:587} INFO - Filling up the DagBag from /home/airflow/.local/lib/python3.12/site-packages/airflow/example_dags/example_inlet_event_extra.py
[2024-08-29T15:00:27.236+0000] {processor.py:925} INFO - DAG(s) 'read_dataset_event', 'read_dataset_event_from_classic' retrieved from /home/airflow/.local/lib/python3.12/site-packages/airflow/example_dags/example_inlet_event_extra.py
[2024-08-29T15:00:27.254+0000] {logging_mixin.py:190} INFO - [2024-08-29T15:00:27.253+0000] {dag.py:3211} INFO - Sync 2 DAGs
[2024-08-29T15:00:27.275+0000] {logging_mixin.py:190} INFO - [2024-08-29T15:00:27.275+0000] {dag.py:4138} INFO - Setting next_dagrun for read_dataset_event to 2024-08-28 00:00:00+00:00, run_after=2024-08-29 00:00:00+00:00
[2024-08-29T15:00:27.279+0000] {logging_mixin.py:190} INFO - [2024-08-29T15:00:27.279+0000] {dag.py:4138} INFO - Setting next_dagrun for read_dataset_event_from_classic to 2024-08-28 00:00:00+00:00, run_after=2024-08-29 00:00:00+00:00
[2024-08-29T15:00:27.293+0000] {processor.py:208} INFO - Processing /home/airflow/.local/lib/python3.12/site-packages/airflow/example_dags/example_inlet_event_extra.py took 0.174 seconds
[2024-08-29T15:00:58.028+0000] {processor.py:186} INFO - Started process (PID=350) to work on /home/airflow/.local/lib/python3.12/site-packages/airflow/example_dags/example_inlet_event_extra.py
[2024-08-29T15:00:58.032+0000] {processor.py:914} INFO - Processing file /home/airflow/.local/lib/python3.12/site-packages/airflow/example_dags/example_inlet_event_extra.py for tasks to queue
[2024-08-29T15:00:58.053+0000] {logging_mixin.py:190} INFO - [2024-08-29T15:00:58.052+0000] {dagbag.py:587} INFO - Filling up the DagBag from /home/airflow/.local/lib/python3.12/site-packages/airflow/example_dags/example_inlet_event_extra.py
[2024-08-29T15:00:58.154+0000] {processor.py:925} INFO - DAG(s) 'read_dataset_event_from_classic', 'read_dataset_event' retrieved from /home/airflow/.local/lib/python3.12/site-packages/airflow/example_dags/example_inlet_event_extra.py
[2024-08-29T15:00:58.172+0000] {logging_mixin.py:190} INFO - [2024-08-29T15:00:58.172+0000] {dag.py:3211} INFO - Sync 2 DAGs
[2024-08-29T15:00:58.188+0000] {logging_mixin.py:190} INFO - [2024-08-29T15:00:58.188+0000] {dag.py:4138} INFO - Setting next_dagrun for read_dataset_event to 2024-08-28 00:00:00+00:00, run_after=2024-08-29 00:00:00+00:00
[2024-08-29T15:00:58.191+0000] {logging_mixin.py:190} INFO - [2024-08-29T15:00:58.191+0000] {dag.py:4138} INFO - Setting next_dagrun for read_dataset_event_from_classic to 2024-08-28 00:00:00+00:00, run_after=2024-08-29 00:00:00+00:00
[2024-08-29T15:00:58.205+0000] {processor.py:208} INFO - Processing /home/airflow/.local/lib/python3.12/site-packages/airflow/example_dags/example_inlet_event_extra.py took 0.182 seconds
[2024-08-29T15:01:28.598+0000] {processor.py:186} INFO - Started process (PID=412) to work on /home/airflow/.local/lib/python3.12/site-packages/airflow/example_dags/example_inlet_event_extra.py
[2024-08-29T15:01:28.599+0000] {processor.py:914} INFO - Processing file /home/airflow/.local/lib/python3.12/site-packages/airflow/example_dags/example_inlet_event_extra.py for tasks to queue
[2024-08-29T15:01:28.601+0000] {logging_mixin.py:190} INFO - [2024-08-29T15:01:28.601+0000] {dagbag.py:587} INFO - Filling up the DagBag from /home/airflow/.local/lib/python3.12/site-packages/airflow/example_dags/example_inlet_event_extra.py
[2024-08-29T15:01:28.696+0000] {processor.py:925} INFO - DAG(s) 'read_dataset_event', 'read_dataset_event_from_classic' retrieved from /home/airflow/.local/lib/python3.12/site-packages/airflow/example_dags/example_inlet_event_extra.py
[2024-08-29T15:01:28.713+0000] {logging_mixin.py:190} INFO - [2024-08-29T15:01:28.713+0000] {dag.py:3211} INFO - Sync 2 DAGs
[2024-08-29T15:01:28.734+0000] {logging_mixin.py:190} INFO - [2024-08-29T15:01:28.733+0000] {dag.py:4138} INFO - Setting next_dagrun for read_dataset_event to 2024-08-28 00:00:00+00:00, run_after=2024-08-29 00:00:00+00:00
[2024-08-29T15:01:28.740+0000] {logging_mixin.py:190} INFO - [2024-08-29T15:01:28.739+0000] {dag.py:4138} INFO - Setting next_dagrun for read_dataset_event_from_classic to 2024-08-28 00:00:00+00:00, run_after=2024-08-29 00:00:00+00:00
[2024-08-29T15:01:28.754+0000] {processor.py:208} INFO - Processing /home/airflow/.local/lib/python3.12/site-packages/airflow/example_dags/example_inlet_event_extra.py took 0.160 seconds
[2024-08-29T15:01:59.303+0000] {processor.py:186} INFO - Started process (PID=474) to work on /home/airflow/.local/lib/python3.12/site-packages/airflow/example_dags/example_inlet_event_extra.py
[2024-08-29T15:01:59.304+0000] {processor.py:914} INFO - Processing file /home/airflow/.local/lib/python3.12/site-packages/airflow/example_dags/example_inlet_event_extra.py for tasks to queue
[2024-08-29T15:01:59.306+0000] {logging_mixin.py:190} INFO - [2024-08-29T15:01:59.306+0000] {dagbag.py:587} INFO - Filling up the DagBag from /home/airflow/.local/lib/python3.12/site-packages/airflow/example_dags/example_inlet_event_extra.py
[2024-08-29T15:01:59.420+0000] {processor.py:925} INFO - DAG(s) 'read_dataset_event', 'read_dataset_event_from_classic' retrieved from /home/airflow/.local/lib/python3.12/site-packages/airflow/example_dags/example_inlet_event_extra.py
[2024-08-29T15:01:59.437+0000] {logging_mixin.py:190} INFO - [2024-08-29T15:01:59.436+0000] {dag.py:3211} INFO - Sync 2 DAGs
[2024-08-29T15:01:59.455+0000] {logging_mixin.py:190} INFO - [2024-08-29T15:01:59.455+0000] {dag.py:4138} INFO - Setting next_dagrun for read_dataset_event to 2024-08-28 00:00:00+00:00, run_after=2024-08-29 00:00:00+00:00
[2024-08-29T15:01:59.459+0000] {logging_mixin.py:190} INFO - [2024-08-29T15:01:59.459+0000] {dag.py:4138} INFO - Setting next_dagrun for read_dataset_event_from_classic to 2024-08-28 00:00:00+00:00, run_after=2024-08-29 00:00:00+00:00
[2024-08-29T15:01:59.475+0000] {processor.py:208} INFO - Processing /home/airflow/.local/lib/python3.12/site-packages/airflow/example_dags/example_inlet_event_extra.py took 0.177 seconds
[2024-08-29T15:02:29.713+0000] {processor.py:186} INFO - Started process (PID=536) to work on /home/airflow/.local/lib/python3.12/site-packages/airflow/example_dags/example_inlet_event_extra.py
[2024-08-29T15:02:29.714+0000] {processor.py:914} INFO - Processing file /home/airflow/.local/lib/python3.12/site-packages/airflow/example_dags/example_inlet_event_extra.py for tasks to queue
[2024-08-29T15:02:29.716+0000] {logging_mixin.py:190} INFO - [2024-08-29T15:02:29.716+0000] {dagbag.py:587} INFO - Filling up the DagBag from /home/airflow/.local/lib/python3.12/site-packages/airflow/example_dags/example_inlet_event_extra.py
[2024-08-29T15:02:29.816+0000] {processor.py:925} INFO - DAG(s) 'read_dataset_event', 'read_dataset_event_from_classic' retrieved from /home/airflow/.local/lib/python3.12/site-packages/airflow/example_dags/example_inlet_event_extra.py
[2024-08-29T15:02:29.832+0000] {logging_mixin.py:190} INFO - [2024-08-29T15:02:29.832+0000] {dag.py:3211} INFO - Sync 2 DAGs
[2024-08-29T15:02:29.848+0000] {logging_mixin.py:190} INFO - [2024-08-29T15:02:29.848+0000] {dag.py:4138} INFO - Setting next_dagrun for read_dataset_event to 2024-08-28 00:00:00+00:00, run_after=2024-08-29 00:00:00+00:00
[2024-08-29T15:02:29.852+0000] {logging_mixin.py:190} INFO - [2024-08-29T15:02:29.851+0000] {dag.py:4138} INFO - Setting next_dagrun for read_dataset_event_from_classic to 2024-08-28 00:00:00+00:00, run_after=2024-08-29 00:00:00+00:00
[2024-08-29T15:02:29.865+0000] {processor.py:208} INFO - Processing /home/airflow/.local/lib/python3.12/site-packages/airflow/example_dags/example_inlet_event_extra.py took 0.157 seconds
[2024-08-29T15:03:00.121+0000] {processor.py:186} INFO - Started process (PID=598) to work on /home/airflow/.local/lib/python3.12/site-packages/airflow/example_dags/example_inlet_event_extra.py
[2024-08-29T15:03:00.122+0000] {processor.py:914} INFO - Processing file /home/airflow/.local/lib/python3.12/site-packages/airflow/example_dags/example_inlet_event_extra.py for tasks to queue
[2024-08-29T15:03:00.124+0000] {logging_mixin.py:190} INFO - [2024-08-29T15:03:00.124+0000] {dagbag.py:587} INFO - Filling up the DagBag from /home/airflow/.local/lib/python3.12/site-packages/airflow/example_dags/example_inlet_event_extra.py
[2024-08-29T15:03:00.226+0000] {processor.py:925} INFO - DAG(s) 'read_dataset_event_from_classic', 'read_dataset_event' retrieved from /home/airflow/.local/lib/python3.12/site-packages/airflow/example_dags/example_inlet_event_extra.py
[2024-08-29T15:03:00.241+0000] {logging_mixin.py:190} INFO - [2024-08-29T15:03:00.241+0000] {dag.py:3211} INFO - Sync 2 DAGs
[2024-08-29T15:03:00.261+0000] {logging_mixin.py:190} INFO - [2024-08-29T15:03:00.261+0000] {dag.py:4138} INFO - Setting next_dagrun for read_dataset_event to 2024-08-28 00:00:00+00:00, run_after=2024-08-29 00:00:00+00:00
[2024-08-29T15:03:00.265+0000] {logging_mixin.py:190} INFO - [2024-08-29T15:03:00.265+0000] {dag.py:4138} INFO - Setting next_dagrun for read_dataset_event_from_classic to 2024-08-28 00:00:00+00:00, run_after=2024-08-29 00:00:00+00:00
[2024-08-29T15:03:00.279+0000] {processor.py:208} INFO - Processing /home/airflow/.local/lib/python3.12/site-packages/airflow/example_dags/example_inlet_event_extra.py took 0.163 seconds
[2024-08-29T15:03:31.021+0000] {processor.py:186} INFO - Started process (PID=660) to work on /home/airflow/.local/lib/python3.12/site-packages/airflow/example_dags/example_inlet_event_extra.py
[2024-08-29T15:03:31.022+0000] {processor.py:914} INFO - Processing file /home/airflow/.local/lib/python3.12/site-packages/airflow/example_dags/example_inlet_event_extra.py for tasks to queue
[2024-08-29T15:03:31.024+0000] {logging_mixin.py:190} INFO - [2024-08-29T15:03:31.024+0000] {dagbag.py:587} INFO - Filling up the DagBag from /home/airflow/.local/lib/python3.12/site-packages/airflow/example_dags/example_inlet_event_extra.py
[2024-08-29T15:03:31.133+0000] {processor.py:925} INFO - DAG(s) 'read_dataset_event', 'read_dataset_event_from_classic' retrieved from /home/airflow/.local/lib/python3.12/site-packages/airflow/example_dags/example_inlet_event_extra.py
[2024-08-29T15:03:31.149+0000] {logging_mixin.py:190} INFO - [2024-08-29T15:03:31.149+0000] {dag.py:3211} INFO - Sync 2 DAGs
[2024-08-29T15:03:31.169+0000] {logging_mixin.py:190} INFO - [2024-08-29T15:03:31.169+0000] {dag.py:4138} INFO - Setting next_dagrun for read_dataset_event to 2024-08-28 00:00:00+00:00, run_after=2024-08-29 00:00:00+00:00
[2024-08-29T15:03:31.174+0000] {logging_mixin.py:190} INFO - [2024-08-29T15:03:31.174+0000] {dag.py:4138} INFO - Setting next_dagrun for read_dataset_event_from_classic to 2024-08-28 00:00:00+00:00, run_after=2024-08-29 00:00:00+00:00
[2024-08-29T15:03:31.192+0000] {processor.py:208} INFO - Processing /home/airflow/.local/lib/python3.12/site-packages/airflow/example_dags/example_inlet_event_extra.py took 0.176 seconds
[2024-08-29T15:04:01.887+0000] {processor.py:186} INFO - Started process (PID=723) to work on /home/airflow/.local/lib/python3.12/site-packages/airflow/example_dags/example_inlet_event_extra.py
[2024-08-29T15:04:01.888+0000] {processor.py:914} INFO - Processing file /home/airflow/.local/lib/python3.12/site-packages/airflow/example_dags/example_inlet_event_extra.py for tasks to queue
[2024-08-29T15:04:01.890+0000] {logging_mixin.py:190} INFO - [2024-08-29T15:04:01.889+0000] {dagbag.py:587} INFO - Filling up the DagBag from /home/airflow/.local/lib/python3.12/site-packages/airflow/example_dags/example_inlet_event_extra.py
[2024-08-29T15:04:01.990+0000] {processor.py:925} INFO - DAG(s) 'read_dataset_event', 'read_dataset_event_from_classic' retrieved from /home/airflow/.local/lib/python3.12/site-packages/airflow/example_dags/example_inlet_event_extra.py
[2024-08-29T15:04:02.007+0000] {logging_mixin.py:190} INFO - [2024-08-29T15:04:02.006+0000] {dag.py:3211} INFO - Sync 2 DAGs
[2024-08-29T15:04:02.025+0000] {logging_mixin.py:190} INFO - [2024-08-29T15:04:02.024+0000] {dag.py:4138} INFO - Setting next_dagrun for read_dataset_event to 2024-08-28 00:00:00+00:00, run_after=2024-08-29 00:00:00+00:00
[2024-08-29T15:04:02.028+0000] {logging_mixin.py:190} INFO - [2024-08-29T15:04:02.028+0000] {dag.py:4138} INFO - Setting next_dagrun for read_dataset_event_from_classic to 2024-08-28 00:00:00+00:00, run_after=2024-08-29 00:00:00+00:00
[2024-08-29T15:04:02.044+0000] {processor.py:208} INFO - Processing /home/airflow/.local/lib/python3.12/site-packages/airflow/example_dags/example_inlet_event_extra.py took 0.162 seconds
[2024-08-29T15:04:33.102+0000] {processor.py:186} INFO - Started process (PID=786) to work on /home/airflow/.local/lib/python3.12/site-packages/airflow/example_dags/example_inlet_event_extra.py
[2024-08-29T15:04:33.103+0000] {processor.py:914} INFO - Processing file /home/airflow/.local/lib/python3.12/site-packages/airflow/example_dags/example_inlet_event_extra.py for tasks to queue
[2024-08-29T15:04:33.105+0000] {logging_mixin.py:190} INFO - [2024-08-29T15:04:33.105+0000] {dagbag.py:587} INFO - Filling up the DagBag from /home/airflow/.local/lib/python3.12/site-packages/airflow/example_dags/example_inlet_event_extra.py
[2024-08-29T15:04:33.206+0000] {processor.py:925} INFO - DAG(s) 'read_dataset_event_from_classic', 'read_dataset_event' retrieved from /home/airflow/.local/lib/python3.12/site-packages/airflow/example_dags/example_inlet_event_extra.py
[2024-08-29T15:04:33.222+0000] {logging_mixin.py:190} INFO - [2024-08-29T15:04:33.222+0000] {dag.py:3211} INFO - Sync 2 DAGs
[2024-08-29T15:04:33.238+0000] {logging_mixin.py:190} INFO - [2024-08-29T15:04:33.237+0000] {dag.py:4138} INFO - Setting next_dagrun for read_dataset_event to 2024-08-28 00:00:00+00:00, run_after=2024-08-29 00:00:00+00:00
[2024-08-29T15:04:33.241+0000] {logging_mixin.py:190} INFO - [2024-08-29T15:04:33.241+0000] {dag.py:4138} INFO - Setting next_dagrun for read_dataset_event_from_classic to 2024-08-28 00:00:00+00:00, run_after=2024-08-29 00:00:00+00:00
[2024-08-29T15:04:33.255+0000] {processor.py:208} INFO - Processing /home/airflow/.local/lib/python3.12/site-packages/airflow/example_dags/example_inlet_event_extra.py took 0.158 seconds
[2024-08-29T15:05:04.091+0000] {processor.py:186} INFO - Started process (PID=849) to work on /home/airflow/.local/lib/python3.12/site-packages/airflow/example_dags/example_inlet_event_extra.py
[2024-08-29T15:05:04.091+0000] {processor.py:914} INFO - Processing file /home/airflow/.local/lib/python3.12/site-packages/airflow/example_dags/example_inlet_event_extra.py for tasks to queue
[2024-08-29T15:05:04.093+0000] {logging_mixin.py:190} INFO - [2024-08-29T15:05:04.093+0000] {dagbag.py:587} INFO - Filling up the DagBag from /home/airflow/.local/lib/python3.12/site-packages/airflow/example_dags/example_inlet_event_extra.py
[2024-08-29T15:05:04.194+0000] {processor.py:925} INFO - DAG(s) 'read_dataset_event_from_classic', 'read_dataset_event' retrieved from /home/airflow/.local/lib/python3.12/site-packages/airflow/example_dags/example_inlet_event_extra.py
[2024-08-29T15:05:04.213+0000] {logging_mixin.py:190} INFO - [2024-08-29T15:05:04.212+0000] {dag.py:3211} INFO - Sync 2 DAGs
[2024-08-29T15:05:04.236+0000] {logging_mixin.py:190} INFO - [2024-08-29T15:05:04.236+0000] {dag.py:4138} INFO - Setting next_dagrun for read_dataset_event to 2024-08-28 00:00:00+00:00, run_after=2024-08-29 00:00:00+00:00
[2024-08-29T15:05:04.241+0000] {logging_mixin.py:190} INFO - [2024-08-29T15:05:04.241+0000] {dag.py:4138} INFO - Setting next_dagrun for read_dataset_event_from_classic to 2024-08-28 00:00:00+00:00, run_after=2024-08-29 00:00:00+00:00
[2024-08-29T15:05:04.258+0000] {processor.py:208} INFO - Processing /home/airflow/.local/lib/python3.12/site-packages/airflow/example_dags/example_inlet_event_extra.py took 0.172 seconds
[2024-08-29T15:05:34.698+0000] {processor.py:186} INFO - Started process (PID=912) to work on /home/airflow/.local/lib/python3.12/site-packages/airflow/example_dags/example_inlet_event_extra.py
[2024-08-29T15:05:34.699+0000] {processor.py:914} INFO - Processing file /home/airflow/.local/lib/python3.12/site-packages/airflow/example_dags/example_inlet_event_extra.py for tasks to queue
[2024-08-29T15:05:34.701+0000] {logging_mixin.py:190} INFO - [2024-08-29T15:05:34.701+0000] {dagbag.py:587} INFO - Filling up the DagBag from /home/airflow/.local/lib/python3.12/site-packages/airflow/example_dags/example_inlet_event_extra.py
[2024-08-29T15:05:34.793+0000] {processor.py:925} INFO - DAG(s) 'read_dataset_event_from_classic', 'read_dataset_event' retrieved from /home/airflow/.local/lib/python3.12/site-packages/airflow/example_dags/example_inlet_event_extra.py
[2024-08-29T15:05:34.810+0000] {logging_mixin.py:190} INFO - [2024-08-29T15:05:34.810+0000] {dag.py:3211} INFO - Sync 2 DAGs
[2024-08-29T15:05:34.826+0000] {logging_mixin.py:190} INFO - [2024-08-29T15:05:34.826+0000] {dag.py:4138} INFO - Setting next_dagrun for read_dataset_event to 2024-08-28 00:00:00+00:00, run_after=2024-08-29 00:00:00+00:00
[2024-08-29T15:05:34.829+0000] {logging_mixin.py:190} INFO - [2024-08-29T15:05:34.829+0000] {dag.py:4138} INFO - Setting next_dagrun for read_dataset_event_from_classic to 2024-08-28 00:00:00+00:00, run_after=2024-08-29 00:00:00+00:00
[2024-08-29T15:05:34.844+0000] {processor.py:208} INFO - Processing /home/airflow/.local/lib/python3.12/site-packages/airflow/example_dags/example_inlet_event_extra.py took 0.150 seconds
[2024-08-29T15:06:05.540+0000] {processor.py:186} INFO - Started process (PID=976) to work on /home/airflow/.local/lib/python3.12/site-packages/airflow/example_dags/example_inlet_event_extra.py
[2024-08-29T15:06:05.541+0000] {processor.py:914} INFO - Processing file /home/airflow/.local/lib/python3.12/site-packages/airflow/example_dags/example_inlet_event_extra.py for tasks to queue
[2024-08-29T15:06:05.544+0000] {logging_mixin.py:190} INFO - [2024-08-29T15:06:05.544+0000] {dagbag.py:587} INFO - Filling up the DagBag from /home/airflow/.local/lib/python3.12/site-packages/airflow/example_dags/example_inlet_event_extra.py
[2024-08-29T15:06:05.653+0000] {processor.py:925} INFO - DAG(s) 'read_dataset_event', 'read_dataset_event_from_classic' retrieved from /home/airflow/.local/lib/python3.12/site-packages/airflow/example_dags/example_inlet_event_extra.py
[2024-08-29T15:06:05.670+0000] {logging_mixin.py:190} INFO - [2024-08-29T15:06:05.670+0000] {dag.py:3211} INFO - Sync 2 DAGs
[2024-08-29T15:06:05.687+0000] {logging_mixin.py:190} INFO - [2024-08-29T15:06:05.687+0000] {dag.py:4138} INFO - Setting next_dagrun for read_dataset_event to 2024-08-28 00:00:00+00:00, run_after=2024-08-29 00:00:00+00:00
[2024-08-29T15:06:05.692+0000] {logging_mixin.py:190} INFO - [2024-08-29T15:06:05.692+0000] {dag.py:4138} INFO - Setting next_dagrun for read_dataset_event_from_classic to 2024-08-28 00:00:00+00:00, run_after=2024-08-29 00:00:00+00:00
[2024-08-29T15:06:05.715+0000] {processor.py:208} INFO - Processing /home/airflow/.local/lib/python3.12/site-packages/airflow/example_dags/example_inlet_event_extra.py took 0.179 seconds
[2024-08-29T15:06:35.977+0000] {processor.py:186} INFO - Started process (PID=1039) to work on /home/airflow/.local/lib/python3.12/site-packages/airflow/example_dags/example_inlet_event_extra.py
[2024-08-29T15:06:35.978+0000] {processor.py:914} INFO - Processing file /home/airflow/.local/lib/python3.12/site-packages/airflow/example_dags/example_inlet_event_extra.py for tasks to queue
[2024-08-29T15:06:35.979+0000] {logging_mixin.py:190} INFO - [2024-08-29T15:06:35.979+0000] {dagbag.py:587} INFO - Filling up the DagBag from /home/airflow/.local/lib/python3.12/site-packages/airflow/example_dags/example_inlet_event_extra.py
[2024-08-29T15:06:36.081+0000] {processor.py:925} INFO - DAG(s) 'read_dataset_event_from_classic', 'read_dataset_event' retrieved from /home/airflow/.local/lib/python3.12/site-packages/airflow/example_dags/example_inlet_event_extra.py
[2024-08-29T15:06:36.095+0000] {logging_mixin.py:190} INFO - [2024-08-29T15:06:36.095+0000] {dag.py:3211} INFO - Sync 2 DAGs
[2024-08-29T15:06:36.112+0000] {logging_mixin.py:190} INFO - [2024-08-29T15:06:36.112+0000] {dag.py:4138} INFO - Setting next_dagrun for read_dataset_event to 2024-08-28 00:00:00+00:00, run_after=2024-08-29 00:00:00+00:00
[2024-08-29T15:06:36.116+0000] {logging_mixin.py:190} INFO - [2024-08-29T15:06:36.115+0000] {dag.py:4138} INFO - Setting next_dagrun for read_dataset_event_from_classic to 2024-08-28 00:00:00+00:00, run_after=2024-08-29 00:00:00+00:00
[2024-08-29T15:06:36.130+0000] {processor.py:208} INFO - Processing /home/airflow/.local/lib/python3.12/site-packages/airflow/example_dags/example_inlet_event_extra.py took 0.157 seconds
[2024-08-29T15:07:06.758+0000] {processor.py:186} INFO - Started process (PID=1102) to work on /home/airflow/.local/lib/python3.12/site-packages/airflow/example_dags/example_inlet_event_extra.py
[2024-08-29T15:07:06.759+0000] {processor.py:914} INFO - Processing file /home/airflow/.local/lib/python3.12/site-packages/airflow/example_dags/example_inlet_event_extra.py for tasks to queue
[2024-08-29T15:07:06.761+0000] {logging_mixin.py:190} INFO - [2024-08-29T15:07:06.761+0000] {dagbag.py:587} INFO - Filling up the DagBag from /home/airflow/.local/lib/python3.12/site-packages/airflow/example_dags/example_inlet_event_extra.py
[2024-08-29T15:07:06.853+0000] {processor.py:925} INFO - DAG(s) 'read_dataset_event', 'read_dataset_event_from_classic' retrieved from /home/airflow/.local/lib/python3.12/site-packages/airflow/example_dags/example_inlet_event_extra.py
[2024-08-29T15:07:06.870+0000] {logging_mixin.py:190} INFO - [2024-08-29T15:07:06.870+0000] {dag.py:3211} INFO - Sync 2 DAGs
[2024-08-29T15:07:06.888+0000] {logging_mixin.py:190} INFO - [2024-08-29T15:07:06.888+0000] {dag.py:4138} INFO - Setting next_dagrun for read_dataset_event to 2024-08-28 00:00:00+00:00, run_after=2024-08-29 00:00:00+00:00
[2024-08-29T15:07:06.891+0000] {logging_mixin.py:190} INFO - [2024-08-29T15:07:06.891+0000] {dag.py:4138} INFO - Setting next_dagrun for read_dataset_event_from_classic to 2024-08-28 00:00:00+00:00, run_after=2024-08-29 00:00:00+00:00
[2024-08-29T15:07:06.904+0000] {processor.py:208} INFO - Processing /home/airflow/.local/lib/python3.12/site-packages/airflow/example_dags/example_inlet_event_extra.py took 0.150 seconds
[2024-08-29T15:07:37.183+0000] {processor.py:186} INFO - Started process (PID=1165) to work on /home/airflow/.local/lib/python3.12/site-packages/airflow/example_dags/example_inlet_event_extra.py
[2024-08-29T15:07:37.184+0000] {processor.py:914} INFO - Processing file /home/airflow/.local/lib/python3.12/site-packages/airflow/example_dags/example_inlet_event_extra.py for tasks to queue
[2024-08-29T15:07:37.185+0000] {logging_mixin.py:190} INFO - [2024-08-29T15:07:37.185+0000] {dagbag.py:587} INFO - Filling up the DagBag from /home/airflow/.local/lib/python3.12/site-packages/airflow/example_dags/example_inlet_event_extra.py
[2024-08-29T15:07:37.279+0000] {processor.py:925} INFO - DAG(s) 'read_dataset_event', 'read_dataset_event_from_classic' retrieved from /home/airflow/.local/lib/python3.12/site-packages/airflow/example_dags/example_inlet_event_extra.py
[2024-08-29T15:07:37.293+0000] {logging_mixin.py:190} INFO - [2024-08-29T15:07:37.293+0000] {dag.py:3211} INFO - Sync 2 DAGs
[2024-08-29T15:07:37.309+0000] {logging_mixin.py:190} INFO - [2024-08-29T15:07:37.309+0000] {dag.py:4138} INFO - Setting next_dagrun for read_dataset_event to 2024-08-28 00:00:00+00:00, run_after=2024-08-29 00:00:00+00:00
[2024-08-29T15:07:37.314+0000] {logging_mixin.py:190} INFO - [2024-08-29T15:07:37.313+0000] {dag.py:4138} INFO - Setting next_dagrun for read_dataset_event_from_classic to 2024-08-28 00:00:00+00:00, run_after=2024-08-29 00:00:00+00:00
[2024-08-29T15:07:37.328+0000] {processor.py:208} INFO - Processing /home/airflow/.local/lib/python3.12/site-packages/airflow/example_dags/example_inlet_event_extra.py took 0.149 seconds
[2024-08-29T15:08:07.729+0000] {processor.py:186} INFO - Started process (PID=1228) to work on /home/airflow/.local/lib/python3.12/site-packages/airflow/example_dags/example_inlet_event_extra.py
[2024-08-29T15:08:07.730+0000] {processor.py:914} INFO - Processing file /home/airflow/.local/lib/python3.12/site-packages/airflow/example_dags/example_inlet_event_extra.py for tasks to queue
[2024-08-29T15:08:07.732+0000] {logging_mixin.py:190} INFO - [2024-08-29T15:08:07.732+0000] {dagbag.py:587} INFO - Filling up the DagBag from /home/airflow/.local/lib/python3.12/site-packages/airflow/example_dags/example_inlet_event_extra.py
[2024-08-29T15:08:07.827+0000] {processor.py:925} INFO - DAG(s) 'read_dataset_event', 'read_dataset_event_from_classic' retrieved from /home/airflow/.local/lib/python3.12/site-packages/airflow/example_dags/example_inlet_event_extra.py
[2024-08-29T15:08:07.843+0000] {logging_mixin.py:190} INFO - [2024-08-29T15:08:07.843+0000] {dag.py:3211} INFO - Sync 2 DAGs
[2024-08-29T15:08:07.859+0000] {logging_mixin.py:190} INFO - [2024-08-29T15:08:07.858+0000] {dag.py:4138} INFO - Setting next_dagrun for read_dataset_event to 2024-08-28 00:00:00+00:00, run_after=2024-08-29 00:00:00+00:00
[2024-08-29T15:08:07.862+0000] {logging_mixin.py:190} INFO - [2024-08-29T15:08:07.862+0000] {dag.py:4138} INFO - Setting next_dagrun for read_dataset_event_from_classic to 2024-08-28 00:00:00+00:00, run_after=2024-08-29 00:00:00+00:00
[2024-08-29T15:08:07.879+0000] {processor.py:208} INFO - Processing /home/airflow/.local/lib/python3.12/site-packages/airflow/example_dags/example_inlet_event_extra.py took 0.153 seconds
[2024-08-29T15:08:38.152+0000] {processor.py:186} INFO - Started process (PID=1291) to work on /home/airflow/.local/lib/python3.12/site-packages/airflow/example_dags/example_inlet_event_extra.py
[2024-08-29T15:08:38.153+0000] {processor.py:914} INFO - Processing file /home/airflow/.local/lib/python3.12/site-packages/airflow/example_dags/example_inlet_event_extra.py for tasks to queue
[2024-08-29T15:08:38.155+0000] {logging_mixin.py:190} INFO - [2024-08-29T15:08:38.155+0000] {dagbag.py:587} INFO - Filling up the DagBag from /home/airflow/.local/lib/python3.12/site-packages/airflow/example_dags/example_inlet_event_extra.py
[2024-08-29T15:08:38.260+0000] {processor.py:925} INFO - DAG(s) 'read_dataset_event_from_classic', 'read_dataset_event' retrieved from /home/airflow/.local/lib/python3.12/site-packages/airflow/example_dags/example_inlet_event_extra.py
[2024-08-29T15:08:38.278+0000] {logging_mixin.py:190} INFO - [2024-08-29T15:08:38.278+0000] {dag.py:3211} INFO - Sync 2 DAGs
[2024-08-29T15:08:38.298+0000] {logging_mixin.py:190} INFO - [2024-08-29T15:08:38.297+0000] {dag.py:4138} INFO - Setting next_dagrun for read_dataset_event to 2024-08-28 00:00:00+00:00, run_after=2024-08-29 00:00:00+00:00
[2024-08-29T15:08:38.302+0000] {logging_mixin.py:190} INFO - [2024-08-29T15:08:38.301+0000] {dag.py:4138} INFO - Setting next_dagrun for read_dataset_event_from_classic to 2024-08-28 00:00:00+00:00, run_after=2024-08-29 00:00:00+00:00
[2024-08-29T15:08:38.317+0000] {processor.py:208} INFO - Processing /home/airflow/.local/lib/python3.12/site-packages/airflow/example_dags/example_inlet_event_extra.py took 0.169 seconds
[2024-08-29T15:09:09.170+0000] {processor.py:186} INFO - Started process (PID=1354) to work on /home/airflow/.local/lib/python3.12/site-packages/airflow/example_dags/example_inlet_event_extra.py
[2024-08-29T15:09:09.171+0000] {processor.py:914} INFO - Processing file /home/airflow/.local/lib/python3.12/site-packages/airflow/example_dags/example_inlet_event_extra.py for tasks to queue
[2024-08-29T15:09:09.173+0000] {logging_mixin.py:190} INFO - [2024-08-29T15:09:09.173+0000] {dagbag.py:587} INFO - Filling up the DagBag from /home/airflow/.local/lib/python3.12/site-packages/airflow/example_dags/example_inlet_event_extra.py
[2024-08-29T15:09:09.270+0000] {processor.py:925} INFO - DAG(s) 'read_dataset_event_from_classic', 'read_dataset_event' retrieved from /home/airflow/.local/lib/python3.12/site-packages/airflow/example_dags/example_inlet_event_extra.py
[2024-08-29T15:09:09.286+0000] {logging_mixin.py:190} INFO - [2024-08-29T15:09:09.286+0000] {dag.py:3211} INFO - Sync 2 DAGs
[2024-08-29T15:09:09.302+0000] {logging_mixin.py:190} INFO - [2024-08-29T15:09:09.302+0000] {dag.py:4138} INFO - Setting next_dagrun for read_dataset_event to 2024-08-28 00:00:00+00:00, run_after=2024-08-29 00:00:00+00:00
[2024-08-29T15:09:09.306+0000] {logging_mixin.py:190} INFO - [2024-08-29T15:09:09.306+0000] {dag.py:4138} INFO - Setting next_dagrun for read_dataset_event_from_classic to 2024-08-28 00:00:00+00:00, run_after=2024-08-29 00:00:00+00:00
[2024-08-29T15:09:09.321+0000] {processor.py:208} INFO - Processing /home/airflow/.local/lib/python3.12/site-packages/airflow/example_dags/example_inlet_event_extra.py took 0.155 seconds
[2024-08-29T15:09:40.065+0000] {processor.py:186} INFO - Started process (PID=1418) to work on /home/airflow/.local/lib/python3.12/site-packages/airflow/example_dags/example_inlet_event_extra.py
[2024-08-29T15:09:40.066+0000] {processor.py:914} INFO - Processing file /home/airflow/.local/lib/python3.12/site-packages/airflow/example_dags/example_inlet_event_extra.py for tasks to queue
[2024-08-29T15:09:40.068+0000] {logging_mixin.py:190} INFO - [2024-08-29T15:09:40.067+0000] {dagbag.py:587} INFO - Filling up the DagBag from /home/airflow/.local/lib/python3.12/site-packages/airflow/example_dags/example_inlet_event_extra.py
[2024-08-29T15:09:40.188+0000] {processor.py:925} INFO - DAG(s) 'read_dataset_event_from_classic', 'read_dataset_event' retrieved from /home/airflow/.local/lib/python3.12/site-packages/airflow/example_dags/example_inlet_event_extra.py
[2024-08-29T15:09:40.208+0000] {logging_mixin.py:190} INFO - [2024-08-29T15:09:40.207+0000] {dag.py:3211} INFO - Sync 2 DAGs
[2024-08-29T15:09:40.229+0000] {logging_mixin.py:190} INFO - [2024-08-29T15:09:40.229+0000] {dag.py:4138} INFO - Setting next_dagrun for read_dataset_event to 2024-08-28 00:00:00+00:00, run_after=2024-08-29 00:00:00+00:00
[2024-08-29T15:09:40.233+0000] {logging_mixin.py:190} INFO - [2024-08-29T15:09:40.233+0000] {dag.py:4138} INFO - Setting next_dagrun for read_dataset_event_from_classic to 2024-08-28 00:00:00+00:00, run_after=2024-08-29 00:00:00+00:00
[2024-08-29T15:09:40.250+0000] {processor.py:208} INFO - Processing /home/airflow/.local/lib/python3.12/site-packages/airflow/example_dags/example_inlet_event_extra.py took 0.191 seconds
[2024-08-29T15:10:10.728+0000] {processor.py:186} INFO - Started process (PID=1481) to work on /home/airflow/.local/lib/python3.12/site-packages/airflow/example_dags/example_inlet_event_extra.py
[2024-08-29T15:10:10.729+0000] {processor.py:914} INFO - Processing file /home/airflow/.local/lib/python3.12/site-packages/airflow/example_dags/example_inlet_event_extra.py for tasks to queue
[2024-08-29T15:10:10.731+0000] {logging_mixin.py:190} INFO - [2024-08-29T15:10:10.730+0000] {dagbag.py:587} INFO - Filling up the DagBag from /home/airflow/.local/lib/python3.12/site-packages/airflow/example_dags/example_inlet_event_extra.py
[2024-08-29T15:10:10.830+0000] {processor.py:925} INFO - DAG(s) 'read_dataset_event_from_classic', 'read_dataset_event' retrieved from /home/airflow/.local/lib/python3.12/site-packages/airflow/example_dags/example_inlet_event_extra.py
[2024-08-29T15:10:10.846+0000] {logging_mixin.py:190} INFO - [2024-08-29T15:10:10.846+0000] {dag.py:3211} INFO - Sync 2 DAGs
[2024-08-29T15:10:10.873+0000] {logging_mixin.py:190} INFO - [2024-08-29T15:10:10.873+0000] {dag.py:4138} INFO - Setting next_dagrun for read_dataset_event to 2024-08-28 00:00:00+00:00, run_after=2024-08-29 00:00:00+00:00
[2024-08-29T15:10:10.891+0000] {logging_mixin.py:190} INFO - [2024-08-29T15:10:10.891+0000] {dag.py:4138} INFO - Setting next_dagrun for read_dataset_event_from_classic to 2024-08-28 00:00:00+00:00, run_after=2024-08-29 00:00:00+00:00
[2024-08-29T15:10:10.917+0000] {processor.py:208} INFO - Processing /home/airflow/.local/lib/python3.12/site-packages/airflow/example_dags/example_inlet_event_extra.py took 0.194 seconds
[2024-08-29T15:11:17.479+0000] {processor.py:186} INFO - Started process (PID=97) to work on /home/airflow/.local/lib/python3.12/site-packages/airflow/example_dags/example_inlet_event_extra.py
[2024-08-29T15:11:17.480+0000] {processor.py:914} INFO - Processing file /home/airflow/.local/lib/python3.12/site-packages/airflow/example_dags/example_inlet_event_extra.py for tasks to queue
[2024-08-29T15:11:17.482+0000] {logging_mixin.py:190} INFO - [2024-08-29T15:11:17.481+0000] {dagbag.py:587} INFO - Filling up the DagBag from /home/airflow/.local/lib/python3.12/site-packages/airflow/example_dags/example_inlet_event_extra.py
[2024-08-29T15:11:17.589+0000] {processor.py:925} INFO - DAG(s) 'read_dataset_event', 'read_dataset_event_from_classic' retrieved from /home/airflow/.local/lib/python3.12/site-packages/airflow/example_dags/example_inlet_event_extra.py
[2024-08-29T15:11:17.608+0000] {logging_mixin.py:190} INFO - [2024-08-29T15:11:17.608+0000] {dag.py:3211} INFO - Sync 2 DAGs
[2024-08-29T15:11:17.627+0000] {logging_mixin.py:190} INFO - [2024-08-29T15:11:17.626+0000] {dag.py:4138} INFO - Setting next_dagrun for read_dataset_event to 2024-08-28 00:00:00+00:00, run_after=2024-08-29 00:00:00+00:00
[2024-08-29T15:11:17.630+0000] {logging_mixin.py:190} INFO - [2024-08-29T15:11:17.630+0000] {dag.py:4138} INFO - Setting next_dagrun for read_dataset_event_from_classic to 2024-08-28 00:00:00+00:00, run_after=2024-08-29 00:00:00+00:00
[2024-08-29T15:11:17.644+0000] {processor.py:208} INFO - Processing /home/airflow/.local/lib/python3.12/site-packages/airflow/example_dags/example_inlet_event_extra.py took 0.170 seconds
[2024-08-29T15:11:48.337+0000] {processor.py:186} INFO - Started process (PID=167) to work on /home/airflow/.local/lib/python3.12/site-packages/airflow/example_dags/example_inlet_event_extra.py
[2024-08-29T15:11:48.338+0000] {processor.py:914} INFO - Processing file /home/airflow/.local/lib/python3.12/site-packages/airflow/example_dags/example_inlet_event_extra.py for tasks to queue
[2024-08-29T15:11:48.341+0000] {logging_mixin.py:190} INFO - [2024-08-29T15:11:48.341+0000] {dagbag.py:587} INFO - Filling up the DagBag from /home/airflow/.local/lib/python3.12/site-packages/airflow/example_dags/example_inlet_event_extra.py
[2024-08-29T15:11:48.451+0000] {processor.py:925} INFO - DAG(s) 'read_dataset_event_from_classic', 'read_dataset_event' retrieved from /home/airflow/.local/lib/python3.12/site-packages/airflow/example_dags/example_inlet_event_extra.py
[2024-08-29T15:11:48.467+0000] {logging_mixin.py:190} INFO - [2024-08-29T15:11:48.467+0000] {dag.py:3211} INFO - Sync 2 DAGs
[2024-08-29T15:11:48.485+0000] {logging_mixin.py:190} INFO - [2024-08-29T15:11:48.485+0000] {dag.py:4138} INFO - Setting next_dagrun for read_dataset_event to 2024-08-28 00:00:00+00:00, run_after=2024-08-29 00:00:00+00:00
[2024-08-29T15:11:48.503+0000] {logging_mixin.py:190} INFO - [2024-08-29T15:11:48.503+0000] {dag.py:4138} INFO - Setting next_dagrun for read_dataset_event_from_classic to 2024-08-28 00:00:00+00:00, run_after=2024-08-29 00:00:00+00:00
[2024-08-29T15:11:48.526+0000] {processor.py:208} INFO - Processing /home/airflow/.local/lib/python3.12/site-packages/airflow/example_dags/example_inlet_event_extra.py took 0.195 seconds
[2024-08-29T15:12:19.094+0000] {processor.py:186} INFO - Started process (PID=230) to work on /home/airflow/.local/lib/python3.12/site-packages/airflow/example_dags/example_inlet_event_extra.py
[2024-08-29T15:12:19.095+0000] {processor.py:914} INFO - Processing file /home/airflow/.local/lib/python3.12/site-packages/airflow/example_dags/example_inlet_event_extra.py for tasks to queue
[2024-08-29T15:12:19.097+0000] {logging_mixin.py:190} INFO - [2024-08-29T15:12:19.097+0000] {dagbag.py:587} INFO - Filling up the DagBag from /home/airflow/.local/lib/python3.12/site-packages/airflow/example_dags/example_inlet_event_extra.py
[2024-08-29T15:12:19.203+0000] {processor.py:925} INFO - DAG(s) 'read_dataset_event', 'read_dataset_event_from_classic' retrieved from /home/airflow/.local/lib/python3.12/site-packages/airflow/example_dags/example_inlet_event_extra.py
[2024-08-29T15:12:19.222+0000] {logging_mixin.py:190} INFO - [2024-08-29T15:12:19.222+0000] {dag.py:3211} INFO - Sync 2 DAGs
[2024-08-29T15:12:19.240+0000] {logging_mixin.py:190} INFO - [2024-08-29T15:12:19.239+0000] {dag.py:4138} INFO - Setting next_dagrun for read_dataset_event to 2024-08-28 00:00:00+00:00, run_after=2024-08-29 00:00:00+00:00
[2024-08-29T15:12:19.243+0000] {logging_mixin.py:190} INFO - [2024-08-29T15:12:19.243+0000] {dag.py:4138} INFO - Setting next_dagrun for read_dataset_event_from_classic to 2024-08-28 00:00:00+00:00, run_after=2024-08-29 00:00:00+00:00
[2024-08-29T15:12:19.259+0000] {processor.py:208} INFO - Processing /home/airflow/.local/lib/python3.12/site-packages/airflow/example_dags/example_inlet_event_extra.py took 0.169 seconds
[2024-08-29T15:12:50.612+0000] {processor.py:186} INFO - Started process (PID=293) to work on /home/airflow/.local/lib/python3.12/site-packages/airflow/example_dags/example_inlet_event_extra.py
[2024-08-29T15:12:50.613+0000] {processor.py:914} INFO - Processing file /home/airflow/.local/lib/python3.12/site-packages/airflow/example_dags/example_inlet_event_extra.py for tasks to queue
[2024-08-29T15:12:50.615+0000] {logging_mixin.py:190} INFO - [2024-08-29T15:12:50.615+0000] {dagbag.py:587} INFO - Filling up the DagBag from /home/airflow/.local/lib/python3.12/site-packages/airflow/example_dags/example_inlet_event_extra.py
[2024-08-29T15:12:50.714+0000] {processor.py:925} INFO - DAG(s) 'read_dataset_event', 'read_dataset_event_from_classic' retrieved from /home/airflow/.local/lib/python3.12/site-packages/airflow/example_dags/example_inlet_event_extra.py
[2024-08-29T15:12:50.730+0000] {logging_mixin.py:190} INFO - [2024-08-29T15:12:50.730+0000] {dag.py:3211} INFO - Sync 2 DAGs
[2024-08-29T15:12:50.749+0000] {logging_mixin.py:190} INFO - [2024-08-29T15:12:50.749+0000] {dag.py:4138} INFO - Setting next_dagrun for read_dataset_event to 2024-08-28 00:00:00+00:00, run_after=2024-08-29 00:00:00+00:00
[2024-08-29T15:12:50.753+0000] {logging_mixin.py:190} INFO - [2024-08-29T15:12:50.753+0000] {dag.py:4138} INFO - Setting next_dagrun for read_dataset_event_from_classic to 2024-08-28 00:00:00+00:00, run_after=2024-08-29 00:00:00+00:00
[2024-08-29T15:12:50.766+0000] {processor.py:208} INFO - Processing /home/airflow/.local/lib/python3.12/site-packages/airflow/example_dags/example_inlet_event_extra.py took 0.158 seconds
[2024-08-29T15:13:21.544+0000] {processor.py:186} INFO - Started process (PID=356) to work on /home/airflow/.local/lib/python3.12/site-packages/airflow/example_dags/example_inlet_event_extra.py
[2024-08-29T15:13:21.545+0000] {processor.py:914} INFO - Processing file /home/airflow/.local/lib/python3.12/site-packages/airflow/example_dags/example_inlet_event_extra.py for tasks to queue
[2024-08-29T15:13:21.547+0000] {logging_mixin.py:190} INFO - [2024-08-29T15:13:21.547+0000] {dagbag.py:587} INFO - Filling up the DagBag from /home/airflow/.local/lib/python3.12/site-packages/airflow/example_dags/example_inlet_event_extra.py
[2024-08-29T15:13:21.657+0000] {processor.py:925} INFO - DAG(s) 'read_dataset_event', 'read_dataset_event_from_classic' retrieved from /home/airflow/.local/lib/python3.12/site-packages/airflow/example_dags/example_inlet_event_extra.py
[2024-08-29T15:13:21.675+0000] {logging_mixin.py:190} INFO - [2024-08-29T15:13:21.675+0000] {dag.py:3211} INFO - Sync 2 DAGs
[2024-08-29T15:13:21.694+0000] {logging_mixin.py:190} INFO - [2024-08-29T15:13:21.693+0000] {dag.py:4138} INFO - Setting next_dagrun for read_dataset_event to 2024-08-28 00:00:00+00:00, run_after=2024-08-29 00:00:00+00:00
[2024-08-29T15:13:21.705+0000] {logging_mixin.py:190} INFO - [2024-08-29T15:13:21.705+0000] {dag.py:4138} INFO - Setting next_dagrun for read_dataset_event_from_classic to 2024-08-28 00:00:00+00:00, run_after=2024-08-29 00:00:00+00:00
[2024-08-29T15:13:21.727+0000] {processor.py:208} INFO - Processing /home/airflow/.local/lib/python3.12/site-packages/airflow/example_dags/example_inlet_event_extra.py took 0.188 seconds
[2024-08-29T15:13:52.312+0000] {processor.py:186} INFO - Started process (PID=419) to work on /home/airflow/.local/lib/python3.12/site-packages/airflow/example_dags/example_inlet_event_extra.py
[2024-08-29T15:13:52.313+0000] {processor.py:914} INFO - Processing file /home/airflow/.local/lib/python3.12/site-packages/airflow/example_dags/example_inlet_event_extra.py for tasks to queue
[2024-08-29T15:13:52.315+0000] {logging_mixin.py:190} INFO - [2024-08-29T15:13:52.315+0000] {dagbag.py:587} INFO - Filling up the DagBag from /home/airflow/.local/lib/python3.12/site-packages/airflow/example_dags/example_inlet_event_extra.py
[2024-08-29T15:13:52.415+0000] {processor.py:925} INFO - DAG(s) 'read_dataset_event_from_classic', 'read_dataset_event' retrieved from /home/airflow/.local/lib/python3.12/site-packages/airflow/example_dags/example_inlet_event_extra.py
[2024-08-29T15:13:52.431+0000] {logging_mixin.py:190} INFO - [2024-08-29T15:13:52.431+0000] {dag.py:3211} INFO - Sync 2 DAGs
[2024-08-29T15:13:52.450+0000] {logging_mixin.py:190} INFO - [2024-08-29T15:13:52.450+0000] {dag.py:4138} INFO - Setting next_dagrun for read_dataset_event to 2024-08-28 00:00:00+00:00, run_after=2024-08-29 00:00:00+00:00
[2024-08-29T15:13:52.454+0000] {logging_mixin.py:190} INFO - [2024-08-29T15:13:52.454+0000] {dag.py:4138} INFO - Setting next_dagrun for read_dataset_event_from_classic to 2024-08-28 00:00:00+00:00, run_after=2024-08-29 00:00:00+00:00
[2024-08-29T15:13:52.469+0000] {processor.py:208} INFO - Processing /home/airflow/.local/lib/python3.12/site-packages/airflow/example_dags/example_inlet_event_extra.py took 0.161 seconds
[2024-08-29T15:14:22.806+0000] {processor.py:186} INFO - Started process (PID=482) to work on /home/airflow/.local/lib/python3.12/site-packages/airflow/example_dags/example_inlet_event_extra.py
[2024-08-29T15:14:22.806+0000] {processor.py:914} INFO - Processing file /home/airflow/.local/lib/python3.12/site-packages/airflow/example_dags/example_inlet_event_extra.py for tasks to queue
[2024-08-29T15:14:22.808+0000] {logging_mixin.py:190} INFO - [2024-08-29T15:14:22.808+0000] {dagbag.py:587} INFO - Filling up the DagBag from /home/airflow/.local/lib/python3.12/site-packages/airflow/example_dags/example_inlet_event_extra.py
[2024-08-29T15:14:22.903+0000] {processor.py:925} INFO - DAG(s) 'read_dataset_event_from_classic', 'read_dataset_event' retrieved from /home/airflow/.local/lib/python3.12/site-packages/airflow/example_dags/example_inlet_event_extra.py
[2024-08-29T15:14:22.918+0000] {logging_mixin.py:190} INFO - [2024-08-29T15:14:22.918+0000] {dag.py:3211} INFO - Sync 2 DAGs
[2024-08-29T15:14:22.936+0000] {logging_mixin.py:190} INFO - [2024-08-29T15:14:22.936+0000] {dag.py:4138} INFO - Setting next_dagrun for read_dataset_event to 2024-08-28 00:00:00+00:00, run_after=2024-08-29 00:00:00+00:00
[2024-08-29T15:14:22.940+0000] {logging_mixin.py:190} INFO - [2024-08-29T15:14:22.940+0000] {dag.py:4138} INFO - Setting next_dagrun for read_dataset_event_from_classic to 2024-08-28 00:00:00+00:00, run_after=2024-08-29 00:00:00+00:00
[2024-08-29T15:14:22.956+0000] {processor.py:208} INFO - Processing /home/airflow/.local/lib/python3.12/site-packages/airflow/example_dags/example_inlet_event_extra.py took 0.154 seconds
[2024-08-29T15:14:53.572+0000] {processor.py:186} INFO - Started process (PID=545) to work on /home/airflow/.local/lib/python3.12/site-packages/airflow/example_dags/example_inlet_event_extra.py
[2024-08-29T15:14:53.573+0000] {processor.py:914} INFO - Processing file /home/airflow/.local/lib/python3.12/site-packages/airflow/example_dags/example_inlet_event_extra.py for tasks to queue
[2024-08-29T15:14:53.575+0000] {logging_mixin.py:190} INFO - [2024-08-29T15:14:53.574+0000] {dagbag.py:587} INFO - Filling up the DagBag from /home/airflow/.local/lib/python3.12/site-packages/airflow/example_dags/example_inlet_event_extra.py
[2024-08-29T15:14:53.673+0000] {processor.py:925} INFO - DAG(s) 'read_dataset_event_from_classic', 'read_dataset_event' retrieved from /home/airflow/.local/lib/python3.12/site-packages/airflow/example_dags/example_inlet_event_extra.py
[2024-08-29T15:14:53.691+0000] {logging_mixin.py:190} INFO - [2024-08-29T15:14:53.690+0000] {dag.py:3211} INFO - Sync 2 DAGs
[2024-08-29T15:14:53.707+0000] {logging_mixin.py:190} INFO - [2024-08-29T15:14:53.707+0000] {dag.py:4138} INFO - Setting next_dagrun for read_dataset_event to 2024-08-28 00:00:00+00:00, run_after=2024-08-29 00:00:00+00:00
[2024-08-29T15:14:53.712+0000] {logging_mixin.py:190} INFO - [2024-08-29T15:14:53.712+0000] {dag.py:4138} INFO - Setting next_dagrun for read_dataset_event_from_classic to 2024-08-28 00:00:00+00:00, run_after=2024-08-29 00:00:00+00:00
[2024-08-29T15:14:53.728+0000] {processor.py:208} INFO - Processing /home/airflow/.local/lib/python3.12/site-packages/airflow/example_dags/example_inlet_event_extra.py took 0.160 seconds
[2024-08-29T15:15:24.271+0000] {processor.py:186} INFO - Started process (PID=608) to work on /home/airflow/.local/lib/python3.12/site-packages/airflow/example_dags/example_inlet_event_extra.py
[2024-08-29T15:15:24.273+0000] {processor.py:914} INFO - Processing file /home/airflow/.local/lib/python3.12/site-packages/airflow/example_dags/example_inlet_event_extra.py for tasks to queue
[2024-08-29T15:15:24.275+0000] {logging_mixin.py:190} INFO - [2024-08-29T15:15:24.275+0000] {dagbag.py:587} INFO - Filling up the DagBag from /home/airflow/.local/lib/python3.12/site-packages/airflow/example_dags/example_inlet_event_extra.py
[2024-08-29T15:15:24.374+0000] {processor.py:925} INFO - DAG(s) 'read_dataset_event', 'read_dataset_event_from_classic' retrieved from /home/airflow/.local/lib/python3.12/site-packages/airflow/example_dags/example_inlet_event_extra.py
[2024-08-29T15:15:24.392+0000] {logging_mixin.py:190} INFO - [2024-08-29T15:15:24.392+0000] {dag.py:3211} INFO - Sync 2 DAGs
[2024-08-29T15:15:24.411+0000] {logging_mixin.py:190} INFO - [2024-08-29T15:15:24.411+0000] {dag.py:4138} INFO - Setting next_dagrun for read_dataset_event to 2024-08-28 00:00:00+00:00, run_after=2024-08-29 00:00:00+00:00
[2024-08-29T15:15:24.415+0000] {logging_mixin.py:190} INFO - [2024-08-29T15:15:24.415+0000] {dag.py:4138} INFO - Setting next_dagrun for read_dataset_event_from_classic to 2024-08-28 00:00:00+00:00, run_after=2024-08-29 00:00:00+00:00
[2024-08-29T15:15:24.434+0000] {processor.py:208} INFO - Processing /home/airflow/.local/lib/python3.12/site-packages/airflow/example_dags/example_inlet_event_extra.py took 0.169 seconds
[2024-08-29T15:15:54.696+0000] {processor.py:186} INFO - Started process (PID=671) to work on /home/airflow/.local/lib/python3.12/site-packages/airflow/example_dags/example_inlet_event_extra.py
[2024-08-29T15:15:54.697+0000] {processor.py:914} INFO - Processing file /home/airflow/.local/lib/python3.12/site-packages/airflow/example_dags/example_inlet_event_extra.py for tasks to queue
[2024-08-29T15:15:54.699+0000] {logging_mixin.py:190} INFO - [2024-08-29T15:15:54.699+0000] {dagbag.py:587} INFO - Filling up the DagBag from /home/airflow/.local/lib/python3.12/site-packages/airflow/example_dags/example_inlet_event_extra.py
[2024-08-29T15:15:54.799+0000] {processor.py:925} INFO - DAG(s) 'read_dataset_event_from_classic', 'read_dataset_event' retrieved from /home/airflow/.local/lib/python3.12/site-packages/airflow/example_dags/example_inlet_event_extra.py
[2024-08-29T15:15:54.815+0000] {logging_mixin.py:190} INFO - [2024-08-29T15:15:54.814+0000] {dag.py:3211} INFO - Sync 2 DAGs
[2024-08-29T15:15:54.833+0000] {logging_mixin.py:190} INFO - [2024-08-29T15:15:54.832+0000] {dag.py:4138} INFO - Setting next_dagrun for read_dataset_event to 2024-08-28 00:00:00+00:00, run_after=2024-08-29 00:00:00+00:00
[2024-08-29T15:15:54.836+0000] {logging_mixin.py:190} INFO - [2024-08-29T15:15:54.836+0000] {dag.py:4138} INFO - Setting next_dagrun for read_dataset_event_from_classic to 2024-08-28 00:00:00+00:00, run_after=2024-08-29 00:00:00+00:00
[2024-08-29T15:15:54.851+0000] {processor.py:208} INFO - Processing /home/airflow/.local/lib/python3.12/site-packages/airflow/example_dags/example_inlet_event_extra.py took 0.160 seconds
