[2024-08-29T14:58:54.841+0000] {processor.py:186} INFO - Started process (PID=102) to work on /home/airflow/.local/lib/python3.12/site-packages/airflow/example_dags/example_external_task_marker_dag.py
[2024-08-29T14:58:54.842+0000] {processor.py:914} INFO - Processing file /home/airflow/.local/lib/python3.12/site-packages/airflow/example_dags/example_external_task_marker_dag.py for tasks to queue
[2024-08-29T14:58:54.845+0000] {logging_mixin.py:190} INFO - [2024-08-29T14:58:54.844+0000] {dagbag.py:587} INFO - Filling up the DagBag from /home/airflow/.local/lib/python3.12/site-packages/airflow/example_dags/example_external_task_marker_dag.py
[2024-08-29T14:58:54.855+0000] {processor.py:925} INFO - DAG(s) 'example_external_task_marker_child', 'example_external_task_marker_parent' retrieved from /home/airflow/.local/lib/python3.12/site-packages/airflow/example_dags/example_external_task_marker_dag.py
[2024-08-29T14:58:54.885+0000] {logging_mixin.py:190} INFO - [2024-08-29T14:58:54.884+0000] {dag.py:3211} INFO - Sync 2 DAGs
[2024-08-29T14:58:54.905+0000] {logging_mixin.py:190} INFO - [2024-08-29T14:58:54.904+0000] {dag.py:4138} INFO - Setting next_dagrun for example_external_task_marker_child to None, run_after=None
[2024-08-29T14:58:54.910+0000] {logging_mixin.py:190} INFO - [2024-08-29T14:58:54.910+0000] {dag.py:4138} INFO - Setting next_dagrun for example_external_task_marker_parent to None, run_after=None
[2024-08-29T14:58:54.945+0000] {processor.py:208} INFO - Processing /home/airflow/.local/lib/python3.12/site-packages/airflow/example_dags/example_external_task_marker_dag.py took 0.109 seconds
[2024-08-29T14:59:25.602+0000] {processor.py:186} INFO - Started process (PID=171) to work on /home/airflow/.local/lib/python3.12/site-packages/airflow/example_dags/example_external_task_marker_dag.py
[2024-08-29T14:59:25.603+0000] {processor.py:914} INFO - Processing file /home/airflow/.local/lib/python3.12/site-packages/airflow/example_dags/example_external_task_marker_dag.py for tasks to queue
[2024-08-29T14:59:25.606+0000] {logging_mixin.py:190} INFO - [2024-08-29T14:59:25.605+0000] {dagbag.py:587} INFO - Filling up the DagBag from /home/airflow/.local/lib/python3.12/site-packages/airflow/example_dags/example_external_task_marker_dag.py
[2024-08-29T14:59:25.612+0000] {processor.py:925} INFO - DAG(s) 'example_external_task_marker_child', 'example_external_task_marker_parent' retrieved from /home/airflow/.local/lib/python3.12/site-packages/airflow/example_dags/example_external_task_marker_dag.py
[2024-08-29T14:59:25.632+0000] {logging_mixin.py:190} INFO - [2024-08-29T14:59:25.632+0000] {dag.py:3211} INFO - Sync 2 DAGs
[2024-08-29T14:59:25.643+0000] {logging_mixin.py:190} INFO - [2024-08-29T14:59:25.643+0000] {dag.py:4138} INFO - Setting next_dagrun for example_external_task_marker_child to None, run_after=None
[2024-08-29T14:59:25.648+0000] {logging_mixin.py:190} INFO - [2024-08-29T14:59:25.648+0000] {dag.py:4138} INFO - Setting next_dagrun for example_external_task_marker_parent to None, run_after=None
[2024-08-29T14:59:25.667+0000] {processor.py:208} INFO - Processing /home/airflow/.local/lib/python3.12/site-packages/airflow/example_dags/example_external_task_marker_dag.py took 0.070 seconds
[2024-08-29T14:59:56.708+0000] {processor.py:186} INFO - Started process (PID=233) to work on /home/airflow/.local/lib/python3.12/site-packages/airflow/example_dags/example_external_task_marker_dag.py
[2024-08-29T14:59:56.709+0000] {processor.py:914} INFO - Processing file /home/airflow/.local/lib/python3.12/site-packages/airflow/example_dags/example_external_task_marker_dag.py for tasks to queue
[2024-08-29T14:59:56.711+0000] {logging_mixin.py:190} INFO - [2024-08-29T14:59:56.711+0000] {dagbag.py:587} INFO - Filling up the DagBag from /home/airflow/.local/lib/python3.12/site-packages/airflow/example_dags/example_external_task_marker_dag.py
[2024-08-29T14:59:56.717+0000] {processor.py:925} INFO - DAG(s) 'example_external_task_marker_parent', 'example_external_task_marker_child' retrieved from /home/airflow/.local/lib/python3.12/site-packages/airflow/example_dags/example_external_task_marker_dag.py
[2024-08-29T14:59:56.736+0000] {logging_mixin.py:190} INFO - [2024-08-29T14:59:56.736+0000] {dag.py:3211} INFO - Sync 2 DAGs
[2024-08-29T14:59:56.747+0000] {logging_mixin.py:190} INFO - [2024-08-29T14:59:56.747+0000] {dag.py:4138} INFO - Setting next_dagrun for example_external_task_marker_child to None, run_after=None
[2024-08-29T14:59:56.751+0000] {logging_mixin.py:190} INFO - [2024-08-29T14:59:56.750+0000] {dag.py:4138} INFO - Setting next_dagrun for example_external_task_marker_parent to None, run_after=None
[2024-08-29T14:59:56.766+0000] {processor.py:208} INFO - Processing /home/airflow/.local/lib/python3.12/site-packages/airflow/example_dags/example_external_task_marker_dag.py took 0.062 seconds
[2024-08-29T15:00:27.571+0000] {processor.py:186} INFO - Started process (PID=295) to work on /home/airflow/.local/lib/python3.12/site-packages/airflow/example_dags/example_external_task_marker_dag.py
[2024-08-29T15:00:27.572+0000] {processor.py:914} INFO - Processing file /home/airflow/.local/lib/python3.12/site-packages/airflow/example_dags/example_external_task_marker_dag.py for tasks to queue
[2024-08-29T15:00:27.575+0000] {logging_mixin.py:190} INFO - [2024-08-29T15:00:27.574+0000] {dagbag.py:587} INFO - Filling up the DagBag from /home/airflow/.local/lib/python3.12/site-packages/airflow/example_dags/example_external_task_marker_dag.py
[2024-08-29T15:00:27.582+0000] {processor.py:925} INFO - DAG(s) 'example_external_task_marker_parent', 'example_external_task_marker_child' retrieved from /home/airflow/.local/lib/python3.12/site-packages/airflow/example_dags/example_external_task_marker_dag.py
[2024-08-29T15:00:27.601+0000] {logging_mixin.py:190} INFO - [2024-08-29T15:00:27.601+0000] {dag.py:3211} INFO - Sync 2 DAGs
[2024-08-29T15:00:27.613+0000] {logging_mixin.py:190} INFO - [2024-08-29T15:00:27.613+0000] {dag.py:4138} INFO - Setting next_dagrun for example_external_task_marker_child to None, run_after=None
[2024-08-29T15:00:27.617+0000] {logging_mixin.py:190} INFO - [2024-08-29T15:00:27.617+0000] {dag.py:4138} INFO - Setting next_dagrun for example_external_task_marker_parent to None, run_after=None
[2024-08-29T15:00:27.634+0000] {processor.py:208} INFO - Processing /home/airflow/.local/lib/python3.12/site-packages/airflow/example_dags/example_external_task_marker_dag.py took 0.069 seconds
[2024-08-29T15:00:58.598+0000] {processor.py:186} INFO - Started process (PID=357) to work on /home/airflow/.local/lib/python3.12/site-packages/airflow/example_dags/example_external_task_marker_dag.py
[2024-08-29T15:00:58.599+0000] {processor.py:914} INFO - Processing file /home/airflow/.local/lib/python3.12/site-packages/airflow/example_dags/example_external_task_marker_dag.py for tasks to queue
[2024-08-29T15:00:58.601+0000] {logging_mixin.py:190} INFO - [2024-08-29T15:00:58.601+0000] {dagbag.py:587} INFO - Filling up the DagBag from /home/airflow/.local/lib/python3.12/site-packages/airflow/example_dags/example_external_task_marker_dag.py
[2024-08-29T15:00:58.608+0000] {processor.py:925} INFO - DAG(s) 'example_external_task_marker_parent', 'example_external_task_marker_child' retrieved from /home/airflow/.local/lib/python3.12/site-packages/airflow/example_dags/example_external_task_marker_dag.py
[2024-08-29T15:00:58.627+0000] {logging_mixin.py:190} INFO - [2024-08-29T15:00:58.627+0000] {dag.py:3211} INFO - Sync 2 DAGs
[2024-08-29T15:00:58.638+0000] {logging_mixin.py:190} INFO - [2024-08-29T15:00:58.638+0000] {dag.py:4138} INFO - Setting next_dagrun for example_external_task_marker_child to None, run_after=None
[2024-08-29T15:00:58.641+0000] {logging_mixin.py:190} INFO - [2024-08-29T15:00:58.641+0000] {dag.py:4138} INFO - Setting next_dagrun for example_external_task_marker_parent to None, run_after=None
[2024-08-29T15:00:58.656+0000] {processor.py:208} INFO - Processing /home/airflow/.local/lib/python3.12/site-packages/airflow/example_dags/example_external_task_marker_dag.py took 0.062 seconds
[2024-08-29T15:01:29.202+0000] {processor.py:186} INFO - Started process (PID=419) to work on /home/airflow/.local/lib/python3.12/site-packages/airflow/example_dags/example_external_task_marker_dag.py
[2024-08-29T15:01:29.203+0000] {processor.py:914} INFO - Processing file /home/airflow/.local/lib/python3.12/site-packages/airflow/example_dags/example_external_task_marker_dag.py for tasks to queue
[2024-08-29T15:01:29.206+0000] {logging_mixin.py:190} INFO - [2024-08-29T15:01:29.205+0000] {dagbag.py:587} INFO - Filling up the DagBag from /home/airflow/.local/lib/python3.12/site-packages/airflow/example_dags/example_external_task_marker_dag.py
[2024-08-29T15:01:29.212+0000] {processor.py:925} INFO - DAG(s) 'example_external_task_marker_parent', 'example_external_task_marker_child' retrieved from /home/airflow/.local/lib/python3.12/site-packages/airflow/example_dags/example_external_task_marker_dag.py
[2024-08-29T15:01:29.230+0000] {logging_mixin.py:190} INFO - [2024-08-29T15:01:29.230+0000] {dag.py:3211} INFO - Sync 2 DAGs
[2024-08-29T15:01:29.243+0000] {logging_mixin.py:190} INFO - [2024-08-29T15:01:29.242+0000] {dag.py:4138} INFO - Setting next_dagrun for example_external_task_marker_child to None, run_after=None
[2024-08-29T15:01:29.246+0000] {logging_mixin.py:190} INFO - [2024-08-29T15:01:29.246+0000] {dag.py:4138} INFO - Setting next_dagrun for example_external_task_marker_parent to None, run_after=None
[2024-08-29T15:01:29.262+0000] {processor.py:208} INFO - Processing /home/airflow/.local/lib/python3.12/site-packages/airflow/example_dags/example_external_task_marker_dag.py took 0.064 seconds
[2024-08-29T15:01:59.807+0000] {processor.py:186} INFO - Started process (PID=481) to work on /home/airflow/.local/lib/python3.12/site-packages/airflow/example_dags/example_external_task_marker_dag.py
[2024-08-29T15:01:59.808+0000] {processor.py:914} INFO - Processing file /home/airflow/.local/lib/python3.12/site-packages/airflow/example_dags/example_external_task_marker_dag.py for tasks to queue
[2024-08-29T15:01:59.810+0000] {logging_mixin.py:190} INFO - [2024-08-29T15:01:59.810+0000] {dagbag.py:587} INFO - Filling up the DagBag from /home/airflow/.local/lib/python3.12/site-packages/airflow/example_dags/example_external_task_marker_dag.py
[2024-08-29T15:01:59.816+0000] {processor.py:925} INFO - DAG(s) 'example_external_task_marker_parent', 'example_external_task_marker_child' retrieved from /home/airflow/.local/lib/python3.12/site-packages/airflow/example_dags/example_external_task_marker_dag.py
[2024-08-29T15:01:59.833+0000] {logging_mixin.py:190} INFO - [2024-08-29T15:01:59.833+0000] {dag.py:3211} INFO - Sync 2 DAGs
[2024-08-29T15:01:59.844+0000] {logging_mixin.py:190} INFO - [2024-08-29T15:01:59.844+0000] {dag.py:4138} INFO - Setting next_dagrun for example_external_task_marker_child to None, run_after=None
[2024-08-29T15:01:59.847+0000] {logging_mixin.py:190} INFO - [2024-08-29T15:01:59.847+0000] {dag.py:4138} INFO - Setting next_dagrun for example_external_task_marker_parent to None, run_after=None
[2024-08-29T15:01:59.862+0000] {processor.py:208} INFO - Processing /home/airflow/.local/lib/python3.12/site-packages/airflow/example_dags/example_external_task_marker_dag.py took 0.060 seconds
[2024-08-29T15:02:30.242+0000] {processor.py:186} INFO - Started process (PID=543) to work on /home/airflow/.local/lib/python3.12/site-packages/airflow/example_dags/example_external_task_marker_dag.py
[2024-08-29T15:02:30.243+0000] {processor.py:914} INFO - Processing file /home/airflow/.local/lib/python3.12/site-packages/airflow/example_dags/example_external_task_marker_dag.py for tasks to queue
[2024-08-29T15:02:30.245+0000] {logging_mixin.py:190} INFO - [2024-08-29T15:02:30.244+0000] {dagbag.py:587} INFO - Filling up the DagBag from /home/airflow/.local/lib/python3.12/site-packages/airflow/example_dags/example_external_task_marker_dag.py
[2024-08-29T15:02:30.251+0000] {processor.py:925} INFO - DAG(s) 'example_external_task_marker_child', 'example_external_task_marker_parent' retrieved from /home/airflow/.local/lib/python3.12/site-packages/airflow/example_dags/example_external_task_marker_dag.py
[2024-08-29T15:02:30.273+0000] {logging_mixin.py:190} INFO - [2024-08-29T15:02:30.273+0000] {dag.py:3211} INFO - Sync 2 DAGs
[2024-08-29T15:02:30.284+0000] {logging_mixin.py:190} INFO - [2024-08-29T15:02:30.284+0000] {dag.py:4138} INFO - Setting next_dagrun for example_external_task_marker_child to None, run_after=None
[2024-08-29T15:02:30.287+0000] {logging_mixin.py:190} INFO - [2024-08-29T15:02:30.287+0000] {dag.py:4138} INFO - Setting next_dagrun for example_external_task_marker_parent to None, run_after=None
[2024-08-29T15:02:30.303+0000] {processor.py:208} INFO - Processing /home/airflow/.local/lib/python3.12/site-packages/airflow/example_dags/example_external_task_marker_dag.py took 0.065 seconds
[2024-08-29T15:03:00.642+0000] {processor.py:186} INFO - Started process (PID=605) to work on /home/airflow/.local/lib/python3.12/site-packages/airflow/example_dags/example_external_task_marker_dag.py
[2024-08-29T15:03:00.643+0000] {processor.py:914} INFO - Processing file /home/airflow/.local/lib/python3.12/site-packages/airflow/example_dags/example_external_task_marker_dag.py for tasks to queue
[2024-08-29T15:03:00.645+0000] {logging_mixin.py:190} INFO - [2024-08-29T15:03:00.644+0000] {dagbag.py:587} INFO - Filling up the DagBag from /home/airflow/.local/lib/python3.12/site-packages/airflow/example_dags/example_external_task_marker_dag.py
[2024-08-29T15:03:00.655+0000] {processor.py:925} INFO - DAG(s) 'example_external_task_marker_parent', 'example_external_task_marker_child' retrieved from /home/airflow/.local/lib/python3.12/site-packages/airflow/example_dags/example_external_task_marker_dag.py
[2024-08-29T15:03:00.672+0000] {logging_mixin.py:190} INFO - [2024-08-29T15:03:00.672+0000] {dag.py:3211} INFO - Sync 2 DAGs
[2024-08-29T15:03:00.684+0000] {logging_mixin.py:190} INFO - [2024-08-29T15:03:00.684+0000] {dag.py:4138} INFO - Setting next_dagrun for example_external_task_marker_child to None, run_after=None
[2024-08-29T15:03:00.687+0000] {logging_mixin.py:190} INFO - [2024-08-29T15:03:00.686+0000] {dag.py:4138} INFO - Setting next_dagrun for example_external_task_marker_parent to None, run_after=None
[2024-08-29T15:03:00.701+0000] {processor.py:208} INFO - Processing /home/airflow/.local/lib/python3.12/site-packages/airflow/example_dags/example_external_task_marker_dag.py took 0.063 seconds
[2024-08-29T15:03:31.478+0000] {processor.py:186} INFO - Started process (PID=667) to work on /home/airflow/.local/lib/python3.12/site-packages/airflow/example_dags/example_external_task_marker_dag.py
[2024-08-29T15:03:31.479+0000] {processor.py:914} INFO - Processing file /home/airflow/.local/lib/python3.12/site-packages/airflow/example_dags/example_external_task_marker_dag.py for tasks to queue
[2024-08-29T15:03:31.481+0000] {logging_mixin.py:190} INFO - [2024-08-29T15:03:31.481+0000] {dagbag.py:587} INFO - Filling up the DagBag from /home/airflow/.local/lib/python3.12/site-packages/airflow/example_dags/example_external_task_marker_dag.py
[2024-08-29T15:03:31.488+0000] {processor.py:925} INFO - DAG(s) 'example_external_task_marker_parent', 'example_external_task_marker_child' retrieved from /home/airflow/.local/lib/python3.12/site-packages/airflow/example_dags/example_external_task_marker_dag.py
[2024-08-29T15:03:31.507+0000] {logging_mixin.py:190} INFO - [2024-08-29T15:03:31.506+0000] {dag.py:3211} INFO - Sync 2 DAGs
[2024-08-29T15:03:31.518+0000] {logging_mixin.py:190} INFO - [2024-08-29T15:03:31.517+0000] {dag.py:4138} INFO - Setting next_dagrun for example_external_task_marker_child to None, run_after=None
[2024-08-29T15:03:31.521+0000] {logging_mixin.py:190} INFO - [2024-08-29T15:03:31.521+0000] {dag.py:4138} INFO - Setting next_dagrun for example_external_task_marker_parent to None, run_after=None
[2024-08-29T15:03:31.537+0000] {processor.py:208} INFO - Processing /home/airflow/.local/lib/python3.12/site-packages/airflow/example_dags/example_external_task_marker_dag.py took 0.064 seconds
[2024-08-29T15:04:02.424+0000] {processor.py:186} INFO - Started process (PID=730) to work on /home/airflow/.local/lib/python3.12/site-packages/airflow/example_dags/example_external_task_marker_dag.py
[2024-08-29T15:04:02.425+0000] {processor.py:914} INFO - Processing file /home/airflow/.local/lib/python3.12/site-packages/airflow/example_dags/example_external_task_marker_dag.py for tasks to queue
[2024-08-29T15:04:02.427+0000] {logging_mixin.py:190} INFO - [2024-08-29T15:04:02.427+0000] {dagbag.py:587} INFO - Filling up the DagBag from /home/airflow/.local/lib/python3.12/site-packages/airflow/example_dags/example_external_task_marker_dag.py
[2024-08-29T15:04:02.433+0000] {processor.py:925} INFO - DAG(s) 'example_external_task_marker_parent', 'example_external_task_marker_child' retrieved from /home/airflow/.local/lib/python3.12/site-packages/airflow/example_dags/example_external_task_marker_dag.py
[2024-08-29T15:04:02.450+0000] {logging_mixin.py:190} INFO - [2024-08-29T15:04:02.450+0000] {dag.py:3211} INFO - Sync 2 DAGs
[2024-08-29T15:04:02.461+0000] {logging_mixin.py:190} INFO - [2024-08-29T15:04:02.460+0000] {dag.py:4138} INFO - Setting next_dagrun for example_external_task_marker_child to None, run_after=None
[2024-08-29T15:04:02.463+0000] {logging_mixin.py:190} INFO - [2024-08-29T15:04:02.463+0000] {dag.py:4138} INFO - Setting next_dagrun for example_external_task_marker_parent to None, run_after=None
[2024-08-29T15:04:02.478+0000] {processor.py:208} INFO - Processing /home/airflow/.local/lib/python3.12/site-packages/airflow/example_dags/example_external_task_marker_dag.py took 0.058 seconds
[2024-08-29T15:04:33.559+0000] {processor.py:186} INFO - Started process (PID=793) to work on /home/airflow/.local/lib/python3.12/site-packages/airflow/example_dags/example_external_task_marker_dag.py
[2024-08-29T15:04:33.560+0000] {processor.py:914} INFO - Processing file /home/airflow/.local/lib/python3.12/site-packages/airflow/example_dags/example_external_task_marker_dag.py for tasks to queue
[2024-08-29T15:04:33.562+0000] {logging_mixin.py:190} INFO - [2024-08-29T15:04:33.562+0000] {dagbag.py:587} INFO - Filling up the DagBag from /home/airflow/.local/lib/python3.12/site-packages/airflow/example_dags/example_external_task_marker_dag.py
[2024-08-29T15:04:33.568+0000] {processor.py:925} INFO - DAG(s) 'example_external_task_marker_parent', 'example_external_task_marker_child' retrieved from /home/airflow/.local/lib/python3.12/site-packages/airflow/example_dags/example_external_task_marker_dag.py
[2024-08-29T15:04:33.587+0000] {logging_mixin.py:190} INFO - [2024-08-29T15:04:33.587+0000] {dag.py:3211} INFO - Sync 2 DAGs
[2024-08-29T15:04:33.604+0000] {logging_mixin.py:190} INFO - [2024-08-29T15:04:33.604+0000] {dag.py:4138} INFO - Setting next_dagrun for example_external_task_marker_child to None, run_after=None
[2024-08-29T15:04:33.608+0000] {logging_mixin.py:190} INFO - [2024-08-29T15:04:33.608+0000] {dag.py:4138} INFO - Setting next_dagrun for example_external_task_marker_parent to None, run_after=None
[2024-08-29T15:04:33.623+0000] {processor.py:208} INFO - Processing /home/airflow/.local/lib/python3.12/site-packages/airflow/example_dags/example_external_task_marker_dag.py took 0.068 seconds
[2024-08-29T15:05:04.697+0000] {processor.py:186} INFO - Started process (PID=856) to work on /home/airflow/.local/lib/python3.12/site-packages/airflow/example_dags/example_external_task_marker_dag.py
[2024-08-29T15:05:04.698+0000] {processor.py:914} INFO - Processing file /home/airflow/.local/lib/python3.12/site-packages/airflow/example_dags/example_external_task_marker_dag.py for tasks to queue
[2024-08-29T15:05:04.700+0000] {logging_mixin.py:190} INFO - [2024-08-29T15:05:04.700+0000] {dagbag.py:587} INFO - Filling up the DagBag from /home/airflow/.local/lib/python3.12/site-packages/airflow/example_dags/example_external_task_marker_dag.py
[2024-08-29T15:05:04.706+0000] {processor.py:925} INFO - DAG(s) 'example_external_task_marker_parent', 'example_external_task_marker_child' retrieved from /home/airflow/.local/lib/python3.12/site-packages/airflow/example_dags/example_external_task_marker_dag.py
[2024-08-29T15:05:04.724+0000] {logging_mixin.py:190} INFO - [2024-08-29T15:05:04.724+0000] {dag.py:3211} INFO - Sync 2 DAGs
[2024-08-29T15:05:04.736+0000] {logging_mixin.py:190} INFO - [2024-08-29T15:05:04.736+0000] {dag.py:4138} INFO - Setting next_dagrun for example_external_task_marker_child to None, run_after=None
[2024-08-29T15:05:04.744+0000] {logging_mixin.py:190} INFO - [2024-08-29T15:05:04.744+0000] {dag.py:4138} INFO - Setting next_dagrun for example_external_task_marker_parent to None, run_after=None
[2024-08-29T15:05:04.761+0000] {processor.py:208} INFO - Processing /home/airflow/.local/lib/python3.12/site-packages/airflow/example_dags/example_external_task_marker_dag.py took 0.068 seconds
[2024-08-29T15:05:35.203+0000] {processor.py:186} INFO - Started process (PID=919) to work on /home/airflow/.local/lib/python3.12/site-packages/airflow/example_dags/example_external_task_marker_dag.py
[2024-08-29T15:05:35.204+0000] {processor.py:914} INFO - Processing file /home/airflow/.local/lib/python3.12/site-packages/airflow/example_dags/example_external_task_marker_dag.py for tasks to queue
[2024-08-29T15:05:35.207+0000] {logging_mixin.py:190} INFO - [2024-08-29T15:05:35.207+0000] {dagbag.py:587} INFO - Filling up the DagBag from /home/airflow/.local/lib/python3.12/site-packages/airflow/example_dags/example_external_task_marker_dag.py
[2024-08-29T15:05:35.213+0000] {processor.py:925} INFO - DAG(s) 'example_external_task_marker_parent', 'example_external_task_marker_child' retrieved from /home/airflow/.local/lib/python3.12/site-packages/airflow/example_dags/example_external_task_marker_dag.py
[2024-08-29T15:05:35.231+0000] {logging_mixin.py:190} INFO - [2024-08-29T15:05:35.231+0000] {dag.py:3211} INFO - Sync 2 DAGs
[2024-08-29T15:05:35.241+0000] {logging_mixin.py:190} INFO - [2024-08-29T15:05:35.241+0000] {dag.py:4138} INFO - Setting next_dagrun for example_external_task_marker_child to None, run_after=None
[2024-08-29T15:05:35.244+0000] {logging_mixin.py:190} INFO - [2024-08-29T15:05:35.243+0000] {dag.py:4138} INFO - Setting next_dagrun for example_external_task_marker_parent to None, run_after=None
[2024-08-29T15:05:35.257+0000] {processor.py:208} INFO - Processing /home/airflow/.local/lib/python3.12/site-packages/airflow/example_dags/example_external_task_marker_dag.py took 0.058 seconds
[2024-08-29T15:06:06.411+0000] {processor.py:186} INFO - Started process (PID=983) to work on /home/airflow/.local/lib/python3.12/site-packages/airflow/example_dags/example_external_task_marker_dag.py
[2024-08-29T15:06:06.435+0000] {processor.py:914} INFO - Processing file /home/airflow/.local/lib/python3.12/site-packages/airflow/example_dags/example_external_task_marker_dag.py for tasks to queue
[2024-08-29T15:06:06.455+0000] {logging_mixin.py:190} INFO - [2024-08-29T15:06:06.454+0000] {dagbag.py:587} INFO - Filling up the DagBag from /home/airflow/.local/lib/python3.12/site-packages/airflow/example_dags/example_external_task_marker_dag.py
[2024-08-29T15:06:06.462+0000] {processor.py:925} INFO - DAG(s) 'example_external_task_marker_child', 'example_external_task_marker_parent' retrieved from /home/airflow/.local/lib/python3.12/site-packages/airflow/example_dags/example_external_task_marker_dag.py
[2024-08-29T15:06:06.480+0000] {logging_mixin.py:190} INFO - [2024-08-29T15:06:06.480+0000] {dag.py:3211} INFO - Sync 2 DAGs
[2024-08-29T15:06:06.490+0000] {logging_mixin.py:190} INFO - [2024-08-29T15:06:06.490+0000] {dag.py:4138} INFO - Setting next_dagrun for example_external_task_marker_child to None, run_after=None
[2024-08-29T15:06:06.493+0000] {logging_mixin.py:190} INFO - [2024-08-29T15:06:06.493+0000] {dag.py:4138} INFO - Setting next_dagrun for example_external_task_marker_parent to None, run_after=None
[2024-08-29T15:06:06.510+0000] {processor.py:208} INFO - Processing /home/airflow/.local/lib/python3.12/site-packages/airflow/example_dags/example_external_task_marker_dag.py took 0.103 seconds
[2024-08-29T15:06:36.715+0000] {processor.py:186} INFO - Started process (PID=1046) to work on /home/airflow/.local/lib/python3.12/site-packages/airflow/example_dags/example_external_task_marker_dag.py
[2024-08-29T15:06:36.716+0000] {processor.py:914} INFO - Processing file /home/airflow/.local/lib/python3.12/site-packages/airflow/example_dags/example_external_task_marker_dag.py for tasks to queue
[2024-08-29T15:06:36.718+0000] {logging_mixin.py:190} INFO - [2024-08-29T15:06:36.718+0000] {dagbag.py:587} INFO - Filling up the DagBag from /home/airflow/.local/lib/python3.12/site-packages/airflow/example_dags/example_external_task_marker_dag.py
[2024-08-29T15:06:36.724+0000] {processor.py:925} INFO - DAG(s) 'example_external_task_marker_child', 'example_external_task_marker_parent' retrieved from /home/airflow/.local/lib/python3.12/site-packages/airflow/example_dags/example_external_task_marker_dag.py
[2024-08-29T15:06:36.741+0000] {logging_mixin.py:190} INFO - [2024-08-29T15:06:36.741+0000] {dag.py:3211} INFO - Sync 2 DAGs
[2024-08-29T15:06:36.751+0000] {logging_mixin.py:190} INFO - [2024-08-29T15:06:36.751+0000] {dag.py:4138} INFO - Setting next_dagrun for example_external_task_marker_child to None, run_after=None
[2024-08-29T15:06:36.754+0000] {logging_mixin.py:190} INFO - [2024-08-29T15:06:36.754+0000] {dag.py:4138} INFO - Setting next_dagrun for example_external_task_marker_parent to None, run_after=None
[2024-08-29T15:06:36.769+0000] {processor.py:208} INFO - Processing /home/airflow/.local/lib/python3.12/site-packages/airflow/example_dags/example_external_task_marker_dag.py took 0.059 seconds
[2024-08-29T15:07:07.371+0000] {processor.py:186} INFO - Started process (PID=1109) to work on /home/airflow/.local/lib/python3.12/site-packages/airflow/example_dags/example_external_task_marker_dag.py
[2024-08-29T15:07:07.372+0000] {processor.py:914} INFO - Processing file /home/airflow/.local/lib/python3.12/site-packages/airflow/example_dags/example_external_task_marker_dag.py for tasks to queue
[2024-08-29T15:07:07.374+0000] {logging_mixin.py:190} INFO - [2024-08-29T15:07:07.374+0000] {dagbag.py:587} INFO - Filling up the DagBag from /home/airflow/.local/lib/python3.12/site-packages/airflow/example_dags/example_external_task_marker_dag.py
[2024-08-29T15:07:07.380+0000] {processor.py:925} INFO - DAG(s) 'example_external_task_marker_parent', 'example_external_task_marker_child' retrieved from /home/airflow/.local/lib/python3.12/site-packages/airflow/example_dags/example_external_task_marker_dag.py
[2024-08-29T15:07:07.396+0000] {logging_mixin.py:190} INFO - [2024-08-29T15:07:07.396+0000] {dag.py:3211} INFO - Sync 2 DAGs
[2024-08-29T15:07:07.406+0000] {logging_mixin.py:190} INFO - [2024-08-29T15:07:07.406+0000] {dag.py:4138} INFO - Setting next_dagrun for example_external_task_marker_child to None, run_after=None
[2024-08-29T15:07:07.408+0000] {logging_mixin.py:190} INFO - [2024-08-29T15:07:07.408+0000] {dag.py:4138} INFO - Setting next_dagrun for example_external_task_marker_parent to None, run_after=None
[2024-08-29T15:07:07.422+0000] {processor.py:208} INFO - Processing /home/airflow/.local/lib/python3.12/site-packages/airflow/example_dags/example_external_task_marker_dag.py took 0.055 seconds
[2024-08-29T15:07:37.614+0000] {processor.py:186} INFO - Started process (PID=1172) to work on /home/airflow/.local/lib/python3.12/site-packages/airflow/example_dags/example_external_task_marker_dag.py
[2024-08-29T15:07:37.615+0000] {processor.py:914} INFO - Processing file /home/airflow/.local/lib/python3.12/site-packages/airflow/example_dags/example_external_task_marker_dag.py for tasks to queue
[2024-08-29T15:07:37.617+0000] {logging_mixin.py:190} INFO - [2024-08-29T15:07:37.617+0000] {dagbag.py:587} INFO - Filling up the DagBag from /home/airflow/.local/lib/python3.12/site-packages/airflow/example_dags/example_external_task_marker_dag.py
[2024-08-29T15:07:37.622+0000] {processor.py:925} INFO - DAG(s) 'example_external_task_marker_parent', 'example_external_task_marker_child' retrieved from /home/airflow/.local/lib/python3.12/site-packages/airflow/example_dags/example_external_task_marker_dag.py
[2024-08-29T15:07:37.639+0000] {logging_mixin.py:190} INFO - [2024-08-29T15:07:37.638+0000] {dag.py:3211} INFO - Sync 2 DAGs
[2024-08-29T15:07:37.649+0000] {logging_mixin.py:190} INFO - [2024-08-29T15:07:37.649+0000] {dag.py:4138} INFO - Setting next_dagrun for example_external_task_marker_child to None, run_after=None
[2024-08-29T15:07:37.664+0000] {logging_mixin.py:190} INFO - [2024-08-29T15:07:37.664+0000] {dag.py:4138} INFO - Setting next_dagrun for example_external_task_marker_parent to None, run_after=None
[2024-08-29T15:07:37.677+0000] {processor.py:208} INFO - Processing /home/airflow/.local/lib/python3.12/site-packages/airflow/example_dags/example_external_task_marker_dag.py took 0.067 seconds
[2024-08-29T15:08:08.256+0000] {processor.py:186} INFO - Started process (PID=1235) to work on /home/airflow/.local/lib/python3.12/site-packages/airflow/example_dags/example_external_task_marker_dag.py
[2024-08-29T15:08:08.257+0000] {processor.py:914} INFO - Processing file /home/airflow/.local/lib/python3.12/site-packages/airflow/example_dags/example_external_task_marker_dag.py for tasks to queue
[2024-08-29T15:08:08.259+0000] {logging_mixin.py:190} INFO - [2024-08-29T15:08:08.259+0000] {dagbag.py:587} INFO - Filling up the DagBag from /home/airflow/.local/lib/python3.12/site-packages/airflow/example_dags/example_external_task_marker_dag.py
[2024-08-29T15:08:08.265+0000] {processor.py:925} INFO - DAG(s) 'example_external_task_marker_parent', 'example_external_task_marker_child' retrieved from /home/airflow/.local/lib/python3.12/site-packages/airflow/example_dags/example_external_task_marker_dag.py
[2024-08-29T15:08:08.280+0000] {logging_mixin.py:190} INFO - [2024-08-29T15:08:08.280+0000] {dag.py:3211} INFO - Sync 2 DAGs
[2024-08-29T15:08:08.290+0000] {logging_mixin.py:190} INFO - [2024-08-29T15:08:08.290+0000] {dag.py:4138} INFO - Setting next_dagrun for example_external_task_marker_child to None, run_after=None
[2024-08-29T15:08:08.293+0000] {logging_mixin.py:190} INFO - [2024-08-29T15:08:08.293+0000] {dag.py:4138} INFO - Setting next_dagrun for example_external_task_marker_parent to None, run_after=None
[2024-08-29T15:08:08.308+0000] {processor.py:208} INFO - Processing /home/airflow/.local/lib/python3.12/site-packages/airflow/example_dags/example_external_task_marker_dag.py took 0.056 seconds
[2024-08-29T15:08:38.642+0000] {processor.py:186} INFO - Started process (PID=1298) to work on /home/airflow/.local/lib/python3.12/site-packages/airflow/example_dags/example_external_task_marker_dag.py
[2024-08-29T15:08:38.644+0000] {processor.py:914} INFO - Processing file /home/airflow/.local/lib/python3.12/site-packages/airflow/example_dags/example_external_task_marker_dag.py for tasks to queue
[2024-08-29T15:08:38.652+0000] {logging_mixin.py:190} INFO - [2024-08-29T15:08:38.651+0000] {dagbag.py:587} INFO - Filling up the DagBag from /home/airflow/.local/lib/python3.12/site-packages/airflow/example_dags/example_external_task_marker_dag.py
[2024-08-29T15:08:38.663+0000] {processor.py:925} INFO - DAG(s) 'example_external_task_marker_child', 'example_external_task_marker_parent' retrieved from /home/airflow/.local/lib/python3.12/site-packages/airflow/example_dags/example_external_task_marker_dag.py
[2024-08-29T15:08:38.684+0000] {logging_mixin.py:190} INFO - [2024-08-29T15:08:38.683+0000] {dag.py:3211} INFO - Sync 2 DAGs
[2024-08-29T15:08:38.696+0000] {logging_mixin.py:190} INFO - [2024-08-29T15:08:38.696+0000] {dag.py:4138} INFO - Setting next_dagrun for example_external_task_marker_child to None, run_after=None
[2024-08-29T15:08:38.706+0000] {logging_mixin.py:190} INFO - [2024-08-29T15:08:38.706+0000] {dag.py:4138} INFO - Setting next_dagrun for example_external_task_marker_parent to None, run_after=None
[2024-08-29T15:08:38.721+0000] {processor.py:208} INFO - Processing /home/airflow/.local/lib/python3.12/site-packages/airflow/example_dags/example_external_task_marker_dag.py took 0.084 seconds
[2024-08-29T15:09:09.592+0000] {processor.py:186} INFO - Started process (PID=1361) to work on /home/airflow/.local/lib/python3.12/site-packages/airflow/example_dags/example_external_task_marker_dag.py
[2024-08-29T15:09:09.593+0000] {processor.py:914} INFO - Processing file /home/airflow/.local/lib/python3.12/site-packages/airflow/example_dags/example_external_task_marker_dag.py for tasks to queue
[2024-08-29T15:09:09.595+0000] {logging_mixin.py:190} INFO - [2024-08-29T15:09:09.595+0000] {dagbag.py:587} INFO - Filling up the DagBag from /home/airflow/.local/lib/python3.12/site-packages/airflow/example_dags/example_external_task_marker_dag.py
[2024-08-29T15:09:09.601+0000] {processor.py:925} INFO - DAG(s) 'example_external_task_marker_child', 'example_external_task_marker_parent' retrieved from /home/airflow/.local/lib/python3.12/site-packages/airflow/example_dags/example_external_task_marker_dag.py
[2024-08-29T15:09:09.616+0000] {logging_mixin.py:190} INFO - [2024-08-29T15:09:09.616+0000] {dag.py:3211} INFO - Sync 2 DAGs
[2024-08-29T15:09:09.627+0000] {logging_mixin.py:190} INFO - [2024-08-29T15:09:09.627+0000] {dag.py:4138} INFO - Setting next_dagrun for example_external_task_marker_child to None, run_after=None
[2024-08-29T15:09:09.630+0000] {logging_mixin.py:190} INFO - [2024-08-29T15:09:09.630+0000] {dag.py:4138} INFO - Setting next_dagrun for example_external_task_marker_parent to None, run_after=None
[2024-08-29T15:09:09.644+0000] {processor.py:208} INFO - Processing /home/airflow/.local/lib/python3.12/site-packages/airflow/example_dags/example_external_task_marker_dag.py took 0.056 seconds
[2024-08-29T15:09:40.693+0000] {processor.py:186} INFO - Started process (PID=1425) to work on /home/airflow/.local/lib/python3.12/site-packages/airflow/example_dags/example_external_task_marker_dag.py
[2024-08-29T15:09:40.694+0000] {processor.py:914} INFO - Processing file /home/airflow/.local/lib/python3.12/site-packages/airflow/example_dags/example_external_task_marker_dag.py for tasks to queue
[2024-08-29T15:09:40.696+0000] {logging_mixin.py:190} INFO - [2024-08-29T15:09:40.696+0000] {dagbag.py:587} INFO - Filling up the DagBag from /home/airflow/.local/lib/python3.12/site-packages/airflow/example_dags/example_external_task_marker_dag.py
[2024-08-29T15:09:40.703+0000] {processor.py:925} INFO - DAG(s) 'example_external_task_marker_child', 'example_external_task_marker_parent' retrieved from /home/airflow/.local/lib/python3.12/site-packages/airflow/example_dags/example_external_task_marker_dag.py
[2024-08-29T15:09:40.722+0000] {logging_mixin.py:190} INFO - [2024-08-29T15:09:40.721+0000] {dag.py:3211} INFO - Sync 2 DAGs
[2024-08-29T15:09:40.733+0000] {logging_mixin.py:190} INFO - [2024-08-29T15:09:40.733+0000] {dag.py:4138} INFO - Setting next_dagrun for example_external_task_marker_child to None, run_after=None
[2024-08-29T15:09:40.737+0000] {logging_mixin.py:190} INFO - [2024-08-29T15:09:40.736+0000] {dag.py:4138} INFO - Setting next_dagrun for example_external_task_marker_parent to None, run_after=None
[2024-08-29T15:09:40.752+0000] {processor.py:208} INFO - Processing /home/airflow/.local/lib/python3.12/site-packages/airflow/example_dags/example_external_task_marker_dag.py took 0.064 seconds
[2024-08-29T15:10:11.498+0000] {processor.py:186} INFO - Started process (PID=1488) to work on /home/airflow/.local/lib/python3.12/site-packages/airflow/example_dags/example_external_task_marker_dag.py
[2024-08-29T15:10:11.499+0000] {processor.py:914} INFO - Processing file /home/airflow/.local/lib/python3.12/site-packages/airflow/example_dags/example_external_task_marker_dag.py for tasks to queue
[2024-08-29T15:10:11.501+0000] {logging_mixin.py:190} INFO - [2024-08-29T15:10:11.500+0000] {dagbag.py:587} INFO - Filling up the DagBag from /home/airflow/.local/lib/python3.12/site-packages/airflow/example_dags/example_external_task_marker_dag.py
[2024-08-29T15:10:11.507+0000] {processor.py:925} INFO - DAG(s) 'example_external_task_marker_child', 'example_external_task_marker_parent' retrieved from /home/airflow/.local/lib/python3.12/site-packages/airflow/example_dags/example_external_task_marker_dag.py
[2024-08-29T15:10:11.523+0000] {logging_mixin.py:190} INFO - [2024-08-29T15:10:11.523+0000] {dag.py:3211} INFO - Sync 2 DAGs
[2024-08-29T15:10:11.534+0000] {logging_mixin.py:190} INFO - [2024-08-29T15:10:11.534+0000] {dag.py:4138} INFO - Setting next_dagrun for example_external_task_marker_child to None, run_after=None
[2024-08-29T15:10:11.537+0000] {logging_mixin.py:190} INFO - [2024-08-29T15:10:11.537+0000] {dag.py:4138} INFO - Setting next_dagrun for example_external_task_marker_parent to None, run_after=None
[2024-08-29T15:10:11.551+0000] {processor.py:208} INFO - Processing /home/airflow/.local/lib/python3.12/site-packages/airflow/example_dags/example_external_task_marker_dag.py took 0.058 seconds
[2024-08-29T15:11:18.124+0000] {processor.py:186} INFO - Started process (PID=104) to work on /home/airflow/.local/lib/python3.12/site-packages/airflow/example_dags/example_external_task_marker_dag.py
[2024-08-29T15:11:18.125+0000] {processor.py:914} INFO - Processing file /home/airflow/.local/lib/python3.12/site-packages/airflow/example_dags/example_external_task_marker_dag.py for tasks to queue
[2024-08-29T15:11:18.127+0000] {logging_mixin.py:190} INFO - [2024-08-29T15:11:18.127+0000] {dagbag.py:587} INFO - Filling up the DagBag from /home/airflow/.local/lib/python3.12/site-packages/airflow/example_dags/example_external_task_marker_dag.py
[2024-08-29T15:11:18.135+0000] {processor.py:925} INFO - DAG(s) 'example_external_task_marker_parent', 'example_external_task_marker_child' retrieved from /home/airflow/.local/lib/python3.12/site-packages/airflow/example_dags/example_external_task_marker_dag.py
[2024-08-29T15:11:18.156+0000] {logging_mixin.py:190} INFO - [2024-08-29T15:11:18.156+0000] {dag.py:3211} INFO - Sync 2 DAGs
[2024-08-29T15:11:18.167+0000] {logging_mixin.py:190} INFO - [2024-08-29T15:11:18.167+0000] {dag.py:4138} INFO - Setting next_dagrun for example_external_task_marker_child to None, run_after=None
[2024-08-29T15:11:18.170+0000] {logging_mixin.py:190} INFO - [2024-08-29T15:11:18.170+0000] {dag.py:4138} INFO - Setting next_dagrun for example_external_task_marker_parent to None, run_after=None
[2024-08-29T15:11:18.184+0000] {processor.py:208} INFO - Processing /home/airflow/.local/lib/python3.12/site-packages/airflow/example_dags/example_external_task_marker_dag.py took 0.066 seconds
[2024-08-29T15:11:48.866+0000] {processor.py:186} INFO - Started process (PID=174) to work on /home/airflow/.local/lib/python3.12/site-packages/airflow/example_dags/example_external_task_marker_dag.py
[2024-08-29T15:11:48.867+0000] {processor.py:914} INFO - Processing file /home/airflow/.local/lib/python3.12/site-packages/airflow/example_dags/example_external_task_marker_dag.py for tasks to queue
[2024-08-29T15:11:48.869+0000] {logging_mixin.py:190} INFO - [2024-08-29T15:11:48.869+0000] {dagbag.py:587} INFO - Filling up the DagBag from /home/airflow/.local/lib/python3.12/site-packages/airflow/example_dags/example_external_task_marker_dag.py
[2024-08-29T15:11:48.876+0000] {processor.py:925} INFO - DAG(s) 'example_external_task_marker_child', 'example_external_task_marker_parent' retrieved from /home/airflow/.local/lib/python3.12/site-packages/airflow/example_dags/example_external_task_marker_dag.py
[2024-08-29T15:11:48.899+0000] {logging_mixin.py:190} INFO - [2024-08-29T15:11:48.899+0000] {dag.py:3211} INFO - Sync 2 DAGs
[2024-08-29T15:11:48.912+0000] {logging_mixin.py:190} INFO - [2024-08-29T15:11:48.912+0000] {dag.py:4138} INFO - Setting next_dagrun for example_external_task_marker_child to None, run_after=None
[2024-08-29T15:11:48.917+0000] {logging_mixin.py:190} INFO - [2024-08-29T15:11:48.917+0000] {dag.py:4138} INFO - Setting next_dagrun for example_external_task_marker_parent to None, run_after=None
[2024-08-29T15:11:48.935+0000] {processor.py:208} INFO - Processing /home/airflow/.local/lib/python3.12/site-packages/airflow/example_dags/example_external_task_marker_dag.py took 0.074 seconds
[2024-08-29T15:12:19.568+0000] {processor.py:186} INFO - Started process (PID=237) to work on /home/airflow/.local/lib/python3.12/site-packages/airflow/example_dags/example_external_task_marker_dag.py
[2024-08-29T15:12:19.569+0000] {processor.py:914} INFO - Processing file /home/airflow/.local/lib/python3.12/site-packages/airflow/example_dags/example_external_task_marker_dag.py for tasks to queue
[2024-08-29T15:12:19.571+0000] {logging_mixin.py:190} INFO - [2024-08-29T15:12:19.570+0000] {dagbag.py:587} INFO - Filling up the DagBag from /home/airflow/.local/lib/python3.12/site-packages/airflow/example_dags/example_external_task_marker_dag.py
[2024-08-29T15:12:19.582+0000] {processor.py:925} INFO - DAG(s) 'example_external_task_marker_child', 'example_external_task_marker_parent' retrieved from /home/airflow/.local/lib/python3.12/site-packages/airflow/example_dags/example_external_task_marker_dag.py
[2024-08-29T15:12:19.601+0000] {logging_mixin.py:190} INFO - [2024-08-29T15:12:19.601+0000] {dag.py:3211} INFO - Sync 2 DAGs
[2024-08-29T15:12:19.614+0000] {logging_mixin.py:190} INFO - [2024-08-29T15:12:19.614+0000] {dag.py:4138} INFO - Setting next_dagrun for example_external_task_marker_child to None, run_after=None
[2024-08-29T15:12:19.617+0000] {logging_mixin.py:190} INFO - [2024-08-29T15:12:19.617+0000] {dag.py:4138} INFO - Setting next_dagrun for example_external_task_marker_parent to None, run_after=None
[2024-08-29T15:12:19.633+0000] {processor.py:208} INFO - Processing /home/airflow/.local/lib/python3.12/site-packages/airflow/example_dags/example_external_task_marker_dag.py took 0.069 seconds
[2024-08-29T15:12:51.210+0000] {processor.py:186} INFO - Started process (PID=300) to work on /home/airflow/.local/lib/python3.12/site-packages/airflow/example_dags/example_external_task_marker_dag.py
[2024-08-29T15:12:51.211+0000] {processor.py:914} INFO - Processing file /home/airflow/.local/lib/python3.12/site-packages/airflow/example_dags/example_external_task_marker_dag.py for tasks to queue
[2024-08-29T15:12:51.213+0000] {logging_mixin.py:190} INFO - [2024-08-29T15:12:51.213+0000] {dagbag.py:587} INFO - Filling up the DagBag from /home/airflow/.local/lib/python3.12/site-packages/airflow/example_dags/example_external_task_marker_dag.py
[2024-08-29T15:12:51.219+0000] {processor.py:925} INFO - DAG(s) 'example_external_task_marker_parent', 'example_external_task_marker_child' retrieved from /home/airflow/.local/lib/python3.12/site-packages/airflow/example_dags/example_external_task_marker_dag.py
[2024-08-29T15:12:51.238+0000] {logging_mixin.py:190} INFO - [2024-08-29T15:12:51.237+0000] {dag.py:3211} INFO - Sync 2 DAGs
[2024-08-29T15:12:51.250+0000] {logging_mixin.py:190} INFO - [2024-08-29T15:12:51.250+0000] {dag.py:4138} INFO - Setting next_dagrun for example_external_task_marker_child to None, run_after=None
[2024-08-29T15:12:51.253+0000] {logging_mixin.py:190} INFO - [2024-08-29T15:12:51.253+0000] {dag.py:4138} INFO - Setting next_dagrun for example_external_task_marker_parent to None, run_after=None
[2024-08-29T15:12:51.276+0000] {processor.py:208} INFO - Processing /home/airflow/.local/lib/python3.12/site-packages/airflow/example_dags/example_external_task_marker_dag.py took 0.071 seconds
[2024-08-29T15:13:22.058+0000] {processor.py:186} INFO - Started process (PID=363) to work on /home/airflow/.local/lib/python3.12/site-packages/airflow/example_dags/example_external_task_marker_dag.py
[2024-08-29T15:13:22.059+0000] {processor.py:914} INFO - Processing file /home/airflow/.local/lib/python3.12/site-packages/airflow/example_dags/example_external_task_marker_dag.py for tasks to queue
[2024-08-29T15:13:22.061+0000] {logging_mixin.py:190} INFO - [2024-08-29T15:13:22.060+0000] {dagbag.py:587} INFO - Filling up the DagBag from /home/airflow/.local/lib/python3.12/site-packages/airflow/example_dags/example_external_task_marker_dag.py
[2024-08-29T15:13:22.067+0000] {processor.py:925} INFO - DAG(s) 'example_external_task_marker_child', 'example_external_task_marker_parent' retrieved from /home/airflow/.local/lib/python3.12/site-packages/airflow/example_dags/example_external_task_marker_dag.py
[2024-08-29T15:13:22.087+0000] {logging_mixin.py:190} INFO - [2024-08-29T15:13:22.087+0000] {dag.py:3211} INFO - Sync 2 DAGs
[2024-08-29T15:13:22.100+0000] {logging_mixin.py:190} INFO - [2024-08-29T15:13:22.100+0000] {dag.py:4138} INFO - Setting next_dagrun for example_external_task_marker_child to None, run_after=None
[2024-08-29T15:13:22.104+0000] {logging_mixin.py:190} INFO - [2024-08-29T15:13:22.104+0000] {dag.py:4138} INFO - Setting next_dagrun for example_external_task_marker_parent to None, run_after=None
[2024-08-29T15:13:22.120+0000] {processor.py:208} INFO - Processing /home/airflow/.local/lib/python3.12/site-packages/airflow/example_dags/example_external_task_marker_dag.py took 0.068 seconds
[2024-08-29T15:13:53.050+0000] {processor.py:186} INFO - Started process (PID=426) to work on /home/airflow/.local/lib/python3.12/site-packages/airflow/example_dags/example_external_task_marker_dag.py
[2024-08-29T15:13:53.051+0000] {processor.py:914} INFO - Processing file /home/airflow/.local/lib/python3.12/site-packages/airflow/example_dags/example_external_task_marker_dag.py for tasks to queue
[2024-08-29T15:13:53.053+0000] {logging_mixin.py:190} INFO - [2024-08-29T15:13:53.053+0000] {dagbag.py:587} INFO - Filling up the DagBag from /home/airflow/.local/lib/python3.12/site-packages/airflow/example_dags/example_external_task_marker_dag.py
[2024-08-29T15:13:53.059+0000] {processor.py:925} INFO - DAG(s) 'example_external_task_marker_child', 'example_external_task_marker_parent' retrieved from /home/airflow/.local/lib/python3.12/site-packages/airflow/example_dags/example_external_task_marker_dag.py
[2024-08-29T15:13:53.076+0000] {logging_mixin.py:190} INFO - [2024-08-29T15:13:53.076+0000] {dag.py:3211} INFO - Sync 2 DAGs
[2024-08-29T15:13:53.087+0000] {logging_mixin.py:190} INFO - [2024-08-29T15:13:53.087+0000] {dag.py:4138} INFO - Setting next_dagrun for example_external_task_marker_child to None, run_after=None
[2024-08-29T15:13:53.091+0000] {logging_mixin.py:190} INFO - [2024-08-29T15:13:53.091+0000] {dag.py:4138} INFO - Setting next_dagrun for example_external_task_marker_parent to None, run_after=None
[2024-08-29T15:13:53.107+0000] {processor.py:208} INFO - Processing /home/airflow/.local/lib/python3.12/site-packages/airflow/example_dags/example_external_task_marker_dag.py took 0.061 seconds
[2024-08-29T15:14:23.239+0000] {processor.py:186} INFO - Started process (PID=489) to work on /home/airflow/.local/lib/python3.12/site-packages/airflow/example_dags/example_external_task_marker_dag.py
[2024-08-29T15:14:23.240+0000] {processor.py:914} INFO - Processing file /home/airflow/.local/lib/python3.12/site-packages/airflow/example_dags/example_external_task_marker_dag.py for tasks to queue
[2024-08-29T15:14:23.242+0000] {logging_mixin.py:190} INFO - [2024-08-29T15:14:23.242+0000] {dagbag.py:587} INFO - Filling up the DagBag from /home/airflow/.local/lib/python3.12/site-packages/airflow/example_dags/example_external_task_marker_dag.py
[2024-08-29T15:14:23.248+0000] {processor.py:925} INFO - DAG(s) 'example_external_task_marker_child', 'example_external_task_marker_parent' retrieved from /home/airflow/.local/lib/python3.12/site-packages/airflow/example_dags/example_external_task_marker_dag.py
[2024-08-29T15:14:23.266+0000] {logging_mixin.py:190} INFO - [2024-08-29T15:14:23.266+0000] {dag.py:3211} INFO - Sync 2 DAGs
[2024-08-29T15:14:23.276+0000] {logging_mixin.py:190} INFO - [2024-08-29T15:14:23.276+0000] {dag.py:4138} INFO - Setting next_dagrun for example_external_task_marker_child to None, run_after=None
[2024-08-29T15:14:23.279+0000] {logging_mixin.py:190} INFO - [2024-08-29T15:14:23.278+0000] {dag.py:4138} INFO - Setting next_dagrun for example_external_task_marker_parent to None, run_after=None
[2024-08-29T15:14:23.292+0000] {processor.py:208} INFO - Processing /home/airflow/.local/lib/python3.12/site-packages/airflow/example_dags/example_external_task_marker_dag.py took 0.057 seconds
[2024-08-29T15:14:54.168+0000] {processor.py:186} INFO - Started process (PID=552) to work on /home/airflow/.local/lib/python3.12/site-packages/airflow/example_dags/example_external_task_marker_dag.py
[2024-08-29T15:14:54.169+0000] {processor.py:914} INFO - Processing file /home/airflow/.local/lib/python3.12/site-packages/airflow/example_dags/example_external_task_marker_dag.py for tasks to queue
[2024-08-29T15:14:54.171+0000] {logging_mixin.py:190} INFO - [2024-08-29T15:14:54.171+0000] {dagbag.py:587} INFO - Filling up the DagBag from /home/airflow/.local/lib/python3.12/site-packages/airflow/example_dags/example_external_task_marker_dag.py
[2024-08-29T15:14:54.177+0000] {processor.py:925} INFO - DAG(s) 'example_external_task_marker_child', 'example_external_task_marker_parent' retrieved from /home/airflow/.local/lib/python3.12/site-packages/airflow/example_dags/example_external_task_marker_dag.py
[2024-08-29T15:14:54.195+0000] {logging_mixin.py:190} INFO - [2024-08-29T15:14:54.195+0000] {dag.py:3211} INFO - Sync 2 DAGs
[2024-08-29T15:14:54.205+0000] {logging_mixin.py:190} INFO - [2024-08-29T15:14:54.205+0000] {dag.py:4138} INFO - Setting next_dagrun for example_external_task_marker_child to None, run_after=None
[2024-08-29T15:14:54.210+0000] {logging_mixin.py:190} INFO - [2024-08-29T15:14:54.210+0000] {dag.py:4138} INFO - Setting next_dagrun for example_external_task_marker_parent to None, run_after=None
[2024-08-29T15:14:54.228+0000] {processor.py:208} INFO - Processing /home/airflow/.local/lib/python3.12/site-packages/airflow/example_dags/example_external_task_marker_dag.py took 0.064 seconds
[2024-08-29T15:15:24.781+0000] {processor.py:186} INFO - Started process (PID=615) to work on /home/airflow/.local/lib/python3.12/site-packages/airflow/example_dags/example_external_task_marker_dag.py
[2024-08-29T15:15:24.781+0000] {processor.py:914} INFO - Processing file /home/airflow/.local/lib/python3.12/site-packages/airflow/example_dags/example_external_task_marker_dag.py for tasks to queue
[2024-08-29T15:15:24.783+0000] {logging_mixin.py:190} INFO - [2024-08-29T15:15:24.783+0000] {dagbag.py:587} INFO - Filling up the DagBag from /home/airflow/.local/lib/python3.12/site-packages/airflow/example_dags/example_external_task_marker_dag.py
[2024-08-29T15:15:24.789+0000] {processor.py:925} INFO - DAG(s) 'example_external_task_marker_child', 'example_external_task_marker_parent' retrieved from /home/airflow/.local/lib/python3.12/site-packages/airflow/example_dags/example_external_task_marker_dag.py
[2024-08-29T15:15:24.808+0000] {logging_mixin.py:190} INFO - [2024-08-29T15:15:24.807+0000] {dag.py:3211} INFO - Sync 2 DAGs
[2024-08-29T15:15:24.819+0000] {logging_mixin.py:190} INFO - [2024-08-29T15:15:24.818+0000] {dag.py:4138} INFO - Setting next_dagrun for example_external_task_marker_child to None, run_after=None
[2024-08-29T15:15:24.821+0000] {logging_mixin.py:190} INFO - [2024-08-29T15:15:24.821+0000] {dag.py:4138} INFO - Setting next_dagrun for example_external_task_marker_parent to None, run_after=None
[2024-08-29T15:15:24.836+0000] {processor.py:208} INFO - Processing /home/airflow/.local/lib/python3.12/site-packages/airflow/example_dags/example_external_task_marker_dag.py took 0.060 seconds
[2024-08-29T15:15:55.169+0000] {processor.py:186} INFO - Started process (PID=678) to work on /home/airflow/.local/lib/python3.12/site-packages/airflow/example_dags/example_external_task_marker_dag.py
[2024-08-29T15:15:55.170+0000] {processor.py:914} INFO - Processing file /home/airflow/.local/lib/python3.12/site-packages/airflow/example_dags/example_external_task_marker_dag.py for tasks to queue
[2024-08-29T15:15:55.172+0000] {logging_mixin.py:190} INFO - [2024-08-29T15:15:55.172+0000] {dagbag.py:587} INFO - Filling up the DagBag from /home/airflow/.local/lib/python3.12/site-packages/airflow/example_dags/example_external_task_marker_dag.py
[2024-08-29T15:15:55.178+0000] {processor.py:925} INFO - DAG(s) 'example_external_task_marker_parent', 'example_external_task_marker_child' retrieved from /home/airflow/.local/lib/python3.12/site-packages/airflow/example_dags/example_external_task_marker_dag.py
[2024-08-29T15:15:55.196+0000] {logging_mixin.py:190} INFO - [2024-08-29T15:15:55.196+0000] {dag.py:3211} INFO - Sync 2 DAGs
[2024-08-29T15:15:55.213+0000] {logging_mixin.py:190} INFO - [2024-08-29T15:15:55.213+0000] {dag.py:4138} INFO - Setting next_dagrun for example_external_task_marker_child to None, run_after=None
[2024-08-29T15:15:55.216+0000] {logging_mixin.py:190} INFO - [2024-08-29T15:15:55.216+0000] {dag.py:4138} INFO - Setting next_dagrun for example_external_task_marker_parent to None, run_after=None
[2024-08-29T15:15:55.230+0000] {processor.py:208} INFO - Processing /home/airflow/.local/lib/python3.12/site-packages/airflow/example_dags/example_external_task_marker_dag.py took 0.065 seconds
