[2024-08-29T14:58:52.986+0000] {processor.py:186} INFO - Started process (PID=80) to work on /home/airflow/.local/lib/python3.12/site-packages/airflow/example_dags/example_branch_operator_decorator.py
[2024-08-29T14:58:52.987+0000] {processor.py:914} INFO - Processing file /home/airflow/.local/lib/python3.12/site-packages/airflow/example_dags/example_branch_operator_decorator.py for tasks to queue
[2024-08-29T14:58:52.989+0000] {logging_mixin.py:190} INFO - [2024-08-29T14:58:52.988+0000] {dagbag.py:587} INFO - Filling up the DagBag from /home/airflow/.local/lib/python3.12/site-packages/airflow/example_dags/example_branch_operator_decorator.py
[2024-08-29T14:58:53.012+0000] {processor.py:925} INFO - DAG(s) 'example_branch_python_operator_decorator' retrieved from /home/airflow/.local/lib/python3.12/site-packages/airflow/example_dags/example_branch_operator_decorator.py
[2024-08-29T14:58:53.190+0000] {logging_mixin.py:190} INFO - [2024-08-29T14:58:53.190+0000] {dag.py:3211} INFO - Sync 1 DAGs
[2024-08-29T14:58:53.211+0000] {logging_mixin.py:190} INFO - [2024-08-29T14:58:53.211+0000] {dag.py:4138} INFO - Setting next_dagrun for example_branch_python_operator_decorator to 2024-08-28 00:00:00+00:00, run_after=2024-08-29 00:00:00+00:00
[2024-08-29T14:58:53.237+0000] {processor.py:208} INFO - Processing /home/airflow/.local/lib/python3.12/site-packages/airflow/example_dags/example_branch_operator_decorator.py took 0.255 seconds
[2024-08-29T14:59:24.129+0000] {processor.py:186} INFO - Started process (PID=143) to work on /home/airflow/.local/lib/python3.12/site-packages/airflow/example_dags/example_branch_operator_decorator.py
[2024-08-29T14:59:24.130+0000] {processor.py:914} INFO - Processing file /home/airflow/.local/lib/python3.12/site-packages/airflow/example_dags/example_branch_operator_decorator.py for tasks to queue
[2024-08-29T14:59:24.132+0000] {logging_mixin.py:190} INFO - [2024-08-29T14:59:24.132+0000] {dagbag.py:587} INFO - Filling up the DagBag from /home/airflow/.local/lib/python3.12/site-packages/airflow/example_dags/example_branch_operator_decorator.py
[2024-08-29T14:59:24.150+0000] {processor.py:925} INFO - DAG(s) 'example_branch_python_operator_decorator' retrieved from /home/airflow/.local/lib/python3.12/site-packages/airflow/example_dags/example_branch_operator_decorator.py
[2024-08-29T14:59:24.174+0000] {logging_mixin.py:190} INFO - [2024-08-29T14:59:24.174+0000] {dag.py:3211} INFO - Sync 1 DAGs
[2024-08-29T14:59:24.191+0000] {logging_mixin.py:190} INFO - [2024-08-29T14:59:24.190+0000] {dag.py:4138} INFO - Setting next_dagrun for example_branch_python_operator_decorator to 2024-08-28 00:00:00+00:00, run_after=2024-08-29 00:00:00+00:00
[2024-08-29T14:59:24.208+0000] {processor.py:208} INFO - Processing /home/airflow/.local/lib/python3.12/site-packages/airflow/example_dags/example_branch_operator_decorator.py took 0.084 seconds
[2024-08-29T14:59:55.055+0000] {processor.py:186} INFO - Started process (PID=212) to work on /home/airflow/.local/lib/python3.12/site-packages/airflow/example_dags/example_branch_operator_decorator.py
[2024-08-29T14:59:55.056+0000] {processor.py:914} INFO - Processing file /home/airflow/.local/lib/python3.12/site-packages/airflow/example_dags/example_branch_operator_decorator.py for tasks to queue
[2024-08-29T14:59:55.058+0000] {logging_mixin.py:190} INFO - [2024-08-29T14:59:55.058+0000] {dagbag.py:587} INFO - Filling up the DagBag from /home/airflow/.local/lib/python3.12/site-packages/airflow/example_dags/example_branch_operator_decorator.py
[2024-08-29T14:59:55.073+0000] {processor.py:925} INFO - DAG(s) 'example_branch_python_operator_decorator' retrieved from /home/airflow/.local/lib/python3.12/site-packages/airflow/example_dags/example_branch_operator_decorator.py
[2024-08-29T14:59:55.092+0000] {logging_mixin.py:190} INFO - [2024-08-29T14:59:55.091+0000] {dag.py:3211} INFO - Sync 1 DAGs
[2024-08-29T14:59:55.107+0000] {logging_mixin.py:190} INFO - [2024-08-29T14:59:55.107+0000] {dag.py:4138} INFO - Setting next_dagrun for example_branch_python_operator_decorator to 2024-08-28 00:00:00+00:00, run_after=2024-08-29 00:00:00+00:00
[2024-08-29T14:59:55.123+0000] {processor.py:208} INFO - Processing /home/airflow/.local/lib/python3.12/site-packages/airflow/example_dags/example_branch_operator_decorator.py took 0.072 seconds
[2024-08-29T15:00:25.913+0000] {processor.py:186} INFO - Started process (PID=273) to work on /home/airflow/.local/lib/python3.12/site-packages/airflow/example_dags/example_branch_operator_decorator.py
[2024-08-29T15:00:25.914+0000] {processor.py:914} INFO - Processing file /home/airflow/.local/lib/python3.12/site-packages/airflow/example_dags/example_branch_operator_decorator.py for tasks to queue
[2024-08-29T15:00:25.916+0000] {logging_mixin.py:190} INFO - [2024-08-29T15:00:25.916+0000] {dagbag.py:587} INFO - Filling up the DagBag from /home/airflow/.local/lib/python3.12/site-packages/airflow/example_dags/example_branch_operator_decorator.py
[2024-08-29T15:00:25.933+0000] {processor.py:925} INFO - DAG(s) 'example_branch_python_operator_decorator' retrieved from /home/airflow/.local/lib/python3.12/site-packages/airflow/example_dags/example_branch_operator_decorator.py
[2024-08-29T15:00:25.956+0000] {logging_mixin.py:190} INFO - [2024-08-29T15:00:25.956+0000] {dag.py:3211} INFO - Sync 1 DAGs
[2024-08-29T15:00:25.974+0000] {logging_mixin.py:190} INFO - [2024-08-29T15:00:25.974+0000] {dag.py:4138} INFO - Setting next_dagrun for example_branch_python_operator_decorator to 2024-08-28 00:00:00+00:00, run_after=2024-08-29 00:00:00+00:00
[2024-08-29T15:00:25.990+0000] {processor.py:208} INFO - Processing /home/airflow/.local/lib/python3.12/site-packages/airflow/example_dags/example_branch_operator_decorator.py took 0.081 seconds
[2024-08-29T15:00:56.860+0000] {processor.py:186} INFO - Started process (PID=335) to work on /home/airflow/.local/lib/python3.12/site-packages/airflow/example_dags/example_branch_operator_decorator.py
[2024-08-29T15:00:56.861+0000] {processor.py:914} INFO - Processing file /home/airflow/.local/lib/python3.12/site-packages/airflow/example_dags/example_branch_operator_decorator.py for tasks to queue
[2024-08-29T15:00:56.862+0000] {logging_mixin.py:190} INFO - [2024-08-29T15:00:56.862+0000] {dagbag.py:587} INFO - Filling up the DagBag from /home/airflow/.local/lib/python3.12/site-packages/airflow/example_dags/example_branch_operator_decorator.py
[2024-08-29T15:00:56.877+0000] {processor.py:925} INFO - DAG(s) 'example_branch_python_operator_decorator' retrieved from /home/airflow/.local/lib/python3.12/site-packages/airflow/example_dags/example_branch_operator_decorator.py
[2024-08-29T15:00:56.901+0000] {logging_mixin.py:190} INFO - [2024-08-29T15:00:56.901+0000] {dag.py:3211} INFO - Sync 1 DAGs
[2024-08-29T15:00:56.920+0000] {logging_mixin.py:190} INFO - [2024-08-29T15:00:56.920+0000] {dag.py:4138} INFO - Setting next_dagrun for example_branch_python_operator_decorator to 2024-08-28 00:00:00+00:00, run_after=2024-08-29 00:00:00+00:00
[2024-08-29T15:00:56.936+0000] {processor.py:208} INFO - Processing /home/airflow/.local/lib/python3.12/site-packages/airflow/example_dags/example_branch_operator_decorator.py took 0.081 seconds
[2024-08-29T15:01:27.588+0000] {processor.py:186} INFO - Started process (PID=397) to work on /home/airflow/.local/lib/python3.12/site-packages/airflow/example_dags/example_branch_operator_decorator.py
[2024-08-29T15:01:27.590+0000] {processor.py:914} INFO - Processing file /home/airflow/.local/lib/python3.12/site-packages/airflow/example_dags/example_branch_operator_decorator.py for tasks to queue
[2024-08-29T15:01:27.592+0000] {logging_mixin.py:190} INFO - [2024-08-29T15:01:27.592+0000] {dagbag.py:587} INFO - Filling up the DagBag from /home/airflow/.local/lib/python3.12/site-packages/airflow/example_dags/example_branch_operator_decorator.py
[2024-08-29T15:01:27.607+0000] {processor.py:925} INFO - DAG(s) 'example_branch_python_operator_decorator' retrieved from /home/airflow/.local/lib/python3.12/site-packages/airflow/example_dags/example_branch_operator_decorator.py
[2024-08-29T15:01:27.629+0000] {logging_mixin.py:190} INFO - [2024-08-29T15:01:27.629+0000] {dag.py:3211} INFO - Sync 1 DAGs
[2024-08-29T15:01:27.646+0000] {logging_mixin.py:190} INFO - [2024-08-29T15:01:27.646+0000] {dag.py:4138} INFO - Setting next_dagrun for example_branch_python_operator_decorator to 2024-08-28 00:00:00+00:00, run_after=2024-08-29 00:00:00+00:00
[2024-08-29T15:01:27.663+0000] {processor.py:208} INFO - Processing /home/airflow/.local/lib/python3.12/site-packages/airflow/example_dags/example_branch_operator_decorator.py took 0.081 seconds
[2024-08-29T15:01:58.234+0000] {processor.py:186} INFO - Started process (PID=459) to work on /home/airflow/.local/lib/python3.12/site-packages/airflow/example_dags/example_branch_operator_decorator.py
[2024-08-29T15:01:58.236+0000] {processor.py:914} INFO - Processing file /home/airflow/.local/lib/python3.12/site-packages/airflow/example_dags/example_branch_operator_decorator.py for tasks to queue
[2024-08-29T15:01:58.238+0000] {logging_mixin.py:190} INFO - [2024-08-29T15:01:58.237+0000] {dagbag.py:587} INFO - Filling up the DagBag from /home/airflow/.local/lib/python3.12/site-packages/airflow/example_dags/example_branch_operator_decorator.py
[2024-08-29T15:01:58.253+0000] {processor.py:925} INFO - DAG(s) 'example_branch_python_operator_decorator' retrieved from /home/airflow/.local/lib/python3.12/site-packages/airflow/example_dags/example_branch_operator_decorator.py
[2024-08-29T15:01:58.275+0000] {logging_mixin.py:190} INFO - [2024-08-29T15:01:58.274+0000] {dag.py:3211} INFO - Sync 1 DAGs
[2024-08-29T15:01:58.292+0000] {logging_mixin.py:190} INFO - [2024-08-29T15:01:58.291+0000] {dag.py:4138} INFO - Setting next_dagrun for example_branch_python_operator_decorator to 2024-08-28 00:00:00+00:00, run_after=2024-08-29 00:00:00+00:00
[2024-08-29T15:01:58.309+0000] {processor.py:208} INFO - Processing /home/airflow/.local/lib/python3.12/site-packages/airflow/example_dags/example_branch_operator_decorator.py took 0.079 seconds
[2024-08-29T15:02:28.713+0000] {processor.py:186} INFO - Started process (PID=521) to work on /home/airflow/.local/lib/python3.12/site-packages/airflow/example_dags/example_branch_operator_decorator.py
[2024-08-29T15:02:28.714+0000] {processor.py:914} INFO - Processing file /home/airflow/.local/lib/python3.12/site-packages/airflow/example_dags/example_branch_operator_decorator.py for tasks to queue
[2024-08-29T15:02:28.716+0000] {logging_mixin.py:190} INFO - [2024-08-29T15:02:28.716+0000] {dagbag.py:587} INFO - Filling up the DagBag from /home/airflow/.local/lib/python3.12/site-packages/airflow/example_dags/example_branch_operator_decorator.py
[2024-08-29T15:02:28.734+0000] {processor.py:925} INFO - DAG(s) 'example_branch_python_operator_decorator' retrieved from /home/airflow/.local/lib/python3.12/site-packages/airflow/example_dags/example_branch_operator_decorator.py
[2024-08-29T15:02:28.755+0000] {logging_mixin.py:190} INFO - [2024-08-29T15:02:28.754+0000] {dag.py:3211} INFO - Sync 1 DAGs
[2024-08-29T15:02:28.772+0000] {logging_mixin.py:190} INFO - [2024-08-29T15:02:28.772+0000] {dag.py:4138} INFO - Setting next_dagrun for example_branch_python_operator_decorator to 2024-08-28 00:00:00+00:00, run_after=2024-08-29 00:00:00+00:00
[2024-08-29T15:02:28.801+0000] {processor.py:208} INFO - Processing /home/airflow/.local/lib/python3.12/site-packages/airflow/example_dags/example_branch_operator_decorator.py took 0.094 seconds
[2024-08-29T15:02:59.127+0000] {processor.py:186} INFO - Started process (PID=583) to work on /home/airflow/.local/lib/python3.12/site-packages/airflow/example_dags/example_branch_operator_decorator.py
[2024-08-29T15:02:59.128+0000] {processor.py:914} INFO - Processing file /home/airflow/.local/lib/python3.12/site-packages/airflow/example_dags/example_branch_operator_decorator.py for tasks to queue
[2024-08-29T15:02:59.129+0000] {logging_mixin.py:190} INFO - [2024-08-29T15:02:59.129+0000] {dagbag.py:587} INFO - Filling up the DagBag from /home/airflow/.local/lib/python3.12/site-packages/airflow/example_dags/example_branch_operator_decorator.py
[2024-08-29T15:02:59.143+0000] {processor.py:925} INFO - DAG(s) 'example_branch_python_operator_decorator' retrieved from /home/airflow/.local/lib/python3.12/site-packages/airflow/example_dags/example_branch_operator_decorator.py
[2024-08-29T15:02:59.164+0000] {logging_mixin.py:190} INFO - [2024-08-29T15:02:59.164+0000] {dag.py:3211} INFO - Sync 1 DAGs
[2024-08-29T15:02:59.182+0000] {logging_mixin.py:190} INFO - [2024-08-29T15:02:59.182+0000] {dag.py:4138} INFO - Setting next_dagrun for example_branch_python_operator_decorator to 2024-08-28 00:00:00+00:00, run_after=2024-08-29 00:00:00+00:00
[2024-08-29T15:02:59.204+0000] {processor.py:208} INFO - Processing /home/airflow/.local/lib/python3.12/site-packages/airflow/example_dags/example_branch_operator_decorator.py took 0.082 seconds
[2024-08-29T15:03:29.962+0000] {processor.py:186} INFO - Started process (PID=645) to work on /home/airflow/.local/lib/python3.12/site-packages/airflow/example_dags/example_branch_operator_decorator.py
[2024-08-29T15:03:29.962+0000] {processor.py:914} INFO - Processing file /home/airflow/.local/lib/python3.12/site-packages/airflow/example_dags/example_branch_operator_decorator.py for tasks to queue
[2024-08-29T15:03:29.964+0000] {logging_mixin.py:190} INFO - [2024-08-29T15:03:29.964+0000] {dagbag.py:587} INFO - Filling up the DagBag from /home/airflow/.local/lib/python3.12/site-packages/airflow/example_dags/example_branch_operator_decorator.py
[2024-08-29T15:03:29.982+0000] {processor.py:925} INFO - DAG(s) 'example_branch_python_operator_decorator' retrieved from /home/airflow/.local/lib/python3.12/site-packages/airflow/example_dags/example_branch_operator_decorator.py
[2024-08-29T15:03:30.004+0000] {logging_mixin.py:190} INFO - [2024-08-29T15:03:30.004+0000] {dag.py:3211} INFO - Sync 1 DAGs
[2024-08-29T15:03:30.022+0000] {logging_mixin.py:190} INFO - [2024-08-29T15:03:30.022+0000] {dag.py:4138} INFO - Setting next_dagrun for example_branch_python_operator_decorator to 2024-08-28 00:00:00+00:00, run_after=2024-08-29 00:00:00+00:00
[2024-08-29T15:03:30.040+0000] {processor.py:208} INFO - Processing /home/airflow/.local/lib/python3.12/site-packages/airflow/example_dags/example_branch_operator_decorator.py took 0.083 seconds
[2024-08-29T15:04:00.932+0000] {processor.py:186} INFO - Started process (PID=708) to work on /home/airflow/.local/lib/python3.12/site-packages/airflow/example_dags/example_branch_operator_decorator.py
[2024-08-29T15:04:00.933+0000] {processor.py:914} INFO - Processing file /home/airflow/.local/lib/python3.12/site-packages/airflow/example_dags/example_branch_operator_decorator.py for tasks to queue
[2024-08-29T15:04:00.935+0000] {logging_mixin.py:190} INFO - [2024-08-29T15:04:00.935+0000] {dagbag.py:587} INFO - Filling up the DagBag from /home/airflow/.local/lib/python3.12/site-packages/airflow/example_dags/example_branch_operator_decorator.py
[2024-08-29T15:04:00.949+0000] {processor.py:925} INFO - DAG(s) 'example_branch_python_operator_decorator' retrieved from /home/airflow/.local/lib/python3.12/site-packages/airflow/example_dags/example_branch_operator_decorator.py
[2024-08-29T15:04:00.969+0000] {logging_mixin.py:190} INFO - [2024-08-29T15:04:00.969+0000] {dag.py:3211} INFO - Sync 1 DAGs
[2024-08-29T15:04:00.986+0000] {logging_mixin.py:190} INFO - [2024-08-29T15:04:00.986+0000] {dag.py:4138} INFO - Setting next_dagrun for example_branch_python_operator_decorator to 2024-08-28 00:00:00+00:00, run_after=2024-08-29 00:00:00+00:00
[2024-08-29T15:04:01.001+0000] {processor.py:208} INFO - Processing /home/airflow/.local/lib/python3.12/site-packages/airflow/example_dags/example_branch_operator_decorator.py took 0.073 seconds
[2024-08-29T15:04:31.863+0000] {processor.py:186} INFO - Started process (PID=771) to work on /home/airflow/.local/lib/python3.12/site-packages/airflow/example_dags/example_branch_operator_decorator.py
[2024-08-29T15:04:31.864+0000] {processor.py:914} INFO - Processing file /home/airflow/.local/lib/python3.12/site-packages/airflow/example_dags/example_branch_operator_decorator.py for tasks to queue
[2024-08-29T15:04:31.866+0000] {logging_mixin.py:190} INFO - [2024-08-29T15:04:31.865+0000] {dagbag.py:587} INFO - Filling up the DagBag from /home/airflow/.local/lib/python3.12/site-packages/airflow/example_dags/example_branch_operator_decorator.py
[2024-08-29T15:04:31.880+0000] {processor.py:925} INFO - DAG(s) 'example_branch_python_operator_decorator' retrieved from /home/airflow/.local/lib/python3.12/site-packages/airflow/example_dags/example_branch_operator_decorator.py
[2024-08-29T15:04:31.901+0000] {logging_mixin.py:190} INFO - [2024-08-29T15:04:31.901+0000] {dag.py:3211} INFO - Sync 1 DAGs
[2024-08-29T15:04:31.918+0000] {logging_mixin.py:190} INFO - [2024-08-29T15:04:31.918+0000] {dag.py:4138} INFO - Setting next_dagrun for example_branch_python_operator_decorator to 2024-08-28 00:00:00+00:00, run_after=2024-08-29 00:00:00+00:00
[2024-08-29T15:04:31.936+0000] {processor.py:208} INFO - Processing /home/airflow/.local/lib/python3.12/site-packages/airflow/example_dags/example_branch_operator_decorator.py took 0.077 seconds
[2024-08-29T15:05:02.865+0000] {processor.py:186} INFO - Started process (PID=834) to work on /home/airflow/.local/lib/python3.12/site-packages/airflow/example_dags/example_branch_operator_decorator.py
[2024-08-29T15:05:02.866+0000] {processor.py:914} INFO - Processing file /home/airflow/.local/lib/python3.12/site-packages/airflow/example_dags/example_branch_operator_decorator.py for tasks to queue
[2024-08-29T15:05:02.868+0000] {logging_mixin.py:190} INFO - [2024-08-29T15:05:02.867+0000] {dagbag.py:587} INFO - Filling up the DagBag from /home/airflow/.local/lib/python3.12/site-packages/airflow/example_dags/example_branch_operator_decorator.py
[2024-08-29T15:05:02.882+0000] {processor.py:925} INFO - DAG(s) 'example_branch_python_operator_decorator' retrieved from /home/airflow/.local/lib/python3.12/site-packages/airflow/example_dags/example_branch_operator_decorator.py
[2024-08-29T15:05:02.902+0000] {logging_mixin.py:190} INFO - [2024-08-29T15:05:02.902+0000] {dag.py:3211} INFO - Sync 1 DAGs
[2024-08-29T15:05:02.918+0000] {logging_mixin.py:190} INFO - [2024-08-29T15:05:02.918+0000] {dag.py:4138} INFO - Setting next_dagrun for example_branch_python_operator_decorator to 2024-08-28 00:00:00+00:00, run_after=2024-08-29 00:00:00+00:00
[2024-08-29T15:05:02.934+0000] {processor.py:208} INFO - Processing /home/airflow/.local/lib/python3.12/site-packages/airflow/example_dags/example_branch_operator_decorator.py took 0.073 seconds
[2024-08-29T15:05:33.747+0000] {processor.py:186} INFO - Started process (PID=897) to work on /home/airflow/.local/lib/python3.12/site-packages/airflow/example_dags/example_branch_operator_decorator.py
[2024-08-29T15:05:33.748+0000] {processor.py:914} INFO - Processing file /home/airflow/.local/lib/python3.12/site-packages/airflow/example_dags/example_branch_operator_decorator.py for tasks to queue
[2024-08-29T15:05:33.750+0000] {logging_mixin.py:190} INFO - [2024-08-29T15:05:33.750+0000] {dagbag.py:587} INFO - Filling up the DagBag from /home/airflow/.local/lib/python3.12/site-packages/airflow/example_dags/example_branch_operator_decorator.py
[2024-08-29T15:05:33.766+0000] {processor.py:925} INFO - DAG(s) 'example_branch_python_operator_decorator' retrieved from /home/airflow/.local/lib/python3.12/site-packages/airflow/example_dags/example_branch_operator_decorator.py
[2024-08-29T15:05:33.788+0000] {logging_mixin.py:190} INFO - [2024-08-29T15:05:33.787+0000] {dag.py:3211} INFO - Sync 1 DAGs
[2024-08-29T15:05:33.804+0000] {logging_mixin.py:190} INFO - [2024-08-29T15:05:33.804+0000] {dag.py:4138} INFO - Setting next_dagrun for example_branch_python_operator_decorator to 2024-08-28 00:00:00+00:00, run_after=2024-08-29 00:00:00+00:00
[2024-08-29T15:05:33.821+0000] {processor.py:208} INFO - Processing /home/airflow/.local/lib/python3.12/site-packages/airflow/example_dags/example_branch_operator_decorator.py took 0.078 seconds
[2024-08-29T15:06:04.399+0000] {processor.py:186} INFO - Started process (PID=961) to work on /home/airflow/.local/lib/python3.12/site-packages/airflow/example_dags/example_branch_operator_decorator.py
[2024-08-29T15:06:04.400+0000] {processor.py:914} INFO - Processing file /home/airflow/.local/lib/python3.12/site-packages/airflow/example_dags/example_branch_operator_decorator.py for tasks to queue
[2024-08-29T15:06:04.402+0000] {logging_mixin.py:190} INFO - [2024-08-29T15:06:04.402+0000] {dagbag.py:587} INFO - Filling up the DagBag from /home/airflow/.local/lib/python3.12/site-packages/airflow/example_dags/example_branch_operator_decorator.py
[2024-08-29T15:06:04.417+0000] {processor.py:925} INFO - DAG(s) 'example_branch_python_operator_decorator' retrieved from /home/airflow/.local/lib/python3.12/site-packages/airflow/example_dags/example_branch_operator_decorator.py
[2024-08-29T15:06:04.439+0000] {logging_mixin.py:190} INFO - [2024-08-29T15:06:04.438+0000] {dag.py:3211} INFO - Sync 1 DAGs
[2024-08-29T15:06:04.456+0000] {logging_mixin.py:190} INFO - [2024-08-29T15:06:04.456+0000] {dag.py:4138} INFO - Setting next_dagrun for example_branch_python_operator_decorator to 2024-08-28 00:00:00+00:00, run_after=2024-08-29 00:00:00+00:00
[2024-08-29T15:06:04.473+0000] {processor.py:208} INFO - Processing /home/airflow/.local/lib/python3.12/site-packages/airflow/example_dags/example_branch_operator_decorator.py took 0.079 seconds
[2024-08-29T15:06:34.979+0000] {processor.py:186} INFO - Started process (PID=1024) to work on /home/airflow/.local/lib/python3.12/site-packages/airflow/example_dags/example_branch_operator_decorator.py
[2024-08-29T15:06:34.980+0000] {processor.py:914} INFO - Processing file /home/airflow/.local/lib/python3.12/site-packages/airflow/example_dags/example_branch_operator_decorator.py for tasks to queue
[2024-08-29T15:06:34.982+0000] {logging_mixin.py:190} INFO - [2024-08-29T15:06:34.982+0000] {dagbag.py:587} INFO - Filling up the DagBag from /home/airflow/.local/lib/python3.12/site-packages/airflow/example_dags/example_branch_operator_decorator.py
[2024-08-29T15:06:34.996+0000] {processor.py:925} INFO - DAG(s) 'example_branch_python_operator_decorator' retrieved from /home/airflow/.local/lib/python3.12/site-packages/airflow/example_dags/example_branch_operator_decorator.py
[2024-08-29T15:06:35.017+0000] {logging_mixin.py:190} INFO - [2024-08-29T15:06:35.017+0000] {dag.py:3211} INFO - Sync 1 DAGs
[2024-08-29T15:06:35.033+0000] {logging_mixin.py:190} INFO - [2024-08-29T15:06:35.033+0000] {dag.py:4138} INFO - Setting next_dagrun for example_branch_python_operator_decorator to 2024-08-28 00:00:00+00:00, run_after=2024-08-29 00:00:00+00:00
[2024-08-29T15:06:35.051+0000] {processor.py:208} INFO - Processing /home/airflow/.local/lib/python3.12/site-packages/airflow/example_dags/example_branch_operator_decorator.py took 0.077 seconds
[2024-08-29T15:07:05.513+0000] {processor.py:186} INFO - Started process (PID=1087) to work on /home/airflow/.local/lib/python3.12/site-packages/airflow/example_dags/example_branch_operator_decorator.py
[2024-08-29T15:07:05.518+0000] {processor.py:914} INFO - Processing file /home/airflow/.local/lib/python3.12/site-packages/airflow/example_dags/example_branch_operator_decorator.py for tasks to queue
[2024-08-29T15:07:05.521+0000] {logging_mixin.py:190} INFO - [2024-08-29T15:07:05.521+0000] {dagbag.py:587} INFO - Filling up the DagBag from /home/airflow/.local/lib/python3.12/site-packages/airflow/example_dags/example_branch_operator_decorator.py
[2024-08-29T15:07:05.536+0000] {processor.py:925} INFO - DAG(s) 'example_branch_python_operator_decorator' retrieved from /home/airflow/.local/lib/python3.12/site-packages/airflow/example_dags/example_branch_operator_decorator.py
[2024-08-29T15:07:05.556+0000] {logging_mixin.py:190} INFO - [2024-08-29T15:07:05.556+0000] {dag.py:3211} INFO - Sync 1 DAGs
[2024-08-29T15:07:05.572+0000] {logging_mixin.py:190} INFO - [2024-08-29T15:07:05.572+0000] {dag.py:4138} INFO - Setting next_dagrun for example_branch_python_operator_decorator to 2024-08-28 00:00:00+00:00, run_after=2024-08-29 00:00:00+00:00
[2024-08-29T15:07:05.590+0000] {processor.py:208} INFO - Processing /home/airflow/.local/lib/python3.12/site-packages/airflow/example_dags/example_branch_operator_decorator.py took 0.081 seconds
[2024-08-29T15:07:36.328+0000] {processor.py:186} INFO - Started process (PID=1150) to work on /home/airflow/.local/lib/python3.12/site-packages/airflow/example_dags/example_branch_operator_decorator.py
[2024-08-29T15:07:36.329+0000] {processor.py:914} INFO - Processing file /home/airflow/.local/lib/python3.12/site-packages/airflow/example_dags/example_branch_operator_decorator.py for tasks to queue
[2024-08-29T15:07:36.331+0000] {logging_mixin.py:190} INFO - [2024-08-29T15:07:36.331+0000] {dagbag.py:587} INFO - Filling up the DagBag from /home/airflow/.local/lib/python3.12/site-packages/airflow/example_dags/example_branch_operator_decorator.py
[2024-08-29T15:07:36.345+0000] {processor.py:925} INFO - DAG(s) 'example_branch_python_operator_decorator' retrieved from /home/airflow/.local/lib/python3.12/site-packages/airflow/example_dags/example_branch_operator_decorator.py
[2024-08-29T15:07:36.370+0000] {logging_mixin.py:190} INFO - [2024-08-29T15:07:36.370+0000] {dag.py:3211} INFO - Sync 1 DAGs
[2024-08-29T15:07:36.387+0000] {logging_mixin.py:190} INFO - [2024-08-29T15:07:36.387+0000] {dag.py:4138} INFO - Setting next_dagrun for example_branch_python_operator_decorator to 2024-08-28 00:00:00+00:00, run_after=2024-08-29 00:00:00+00:00
[2024-08-29T15:07:36.404+0000] {processor.py:208} INFO - Processing /home/airflow/.local/lib/python3.12/site-packages/airflow/example_dags/example_branch_operator_decorator.py took 0.079 seconds
[2024-08-29T15:08:06.676+0000] {processor.py:186} INFO - Started process (PID=1213) to work on /home/airflow/.local/lib/python3.12/site-packages/airflow/example_dags/example_branch_operator_decorator.py
[2024-08-29T15:08:06.677+0000] {processor.py:914} INFO - Processing file /home/airflow/.local/lib/python3.12/site-packages/airflow/example_dags/example_branch_operator_decorator.py for tasks to queue
[2024-08-29T15:08:06.678+0000] {logging_mixin.py:190} INFO - [2024-08-29T15:08:06.678+0000] {dagbag.py:587} INFO - Filling up the DagBag from /home/airflow/.local/lib/python3.12/site-packages/airflow/example_dags/example_branch_operator_decorator.py
[2024-08-29T15:08:06.693+0000] {processor.py:925} INFO - DAG(s) 'example_branch_python_operator_decorator' retrieved from /home/airflow/.local/lib/python3.12/site-packages/airflow/example_dags/example_branch_operator_decorator.py
[2024-08-29T15:08:06.711+0000] {logging_mixin.py:190} INFO - [2024-08-29T15:08:06.711+0000] {dag.py:3211} INFO - Sync 1 DAGs
[2024-08-29T15:08:06.728+0000] {logging_mixin.py:190} INFO - [2024-08-29T15:08:06.728+0000] {dag.py:4138} INFO - Setting next_dagrun for example_branch_python_operator_decorator to 2024-08-28 00:00:00+00:00, run_after=2024-08-29 00:00:00+00:00
[2024-08-29T15:08:06.745+0000] {processor.py:208} INFO - Processing /home/airflow/.local/lib/python3.12/site-packages/airflow/example_dags/example_branch_operator_decorator.py took 0.073 seconds
[2024-08-29T15:08:37.219+0000] {processor.py:186} INFO - Started process (PID=1276) to work on /home/airflow/.local/lib/python3.12/site-packages/airflow/example_dags/example_branch_operator_decorator.py
[2024-08-29T15:08:37.220+0000] {processor.py:914} INFO - Processing file /home/airflow/.local/lib/python3.12/site-packages/airflow/example_dags/example_branch_operator_decorator.py for tasks to queue
[2024-08-29T15:08:37.222+0000] {logging_mixin.py:190} INFO - [2024-08-29T15:08:37.222+0000] {dagbag.py:587} INFO - Filling up the DagBag from /home/airflow/.local/lib/python3.12/site-packages/airflow/example_dags/example_branch_operator_decorator.py
[2024-08-29T15:08:37.236+0000] {processor.py:925} INFO - DAG(s) 'example_branch_python_operator_decorator' retrieved from /home/airflow/.local/lib/python3.12/site-packages/airflow/example_dags/example_branch_operator_decorator.py
[2024-08-29T15:08:37.255+0000] {logging_mixin.py:190} INFO - [2024-08-29T15:08:37.255+0000] {dag.py:3211} INFO - Sync 1 DAGs
[2024-08-29T15:08:37.272+0000] {logging_mixin.py:190} INFO - [2024-08-29T15:08:37.271+0000] {dag.py:4138} INFO - Setting next_dagrun for example_branch_python_operator_decorator to 2024-08-28 00:00:00+00:00, run_after=2024-08-29 00:00:00+00:00
[2024-08-29T15:08:37.288+0000] {processor.py:208} INFO - Processing /home/airflow/.local/lib/python3.12/site-packages/airflow/example_dags/example_branch_operator_decorator.py took 0.073 seconds
[2024-08-29T15:09:07.818+0000] {processor.py:186} INFO - Started process (PID=1339) to work on /home/airflow/.local/lib/python3.12/site-packages/airflow/example_dags/example_branch_operator_decorator.py
[2024-08-29T15:09:07.819+0000] {processor.py:914} INFO - Processing file /home/airflow/.local/lib/python3.12/site-packages/airflow/example_dags/example_branch_operator_decorator.py for tasks to queue
[2024-08-29T15:09:07.821+0000] {logging_mixin.py:190} INFO - [2024-08-29T15:09:07.820+0000] {dagbag.py:587} INFO - Filling up the DagBag from /home/airflow/.local/lib/python3.12/site-packages/airflow/example_dags/example_branch_operator_decorator.py
[2024-08-29T15:09:07.836+0000] {processor.py:925} INFO - DAG(s) 'example_branch_python_operator_decorator' retrieved from /home/airflow/.local/lib/python3.12/site-packages/airflow/example_dags/example_branch_operator_decorator.py
[2024-08-29T15:09:07.856+0000] {logging_mixin.py:190} INFO - [2024-08-29T15:09:07.856+0000] {dag.py:3211} INFO - Sync 1 DAGs
[2024-08-29T15:09:07.872+0000] {logging_mixin.py:190} INFO - [2024-08-29T15:09:07.871+0000] {dag.py:4138} INFO - Setting next_dagrun for example_branch_python_operator_decorator to 2024-08-28 00:00:00+00:00, run_after=2024-08-29 00:00:00+00:00
[2024-08-29T15:09:07.890+0000] {processor.py:208} INFO - Processing /home/airflow/.local/lib/python3.12/site-packages/airflow/example_dags/example_branch_operator_decorator.py took 0.076 seconds
[2024-08-29T15:09:38.748+0000] {processor.py:186} INFO - Started process (PID=1403) to work on /home/airflow/.local/lib/python3.12/site-packages/airflow/example_dags/example_branch_operator_decorator.py
[2024-08-29T15:09:38.749+0000] {processor.py:914} INFO - Processing file /home/airflow/.local/lib/python3.12/site-packages/airflow/example_dags/example_branch_operator_decorator.py for tasks to queue
[2024-08-29T15:09:38.751+0000] {logging_mixin.py:190} INFO - [2024-08-29T15:09:38.751+0000] {dagbag.py:587} INFO - Filling up the DagBag from /home/airflow/.local/lib/python3.12/site-packages/airflow/example_dags/example_branch_operator_decorator.py
[2024-08-29T15:09:38.767+0000] {processor.py:925} INFO - DAG(s) 'example_branch_python_operator_decorator' retrieved from /home/airflow/.local/lib/python3.12/site-packages/airflow/example_dags/example_branch_operator_decorator.py
[2024-08-29T15:09:38.789+0000] {logging_mixin.py:190} INFO - [2024-08-29T15:09:38.789+0000] {dag.py:3211} INFO - Sync 1 DAGs
[2024-08-29T15:09:38.806+0000] {logging_mixin.py:190} INFO - [2024-08-29T15:09:38.806+0000] {dag.py:4138} INFO - Setting next_dagrun for example_branch_python_operator_decorator to 2024-08-28 00:00:00+00:00, run_after=2024-08-29 00:00:00+00:00
[2024-08-29T15:09:38.822+0000] {processor.py:208} INFO - Processing /home/airflow/.local/lib/python3.12/site-packages/airflow/example_dags/example_branch_operator_decorator.py took 0.079 seconds
[2024-08-29T15:10:09.440+0000] {processor.py:186} INFO - Started process (PID=1466) to work on /home/airflow/.local/lib/python3.12/site-packages/airflow/example_dags/example_branch_operator_decorator.py
[2024-08-29T15:10:09.441+0000] {processor.py:914} INFO - Processing file /home/airflow/.local/lib/python3.12/site-packages/airflow/example_dags/example_branch_operator_decorator.py for tasks to queue
[2024-08-29T15:10:09.443+0000] {logging_mixin.py:190} INFO - [2024-08-29T15:10:09.443+0000] {dagbag.py:587} INFO - Filling up the DagBag from /home/airflow/.local/lib/python3.12/site-packages/airflow/example_dags/example_branch_operator_decorator.py
[2024-08-29T15:10:09.458+0000] {processor.py:925} INFO - DAG(s) 'example_branch_python_operator_decorator' retrieved from /home/airflow/.local/lib/python3.12/site-packages/airflow/example_dags/example_branch_operator_decorator.py
[2024-08-29T15:10:09.478+0000] {logging_mixin.py:190} INFO - [2024-08-29T15:10:09.478+0000] {dag.py:3211} INFO - Sync 1 DAGs
[2024-08-29T15:10:09.494+0000] {logging_mixin.py:190} INFO - [2024-08-29T15:10:09.494+0000] {dag.py:4138} INFO - Setting next_dagrun for example_branch_python_operator_decorator to 2024-08-28 00:00:00+00:00, run_after=2024-08-29 00:00:00+00:00
[2024-08-29T15:10:09.508+0000] {processor.py:208} INFO - Processing /home/airflow/.local/lib/python3.12/site-packages/airflow/example_dags/example_branch_operator_decorator.py took 0.074 seconds
[2024-08-29T15:11:16.183+0000] {processor.py:186} INFO - Started process (PID=82) to work on /home/airflow/.local/lib/python3.12/site-packages/airflow/example_dags/example_branch_operator_decorator.py
[2024-08-29T15:11:16.184+0000] {processor.py:914} INFO - Processing file /home/airflow/.local/lib/python3.12/site-packages/airflow/example_dags/example_branch_operator_decorator.py for tasks to queue
[2024-08-29T15:11:16.186+0000] {logging_mixin.py:190} INFO - [2024-08-29T15:11:16.186+0000] {dagbag.py:587} INFO - Filling up the DagBag from /home/airflow/.local/lib/python3.12/site-packages/airflow/example_dags/example_branch_operator_decorator.py
[2024-08-29T15:11:16.208+0000] {processor.py:925} INFO - DAG(s) 'example_branch_python_operator_decorator' retrieved from /home/airflow/.local/lib/python3.12/site-packages/airflow/example_dags/example_branch_operator_decorator.py
[2024-08-29T15:11:16.358+0000] {logging_mixin.py:190} INFO - [2024-08-29T15:11:16.358+0000] {dag.py:3211} INFO - Sync 1 DAGs
[2024-08-29T15:11:16.373+0000] {logging_mixin.py:190} INFO - [2024-08-29T15:11:16.373+0000] {dag.py:4138} INFO - Setting next_dagrun for example_branch_python_operator_decorator to 2024-08-28 00:00:00+00:00, run_after=2024-08-29 00:00:00+00:00
[2024-08-29T15:11:16.392+0000] {processor.py:208} INFO - Processing /home/airflow/.local/lib/python3.12/site-packages/airflow/example_dags/example_branch_operator_decorator.py took 0.214 seconds
[2024-08-29T15:11:47.211+0000] {processor.py:186} INFO - Started process (PID=146) to work on /home/airflow/.local/lib/python3.12/site-packages/airflow/example_dags/example_branch_operator_decorator.py
[2024-08-29T15:11:47.212+0000] {processor.py:914} INFO - Processing file /home/airflow/.local/lib/python3.12/site-packages/airflow/example_dags/example_branch_operator_decorator.py for tasks to queue
[2024-08-29T15:11:47.214+0000] {logging_mixin.py:190} INFO - [2024-08-29T15:11:47.214+0000] {dagbag.py:587} INFO - Filling up the DagBag from /home/airflow/.local/lib/python3.12/site-packages/airflow/example_dags/example_branch_operator_decorator.py
[2024-08-29T15:11:47.230+0000] {processor.py:925} INFO - DAG(s) 'example_branch_python_operator_decorator' retrieved from /home/airflow/.local/lib/python3.12/site-packages/airflow/example_dags/example_branch_operator_decorator.py
[2024-08-29T15:11:47.253+0000] {logging_mixin.py:190} INFO - [2024-08-29T15:11:47.252+0000] {dag.py:3211} INFO - Sync 1 DAGs
[2024-08-29T15:11:47.275+0000] {logging_mixin.py:190} INFO - [2024-08-29T15:11:47.274+0000] {dag.py:4138} INFO - Setting next_dagrun for example_branch_python_operator_decorator to 2024-08-28 00:00:00+00:00, run_after=2024-08-29 00:00:00+00:00
[2024-08-29T15:11:47.290+0000] {processor.py:208} INFO - Processing /home/airflow/.local/lib/python3.12/site-packages/airflow/example_dags/example_branch_operator_decorator.py took 0.084 seconds
[2024-08-29T15:12:18.053+0000] {processor.py:186} INFO - Started process (PID=209) to work on /home/airflow/.local/lib/python3.12/site-packages/airflow/example_dags/example_branch_operator_decorator.py
[2024-08-29T15:12:18.054+0000] {processor.py:914} INFO - Processing file /home/airflow/.local/lib/python3.12/site-packages/airflow/example_dags/example_branch_operator_decorator.py for tasks to queue
[2024-08-29T15:12:18.056+0000] {logging_mixin.py:190} INFO - [2024-08-29T15:12:18.055+0000] {dagbag.py:587} INFO - Filling up the DagBag from /home/airflow/.local/lib/python3.12/site-packages/airflow/example_dags/example_branch_operator_decorator.py
[2024-08-29T15:12:18.075+0000] {processor.py:925} INFO - DAG(s) 'example_branch_python_operator_decorator' retrieved from /home/airflow/.local/lib/python3.12/site-packages/airflow/example_dags/example_branch_operator_decorator.py
[2024-08-29T15:12:18.097+0000] {logging_mixin.py:190} INFO - [2024-08-29T15:12:18.097+0000] {dag.py:3211} INFO - Sync 1 DAGs
[2024-08-29T15:12:18.115+0000] {logging_mixin.py:190} INFO - [2024-08-29T15:12:18.115+0000] {dag.py:4138} INFO - Setting next_dagrun for example_branch_python_operator_decorator to 2024-08-28 00:00:00+00:00, run_after=2024-08-29 00:00:00+00:00
[2024-08-29T15:12:18.132+0000] {processor.py:208} INFO - Processing /home/airflow/.local/lib/python3.12/site-packages/airflow/example_dags/example_branch_operator_decorator.py took 0.085 seconds
[2024-08-29T15:12:49.194+0000] {processor.py:186} INFO - Started process (PID=278) to work on /home/airflow/.local/lib/python3.12/site-packages/airflow/example_dags/example_branch_operator_decorator.py
[2024-08-29T15:12:49.196+0000] {processor.py:914} INFO - Processing file /home/airflow/.local/lib/python3.12/site-packages/airflow/example_dags/example_branch_operator_decorator.py for tasks to queue
[2024-08-29T15:12:49.198+0000] {logging_mixin.py:190} INFO - [2024-08-29T15:12:49.198+0000] {dagbag.py:587} INFO - Filling up the DagBag from /home/airflow/.local/lib/python3.12/site-packages/airflow/example_dags/example_branch_operator_decorator.py
[2024-08-29T15:12:49.216+0000] {processor.py:925} INFO - DAG(s) 'example_branch_python_operator_decorator' retrieved from /home/airflow/.local/lib/python3.12/site-packages/airflow/example_dags/example_branch_operator_decorator.py
[2024-08-29T15:12:49.239+0000] {logging_mixin.py:190} INFO - [2024-08-29T15:12:49.238+0000] {dag.py:3211} INFO - Sync 1 DAGs
[2024-08-29T15:12:49.258+0000] {logging_mixin.py:190} INFO - [2024-08-29T15:12:49.258+0000] {dag.py:4138} INFO - Setting next_dagrun for example_branch_python_operator_decorator to 2024-08-28 00:00:00+00:00, run_after=2024-08-29 00:00:00+00:00
[2024-08-29T15:12:49.277+0000] {processor.py:208} INFO - Processing /home/airflow/.local/lib/python3.12/site-packages/airflow/example_dags/example_branch_operator_decorator.py took 0.088 seconds
[2024-08-29T15:13:19.552+0000] {processor.py:186} INFO - Started process (PID=341) to work on /home/airflow/.local/lib/python3.12/site-packages/airflow/example_dags/example_branch_operator_decorator.py
[2024-08-29T15:13:19.553+0000] {processor.py:914} INFO - Processing file /home/airflow/.local/lib/python3.12/site-packages/airflow/example_dags/example_branch_operator_decorator.py for tasks to queue
[2024-08-29T15:13:19.556+0000] {logging_mixin.py:190} INFO - [2024-08-29T15:13:19.555+0000] {dagbag.py:587} INFO - Filling up the DagBag from /home/airflow/.local/lib/python3.12/site-packages/airflow/example_dags/example_branch_operator_decorator.py
[2024-08-29T15:13:19.574+0000] {processor.py:925} INFO - DAG(s) 'example_branch_python_operator_decorator' retrieved from /home/airflow/.local/lib/python3.12/site-packages/airflow/example_dags/example_branch_operator_decorator.py
[2024-08-29T15:13:19.595+0000] {logging_mixin.py:190} INFO - [2024-08-29T15:13:19.595+0000] {dag.py:3211} INFO - Sync 1 DAGs
[2024-08-29T15:13:19.614+0000] {logging_mixin.py:190} INFO - [2024-08-29T15:13:19.614+0000] {dag.py:4138} INFO - Setting next_dagrun for example_branch_python_operator_decorator to 2024-08-28 00:00:00+00:00, run_after=2024-08-29 00:00:00+00:00
[2024-08-29T15:13:19.631+0000] {processor.py:208} INFO - Processing /home/airflow/.local/lib/python3.12/site-packages/airflow/example_dags/example_branch_operator_decorator.py took 0.083 seconds
[2024-08-29T15:13:50.246+0000] {processor.py:186} INFO - Started process (PID=404) to work on /home/airflow/.local/lib/python3.12/site-packages/airflow/example_dags/example_branch_operator_decorator.py
[2024-08-29T15:13:50.247+0000] {processor.py:914} INFO - Processing file /home/airflow/.local/lib/python3.12/site-packages/airflow/example_dags/example_branch_operator_decorator.py for tasks to queue
[2024-08-29T15:13:50.249+0000] {logging_mixin.py:190} INFO - [2024-08-29T15:13:50.249+0000] {dagbag.py:587} INFO - Filling up the DagBag from /home/airflow/.local/lib/python3.12/site-packages/airflow/example_dags/example_branch_operator_decorator.py
[2024-08-29T15:13:50.265+0000] {processor.py:925} INFO - DAG(s) 'example_branch_python_operator_decorator' retrieved from /home/airflow/.local/lib/python3.12/site-packages/airflow/example_dags/example_branch_operator_decorator.py
[2024-08-29T15:13:50.285+0000] {logging_mixin.py:190} INFO - [2024-08-29T15:13:50.285+0000] {dag.py:3211} INFO - Sync 1 DAGs
[2024-08-29T15:13:50.303+0000] {logging_mixin.py:190} INFO - [2024-08-29T15:13:50.303+0000] {dag.py:4138} INFO - Setting next_dagrun for example_branch_python_operator_decorator to 2024-08-28 00:00:00+00:00, run_after=2024-08-29 00:00:00+00:00
[2024-08-29T15:13:50.322+0000] {processor.py:208} INFO - Processing /home/airflow/.local/lib/python3.12/site-packages/airflow/example_dags/example_branch_operator_decorator.py took 0.079 seconds
[2024-08-29T15:14:20.761+0000] {processor.py:186} INFO - Started process (PID=467) to work on /home/airflow/.local/lib/python3.12/site-packages/airflow/example_dags/example_branch_operator_decorator.py
[2024-08-29T15:14:20.762+0000] {processor.py:914} INFO - Processing file /home/airflow/.local/lib/python3.12/site-packages/airflow/example_dags/example_branch_operator_decorator.py for tasks to queue
[2024-08-29T15:14:20.764+0000] {logging_mixin.py:190} INFO - [2024-08-29T15:14:20.763+0000] {dagbag.py:587} INFO - Filling up the DagBag from /home/airflow/.local/lib/python3.12/site-packages/airflow/example_dags/example_branch_operator_decorator.py
[2024-08-29T15:14:20.778+0000] {processor.py:925} INFO - DAG(s) 'example_branch_python_operator_decorator' retrieved from /home/airflow/.local/lib/python3.12/site-packages/airflow/example_dags/example_branch_operator_decorator.py
[2024-08-29T15:14:20.799+0000] {logging_mixin.py:190} INFO - [2024-08-29T15:14:20.799+0000] {dag.py:3211} INFO - Sync 1 DAGs
[2024-08-29T15:14:20.816+0000] {logging_mixin.py:190} INFO - [2024-08-29T15:14:20.816+0000] {dag.py:4138} INFO - Setting next_dagrun for example_branch_python_operator_decorator to 2024-08-28 00:00:00+00:00, run_after=2024-08-29 00:00:00+00:00
[2024-08-29T15:14:20.832+0000] {processor.py:208} INFO - Processing /home/airflow/.local/lib/python3.12/site-packages/airflow/example_dags/example_branch_operator_decorator.py took 0.075 seconds
[2024-08-29T15:14:51.572+0000] {processor.py:186} INFO - Started process (PID=530) to work on /home/airflow/.local/lib/python3.12/site-packages/airflow/example_dags/example_branch_operator_decorator.py
[2024-08-29T15:14:51.573+0000] {processor.py:914} INFO - Processing file /home/airflow/.local/lib/python3.12/site-packages/airflow/example_dags/example_branch_operator_decorator.py for tasks to queue
[2024-08-29T15:14:51.575+0000] {logging_mixin.py:190} INFO - [2024-08-29T15:14:51.575+0000] {dagbag.py:587} INFO - Filling up the DagBag from /home/airflow/.local/lib/python3.12/site-packages/airflow/example_dags/example_branch_operator_decorator.py
[2024-08-29T15:14:51.591+0000] {processor.py:925} INFO - DAG(s) 'example_branch_python_operator_decorator' retrieved from /home/airflow/.local/lib/python3.12/site-packages/airflow/example_dags/example_branch_operator_decorator.py
[2024-08-29T15:14:51.612+0000] {logging_mixin.py:190} INFO - [2024-08-29T15:14:51.611+0000] {dag.py:3211} INFO - Sync 1 DAGs
[2024-08-29T15:14:51.628+0000] {logging_mixin.py:190} INFO - [2024-08-29T15:14:51.628+0000] {dag.py:4138} INFO - Setting next_dagrun for example_branch_python_operator_decorator to 2024-08-28 00:00:00+00:00, run_after=2024-08-29 00:00:00+00:00
[2024-08-29T15:14:51.644+0000] {processor.py:208} INFO - Processing /home/airflow/.local/lib/python3.12/site-packages/airflow/example_dags/example_branch_operator_decorator.py took 0.077 seconds
[2024-08-29T15:15:22.971+0000] {processor.py:186} INFO - Started process (PID=593) to work on /home/airflow/.local/lib/python3.12/site-packages/airflow/example_dags/example_branch_operator_decorator.py
[2024-08-29T15:15:22.972+0000] {processor.py:914} INFO - Processing file /home/airflow/.local/lib/python3.12/site-packages/airflow/example_dags/example_branch_operator_decorator.py for tasks to queue
[2024-08-29T15:15:22.974+0000] {logging_mixin.py:190} INFO - [2024-08-29T15:15:22.974+0000] {dagbag.py:587} INFO - Filling up the DagBag from /home/airflow/.local/lib/python3.12/site-packages/airflow/example_dags/example_branch_operator_decorator.py
[2024-08-29T15:15:22.989+0000] {processor.py:925} INFO - DAG(s) 'example_branch_python_operator_decorator' retrieved from /home/airflow/.local/lib/python3.12/site-packages/airflow/example_dags/example_branch_operator_decorator.py
[2024-08-29T15:15:23.010+0000] {logging_mixin.py:190} INFO - [2024-08-29T15:15:23.010+0000] {dag.py:3211} INFO - Sync 1 DAGs
[2024-08-29T15:15:23.028+0000] {logging_mixin.py:190} INFO - [2024-08-29T15:15:23.028+0000] {dag.py:4138} INFO - Setting next_dagrun for example_branch_python_operator_decorator to 2024-08-28 00:00:00+00:00, run_after=2024-08-29 00:00:00+00:00
[2024-08-29T15:15:23.047+0000] {processor.py:208} INFO - Processing /home/airflow/.local/lib/python3.12/site-packages/airflow/example_dags/example_branch_operator_decorator.py took 0.081 seconds
[2024-08-29T15:15:53.155+0000] {processor.py:186} INFO - Started process (PID=656) to work on /home/airflow/.local/lib/python3.12/site-packages/airflow/example_dags/example_branch_operator_decorator.py
[2024-08-29T15:15:53.156+0000] {processor.py:914} INFO - Processing file /home/airflow/.local/lib/python3.12/site-packages/airflow/example_dags/example_branch_operator_decorator.py for tasks to queue
[2024-08-29T15:15:53.158+0000] {logging_mixin.py:190} INFO - [2024-08-29T15:15:53.158+0000] {dagbag.py:587} INFO - Filling up the DagBag from /home/airflow/.local/lib/python3.12/site-packages/airflow/example_dags/example_branch_operator_decorator.py
[2024-08-29T15:15:53.173+0000] {processor.py:925} INFO - DAG(s) 'example_branch_python_operator_decorator' retrieved from /home/airflow/.local/lib/python3.12/site-packages/airflow/example_dags/example_branch_operator_decorator.py
[2024-08-29T15:15:53.195+0000] {logging_mixin.py:190} INFO - [2024-08-29T15:15:53.195+0000] {dag.py:3211} INFO - Sync 1 DAGs
[2024-08-29T15:15:53.211+0000] {logging_mixin.py:190} INFO - [2024-08-29T15:15:53.211+0000] {dag.py:4138} INFO - Setting next_dagrun for example_branch_python_operator_decorator to 2024-08-28 00:00:00+00:00, run_after=2024-08-29 00:00:00+00:00
[2024-08-29T15:15:53.228+0000] {processor.py:208} INFO - Processing /home/airflow/.local/lib/python3.12/site-packages/airflow/example_dags/example_branch_operator_decorator.py took 0.077 seconds
