[2024-08-29T14:58:52.602+0000] {processor.py:186} INFO - Started process (PID=73) to work on /home/airflow/.local/lib/python3.12/site-packages/airflow/example_dags/example_bash_operator.py
[2024-08-29T14:58:52.603+0000] {processor.py:914} INFO - Processing file /home/airflow/.local/lib/python3.12/site-packages/airflow/example_dags/example_bash_operator.py for tasks to queue
[2024-08-29T14:58:52.605+0000] {logging_mixin.py:190} INFO - [2024-08-29T14:58:52.605+0000] {dagbag.py:587} INFO - Filling up the DagBag from /home/airflow/.local/lib/python3.12/site-packages/airflow/example_dags/example_bash_operator.py
[2024-08-29T14:58:52.619+0000] {processor.py:925} INFO - DAG(s) 'example_bash_operator' retrieved from /home/airflow/.local/lib/python3.12/site-packages/airflow/example_dags/example_bash_operator.py
[2024-08-29T14:58:52.644+0000] {logging_mixin.py:190} INFO - [2024-08-29T14:58:52.644+0000] {dag.py:3211} INFO - Sync 1 DAGs
[2024-08-29T14:58:52.661+0000] {logging_mixin.py:190} INFO - [2024-08-29T14:58:52.661+0000] {dag.py:4138} INFO - Setting next_dagrun for example_bash_operator to 2024-08-28 00:00:00+00:00, run_after=2024-08-29 00:00:00+00:00
[2024-08-29T14:58:52.676+0000] {processor.py:208} INFO - Processing /home/airflow/.local/lib/python3.12/site-packages/airflow/example_dags/example_bash_operator.py took 0.079 seconds
[2024-08-29T14:59:23.575+0000] {processor.py:186} INFO - Started process (PID=136) to work on /home/airflow/.local/lib/python3.12/site-packages/airflow/example_dags/example_bash_operator.py
[2024-08-29T14:59:23.577+0000] {processor.py:914} INFO - Processing file /home/airflow/.local/lib/python3.12/site-packages/airflow/example_dags/example_bash_operator.py for tasks to queue
[2024-08-29T14:59:23.579+0000] {logging_mixin.py:190} INFO - [2024-08-29T14:59:23.579+0000] {dagbag.py:587} INFO - Filling up the DagBag from /home/airflow/.local/lib/python3.12/site-packages/airflow/example_dags/example_bash_operator.py
[2024-08-29T14:59:23.590+0000] {processor.py:925} INFO - DAG(s) 'example_bash_operator' retrieved from /home/airflow/.local/lib/python3.12/site-packages/airflow/example_dags/example_bash_operator.py
[2024-08-29T14:59:23.612+0000] {logging_mixin.py:190} INFO - [2024-08-29T14:59:23.612+0000] {dag.py:3211} INFO - Sync 1 DAGs
[2024-08-29T14:59:23.633+0000] {logging_mixin.py:190} INFO - [2024-08-29T14:59:23.632+0000] {dag.py:4138} INFO - Setting next_dagrun for example_bash_operator to 2024-08-28 00:00:00+00:00, run_after=2024-08-29 00:00:00+00:00
[2024-08-29T14:59:23.658+0000] {processor.py:208} INFO - Processing /home/airflow/.local/lib/python3.12/site-packages/airflow/example_dags/example_bash_operator.py took 0.087 seconds
[2024-08-29T14:59:54.322+0000] {processor.py:186} INFO - Started process (PID=198) to work on /home/airflow/.local/lib/python3.12/site-packages/airflow/example_dags/example_bash_operator.py
[2024-08-29T14:59:54.323+0000] {processor.py:914} INFO - Processing file /home/airflow/.local/lib/python3.12/site-packages/airflow/example_dags/example_bash_operator.py for tasks to queue
[2024-08-29T14:59:54.325+0000] {logging_mixin.py:190} INFO - [2024-08-29T14:59:54.324+0000] {dagbag.py:587} INFO - Filling up the DagBag from /home/airflow/.local/lib/python3.12/site-packages/airflow/example_dags/example_bash_operator.py
[2024-08-29T14:59:54.333+0000] {processor.py:925} INFO - DAG(s) 'example_bash_operator' retrieved from /home/airflow/.local/lib/python3.12/site-packages/airflow/example_dags/example_bash_operator.py
[2024-08-29T14:59:54.351+0000] {logging_mixin.py:190} INFO - [2024-08-29T14:59:54.351+0000] {dag.py:3211} INFO - Sync 1 DAGs
[2024-08-29T14:59:54.366+0000] {logging_mixin.py:190} INFO - [2024-08-29T14:59:54.366+0000] {dag.py:4138} INFO - Setting next_dagrun for example_bash_operator to 2024-08-28 00:00:00+00:00, run_after=2024-08-29 00:00:00+00:00
[2024-08-29T14:59:54.382+0000] {processor.py:208} INFO - Processing /home/airflow/.local/lib/python3.12/site-packages/airflow/example_dags/example_bash_operator.py took 0.065 seconds
[2024-08-29T15:00:24.482+0000] {processor.py:186} INFO - Started process (PID=260) to work on /home/airflow/.local/lib/python3.12/site-packages/airflow/example_dags/example_bash_operator.py
[2024-08-29T15:00:24.483+0000] {processor.py:914} INFO - Processing file /home/airflow/.local/lib/python3.12/site-packages/airflow/example_dags/example_bash_operator.py for tasks to queue
[2024-08-29T15:00:24.486+0000] {logging_mixin.py:190} INFO - [2024-08-29T15:00:24.486+0000] {dagbag.py:587} INFO - Filling up the DagBag from /home/airflow/.local/lib/python3.12/site-packages/airflow/example_dags/example_bash_operator.py
[2024-08-29T15:00:24.498+0000] {processor.py:925} INFO - DAG(s) 'example_bash_operator' retrieved from /home/airflow/.local/lib/python3.12/site-packages/airflow/example_dags/example_bash_operator.py
[2024-08-29T15:00:24.522+0000] {logging_mixin.py:190} INFO - [2024-08-29T15:00:24.521+0000] {dag.py:3211} INFO - Sync 1 DAGs
[2024-08-29T15:00:24.546+0000] {logging_mixin.py:190} INFO - [2024-08-29T15:00:24.546+0000] {dag.py:4138} INFO - Setting next_dagrun for example_bash_operator to 2024-08-28 00:00:00+00:00, run_after=2024-08-29 00:00:00+00:00
[2024-08-29T15:00:24.565+0000] {processor.py:208} INFO - Processing /home/airflow/.local/lib/python3.12/site-packages/airflow/example_dags/example_bash_operator.py took 0.088 seconds
[2024-08-29T15:00:55.497+0000] {processor.py:186} INFO - Started process (PID=328) to work on /home/airflow/.local/lib/python3.12/site-packages/airflow/example_dags/example_bash_operator.py
[2024-08-29T15:00:55.498+0000] {processor.py:914} INFO - Processing file /home/airflow/.local/lib/python3.12/site-packages/airflow/example_dags/example_bash_operator.py for tasks to queue
[2024-08-29T15:00:55.500+0000] {logging_mixin.py:190} INFO - [2024-08-29T15:00:55.500+0000] {dagbag.py:587} INFO - Filling up the DagBag from /home/airflow/.local/lib/python3.12/site-packages/airflow/example_dags/example_bash_operator.py
[2024-08-29T15:00:55.510+0000] {processor.py:925} INFO - DAG(s) 'example_bash_operator' retrieved from /home/airflow/.local/lib/python3.12/site-packages/airflow/example_dags/example_bash_operator.py
[2024-08-29T15:00:55.531+0000] {logging_mixin.py:190} INFO - [2024-08-29T15:00:55.531+0000] {dag.py:3211} INFO - Sync 1 DAGs
[2024-08-29T15:00:55.549+0000] {logging_mixin.py:190} INFO - [2024-08-29T15:00:55.549+0000] {dag.py:4138} INFO - Setting next_dagrun for example_bash_operator to 2024-08-28 00:00:00+00:00, run_after=2024-08-29 00:00:00+00:00
[2024-08-29T15:00:55.569+0000] {processor.py:208} INFO - Processing /home/airflow/.local/lib/python3.12/site-packages/airflow/example_dags/example_bash_operator.py took 0.077 seconds
[2024-08-29T15:01:26.240+0000] {processor.py:186} INFO - Started process (PID=390) to work on /home/airflow/.local/lib/python3.12/site-packages/airflow/example_dags/example_bash_operator.py
[2024-08-29T15:01:26.241+0000] {processor.py:914} INFO - Processing file /home/airflow/.local/lib/python3.12/site-packages/airflow/example_dags/example_bash_operator.py for tasks to queue
[2024-08-29T15:01:26.243+0000] {logging_mixin.py:190} INFO - [2024-08-29T15:01:26.243+0000] {dagbag.py:587} INFO - Filling up the DagBag from /home/airflow/.local/lib/python3.12/site-packages/airflow/example_dags/example_bash_operator.py
[2024-08-29T15:01:26.252+0000] {processor.py:925} INFO - DAG(s) 'example_bash_operator' retrieved from /home/airflow/.local/lib/python3.12/site-packages/airflow/example_dags/example_bash_operator.py
[2024-08-29T15:01:26.270+0000] {logging_mixin.py:190} INFO - [2024-08-29T15:01:26.270+0000] {dag.py:3211} INFO - Sync 1 DAGs
[2024-08-29T15:01:26.286+0000] {logging_mixin.py:190} INFO - [2024-08-29T15:01:26.286+0000] {dag.py:4138} INFO - Setting next_dagrun for example_bash_operator to 2024-08-28 00:00:00+00:00, run_after=2024-08-29 00:00:00+00:00
[2024-08-29T15:01:26.301+0000] {processor.py:208} INFO - Processing /home/airflow/.local/lib/python3.12/site-packages/airflow/example_dags/example_bash_operator.py took 0.065 seconds
[2024-08-29T15:01:56.816+0000] {processor.py:186} INFO - Started process (PID=452) to work on /home/airflow/.local/lib/python3.12/site-packages/airflow/example_dags/example_bash_operator.py
[2024-08-29T15:01:56.818+0000] {processor.py:914} INFO - Processing file /home/airflow/.local/lib/python3.12/site-packages/airflow/example_dags/example_bash_operator.py for tasks to queue
[2024-08-29T15:01:56.820+0000] {logging_mixin.py:190} INFO - [2024-08-29T15:01:56.820+0000] {dagbag.py:587} INFO - Filling up the DagBag from /home/airflow/.local/lib/python3.12/site-packages/airflow/example_dags/example_bash_operator.py
[2024-08-29T15:01:56.830+0000] {processor.py:925} INFO - DAG(s) 'example_bash_operator' retrieved from /home/airflow/.local/lib/python3.12/site-packages/airflow/example_dags/example_bash_operator.py
[2024-08-29T15:01:56.850+0000] {logging_mixin.py:190} INFO - [2024-08-29T15:01:56.850+0000] {dag.py:3211} INFO - Sync 1 DAGs
[2024-08-29T15:01:56.868+0000] {logging_mixin.py:190} INFO - [2024-08-29T15:01:56.868+0000] {dag.py:4138} INFO - Setting next_dagrun for example_bash_operator to 2024-08-28 00:00:00+00:00, run_after=2024-08-29 00:00:00+00:00
[2024-08-29T15:01:56.886+0000] {processor.py:208} INFO - Processing /home/airflow/.local/lib/python3.12/site-packages/airflow/example_dags/example_bash_operator.py took 0.074 seconds
[2024-08-29T15:02:27.349+0000] {processor.py:186} INFO - Started process (PID=514) to work on /home/airflow/.local/lib/python3.12/site-packages/airflow/example_dags/example_bash_operator.py
[2024-08-29T15:02:27.350+0000] {processor.py:914} INFO - Processing file /home/airflow/.local/lib/python3.12/site-packages/airflow/example_dags/example_bash_operator.py for tasks to queue
[2024-08-29T15:02:27.352+0000] {logging_mixin.py:190} INFO - [2024-08-29T15:02:27.351+0000] {dagbag.py:587} INFO - Filling up the DagBag from /home/airflow/.local/lib/python3.12/site-packages/airflow/example_dags/example_bash_operator.py
[2024-08-29T15:02:27.362+0000] {processor.py:925} INFO - DAG(s) 'example_bash_operator' retrieved from /home/airflow/.local/lib/python3.12/site-packages/airflow/example_dags/example_bash_operator.py
[2024-08-29T15:02:27.381+0000] {logging_mixin.py:190} INFO - [2024-08-29T15:02:27.381+0000] {dag.py:3211} INFO - Sync 1 DAGs
[2024-08-29T15:02:27.397+0000] {logging_mixin.py:190} INFO - [2024-08-29T15:02:27.397+0000] {dag.py:4138} INFO - Setting next_dagrun for example_bash_operator to 2024-08-28 00:00:00+00:00, run_after=2024-08-29 00:00:00+00:00
[2024-08-29T15:02:27.414+0000] {processor.py:208} INFO - Processing /home/airflow/.local/lib/python3.12/site-packages/airflow/example_dags/example_bash_operator.py took 0.070 seconds
[2024-08-29T15:02:57.837+0000] {processor.py:186} INFO - Started process (PID=576) to work on /home/airflow/.local/lib/python3.12/site-packages/airflow/example_dags/example_bash_operator.py
[2024-08-29T15:02:57.837+0000] {processor.py:914} INFO - Processing file /home/airflow/.local/lib/python3.12/site-packages/airflow/example_dags/example_bash_operator.py for tasks to queue
[2024-08-29T15:02:57.839+0000] {logging_mixin.py:190} INFO - [2024-08-29T15:02:57.839+0000] {dagbag.py:587} INFO - Filling up the DagBag from /home/airflow/.local/lib/python3.12/site-packages/airflow/example_dags/example_bash_operator.py
[2024-08-29T15:02:57.848+0000] {processor.py:925} INFO - DAG(s) 'example_bash_operator' retrieved from /home/airflow/.local/lib/python3.12/site-packages/airflow/example_dags/example_bash_operator.py
[2024-08-29T15:02:57.865+0000] {logging_mixin.py:190} INFO - [2024-08-29T15:02:57.865+0000] {dag.py:3211} INFO - Sync 1 DAGs
[2024-08-29T15:02:57.882+0000] {logging_mixin.py:190} INFO - [2024-08-29T15:02:57.882+0000] {dag.py:4138} INFO - Setting next_dagrun for example_bash_operator to 2024-08-28 00:00:00+00:00, run_after=2024-08-29 00:00:00+00:00
[2024-08-29T15:02:57.897+0000] {processor.py:208} INFO - Processing /home/airflow/.local/lib/python3.12/site-packages/airflow/example_dags/example_bash_operator.py took 0.064 seconds
[2024-08-29T15:03:28.605+0000] {processor.py:186} INFO - Started process (PID=638) to work on /home/airflow/.local/lib/python3.12/site-packages/airflow/example_dags/example_bash_operator.py
[2024-08-29T15:03:28.606+0000] {processor.py:914} INFO - Processing file /home/airflow/.local/lib/python3.12/site-packages/airflow/example_dags/example_bash_operator.py for tasks to queue
[2024-08-29T15:03:28.607+0000] {logging_mixin.py:190} INFO - [2024-08-29T15:03:28.607+0000] {dagbag.py:587} INFO - Filling up the DagBag from /home/airflow/.local/lib/python3.12/site-packages/airflow/example_dags/example_bash_operator.py
[2024-08-29T15:03:28.616+0000] {processor.py:925} INFO - DAG(s) 'example_bash_operator' retrieved from /home/airflow/.local/lib/python3.12/site-packages/airflow/example_dags/example_bash_operator.py
[2024-08-29T15:03:28.635+0000] {logging_mixin.py:190} INFO - [2024-08-29T15:03:28.635+0000] {dag.py:3211} INFO - Sync 1 DAGs
[2024-08-29T15:03:28.651+0000] {logging_mixin.py:190} INFO - [2024-08-29T15:03:28.651+0000] {dag.py:4138} INFO - Setting next_dagrun for example_bash_operator to 2024-08-28 00:00:00+00:00, run_after=2024-08-29 00:00:00+00:00
[2024-08-29T15:03:28.668+0000] {processor.py:208} INFO - Processing /home/airflow/.local/lib/python3.12/site-packages/airflow/example_dags/example_bash_operator.py took 0.067 seconds
[2024-08-29T15:03:59.357+0000] {processor.py:186} INFO - Started process (PID=701) to work on /home/airflow/.local/lib/python3.12/site-packages/airflow/example_dags/example_bash_operator.py
[2024-08-29T15:03:59.359+0000] {processor.py:914} INFO - Processing file /home/airflow/.local/lib/python3.12/site-packages/airflow/example_dags/example_bash_operator.py for tasks to queue
[2024-08-29T15:03:59.361+0000] {logging_mixin.py:190} INFO - [2024-08-29T15:03:59.361+0000] {dagbag.py:587} INFO - Filling up the DagBag from /home/airflow/.local/lib/python3.12/site-packages/airflow/example_dags/example_bash_operator.py
[2024-08-29T15:03:59.370+0000] {processor.py:925} INFO - DAG(s) 'example_bash_operator' retrieved from /home/airflow/.local/lib/python3.12/site-packages/airflow/example_dags/example_bash_operator.py
[2024-08-29T15:03:59.389+0000] {logging_mixin.py:190} INFO - [2024-08-29T15:03:59.389+0000] {dag.py:3211} INFO - Sync 1 DAGs
[2024-08-29T15:03:59.405+0000] {logging_mixin.py:190} INFO - [2024-08-29T15:03:59.405+0000] {dag.py:4138} INFO - Setting next_dagrun for example_bash_operator to 2024-08-28 00:00:00+00:00, run_after=2024-08-29 00:00:00+00:00
[2024-08-29T15:03:59.423+0000] {processor.py:208} INFO - Processing /home/airflow/.local/lib/python3.12/site-packages/airflow/example_dags/example_bash_operator.py took 0.070 seconds
[2024-08-29T15:04:29.521+0000] {processor.py:186} INFO - Started process (PID=764) to work on /home/airflow/.local/lib/python3.12/site-packages/airflow/example_dags/example_bash_operator.py
[2024-08-29T15:04:29.522+0000] {processor.py:914} INFO - Processing file /home/airflow/.local/lib/python3.12/site-packages/airflow/example_dags/example_bash_operator.py for tasks to queue
[2024-08-29T15:04:29.524+0000] {logging_mixin.py:190} INFO - [2024-08-29T15:04:29.524+0000] {dagbag.py:587} INFO - Filling up the DagBag from /home/airflow/.local/lib/python3.12/site-packages/airflow/example_dags/example_bash_operator.py
[2024-08-29T15:04:29.533+0000] {processor.py:925} INFO - DAG(s) 'example_bash_operator' retrieved from /home/airflow/.local/lib/python3.12/site-packages/airflow/example_dags/example_bash_operator.py
[2024-08-29T15:04:29.551+0000] {logging_mixin.py:190} INFO - [2024-08-29T15:04:29.551+0000] {dag.py:3211} INFO - Sync 1 DAGs
[2024-08-29T15:04:29.567+0000] {logging_mixin.py:190} INFO - [2024-08-29T15:04:29.567+0000] {dag.py:4138} INFO - Setting next_dagrun for example_bash_operator to 2024-08-28 00:00:00+00:00, run_after=2024-08-29 00:00:00+00:00
[2024-08-29T15:04:29.585+0000] {processor.py:208} INFO - Processing /home/airflow/.local/lib/python3.12/site-packages/airflow/example_dags/example_bash_operator.py took 0.067 seconds
[2024-08-29T15:05:00.390+0000] {processor.py:186} INFO - Started process (PID=827) to work on /home/airflow/.local/lib/python3.12/site-packages/airflow/example_dags/example_bash_operator.py
[2024-08-29T15:05:00.391+0000] {processor.py:914} INFO - Processing file /home/airflow/.local/lib/python3.12/site-packages/airflow/example_dags/example_bash_operator.py for tasks to queue
[2024-08-29T15:05:00.393+0000] {logging_mixin.py:190} INFO - [2024-08-29T15:05:00.393+0000] {dagbag.py:587} INFO - Filling up the DagBag from /home/airflow/.local/lib/python3.12/site-packages/airflow/example_dags/example_bash_operator.py
[2024-08-29T15:05:00.405+0000] {processor.py:925} INFO - DAG(s) 'example_bash_operator' retrieved from /home/airflow/.local/lib/python3.12/site-packages/airflow/example_dags/example_bash_operator.py
[2024-08-29T15:05:00.430+0000] {logging_mixin.py:190} INFO - [2024-08-29T15:05:00.430+0000] {dag.py:3211} INFO - Sync 1 DAGs
[2024-08-29T15:05:00.452+0000] {logging_mixin.py:190} INFO - [2024-08-29T15:05:00.451+0000] {dag.py:4138} INFO - Setting next_dagrun for example_bash_operator to 2024-08-28 00:00:00+00:00, run_after=2024-08-29 00:00:00+00:00
[2024-08-29T15:05:00.472+0000] {processor.py:208} INFO - Processing /home/airflow/.local/lib/python3.12/site-packages/airflow/example_dags/example_bash_operator.py took 0.088 seconds
[2024-08-29T15:05:31.421+0000] {processor.py:186} INFO - Started process (PID=890) to work on /home/airflow/.local/lib/python3.12/site-packages/airflow/example_dags/example_bash_operator.py
[2024-08-29T15:05:31.422+0000] {processor.py:914} INFO - Processing file /home/airflow/.local/lib/python3.12/site-packages/airflow/example_dags/example_bash_operator.py for tasks to queue
[2024-08-29T15:05:31.424+0000] {logging_mixin.py:190} INFO - [2024-08-29T15:05:31.423+0000] {dagbag.py:587} INFO - Filling up the DagBag from /home/airflow/.local/lib/python3.12/site-packages/airflow/example_dags/example_bash_operator.py
[2024-08-29T15:05:31.433+0000] {processor.py:925} INFO - DAG(s) 'example_bash_operator' retrieved from /home/airflow/.local/lib/python3.12/site-packages/airflow/example_dags/example_bash_operator.py
[2024-08-29T15:05:31.453+0000] {logging_mixin.py:190} INFO - [2024-08-29T15:05:31.453+0000] {dag.py:3211} INFO - Sync 1 DAGs
[2024-08-29T15:05:31.469+0000] {logging_mixin.py:190} INFO - [2024-08-29T15:05:31.469+0000] {dag.py:4138} INFO - Setting next_dagrun for example_bash_operator to 2024-08-28 00:00:00+00:00, run_after=2024-08-29 00:00:00+00:00
[2024-08-29T15:05:31.485+0000] {processor.py:208} INFO - Processing /home/airflow/.local/lib/python3.12/site-packages/airflow/example_dags/example_bash_operator.py took 0.069 seconds
[2024-08-29T15:06:02.071+0000] {processor.py:186} INFO - Started process (PID=954) to work on /home/airflow/.local/lib/python3.12/site-packages/airflow/example_dags/example_bash_operator.py
[2024-08-29T15:06:02.074+0000] {processor.py:914} INFO - Processing file /home/airflow/.local/lib/python3.12/site-packages/airflow/example_dags/example_bash_operator.py for tasks to queue
[2024-08-29T15:06:02.077+0000] {logging_mixin.py:190} INFO - [2024-08-29T15:06:02.077+0000] {dagbag.py:587} INFO - Filling up the DagBag from /home/airflow/.local/lib/python3.12/site-packages/airflow/example_dags/example_bash_operator.py
[2024-08-29T15:06:02.087+0000] {processor.py:925} INFO - DAG(s) 'example_bash_operator' retrieved from /home/airflow/.local/lib/python3.12/site-packages/airflow/example_dags/example_bash_operator.py
[2024-08-29T15:06:02.109+0000] {logging_mixin.py:190} INFO - [2024-08-29T15:06:02.109+0000] {dag.py:3211} INFO - Sync 1 DAGs
[2024-08-29T15:06:02.129+0000] {logging_mixin.py:190} INFO - [2024-08-29T15:06:02.129+0000] {dag.py:4138} INFO - Setting next_dagrun for example_bash_operator to 2024-08-28 00:00:00+00:00, run_after=2024-08-29 00:00:00+00:00
[2024-08-29T15:06:02.148+0000] {processor.py:208} INFO - Processing /home/airflow/.local/lib/python3.12/site-packages/airflow/example_dags/example_bash_operator.py took 0.081 seconds
[2024-08-29T15:06:32.667+0000] {processor.py:186} INFO - Started process (PID=1017) to work on /home/airflow/.local/lib/python3.12/site-packages/airflow/example_dags/example_bash_operator.py
[2024-08-29T15:06:32.671+0000] {processor.py:914} INFO - Processing file /home/airflow/.local/lib/python3.12/site-packages/airflow/example_dags/example_bash_operator.py for tasks to queue
[2024-08-29T15:06:32.674+0000] {logging_mixin.py:190} INFO - [2024-08-29T15:06:32.674+0000] {dagbag.py:587} INFO - Filling up the DagBag from /home/airflow/.local/lib/python3.12/site-packages/airflow/example_dags/example_bash_operator.py
[2024-08-29T15:06:32.685+0000] {processor.py:925} INFO - DAG(s) 'example_bash_operator' retrieved from /home/airflow/.local/lib/python3.12/site-packages/airflow/example_dags/example_bash_operator.py
[2024-08-29T15:06:32.704+0000] {logging_mixin.py:190} INFO - [2024-08-29T15:06:32.704+0000] {dag.py:3211} INFO - Sync 1 DAGs
[2024-08-29T15:06:32.721+0000] {logging_mixin.py:190} INFO - [2024-08-29T15:06:32.721+0000] {dag.py:4138} INFO - Setting next_dagrun for example_bash_operator to 2024-08-28 00:00:00+00:00, run_after=2024-08-29 00:00:00+00:00
[2024-08-29T15:06:32.738+0000] {processor.py:208} INFO - Processing /home/airflow/.local/lib/python3.12/site-packages/airflow/example_dags/example_bash_operator.py took 0.077 seconds
[2024-08-29T15:07:03.118+0000] {processor.py:186} INFO - Started process (PID=1080) to work on /home/airflow/.local/lib/python3.12/site-packages/airflow/example_dags/example_bash_operator.py
[2024-08-29T15:07:03.119+0000] {processor.py:914} INFO - Processing file /home/airflow/.local/lib/python3.12/site-packages/airflow/example_dags/example_bash_operator.py for tasks to queue
[2024-08-29T15:07:03.121+0000] {logging_mixin.py:190} INFO - [2024-08-29T15:07:03.121+0000] {dagbag.py:587} INFO - Filling up the DagBag from /home/airflow/.local/lib/python3.12/site-packages/airflow/example_dags/example_bash_operator.py
[2024-08-29T15:07:03.130+0000] {processor.py:925} INFO - DAG(s) 'example_bash_operator' retrieved from /home/airflow/.local/lib/python3.12/site-packages/airflow/example_dags/example_bash_operator.py
[2024-08-29T15:07:03.148+0000] {logging_mixin.py:190} INFO - [2024-08-29T15:07:03.148+0000] {dag.py:3211} INFO - Sync 1 DAGs
[2024-08-29T15:07:03.164+0000] {logging_mixin.py:190} INFO - [2024-08-29T15:07:03.164+0000] {dag.py:4138} INFO - Setting next_dagrun for example_bash_operator to 2024-08-28 00:00:00+00:00, run_after=2024-08-29 00:00:00+00:00
[2024-08-29T15:07:03.179+0000] {processor.py:208} INFO - Processing /home/airflow/.local/lib/python3.12/site-packages/airflow/example_dags/example_bash_operator.py took 0.064 seconds
[2024-08-29T15:07:34.043+0000] {processor.py:186} INFO - Started process (PID=1143) to work on /home/airflow/.local/lib/python3.12/site-packages/airflow/example_dags/example_bash_operator.py
[2024-08-29T15:07:34.044+0000] {processor.py:914} INFO - Processing file /home/airflow/.local/lib/python3.12/site-packages/airflow/example_dags/example_bash_operator.py for tasks to queue
[2024-08-29T15:07:34.046+0000] {logging_mixin.py:190} INFO - [2024-08-29T15:07:34.046+0000] {dagbag.py:587} INFO - Filling up the DagBag from /home/airflow/.local/lib/python3.12/site-packages/airflow/example_dags/example_bash_operator.py
[2024-08-29T15:07:34.055+0000] {processor.py:925} INFO - DAG(s) 'example_bash_operator' retrieved from /home/airflow/.local/lib/python3.12/site-packages/airflow/example_dags/example_bash_operator.py
[2024-08-29T15:07:34.074+0000] {logging_mixin.py:190} INFO - [2024-08-29T15:07:34.073+0000] {dag.py:3211} INFO - Sync 1 DAGs
[2024-08-29T15:07:34.091+0000] {logging_mixin.py:190} INFO - [2024-08-29T15:07:34.091+0000] {dag.py:4138} INFO - Setting next_dagrun for example_bash_operator to 2024-08-28 00:00:00+00:00, run_after=2024-08-29 00:00:00+00:00
[2024-08-29T15:07:34.109+0000] {processor.py:208} INFO - Processing /home/airflow/.local/lib/python3.12/site-packages/airflow/example_dags/example_bash_operator.py took 0.070 seconds
[2024-08-29T15:08:04.277+0000] {processor.py:186} INFO - Started process (PID=1206) to work on /home/airflow/.local/lib/python3.12/site-packages/airflow/example_dags/example_bash_operator.py
[2024-08-29T15:08:04.278+0000] {processor.py:914} INFO - Processing file /home/airflow/.local/lib/python3.12/site-packages/airflow/example_dags/example_bash_operator.py for tasks to queue
[2024-08-29T15:08:04.280+0000] {logging_mixin.py:190} INFO - [2024-08-29T15:08:04.280+0000] {dagbag.py:587} INFO - Filling up the DagBag from /home/airflow/.local/lib/python3.12/site-packages/airflow/example_dags/example_bash_operator.py
[2024-08-29T15:08:04.289+0000] {processor.py:925} INFO - DAG(s) 'example_bash_operator' retrieved from /home/airflow/.local/lib/python3.12/site-packages/airflow/example_dags/example_bash_operator.py
[2024-08-29T15:08:04.309+0000] {logging_mixin.py:190} INFO - [2024-08-29T15:08:04.309+0000] {dag.py:3211} INFO - Sync 1 DAGs
[2024-08-29T15:08:04.331+0000] {logging_mixin.py:190} INFO - [2024-08-29T15:08:04.331+0000] {dag.py:4138} INFO - Setting next_dagrun for example_bash_operator to 2024-08-28 00:00:00+00:00, run_after=2024-08-29 00:00:00+00:00
[2024-08-29T15:08:04.350+0000] {processor.py:208} INFO - Processing /home/airflow/.local/lib/python3.12/site-packages/airflow/example_dags/example_bash_operator.py took 0.077 seconds
[2024-08-29T15:08:34.882+0000] {processor.py:186} INFO - Started process (PID=1269) to work on /home/airflow/.local/lib/python3.12/site-packages/airflow/example_dags/example_bash_operator.py
[2024-08-29T15:08:34.883+0000] {processor.py:914} INFO - Processing file /home/airflow/.local/lib/python3.12/site-packages/airflow/example_dags/example_bash_operator.py for tasks to queue
[2024-08-29T15:08:34.894+0000] {logging_mixin.py:190} INFO - [2024-08-29T15:08:34.894+0000] {dagbag.py:587} INFO - Filling up the DagBag from /home/airflow/.local/lib/python3.12/site-packages/airflow/example_dags/example_bash_operator.py
[2024-08-29T15:08:34.905+0000] {processor.py:925} INFO - DAG(s) 'example_bash_operator' retrieved from /home/airflow/.local/lib/python3.12/site-packages/airflow/example_dags/example_bash_operator.py
[2024-08-29T15:08:34.925+0000] {logging_mixin.py:190} INFO - [2024-08-29T15:08:34.925+0000] {dag.py:3211} INFO - Sync 1 DAGs
[2024-08-29T15:08:34.944+0000] {logging_mixin.py:190} INFO - [2024-08-29T15:08:34.944+0000] {dag.py:4138} INFO - Setting next_dagrun for example_bash_operator to 2024-08-28 00:00:00+00:00, run_after=2024-08-29 00:00:00+00:00
[2024-08-29T15:08:34.964+0000] {processor.py:208} INFO - Processing /home/airflow/.local/lib/python3.12/site-packages/airflow/example_dags/example_bash_operator.py took 0.088 seconds
[2024-08-29T15:09:05.407+0000] {processor.py:186} INFO - Started process (PID=1332) to work on /home/airflow/.local/lib/python3.12/site-packages/airflow/example_dags/example_bash_operator.py
[2024-08-29T15:09:05.408+0000] {processor.py:914} INFO - Processing file /home/airflow/.local/lib/python3.12/site-packages/airflow/example_dags/example_bash_operator.py for tasks to queue
[2024-08-29T15:09:05.410+0000] {logging_mixin.py:190} INFO - [2024-08-29T15:09:05.410+0000] {dagbag.py:587} INFO - Filling up the DagBag from /home/airflow/.local/lib/python3.12/site-packages/airflow/example_dags/example_bash_operator.py
[2024-08-29T15:09:05.419+0000] {processor.py:925} INFO - DAG(s) 'example_bash_operator' retrieved from /home/airflow/.local/lib/python3.12/site-packages/airflow/example_dags/example_bash_operator.py
[2024-08-29T15:09:05.438+0000] {logging_mixin.py:190} INFO - [2024-08-29T15:09:05.438+0000] {dag.py:3211} INFO - Sync 1 DAGs
[2024-08-29T15:09:05.455+0000] {logging_mixin.py:190} INFO - [2024-08-29T15:09:05.455+0000] {dag.py:4138} INFO - Setting next_dagrun for example_bash_operator to 2024-08-28 00:00:00+00:00, run_after=2024-08-29 00:00:00+00:00
[2024-08-29T15:09:05.472+0000] {processor.py:208} INFO - Processing /home/airflow/.local/lib/python3.12/site-packages/airflow/example_dags/example_bash_operator.py took 0.068 seconds
[2024-08-29T15:09:36.306+0000] {processor.py:186} INFO - Started process (PID=1396) to work on /home/airflow/.local/lib/python3.12/site-packages/airflow/example_dags/example_bash_operator.py
[2024-08-29T15:09:36.307+0000] {processor.py:914} INFO - Processing file /home/airflow/.local/lib/python3.12/site-packages/airflow/example_dags/example_bash_operator.py for tasks to queue
[2024-08-29T15:09:36.309+0000] {logging_mixin.py:190} INFO - [2024-08-29T15:09:36.309+0000] {dagbag.py:587} INFO - Filling up the DagBag from /home/airflow/.local/lib/python3.12/site-packages/airflow/example_dags/example_bash_operator.py
[2024-08-29T15:09:36.320+0000] {processor.py:925} INFO - DAG(s) 'example_bash_operator' retrieved from /home/airflow/.local/lib/python3.12/site-packages/airflow/example_dags/example_bash_operator.py
[2024-08-29T15:09:36.340+0000] {logging_mixin.py:190} INFO - [2024-08-29T15:09:36.340+0000] {dag.py:3211} INFO - Sync 1 DAGs
[2024-08-29T15:09:36.358+0000] {logging_mixin.py:190} INFO - [2024-08-29T15:09:36.358+0000] {dag.py:4138} INFO - Setting next_dagrun for example_bash_operator to 2024-08-28 00:00:00+00:00, run_after=2024-08-29 00:00:00+00:00
[2024-08-29T15:09:36.376+0000] {processor.py:208} INFO - Processing /home/airflow/.local/lib/python3.12/site-packages/airflow/example_dags/example_bash_operator.py took 0.074 seconds
[2024-08-29T15:10:06.683+0000] {processor.py:186} INFO - Started process (PID=1459) to work on /home/airflow/.local/lib/python3.12/site-packages/airflow/example_dags/example_bash_operator.py
[2024-08-29T15:10:06.684+0000] {processor.py:914} INFO - Processing file /home/airflow/.local/lib/python3.12/site-packages/airflow/example_dags/example_bash_operator.py for tasks to queue
[2024-08-29T15:10:06.689+0000] {logging_mixin.py:190} INFO - [2024-08-29T15:10:06.689+0000] {dagbag.py:587} INFO - Filling up the DagBag from /home/airflow/.local/lib/python3.12/site-packages/airflow/example_dags/example_bash_operator.py
[2024-08-29T15:10:06.705+0000] {processor.py:925} INFO - DAG(s) 'example_bash_operator' retrieved from /home/airflow/.local/lib/python3.12/site-packages/airflow/example_dags/example_bash_operator.py
[2024-08-29T15:10:06.727+0000] {logging_mixin.py:190} INFO - [2024-08-29T15:10:06.727+0000] {dag.py:3211} INFO - Sync 1 DAGs
[2024-08-29T15:10:06.745+0000] {logging_mixin.py:190} INFO - [2024-08-29T15:10:06.745+0000] {dag.py:4138} INFO - Setting next_dagrun for example_bash_operator to 2024-08-28 00:00:00+00:00, run_after=2024-08-29 00:00:00+00:00
[2024-08-29T15:10:06.767+0000] {processor.py:208} INFO - Processing /home/airflow/.local/lib/python3.12/site-packages/airflow/example_dags/example_bash_operator.py took 0.089 seconds
[2024-08-29T15:11:15.844+0000] {processor.py:186} INFO - Started process (PID=75) to work on /home/airflow/.local/lib/python3.12/site-packages/airflow/example_dags/example_bash_operator.py
[2024-08-29T15:11:15.845+0000] {processor.py:914} INFO - Processing file /home/airflow/.local/lib/python3.12/site-packages/airflow/example_dags/example_bash_operator.py for tasks to queue
[2024-08-29T15:11:15.847+0000] {logging_mixin.py:190} INFO - [2024-08-29T15:11:15.847+0000] {dagbag.py:587} INFO - Filling up the DagBag from /home/airflow/.local/lib/python3.12/site-packages/airflow/example_dags/example_bash_operator.py
[2024-08-29T15:11:15.862+0000] {processor.py:925} INFO - DAG(s) 'example_bash_operator' retrieved from /home/airflow/.local/lib/python3.12/site-packages/airflow/example_dags/example_bash_operator.py
[2024-08-29T15:11:15.888+0000] {logging_mixin.py:190} INFO - [2024-08-29T15:11:15.887+0000] {dag.py:3211} INFO - Sync 1 DAGs
[2024-08-29T15:11:15.904+0000] {logging_mixin.py:190} INFO - [2024-08-29T15:11:15.904+0000] {dag.py:4138} INFO - Setting next_dagrun for example_bash_operator to 2024-08-28 00:00:00+00:00, run_after=2024-08-29 00:00:00+00:00
[2024-08-29T15:11:15.920+0000] {processor.py:208} INFO - Processing /home/airflow/.local/lib/python3.12/site-packages/airflow/example_dags/example_bash_operator.py took 0.081 seconds
[2024-08-29T15:11:46.882+0000] {processor.py:186} INFO - Started process (PID=139) to work on /home/airflow/.local/lib/python3.12/site-packages/airflow/example_dags/example_bash_operator.py
[2024-08-29T15:11:46.883+0000] {processor.py:914} INFO - Processing file /home/airflow/.local/lib/python3.12/site-packages/airflow/example_dags/example_bash_operator.py for tasks to queue
[2024-08-29T15:11:46.885+0000] {logging_mixin.py:190} INFO - [2024-08-29T15:11:46.885+0000] {dagbag.py:587} INFO - Filling up the DagBag from /home/airflow/.local/lib/python3.12/site-packages/airflow/example_dags/example_bash_operator.py
[2024-08-29T15:11:46.896+0000] {processor.py:925} INFO - DAG(s) 'example_bash_operator' retrieved from /home/airflow/.local/lib/python3.12/site-packages/airflow/example_dags/example_bash_operator.py
[2024-08-29T15:11:46.917+0000] {logging_mixin.py:190} INFO - [2024-08-29T15:11:46.917+0000] {dag.py:3211} INFO - Sync 1 DAGs
[2024-08-29T15:11:46.936+0000] {logging_mixin.py:190} INFO - [2024-08-29T15:11:46.936+0000] {dag.py:4138} INFO - Setting next_dagrun for example_bash_operator to 2024-08-28 00:00:00+00:00, run_after=2024-08-29 00:00:00+00:00
[2024-08-29T15:11:46.955+0000] {processor.py:208} INFO - Processing /home/airflow/.local/lib/python3.12/site-packages/airflow/example_dags/example_bash_operator.py took 0.078 seconds
[2024-08-29T15:12:17.728+0000] {processor.py:186} INFO - Started process (PID=202) to work on /home/airflow/.local/lib/python3.12/site-packages/airflow/example_dags/example_bash_operator.py
[2024-08-29T15:12:17.729+0000] {processor.py:914} INFO - Processing file /home/airflow/.local/lib/python3.12/site-packages/airflow/example_dags/example_bash_operator.py for tasks to queue
[2024-08-29T15:12:17.731+0000] {logging_mixin.py:190} INFO - [2024-08-29T15:12:17.731+0000] {dagbag.py:587} INFO - Filling up the DagBag from /home/airflow/.local/lib/python3.12/site-packages/airflow/example_dags/example_bash_operator.py
[2024-08-29T15:12:17.741+0000] {processor.py:925} INFO - DAG(s) 'example_bash_operator' retrieved from /home/airflow/.local/lib/python3.12/site-packages/airflow/example_dags/example_bash_operator.py
[2024-08-29T15:12:17.764+0000] {logging_mixin.py:190} INFO - [2024-08-29T15:12:17.764+0000] {dag.py:3211} INFO - Sync 1 DAGs
[2024-08-29T15:12:17.782+0000] {logging_mixin.py:190} INFO - [2024-08-29T15:12:17.782+0000] {dag.py:4138} INFO - Setting next_dagrun for example_bash_operator to 2024-08-28 00:00:00+00:00, run_after=2024-08-29 00:00:00+00:00
[2024-08-29T15:12:17.799+0000] {processor.py:208} INFO - Processing /home/airflow/.local/lib/python3.12/site-packages/airflow/example_dags/example_bash_operator.py took 0.076 seconds
[2024-08-29T15:12:48.778+0000] {processor.py:186} INFO - Started process (PID=271) to work on /home/airflow/.local/lib/python3.12/site-packages/airflow/example_dags/example_bash_operator.py
[2024-08-29T15:12:48.779+0000] {processor.py:914} INFO - Processing file /home/airflow/.local/lib/python3.12/site-packages/airflow/example_dags/example_bash_operator.py for tasks to queue
[2024-08-29T15:12:48.789+0000] {logging_mixin.py:190} INFO - [2024-08-29T15:12:48.788+0000] {dagbag.py:587} INFO - Filling up the DagBag from /home/airflow/.local/lib/python3.12/site-packages/airflow/example_dags/example_bash_operator.py
[2024-08-29T15:12:48.799+0000] {processor.py:925} INFO - DAG(s) 'example_bash_operator' retrieved from /home/airflow/.local/lib/python3.12/site-packages/airflow/example_dags/example_bash_operator.py
[2024-08-29T15:12:48.819+0000] {logging_mixin.py:190} INFO - [2024-08-29T15:12:48.819+0000] {dag.py:3211} INFO - Sync 1 DAGs
[2024-08-29T15:12:48.837+0000] {logging_mixin.py:190} INFO - [2024-08-29T15:12:48.837+0000] {dag.py:4138} INFO - Setting next_dagrun for example_bash_operator to 2024-08-28 00:00:00+00:00, run_after=2024-08-29 00:00:00+00:00
[2024-08-29T15:12:48.855+0000] {processor.py:208} INFO - Processing /home/airflow/.local/lib/python3.12/site-packages/airflow/example_dags/example_bash_operator.py took 0.082 seconds
[2024-08-29T15:13:19.294+0000] {processor.py:186} INFO - Started process (PID=335) to work on /home/airflow/.local/lib/python3.12/site-packages/airflow/example_dags/example_bash_operator.py
[2024-08-29T15:13:19.295+0000] {processor.py:914} INFO - Processing file /home/airflow/.local/lib/python3.12/site-packages/airflow/example_dags/example_bash_operator.py for tasks to queue
[2024-08-29T15:13:19.297+0000] {logging_mixin.py:190} INFO - [2024-08-29T15:13:19.297+0000] {dagbag.py:587} INFO - Filling up the DagBag from /home/airflow/.local/lib/python3.12/site-packages/airflow/example_dags/example_bash_operator.py
[2024-08-29T15:13:19.308+0000] {processor.py:925} INFO - DAG(s) 'example_bash_operator' retrieved from /home/airflow/.local/lib/python3.12/site-packages/airflow/example_dags/example_bash_operator.py
[2024-08-29T15:13:19.328+0000] {logging_mixin.py:190} INFO - [2024-08-29T15:13:19.328+0000] {dag.py:3211} INFO - Sync 1 DAGs
[2024-08-29T15:13:19.347+0000] {logging_mixin.py:190} INFO - [2024-08-29T15:13:19.347+0000] {dag.py:4138} INFO - Setting next_dagrun for example_bash_operator to 2024-08-28 00:00:00+00:00, run_after=2024-08-29 00:00:00+00:00
[2024-08-29T15:13:19.367+0000] {processor.py:208} INFO - Processing /home/airflow/.local/lib/python3.12/site-packages/airflow/example_dags/example_bash_operator.py took 0.077 seconds
[2024-08-29T15:13:49.821+0000] {processor.py:186} INFO - Started process (PID=397) to work on /home/airflow/.local/lib/python3.12/site-packages/airflow/example_dags/example_bash_operator.py
[2024-08-29T15:13:49.822+0000] {processor.py:914} INFO - Processing file /home/airflow/.local/lib/python3.12/site-packages/airflow/example_dags/example_bash_operator.py for tasks to queue
[2024-08-29T15:13:49.824+0000] {logging_mixin.py:190} INFO - [2024-08-29T15:13:49.824+0000] {dagbag.py:587} INFO - Filling up the DagBag from /home/airflow/.local/lib/python3.12/site-packages/airflow/example_dags/example_bash_operator.py
[2024-08-29T15:13:49.834+0000] {processor.py:925} INFO - DAG(s) 'example_bash_operator' retrieved from /home/airflow/.local/lib/python3.12/site-packages/airflow/example_dags/example_bash_operator.py
[2024-08-29T15:13:49.854+0000] {logging_mixin.py:190} INFO - [2024-08-29T15:13:49.854+0000] {dag.py:3211} INFO - Sync 1 DAGs
[2024-08-29T15:13:49.870+0000] {logging_mixin.py:190} INFO - [2024-08-29T15:13:49.870+0000] {dag.py:4138} INFO - Setting next_dagrun for example_bash_operator to 2024-08-28 00:00:00+00:00, run_after=2024-08-29 00:00:00+00:00
[2024-08-29T15:13:49.888+0000] {processor.py:208} INFO - Processing /home/airflow/.local/lib/python3.12/site-packages/airflow/example_dags/example_bash_operator.py took 0.071 seconds
[2024-08-29T15:14:20.257+0000] {processor.py:186} INFO - Started process (PID=460) to work on /home/airflow/.local/lib/python3.12/site-packages/airflow/example_dags/example_bash_operator.py
[2024-08-29T15:14:20.258+0000] {processor.py:914} INFO - Processing file /home/airflow/.local/lib/python3.12/site-packages/airflow/example_dags/example_bash_operator.py for tasks to queue
[2024-08-29T15:14:20.260+0000] {logging_mixin.py:190} INFO - [2024-08-29T15:14:20.259+0000] {dagbag.py:587} INFO - Filling up the DagBag from /home/airflow/.local/lib/python3.12/site-packages/airflow/example_dags/example_bash_operator.py
[2024-08-29T15:14:20.270+0000] {processor.py:925} INFO - DAG(s) 'example_bash_operator' retrieved from /home/airflow/.local/lib/python3.12/site-packages/airflow/example_dags/example_bash_operator.py
[2024-08-29T15:14:20.290+0000] {logging_mixin.py:190} INFO - [2024-08-29T15:14:20.290+0000] {dag.py:3211} INFO - Sync 1 DAGs
[2024-08-29T15:14:20.310+0000] {logging_mixin.py:190} INFO - [2024-08-29T15:14:20.309+0000] {dag.py:4138} INFO - Setting next_dagrun for example_bash_operator to 2024-08-28 00:00:00+00:00, run_after=2024-08-29 00:00:00+00:00
[2024-08-29T15:14:20.326+0000] {processor.py:208} INFO - Processing /home/airflow/.local/lib/python3.12/site-packages/airflow/example_dags/example_bash_operator.py took 0.074 seconds
[2024-08-29T15:14:51.153+0000] {processor.py:186} INFO - Started process (PID=523) to work on /home/airflow/.local/lib/python3.12/site-packages/airflow/example_dags/example_bash_operator.py
[2024-08-29T15:14:51.154+0000] {processor.py:914} INFO - Processing file /home/airflow/.local/lib/python3.12/site-packages/airflow/example_dags/example_bash_operator.py for tasks to queue
[2024-08-29T15:14:51.157+0000] {logging_mixin.py:190} INFO - [2024-08-29T15:14:51.156+0000] {dagbag.py:587} INFO - Filling up the DagBag from /home/airflow/.local/lib/python3.12/site-packages/airflow/example_dags/example_bash_operator.py
[2024-08-29T15:14:51.167+0000] {processor.py:925} INFO - DAG(s) 'example_bash_operator' retrieved from /home/airflow/.local/lib/python3.12/site-packages/airflow/example_dags/example_bash_operator.py
[2024-08-29T15:14:51.186+0000] {logging_mixin.py:190} INFO - [2024-08-29T15:14:51.186+0000] {dag.py:3211} INFO - Sync 1 DAGs
[2024-08-29T15:14:51.202+0000] {logging_mixin.py:190} INFO - [2024-08-29T15:14:51.202+0000] {dag.py:4138} INFO - Setting next_dagrun for example_bash_operator to 2024-08-28 00:00:00+00:00, run_after=2024-08-29 00:00:00+00:00
[2024-08-29T15:14:51.219+0000] {processor.py:208} INFO - Processing /home/airflow/.local/lib/python3.12/site-packages/airflow/example_dags/example_bash_operator.py took 0.070 seconds
[2024-08-29T15:15:22.401+0000] {processor.py:186} INFO - Started process (PID=586) to work on /home/airflow/.local/lib/python3.12/site-packages/airflow/example_dags/example_bash_operator.py
[2024-08-29T15:15:22.401+0000] {processor.py:914} INFO - Processing file /home/airflow/.local/lib/python3.12/site-packages/airflow/example_dags/example_bash_operator.py for tasks to queue
[2024-08-29T15:15:22.403+0000] {logging_mixin.py:190} INFO - [2024-08-29T15:15:22.403+0000] {dagbag.py:587} INFO - Filling up the DagBag from /home/airflow/.local/lib/python3.12/site-packages/airflow/example_dags/example_bash_operator.py
[2024-08-29T15:15:22.413+0000] {processor.py:925} INFO - DAG(s) 'example_bash_operator' retrieved from /home/airflow/.local/lib/python3.12/site-packages/airflow/example_dags/example_bash_operator.py
[2024-08-29T15:15:22.445+0000] {logging_mixin.py:190} INFO - [2024-08-29T15:15:22.445+0000] {dag.py:3211} INFO - Sync 1 DAGs
[2024-08-29T15:15:22.472+0000] {logging_mixin.py:190} INFO - [2024-08-29T15:15:22.471+0000] {dag.py:4138} INFO - Setting next_dagrun for example_bash_operator to 2024-08-28 00:00:00+00:00, run_after=2024-08-29 00:00:00+00:00
[2024-08-29T15:15:22.515+0000] {processor.py:208} INFO - Processing /home/airflow/.local/lib/python3.12/site-packages/airflow/example_dags/example_bash_operator.py took 0.119 seconds
[2024-08-29T15:15:52.580+0000] {processor.py:186} INFO - Started process (PID=649) to work on /home/airflow/.local/lib/python3.12/site-packages/airflow/example_dags/example_bash_operator.py
[2024-08-29T15:15:52.583+0000] {processor.py:914} INFO - Processing file /home/airflow/.local/lib/python3.12/site-packages/airflow/example_dags/example_bash_operator.py for tasks to queue
[2024-08-29T15:15:52.585+0000] {logging_mixin.py:190} INFO - [2024-08-29T15:15:52.584+0000] {dagbag.py:587} INFO - Filling up the DagBag from /home/airflow/.local/lib/python3.12/site-packages/airflow/example_dags/example_bash_operator.py
[2024-08-29T15:15:52.595+0000] {processor.py:925} INFO - DAG(s) 'example_bash_operator' retrieved from /home/airflow/.local/lib/python3.12/site-packages/airflow/example_dags/example_bash_operator.py
[2024-08-29T15:15:52.615+0000] {logging_mixin.py:190} INFO - [2024-08-29T15:15:52.615+0000] {dag.py:3211} INFO - Sync 1 DAGs
[2024-08-29T15:15:52.632+0000] {logging_mixin.py:190} INFO - [2024-08-29T15:15:52.632+0000] {dag.py:4138} INFO - Setting next_dagrun for example_bash_operator to 2024-08-28 00:00:00+00:00, run_after=2024-08-29 00:00:00+00:00
[2024-08-29T15:15:52.649+0000] {processor.py:208} INFO - Processing /home/airflow/.local/lib/python3.12/site-packages/airflow/example_dags/example_bash_operator.py took 0.073 seconds
