[2024-08-29T14:58:53.224+0000] {processor.py:186} INFO - Started process (PID=83) to work on /home/airflow/.local/lib/python3.12/site-packages/airflow/example_dags/tutorial_objectstorage.py
[2024-08-29T14:58:53.225+0000] {processor.py:914} INFO - Processing file /home/airflow/.local/lib/python3.12/site-packages/airflow/example_dags/tutorial_objectstorage.py for tasks to queue
[2024-08-29T14:58:53.227+0000] {logging_mixin.py:190} INFO - [2024-08-29T14:58:53.227+0000] {dagbag.py:587} INFO - Filling up the DagBag from /home/airflow/.local/lib/python3.12/site-packages/airflow/example_dags/tutorial_objectstorage.py
[2024-08-29T14:58:53.235+0000] {processor.py:925} INFO - DAG(s) 'tutorial_objectstorage' retrieved from /home/airflow/.local/lib/python3.12/site-packages/airflow/example_dags/tutorial_objectstorage.py
[2024-08-29T14:58:53.259+0000] {logging_mixin.py:190} INFO - [2024-08-29T14:58:53.258+0000] {dag.py:3211} INFO - Sync 1 DAGs
[2024-08-29T14:58:53.271+0000] {logging_mixin.py:190} INFO - [2024-08-29T14:58:53.270+0000] {dag.py:4138} INFO - Setting next_dagrun for tutorial_objectstorage to None, run_after=None
[2024-08-29T14:58:53.290+0000] {processor.py:208} INFO - Processing /home/airflow/.local/lib/python3.12/site-packages/airflow/example_dags/tutorial_objectstorage.py took 0.071 seconds
[2024-08-29T14:59:24.236+0000] {processor.py:186} INFO - Started process (PID=146) to work on /home/airflow/.local/lib/python3.12/site-packages/airflow/example_dags/tutorial_objectstorage.py
[2024-08-29T14:59:24.237+0000] {processor.py:914} INFO - Processing file /home/airflow/.local/lib/python3.12/site-packages/airflow/example_dags/tutorial_objectstorage.py for tasks to queue
[2024-08-29T14:59:24.239+0000] {logging_mixin.py:190} INFO - [2024-08-29T14:59:24.239+0000] {dagbag.py:587} INFO - Filling up the DagBag from /home/airflow/.local/lib/python3.12/site-packages/airflow/example_dags/tutorial_objectstorage.py
[2024-08-29T14:59:24.245+0000] {processor.py:925} INFO - DAG(s) 'tutorial_objectstorage' retrieved from /home/airflow/.local/lib/python3.12/site-packages/airflow/example_dags/tutorial_objectstorage.py
[2024-08-29T14:59:24.260+0000] {logging_mixin.py:190} INFO - [2024-08-29T14:59:24.260+0000] {dag.py:3211} INFO - Sync 1 DAGs
[2024-08-29T14:59:24.270+0000] {logging_mixin.py:190} INFO - [2024-08-29T14:59:24.270+0000] {dag.py:4138} INFO - Setting next_dagrun for tutorial_objectstorage to None, run_after=None
[2024-08-29T14:59:24.287+0000] {processor.py:208} INFO - Processing /home/airflow/.local/lib/python3.12/site-packages/airflow/example_dags/tutorial_objectstorage.py took 0.055 seconds
[2024-08-29T14:59:55.154+0000] {processor.py:186} INFO - Started process (PID=214) to work on /home/airflow/.local/lib/python3.12/site-packages/airflow/example_dags/tutorial_objectstorage.py
[2024-08-29T14:59:55.155+0000] {processor.py:914} INFO - Processing file /home/airflow/.local/lib/python3.12/site-packages/airflow/example_dags/tutorial_objectstorage.py for tasks to queue
[2024-08-29T14:59:55.157+0000] {logging_mixin.py:190} INFO - [2024-08-29T14:59:55.156+0000] {dagbag.py:587} INFO - Filling up the DagBag from /home/airflow/.local/lib/python3.12/site-packages/airflow/example_dags/tutorial_objectstorage.py
[2024-08-29T14:59:55.165+0000] {processor.py:925} INFO - DAG(s) 'tutorial_objectstorage' retrieved from /home/airflow/.local/lib/python3.12/site-packages/airflow/example_dags/tutorial_objectstorage.py
[2024-08-29T14:59:55.191+0000] {logging_mixin.py:190} INFO - [2024-08-29T14:59:55.191+0000] {dag.py:3211} INFO - Sync 1 DAGs
[2024-08-29T14:59:55.205+0000] {logging_mixin.py:190} INFO - [2024-08-29T14:59:55.205+0000] {dag.py:4138} INFO - Setting next_dagrun for tutorial_objectstorage to None, run_after=None
[2024-08-29T14:59:55.225+0000] {processor.py:208} INFO - Processing /home/airflow/.local/lib/python3.12/site-packages/airflow/example_dags/tutorial_objectstorage.py took 0.075 seconds
[2024-08-29T15:00:26.161+0000] {processor.py:186} INFO - Started process (PID=276) to work on /home/airflow/.local/lib/python3.12/site-packages/airflow/example_dags/tutorial_objectstorage.py
[2024-08-29T15:00:26.162+0000] {processor.py:914} INFO - Processing file /home/airflow/.local/lib/python3.12/site-packages/airflow/example_dags/tutorial_objectstorage.py for tasks to queue
[2024-08-29T15:00:26.165+0000] {logging_mixin.py:190} INFO - [2024-08-29T15:00:26.165+0000] {dagbag.py:587} INFO - Filling up the DagBag from /home/airflow/.local/lib/python3.12/site-packages/airflow/example_dags/tutorial_objectstorage.py
[2024-08-29T15:00:26.172+0000] {processor.py:925} INFO - DAG(s) 'tutorial_objectstorage' retrieved from /home/airflow/.local/lib/python3.12/site-packages/airflow/example_dags/tutorial_objectstorage.py
[2024-08-29T15:00:26.187+0000] {logging_mixin.py:190} INFO - [2024-08-29T15:00:26.187+0000] {dag.py:3211} INFO - Sync 1 DAGs
[2024-08-29T15:00:26.198+0000] {logging_mixin.py:190} INFO - [2024-08-29T15:00:26.197+0000] {dag.py:4138} INFO - Setting next_dagrun for tutorial_objectstorage to None, run_after=None
[2024-08-29T15:00:26.217+0000] {processor.py:208} INFO - Processing /home/airflow/.local/lib/python3.12/site-packages/airflow/example_dags/tutorial_objectstorage.py took 0.061 seconds
[2024-08-29T15:00:57.102+0000] {processor.py:186} INFO - Started process (PID=338) to work on /home/airflow/.local/lib/python3.12/site-packages/airflow/example_dags/tutorial_objectstorage.py
[2024-08-29T15:00:57.103+0000] {processor.py:914} INFO - Processing file /home/airflow/.local/lib/python3.12/site-packages/airflow/example_dags/tutorial_objectstorage.py for tasks to queue
[2024-08-29T15:00:57.105+0000] {logging_mixin.py:190} INFO - [2024-08-29T15:00:57.105+0000] {dagbag.py:587} INFO - Filling up the DagBag from /home/airflow/.local/lib/python3.12/site-packages/airflow/example_dags/tutorial_objectstorage.py
[2024-08-29T15:00:57.113+0000] {processor.py:925} INFO - DAG(s) 'tutorial_objectstorage' retrieved from /home/airflow/.local/lib/python3.12/site-packages/airflow/example_dags/tutorial_objectstorage.py
[2024-08-29T15:00:57.127+0000] {logging_mixin.py:190} INFO - [2024-08-29T15:00:57.127+0000] {dag.py:3211} INFO - Sync 1 DAGs
[2024-08-29T15:00:57.139+0000] {logging_mixin.py:190} INFO - [2024-08-29T15:00:57.138+0000] {dag.py:4138} INFO - Setting next_dagrun for tutorial_objectstorage to None, run_after=None
[2024-08-29T15:00:57.158+0000] {processor.py:208} INFO - Processing /home/airflow/.local/lib/python3.12/site-packages/airflow/example_dags/tutorial_objectstorage.py took 0.060 seconds
[2024-08-29T15:01:27.790+0000] {processor.py:186} INFO - Started process (PID=400) to work on /home/airflow/.local/lib/python3.12/site-packages/airflow/example_dags/tutorial_objectstorage.py
[2024-08-29T15:01:27.791+0000] {processor.py:914} INFO - Processing file /home/airflow/.local/lib/python3.12/site-packages/airflow/example_dags/tutorial_objectstorage.py for tasks to queue
[2024-08-29T15:01:27.793+0000] {logging_mixin.py:190} INFO - [2024-08-29T15:01:27.793+0000] {dagbag.py:587} INFO - Filling up the DagBag from /home/airflow/.local/lib/python3.12/site-packages/airflow/example_dags/tutorial_objectstorage.py
[2024-08-29T15:01:27.800+0000] {processor.py:925} INFO - DAG(s) 'tutorial_objectstorage' retrieved from /home/airflow/.local/lib/python3.12/site-packages/airflow/example_dags/tutorial_objectstorage.py
[2024-08-29T15:01:27.814+0000] {logging_mixin.py:190} INFO - [2024-08-29T15:01:27.813+0000] {dag.py:3211} INFO - Sync 1 DAGs
[2024-08-29T15:01:27.824+0000] {logging_mixin.py:190} INFO - [2024-08-29T15:01:27.824+0000] {dag.py:4138} INFO - Setting next_dagrun for tutorial_objectstorage to None, run_after=None
[2024-08-29T15:01:27.840+0000] {processor.py:208} INFO - Processing /home/airflow/.local/lib/python3.12/site-packages/airflow/example_dags/tutorial_objectstorage.py took 0.054 seconds
[2024-08-29T15:01:58.438+0000] {processor.py:186} INFO - Started process (PID=462) to work on /home/airflow/.local/lib/python3.12/site-packages/airflow/example_dags/tutorial_objectstorage.py
[2024-08-29T15:01:58.438+0000] {processor.py:914} INFO - Processing file /home/airflow/.local/lib/python3.12/site-packages/airflow/example_dags/tutorial_objectstorage.py for tasks to queue
[2024-08-29T15:01:58.441+0000] {logging_mixin.py:190} INFO - [2024-08-29T15:01:58.441+0000] {dagbag.py:587} INFO - Filling up the DagBag from /home/airflow/.local/lib/python3.12/site-packages/airflow/example_dags/tutorial_objectstorage.py
[2024-08-29T15:01:58.448+0000] {processor.py:925} INFO - DAG(s) 'tutorial_objectstorage' retrieved from /home/airflow/.local/lib/python3.12/site-packages/airflow/example_dags/tutorial_objectstorage.py
[2024-08-29T15:01:58.483+0000] {logging_mixin.py:190} INFO - [2024-08-29T15:01:58.483+0000] {dag.py:3211} INFO - Sync 1 DAGs
[2024-08-29T15:01:58.495+0000] {logging_mixin.py:190} INFO - [2024-08-29T15:01:58.495+0000] {dag.py:4138} INFO - Setting next_dagrun for tutorial_objectstorage to None, run_after=None
[2024-08-29T15:01:58.511+0000] {processor.py:208} INFO - Processing /home/airflow/.local/lib/python3.12/site-packages/airflow/example_dags/tutorial_objectstorage.py took 0.078 seconds
[2024-08-29T15:02:28.832+0000] {processor.py:186} INFO - Started process (PID=524) to work on /home/airflow/.local/lib/python3.12/site-packages/airflow/example_dags/tutorial_objectstorage.py
[2024-08-29T15:02:28.833+0000] {processor.py:914} INFO - Processing file /home/airflow/.local/lib/python3.12/site-packages/airflow/example_dags/tutorial_objectstorage.py for tasks to queue
[2024-08-29T15:02:28.835+0000] {logging_mixin.py:190} INFO - [2024-08-29T15:02:28.835+0000] {dagbag.py:587} INFO - Filling up the DagBag from /home/airflow/.local/lib/python3.12/site-packages/airflow/example_dags/tutorial_objectstorage.py
[2024-08-29T15:02:28.842+0000] {processor.py:925} INFO - DAG(s) 'tutorial_objectstorage' retrieved from /home/airflow/.local/lib/python3.12/site-packages/airflow/example_dags/tutorial_objectstorage.py
[2024-08-29T15:02:28.856+0000] {logging_mixin.py:190} INFO - [2024-08-29T15:02:28.856+0000] {dag.py:3211} INFO - Sync 1 DAGs
[2024-08-29T15:02:28.867+0000] {logging_mixin.py:190} INFO - [2024-08-29T15:02:28.867+0000] {dag.py:4138} INFO - Setting next_dagrun for tutorial_objectstorage to None, run_after=None
[2024-08-29T15:02:28.899+0000] {processor.py:208} INFO - Processing /home/airflow/.local/lib/python3.12/site-packages/airflow/example_dags/tutorial_objectstorage.py took 0.072 seconds
[2024-08-29T15:02:59.321+0000] {processor.py:186} INFO - Started process (PID=586) to work on /home/airflow/.local/lib/python3.12/site-packages/airflow/example_dags/tutorial_objectstorage.py
[2024-08-29T15:02:59.322+0000] {processor.py:914} INFO - Processing file /home/airflow/.local/lib/python3.12/site-packages/airflow/example_dags/tutorial_objectstorage.py for tasks to queue
[2024-08-29T15:02:59.324+0000] {logging_mixin.py:190} INFO - [2024-08-29T15:02:59.324+0000] {dagbag.py:587} INFO - Filling up the DagBag from /home/airflow/.local/lib/python3.12/site-packages/airflow/example_dags/tutorial_objectstorage.py
[2024-08-29T15:02:59.331+0000] {processor.py:925} INFO - DAG(s) 'tutorial_objectstorage' retrieved from /home/airflow/.local/lib/python3.12/site-packages/airflow/example_dags/tutorial_objectstorage.py
[2024-08-29T15:02:59.344+0000] {logging_mixin.py:190} INFO - [2024-08-29T15:02:59.344+0000] {dag.py:3211} INFO - Sync 1 DAGs
[2024-08-29T15:02:59.355+0000] {logging_mixin.py:190} INFO - [2024-08-29T15:02:59.355+0000] {dag.py:4138} INFO - Setting next_dagrun for tutorial_objectstorage to None, run_after=None
[2024-08-29T15:02:59.371+0000] {processor.py:208} INFO - Processing /home/airflow/.local/lib/python3.12/site-packages/airflow/example_dags/tutorial_objectstorage.py took 0.054 seconds
[2024-08-29T15:03:30.163+0000] {processor.py:186} INFO - Started process (PID=648) to work on /home/airflow/.local/lib/python3.12/site-packages/airflow/example_dags/tutorial_objectstorage.py
[2024-08-29T15:03:30.164+0000] {processor.py:914} INFO - Processing file /home/airflow/.local/lib/python3.12/site-packages/airflow/example_dags/tutorial_objectstorage.py for tasks to queue
[2024-08-29T15:03:30.166+0000] {logging_mixin.py:190} INFO - [2024-08-29T15:03:30.166+0000] {dagbag.py:587} INFO - Filling up the DagBag from /home/airflow/.local/lib/python3.12/site-packages/airflow/example_dags/tutorial_objectstorage.py
[2024-08-29T15:03:30.175+0000] {processor.py:925} INFO - DAG(s) 'tutorial_objectstorage' retrieved from /home/airflow/.local/lib/python3.12/site-packages/airflow/example_dags/tutorial_objectstorage.py
[2024-08-29T15:03:30.191+0000] {logging_mixin.py:190} INFO - [2024-08-29T15:03:30.191+0000] {dag.py:3211} INFO - Sync 1 DAGs
[2024-08-29T15:03:30.203+0000] {logging_mixin.py:190} INFO - [2024-08-29T15:03:30.202+0000] {dag.py:4138} INFO - Setting next_dagrun for tutorial_objectstorage to None, run_after=None
[2024-08-29T15:03:30.223+0000] {processor.py:208} INFO - Processing /home/airflow/.local/lib/python3.12/site-packages/airflow/example_dags/tutorial_objectstorage.py took 0.065 seconds
[2024-08-29T15:04:01.117+0000] {processor.py:186} INFO - Started process (PID=711) to work on /home/airflow/.local/lib/python3.12/site-packages/airflow/example_dags/tutorial_objectstorage.py
[2024-08-29T15:04:01.118+0000] {processor.py:914} INFO - Processing file /home/airflow/.local/lib/python3.12/site-packages/airflow/example_dags/tutorial_objectstorage.py for tasks to queue
[2024-08-29T15:04:01.120+0000] {logging_mixin.py:190} INFO - [2024-08-29T15:04:01.120+0000] {dagbag.py:587} INFO - Filling up the DagBag from /home/airflow/.local/lib/python3.12/site-packages/airflow/example_dags/tutorial_objectstorage.py
[2024-08-29T15:04:01.126+0000] {processor.py:925} INFO - DAG(s) 'tutorial_objectstorage' retrieved from /home/airflow/.local/lib/python3.12/site-packages/airflow/example_dags/tutorial_objectstorage.py
[2024-08-29T15:04:01.140+0000] {logging_mixin.py:190} INFO - [2024-08-29T15:04:01.139+0000] {dag.py:3211} INFO - Sync 1 DAGs
[2024-08-29T15:04:01.150+0000] {logging_mixin.py:190} INFO - [2024-08-29T15:04:01.150+0000] {dag.py:4138} INFO - Setting next_dagrun for tutorial_objectstorage to None, run_after=None
[2024-08-29T15:04:01.166+0000] {processor.py:208} INFO - Processing /home/airflow/.local/lib/python3.12/site-packages/airflow/example_dags/tutorial_objectstorage.py took 0.052 seconds
[2024-08-29T15:04:32.071+0000] {processor.py:186} INFO - Started process (PID=774) to work on /home/airflow/.local/lib/python3.12/site-packages/airflow/example_dags/tutorial_objectstorage.py
[2024-08-29T15:04:32.072+0000] {processor.py:914} INFO - Processing file /home/airflow/.local/lib/python3.12/site-packages/airflow/example_dags/tutorial_objectstorage.py for tasks to queue
[2024-08-29T15:04:32.073+0000] {logging_mixin.py:190} INFO - [2024-08-29T15:04:32.073+0000] {dagbag.py:587} INFO - Filling up the DagBag from /home/airflow/.local/lib/python3.12/site-packages/airflow/example_dags/tutorial_objectstorage.py
[2024-08-29T15:04:32.086+0000] {processor.py:925} INFO - DAG(s) 'tutorial_objectstorage' retrieved from /home/airflow/.local/lib/python3.12/site-packages/airflow/example_dags/tutorial_objectstorage.py
[2024-08-29T15:04:32.100+0000] {logging_mixin.py:190} INFO - [2024-08-29T15:04:32.099+0000] {dag.py:3211} INFO - Sync 1 DAGs
[2024-08-29T15:04:32.110+0000] {logging_mixin.py:190} INFO - [2024-08-29T15:04:32.110+0000] {dag.py:4138} INFO - Setting next_dagrun for tutorial_objectstorage to None, run_after=None
[2024-08-29T15:04:32.127+0000] {processor.py:208} INFO - Processing /home/airflow/.local/lib/python3.12/site-packages/airflow/example_dags/tutorial_objectstorage.py took 0.060 seconds
[2024-08-29T15:05:03.195+0000] {processor.py:186} INFO - Started process (PID=837) to work on /home/airflow/.local/lib/python3.12/site-packages/airflow/example_dags/tutorial_objectstorage.py
[2024-08-29T15:05:03.197+0000] {processor.py:914} INFO - Processing file /home/airflow/.local/lib/python3.12/site-packages/airflow/example_dags/tutorial_objectstorage.py for tasks to queue
[2024-08-29T15:05:03.199+0000] {logging_mixin.py:190} INFO - [2024-08-29T15:05:03.199+0000] {dagbag.py:587} INFO - Filling up the DagBag from /home/airflow/.local/lib/python3.12/site-packages/airflow/example_dags/tutorial_objectstorage.py
[2024-08-29T15:05:03.206+0000] {processor.py:925} INFO - DAG(s) 'tutorial_objectstorage' retrieved from /home/airflow/.local/lib/python3.12/site-packages/airflow/example_dags/tutorial_objectstorage.py
[2024-08-29T15:05:03.222+0000] {logging_mixin.py:190} INFO - [2024-08-29T15:05:03.221+0000] {dag.py:3211} INFO - Sync 1 DAGs
[2024-08-29T15:05:03.232+0000] {logging_mixin.py:190} INFO - [2024-08-29T15:05:03.231+0000] {dag.py:4138} INFO - Setting next_dagrun for tutorial_objectstorage to None, run_after=None
[2024-08-29T15:05:03.252+0000] {processor.py:208} INFO - Processing /home/airflow/.local/lib/python3.12/site-packages/airflow/example_dags/tutorial_objectstorage.py took 0.062 seconds
[2024-08-29T15:05:33.974+0000] {processor.py:186} INFO - Started process (PID=900) to work on /home/airflow/.local/lib/python3.12/site-packages/airflow/example_dags/tutorial_objectstorage.py
[2024-08-29T15:05:33.975+0000] {processor.py:914} INFO - Processing file /home/airflow/.local/lib/python3.12/site-packages/airflow/example_dags/tutorial_objectstorage.py for tasks to queue
[2024-08-29T15:05:33.977+0000] {logging_mixin.py:190} INFO - [2024-08-29T15:05:33.976+0000] {dagbag.py:587} INFO - Filling up the DagBag from /home/airflow/.local/lib/python3.12/site-packages/airflow/example_dags/tutorial_objectstorage.py
[2024-08-29T15:05:33.984+0000] {processor.py:925} INFO - DAG(s) 'tutorial_objectstorage' retrieved from /home/airflow/.local/lib/python3.12/site-packages/airflow/example_dags/tutorial_objectstorage.py
[2024-08-29T15:05:33.999+0000] {logging_mixin.py:190} INFO - [2024-08-29T15:05:33.999+0000] {dag.py:3211} INFO - Sync 1 DAGs
[2024-08-29T15:05:34.011+0000] {logging_mixin.py:190} INFO - [2024-08-29T15:05:34.011+0000] {dag.py:4138} INFO - Setting next_dagrun for tutorial_objectstorage to None, run_after=None
[2024-08-29T15:05:34.028+0000] {processor.py:208} INFO - Processing /home/airflow/.local/lib/python3.12/site-packages/airflow/example_dags/tutorial_objectstorage.py took 0.060 seconds
[2024-08-29T15:06:04.605+0000] {processor.py:186} INFO - Started process (PID=964) to work on /home/airflow/.local/lib/python3.12/site-packages/airflow/example_dags/tutorial_objectstorage.py
[2024-08-29T15:06:04.607+0000] {processor.py:914} INFO - Processing file /home/airflow/.local/lib/python3.12/site-packages/airflow/example_dags/tutorial_objectstorage.py for tasks to queue
[2024-08-29T15:06:04.609+0000] {logging_mixin.py:190} INFO - [2024-08-29T15:06:04.608+0000] {dagbag.py:587} INFO - Filling up the DagBag from /home/airflow/.local/lib/python3.12/site-packages/airflow/example_dags/tutorial_objectstorage.py
[2024-08-29T15:06:04.616+0000] {processor.py:925} INFO - DAG(s) 'tutorial_objectstorage' retrieved from /home/airflow/.local/lib/python3.12/site-packages/airflow/example_dags/tutorial_objectstorage.py
[2024-08-29T15:06:04.634+0000] {logging_mixin.py:190} INFO - [2024-08-29T15:06:04.634+0000] {dag.py:3211} INFO - Sync 1 DAGs
[2024-08-29T15:06:04.645+0000] {logging_mixin.py:190} INFO - [2024-08-29T15:06:04.645+0000] {dag.py:4138} INFO - Setting next_dagrun for tutorial_objectstorage to None, run_after=None
[2024-08-29T15:06:04.664+0000] {processor.py:208} INFO - Processing /home/airflow/.local/lib/python3.12/site-packages/airflow/example_dags/tutorial_objectstorage.py took 0.062 seconds
[2024-08-29T15:06:35.185+0000] {processor.py:186} INFO - Started process (PID=1027) to work on /home/airflow/.local/lib/python3.12/site-packages/airflow/example_dags/tutorial_objectstorage.py
[2024-08-29T15:06:35.186+0000] {processor.py:914} INFO - Processing file /home/airflow/.local/lib/python3.12/site-packages/airflow/example_dags/tutorial_objectstorage.py for tasks to queue
[2024-08-29T15:06:35.188+0000] {logging_mixin.py:190} INFO - [2024-08-29T15:06:35.187+0000] {dagbag.py:587} INFO - Filling up the DagBag from /home/airflow/.local/lib/python3.12/site-packages/airflow/example_dags/tutorial_objectstorage.py
[2024-08-29T15:06:35.194+0000] {processor.py:925} INFO - DAG(s) 'tutorial_objectstorage' retrieved from /home/airflow/.local/lib/python3.12/site-packages/airflow/example_dags/tutorial_objectstorage.py
[2024-08-29T15:06:35.208+0000] {logging_mixin.py:190} INFO - [2024-08-29T15:06:35.208+0000] {dag.py:3211} INFO - Sync 1 DAGs
[2024-08-29T15:06:35.219+0000] {logging_mixin.py:190} INFO - [2024-08-29T15:06:35.219+0000] {dag.py:4138} INFO - Setting next_dagrun for tutorial_objectstorage to None, run_after=None
[2024-08-29T15:06:35.238+0000] {processor.py:208} INFO - Processing /home/airflow/.local/lib/python3.12/site-packages/airflow/example_dags/tutorial_objectstorage.py took 0.057 seconds
[2024-08-29T15:07:05.711+0000] {processor.py:186} INFO - Started process (PID=1090) to work on /home/airflow/.local/lib/python3.12/site-packages/airflow/example_dags/tutorial_objectstorage.py
[2024-08-29T15:07:05.712+0000] {processor.py:914} INFO - Processing file /home/airflow/.local/lib/python3.12/site-packages/airflow/example_dags/tutorial_objectstorage.py for tasks to queue
[2024-08-29T15:07:05.713+0000] {logging_mixin.py:190} INFO - [2024-08-29T15:07:05.713+0000] {dagbag.py:587} INFO - Filling up the DagBag from /home/airflow/.local/lib/python3.12/site-packages/airflow/example_dags/tutorial_objectstorage.py
[2024-08-29T15:07:05.721+0000] {processor.py:925} INFO - DAG(s) 'tutorial_objectstorage' retrieved from /home/airflow/.local/lib/python3.12/site-packages/airflow/example_dags/tutorial_objectstorage.py
[2024-08-29T15:07:05.734+0000] {logging_mixin.py:190} INFO - [2024-08-29T15:07:05.733+0000] {dag.py:3211} INFO - Sync 1 DAGs
[2024-08-29T15:07:05.743+0000] {logging_mixin.py:190} INFO - [2024-08-29T15:07:05.743+0000] {dag.py:4138} INFO - Setting next_dagrun for tutorial_objectstorage to None, run_after=None
[2024-08-29T15:07:05.759+0000] {processor.py:208} INFO - Processing /home/airflow/.local/lib/python3.12/site-packages/airflow/example_dags/tutorial_objectstorage.py took 0.052 seconds
[2024-08-29T15:07:36.531+0000] {processor.py:186} INFO - Started process (PID=1153) to work on /home/airflow/.local/lib/python3.12/site-packages/airflow/example_dags/tutorial_objectstorage.py
[2024-08-29T15:07:36.532+0000] {processor.py:914} INFO - Processing file /home/airflow/.local/lib/python3.12/site-packages/airflow/example_dags/tutorial_objectstorage.py for tasks to queue
[2024-08-29T15:07:36.533+0000] {logging_mixin.py:190} INFO - [2024-08-29T15:07:36.533+0000] {dagbag.py:587} INFO - Filling up the DagBag from /home/airflow/.local/lib/python3.12/site-packages/airflow/example_dags/tutorial_objectstorage.py
[2024-08-29T15:07:36.539+0000] {processor.py:925} INFO - DAG(s) 'tutorial_objectstorage' retrieved from /home/airflow/.local/lib/python3.12/site-packages/airflow/example_dags/tutorial_objectstorage.py
[2024-08-29T15:07:36.552+0000] {logging_mixin.py:190} INFO - [2024-08-29T15:07:36.552+0000] {dag.py:3211} INFO - Sync 1 DAGs
[2024-08-29T15:07:36.562+0000] {logging_mixin.py:190} INFO - [2024-08-29T15:07:36.562+0000] {dag.py:4138} INFO - Setting next_dagrun for tutorial_objectstorage to None, run_after=None
[2024-08-29T15:07:36.577+0000] {processor.py:208} INFO - Processing /home/airflow/.local/lib/python3.12/site-packages/airflow/example_dags/tutorial_objectstorage.py took 0.050 seconds
[2024-08-29T15:08:06.872+0000] {processor.py:186} INFO - Started process (PID=1216) to work on /home/airflow/.local/lib/python3.12/site-packages/airflow/example_dags/tutorial_objectstorage.py
[2024-08-29T15:08:06.873+0000] {processor.py:914} INFO - Processing file /home/airflow/.local/lib/python3.12/site-packages/airflow/example_dags/tutorial_objectstorage.py for tasks to queue
[2024-08-29T15:08:06.875+0000] {logging_mixin.py:190} INFO - [2024-08-29T15:08:06.875+0000] {dagbag.py:587} INFO - Filling up the DagBag from /home/airflow/.local/lib/python3.12/site-packages/airflow/example_dags/tutorial_objectstorage.py
[2024-08-29T15:08:06.881+0000] {processor.py:925} INFO - DAG(s) 'tutorial_objectstorage' retrieved from /home/airflow/.local/lib/python3.12/site-packages/airflow/example_dags/tutorial_objectstorage.py
[2024-08-29T15:08:06.895+0000] {logging_mixin.py:190} INFO - [2024-08-29T15:08:06.895+0000] {dag.py:3211} INFO - Sync 1 DAGs
[2024-08-29T15:08:06.905+0000] {logging_mixin.py:190} INFO - [2024-08-29T15:08:06.905+0000] {dag.py:4138} INFO - Setting next_dagrun for tutorial_objectstorage to None, run_after=None
[2024-08-29T15:08:06.923+0000] {processor.py:208} INFO - Processing /home/airflow/.local/lib/python3.12/site-packages/airflow/example_dags/tutorial_objectstorage.py took 0.054 seconds
[2024-08-29T15:08:37.434+0000] {processor.py:186} INFO - Started process (PID=1279) to work on /home/airflow/.local/lib/python3.12/site-packages/airflow/example_dags/tutorial_objectstorage.py
[2024-08-29T15:08:37.435+0000] {processor.py:914} INFO - Processing file /home/airflow/.local/lib/python3.12/site-packages/airflow/example_dags/tutorial_objectstorage.py for tasks to queue
[2024-08-29T15:08:37.437+0000] {logging_mixin.py:190} INFO - [2024-08-29T15:08:37.437+0000] {dagbag.py:587} INFO - Filling up the DagBag from /home/airflow/.local/lib/python3.12/site-packages/airflow/example_dags/tutorial_objectstorage.py
[2024-08-29T15:08:37.444+0000] {processor.py:925} INFO - DAG(s) 'tutorial_objectstorage' retrieved from /home/airflow/.local/lib/python3.12/site-packages/airflow/example_dags/tutorial_objectstorage.py
[2024-08-29T15:08:37.459+0000] {logging_mixin.py:190} INFO - [2024-08-29T15:08:37.459+0000] {dag.py:3211} INFO - Sync 1 DAGs
[2024-08-29T15:08:37.470+0000] {logging_mixin.py:190} INFO - [2024-08-29T15:08:37.470+0000] {dag.py:4138} INFO - Setting next_dagrun for tutorial_objectstorage to None, run_after=None
[2024-08-29T15:08:37.491+0000] {processor.py:208} INFO - Processing /home/airflow/.local/lib/python3.12/site-packages/airflow/example_dags/tutorial_objectstorage.py took 0.061 seconds
[2024-08-29T15:09:08.022+0000] {processor.py:186} INFO - Started process (PID=1342) to work on /home/airflow/.local/lib/python3.12/site-packages/airflow/example_dags/tutorial_objectstorage.py
[2024-08-29T15:09:08.023+0000] {processor.py:914} INFO - Processing file /home/airflow/.local/lib/python3.12/site-packages/airflow/example_dags/tutorial_objectstorage.py for tasks to queue
[2024-08-29T15:09:08.025+0000] {logging_mixin.py:190} INFO - [2024-08-29T15:09:08.025+0000] {dagbag.py:587} INFO - Filling up the DagBag from /home/airflow/.local/lib/python3.12/site-packages/airflow/example_dags/tutorial_objectstorage.py
[2024-08-29T15:09:08.032+0000] {processor.py:925} INFO - DAG(s) 'tutorial_objectstorage' retrieved from /home/airflow/.local/lib/python3.12/site-packages/airflow/example_dags/tutorial_objectstorage.py
[2024-08-29T15:09:08.047+0000] {logging_mixin.py:190} INFO - [2024-08-29T15:09:08.047+0000] {dag.py:3211} INFO - Sync 1 DAGs
[2024-08-29T15:09:08.057+0000] {logging_mixin.py:190} INFO - [2024-08-29T15:09:08.057+0000] {dag.py:4138} INFO - Setting next_dagrun for tutorial_objectstorage to None, run_after=None
[2024-08-29T15:09:08.073+0000] {processor.py:208} INFO - Processing /home/airflow/.local/lib/python3.12/site-packages/airflow/example_dags/tutorial_objectstorage.py took 0.056 seconds
[2024-08-29T15:09:38.972+0000] {processor.py:186} INFO - Started process (PID=1406) to work on /home/airflow/.local/lib/python3.12/site-packages/airflow/example_dags/tutorial_objectstorage.py
[2024-08-29T15:09:38.973+0000] {processor.py:914} INFO - Processing file /home/airflow/.local/lib/python3.12/site-packages/airflow/example_dags/tutorial_objectstorage.py for tasks to queue
[2024-08-29T15:09:38.974+0000] {logging_mixin.py:190} INFO - [2024-08-29T15:09:38.974+0000] {dagbag.py:587} INFO - Filling up the DagBag from /home/airflow/.local/lib/python3.12/site-packages/airflow/example_dags/tutorial_objectstorage.py
[2024-08-29T15:09:38.981+0000] {processor.py:925} INFO - DAG(s) 'tutorial_objectstorage' retrieved from /home/airflow/.local/lib/python3.12/site-packages/airflow/example_dags/tutorial_objectstorage.py
[2024-08-29T15:09:38.994+0000] {logging_mixin.py:190} INFO - [2024-08-29T15:09:38.994+0000] {dag.py:3211} INFO - Sync 1 DAGs
[2024-08-29T15:09:39.005+0000] {logging_mixin.py:190} INFO - [2024-08-29T15:09:39.005+0000] {dag.py:4138} INFO - Setting next_dagrun for tutorial_objectstorage to None, run_after=None
[2024-08-29T15:09:39.021+0000] {processor.py:208} INFO - Processing /home/airflow/.local/lib/python3.12/site-packages/airflow/example_dags/tutorial_objectstorage.py took 0.053 seconds
[2024-08-29T15:10:09.690+0000] {processor.py:186} INFO - Started process (PID=1469) to work on /home/airflow/.local/lib/python3.12/site-packages/airflow/example_dags/tutorial_objectstorage.py
[2024-08-29T15:10:09.691+0000] {processor.py:914} INFO - Processing file /home/airflow/.local/lib/python3.12/site-packages/airflow/example_dags/tutorial_objectstorage.py for tasks to queue
[2024-08-29T15:10:09.693+0000] {logging_mixin.py:190} INFO - [2024-08-29T15:10:09.693+0000] {dagbag.py:587} INFO - Filling up the DagBag from /home/airflow/.local/lib/python3.12/site-packages/airflow/example_dags/tutorial_objectstorage.py
[2024-08-29T15:10:09.700+0000] {processor.py:925} INFO - DAG(s) 'tutorial_objectstorage' retrieved from /home/airflow/.local/lib/python3.12/site-packages/airflow/example_dags/tutorial_objectstorage.py
[2024-08-29T15:10:09.717+0000] {logging_mixin.py:190} INFO - [2024-08-29T15:10:09.716+0000] {dag.py:3211} INFO - Sync 1 DAGs
[2024-08-29T15:10:09.727+0000] {logging_mixin.py:190} INFO - [2024-08-29T15:10:09.727+0000] {dag.py:4138} INFO - Setting next_dagrun for tutorial_objectstorage to None, run_after=None
[2024-08-29T15:10:09.745+0000] {processor.py:208} INFO - Processing /home/airflow/.local/lib/python3.12/site-packages/airflow/example_dags/tutorial_objectstorage.py took 0.062 seconds
[2024-08-29T15:11:16.432+0000] {processor.py:186} INFO - Started process (PID=85) to work on /home/airflow/.local/lib/python3.12/site-packages/airflow/example_dags/tutorial_objectstorage.py
[2024-08-29T15:11:16.433+0000] {processor.py:914} INFO - Processing file /home/airflow/.local/lib/python3.12/site-packages/airflow/example_dags/tutorial_objectstorage.py for tasks to queue
[2024-08-29T15:11:16.435+0000] {logging_mixin.py:190} INFO - [2024-08-29T15:11:16.435+0000] {dagbag.py:587} INFO - Filling up the DagBag from /home/airflow/.local/lib/python3.12/site-packages/airflow/example_dags/tutorial_objectstorage.py
[2024-08-29T15:11:16.442+0000] {processor.py:925} INFO - DAG(s) 'tutorial_objectstorage' retrieved from /home/airflow/.local/lib/python3.12/site-packages/airflow/example_dags/tutorial_objectstorage.py
[2024-08-29T15:11:16.457+0000] {logging_mixin.py:190} INFO - [2024-08-29T15:11:16.457+0000] {dag.py:3211} INFO - Sync 1 DAGs
[2024-08-29T15:11:16.467+0000] {logging_mixin.py:190} INFO - [2024-08-29T15:11:16.467+0000] {dag.py:4138} INFO - Setting next_dagrun for tutorial_objectstorage to None, run_after=None
[2024-08-29T15:11:16.485+0000] {processor.py:208} INFO - Processing /home/airflow/.local/lib/python3.12/site-packages/airflow/example_dags/tutorial_objectstorage.py took 0.057 seconds
[2024-08-29T15:11:47.363+0000] {processor.py:186} INFO - Started process (PID=149) to work on /home/airflow/.local/lib/python3.12/site-packages/airflow/example_dags/tutorial_objectstorage.py
[2024-08-29T15:11:47.364+0000] {processor.py:914} INFO - Processing file /home/airflow/.local/lib/python3.12/site-packages/airflow/example_dags/tutorial_objectstorage.py for tasks to queue
[2024-08-29T15:11:47.366+0000] {logging_mixin.py:190} INFO - [2024-08-29T15:11:47.366+0000] {dagbag.py:587} INFO - Filling up the DagBag from /home/airflow/.local/lib/python3.12/site-packages/airflow/example_dags/tutorial_objectstorage.py
[2024-08-29T15:11:47.374+0000] {processor.py:925} INFO - DAG(s) 'tutorial_objectstorage' retrieved from /home/airflow/.local/lib/python3.12/site-packages/airflow/example_dags/tutorial_objectstorage.py
[2024-08-29T15:11:47.391+0000] {logging_mixin.py:190} INFO - [2024-08-29T15:11:47.390+0000] {dag.py:3211} INFO - Sync 1 DAGs
[2024-08-29T15:11:47.402+0000] {logging_mixin.py:190} INFO - [2024-08-29T15:11:47.402+0000] {dag.py:4138} INFO - Setting next_dagrun for tutorial_objectstorage to None, run_after=None
[2024-08-29T15:11:47.420+0000] {processor.py:208} INFO - Processing /home/airflow/.local/lib/python3.12/site-packages/airflow/example_dags/tutorial_objectstorage.py took 0.062 seconds
[2024-08-29T15:12:18.223+0000] {processor.py:186} INFO - Started process (PID=212) to work on /home/airflow/.local/lib/python3.12/site-packages/airflow/example_dags/tutorial_objectstorage.py
[2024-08-29T15:12:18.224+0000] {processor.py:914} INFO - Processing file /home/airflow/.local/lib/python3.12/site-packages/airflow/example_dags/tutorial_objectstorage.py for tasks to queue
[2024-08-29T15:12:18.226+0000] {logging_mixin.py:190} INFO - [2024-08-29T15:12:18.225+0000] {dagbag.py:587} INFO - Filling up the DagBag from /home/airflow/.local/lib/python3.12/site-packages/airflow/example_dags/tutorial_objectstorage.py
[2024-08-29T15:12:18.233+0000] {processor.py:925} INFO - DAG(s) 'tutorial_objectstorage' retrieved from /home/airflow/.local/lib/python3.12/site-packages/airflow/example_dags/tutorial_objectstorage.py
[2024-08-29T15:12:18.248+0000] {logging_mixin.py:190} INFO - [2024-08-29T15:12:18.248+0000] {dag.py:3211} INFO - Sync 1 DAGs
[2024-08-29T15:12:18.258+0000] {logging_mixin.py:190} INFO - [2024-08-29T15:12:18.258+0000] {dag.py:4138} INFO - Setting next_dagrun for tutorial_objectstorage to None, run_after=None
[2024-08-29T15:12:18.282+0000] {processor.py:208} INFO - Processing /home/airflow/.local/lib/python3.12/site-packages/airflow/example_dags/tutorial_objectstorage.py took 0.064 seconds
[2024-08-29T15:12:49.321+0000] {processor.py:186} INFO - Started process (PID=281) to work on /home/airflow/.local/lib/python3.12/site-packages/airflow/example_dags/tutorial_objectstorage.py
[2024-08-29T15:12:49.322+0000] {processor.py:914} INFO - Processing file /home/airflow/.local/lib/python3.12/site-packages/airflow/example_dags/tutorial_objectstorage.py for tasks to queue
[2024-08-29T15:12:49.324+0000] {logging_mixin.py:190} INFO - [2024-08-29T15:12:49.324+0000] {dagbag.py:587} INFO - Filling up the DagBag from /home/airflow/.local/lib/python3.12/site-packages/airflow/example_dags/tutorial_objectstorage.py
[2024-08-29T15:12:49.331+0000] {processor.py:925} INFO - DAG(s) 'tutorial_objectstorage' retrieved from /home/airflow/.local/lib/python3.12/site-packages/airflow/example_dags/tutorial_objectstorage.py
[2024-08-29T15:12:49.347+0000] {logging_mixin.py:190} INFO - [2024-08-29T15:12:49.347+0000] {dag.py:3211} INFO - Sync 1 DAGs
[2024-08-29T15:12:49.359+0000] {logging_mixin.py:190} INFO - [2024-08-29T15:12:49.359+0000] {dag.py:4138} INFO - Setting next_dagrun for tutorial_objectstorage to None, run_after=None
[2024-08-29T15:12:49.379+0000] {processor.py:208} INFO - Processing /home/airflow/.local/lib/python3.12/site-packages/airflow/example_dags/tutorial_objectstorage.py took 0.062 seconds
[2024-08-29T15:13:19.674+0000] {processor.py:186} INFO - Started process (PID=344) to work on /home/airflow/.local/lib/python3.12/site-packages/airflow/example_dags/tutorial_objectstorage.py
[2024-08-29T15:13:19.675+0000] {processor.py:914} INFO - Processing file /home/airflow/.local/lib/python3.12/site-packages/airflow/example_dags/tutorial_objectstorage.py for tasks to queue
[2024-08-29T15:13:19.678+0000] {logging_mixin.py:190} INFO - [2024-08-29T15:13:19.677+0000] {dagbag.py:587} INFO - Filling up the DagBag from /home/airflow/.local/lib/python3.12/site-packages/airflow/example_dags/tutorial_objectstorage.py
[2024-08-29T15:13:19.684+0000] {processor.py:925} INFO - DAG(s) 'tutorial_objectstorage' retrieved from /home/airflow/.local/lib/python3.12/site-packages/airflow/example_dags/tutorial_objectstorage.py
[2024-08-29T15:13:19.699+0000] {logging_mixin.py:190} INFO - [2024-08-29T15:13:19.699+0000] {dag.py:3211} INFO - Sync 1 DAGs
[2024-08-29T15:13:19.711+0000] {logging_mixin.py:190} INFO - [2024-08-29T15:13:19.710+0000] {dag.py:4138} INFO - Setting next_dagrun for tutorial_objectstorage to None, run_after=None
[2024-08-29T15:13:19.726+0000] {processor.py:208} INFO - Processing /home/airflow/.local/lib/python3.12/site-packages/airflow/example_dags/tutorial_objectstorage.py took 0.057 seconds
[2024-08-29T15:13:50.415+0000] {processor.py:186} INFO - Started process (PID=407) to work on /home/airflow/.local/lib/python3.12/site-packages/airflow/example_dags/tutorial_objectstorage.py
[2024-08-29T15:13:50.416+0000] {processor.py:914} INFO - Processing file /home/airflow/.local/lib/python3.12/site-packages/airflow/example_dags/tutorial_objectstorage.py for tasks to queue
[2024-08-29T15:13:50.419+0000] {logging_mixin.py:190} INFO - [2024-08-29T15:13:50.418+0000] {dagbag.py:587} INFO - Filling up the DagBag from /home/airflow/.local/lib/python3.12/site-packages/airflow/example_dags/tutorial_objectstorage.py
[2024-08-29T15:13:50.426+0000] {processor.py:925} INFO - DAG(s) 'tutorial_objectstorage' retrieved from /home/airflow/.local/lib/python3.12/site-packages/airflow/example_dags/tutorial_objectstorage.py
[2024-08-29T15:13:50.445+0000] {logging_mixin.py:190} INFO - [2024-08-29T15:13:50.445+0000] {dag.py:3211} INFO - Sync 1 DAGs
[2024-08-29T15:13:50.457+0000] {logging_mixin.py:190} INFO - [2024-08-29T15:13:50.457+0000] {dag.py:4138} INFO - Setting next_dagrun for tutorial_objectstorage to None, run_after=None
[2024-08-29T15:13:50.476+0000] {processor.py:208} INFO - Processing /home/airflow/.local/lib/python3.12/site-packages/airflow/example_dags/tutorial_objectstorage.py took 0.070 seconds
[2024-08-29T15:14:20.870+0000] {processor.py:186} INFO - Started process (PID=470) to work on /home/airflow/.local/lib/python3.12/site-packages/airflow/example_dags/tutorial_objectstorage.py
[2024-08-29T15:14:20.871+0000] {processor.py:914} INFO - Processing file /home/airflow/.local/lib/python3.12/site-packages/airflow/example_dags/tutorial_objectstorage.py for tasks to queue
[2024-08-29T15:14:20.873+0000] {logging_mixin.py:190} INFO - [2024-08-29T15:14:20.873+0000] {dagbag.py:587} INFO - Filling up the DagBag from /home/airflow/.local/lib/python3.12/site-packages/airflow/example_dags/tutorial_objectstorage.py
[2024-08-29T15:14:20.880+0000] {processor.py:925} INFO - DAG(s) 'tutorial_objectstorage' retrieved from /home/airflow/.local/lib/python3.12/site-packages/airflow/example_dags/tutorial_objectstorage.py
[2024-08-29T15:14:20.895+0000] {logging_mixin.py:190} INFO - [2024-08-29T15:14:20.894+0000] {dag.py:3211} INFO - Sync 1 DAGs
[2024-08-29T15:14:20.905+0000] {logging_mixin.py:190} INFO - [2024-08-29T15:14:20.905+0000] {dag.py:4138} INFO - Setting next_dagrun for tutorial_objectstorage to None, run_after=None
[2024-08-29T15:14:20.920+0000] {processor.py:208} INFO - Processing /home/airflow/.local/lib/python3.12/site-packages/airflow/example_dags/tutorial_objectstorage.py took 0.054 seconds
[2024-08-29T15:14:51.723+0000] {processor.py:186} INFO - Started process (PID=533) to work on /home/airflow/.local/lib/python3.12/site-packages/airflow/example_dags/tutorial_objectstorage.py
[2024-08-29T15:14:51.724+0000] {processor.py:914} INFO - Processing file /home/airflow/.local/lib/python3.12/site-packages/airflow/example_dags/tutorial_objectstorage.py for tasks to queue
[2024-08-29T15:14:51.727+0000] {logging_mixin.py:190} INFO - [2024-08-29T15:14:51.727+0000] {dagbag.py:587} INFO - Filling up the DagBag from /home/airflow/.local/lib/python3.12/site-packages/airflow/example_dags/tutorial_objectstorage.py
[2024-08-29T15:14:51.736+0000] {processor.py:925} INFO - DAG(s) 'tutorial_objectstorage' retrieved from /home/airflow/.local/lib/python3.12/site-packages/airflow/example_dags/tutorial_objectstorage.py
[2024-08-29T15:14:51.755+0000] {logging_mixin.py:190} INFO - [2024-08-29T15:14:51.755+0000] {dag.py:3211} INFO - Sync 1 DAGs
[2024-08-29T15:14:51.766+0000] {logging_mixin.py:190} INFO - [2024-08-29T15:14:51.766+0000] {dag.py:4138} INFO - Setting next_dagrun for tutorial_objectstorage to None, run_after=None
[2024-08-29T15:14:51.785+0000] {processor.py:208} INFO - Processing /home/airflow/.local/lib/python3.12/site-packages/airflow/example_dags/tutorial_objectstorage.py took 0.066 seconds
[2024-08-29T15:15:23.222+0000] {processor.py:186} INFO - Started process (PID=596) to work on /home/airflow/.local/lib/python3.12/site-packages/airflow/example_dags/tutorial_objectstorage.py
[2024-08-29T15:15:23.223+0000] {processor.py:914} INFO - Processing file /home/airflow/.local/lib/python3.12/site-packages/airflow/example_dags/tutorial_objectstorage.py for tasks to queue
[2024-08-29T15:15:23.226+0000] {logging_mixin.py:190} INFO - [2024-08-29T15:15:23.226+0000] {dagbag.py:587} INFO - Filling up the DagBag from /home/airflow/.local/lib/python3.12/site-packages/airflow/example_dags/tutorial_objectstorage.py
[2024-08-29T15:15:23.232+0000] {processor.py:925} INFO - DAG(s) 'tutorial_objectstorage' retrieved from /home/airflow/.local/lib/python3.12/site-packages/airflow/example_dags/tutorial_objectstorage.py
[2024-08-29T15:15:23.254+0000] {logging_mixin.py:190} INFO - [2024-08-29T15:15:23.254+0000] {dag.py:3211} INFO - Sync 1 DAGs
[2024-08-29T15:15:23.267+0000] {logging_mixin.py:190} INFO - [2024-08-29T15:15:23.267+0000] {dag.py:4138} INFO - Setting next_dagrun for tutorial_objectstorage to None, run_after=None
[2024-08-29T15:15:23.290+0000] {processor.py:208} INFO - Processing /home/airflow/.local/lib/python3.12/site-packages/airflow/example_dags/tutorial_objectstorage.py took 0.072 seconds
[2024-08-29T15:15:53.385+0000] {processor.py:186} INFO - Started process (PID=659) to work on /home/airflow/.local/lib/python3.12/site-packages/airflow/example_dags/tutorial_objectstorage.py
[2024-08-29T15:15:53.386+0000] {processor.py:914} INFO - Processing file /home/airflow/.local/lib/python3.12/site-packages/airflow/example_dags/tutorial_objectstorage.py for tasks to queue
[2024-08-29T15:15:53.389+0000] {logging_mixin.py:190} INFO - [2024-08-29T15:15:53.388+0000] {dagbag.py:587} INFO - Filling up the DagBag from /home/airflow/.local/lib/python3.12/site-packages/airflow/example_dags/tutorial_objectstorage.py
[2024-08-29T15:15:53.397+0000] {processor.py:925} INFO - DAG(s) 'tutorial_objectstorage' retrieved from /home/airflow/.local/lib/python3.12/site-packages/airflow/example_dags/tutorial_objectstorage.py
[2024-08-29T15:15:53.413+0000] {logging_mixin.py:190} INFO - [2024-08-29T15:15:53.413+0000] {dag.py:3211} INFO - Sync 1 DAGs
[2024-08-29T15:15:53.425+0000] {logging_mixin.py:190} INFO - [2024-08-29T15:15:53.424+0000] {dag.py:4138} INFO - Setting next_dagrun for tutorial_objectstorage to None, run_after=None
[2024-08-29T15:15:53.442+0000] {processor.py:208} INFO - Processing /home/airflow/.local/lib/python3.12/site-packages/airflow/example_dags/tutorial_objectstorage.py took 0.063 seconds
