[2024-08-28T16:30:10.894+0000] {processor.py:186} INFO - Started process (PID=111) to work on /home/airflow/.local/lib/python3.12/site-packages/airflow/example_dags/example_sensor_decorator.py
[2024-08-28T16:30:10.895+0000] {processor.py:914} INFO - Processing file /home/airflow/.local/lib/python3.12/site-packages/airflow/example_dags/example_sensor_decorator.py for tasks to queue
[2024-08-28T16:30:10.897+0000] {logging_mixin.py:190} INFO - [2024-08-28T16:30:10.897+0000] {dagbag.py:587} INFO - Filling up the DagBag from /home/airflow/.local/lib/python3.12/site-packages/airflow/example_dags/example_sensor_decorator.py
[2024-08-28T16:30:10.904+0000] {processor.py:925} INFO - DAG(s) 'example_sensor_decorator' retrieved from /home/airflow/.local/lib/python3.12/site-packages/airflow/example_dags/example_sensor_decorator.py
[2024-08-28T16:30:10.979+0000] {logging_mixin.py:190} INFO - [2024-08-28T16:30:10.978+0000] {override.py:1858} INFO - Created Permission View: can read on DAG:example_sensor_decorator
[2024-08-28T16:30:10.987+0000] {logging_mixin.py:190} INFO - [2024-08-28T16:30:10.987+0000] {override.py:1858} INFO - Created Permission View: can delete on DAG:example_sensor_decorator
[2024-08-28T16:30:10.994+0000] {logging_mixin.py:190} INFO - [2024-08-28T16:30:10.994+0000] {override.py:1858} INFO - Created Permission View: can edit on DAG:example_sensor_decorator
[2024-08-28T16:30:10.995+0000] {logging_mixin.py:190} INFO - [2024-08-28T16:30:10.994+0000] {dag.py:3211} INFO - Sync 1 DAGs
[2024-08-28T16:30:11.003+0000] {logging_mixin.py:190} INFO - [2024-08-28T16:30:11.003+0000] {dag.py:3234} INFO - Creating ORM DAG for example_sensor_decorator
[2024-08-28T16:30:11.004+0000] {logging_mixin.py:190} INFO - [2024-08-28T16:30:11.004+0000] {dag.py:4138} INFO - Setting next_dagrun for example_sensor_decorator to None, run_after=None
[2024-08-28T16:30:11.017+0000] {processor.py:208} INFO - Processing /home/airflow/.local/lib/python3.12/site-packages/airflow/example_dags/example_sensor_decorator.py took 0.127 seconds
[2024-08-28T16:30:41.073+0000] {processor.py:186} INFO - Started process (PID=173) to work on /home/airflow/.local/lib/python3.12/site-packages/airflow/example_dags/example_sensor_decorator.py
[2024-08-28T16:30:41.074+0000] {processor.py:914} INFO - Processing file /home/airflow/.local/lib/python3.12/site-packages/airflow/example_dags/example_sensor_decorator.py for tasks to queue
[2024-08-28T16:30:41.077+0000] {logging_mixin.py:190} INFO - [2024-08-28T16:30:41.076+0000] {dagbag.py:587} INFO - Filling up the DagBag from /home/airflow/.local/lib/python3.12/site-packages/airflow/example_dags/example_sensor_decorator.py
[2024-08-28T16:30:41.082+0000] {processor.py:925} INFO - DAG(s) 'example_sensor_decorator' retrieved from /home/airflow/.local/lib/python3.12/site-packages/airflow/example_dags/example_sensor_decorator.py
[2024-08-28T16:30:41.099+0000] {logging_mixin.py:190} INFO - [2024-08-28T16:30:41.099+0000] {dag.py:3211} INFO - Sync 1 DAGs
[2024-08-28T16:30:41.109+0000] {logging_mixin.py:190} INFO - [2024-08-28T16:30:41.109+0000] {dag.py:4138} INFO - Setting next_dagrun for example_sensor_decorator to None, run_after=None
[2024-08-28T16:30:41.129+0000] {processor.py:208} INFO - Processing /home/airflow/.local/lib/python3.12/site-packages/airflow/example_dags/example_sensor_decorator.py took 0.060 seconds
[2024-08-28T16:31:12.314+0000] {processor.py:186} INFO - Started process (PID=235) to work on /home/airflow/.local/lib/python3.12/site-packages/airflow/example_dags/example_sensor_decorator.py
[2024-08-28T16:31:12.315+0000] {processor.py:914} INFO - Processing file /home/airflow/.local/lib/python3.12/site-packages/airflow/example_dags/example_sensor_decorator.py for tasks to queue
[2024-08-28T16:31:12.318+0000] {logging_mixin.py:190} INFO - [2024-08-28T16:31:12.317+0000] {dagbag.py:587} INFO - Filling up the DagBag from /home/airflow/.local/lib/python3.12/site-packages/airflow/example_dags/example_sensor_decorator.py
[2024-08-28T16:31:12.324+0000] {processor.py:925} INFO - DAG(s) 'example_sensor_decorator' retrieved from /home/airflow/.local/lib/python3.12/site-packages/airflow/example_dags/example_sensor_decorator.py
[2024-08-28T16:31:12.345+0000] {logging_mixin.py:190} INFO - [2024-08-28T16:31:12.345+0000] {dag.py:3211} INFO - Sync 1 DAGs
[2024-08-28T16:31:12.357+0000] {logging_mixin.py:190} INFO - [2024-08-28T16:31:12.357+0000] {dag.py:4138} INFO - Setting next_dagrun for example_sensor_decorator to None, run_after=None
[2024-08-28T16:31:12.374+0000] {processor.py:208} INFO - Processing /home/airflow/.local/lib/python3.12/site-packages/airflow/example_dags/example_sensor_decorator.py took 0.064 seconds
[2024-08-28T16:31:42.726+0000] {processor.py:186} INFO - Started process (PID=297) to work on /home/airflow/.local/lib/python3.12/site-packages/airflow/example_dags/example_sensor_decorator.py
[2024-08-28T16:31:42.728+0000] {processor.py:914} INFO - Processing file /home/airflow/.local/lib/python3.12/site-packages/airflow/example_dags/example_sensor_decorator.py for tasks to queue
[2024-08-28T16:31:42.730+0000] {logging_mixin.py:190} INFO - [2024-08-28T16:31:42.730+0000] {dagbag.py:587} INFO - Filling up the DagBag from /home/airflow/.local/lib/python3.12/site-packages/airflow/example_dags/example_sensor_decorator.py
[2024-08-28T16:31:42.739+0000] {processor.py:925} INFO - DAG(s) 'example_sensor_decorator' retrieved from /home/airflow/.local/lib/python3.12/site-packages/airflow/example_dags/example_sensor_decorator.py
[2024-08-28T16:31:42.755+0000] {logging_mixin.py:190} INFO - [2024-08-28T16:31:42.755+0000] {dag.py:3211} INFO - Sync 1 DAGs
[2024-08-28T16:31:42.767+0000] {logging_mixin.py:190} INFO - [2024-08-28T16:31:42.767+0000] {dag.py:4138} INFO - Setting next_dagrun for example_sensor_decorator to None, run_after=None
[2024-08-28T16:31:42.785+0000] {processor.py:208} INFO - Processing /home/airflow/.local/lib/python3.12/site-packages/airflow/example_dags/example_sensor_decorator.py took 0.063 seconds
[2024-08-28T16:32:13.510+0000] {processor.py:186} INFO - Started process (PID=359) to work on /home/airflow/.local/lib/python3.12/site-packages/airflow/example_dags/example_sensor_decorator.py
[2024-08-28T16:32:13.511+0000] {processor.py:914} INFO - Processing file /home/airflow/.local/lib/python3.12/site-packages/airflow/example_dags/example_sensor_decorator.py for tasks to queue
[2024-08-28T16:32:13.513+0000] {logging_mixin.py:190} INFO - [2024-08-28T16:32:13.512+0000] {dagbag.py:587} INFO - Filling up the DagBag from /home/airflow/.local/lib/python3.12/site-packages/airflow/example_dags/example_sensor_decorator.py
[2024-08-28T16:32:13.518+0000] {processor.py:925} INFO - DAG(s) 'example_sensor_decorator' retrieved from /home/airflow/.local/lib/python3.12/site-packages/airflow/example_dags/example_sensor_decorator.py
[2024-08-28T16:32:13.534+0000] {logging_mixin.py:190} INFO - [2024-08-28T16:32:13.534+0000] {dag.py:3211} INFO - Sync 1 DAGs
[2024-08-28T16:32:13.544+0000] {logging_mixin.py:190} INFO - [2024-08-28T16:32:13.544+0000] {dag.py:4138} INFO - Setting next_dagrun for example_sensor_decorator to None, run_after=None
[2024-08-28T16:32:13.560+0000] {processor.py:208} INFO - Processing /home/airflow/.local/lib/python3.12/site-packages/airflow/example_dags/example_sensor_decorator.py took 0.054 seconds
[2024-08-28T16:32:44.344+0000] {processor.py:186} INFO - Started process (PID=421) to work on /home/airflow/.local/lib/python3.12/site-packages/airflow/example_dags/example_sensor_decorator.py
[2024-08-28T16:32:44.345+0000] {processor.py:914} INFO - Processing file /home/airflow/.local/lib/python3.12/site-packages/airflow/example_dags/example_sensor_decorator.py for tasks to queue
[2024-08-28T16:32:44.347+0000] {logging_mixin.py:190} INFO - [2024-08-28T16:32:44.346+0000] {dagbag.py:587} INFO - Filling up the DagBag from /home/airflow/.local/lib/python3.12/site-packages/airflow/example_dags/example_sensor_decorator.py
[2024-08-28T16:32:44.353+0000] {processor.py:925} INFO - DAG(s) 'example_sensor_decorator' retrieved from /home/airflow/.local/lib/python3.12/site-packages/airflow/example_dags/example_sensor_decorator.py
[2024-08-28T16:32:44.368+0000] {logging_mixin.py:190} INFO - [2024-08-28T16:32:44.368+0000] {dag.py:3211} INFO - Sync 1 DAGs
[2024-08-28T16:32:44.379+0000] {logging_mixin.py:190} INFO - [2024-08-28T16:32:44.379+0000] {dag.py:4138} INFO - Setting next_dagrun for example_sensor_decorator to None, run_after=None
[2024-08-28T16:32:44.398+0000] {processor.py:208} INFO - Processing /home/airflow/.local/lib/python3.12/site-packages/airflow/example_dags/example_sensor_decorator.py took 0.059 seconds
[2024-08-28T16:33:15.142+0000] {processor.py:186} INFO - Started process (PID=483) to work on /home/airflow/.local/lib/python3.12/site-packages/airflow/example_dags/example_sensor_decorator.py
[2024-08-28T16:33:15.143+0000] {processor.py:914} INFO - Processing file /home/airflow/.local/lib/python3.12/site-packages/airflow/example_dags/example_sensor_decorator.py for tasks to queue
[2024-08-28T16:33:15.145+0000] {logging_mixin.py:190} INFO - [2024-08-28T16:33:15.145+0000] {dagbag.py:587} INFO - Filling up the DagBag from /home/airflow/.local/lib/python3.12/site-packages/airflow/example_dags/example_sensor_decorator.py
[2024-08-28T16:33:15.153+0000] {processor.py:925} INFO - DAG(s) 'example_sensor_decorator' retrieved from /home/airflow/.local/lib/python3.12/site-packages/airflow/example_dags/example_sensor_decorator.py
[2024-08-28T16:33:15.169+0000] {logging_mixin.py:190} INFO - [2024-08-28T16:33:15.168+0000] {dag.py:3211} INFO - Sync 1 DAGs
[2024-08-28T16:33:15.179+0000] {logging_mixin.py:190} INFO - [2024-08-28T16:33:15.179+0000] {dag.py:4138} INFO - Setting next_dagrun for example_sensor_decorator to None, run_after=None
[2024-08-28T16:33:15.198+0000] {processor.py:208} INFO - Processing /home/airflow/.local/lib/python3.12/site-packages/airflow/example_dags/example_sensor_decorator.py took 0.061 seconds
