[2024-08-28T16:30:05.666+0000] {processor.py:186} INFO - Started process (PID=62) to work on /home/airflow/.local/lib/python3.12/site-packages/airflow/example_dags/example_branch_python_dop_operator_3.py
[2024-08-28T16:30:05.667+0000] {processor.py:914} INFO - Processing file /home/airflow/.local/lib/python3.12/site-packages/airflow/example_dags/example_branch_python_dop_operator_3.py for tasks to queue
[2024-08-28T16:30:05.669+0000] {logging_mixin.py:190} INFO - [2024-08-28T16:30:05.669+0000] {dagbag.py:587} INFO - Filling up the DagBag from /home/airflow/.local/lib/python3.12/site-packages/airflow/example_dags/example_branch_python_dop_operator_3.py
[2024-08-28T16:30:05.681+0000] {processor.py:925} INFO - DAG(s) 'example_branch_dop_operator_v3' retrieved from /home/airflow/.local/lib/python3.12/site-packages/airflow/example_dags/example_branch_python_dop_operator_3.py
[2024-08-28T16:30:05.854+0000] {logging_mixin.py:190} INFO - [2024-08-28T16:30:05.854+0000] {override.py:1858} INFO - Created Permission View: can read on DAG:example_branch_dop_operator_v3
[2024-08-28T16:30:05.865+0000] {logging_mixin.py:190} INFO - [2024-08-28T16:30:05.865+0000] {override.py:1858} INFO - Created Permission View: can delete on DAG:example_branch_dop_operator_v3
[2024-08-28T16:30:05.877+0000] {logging_mixin.py:190} INFO - [2024-08-28T16:30:05.876+0000] {override.py:1858} INFO - Created Permission View: can edit on DAG:example_branch_dop_operator_v3
[2024-08-28T16:30:05.878+0000] {logging_mixin.py:190} INFO - [2024-08-28T16:30:05.877+0000] {dag.py:3211} INFO - Sync 1 DAGs
[2024-08-28T16:30:05.889+0000] {logging_mixin.py:190} INFO - [2024-08-28T16:30:05.889+0000] {dag.py:3234} INFO - Creating ORM DAG for example_branch_dop_operator_v3
[2024-08-28T16:30:05.898+0000] {logging_mixin.py:190} INFO - [2024-08-28T16:30:05.898+0000] {dag.py:4138} INFO - Setting next_dagrun for example_branch_dop_operator_v3 to 2024-08-28 16:29:00+00:00, run_after=2024-08-28 16:30:00+00:00
[2024-08-28T16:30:05.925+0000] {processor.py:208} INFO - Processing /home/airflow/.local/lib/python3.12/site-packages/airflow/example_dags/example_branch_python_dop_operator_3.py took 0.264 seconds
[2024-08-28T16:30:36.503+0000] {processor.py:186} INFO - Started process (PID=124) to work on /home/airflow/.local/lib/python3.12/site-packages/airflow/example_dags/example_branch_python_dop_operator_3.py
[2024-08-28T16:30:36.504+0000] {processor.py:914} INFO - Processing file /home/airflow/.local/lib/python3.12/site-packages/airflow/example_dags/example_branch_python_dop_operator_3.py for tasks to queue
[2024-08-28T16:30:36.506+0000] {logging_mixin.py:190} INFO - [2024-08-28T16:30:36.506+0000] {dagbag.py:587} INFO - Filling up the DagBag from /home/airflow/.local/lib/python3.12/site-packages/airflow/example_dags/example_branch_python_dop_operator_3.py
[2024-08-28T16:30:36.515+0000] {processor.py:925} INFO - DAG(s) 'example_branch_dop_operator_v3' retrieved from /home/airflow/.local/lib/python3.12/site-packages/airflow/example_dags/example_branch_python_dop_operator_3.py
[2024-08-28T16:30:36.529+0000] {logging_mixin.py:190} INFO - [2024-08-28T16:30:36.529+0000] {dag.py:3211} INFO - Sync 1 DAGs
[2024-08-28T16:30:36.549+0000] {logging_mixin.py:190} INFO - [2024-08-28T16:30:36.548+0000] {dag.py:4138} INFO - Setting next_dagrun for example_branch_dop_operator_v3 to 2024-08-28 16:29:00+00:00, run_after=2024-08-28 16:30:00+00:00
[2024-08-28T16:30:36.570+0000] {processor.py:208} INFO - Processing /home/airflow/.local/lib/python3.12/site-packages/airflow/example_dags/example_branch_python_dop_operator_3.py took 0.072 seconds
[2024-08-28T16:31:06.868+0000] {processor.py:186} INFO - Started process (PID=186) to work on /home/airflow/.local/lib/python3.12/site-packages/airflow/example_dags/example_branch_python_dop_operator_3.py
[2024-08-28T16:31:06.869+0000] {processor.py:914} INFO - Processing file /home/airflow/.local/lib/python3.12/site-packages/airflow/example_dags/example_branch_python_dop_operator_3.py for tasks to queue
[2024-08-28T16:31:06.871+0000] {logging_mixin.py:190} INFO - [2024-08-28T16:31:06.871+0000] {dagbag.py:587} INFO - Filling up the DagBag from /home/airflow/.local/lib/python3.12/site-packages/airflow/example_dags/example_branch_python_dop_operator_3.py
[2024-08-28T16:31:06.878+0000] {processor.py:925} INFO - DAG(s) 'example_branch_dop_operator_v3' retrieved from /home/airflow/.local/lib/python3.12/site-packages/airflow/example_dags/example_branch_python_dop_operator_3.py
[2024-08-28T16:31:06.891+0000] {logging_mixin.py:190} INFO - [2024-08-28T16:31:06.891+0000] {dag.py:3211} INFO - Sync 1 DAGs
[2024-08-28T16:31:06.910+0000] {logging_mixin.py:190} INFO - [2024-08-28T16:31:06.909+0000] {dag.py:4138} INFO - Setting next_dagrun for example_branch_dop_operator_v3 to 2024-08-28 16:30:00+00:00, run_after=2024-08-28 16:31:00+00:00
[2024-08-28T16:31:06.935+0000] {processor.py:208} INFO - Processing /home/airflow/.local/lib/python3.12/site-packages/airflow/example_dags/example_branch_python_dop_operator_3.py took 0.073 seconds
[2024-08-28T16:31:37.062+0000] {processor.py:186} INFO - Started process (PID=248) to work on /home/airflow/.local/lib/python3.12/site-packages/airflow/example_dags/example_branch_python_dop_operator_3.py
[2024-08-28T16:31:37.064+0000] {processor.py:914} INFO - Processing file /home/airflow/.local/lib/python3.12/site-packages/airflow/example_dags/example_branch_python_dop_operator_3.py for tasks to queue
[2024-08-28T16:31:37.067+0000] {logging_mixin.py:190} INFO - [2024-08-28T16:31:37.067+0000] {dagbag.py:587} INFO - Filling up the DagBag from /home/airflow/.local/lib/python3.12/site-packages/airflow/example_dags/example_branch_python_dop_operator_3.py
[2024-08-28T16:31:37.076+0000] {processor.py:925} INFO - DAG(s) 'example_branch_dop_operator_v3' retrieved from /home/airflow/.local/lib/python3.12/site-packages/airflow/example_dags/example_branch_python_dop_operator_3.py
[2024-08-28T16:31:37.095+0000] {logging_mixin.py:190} INFO - [2024-08-28T16:31:37.095+0000] {dag.py:3211} INFO - Sync 1 DAGs
[2024-08-28T16:31:37.117+0000] {logging_mixin.py:190} INFO - [2024-08-28T16:31:37.117+0000] {dag.py:4138} INFO - Setting next_dagrun for example_branch_dop_operator_v3 to 2024-08-28 16:30:00+00:00, run_after=2024-08-28 16:31:00+00:00
[2024-08-28T16:31:37.146+0000] {processor.py:208} INFO - Processing /home/airflow/.local/lib/python3.12/site-packages/airflow/example_dags/example_branch_python_dop_operator_3.py took 0.089 seconds
[2024-08-28T16:32:07.446+0000] {processor.py:186} INFO - Started process (PID=310) to work on /home/airflow/.local/lib/python3.12/site-packages/airflow/example_dags/example_branch_python_dop_operator_3.py
[2024-08-28T16:32:07.447+0000] {processor.py:914} INFO - Processing file /home/airflow/.local/lib/python3.12/site-packages/airflow/example_dags/example_branch_python_dop_operator_3.py for tasks to queue
[2024-08-28T16:32:07.449+0000] {logging_mixin.py:190} INFO - [2024-08-28T16:32:07.449+0000] {dagbag.py:587} INFO - Filling up the DagBag from /home/airflow/.local/lib/python3.12/site-packages/airflow/example_dags/example_branch_python_dop_operator_3.py
[2024-08-28T16:32:07.458+0000] {processor.py:925} INFO - DAG(s) 'example_branch_dop_operator_v3' retrieved from /home/airflow/.local/lib/python3.12/site-packages/airflow/example_dags/example_branch_python_dop_operator_3.py
[2024-08-28T16:32:07.474+0000] {logging_mixin.py:190} INFO - [2024-08-28T16:32:07.474+0000] {dag.py:3211} INFO - Sync 1 DAGs
[2024-08-28T16:32:07.493+0000] {logging_mixin.py:190} INFO - [2024-08-28T16:32:07.493+0000] {dag.py:4138} INFO - Setting next_dagrun for example_branch_dop_operator_v3 to 2024-08-28 16:31:00+00:00, run_after=2024-08-28 16:32:00+00:00
[2024-08-28T16:32:07.510+0000] {processor.py:208} INFO - Processing /home/airflow/.local/lib/python3.12/site-packages/airflow/example_dags/example_branch_python_dop_operator_3.py took 0.070 seconds
[2024-08-28T16:32:38.467+0000] {processor.py:186} INFO - Started process (PID=372) to work on /home/airflow/.local/lib/python3.12/site-packages/airflow/example_dags/example_branch_python_dop_operator_3.py
[2024-08-28T16:32:38.468+0000] {processor.py:914} INFO - Processing file /home/airflow/.local/lib/python3.12/site-packages/airflow/example_dags/example_branch_python_dop_operator_3.py for tasks to queue
[2024-08-28T16:32:38.470+0000] {logging_mixin.py:190} INFO - [2024-08-28T16:32:38.470+0000] {dagbag.py:587} INFO - Filling up the DagBag from /home/airflow/.local/lib/python3.12/site-packages/airflow/example_dags/example_branch_python_dop_operator_3.py
[2024-08-28T16:32:38.478+0000] {processor.py:925} INFO - DAG(s) 'example_branch_dop_operator_v3' retrieved from /home/airflow/.local/lib/python3.12/site-packages/airflow/example_dags/example_branch_python_dop_operator_3.py
[2024-08-28T16:32:38.495+0000] {logging_mixin.py:190} INFO - [2024-08-28T16:32:38.495+0000] {dag.py:3211} INFO - Sync 1 DAGs
[2024-08-28T16:32:38.515+0000] {logging_mixin.py:190} INFO - [2024-08-28T16:32:38.515+0000] {dag.py:4138} INFO - Setting next_dagrun for example_branch_dop_operator_v3 to 2024-08-28 16:31:00+00:00, run_after=2024-08-28 16:32:00+00:00
[2024-08-28T16:32:38.535+0000] {processor.py:208} INFO - Processing /home/airflow/.local/lib/python3.12/site-packages/airflow/example_dags/example_branch_python_dop_operator_3.py took 0.073 seconds
[2024-08-28T16:33:09.193+0000] {processor.py:186} INFO - Started process (PID=440) to work on /home/airflow/.local/lib/python3.12/site-packages/airflow/example_dags/example_branch_python_dop_operator_3.py
[2024-08-28T16:33:09.195+0000] {processor.py:914} INFO - Processing file /home/airflow/.local/lib/python3.12/site-packages/airflow/example_dags/example_branch_python_dop_operator_3.py for tasks to queue
[2024-08-28T16:33:09.197+0000] {logging_mixin.py:190} INFO - [2024-08-28T16:33:09.197+0000] {dagbag.py:587} INFO - Filling up the DagBag from /home/airflow/.local/lib/python3.12/site-packages/airflow/example_dags/example_branch_python_dop_operator_3.py
[2024-08-28T16:33:09.204+0000] {processor.py:925} INFO - DAG(s) 'example_branch_dop_operator_v3' retrieved from /home/airflow/.local/lib/python3.12/site-packages/airflow/example_dags/example_branch_python_dop_operator_3.py
[2024-08-28T16:33:09.221+0000] {logging_mixin.py:190} INFO - [2024-08-28T16:33:09.221+0000] {dag.py:3211} INFO - Sync 1 DAGs
[2024-08-28T16:33:09.241+0000] {logging_mixin.py:190} INFO - [2024-08-28T16:33:09.241+0000] {dag.py:4138} INFO - Setting next_dagrun for example_branch_dop_operator_v3 to 2024-08-28 16:32:00+00:00, run_after=2024-08-28 16:33:00+00:00
[2024-08-28T16:33:09.273+0000] {processor.py:208} INFO - Processing /home/airflow/.local/lib/python3.12/site-packages/airflow/example_dags/example_branch_python_dop_operator_3.py took 0.086 seconds
