[2024-08-28T16:30:08.433+0000] {processor.py:186} INFO - Started process (PID=86) to work on /home/airflow/.local/lib/python3.12/site-packages/airflow/example_dags/example_complex.py
[2024-08-28T16:30:08.434+0000] {processor.py:914} INFO - Processing file /home/airflow/.local/lib/python3.12/site-packages/airflow/example_dags/example_complex.py for tasks to queue
[2024-08-28T16:30:08.436+0000] {logging_mixin.py:190} INFO - [2024-08-28T16:30:08.436+0000] {dagbag.py:587} INFO - Filling up the DagBag from /home/airflow/.local/lib/python3.12/site-packages/airflow/example_dags/example_complex.py
[2024-08-28T16:30:08.446+0000] {processor.py:925} INFO - DAG(s) 'example_complex' retrieved from /home/airflow/.local/lib/python3.12/site-packages/airflow/example_dags/example_complex.py
[2024-08-28T16:30:08.538+0000] {logging_mixin.py:190} INFO - [2024-08-28T16:30:08.538+0000] {override.py:1858} INFO - Created Permission View: can read on DAG:example_complex
[2024-08-28T16:30:08.550+0000] {logging_mixin.py:190} INFO - [2024-08-28T16:30:08.549+0000] {override.py:1858} INFO - Created Permission View: can delete on DAG:example_complex
[2024-08-28T16:30:08.559+0000] {logging_mixin.py:190} INFO - [2024-08-28T16:30:08.558+0000] {override.py:1858} INFO - Created Permission View: can edit on DAG:example_complex
[2024-08-28T16:30:08.562+0000] {logging_mixin.py:190} INFO - [2024-08-28T16:30:08.562+0000] {dag.py:3211} INFO - Sync 1 DAGs
[2024-08-28T16:30:08.575+0000] {logging_mixin.py:190} INFO - [2024-08-28T16:30:08.575+0000] {dag.py:3234} INFO - Creating ORM DAG for example_complex
[2024-08-28T16:30:08.576+0000] {logging_mixin.py:190} INFO - [2024-08-28T16:30:08.576+0000] {dag.py:4138} INFO - Setting next_dagrun for example_complex to None, run_after=None
[2024-08-28T16:30:08.597+0000] {processor.py:208} INFO - Processing /home/airflow/.local/lib/python3.12/site-packages/airflow/example_dags/example_complex.py took 0.169 seconds
[2024-08-28T16:30:38.896+0000] {processor.py:186} INFO - Started process (PID=153) to work on /home/airflow/.local/lib/python3.12/site-packages/airflow/example_dags/example_complex.py
[2024-08-28T16:30:38.897+0000] {processor.py:914} INFO - Processing file /home/airflow/.local/lib/python3.12/site-packages/airflow/example_dags/example_complex.py for tasks to queue
[2024-08-28T16:30:38.899+0000] {logging_mixin.py:190} INFO - [2024-08-28T16:30:38.899+0000] {dagbag.py:587} INFO - Filling up the DagBag from /home/airflow/.local/lib/python3.12/site-packages/airflow/example_dags/example_complex.py
[2024-08-28T16:30:38.908+0000] {processor.py:925} INFO - DAG(s) 'example_complex' retrieved from /home/airflow/.local/lib/python3.12/site-packages/airflow/example_dags/example_complex.py
[2024-08-28T16:30:38.932+0000] {logging_mixin.py:190} INFO - [2024-08-28T16:30:38.932+0000] {dag.py:3211} INFO - Sync 1 DAGs
[2024-08-28T16:30:38.942+0000] {logging_mixin.py:190} INFO - [2024-08-28T16:30:38.942+0000] {dag.py:4138} INFO - Setting next_dagrun for example_complex to None, run_after=None
[2024-08-28T16:30:38.960+0000] {processor.py:208} INFO - Processing /home/airflow/.local/lib/python3.12/site-packages/airflow/example_dags/example_complex.py took 0.068 seconds
[2024-08-28T16:31:09.129+0000] {processor.py:186} INFO - Started process (PID=215) to work on /home/airflow/.local/lib/python3.12/site-packages/airflow/example_dags/example_complex.py
[2024-08-28T16:31:09.130+0000] {processor.py:914} INFO - Processing file /home/airflow/.local/lib/python3.12/site-packages/airflow/example_dags/example_complex.py for tasks to queue
[2024-08-28T16:31:09.131+0000] {logging_mixin.py:190} INFO - [2024-08-28T16:31:09.131+0000] {dagbag.py:587} INFO - Filling up the DagBag from /home/airflow/.local/lib/python3.12/site-packages/airflow/example_dags/example_complex.py
[2024-08-28T16:31:09.139+0000] {processor.py:925} INFO - DAG(s) 'example_complex' retrieved from /home/airflow/.local/lib/python3.12/site-packages/airflow/example_dags/example_complex.py
[2024-08-28T16:31:09.162+0000] {logging_mixin.py:190} INFO - [2024-08-28T16:31:09.162+0000] {dag.py:3211} INFO - Sync 1 DAGs
[2024-08-28T16:31:09.172+0000] {logging_mixin.py:190} INFO - [2024-08-28T16:31:09.172+0000] {dag.py:4138} INFO - Setting next_dagrun for example_complex to None, run_after=None
[2024-08-28T16:31:09.187+0000] {processor.py:208} INFO - Processing /home/airflow/.local/lib/python3.12/site-packages/airflow/example_dags/example_complex.py took 0.062 seconds
[2024-08-28T16:31:39.424+0000] {processor.py:186} INFO - Started process (PID=277) to work on /home/airflow/.local/lib/python3.12/site-packages/airflow/example_dags/example_complex.py
[2024-08-28T16:31:39.425+0000] {processor.py:914} INFO - Processing file /home/airflow/.local/lib/python3.12/site-packages/airflow/example_dags/example_complex.py for tasks to queue
[2024-08-28T16:31:39.427+0000] {logging_mixin.py:190} INFO - [2024-08-28T16:31:39.427+0000] {dagbag.py:587} INFO - Filling up the DagBag from /home/airflow/.local/lib/python3.12/site-packages/airflow/example_dags/example_complex.py
[2024-08-28T16:31:39.436+0000] {processor.py:925} INFO - DAG(s) 'example_complex' retrieved from /home/airflow/.local/lib/python3.12/site-packages/airflow/example_dags/example_complex.py
[2024-08-28T16:31:39.460+0000] {logging_mixin.py:190} INFO - [2024-08-28T16:31:39.459+0000] {dag.py:3211} INFO - Sync 1 DAGs
[2024-08-28T16:31:39.471+0000] {logging_mixin.py:190} INFO - [2024-08-28T16:31:39.471+0000] {dag.py:4138} INFO - Setting next_dagrun for example_complex to None, run_after=None
[2024-08-28T16:31:39.488+0000] {processor.py:208} INFO - Processing /home/airflow/.local/lib/python3.12/site-packages/airflow/example_dags/example_complex.py took 0.069 seconds
[2024-08-28T16:32:10.005+0000] {processor.py:186} INFO - Started process (PID=339) to work on /home/airflow/.local/lib/python3.12/site-packages/airflow/example_dags/example_complex.py
[2024-08-28T16:32:10.006+0000] {processor.py:914} INFO - Processing file /home/airflow/.local/lib/python3.12/site-packages/airflow/example_dags/example_complex.py for tasks to queue
[2024-08-28T16:32:10.007+0000] {logging_mixin.py:190} INFO - [2024-08-28T16:32:10.007+0000] {dagbag.py:587} INFO - Filling up the DagBag from /home/airflow/.local/lib/python3.12/site-packages/airflow/example_dags/example_complex.py
[2024-08-28T16:32:10.016+0000] {processor.py:925} INFO - DAG(s) 'example_complex' retrieved from /home/airflow/.local/lib/python3.12/site-packages/airflow/example_dags/example_complex.py
[2024-08-28T16:32:10.041+0000] {logging_mixin.py:190} INFO - [2024-08-28T16:32:10.041+0000] {dag.py:3211} INFO - Sync 1 DAGs
[2024-08-28T16:32:10.052+0000] {logging_mixin.py:190} INFO - [2024-08-28T16:32:10.052+0000] {dag.py:4138} INFO - Setting next_dagrun for example_complex to None, run_after=None
[2024-08-28T16:32:10.071+0000] {processor.py:208} INFO - Processing /home/airflow/.local/lib/python3.12/site-packages/airflow/example_dags/example_complex.py took 0.070 seconds
[2024-08-28T16:32:40.900+0000] {processor.py:186} INFO - Started process (PID=401) to work on /home/airflow/.local/lib/python3.12/site-packages/airflow/example_dags/example_complex.py
[2024-08-28T16:32:40.901+0000] {processor.py:914} INFO - Processing file /home/airflow/.local/lib/python3.12/site-packages/airflow/example_dags/example_complex.py for tasks to queue
[2024-08-28T16:32:40.903+0000] {logging_mixin.py:190} INFO - [2024-08-28T16:32:40.903+0000] {dagbag.py:587} INFO - Filling up the DagBag from /home/airflow/.local/lib/python3.12/site-packages/airflow/example_dags/example_complex.py
[2024-08-28T16:32:40.913+0000] {processor.py:925} INFO - DAG(s) 'example_complex' retrieved from /home/airflow/.local/lib/python3.12/site-packages/airflow/example_dags/example_complex.py
[2024-08-28T16:32:40.937+0000] {logging_mixin.py:190} INFO - [2024-08-28T16:32:40.937+0000] {dag.py:3211} INFO - Sync 1 DAGs
[2024-08-28T16:32:40.950+0000] {logging_mixin.py:190} INFO - [2024-08-28T16:32:40.950+0000] {dag.py:4138} INFO - Setting next_dagrun for example_complex to None, run_after=None
[2024-08-28T16:32:40.968+0000] {processor.py:208} INFO - Processing /home/airflow/.local/lib/python3.12/site-packages/airflow/example_dags/example_complex.py took 0.073 seconds
[2024-08-28T16:33:11.635+0000] {processor.py:186} INFO - Started process (PID=463) to work on /home/airflow/.local/lib/python3.12/site-packages/airflow/example_dags/example_complex.py
[2024-08-28T16:33:11.636+0000] {processor.py:914} INFO - Processing file /home/airflow/.local/lib/python3.12/site-packages/airflow/example_dags/example_complex.py for tasks to queue
[2024-08-28T16:33:11.639+0000] {logging_mixin.py:190} INFO - [2024-08-28T16:33:11.638+0000] {dagbag.py:587} INFO - Filling up the DagBag from /home/airflow/.local/lib/python3.12/site-packages/airflow/example_dags/example_complex.py
[2024-08-28T16:33:11.648+0000] {processor.py:925} INFO - DAG(s) 'example_complex' retrieved from /home/airflow/.local/lib/python3.12/site-packages/airflow/example_dags/example_complex.py
[2024-08-28T16:33:11.673+0000] {logging_mixin.py:190} INFO - [2024-08-28T16:33:11.673+0000] {dag.py:3211} INFO - Sync 1 DAGs
[2024-08-28T16:33:11.684+0000] {logging_mixin.py:190} INFO - [2024-08-28T16:33:11.684+0000] {dag.py:4138} INFO - Setting next_dagrun for example_complex to None, run_after=None
[2024-08-28T16:33:11.702+0000] {processor.py:208} INFO - Processing /home/airflow/.local/lib/python3.12/site-packages/airflow/example_dags/example_complex.py took 0.073 seconds
