[2024-08-28T16:30:08.808+0000] {processor.py:186} INFO - Started process (PID=94) to work on /home/airflow/.local/lib/python3.12/site-packages/airflow/example_dags/example_datasets.py
[2024-08-28T16:30:08.809+0000] {processor.py:914} INFO - Processing file /home/airflow/.local/lib/python3.12/site-packages/airflow/example_dags/example_datasets.py for tasks to queue
[2024-08-28T16:30:08.812+0000] {logging_mixin.py:190} INFO - [2024-08-28T16:30:08.811+0000] {dagbag.py:587} INFO - Filling up the DagBag from /home/airflow/.local/lib/python3.12/site-packages/airflow/example_dags/example_datasets.py
[2024-08-28T16:30:08.922+0000] {processor.py:925} INFO - DAG(s) 'consume_1_or_2_with_dataset_expressions', 'dataset_consumes_1_never_scheduled', 'dataset_consumes_1_and_2', 'dataset_produces_1', 'dataset_consumes_unknown_never_scheduled', 'dataset_consumes_1', 'consume_1_and_2_with_dataset_expressions', 'consume_1_or_both_2_and_3_with_dataset_expressions', 'dataset_produces_2', 'conditional_dataset_and_time_based_timetable' retrieved from /home/airflow/.local/lib/python3.12/site-packages/airflow/example_dags/example_datasets.py
[2024-08-28T16:30:08.993+0000] {logging_mixin.py:190} INFO - [2024-08-28T16:30:08.992+0000] {override.py:1858} INFO - Created Permission View: can read on DAG:consume_1_or_2_with_dataset_expressions
[2024-08-28T16:30:09.003+0000] {logging_mixin.py:190} INFO - [2024-08-28T16:30:09.003+0000] {override.py:1858} INFO - Created Permission View: can delete on DAG:consume_1_or_2_with_dataset_expressions
[2024-08-28T16:30:09.011+0000] {logging_mixin.py:190} INFO - [2024-08-28T16:30:09.011+0000] {override.py:1858} INFO - Created Permission View: can edit on DAG:consume_1_or_2_with_dataset_expressions
[2024-08-28T16:30:09.027+0000] {logging_mixin.py:190} INFO - [2024-08-28T16:30:09.027+0000] {override.py:1858} INFO - Created Permission View: can read on DAG:dataset_consumes_1_never_scheduled
[2024-08-28T16:30:09.035+0000] {logging_mixin.py:190} INFO - [2024-08-28T16:30:09.035+0000] {override.py:1858} INFO - Created Permission View: can delete on DAG:dataset_consumes_1_never_scheduled
[2024-08-28T16:30:09.044+0000] {logging_mixin.py:190} INFO - [2024-08-28T16:30:09.043+0000] {override.py:1858} INFO - Created Permission View: can edit on DAG:dataset_consumes_1_never_scheduled
[2024-08-28T16:30:09.058+0000] {logging_mixin.py:190} INFO - [2024-08-28T16:30:09.058+0000] {override.py:1858} INFO - Created Permission View: can read on DAG:dataset_consumes_1_and_2
[2024-08-28T16:30:09.065+0000] {logging_mixin.py:190} INFO - [2024-08-28T16:30:09.065+0000] {override.py:1858} INFO - Created Permission View: can delete on DAG:dataset_consumes_1_and_2
[2024-08-28T16:30:09.073+0000] {logging_mixin.py:190} INFO - [2024-08-28T16:30:09.073+0000] {override.py:1858} INFO - Created Permission View: can edit on DAG:dataset_consumes_1_and_2
[2024-08-28T16:30:09.088+0000] {logging_mixin.py:190} INFO - [2024-08-28T16:30:09.087+0000] {override.py:1858} INFO - Created Permission View: can read on DAG:dataset_produces_1
[2024-08-28T16:30:09.095+0000] {logging_mixin.py:190} INFO - [2024-08-28T16:30:09.094+0000] {override.py:1858} INFO - Created Permission View: can delete on DAG:dataset_produces_1
[2024-08-28T16:30:09.101+0000] {logging_mixin.py:190} INFO - [2024-08-28T16:30:09.101+0000] {override.py:1858} INFO - Created Permission View: can edit on DAG:dataset_produces_1
[2024-08-28T16:30:09.115+0000] {logging_mixin.py:190} INFO - [2024-08-28T16:30:09.115+0000] {override.py:1858} INFO - Created Permission View: can read on DAG:dataset_consumes_unknown_never_scheduled
[2024-08-28T16:30:09.123+0000] {logging_mixin.py:190} INFO - [2024-08-28T16:30:09.122+0000] {override.py:1858} INFO - Created Permission View: can delete on DAG:dataset_consumes_unknown_never_scheduled
[2024-08-28T16:30:09.130+0000] {logging_mixin.py:190} INFO - [2024-08-28T16:30:09.130+0000] {override.py:1858} INFO - Created Permission View: can edit on DAG:dataset_consumes_unknown_never_scheduled
[2024-08-28T16:30:09.143+0000] {logging_mixin.py:190} INFO - [2024-08-28T16:30:09.142+0000] {override.py:1858} INFO - Created Permission View: can read on DAG:dataset_consumes_1
[2024-08-28T16:30:09.150+0000] {logging_mixin.py:190} INFO - [2024-08-28T16:30:09.150+0000] {override.py:1858} INFO - Created Permission View: can delete on DAG:dataset_consumes_1
[2024-08-28T16:30:09.157+0000] {logging_mixin.py:190} INFO - [2024-08-28T16:30:09.157+0000] {override.py:1858} INFO - Created Permission View: can edit on DAG:dataset_consumes_1
[2024-08-28T16:30:09.173+0000] {logging_mixin.py:190} INFO - [2024-08-28T16:30:09.173+0000] {override.py:1858} INFO - Created Permission View: can read on DAG:consume_1_and_2_with_dataset_expressions
[2024-08-28T16:30:09.181+0000] {logging_mixin.py:190} INFO - [2024-08-28T16:30:09.181+0000] {override.py:1858} INFO - Created Permission View: can delete on DAG:consume_1_and_2_with_dataset_expressions
[2024-08-28T16:30:09.190+0000] {logging_mixin.py:190} INFO - [2024-08-28T16:30:09.189+0000] {override.py:1858} INFO - Created Permission View: can edit on DAG:consume_1_and_2_with_dataset_expressions
[2024-08-28T16:30:09.207+0000] {logging_mixin.py:190} INFO - [2024-08-28T16:30:09.207+0000] {override.py:1858} INFO - Created Permission View: can read on DAG:consume_1_or_both_2_and_3_with_dataset_expressions
[2024-08-28T16:30:09.216+0000] {logging_mixin.py:190} INFO - [2024-08-28T16:30:09.216+0000] {override.py:1858} INFO - Created Permission View: can delete on DAG:consume_1_or_both_2_and_3_with_dataset_expressions
[2024-08-28T16:30:09.225+0000] {logging_mixin.py:190} INFO - [2024-08-28T16:30:09.225+0000] {override.py:1858} INFO - Created Permission View: can edit on DAG:consume_1_or_both_2_and_3_with_dataset_expressions
[2024-08-28T16:30:09.242+0000] {logging_mixin.py:190} INFO - [2024-08-28T16:30:09.241+0000] {override.py:1858} INFO - Created Permission View: can read on DAG:dataset_produces_2
[2024-08-28T16:30:09.250+0000] {logging_mixin.py:190} INFO - [2024-08-28T16:30:09.250+0000] {override.py:1858} INFO - Created Permission View: can delete on DAG:dataset_produces_2
[2024-08-28T16:30:09.258+0000] {logging_mixin.py:190} INFO - [2024-08-28T16:30:09.258+0000] {override.py:1858} INFO - Created Permission View: can edit on DAG:dataset_produces_2
[2024-08-28T16:30:09.274+0000] {logging_mixin.py:190} INFO - [2024-08-28T16:30:09.274+0000] {override.py:1858} INFO - Created Permission View: can read on DAG:conditional_dataset_and_time_based_timetable
[2024-08-28T16:30:09.282+0000] {logging_mixin.py:190} INFO - [2024-08-28T16:30:09.282+0000] {override.py:1858} INFO - Created Permission View: can delete on DAG:conditional_dataset_and_time_based_timetable
[2024-08-28T16:30:09.290+0000] {logging_mixin.py:190} INFO - [2024-08-28T16:30:09.290+0000] {override.py:1858} INFO - Created Permission View: can edit on DAG:conditional_dataset_and_time_based_timetable
[2024-08-28T16:30:09.291+0000] {logging_mixin.py:190} INFO - [2024-08-28T16:30:09.291+0000] {dag.py:3211} INFO - Sync 10 DAGs
[2024-08-28T16:30:09.300+0000] {logging_mixin.py:190} INFO - [2024-08-28T16:30:09.300+0000] {dag.py:3234} INFO - Creating ORM DAG for dataset_consumes_1_and_2
[2024-08-28T16:30:09.301+0000] {logging_mixin.py:190} INFO - [2024-08-28T16:30:09.301+0000] {dag.py:3234} INFO - Creating ORM DAG for consume_1_or_both_2_and_3_with_dataset_expressions
[2024-08-28T16:30:09.302+0000] {logging_mixin.py:190} INFO - [2024-08-28T16:30:09.301+0000] {dag.py:3234} INFO - Creating ORM DAG for consume_1_and_2_with_dataset_expressions
[2024-08-28T16:30:09.302+0000] {logging_mixin.py:190} INFO - [2024-08-28T16:30:09.302+0000] {dag.py:3234} INFO - Creating ORM DAG for dataset_consumes_unknown_never_scheduled
[2024-08-28T16:30:09.303+0000] {logging_mixin.py:190} INFO - [2024-08-28T16:30:09.303+0000] {dag.py:3234} INFO - Creating ORM DAG for dataset_produces_1
[2024-08-28T16:30:09.304+0000] {logging_mixin.py:190} INFO - [2024-08-28T16:30:09.304+0000] {dag.py:3234} INFO - Creating ORM DAG for dataset_produces_2
[2024-08-28T16:30:09.305+0000] {logging_mixin.py:190} INFO - [2024-08-28T16:30:09.304+0000] {dag.py:3234} INFO - Creating ORM DAG for dataset_consumes_1
[2024-08-28T16:30:09.305+0000] {logging_mixin.py:190} INFO - [2024-08-28T16:30:09.305+0000] {dag.py:3234} INFO - Creating ORM DAG for dataset_consumes_1_never_scheduled
[2024-08-28T16:30:09.306+0000] {logging_mixin.py:190} INFO - [2024-08-28T16:30:09.306+0000] {dag.py:3234} INFO - Creating ORM DAG for conditional_dataset_and_time_based_timetable
[2024-08-28T16:30:09.307+0000] {logging_mixin.py:190} INFO - [2024-08-28T16:30:09.307+0000] {dag.py:3234} INFO - Creating ORM DAG for consume_1_or_2_with_dataset_expressions
[2024-08-28T16:30:09.314+0000] {logging_mixin.py:190} INFO - [2024-08-28T16:30:09.314+0000] {dag.py:4138} INFO - Setting next_dagrun for conditional_dataset_and_time_based_timetable to 2024-08-28 01:00:00+00:00, run_after=2024-08-28 01:00:00+00:00
[2024-08-28T16:30:09.315+0000] {logging_mixin.py:190} INFO - [2024-08-28T16:30:09.315+0000] {dag.py:4138} INFO - Setting next_dagrun for consume_1_and_2_with_dataset_expressions to None, run_after=None
[2024-08-28T16:30:09.316+0000] {logging_mixin.py:190} INFO - [2024-08-28T16:30:09.316+0000] {dag.py:4138} INFO - Setting next_dagrun for consume_1_or_2_with_dataset_expressions to None, run_after=None
[2024-08-28T16:30:09.317+0000] {logging_mixin.py:190} INFO - [2024-08-28T16:30:09.317+0000] {dag.py:4138} INFO - Setting next_dagrun for consume_1_or_both_2_and_3_with_dataset_expressions to None, run_after=None
[2024-08-28T16:30:09.317+0000] {logging_mixin.py:190} INFO - [2024-08-28T16:30:09.317+0000] {dag.py:4138} INFO - Setting next_dagrun for dataset_consumes_1 to None, run_after=None
[2024-08-28T16:30:09.318+0000] {logging_mixin.py:190} INFO - [2024-08-28T16:30:09.318+0000] {dag.py:4138} INFO - Setting next_dagrun for dataset_consumes_1_and_2 to None, run_after=None
[2024-08-28T16:30:09.319+0000] {logging_mixin.py:190} INFO - [2024-08-28T16:30:09.319+0000] {dag.py:4138} INFO - Setting next_dagrun for dataset_consumes_1_never_scheduled to None, run_after=None
[2024-08-28T16:30:09.320+0000] {logging_mixin.py:190} INFO - [2024-08-28T16:30:09.320+0000] {dag.py:4138} INFO - Setting next_dagrun for dataset_consumes_unknown_never_scheduled to None, run_after=None
[2024-08-28T16:30:09.321+0000] {logging_mixin.py:190} INFO - [2024-08-28T16:30:09.321+0000] {dag.py:4138} INFO - Setting next_dagrun for dataset_produces_1 to 2024-08-27 00:00:00+00:00, run_after=2024-08-28 00:00:00+00:00
[2024-08-28T16:30:09.322+0000] {logging_mixin.py:190} INFO - [2024-08-28T16:30:09.322+0000] {dag.py:4138} INFO - Setting next_dagrun for dataset_produces_2 to None, run_after=None
[2024-08-28T16:30:09.356+0000] {processor.py:208} INFO - Processing /home/airflow/.local/lib/python3.12/site-packages/airflow/example_dags/example_datasets.py took 0.552 seconds
[2024-08-28T16:30:40.009+0000] {processor.py:186} INFO - Started process (PID=156) to work on /home/airflow/.local/lib/python3.12/site-packages/airflow/example_dags/example_datasets.py
[2024-08-28T16:30:40.010+0000] {processor.py:914} INFO - Processing file /home/airflow/.local/lib/python3.12/site-packages/airflow/example_dags/example_datasets.py for tasks to queue
[2024-08-28T16:30:40.014+0000] {logging_mixin.py:190} INFO - [2024-08-28T16:30:40.013+0000] {dagbag.py:587} INFO - Filling up the DagBag from /home/airflow/.local/lib/python3.12/site-packages/airflow/example_dags/example_datasets.py
[2024-08-28T16:30:40.131+0000] {processor.py:925} INFO - DAG(s) 'consume_1_and_2_with_dataset_expressions', 'dataset_consumes_1', 'dataset_consumes_unknown_never_scheduled', 'dataset_consumes_1_and_2', 'dataset_produces_2', 'conditional_dataset_and_time_based_timetable', 'consume_1_or_both_2_and_3_with_dataset_expressions', 'dataset_produces_1', 'dataset_consumes_1_never_scheduled', 'consume_1_or_2_with_dataset_expressions' retrieved from /home/airflow/.local/lib/python3.12/site-packages/airflow/example_dags/example_datasets.py
[2024-08-28T16:30:40.170+0000] {logging_mixin.py:190} INFO - [2024-08-28T16:30:40.170+0000] {dag.py:3211} INFO - Sync 10 DAGs
[2024-08-28T16:30:40.193+0000] {logging_mixin.py:190} INFO - [2024-08-28T16:30:40.193+0000] {dag.py:4138} INFO - Setting next_dagrun for conditional_dataset_and_time_based_timetable to 2024-08-28 01:00:00+00:00, run_after=2024-08-28 01:00:00+00:00
[2024-08-28T16:30:40.196+0000] {logging_mixin.py:190} INFO - [2024-08-28T16:30:40.196+0000] {dag.py:4138} INFO - Setting next_dagrun for consume_1_and_2_with_dataset_expressions to None, run_after=None
[2024-08-28T16:30:40.198+0000] {logging_mixin.py:190} INFO - [2024-08-28T16:30:40.197+0000] {dag.py:4138} INFO - Setting next_dagrun for consume_1_or_2_with_dataset_expressions to None, run_after=None
[2024-08-28T16:30:40.199+0000] {logging_mixin.py:190} INFO - [2024-08-28T16:30:40.198+0000] {dag.py:4138} INFO - Setting next_dagrun for consume_1_or_both_2_and_3_with_dataset_expressions to None, run_after=None
[2024-08-28T16:30:40.200+0000] {logging_mixin.py:190} INFO - [2024-08-28T16:30:40.200+0000] {dag.py:4138} INFO - Setting next_dagrun for dataset_consumes_1 to None, run_after=None
[2024-08-28T16:30:40.201+0000] {logging_mixin.py:190} INFO - [2024-08-28T16:30:40.201+0000] {dag.py:4138} INFO - Setting next_dagrun for dataset_consumes_1_and_2 to None, run_after=None
[2024-08-28T16:30:40.202+0000] {logging_mixin.py:190} INFO - [2024-08-28T16:30:40.202+0000] {dag.py:4138} INFO - Setting next_dagrun for dataset_consumes_1_never_scheduled to None, run_after=None
[2024-08-28T16:30:40.203+0000] {logging_mixin.py:190} INFO - [2024-08-28T16:30:40.203+0000] {dag.py:4138} INFO - Setting next_dagrun for dataset_consumes_unknown_never_scheduled to None, run_after=None
[2024-08-28T16:30:40.205+0000] {logging_mixin.py:190} INFO - [2024-08-28T16:30:40.205+0000] {dag.py:4138} INFO - Setting next_dagrun for dataset_produces_1 to 2024-08-27 00:00:00+00:00, run_after=2024-08-28 00:00:00+00:00
[2024-08-28T16:30:40.206+0000] {logging_mixin.py:190} INFO - [2024-08-28T16:30:40.206+0000] {dag.py:4138} INFO - Setting next_dagrun for dataset_produces_2 to None, run_after=None
[2024-08-28T16:30:40.235+0000] {processor.py:208} INFO - Processing /home/airflow/.local/lib/python3.12/site-packages/airflow/example_dags/example_datasets.py took 0.231 seconds
[2024-08-28T16:31:11.225+0000] {processor.py:186} INFO - Started process (PID=218) to work on /home/airflow/.local/lib/python3.12/site-packages/airflow/example_dags/example_datasets.py
[2024-08-28T16:31:11.226+0000] {processor.py:914} INFO - Processing file /home/airflow/.local/lib/python3.12/site-packages/airflow/example_dags/example_datasets.py for tasks to queue
[2024-08-28T16:31:11.228+0000] {logging_mixin.py:190} INFO - [2024-08-28T16:31:11.228+0000] {dagbag.py:587} INFO - Filling up the DagBag from /home/airflow/.local/lib/python3.12/site-packages/airflow/example_dags/example_datasets.py
[2024-08-28T16:31:11.340+0000] {processor.py:925} INFO - DAG(s) 'dataset_consumes_1_and_2', 'dataset_consumes_1', 'consume_1_or_2_with_dataset_expressions', 'conditional_dataset_and_time_based_timetable', 'dataset_consumes_unknown_never_scheduled', 'dataset_produces_1', 'consume_1_and_2_with_dataset_expressions', 'consume_1_or_both_2_and_3_with_dataset_expressions', 'dataset_consumes_1_never_scheduled', 'dataset_produces_2' retrieved from /home/airflow/.local/lib/python3.12/site-packages/airflow/example_dags/example_datasets.py
[2024-08-28T16:31:11.373+0000] {logging_mixin.py:190} INFO - [2024-08-28T16:31:11.373+0000] {dag.py:3211} INFO - Sync 10 DAGs
[2024-08-28T16:31:11.394+0000] {logging_mixin.py:190} INFO - [2024-08-28T16:31:11.394+0000] {dag.py:4138} INFO - Setting next_dagrun for conditional_dataset_and_time_based_timetable to 2024-08-28 01:00:00+00:00, run_after=2024-08-28 01:00:00+00:00
[2024-08-28T16:31:11.397+0000] {logging_mixin.py:190} INFO - [2024-08-28T16:31:11.397+0000] {dag.py:4138} INFO - Setting next_dagrun for consume_1_and_2_with_dataset_expressions to None, run_after=None
[2024-08-28T16:31:11.398+0000] {logging_mixin.py:190} INFO - [2024-08-28T16:31:11.398+0000] {dag.py:4138} INFO - Setting next_dagrun for consume_1_or_2_with_dataset_expressions to None, run_after=None
[2024-08-28T16:31:11.399+0000] {logging_mixin.py:190} INFO - [2024-08-28T16:31:11.399+0000] {dag.py:4138} INFO - Setting next_dagrun for consume_1_or_both_2_and_3_with_dataset_expressions to None, run_after=None
[2024-08-28T16:31:11.400+0000] {logging_mixin.py:190} INFO - [2024-08-28T16:31:11.400+0000] {dag.py:4138} INFO - Setting next_dagrun for dataset_consumes_1 to None, run_after=None
[2024-08-28T16:31:11.401+0000] {logging_mixin.py:190} INFO - [2024-08-28T16:31:11.401+0000] {dag.py:4138} INFO - Setting next_dagrun for dataset_consumes_1_and_2 to None, run_after=None
[2024-08-28T16:31:11.402+0000] {logging_mixin.py:190} INFO - [2024-08-28T16:31:11.402+0000] {dag.py:4138} INFO - Setting next_dagrun for dataset_consumes_1_never_scheduled to None, run_after=None
[2024-08-28T16:31:11.404+0000] {logging_mixin.py:190} INFO - [2024-08-28T16:31:11.403+0000] {dag.py:4138} INFO - Setting next_dagrun for dataset_consumes_unknown_never_scheduled to None, run_after=None
[2024-08-28T16:31:11.405+0000] {logging_mixin.py:190} INFO - [2024-08-28T16:31:11.405+0000] {dag.py:4138} INFO - Setting next_dagrun for dataset_produces_1 to 2024-08-27 00:00:00+00:00, run_after=2024-08-28 00:00:00+00:00
[2024-08-28T16:31:11.406+0000] {logging_mixin.py:190} INFO - [2024-08-28T16:31:11.406+0000] {dag.py:4138} INFO - Setting next_dagrun for dataset_produces_2 to None, run_after=None
[2024-08-28T16:31:11.434+0000] {processor.py:208} INFO - Processing /home/airflow/.local/lib/python3.12/site-packages/airflow/example_dags/example_datasets.py took 0.213 seconds
[2024-08-28T16:31:41.546+0000] {processor.py:186} INFO - Started process (PID=280) to work on /home/airflow/.local/lib/python3.12/site-packages/airflow/example_dags/example_datasets.py
[2024-08-28T16:31:41.547+0000] {processor.py:914} INFO - Processing file /home/airflow/.local/lib/python3.12/site-packages/airflow/example_dags/example_datasets.py for tasks to queue
[2024-08-28T16:31:41.549+0000] {logging_mixin.py:190} INFO - [2024-08-28T16:31:41.549+0000] {dagbag.py:587} INFO - Filling up the DagBag from /home/airflow/.local/lib/python3.12/site-packages/airflow/example_dags/example_datasets.py
[2024-08-28T16:31:41.656+0000] {processor.py:925} INFO - DAG(s) 'dataset_produces_1', 'conditional_dataset_and_time_based_timetable', 'dataset_consumes_1_never_scheduled', 'dataset_consumes_unknown_never_scheduled', 'dataset_consumes_1', 'consume_1_or_both_2_and_3_with_dataset_expressions', 'consume_1_or_2_with_dataset_expressions', 'dataset_produces_2', 'dataset_consumes_1_and_2', 'consume_1_and_2_with_dataset_expressions' retrieved from /home/airflow/.local/lib/python3.12/site-packages/airflow/example_dags/example_datasets.py
[2024-08-28T16:31:41.691+0000] {logging_mixin.py:190} INFO - [2024-08-28T16:31:41.691+0000] {dag.py:3211} INFO - Sync 10 DAGs
[2024-08-28T16:31:41.711+0000] {logging_mixin.py:190} INFO - [2024-08-28T16:31:41.710+0000] {dag.py:4138} INFO - Setting next_dagrun for conditional_dataset_and_time_based_timetable to 2024-08-28 01:00:00+00:00, run_after=2024-08-28 01:00:00+00:00
[2024-08-28T16:31:41.714+0000] {logging_mixin.py:190} INFO - [2024-08-28T16:31:41.714+0000] {dag.py:4138} INFO - Setting next_dagrun for consume_1_and_2_with_dataset_expressions to None, run_after=None
[2024-08-28T16:31:41.716+0000] {logging_mixin.py:190} INFO - [2024-08-28T16:31:41.716+0000] {dag.py:4138} INFO - Setting next_dagrun for consume_1_or_2_with_dataset_expressions to None, run_after=None
[2024-08-28T16:31:41.717+0000] {logging_mixin.py:190} INFO - [2024-08-28T16:31:41.717+0000] {dag.py:4138} INFO - Setting next_dagrun for consume_1_or_both_2_and_3_with_dataset_expressions to None, run_after=None
[2024-08-28T16:31:41.719+0000] {logging_mixin.py:190} INFO - [2024-08-28T16:31:41.719+0000] {dag.py:4138} INFO - Setting next_dagrun for dataset_consumes_1 to None, run_after=None
[2024-08-28T16:31:41.720+0000] {logging_mixin.py:190} INFO - [2024-08-28T16:31:41.720+0000] {dag.py:4138} INFO - Setting next_dagrun for dataset_consumes_1_and_2 to None, run_after=None
[2024-08-28T16:31:41.722+0000] {logging_mixin.py:190} INFO - [2024-08-28T16:31:41.722+0000] {dag.py:4138} INFO - Setting next_dagrun for dataset_consumes_1_never_scheduled to None, run_after=None
[2024-08-28T16:31:41.723+0000] {logging_mixin.py:190} INFO - [2024-08-28T16:31:41.723+0000] {dag.py:4138} INFO - Setting next_dagrun for dataset_consumes_unknown_never_scheduled to None, run_after=None
[2024-08-28T16:31:41.725+0000] {logging_mixin.py:190} INFO - [2024-08-28T16:31:41.725+0000] {dag.py:4138} INFO - Setting next_dagrun for dataset_produces_1 to 2024-08-27 00:00:00+00:00, run_after=2024-08-28 00:00:00+00:00
[2024-08-28T16:31:41.726+0000] {logging_mixin.py:190} INFO - [2024-08-28T16:31:41.726+0000] {dag.py:4138} INFO - Setting next_dagrun for dataset_produces_2 to None, run_after=None
[2024-08-28T16:31:41.756+0000] {processor.py:208} INFO - Processing /home/airflow/.local/lib/python3.12/site-packages/airflow/example_dags/example_datasets.py took 0.214 seconds
[2024-08-28T16:32:12.065+0000] {processor.py:186} INFO - Started process (PID=342) to work on /home/airflow/.local/lib/python3.12/site-packages/airflow/example_dags/example_datasets.py
[2024-08-28T16:32:12.066+0000] {processor.py:914} INFO - Processing file /home/airflow/.local/lib/python3.12/site-packages/airflow/example_dags/example_datasets.py for tasks to queue
[2024-08-28T16:32:12.070+0000] {logging_mixin.py:190} INFO - [2024-08-28T16:32:12.070+0000] {dagbag.py:587} INFO - Filling up the DagBag from /home/airflow/.local/lib/python3.12/site-packages/airflow/example_dags/example_datasets.py
[2024-08-28T16:32:12.199+0000] {processor.py:925} INFO - DAG(s) 'dataset_consumes_1_and_2', 'conditional_dataset_and_time_based_timetable', 'dataset_produces_2', 'dataset_consumes_1', 'dataset_produces_1', 'consume_1_or_2_with_dataset_expressions', 'dataset_consumes_unknown_never_scheduled', 'dataset_consumes_1_never_scheduled', 'consume_1_or_both_2_and_3_with_dataset_expressions', 'consume_1_and_2_with_dataset_expressions' retrieved from /home/airflow/.local/lib/python3.12/site-packages/airflow/example_dags/example_datasets.py
[2024-08-28T16:32:12.245+0000] {logging_mixin.py:190} INFO - [2024-08-28T16:32:12.244+0000] {dag.py:3211} INFO - Sync 10 DAGs
[2024-08-28T16:32:12.267+0000] {logging_mixin.py:190} INFO - [2024-08-28T16:32:12.267+0000] {dag.py:4138} INFO - Setting next_dagrun for conditional_dataset_and_time_based_timetable to 2024-08-28 01:00:00+00:00, run_after=2024-08-28 01:00:00+00:00
[2024-08-28T16:32:12.271+0000] {logging_mixin.py:190} INFO - [2024-08-28T16:32:12.271+0000] {dag.py:4138} INFO - Setting next_dagrun for consume_1_and_2_with_dataset_expressions to None, run_after=None
[2024-08-28T16:32:12.274+0000] {logging_mixin.py:190} INFO - [2024-08-28T16:32:12.274+0000] {dag.py:4138} INFO - Setting next_dagrun for consume_1_or_2_with_dataset_expressions to None, run_after=None
[2024-08-28T16:32:12.275+0000] {logging_mixin.py:190} INFO - [2024-08-28T16:32:12.275+0000] {dag.py:4138} INFO - Setting next_dagrun for consume_1_or_both_2_and_3_with_dataset_expressions to None, run_after=None
[2024-08-28T16:32:12.277+0000] {logging_mixin.py:190} INFO - [2024-08-28T16:32:12.276+0000] {dag.py:4138} INFO - Setting next_dagrun for dataset_consumes_1 to None, run_after=None
[2024-08-28T16:32:12.278+0000] {logging_mixin.py:190} INFO - [2024-08-28T16:32:12.278+0000] {dag.py:4138} INFO - Setting next_dagrun for dataset_consumes_1_and_2 to None, run_after=None
[2024-08-28T16:32:12.280+0000] {logging_mixin.py:190} INFO - [2024-08-28T16:32:12.279+0000] {dag.py:4138} INFO - Setting next_dagrun for dataset_consumes_1_never_scheduled to None, run_after=None
[2024-08-28T16:32:12.281+0000] {logging_mixin.py:190} INFO - [2024-08-28T16:32:12.281+0000] {dag.py:4138} INFO - Setting next_dagrun for dataset_consumes_unknown_never_scheduled to None, run_after=None
[2024-08-28T16:32:12.284+0000] {logging_mixin.py:190} INFO - [2024-08-28T16:32:12.284+0000] {dag.py:4138} INFO - Setting next_dagrun for dataset_produces_1 to 2024-08-27 00:00:00+00:00, run_after=2024-08-28 00:00:00+00:00
[2024-08-28T16:32:12.286+0000] {logging_mixin.py:190} INFO - [2024-08-28T16:32:12.286+0000] {dag.py:4138} INFO - Setting next_dagrun for dataset_produces_2 to None, run_after=None
[2024-08-28T16:32:12.317+0000] {processor.py:208} INFO - Processing /home/airflow/.local/lib/python3.12/site-packages/airflow/example_dags/example_datasets.py took 0.257 seconds
[2024-08-28T16:32:42.937+0000] {processor.py:186} INFO - Started process (PID=404) to work on /home/airflow/.local/lib/python3.12/site-packages/airflow/example_dags/example_datasets.py
[2024-08-28T16:32:42.938+0000] {processor.py:914} INFO - Processing file /home/airflow/.local/lib/python3.12/site-packages/airflow/example_dags/example_datasets.py for tasks to queue
[2024-08-28T16:32:42.940+0000] {logging_mixin.py:190} INFO - [2024-08-28T16:32:42.939+0000] {dagbag.py:587} INFO - Filling up the DagBag from /home/airflow/.local/lib/python3.12/site-packages/airflow/example_dags/example_datasets.py
[2024-08-28T16:32:43.057+0000] {processor.py:925} INFO - DAG(s) 'dataset_produces_1', 'dataset_produces_2', 'consume_1_or_2_with_dataset_expressions', 'dataset_consumes_unknown_never_scheduled', 'consume_1_or_both_2_and_3_with_dataset_expressions', 'dataset_consumes_1_and_2', 'dataset_consumes_1', 'consume_1_and_2_with_dataset_expressions', 'conditional_dataset_and_time_based_timetable', 'dataset_consumes_1_never_scheduled' retrieved from /home/airflow/.local/lib/python3.12/site-packages/airflow/example_dags/example_datasets.py
[2024-08-28T16:32:43.089+0000] {logging_mixin.py:190} INFO - [2024-08-28T16:32:43.089+0000] {dag.py:3211} INFO - Sync 10 DAGs
[2024-08-28T16:32:43.109+0000] {logging_mixin.py:190} INFO - [2024-08-28T16:32:43.109+0000] {dag.py:4138} INFO - Setting next_dagrun for conditional_dataset_and_time_based_timetable to 2024-08-28 01:00:00+00:00, run_after=2024-08-28 01:00:00+00:00
[2024-08-28T16:32:43.112+0000] {logging_mixin.py:190} INFO - [2024-08-28T16:32:43.112+0000] {dag.py:4138} INFO - Setting next_dagrun for consume_1_and_2_with_dataset_expressions to None, run_after=None
[2024-08-28T16:32:43.114+0000] {logging_mixin.py:190} INFO - [2024-08-28T16:32:43.113+0000] {dag.py:4138} INFO - Setting next_dagrun for consume_1_or_2_with_dataset_expressions to None, run_after=None
[2024-08-28T16:32:43.115+0000] {logging_mixin.py:190} INFO - [2024-08-28T16:32:43.115+0000] {dag.py:4138} INFO - Setting next_dagrun for consume_1_or_both_2_and_3_with_dataset_expressions to None, run_after=None
[2024-08-28T16:32:43.118+0000] {logging_mixin.py:190} INFO - [2024-08-28T16:32:43.118+0000] {dag.py:4138} INFO - Setting next_dagrun for dataset_consumes_1 to None, run_after=None
[2024-08-28T16:32:43.120+0000] {logging_mixin.py:190} INFO - [2024-08-28T16:32:43.119+0000] {dag.py:4138} INFO - Setting next_dagrun for dataset_consumes_1_and_2 to None, run_after=None
[2024-08-28T16:32:43.121+0000] {logging_mixin.py:190} INFO - [2024-08-28T16:32:43.121+0000] {dag.py:4138} INFO - Setting next_dagrun for dataset_consumes_1_never_scheduled to None, run_after=None
[2024-08-28T16:32:43.122+0000] {logging_mixin.py:190} INFO - [2024-08-28T16:32:43.122+0000] {dag.py:4138} INFO - Setting next_dagrun for dataset_consumes_unknown_never_scheduled to None, run_after=None
[2024-08-28T16:32:43.124+0000] {logging_mixin.py:190} INFO - [2024-08-28T16:32:43.124+0000] {dag.py:4138} INFO - Setting next_dagrun for dataset_produces_1 to 2024-08-27 00:00:00+00:00, run_after=2024-08-28 00:00:00+00:00
[2024-08-28T16:32:43.125+0000] {logging_mixin.py:190} INFO - [2024-08-28T16:32:43.125+0000] {dag.py:4138} INFO - Setting next_dagrun for dataset_produces_2 to None, run_after=None
[2024-08-28T16:32:43.154+0000] {processor.py:208} INFO - Processing /home/airflow/.local/lib/python3.12/site-packages/airflow/example_dags/example_datasets.py took 0.222 seconds
[2024-08-28T16:33:13.823+0000] {processor.py:186} INFO - Started process (PID=466) to work on /home/airflow/.local/lib/python3.12/site-packages/airflow/example_dags/example_datasets.py
[2024-08-28T16:33:13.824+0000] {processor.py:914} INFO - Processing file /home/airflow/.local/lib/python3.12/site-packages/airflow/example_dags/example_datasets.py for tasks to queue
[2024-08-28T16:33:13.827+0000] {logging_mixin.py:190} INFO - [2024-08-28T16:33:13.827+0000] {dagbag.py:587} INFO - Filling up the DagBag from /home/airflow/.local/lib/python3.12/site-packages/airflow/example_dags/example_datasets.py
[2024-08-28T16:33:13.935+0000] {processor.py:925} INFO - DAG(s) 'consume_1_and_2_with_dataset_expressions', 'dataset_consumes_unknown_never_scheduled', 'dataset_consumes_1_never_scheduled', 'consume_1_or_2_with_dataset_expressions', 'dataset_produces_1', 'dataset_consumes_1', 'consume_1_or_both_2_and_3_with_dataset_expressions', 'conditional_dataset_and_time_based_timetable', 'dataset_consumes_1_and_2', 'dataset_produces_2' retrieved from /home/airflow/.local/lib/python3.12/site-packages/airflow/example_dags/example_datasets.py
[2024-08-28T16:33:13.968+0000] {logging_mixin.py:190} INFO - [2024-08-28T16:33:13.968+0000] {dag.py:3211} INFO - Sync 10 DAGs
[2024-08-28T16:33:13.986+0000] {logging_mixin.py:190} INFO - [2024-08-28T16:33:13.986+0000] {dag.py:4138} INFO - Setting next_dagrun for conditional_dataset_and_time_based_timetable to 2024-08-28 01:00:00+00:00, run_after=2024-08-28 01:00:00+00:00
[2024-08-28T16:33:13.989+0000] {logging_mixin.py:190} INFO - [2024-08-28T16:33:13.989+0000] {dag.py:4138} INFO - Setting next_dagrun for consume_1_and_2_with_dataset_expressions to None, run_after=None
[2024-08-28T16:33:13.990+0000] {logging_mixin.py:190} INFO - [2024-08-28T16:33:13.990+0000] {dag.py:4138} INFO - Setting next_dagrun for consume_1_or_2_with_dataset_expressions to None, run_after=None
[2024-08-28T16:33:13.992+0000] {logging_mixin.py:190} INFO - [2024-08-28T16:33:13.992+0000] {dag.py:4138} INFO - Setting next_dagrun for consume_1_or_both_2_and_3_with_dataset_expressions to None, run_after=None
[2024-08-28T16:33:13.993+0000] {logging_mixin.py:190} INFO - [2024-08-28T16:33:13.993+0000] {dag.py:4138} INFO - Setting next_dagrun for dataset_consumes_1 to None, run_after=None
[2024-08-28T16:33:13.994+0000] {logging_mixin.py:190} INFO - [2024-08-28T16:33:13.994+0000] {dag.py:4138} INFO - Setting next_dagrun for dataset_consumes_1_and_2 to None, run_after=None
[2024-08-28T16:33:13.996+0000] {logging_mixin.py:190} INFO - [2024-08-28T16:33:13.995+0000] {dag.py:4138} INFO - Setting next_dagrun for dataset_consumes_1_never_scheduled to None, run_after=None
[2024-08-28T16:33:13.997+0000] {logging_mixin.py:190} INFO - [2024-08-28T16:33:13.997+0000] {dag.py:4138} INFO - Setting next_dagrun for dataset_consumes_unknown_never_scheduled to None, run_after=None
[2024-08-28T16:33:13.999+0000] {logging_mixin.py:190} INFO - [2024-08-28T16:33:13.999+0000] {dag.py:4138} INFO - Setting next_dagrun for dataset_produces_1 to 2024-08-27 00:00:00+00:00, run_after=2024-08-28 00:00:00+00:00
[2024-08-28T16:33:14.001+0000] {logging_mixin.py:190} INFO - [2024-08-28T16:33:14.001+0000] {dag.py:4138} INFO - Setting next_dagrun for dataset_produces_2 to None, run_after=None
[2024-08-28T16:33:14.030+0000] {processor.py:208} INFO - Processing /home/airflow/.local/lib/python3.12/site-packages/airflow/example_dags/example_datasets.py took 0.211 seconds
