[2024-08-28T16:30:10.514+0000] {processor.py:186} INFO - Started process (PID=108) to work on /home/airflow/.local/lib/python3.12/site-packages/airflow/example_dags/example_nested_branch_dag.py
[2024-08-28T16:30:10.515+0000] {processor.py:914} INFO - Processing file /home/airflow/.local/lib/python3.12/site-packages/airflow/example_dags/example_nested_branch_dag.py for tasks to queue
[2024-08-28T16:30:10.517+0000] {logging_mixin.py:190} INFO - [2024-08-28T16:30:10.517+0000] {dagbag.py:587} INFO - Filling up the DagBag from /home/airflow/.local/lib/python3.12/site-packages/airflow/example_dags/example_nested_branch_dag.py
[2024-08-28T16:30:10.526+0000] {processor.py:925} INFO - DAG(s) 'example_nested_branch_dag' retrieved from /home/airflow/.local/lib/python3.12/site-packages/airflow/example_dags/example_nested_branch_dag.py
[2024-08-28T16:30:10.603+0000] {logging_mixin.py:190} INFO - [2024-08-28T16:30:10.603+0000] {override.py:1858} INFO - Created Permission View: can read on DAG:example_nested_branch_dag
[2024-08-28T16:30:10.613+0000] {logging_mixin.py:190} INFO - [2024-08-28T16:30:10.613+0000] {override.py:1858} INFO - Created Permission View: can delete on DAG:example_nested_branch_dag
[2024-08-28T16:30:10.620+0000] {logging_mixin.py:190} INFO - [2024-08-28T16:30:10.620+0000] {override.py:1858} INFO - Created Permission View: can edit on DAG:example_nested_branch_dag
[2024-08-28T16:30:10.621+0000] {logging_mixin.py:190} INFO - [2024-08-28T16:30:10.621+0000] {dag.py:3211} INFO - Sync 1 DAGs
[2024-08-28T16:30:10.630+0000] {logging_mixin.py:190} INFO - [2024-08-28T16:30:10.630+0000] {dag.py:3234} INFO - Creating ORM DAG for example_nested_branch_dag
[2024-08-28T16:30:10.646+0000] {logging_mixin.py:190} INFO - [2024-08-28T16:30:10.645+0000] {dag.py:4138} INFO - Setting next_dagrun for example_nested_branch_dag to 2024-08-27 00:00:00+00:00, run_after=2024-08-28 00:00:00+00:00
[2024-08-28T16:30:10.662+0000] {processor.py:208} INFO - Processing /home/airflow/.local/lib/python3.12/site-packages/airflow/example_dags/example_nested_branch_dag.py took 0.152 seconds
[2024-08-28T16:30:40.931+0000] {processor.py:186} INFO - Started process (PID=170) to work on /home/airflow/.local/lib/python3.12/site-packages/airflow/example_dags/example_nested_branch_dag.py
[2024-08-28T16:30:40.932+0000] {processor.py:914} INFO - Processing file /home/airflow/.local/lib/python3.12/site-packages/airflow/example_dags/example_nested_branch_dag.py for tasks to queue
[2024-08-28T16:30:40.934+0000] {logging_mixin.py:190} INFO - [2024-08-28T16:30:40.934+0000] {dagbag.py:587} INFO - Filling up the DagBag from /home/airflow/.local/lib/python3.12/site-packages/airflow/example_dags/example_nested_branch_dag.py
[2024-08-28T16:30:40.943+0000] {processor.py:925} INFO - DAG(s) 'example_nested_branch_dag' retrieved from /home/airflow/.local/lib/python3.12/site-packages/airflow/example_dags/example_nested_branch_dag.py
[2024-08-28T16:30:40.960+0000] {logging_mixin.py:190} INFO - [2024-08-28T16:30:40.960+0000] {dag.py:3211} INFO - Sync 1 DAGs
[2024-08-28T16:30:40.976+0000] {logging_mixin.py:190} INFO - [2024-08-28T16:30:40.975+0000] {dag.py:4138} INFO - Setting next_dagrun for example_nested_branch_dag to 2024-08-27 00:00:00+00:00, run_after=2024-08-28 00:00:00+00:00
[2024-08-28T16:30:40.991+0000] {processor.py:208} INFO - Processing /home/airflow/.local/lib/python3.12/site-packages/airflow/example_dags/example_nested_branch_dag.py took 0.064 seconds
[2024-08-28T16:31:12.155+0000] {processor.py:186} INFO - Started process (PID=232) to work on /home/airflow/.local/lib/python3.12/site-packages/airflow/example_dags/example_nested_branch_dag.py
[2024-08-28T16:31:12.156+0000] {processor.py:914} INFO - Processing file /home/airflow/.local/lib/python3.12/site-packages/airflow/example_dags/example_nested_branch_dag.py for tasks to queue
[2024-08-28T16:31:12.159+0000] {logging_mixin.py:190} INFO - [2024-08-28T16:31:12.158+0000] {dagbag.py:587} INFO - Filling up the DagBag from /home/airflow/.local/lib/python3.12/site-packages/airflow/example_dags/example_nested_branch_dag.py
[2024-08-28T16:31:12.168+0000] {processor.py:925} INFO - DAG(s) 'example_nested_branch_dag' retrieved from /home/airflow/.local/lib/python3.12/site-packages/airflow/example_dags/example_nested_branch_dag.py
[2024-08-28T16:31:12.185+0000] {logging_mixin.py:190} INFO - [2024-08-28T16:31:12.185+0000] {dag.py:3211} INFO - Sync 1 DAGs
[2024-08-28T16:31:12.204+0000] {logging_mixin.py:190} INFO - [2024-08-28T16:31:12.204+0000] {dag.py:4138} INFO - Setting next_dagrun for example_nested_branch_dag to 2024-08-27 00:00:00+00:00, run_after=2024-08-28 00:00:00+00:00
[2024-08-28T16:31:12.221+0000] {processor.py:208} INFO - Processing /home/airflow/.local/lib/python3.12/site-packages/airflow/example_dags/example_nested_branch_dag.py took 0.070 seconds
[2024-08-28T16:31:42.590+0000] {processor.py:186} INFO - Started process (PID=294) to work on /home/airflow/.local/lib/python3.12/site-packages/airflow/example_dags/example_nested_branch_dag.py
[2024-08-28T16:31:42.592+0000] {processor.py:914} INFO - Processing file /home/airflow/.local/lib/python3.12/site-packages/airflow/example_dags/example_nested_branch_dag.py for tasks to queue
[2024-08-28T16:31:42.594+0000] {logging_mixin.py:190} INFO - [2024-08-28T16:31:42.593+0000] {dagbag.py:587} INFO - Filling up the DagBag from /home/airflow/.local/lib/python3.12/site-packages/airflow/example_dags/example_nested_branch_dag.py
[2024-08-28T16:31:42.605+0000] {processor.py:925} INFO - DAG(s) 'example_nested_branch_dag' retrieved from /home/airflow/.local/lib/python3.12/site-packages/airflow/example_dags/example_nested_branch_dag.py
[2024-08-28T16:31:42.625+0000] {logging_mixin.py:190} INFO - [2024-08-28T16:31:42.625+0000] {dag.py:3211} INFO - Sync 1 DAGs
[2024-08-28T16:31:42.643+0000] {logging_mixin.py:190} INFO - [2024-08-28T16:31:42.643+0000] {dag.py:4138} INFO - Setting next_dagrun for example_nested_branch_dag to 2024-08-27 00:00:00+00:00, run_after=2024-08-28 00:00:00+00:00
[2024-08-28T16:31:42.661+0000] {processor.py:208} INFO - Processing /home/airflow/.local/lib/python3.12/site-packages/airflow/example_dags/example_nested_branch_dag.py took 0.075 seconds
[2024-08-28T16:32:13.274+0000] {processor.py:186} INFO - Started process (PID=356) to work on /home/airflow/.local/lib/python3.12/site-packages/airflow/example_dags/example_nested_branch_dag.py
[2024-08-28T16:32:13.276+0000] {processor.py:914} INFO - Processing file /home/airflow/.local/lib/python3.12/site-packages/airflow/example_dags/example_nested_branch_dag.py for tasks to queue
[2024-08-28T16:32:13.279+0000] {logging_mixin.py:190} INFO - [2024-08-28T16:32:13.279+0000] {dagbag.py:587} INFO - Filling up the DagBag from /home/airflow/.local/lib/python3.12/site-packages/airflow/example_dags/example_nested_branch_dag.py
[2024-08-28T16:32:13.292+0000] {processor.py:925} INFO - DAG(s) 'example_nested_branch_dag' retrieved from /home/airflow/.local/lib/python3.12/site-packages/airflow/example_dags/example_nested_branch_dag.py
[2024-08-28T16:32:13.310+0000] {logging_mixin.py:190} INFO - [2024-08-28T16:32:13.310+0000] {dag.py:3211} INFO - Sync 1 DAGs
[2024-08-28T16:32:13.327+0000] {logging_mixin.py:190} INFO - [2024-08-28T16:32:13.327+0000] {dag.py:4138} INFO - Setting next_dagrun for example_nested_branch_dag to 2024-08-27 00:00:00+00:00, run_after=2024-08-28 00:00:00+00:00
[2024-08-28T16:32:13.344+0000] {processor.py:208} INFO - Processing /home/airflow/.local/lib/python3.12/site-packages/airflow/example_dags/example_nested_branch_dag.py took 0.078 seconds
[2024-08-28T16:32:44.121+0000] {processor.py:186} INFO - Started process (PID=418) to work on /home/airflow/.local/lib/python3.12/site-packages/airflow/example_dags/example_nested_branch_dag.py
[2024-08-28T16:32:44.140+0000] {processor.py:914} INFO - Processing file /home/airflow/.local/lib/python3.12/site-packages/airflow/example_dags/example_nested_branch_dag.py for tasks to queue
[2024-08-28T16:32:44.142+0000] {logging_mixin.py:190} INFO - [2024-08-28T16:32:44.142+0000] {dagbag.py:587} INFO - Filling up the DagBag from /home/airflow/.local/lib/python3.12/site-packages/airflow/example_dags/example_nested_branch_dag.py
[2024-08-28T16:32:44.152+0000] {processor.py:925} INFO - DAG(s) 'example_nested_branch_dag' retrieved from /home/airflow/.local/lib/python3.12/site-packages/airflow/example_dags/example_nested_branch_dag.py
[2024-08-28T16:32:44.168+0000] {logging_mixin.py:190} INFO - [2024-08-28T16:32:44.168+0000] {dag.py:3211} INFO - Sync 1 DAGs
[2024-08-28T16:32:44.186+0000] {logging_mixin.py:190} INFO - [2024-08-28T16:32:44.186+0000] {dag.py:4138} INFO - Setting next_dagrun for example_nested_branch_dag to 2024-08-27 00:00:00+00:00, run_after=2024-08-28 00:00:00+00:00
[2024-08-28T16:32:44.203+0000] {processor.py:208} INFO - Processing /home/airflow/.local/lib/python3.12/site-packages/airflow/example_dags/example_nested_branch_dag.py took 0.086 seconds
[2024-08-28T16:33:14.931+0000] {processor.py:186} INFO - Started process (PID=480) to work on /home/airflow/.local/lib/python3.12/site-packages/airflow/example_dags/example_nested_branch_dag.py
[2024-08-28T16:33:14.932+0000] {processor.py:914} INFO - Processing file /home/airflow/.local/lib/python3.12/site-packages/airflow/example_dags/example_nested_branch_dag.py for tasks to queue
[2024-08-28T16:33:14.934+0000] {logging_mixin.py:190} INFO - [2024-08-28T16:33:14.934+0000] {dagbag.py:587} INFO - Filling up the DagBag from /home/airflow/.local/lib/python3.12/site-packages/airflow/example_dags/example_nested_branch_dag.py
[2024-08-28T16:33:14.942+0000] {processor.py:925} INFO - DAG(s) 'example_nested_branch_dag' retrieved from /home/airflow/.local/lib/python3.12/site-packages/airflow/example_dags/example_nested_branch_dag.py
[2024-08-28T16:33:14.959+0000] {logging_mixin.py:190} INFO - [2024-08-28T16:33:14.958+0000] {dag.py:3211} INFO - Sync 1 DAGs
[2024-08-28T16:33:14.975+0000] {logging_mixin.py:190} INFO - [2024-08-28T16:33:14.975+0000] {dag.py:4138} INFO - Setting next_dagrun for example_nested_branch_dag to 2024-08-27 00:00:00+00:00, run_after=2024-08-28 00:00:00+00:00
[2024-08-28T16:33:14.993+0000] {processor.py:208} INFO - Processing /home/airflow/.local/lib/python3.12/site-packages/airflow/example_dags/example_nested_branch_dag.py took 0.073 seconds
