[2024-08-28T16:30:08.396+0000] {processor.py:186} INFO - Started process (PID=85) to work on /home/airflow/.local/lib/python3.12/site-packages/airflow/example_dags/example_dataset_alias_with_no_taskflow.py
[2024-08-28T16:30:08.397+0000] {processor.py:914} INFO - Processing file /home/airflow/.local/lib/python3.12/site-packages/airflow/example_dags/example_dataset_alias_with_no_taskflow.py for tasks to queue
[2024-08-28T16:30:08.399+0000] {logging_mixin.py:190} INFO - [2024-08-28T16:30:08.399+0000] {dagbag.py:587} INFO - Filling up the DagBag from /home/airflow/.local/lib/python3.12/site-packages/airflow/example_dags/example_dataset_alias_with_no_taskflow.py
[2024-08-28T16:30:08.803+0000] {processor.py:925} INFO - DAG(s) 'dataset_s3_bucket_producer_with_no_taskflow', 'dataset_alias_example_alias_producer_with_no_taskflow', 'dataset_s3_bucket_consumer_with_no_taskflow', 'dataset_alias_example_alias_consumer_with_no_taskflow' retrieved from /home/airflow/.local/lib/python3.12/site-packages/airflow/example_dags/example_dataset_alias_with_no_taskflow.py
[2024-08-28T16:30:08.874+0000] {logging_mixin.py:190} INFO - [2024-08-28T16:30:08.874+0000] {override.py:1858} INFO - Created Permission View: can read on DAG:dataset_s3_bucket_producer_with_no_taskflow
[2024-08-28T16:30:08.884+0000] {logging_mixin.py:190} INFO - [2024-08-28T16:30:08.884+0000] {override.py:1858} INFO - Created Permission View: can delete on DAG:dataset_s3_bucket_producer_with_no_taskflow
[2024-08-28T16:30:08.892+0000] {logging_mixin.py:190} INFO - [2024-08-28T16:30:08.892+0000] {override.py:1858} INFO - Created Permission View: can edit on DAG:dataset_s3_bucket_producer_with_no_taskflow
[2024-08-28T16:30:08.907+0000] {logging_mixin.py:190} INFO - [2024-08-28T16:30:08.907+0000] {override.py:1858} INFO - Created Permission View: can read on DAG:dataset_alias_example_alias_producer_with_no_taskflow
[2024-08-28T16:30:08.915+0000] {logging_mixin.py:190} INFO - [2024-08-28T16:30:08.915+0000] {override.py:1858} INFO - Created Permission View: can delete on DAG:dataset_alias_example_alias_producer_with_no_taskflow
[2024-08-28T16:30:08.923+0000] {logging_mixin.py:190} INFO - [2024-08-28T16:30:08.922+0000] {override.py:1858} INFO - Created Permission View: can edit on DAG:dataset_alias_example_alias_producer_with_no_taskflow
[2024-08-28T16:30:08.937+0000] {logging_mixin.py:190} INFO - [2024-08-28T16:30:08.937+0000] {override.py:1858} INFO - Created Permission View: can read on DAG:dataset_s3_bucket_consumer_with_no_taskflow
[2024-08-28T16:30:08.945+0000] {logging_mixin.py:190} INFO - [2024-08-28T16:30:08.945+0000] {override.py:1858} INFO - Created Permission View: can delete on DAG:dataset_s3_bucket_consumer_with_no_taskflow
[2024-08-28T16:30:08.953+0000] {logging_mixin.py:190} INFO - [2024-08-28T16:30:08.953+0000] {override.py:1858} INFO - Created Permission View: can edit on DAG:dataset_s3_bucket_consumer_with_no_taskflow
[2024-08-28T16:30:08.967+0000] {logging_mixin.py:190} INFO - [2024-08-28T16:30:08.966+0000] {override.py:1858} INFO - Created Permission View: can read on DAG:dataset_alias_example_alias_consumer_with_no_taskflow
[2024-08-28T16:30:08.973+0000] {logging_mixin.py:190} INFO - [2024-08-28T16:30:08.973+0000] {override.py:1858} INFO - Created Permission View: can delete on DAG:dataset_alias_example_alias_consumer_with_no_taskflow
[2024-08-28T16:30:08.981+0000] {logging_mixin.py:190} INFO - [2024-08-28T16:30:08.981+0000] {override.py:1858} INFO - Created Permission View: can edit on DAG:dataset_alias_example_alias_consumer_with_no_taskflow
[2024-08-28T16:30:08.982+0000] {logging_mixin.py:190} INFO - [2024-08-28T16:30:08.982+0000] {dag.py:3211} INFO - Sync 4 DAGs
[2024-08-28T16:30:08.991+0000] {logging_mixin.py:190} INFO - [2024-08-28T16:30:08.991+0000] {dag.py:3234} INFO - Creating ORM DAG for dataset_s3_bucket_producer_with_no_taskflow
[2024-08-28T16:30:08.992+0000] {logging_mixin.py:190} INFO - [2024-08-28T16:30:08.992+0000] {dag.py:3234} INFO - Creating ORM DAG for dataset_s3_bucket_consumer_with_no_taskflow
[2024-08-28T16:30:08.993+0000] {logging_mixin.py:190} INFO - [2024-08-28T16:30:08.993+0000] {dag.py:3234} INFO - Creating ORM DAG for dataset_alias_example_alias_producer_with_no_taskflow
[2024-08-28T16:30:08.994+0000] {logging_mixin.py:190} INFO - [2024-08-28T16:30:08.994+0000] {dag.py:3234} INFO - Creating ORM DAG for dataset_alias_example_alias_consumer_with_no_taskflow
[2024-08-28T16:30:09.001+0000] {logging_mixin.py:190} INFO - [2024-08-28T16:30:09.000+0000] {dag.py:4138} INFO - Setting next_dagrun for dataset_alias_example_alias_consumer_with_no_taskflow to None, run_after=None
[2024-08-28T16:30:09.002+0000] {logging_mixin.py:190} INFO - [2024-08-28T16:30:09.002+0000] {dag.py:4138} INFO - Setting next_dagrun for dataset_alias_example_alias_producer_with_no_taskflow to None, run_after=None
[2024-08-28T16:30:09.003+0000] {logging_mixin.py:190} INFO - [2024-08-28T16:30:09.002+0000] {dag.py:4138} INFO - Setting next_dagrun for dataset_s3_bucket_consumer_with_no_taskflow to None, run_after=None
[2024-08-28T16:30:09.004+0000] {logging_mixin.py:190} INFO - [2024-08-28T16:30:09.004+0000] {dag.py:4138} INFO - Setting next_dagrun for dataset_s3_bucket_producer_with_no_taskflow to None, run_after=None
[2024-08-28T16:30:09.029+0000] {processor.py:208} INFO - Processing /home/airflow/.local/lib/python3.12/site-packages/airflow/example_dags/example_dataset_alias_with_no_taskflow.py took 0.638 seconds
[2024-08-28T16:30:40.009+0000] {processor.py:186} INFO - Started process (PID=155) to work on /home/airflow/.local/lib/python3.12/site-packages/airflow/example_dags/example_dataset_alias_with_no_taskflow.py
[2024-08-28T16:30:40.010+0000] {processor.py:914} INFO - Processing file /home/airflow/.local/lib/python3.12/site-packages/airflow/example_dags/example_dataset_alias_with_no_taskflow.py for tasks to queue
[2024-08-28T16:30:40.013+0000] {logging_mixin.py:190} INFO - [2024-08-28T16:30:40.012+0000] {dagbag.py:587} INFO - Filling up the DagBag from /home/airflow/.local/lib/python3.12/site-packages/airflow/example_dags/example_dataset_alias_with_no_taskflow.py
[2024-08-28T16:30:40.140+0000] {processor.py:925} INFO - DAG(s) 'dataset_alias_example_alias_producer_with_no_taskflow', 'dataset_s3_bucket_consumer_with_no_taskflow', 'dataset_alias_example_alias_consumer_with_no_taskflow', 'dataset_s3_bucket_producer_with_no_taskflow' retrieved from /home/airflow/.local/lib/python3.12/site-packages/airflow/example_dags/example_dataset_alias_with_no_taskflow.py
[2024-08-28T16:30:40.159+0000] {logging_mixin.py:190} INFO - [2024-08-28T16:30:40.159+0000] {dag.py:3211} INFO - Sync 4 DAGs
[2024-08-28T16:30:40.177+0000] {logging_mixin.py:190} INFO - [2024-08-28T16:30:40.177+0000] {dag.py:4138} INFO - Setting next_dagrun for dataset_alias_example_alias_consumer_with_no_taskflow to None, run_after=None
[2024-08-28T16:30:40.180+0000] {logging_mixin.py:190} INFO - [2024-08-28T16:30:40.180+0000] {dag.py:4138} INFO - Setting next_dagrun for dataset_alias_example_alias_producer_with_no_taskflow to None, run_after=None
[2024-08-28T16:30:40.181+0000] {logging_mixin.py:190} INFO - [2024-08-28T16:30:40.181+0000] {dag.py:4138} INFO - Setting next_dagrun for dataset_s3_bucket_consumer_with_no_taskflow to None, run_after=None
[2024-08-28T16:30:40.182+0000] {logging_mixin.py:190} INFO - [2024-08-28T16:30:40.182+0000] {dag.py:4138} INFO - Setting next_dagrun for dataset_s3_bucket_producer_with_no_taskflow to None, run_after=None
[2024-08-28T16:30:40.203+0000] {processor.py:208} INFO - Processing /home/airflow/.local/lib/python3.12/site-packages/airflow/example_dags/example_dataset_alias_with_no_taskflow.py took 0.199 seconds
[2024-08-28T16:31:11.225+0000] {processor.py:186} INFO - Started process (PID=217) to work on /home/airflow/.local/lib/python3.12/site-packages/airflow/example_dags/example_dataset_alias_with_no_taskflow.py
[2024-08-28T16:31:11.226+0000] {processor.py:914} INFO - Processing file /home/airflow/.local/lib/python3.12/site-packages/airflow/example_dags/example_dataset_alias_with_no_taskflow.py for tasks to queue
[2024-08-28T16:31:11.228+0000] {logging_mixin.py:190} INFO - [2024-08-28T16:31:11.228+0000] {dagbag.py:587} INFO - Filling up the DagBag from /home/airflow/.local/lib/python3.12/site-packages/airflow/example_dags/example_dataset_alias_with_no_taskflow.py
[2024-08-28T16:31:11.349+0000] {processor.py:925} INFO - DAG(s) 'dataset_s3_bucket_producer_with_no_taskflow', 'dataset_alias_example_alias_consumer_with_no_taskflow', 'dataset_alias_example_alias_producer_with_no_taskflow', 'dataset_s3_bucket_consumer_with_no_taskflow' retrieved from /home/airflow/.local/lib/python3.12/site-packages/airflow/example_dags/example_dataset_alias_with_no_taskflow.py
[2024-08-28T16:31:11.367+0000] {logging_mixin.py:190} INFO - [2024-08-28T16:31:11.367+0000] {dag.py:3211} INFO - Sync 4 DAGs
[2024-08-28T16:31:11.387+0000] {logging_mixin.py:190} INFO - [2024-08-28T16:31:11.387+0000] {dag.py:4138} INFO - Setting next_dagrun for dataset_alias_example_alias_consumer_with_no_taskflow to None, run_after=None
[2024-08-28T16:31:11.389+0000] {logging_mixin.py:190} INFO - [2024-08-28T16:31:11.389+0000] {dag.py:4138} INFO - Setting next_dagrun for dataset_alias_example_alias_producer_with_no_taskflow to None, run_after=None
[2024-08-28T16:31:11.391+0000] {logging_mixin.py:190} INFO - [2024-08-28T16:31:11.390+0000] {dag.py:4138} INFO - Setting next_dagrun for dataset_s3_bucket_consumer_with_no_taskflow to None, run_after=None
[2024-08-28T16:31:11.392+0000] {logging_mixin.py:190} INFO - [2024-08-28T16:31:11.392+0000] {dag.py:4138} INFO - Setting next_dagrun for dataset_s3_bucket_producer_with_no_taskflow to None, run_after=None
[2024-08-28T16:31:11.411+0000] {processor.py:208} INFO - Processing /home/airflow/.local/lib/python3.12/site-packages/airflow/example_dags/example_dataset_alias_with_no_taskflow.py took 0.191 seconds
[2024-08-28T16:31:41.546+0000] {processor.py:186} INFO - Started process (PID=279) to work on /home/airflow/.local/lib/python3.12/site-packages/airflow/example_dags/example_dataset_alias_with_no_taskflow.py
[2024-08-28T16:31:41.547+0000] {processor.py:914} INFO - Processing file /home/airflow/.local/lib/python3.12/site-packages/airflow/example_dags/example_dataset_alias_with_no_taskflow.py for tasks to queue
[2024-08-28T16:31:41.549+0000] {logging_mixin.py:190} INFO - [2024-08-28T16:31:41.549+0000] {dagbag.py:587} INFO - Filling up the DagBag from /home/airflow/.local/lib/python3.12/site-packages/airflow/example_dags/example_dataset_alias_with_no_taskflow.py
[2024-08-28T16:31:41.662+0000] {processor.py:925} INFO - DAG(s) 'dataset_alias_example_alias_consumer_with_no_taskflow', 'dataset_alias_example_alias_producer_with_no_taskflow', 'dataset_s3_bucket_consumer_with_no_taskflow', 'dataset_s3_bucket_producer_with_no_taskflow' retrieved from /home/airflow/.local/lib/python3.12/site-packages/airflow/example_dags/example_dataset_alias_with_no_taskflow.py
[2024-08-28T16:31:41.680+0000] {logging_mixin.py:190} INFO - [2024-08-28T16:31:41.680+0000] {dag.py:3211} INFO - Sync 4 DAGs
[2024-08-28T16:31:41.699+0000] {logging_mixin.py:190} INFO - [2024-08-28T16:31:41.699+0000] {dag.py:4138} INFO - Setting next_dagrun for dataset_alias_example_alias_consumer_with_no_taskflow to None, run_after=None
[2024-08-28T16:31:41.702+0000] {logging_mixin.py:190} INFO - [2024-08-28T16:31:41.701+0000] {dag.py:4138} INFO - Setting next_dagrun for dataset_alias_example_alias_producer_with_no_taskflow to None, run_after=None
[2024-08-28T16:31:41.703+0000] {logging_mixin.py:190} INFO - [2024-08-28T16:31:41.703+0000] {dag.py:4138} INFO - Setting next_dagrun for dataset_s3_bucket_consumer_with_no_taskflow to None, run_after=None
[2024-08-28T16:31:41.705+0000] {logging_mixin.py:190} INFO - [2024-08-28T16:31:41.704+0000] {dag.py:4138} INFO - Setting next_dagrun for dataset_s3_bucket_producer_with_no_taskflow to None, run_after=None
[2024-08-28T16:31:41.734+0000] {processor.py:208} INFO - Processing /home/airflow/.local/lib/python3.12/site-packages/airflow/example_dags/example_dataset_alias_with_no_taskflow.py took 0.192 seconds
[2024-08-28T16:32:12.065+0000] {processor.py:186} INFO - Started process (PID=341) to work on /home/airflow/.local/lib/python3.12/site-packages/airflow/example_dags/example_dataset_alias_with_no_taskflow.py
[2024-08-28T16:32:12.066+0000] {processor.py:914} INFO - Processing file /home/airflow/.local/lib/python3.12/site-packages/airflow/example_dags/example_dataset_alias_with_no_taskflow.py for tasks to queue
[2024-08-28T16:32:12.070+0000] {logging_mixin.py:190} INFO - [2024-08-28T16:32:12.070+0000] {dagbag.py:587} INFO - Filling up the DagBag from /home/airflow/.local/lib/python3.12/site-packages/airflow/example_dags/example_dataset_alias_with_no_taskflow.py
[2024-08-28T16:32:12.204+0000] {processor.py:925} INFO - DAG(s) 'dataset_s3_bucket_consumer_with_no_taskflow', 'dataset_alias_example_alias_consumer_with_no_taskflow', 'dataset_s3_bucket_producer_with_no_taskflow', 'dataset_alias_example_alias_producer_with_no_taskflow' retrieved from /home/airflow/.local/lib/python3.12/site-packages/airflow/example_dags/example_dataset_alias_with_no_taskflow.py
[2024-08-28T16:32:12.228+0000] {logging_mixin.py:190} INFO - [2024-08-28T16:32:12.228+0000] {dag.py:3211} INFO - Sync 4 DAGs
[2024-08-28T16:32:12.249+0000] {logging_mixin.py:190} INFO - [2024-08-28T16:32:12.249+0000] {dag.py:4138} INFO - Setting next_dagrun for dataset_alias_example_alias_consumer_with_no_taskflow to None, run_after=None
[2024-08-28T16:32:12.252+0000] {logging_mixin.py:190} INFO - [2024-08-28T16:32:12.251+0000] {dag.py:4138} INFO - Setting next_dagrun for dataset_alias_example_alias_producer_with_no_taskflow to None, run_after=None
[2024-08-28T16:32:12.253+0000] {logging_mixin.py:190} INFO - [2024-08-28T16:32:12.253+0000] {dag.py:4138} INFO - Setting next_dagrun for dataset_s3_bucket_consumer_with_no_taskflow to None, run_after=None
[2024-08-28T16:32:12.255+0000] {logging_mixin.py:190} INFO - [2024-08-28T16:32:12.255+0000] {dag.py:4138} INFO - Setting next_dagrun for dataset_s3_bucket_producer_with_no_taskflow to None, run_after=None
[2024-08-28T16:32:12.279+0000] {processor.py:208} INFO - Processing /home/airflow/.local/lib/python3.12/site-packages/airflow/example_dags/example_dataset_alias_with_no_taskflow.py took 0.219 seconds
[2024-08-28T16:32:42.937+0000] {processor.py:186} INFO - Started process (PID=403) to work on /home/airflow/.local/lib/python3.12/site-packages/airflow/example_dags/example_dataset_alias_with_no_taskflow.py
[2024-08-28T16:32:42.938+0000] {processor.py:914} INFO - Processing file /home/airflow/.local/lib/python3.12/site-packages/airflow/example_dags/example_dataset_alias_with_no_taskflow.py for tasks to queue
[2024-08-28T16:32:42.940+0000] {logging_mixin.py:190} INFO - [2024-08-28T16:32:42.940+0000] {dagbag.py:587} INFO - Filling up the DagBag from /home/airflow/.local/lib/python3.12/site-packages/airflow/example_dags/example_dataset_alias_with_no_taskflow.py
[2024-08-28T16:32:43.062+0000] {processor.py:925} INFO - DAG(s) 'dataset_alias_example_alias_consumer_with_no_taskflow', 'dataset_s3_bucket_consumer_with_no_taskflow', 'dataset_s3_bucket_producer_with_no_taskflow', 'dataset_alias_example_alias_producer_with_no_taskflow' retrieved from /home/airflow/.local/lib/python3.12/site-packages/airflow/example_dags/example_dataset_alias_with_no_taskflow.py
[2024-08-28T16:32:43.078+0000] {logging_mixin.py:190} INFO - [2024-08-28T16:32:43.078+0000] {dag.py:3211} INFO - Sync 4 DAGs
[2024-08-28T16:32:43.095+0000] {logging_mixin.py:190} INFO - [2024-08-28T16:32:43.095+0000] {dag.py:4138} INFO - Setting next_dagrun for dataset_alias_example_alias_consumer_with_no_taskflow to None, run_after=None
[2024-08-28T16:32:43.097+0000] {logging_mixin.py:190} INFO - [2024-08-28T16:32:43.097+0000] {dag.py:4138} INFO - Setting next_dagrun for dataset_alias_example_alias_producer_with_no_taskflow to None, run_after=None
[2024-08-28T16:32:43.100+0000] {logging_mixin.py:190} INFO - [2024-08-28T16:32:43.100+0000] {dag.py:4138} INFO - Setting next_dagrun for dataset_s3_bucket_consumer_with_no_taskflow to None, run_after=None
[2024-08-28T16:32:43.102+0000] {logging_mixin.py:190} INFO - [2024-08-28T16:32:43.102+0000] {dag.py:4138} INFO - Setting next_dagrun for dataset_s3_bucket_producer_with_no_taskflow to None, run_after=None
[2024-08-28T16:32:43.129+0000] {processor.py:208} INFO - Processing /home/airflow/.local/lib/python3.12/site-packages/airflow/example_dags/example_dataset_alias_with_no_taskflow.py took 0.197 seconds
[2024-08-28T16:33:13.822+0000] {processor.py:186} INFO - Started process (PID=465) to work on /home/airflow/.local/lib/python3.12/site-packages/airflow/example_dags/example_dataset_alias_with_no_taskflow.py
[2024-08-28T16:33:13.824+0000] {processor.py:914} INFO - Processing file /home/airflow/.local/lib/python3.12/site-packages/airflow/example_dags/example_dataset_alias_with_no_taskflow.py for tasks to queue
[2024-08-28T16:33:13.827+0000] {logging_mixin.py:190} INFO - [2024-08-28T16:33:13.827+0000] {dagbag.py:587} INFO - Filling up the DagBag from /home/airflow/.local/lib/python3.12/site-packages/airflow/example_dags/example_dataset_alias_with_no_taskflow.py
[2024-08-28T16:33:13.940+0000] {processor.py:925} INFO - DAG(s) 'dataset_s3_bucket_consumer_with_no_taskflow', 'dataset_s3_bucket_producer_with_no_taskflow', 'dataset_alias_example_alias_producer_with_no_taskflow', 'dataset_alias_example_alias_consumer_with_no_taskflow' retrieved from /home/airflow/.local/lib/python3.12/site-packages/airflow/example_dags/example_dataset_alias_with_no_taskflow.py
[2024-08-28T16:33:13.958+0000] {logging_mixin.py:190} INFO - [2024-08-28T16:33:13.958+0000] {dag.py:3211} INFO - Sync 4 DAGs
[2024-08-28T16:33:13.973+0000] {logging_mixin.py:190} INFO - [2024-08-28T16:33:13.973+0000] {dag.py:4138} INFO - Setting next_dagrun for dataset_alias_example_alias_consumer_with_no_taskflow to None, run_after=None
[2024-08-28T16:33:13.975+0000] {logging_mixin.py:190} INFO - [2024-08-28T16:33:13.975+0000] {dag.py:4138} INFO - Setting next_dagrun for dataset_alias_example_alias_producer_with_no_taskflow to None, run_after=None
[2024-08-28T16:33:13.976+0000] {logging_mixin.py:190} INFO - [2024-08-28T16:33:13.976+0000] {dag.py:4138} INFO - Setting next_dagrun for dataset_s3_bucket_consumer_with_no_taskflow to None, run_after=None
[2024-08-28T16:33:13.978+0000] {logging_mixin.py:190} INFO - [2024-08-28T16:33:13.978+0000] {dag.py:4138} INFO - Setting next_dagrun for dataset_s3_bucket_producer_with_no_taskflow to None, run_after=None
[2024-08-28T16:33:14.005+0000] {processor.py:208} INFO - Processing /home/airflow/.local/lib/python3.12/site-packages/airflow/example_dags/example_dataset_alias_with_no_taskflow.py took 0.191 seconds
