[2024-08-28T16:30:09.436+0000] {processor.py:186} INFO - Started process (PID=98) to work on /home/airflow/.local/lib/python3.12/site-packages/airflow/example_dags/example_workday_timetable.py
[2024-08-28T16:30:09.437+0000] {processor.py:914} INFO - Processing file /home/airflow/.local/lib/python3.12/site-packages/airflow/example_dags/example_workday_timetable.py for tasks to queue
[2024-08-28T16:30:09.439+0000] {logging_mixin.py:190} INFO - [2024-08-28T16:30:09.439+0000] {dagbag.py:587} INFO - Filling up the DagBag from /home/airflow/.local/lib/python3.12/site-packages/airflow/example_dags/example_workday_timetable.py
[2024-08-28T16:30:09.444+0000] {processor.py:925} INFO - DAG(s) 'example_workday_timetable' retrieved from /home/airflow/.local/lib/python3.12/site-packages/airflow/example_dags/example_workday_timetable.py
[2024-08-28T16:30:09.518+0000] {logging_mixin.py:190} INFO - [2024-08-28T16:30:09.517+0000] {override.py:1858} INFO - Created Permission View: can read on DAG:example_workday_timetable
[2024-08-28T16:30:09.526+0000] {logging_mixin.py:190} INFO - [2024-08-28T16:30:09.526+0000] {override.py:1858} INFO - Created Permission View: can delete on DAG:example_workday_timetable
[2024-08-28T16:30:09.533+0000] {logging_mixin.py:190} INFO - [2024-08-28T16:30:09.533+0000] {override.py:1858} INFO - Created Permission View: can edit on DAG:example_workday_timetable
[2024-08-28T16:30:09.547+0000] {logging_mixin.py:190} INFO - [2024-08-28T16:30:09.546+0000] {dag.py:3211} INFO - Sync 1 DAGs
[2024-08-28T16:30:09.557+0000] {logging_mixin.py:190} INFO - [2024-08-28T16:30:09.557+0000] {dag.py:3234} INFO - Creating ORM DAG for example_workday_timetable
[2024-08-28T16:30:09.597+0000] {logging_mixin.py:190} INFO - [2024-08-28T16:30:09.597+0000] {dag.py:4138} INFO - Setting next_dagrun for example_workday_timetable to 2021-01-04 00:00:00+00:00, run_after=2021-01-05 00:00:00+00:00
[2024-08-28T16:30:09.613+0000] {processor.py:208} INFO - Processing /home/airflow/.local/lib/python3.12/site-packages/airflow/example_dags/example_workday_timetable.py took 0.181 seconds
[2024-08-28T16:30:40.358+0000] {processor.py:186} INFO - Started process (PID=160) to work on /home/airflow/.local/lib/python3.12/site-packages/airflow/example_dags/example_workday_timetable.py
[2024-08-28T16:30:40.359+0000] {processor.py:914} INFO - Processing file /home/airflow/.local/lib/python3.12/site-packages/airflow/example_dags/example_workday_timetable.py for tasks to queue
[2024-08-28T16:30:40.361+0000] {logging_mixin.py:190} INFO - [2024-08-28T16:30:40.361+0000] {dagbag.py:587} INFO - Filling up the DagBag from /home/airflow/.local/lib/python3.12/site-packages/airflow/example_dags/example_workday_timetable.py
[2024-08-28T16:30:40.365+0000] {processor.py:925} INFO - DAG(s) 'example_workday_timetable' retrieved from /home/airflow/.local/lib/python3.12/site-packages/airflow/example_dags/example_workday_timetable.py
[2024-08-28T16:30:40.380+0000] {logging_mixin.py:190} INFO - [2024-08-28T16:30:40.380+0000] {dag.py:3211} INFO - Sync 1 DAGs
[2024-08-28T16:30:40.422+0000] {logging_mixin.py:190} INFO - [2024-08-28T16:30:40.422+0000] {dag.py:4138} INFO - Setting next_dagrun for example_workday_timetable to 2021-01-04 00:00:00+00:00, run_after=2021-01-05 00:00:00+00:00
[2024-08-28T16:30:40.441+0000] {processor.py:208} INFO - Processing /home/airflow/.local/lib/python3.12/site-packages/airflow/example_dags/example_workday_timetable.py took 0.088 seconds
[2024-08-28T16:31:11.561+0000] {processor.py:186} INFO - Started process (PID=222) to work on /home/airflow/.local/lib/python3.12/site-packages/airflow/example_dags/example_workday_timetable.py
[2024-08-28T16:31:11.563+0000] {processor.py:914} INFO - Processing file /home/airflow/.local/lib/python3.12/site-packages/airflow/example_dags/example_workday_timetable.py for tasks to queue
[2024-08-28T16:31:11.565+0000] {logging_mixin.py:190} INFO - [2024-08-28T16:31:11.564+0000] {dagbag.py:587} INFO - Filling up the DagBag from /home/airflow/.local/lib/python3.12/site-packages/airflow/example_dags/example_workday_timetable.py
[2024-08-28T16:31:11.570+0000] {processor.py:925} INFO - DAG(s) 'example_workday_timetable' retrieved from /home/airflow/.local/lib/python3.12/site-packages/airflow/example_dags/example_workday_timetable.py
[2024-08-28T16:31:11.585+0000] {logging_mixin.py:190} INFO - [2024-08-28T16:31:11.585+0000] {dag.py:3211} INFO - Sync 1 DAGs
[2024-08-28T16:31:11.626+0000] {logging_mixin.py:190} INFO - [2024-08-28T16:31:11.626+0000] {dag.py:4138} INFO - Setting next_dagrun for example_workday_timetable to 2021-01-04 00:00:00+00:00, run_after=2021-01-05 00:00:00+00:00
[2024-08-28T16:31:11.644+0000] {processor.py:208} INFO - Processing /home/airflow/.local/lib/python3.12/site-packages/airflow/example_dags/example_workday_timetable.py took 0.086 seconds
[2024-08-28T16:31:41.891+0000] {processor.py:186} INFO - Started process (PID=284) to work on /home/airflow/.local/lib/python3.12/site-packages/airflow/example_dags/example_workday_timetable.py
[2024-08-28T16:31:41.892+0000] {processor.py:914} INFO - Processing file /home/airflow/.local/lib/python3.12/site-packages/airflow/example_dags/example_workday_timetable.py for tasks to queue
[2024-08-28T16:31:41.894+0000] {logging_mixin.py:190} INFO - [2024-08-28T16:31:41.894+0000] {dagbag.py:587} INFO - Filling up the DagBag from /home/airflow/.local/lib/python3.12/site-packages/airflow/example_dags/example_workday_timetable.py
[2024-08-28T16:31:41.899+0000] {processor.py:925} INFO - DAG(s) 'example_workday_timetable' retrieved from /home/airflow/.local/lib/python3.12/site-packages/airflow/example_dags/example_workday_timetable.py
[2024-08-28T16:31:41.915+0000] {logging_mixin.py:190} INFO - [2024-08-28T16:31:41.915+0000] {dag.py:3211} INFO - Sync 1 DAGs
[2024-08-28T16:31:41.959+0000] {logging_mixin.py:190} INFO - [2024-08-28T16:31:41.959+0000] {dag.py:4138} INFO - Setting next_dagrun for example_workday_timetable to 2021-01-04 00:00:00+00:00, run_after=2021-01-05 00:00:00+00:00
[2024-08-28T16:31:41.977+0000] {processor.py:208} INFO - Processing /home/airflow/.local/lib/python3.12/site-packages/airflow/example_dags/example_workday_timetable.py took 0.090 seconds
[2024-08-28T16:32:12.446+0000] {processor.py:186} INFO - Started process (PID=346) to work on /home/airflow/.local/lib/python3.12/site-packages/airflow/example_dags/example_workday_timetable.py
[2024-08-28T16:32:12.447+0000] {processor.py:914} INFO - Processing file /home/airflow/.local/lib/python3.12/site-packages/airflow/example_dags/example_workday_timetable.py for tasks to queue
[2024-08-28T16:32:12.449+0000] {logging_mixin.py:190} INFO - [2024-08-28T16:32:12.449+0000] {dagbag.py:587} INFO - Filling up the DagBag from /home/airflow/.local/lib/python3.12/site-packages/airflow/example_dags/example_workday_timetable.py
[2024-08-28T16:32:12.454+0000] {processor.py:925} INFO - DAG(s) 'example_workday_timetable' retrieved from /home/airflow/.local/lib/python3.12/site-packages/airflow/example_dags/example_workday_timetable.py
[2024-08-28T16:32:12.469+0000] {logging_mixin.py:190} INFO - [2024-08-28T16:32:12.469+0000] {dag.py:3211} INFO - Sync 1 DAGs
[2024-08-28T16:32:12.516+0000] {logging_mixin.py:190} INFO - [2024-08-28T16:32:12.516+0000] {dag.py:4138} INFO - Setting next_dagrun for example_workday_timetable to 2021-01-04 00:00:00+00:00, run_after=2021-01-05 00:00:00+00:00
[2024-08-28T16:32:12.533+0000] {processor.py:208} INFO - Processing /home/airflow/.local/lib/python3.12/site-packages/airflow/example_dags/example_workday_timetable.py took 0.092 seconds
[2024-08-28T16:32:43.383+0000] {processor.py:186} INFO - Started process (PID=408) to work on /home/airflow/.local/lib/python3.12/site-packages/airflow/example_dags/example_workday_timetable.py
[2024-08-28T16:32:43.384+0000] {processor.py:914} INFO - Processing file /home/airflow/.local/lib/python3.12/site-packages/airflow/example_dags/example_workday_timetable.py for tasks to queue
[2024-08-28T16:32:43.386+0000] {logging_mixin.py:190} INFO - [2024-08-28T16:32:43.385+0000] {dagbag.py:587} INFO - Filling up the DagBag from /home/airflow/.local/lib/python3.12/site-packages/airflow/example_dags/example_workday_timetable.py
[2024-08-28T16:32:43.390+0000] {processor.py:925} INFO - DAG(s) 'example_workday_timetable' retrieved from /home/airflow/.local/lib/python3.12/site-packages/airflow/example_dags/example_workday_timetable.py
[2024-08-28T16:32:43.405+0000] {logging_mixin.py:190} INFO - [2024-08-28T16:32:43.405+0000] {dag.py:3211} INFO - Sync 1 DAGs
[2024-08-28T16:32:43.451+0000] {logging_mixin.py:190} INFO - [2024-08-28T16:32:43.450+0000] {dag.py:4138} INFO - Setting next_dagrun for example_workday_timetable to 2021-01-04 00:00:00+00:00, run_after=2021-01-05 00:00:00+00:00
[2024-08-28T16:32:43.470+0000] {processor.py:208} INFO - Processing /home/airflow/.local/lib/python3.12/site-packages/airflow/example_dags/example_workday_timetable.py took 0.092 seconds
[2024-08-28T16:33:14.172+0000] {processor.py:186} INFO - Started process (PID=470) to work on /home/airflow/.local/lib/python3.12/site-packages/airflow/example_dags/example_workday_timetable.py
[2024-08-28T16:33:14.173+0000] {processor.py:914} INFO - Processing file /home/airflow/.local/lib/python3.12/site-packages/airflow/example_dags/example_workday_timetable.py for tasks to queue
[2024-08-28T16:33:14.175+0000] {logging_mixin.py:190} INFO - [2024-08-28T16:33:14.175+0000] {dagbag.py:587} INFO - Filling up the DagBag from /home/airflow/.local/lib/python3.12/site-packages/airflow/example_dags/example_workday_timetable.py
[2024-08-28T16:33:14.179+0000] {processor.py:925} INFO - DAG(s) 'example_workday_timetable' retrieved from /home/airflow/.local/lib/python3.12/site-packages/airflow/example_dags/example_workday_timetable.py
[2024-08-28T16:33:14.194+0000] {logging_mixin.py:190} INFO - [2024-08-28T16:33:14.194+0000] {dag.py:3211} INFO - Sync 1 DAGs
[2024-08-28T16:33:14.237+0000] {logging_mixin.py:190} INFO - [2024-08-28T16:33:14.237+0000] {dag.py:4138} INFO - Setting next_dagrun for example_workday_timetable to 2021-01-04 00:00:00+00:00, run_after=2021-01-05 00:00:00+00:00
[2024-08-28T16:33:14.254+0000] {processor.py:208} INFO - Processing /home/airflow/.local/lib/python3.12/site-packages/airflow/example_dags/example_workday_timetable.py took 0.086 seconds
