[2024-08-28T16:30:09.566+0000] {processor.py:186} INFO - Started process (PID=99) to work on /home/airflow/.local/lib/python3.12/site-packages/airflow/example_dags/example_params_ui_tutorial.py
[2024-08-28T16:30:09.567+0000] {processor.py:914} INFO - Processing file /home/airflow/.local/lib/python3.12/site-packages/airflow/example_dags/example_params_ui_tutorial.py for tasks to queue
[2024-08-28T16:30:09.569+0000] {logging_mixin.py:190} INFO - [2024-08-28T16:30:09.569+0000] {dagbag.py:587} INFO - Filling up the DagBag from /home/airflow/.local/lib/python3.12/site-packages/airflow/example_dags/example_params_ui_tutorial.py
[2024-08-28T16:30:09.577+0000] {processor.py:925} INFO - DAG(s) 'example_params_ui_tutorial' retrieved from /home/airflow/.local/lib/python3.12/site-packages/airflow/example_dags/example_params_ui_tutorial.py
[2024-08-28T16:30:09.673+0000] {logging_mixin.py:190} INFO - [2024-08-28T16:30:09.673+0000] {override.py:1858} INFO - Created Permission View: can read on DAG:example_params_ui_tutorial
[2024-08-28T16:30:09.684+0000] {logging_mixin.py:190} INFO - [2024-08-28T16:30:09.684+0000] {override.py:1858} INFO - Created Permission View: can delete on DAG:example_params_ui_tutorial
[2024-08-28T16:30:09.693+0000] {logging_mixin.py:190} INFO - [2024-08-28T16:30:09.693+0000] {override.py:1858} INFO - Created Permission View: can edit on DAG:example_params_ui_tutorial
[2024-08-28T16:30:09.695+0000] {logging_mixin.py:190} INFO - [2024-08-28T16:30:09.694+0000] {dag.py:3211} INFO - Sync 1 DAGs
[2024-08-28T16:30:09.704+0000] {logging_mixin.py:190} INFO - [2024-08-28T16:30:09.704+0000] {dag.py:3234} INFO - Creating ORM DAG for example_params_ui_tutorial
[2024-08-28T16:30:09.705+0000] {logging_mixin.py:190} INFO - [2024-08-28T16:30:09.705+0000] {dag.py:4138} INFO - Setting next_dagrun for example_params_ui_tutorial to None, run_after=None
[2024-08-28T16:30:09.722+0000] {processor.py:208} INFO - Processing /home/airflow/.local/lib/python3.12/site-packages/airflow/example_dags/example_params_ui_tutorial.py took 0.160 seconds
[2024-08-28T16:30:40.400+0000] {processor.py:186} INFO - Started process (PID=161) to work on /home/airflow/.local/lib/python3.12/site-packages/airflow/example_dags/example_params_ui_tutorial.py
[2024-08-28T16:30:40.402+0000] {processor.py:914} INFO - Processing file /home/airflow/.local/lib/python3.12/site-packages/airflow/example_dags/example_params_ui_tutorial.py for tasks to queue
[2024-08-28T16:30:40.404+0000] {logging_mixin.py:190} INFO - [2024-08-28T16:30:40.403+0000] {dagbag.py:587} INFO - Filling up the DagBag from /home/airflow/.local/lib/python3.12/site-packages/airflow/example_dags/example_params_ui_tutorial.py
[2024-08-28T16:30:40.411+0000] {processor.py:925} INFO - DAG(s) 'example_params_ui_tutorial' retrieved from /home/airflow/.local/lib/python3.12/site-packages/airflow/example_dags/example_params_ui_tutorial.py
[2024-08-28T16:30:40.443+0000] {logging_mixin.py:190} INFO - [2024-08-28T16:30:40.443+0000] {dag.py:3211} INFO - Sync 1 DAGs
[2024-08-28T16:30:40.454+0000] {logging_mixin.py:190} INFO - [2024-08-28T16:30:40.454+0000] {dag.py:4138} INFO - Setting next_dagrun for example_params_ui_tutorial to None, run_after=None
[2024-08-28T16:30:40.469+0000] {processor.py:208} INFO - Processing /home/airflow/.local/lib/python3.12/site-packages/airflow/example_dags/example_params_ui_tutorial.py took 0.073 seconds
[2024-08-28T16:31:11.623+0000] {processor.py:186} INFO - Started process (PID=223) to work on /home/airflow/.local/lib/python3.12/site-packages/airflow/example_dags/example_params_ui_tutorial.py
[2024-08-28T16:31:11.624+0000] {processor.py:914} INFO - Processing file /home/airflow/.local/lib/python3.12/site-packages/airflow/example_dags/example_params_ui_tutorial.py for tasks to queue
[2024-08-28T16:31:11.627+0000] {logging_mixin.py:190} INFO - [2024-08-28T16:31:11.626+0000] {dagbag.py:587} INFO - Filling up the DagBag from /home/airflow/.local/lib/python3.12/site-packages/airflow/example_dags/example_params_ui_tutorial.py
[2024-08-28T16:31:11.634+0000] {processor.py:925} INFO - DAG(s) 'example_params_ui_tutorial' retrieved from /home/airflow/.local/lib/python3.12/site-packages/airflow/example_dags/example_params_ui_tutorial.py
[2024-08-28T16:31:11.666+0000] {logging_mixin.py:190} INFO - [2024-08-28T16:31:11.665+0000] {dag.py:3211} INFO - Sync 1 DAGs
[2024-08-28T16:31:11.678+0000] {logging_mixin.py:190} INFO - [2024-08-28T16:31:11.678+0000] {dag.py:4138} INFO - Setting next_dagrun for example_params_ui_tutorial to None, run_after=None
[2024-08-28T16:31:11.694+0000] {processor.py:208} INFO - Processing /home/airflow/.local/lib/python3.12/site-packages/airflow/example_dags/example_params_ui_tutorial.py took 0.075 seconds
[2024-08-28T16:31:41.976+0000] {processor.py:186} INFO - Started process (PID=285) to work on /home/airflow/.local/lib/python3.12/site-packages/airflow/example_dags/example_params_ui_tutorial.py
[2024-08-28T16:31:41.977+0000] {processor.py:914} INFO - Processing file /home/airflow/.local/lib/python3.12/site-packages/airflow/example_dags/example_params_ui_tutorial.py for tasks to queue
[2024-08-28T16:31:41.979+0000] {logging_mixin.py:190} INFO - [2024-08-28T16:31:41.979+0000] {dagbag.py:587} INFO - Filling up the DagBag from /home/airflow/.local/lib/python3.12/site-packages/airflow/example_dags/example_params_ui_tutorial.py
[2024-08-28T16:31:41.988+0000] {processor.py:925} INFO - DAG(s) 'example_params_ui_tutorial' retrieved from /home/airflow/.local/lib/python3.12/site-packages/airflow/example_dags/example_params_ui_tutorial.py
[2024-08-28T16:31:42.020+0000] {logging_mixin.py:190} INFO - [2024-08-28T16:31:42.020+0000] {dag.py:3211} INFO - Sync 1 DAGs
[2024-08-28T16:31:42.032+0000] {logging_mixin.py:190} INFO - [2024-08-28T16:31:42.032+0000] {dag.py:4138} INFO - Setting next_dagrun for example_params_ui_tutorial to None, run_after=None
[2024-08-28T16:31:42.050+0000] {processor.py:208} INFO - Processing /home/airflow/.local/lib/python3.12/site-packages/airflow/example_dags/example_params_ui_tutorial.py took 0.078 seconds
[2024-08-28T16:32:12.491+0000] {processor.py:186} INFO - Started process (PID=347) to work on /home/airflow/.local/lib/python3.12/site-packages/airflow/example_dags/example_params_ui_tutorial.py
[2024-08-28T16:32:12.492+0000] {processor.py:914} INFO - Processing file /home/airflow/.local/lib/python3.12/site-packages/airflow/example_dags/example_params_ui_tutorial.py for tasks to queue
[2024-08-28T16:32:12.494+0000] {logging_mixin.py:190} INFO - [2024-08-28T16:32:12.494+0000] {dagbag.py:587} INFO - Filling up the DagBag from /home/airflow/.local/lib/python3.12/site-packages/airflow/example_dags/example_params_ui_tutorial.py
[2024-08-28T16:32:12.502+0000] {processor.py:925} INFO - DAG(s) 'example_params_ui_tutorial' retrieved from /home/airflow/.local/lib/python3.12/site-packages/airflow/example_dags/example_params_ui_tutorial.py
[2024-08-28T16:32:12.537+0000] {logging_mixin.py:190} INFO - [2024-08-28T16:32:12.536+0000] {dag.py:3211} INFO - Sync 1 DAGs
[2024-08-28T16:32:12.548+0000] {logging_mixin.py:190} INFO - [2024-08-28T16:32:12.548+0000] {dag.py:4138} INFO - Setting next_dagrun for example_params_ui_tutorial to None, run_after=None
[2024-08-28T16:32:12.567+0000] {processor.py:208} INFO - Processing /home/airflow/.local/lib/python3.12/site-packages/airflow/example_dags/example_params_ui_tutorial.py took 0.080 seconds
[2024-08-28T16:32:43.383+0000] {processor.py:186} INFO - Started process (PID=409) to work on /home/airflow/.local/lib/python3.12/site-packages/airflow/example_dags/example_params_ui_tutorial.py
[2024-08-28T16:32:43.384+0000] {processor.py:914} INFO - Processing file /home/airflow/.local/lib/python3.12/site-packages/airflow/example_dags/example_params_ui_tutorial.py for tasks to queue
[2024-08-28T16:32:43.386+0000] {logging_mixin.py:190} INFO - [2024-08-28T16:32:43.386+0000] {dagbag.py:587} INFO - Filling up the DagBag from /home/airflow/.local/lib/python3.12/site-packages/airflow/example_dags/example_params_ui_tutorial.py
[2024-08-28T16:32:43.393+0000] {processor.py:925} INFO - DAG(s) 'example_params_ui_tutorial' retrieved from /home/airflow/.local/lib/python3.12/site-packages/airflow/example_dags/example_params_ui_tutorial.py
[2024-08-28T16:32:43.424+0000] {logging_mixin.py:190} INFO - [2024-08-28T16:32:43.424+0000] {dag.py:3211} INFO - Sync 1 DAGs
[2024-08-28T16:32:43.441+0000] {logging_mixin.py:190} INFO - [2024-08-28T16:32:43.440+0000] {dag.py:4138} INFO - Setting next_dagrun for example_params_ui_tutorial to None, run_after=None
[2024-08-28T16:32:43.459+0000] {processor.py:208} INFO - Processing /home/airflow/.local/lib/python3.12/site-packages/airflow/example_dags/example_params_ui_tutorial.py took 0.080 seconds
[2024-08-28T16:33:14.241+0000] {processor.py:186} INFO - Started process (PID=471) to work on /home/airflow/.local/lib/python3.12/site-packages/airflow/example_dags/example_params_ui_tutorial.py
[2024-08-28T16:33:14.242+0000] {processor.py:914} INFO - Processing file /home/airflow/.local/lib/python3.12/site-packages/airflow/example_dags/example_params_ui_tutorial.py for tasks to queue
[2024-08-28T16:33:14.244+0000] {logging_mixin.py:190} INFO - [2024-08-28T16:33:14.244+0000] {dagbag.py:587} INFO - Filling up the DagBag from /home/airflow/.local/lib/python3.12/site-packages/airflow/example_dags/example_params_ui_tutorial.py
[2024-08-28T16:33:14.251+0000] {processor.py:925} INFO - DAG(s) 'example_params_ui_tutorial' retrieved from /home/airflow/.local/lib/python3.12/site-packages/airflow/example_dags/example_params_ui_tutorial.py
[2024-08-28T16:33:14.282+0000] {logging_mixin.py:190} INFO - [2024-08-28T16:33:14.282+0000] {dag.py:3211} INFO - Sync 1 DAGs
[2024-08-28T16:33:14.293+0000] {logging_mixin.py:190} INFO - [2024-08-28T16:33:14.293+0000] {dag.py:4138} INFO - Setting next_dagrun for example_params_ui_tutorial to None, run_after=None
[2024-08-28T16:33:14.310+0000] {processor.py:208} INFO - Processing /home/airflow/.local/lib/python3.12/site-packages/airflow/example_dags/example_params_ui_tutorial.py took 0.073 seconds
