[2024-08-28T16:30:06.814+0000] {processor.py:186} INFO - Started process (PID=71) to work on /home/airflow/.local/lib/python3.12/site-packages/airflow/example_dags/example_task_group_decorator.py
[2024-08-28T16:30:06.815+0000] {processor.py:914} INFO - Processing file /home/airflow/.local/lib/python3.12/site-packages/airflow/example_dags/example_task_group_decorator.py for tasks to queue
[2024-08-28T16:30:06.817+0000] {logging_mixin.py:190} INFO - [2024-08-28T16:30:06.817+0000] {dagbag.py:587} INFO - Filling up the DagBag from /home/airflow/.local/lib/python3.12/site-packages/airflow/example_dags/example_task_group_decorator.py
[2024-08-28T16:30:06.833+0000] {processor.py:925} INFO - DAG(s) 'example_task_group_decorator' retrieved from /home/airflow/.local/lib/python3.12/site-packages/airflow/example_dags/example_task_group_decorator.py
[2024-08-28T16:30:06.920+0000] {logging_mixin.py:190} INFO - [2024-08-28T16:30:06.919+0000] {override.py:1858} INFO - Created Permission View: can read on DAG:example_task_group_decorator
[2024-08-28T16:30:06.931+0000] {logging_mixin.py:190} INFO - [2024-08-28T16:30:06.931+0000] {override.py:1858} INFO - Created Permission View: can delete on DAG:example_task_group_decorator
[2024-08-28T16:30:06.938+0000] {logging_mixin.py:190} INFO - [2024-08-28T16:30:06.938+0000] {override.py:1858} INFO - Created Permission View: can edit on DAG:example_task_group_decorator
[2024-08-28T16:30:06.939+0000] {logging_mixin.py:190} INFO - [2024-08-28T16:30:06.939+0000] {dag.py:3211} INFO - Sync 1 DAGs
[2024-08-28T16:30:06.948+0000] {logging_mixin.py:190} INFO - [2024-08-28T16:30:06.948+0000] {dag.py:3234} INFO - Creating ORM DAG for example_task_group_decorator
[2024-08-28T16:30:06.956+0000] {logging_mixin.py:190} INFO - [2024-08-28T16:30:06.956+0000] {dag.py:4138} INFO - Setting next_dagrun for example_task_group_decorator to 2024-08-27 00:00:00+00:00, run_after=2024-08-28 00:00:00+00:00
[2024-08-28T16:30:06.970+0000] {processor.py:208} INFO - Processing /home/airflow/.local/lib/python3.12/site-packages/airflow/example_dags/example_task_group_decorator.py took 0.160 seconds
[2024-08-28T16:30:37.019+0000] {processor.py:186} INFO - Started process (PID=133) to work on /home/airflow/.local/lib/python3.12/site-packages/airflow/example_dags/example_task_group_decorator.py
[2024-08-28T16:30:37.019+0000] {processor.py:914} INFO - Processing file /home/airflow/.local/lib/python3.12/site-packages/airflow/example_dags/example_task_group_decorator.py for tasks to queue
[2024-08-28T16:30:37.021+0000] {logging_mixin.py:190} INFO - [2024-08-28T16:30:37.021+0000] {dagbag.py:587} INFO - Filling up the DagBag from /home/airflow/.local/lib/python3.12/site-packages/airflow/example_dags/example_task_group_decorator.py
[2024-08-28T16:30:37.033+0000] {processor.py:925} INFO - DAG(s) 'example_task_group_decorator' retrieved from /home/airflow/.local/lib/python3.12/site-packages/airflow/example_dags/example_task_group_decorator.py
[2024-08-28T16:30:37.052+0000] {logging_mixin.py:190} INFO - [2024-08-28T16:30:37.052+0000] {dag.py:3211} INFO - Sync 1 DAGs
[2024-08-28T16:30:37.071+0000] {logging_mixin.py:190} INFO - [2024-08-28T16:30:37.071+0000] {dag.py:4138} INFO - Setting next_dagrun for example_task_group_decorator to 2024-08-27 00:00:00+00:00, run_after=2024-08-28 00:00:00+00:00
[2024-08-28T16:30:37.088+0000] {processor.py:208} INFO - Processing /home/airflow/.local/lib/python3.12/site-packages/airflow/example_dags/example_task_group_decorator.py took 0.074 seconds
[2024-08-28T16:31:07.364+0000] {processor.py:186} INFO - Started process (PID=195) to work on /home/airflow/.local/lib/python3.12/site-packages/airflow/example_dags/example_task_group_decorator.py
[2024-08-28T16:31:07.365+0000] {processor.py:914} INFO - Processing file /home/airflow/.local/lib/python3.12/site-packages/airflow/example_dags/example_task_group_decorator.py for tasks to queue
[2024-08-28T16:31:07.367+0000] {logging_mixin.py:190} INFO - [2024-08-28T16:31:07.367+0000] {dagbag.py:587} INFO - Filling up the DagBag from /home/airflow/.local/lib/python3.12/site-packages/airflow/example_dags/example_task_group_decorator.py
[2024-08-28T16:31:07.379+0000] {processor.py:925} INFO - DAG(s) 'example_task_group_decorator' retrieved from /home/airflow/.local/lib/python3.12/site-packages/airflow/example_dags/example_task_group_decorator.py
[2024-08-28T16:31:07.398+0000] {logging_mixin.py:190} INFO - [2024-08-28T16:31:07.398+0000] {dag.py:3211} INFO - Sync 1 DAGs
[2024-08-28T16:31:07.414+0000] {logging_mixin.py:190} INFO - [2024-08-28T16:31:07.414+0000] {dag.py:4138} INFO - Setting next_dagrun for example_task_group_decorator to 2024-08-27 00:00:00+00:00, run_after=2024-08-28 00:00:00+00:00
[2024-08-28T16:31:07.430+0000] {processor.py:208} INFO - Processing /home/airflow/.local/lib/python3.12/site-packages/airflow/example_dags/example_task_group_decorator.py took 0.070 seconds
[2024-08-28T16:31:37.606+0000] {processor.py:186} INFO - Started process (PID=257) to work on /home/airflow/.local/lib/python3.12/site-packages/airflow/example_dags/example_task_group_decorator.py
[2024-08-28T16:31:37.607+0000] {processor.py:914} INFO - Processing file /home/airflow/.local/lib/python3.12/site-packages/airflow/example_dags/example_task_group_decorator.py for tasks to queue
[2024-08-28T16:31:37.609+0000] {logging_mixin.py:190} INFO - [2024-08-28T16:31:37.609+0000] {dagbag.py:587} INFO - Filling up the DagBag from /home/airflow/.local/lib/python3.12/site-packages/airflow/example_dags/example_task_group_decorator.py
[2024-08-28T16:31:37.622+0000] {processor.py:925} INFO - DAG(s) 'example_task_group_decorator' retrieved from /home/airflow/.local/lib/python3.12/site-packages/airflow/example_dags/example_task_group_decorator.py
[2024-08-28T16:31:37.642+0000] {logging_mixin.py:190} INFO - [2024-08-28T16:31:37.642+0000] {dag.py:3211} INFO - Sync 1 DAGs
[2024-08-28T16:31:37.661+0000] {logging_mixin.py:190} INFO - [2024-08-28T16:31:37.661+0000] {dag.py:4138} INFO - Setting next_dagrun for example_task_group_decorator to 2024-08-27 00:00:00+00:00, run_after=2024-08-28 00:00:00+00:00
[2024-08-28T16:31:37.679+0000] {processor.py:208} INFO - Processing /home/airflow/.local/lib/python3.12/site-packages/airflow/example_dags/example_task_group_decorator.py took 0.077 seconds
[2024-08-28T16:32:08.042+0000] {processor.py:186} INFO - Started process (PID=319) to work on /home/airflow/.local/lib/python3.12/site-packages/airflow/example_dags/example_task_group_decorator.py
[2024-08-28T16:32:08.042+0000] {processor.py:914} INFO - Processing file /home/airflow/.local/lib/python3.12/site-packages/airflow/example_dags/example_task_group_decorator.py for tasks to queue
[2024-08-28T16:32:08.044+0000] {logging_mixin.py:190} INFO - [2024-08-28T16:32:08.044+0000] {dagbag.py:587} INFO - Filling up the DagBag from /home/airflow/.local/lib/python3.12/site-packages/airflow/example_dags/example_task_group_decorator.py
[2024-08-28T16:32:08.057+0000] {processor.py:925} INFO - DAG(s) 'example_task_group_decorator' retrieved from /home/airflow/.local/lib/python3.12/site-packages/airflow/example_dags/example_task_group_decorator.py
[2024-08-28T16:32:08.077+0000] {logging_mixin.py:190} INFO - [2024-08-28T16:32:08.076+0000] {dag.py:3211} INFO - Sync 1 DAGs
[2024-08-28T16:32:08.095+0000] {logging_mixin.py:190} INFO - [2024-08-28T16:32:08.094+0000] {dag.py:4138} INFO - Setting next_dagrun for example_task_group_decorator to 2024-08-27 00:00:00+00:00, run_after=2024-08-28 00:00:00+00:00
[2024-08-28T16:32:08.111+0000] {processor.py:208} INFO - Processing /home/airflow/.local/lib/python3.12/site-packages/airflow/example_dags/example_task_group_decorator.py took 0.073 seconds
[2024-08-28T16:32:38.997+0000] {processor.py:186} INFO - Started process (PID=387) to work on /home/airflow/.local/lib/python3.12/site-packages/airflow/example_dags/example_task_group_decorator.py
[2024-08-28T16:32:38.998+0000] {processor.py:914} INFO - Processing file /home/airflow/.local/lib/python3.12/site-packages/airflow/example_dags/example_task_group_decorator.py for tasks to queue
[2024-08-28T16:32:39.000+0000] {logging_mixin.py:190} INFO - [2024-08-28T16:32:39.000+0000] {dagbag.py:587} INFO - Filling up the DagBag from /home/airflow/.local/lib/python3.12/site-packages/airflow/example_dags/example_task_group_decorator.py
[2024-08-28T16:32:39.013+0000] {processor.py:925} INFO - DAG(s) 'example_task_group_decorator' retrieved from /home/airflow/.local/lib/python3.12/site-packages/airflow/example_dags/example_task_group_decorator.py
[2024-08-28T16:32:39.032+0000] {logging_mixin.py:190} INFO - [2024-08-28T16:32:39.031+0000] {dag.py:3211} INFO - Sync 1 DAGs
[2024-08-28T16:32:39.048+0000] {logging_mixin.py:190} INFO - [2024-08-28T16:32:39.048+0000] {dag.py:4138} INFO - Setting next_dagrun for example_task_group_decorator to 2024-08-27 00:00:00+00:00, run_after=2024-08-28 00:00:00+00:00
[2024-08-28T16:32:39.064+0000] {processor.py:208} INFO - Processing /home/airflow/.local/lib/python3.12/site-packages/airflow/example_dags/example_task_group_decorator.py took 0.072 seconds
[2024-08-28T16:33:09.786+0000] {processor.py:186} INFO - Started process (PID=449) to work on /home/airflow/.local/lib/python3.12/site-packages/airflow/example_dags/example_task_group_decorator.py
[2024-08-28T16:33:09.787+0000] {processor.py:914} INFO - Processing file /home/airflow/.local/lib/python3.12/site-packages/airflow/example_dags/example_task_group_decorator.py for tasks to queue
[2024-08-28T16:33:09.789+0000] {logging_mixin.py:190} INFO - [2024-08-28T16:33:09.789+0000] {dagbag.py:587} INFO - Filling up the DagBag from /home/airflow/.local/lib/python3.12/site-packages/airflow/example_dags/example_task_group_decorator.py
[2024-08-28T16:33:09.804+0000] {processor.py:925} INFO - DAG(s) 'example_task_group_decorator' retrieved from /home/airflow/.local/lib/python3.12/site-packages/airflow/example_dags/example_task_group_decorator.py
[2024-08-28T16:33:09.833+0000] {logging_mixin.py:190} INFO - [2024-08-28T16:33:09.832+0000] {dag.py:3211} INFO - Sync 1 DAGs
[2024-08-28T16:33:09.860+0000] {logging_mixin.py:190} INFO - [2024-08-28T16:33:09.860+0000] {dag.py:4138} INFO - Setting next_dagrun for example_task_group_decorator to 2024-08-27 00:00:00+00:00, run_after=2024-08-28 00:00:00+00:00
[2024-08-28T16:33:09.882+0000] {processor.py:208} INFO - Processing /home/airflow/.local/lib/python3.12/site-packages/airflow/example_dags/example_task_group_decorator.py took 0.101 seconds
