[2024-08-28T16:30:07.229+0000] {processor.py:186} INFO - Started process (PID=74) to work on /home/airflow/.local/lib/python3.12/site-packages/airflow/example_dags/example_bash_operator.py
[2024-08-28T16:30:07.231+0000] {processor.py:914} INFO - Processing file /home/airflow/.local/lib/python3.12/site-packages/airflow/example_dags/example_bash_operator.py for tasks to queue
[2024-08-28T16:30:07.233+0000] {logging_mixin.py:190} INFO - [2024-08-28T16:30:07.232+0000] {dagbag.py:587} INFO - Filling up the DagBag from /home/airflow/.local/lib/python3.12/site-packages/airflow/example_dags/example_bash_operator.py
[2024-08-28T16:30:07.245+0000] {processor.py:925} INFO - DAG(s) 'example_bash_operator' retrieved from /home/airflow/.local/lib/python3.12/site-packages/airflow/example_dags/example_bash_operator.py
[2024-08-28T16:30:07.335+0000] {logging_mixin.py:190} INFO - [2024-08-28T16:30:07.334+0000] {override.py:1858} INFO - Created Permission View: can read on DAG:example_bash_operator
[2024-08-28T16:30:07.346+0000] {logging_mixin.py:190} INFO - [2024-08-28T16:30:07.346+0000] {override.py:1858} INFO - Created Permission View: can delete on DAG:example_bash_operator
[2024-08-28T16:30:07.354+0000] {logging_mixin.py:190} INFO - [2024-08-28T16:30:07.353+0000] {override.py:1858} INFO - Created Permission View: can edit on DAG:example_bash_operator
[2024-08-28T16:30:07.355+0000] {logging_mixin.py:190} INFO - [2024-08-28T16:30:07.354+0000] {dag.py:3211} INFO - Sync 1 DAGs
[2024-08-28T16:30:07.365+0000] {logging_mixin.py:190} INFO - [2024-08-28T16:30:07.364+0000] {dag.py:3234} INFO - Creating ORM DAG for example_bash_operator
[2024-08-28T16:30:07.374+0000] {logging_mixin.py:190} INFO - [2024-08-28T16:30:07.374+0000] {dag.py:4138} INFO - Setting next_dagrun for example_bash_operator to 2024-08-27 00:00:00+00:00, run_after=2024-08-28 00:00:00+00:00
[2024-08-28T16:30:07.391+0000] {processor.py:208} INFO - Processing /home/airflow/.local/lib/python3.12/site-packages/airflow/example_dags/example_bash_operator.py took 0.166 seconds
[2024-08-28T16:30:38.163+0000] {processor.py:186} INFO - Started process (PID=136) to work on /home/airflow/.local/lib/python3.12/site-packages/airflow/example_dags/example_bash_operator.py
[2024-08-28T16:30:38.164+0000] {processor.py:914} INFO - Processing file /home/airflow/.local/lib/python3.12/site-packages/airflow/example_dags/example_bash_operator.py for tasks to queue
[2024-08-28T16:30:38.166+0000] {logging_mixin.py:190} INFO - [2024-08-28T16:30:38.166+0000] {dagbag.py:587} INFO - Filling up the DagBag from /home/airflow/.local/lib/python3.12/site-packages/airflow/example_dags/example_bash_operator.py
[2024-08-28T16:30:38.176+0000] {processor.py:925} INFO - DAG(s) 'example_bash_operator' retrieved from /home/airflow/.local/lib/python3.12/site-packages/airflow/example_dags/example_bash_operator.py
[2024-08-28T16:30:38.198+0000] {logging_mixin.py:190} INFO - [2024-08-28T16:30:38.198+0000] {dag.py:3211} INFO - Sync 1 DAGs
[2024-08-28T16:30:38.215+0000] {logging_mixin.py:190} INFO - [2024-08-28T16:30:38.215+0000] {dag.py:4138} INFO - Setting next_dagrun for example_bash_operator to 2024-08-27 00:00:00+00:00, run_after=2024-08-28 00:00:00+00:00
[2024-08-28T16:30:38.233+0000] {processor.py:208} INFO - Processing /home/airflow/.local/lib/python3.12/site-packages/airflow/example_dags/example_bash_operator.py took 0.075 seconds
[2024-08-28T16:31:08.460+0000] {processor.py:186} INFO - Started process (PID=198) to work on /home/airflow/.local/lib/python3.12/site-packages/airflow/example_dags/example_bash_operator.py
[2024-08-28T16:31:08.462+0000] {processor.py:914} INFO - Processing file /home/airflow/.local/lib/python3.12/site-packages/airflow/example_dags/example_bash_operator.py for tasks to queue
[2024-08-28T16:31:08.464+0000] {logging_mixin.py:190} INFO - [2024-08-28T16:31:08.463+0000] {dagbag.py:587} INFO - Filling up the DagBag from /home/airflow/.local/lib/python3.12/site-packages/airflow/example_dags/example_bash_operator.py
[2024-08-28T16:31:08.472+0000] {processor.py:925} INFO - DAG(s) 'example_bash_operator' retrieved from /home/airflow/.local/lib/python3.12/site-packages/airflow/example_dags/example_bash_operator.py
[2024-08-28T16:31:08.492+0000] {logging_mixin.py:190} INFO - [2024-08-28T16:31:08.492+0000] {dag.py:3211} INFO - Sync 1 DAGs
[2024-08-28T16:31:08.507+0000] {logging_mixin.py:190} INFO - [2024-08-28T16:31:08.507+0000] {dag.py:4138} INFO - Setting next_dagrun for example_bash_operator to 2024-08-27 00:00:00+00:00, run_after=2024-08-28 00:00:00+00:00
[2024-08-28T16:31:08.523+0000] {processor.py:208} INFO - Processing /home/airflow/.local/lib/python3.12/site-packages/airflow/example_dags/example_bash_operator.py took 0.067 seconds
[2024-08-28T16:31:38.743+0000] {processor.py:186} INFO - Started process (PID=266) to work on /home/airflow/.local/lib/python3.12/site-packages/airflow/example_dags/example_bash_operator.py
[2024-08-28T16:31:38.744+0000] {processor.py:914} INFO - Processing file /home/airflow/.local/lib/python3.12/site-packages/airflow/example_dags/example_bash_operator.py for tasks to queue
[2024-08-28T16:31:38.746+0000] {logging_mixin.py:190} INFO - [2024-08-28T16:31:38.746+0000] {dagbag.py:587} INFO - Filling up the DagBag from /home/airflow/.local/lib/python3.12/site-packages/airflow/example_dags/example_bash_operator.py
[2024-08-28T16:31:38.757+0000] {processor.py:925} INFO - DAG(s) 'example_bash_operator' retrieved from /home/airflow/.local/lib/python3.12/site-packages/airflow/example_dags/example_bash_operator.py
[2024-08-28T16:31:38.777+0000] {logging_mixin.py:190} INFO - [2024-08-28T16:31:38.777+0000] {dag.py:3211} INFO - Sync 1 DAGs
[2024-08-28T16:31:38.795+0000] {logging_mixin.py:190} INFO - [2024-08-28T16:31:38.794+0000] {dag.py:4138} INFO - Setting next_dagrun for example_bash_operator to 2024-08-27 00:00:00+00:00, run_after=2024-08-28 00:00:00+00:00
[2024-08-28T16:31:38.812+0000] {processor.py:208} INFO - Processing /home/airflow/.local/lib/python3.12/site-packages/airflow/example_dags/example_bash_operator.py took 0.073 seconds
[2024-08-28T16:32:09.232+0000] {processor.py:186} INFO - Started process (PID=328) to work on /home/airflow/.local/lib/python3.12/site-packages/airflow/example_dags/example_bash_operator.py
[2024-08-28T16:32:09.233+0000] {processor.py:914} INFO - Processing file /home/airflow/.local/lib/python3.12/site-packages/airflow/example_dags/example_bash_operator.py for tasks to queue
[2024-08-28T16:32:09.236+0000] {logging_mixin.py:190} INFO - [2024-08-28T16:32:09.235+0000] {dagbag.py:587} INFO - Filling up the DagBag from /home/airflow/.local/lib/python3.12/site-packages/airflow/example_dags/example_bash_operator.py
[2024-08-28T16:32:09.245+0000] {processor.py:925} INFO - DAG(s) 'example_bash_operator' retrieved from /home/airflow/.local/lib/python3.12/site-packages/airflow/example_dags/example_bash_operator.py
[2024-08-28T16:32:09.266+0000] {logging_mixin.py:190} INFO - [2024-08-28T16:32:09.266+0000] {dag.py:3211} INFO - Sync 1 DAGs
[2024-08-28T16:32:09.284+0000] {logging_mixin.py:190} INFO - [2024-08-28T16:32:09.283+0000] {dag.py:4138} INFO - Setting next_dagrun for example_bash_operator to 2024-08-27 00:00:00+00:00, run_after=2024-08-28 00:00:00+00:00
[2024-08-28T16:32:09.302+0000] {processor.py:208} INFO - Processing /home/airflow/.local/lib/python3.12/site-packages/airflow/example_dags/example_bash_operator.py took 0.074 seconds
[2024-08-28T16:32:40.122+0000] {processor.py:186} INFO - Started process (PID=390) to work on /home/airflow/.local/lib/python3.12/site-packages/airflow/example_dags/example_bash_operator.py
[2024-08-28T16:32:40.123+0000] {processor.py:914} INFO - Processing file /home/airflow/.local/lib/python3.12/site-packages/airflow/example_dags/example_bash_operator.py for tasks to queue
[2024-08-28T16:32:40.126+0000] {logging_mixin.py:190} INFO - [2024-08-28T16:32:40.125+0000] {dagbag.py:587} INFO - Filling up the DagBag from /home/airflow/.local/lib/python3.12/site-packages/airflow/example_dags/example_bash_operator.py
[2024-08-28T16:32:40.139+0000] {processor.py:925} INFO - DAG(s) 'example_bash_operator' retrieved from /home/airflow/.local/lib/python3.12/site-packages/airflow/example_dags/example_bash_operator.py
[2024-08-28T16:32:40.162+0000] {logging_mixin.py:190} INFO - [2024-08-28T16:32:40.162+0000] {dag.py:3211} INFO - Sync 1 DAGs
[2024-08-28T16:32:40.181+0000] {logging_mixin.py:190} INFO - [2024-08-28T16:32:40.181+0000] {dag.py:4138} INFO - Setting next_dagrun for example_bash_operator to 2024-08-27 00:00:00+00:00, run_after=2024-08-28 00:00:00+00:00
[2024-08-28T16:32:40.201+0000] {processor.py:208} INFO - Processing /home/airflow/.local/lib/python3.12/site-packages/airflow/example_dags/example_bash_operator.py took 0.086 seconds
[2024-08-28T16:33:10.886+0000] {processor.py:186} INFO - Started process (PID=452) to work on /home/airflow/.local/lib/python3.12/site-packages/airflow/example_dags/example_bash_operator.py
[2024-08-28T16:33:10.887+0000] {processor.py:914} INFO - Processing file /home/airflow/.local/lib/python3.12/site-packages/airflow/example_dags/example_bash_operator.py for tasks to queue
[2024-08-28T16:33:10.889+0000] {logging_mixin.py:190} INFO - [2024-08-28T16:33:10.889+0000] {dagbag.py:587} INFO - Filling up the DagBag from /home/airflow/.local/lib/python3.12/site-packages/airflow/example_dags/example_bash_operator.py
[2024-08-28T16:33:10.899+0000] {processor.py:925} INFO - DAG(s) 'example_bash_operator' retrieved from /home/airflow/.local/lib/python3.12/site-packages/airflow/example_dags/example_bash_operator.py
[2024-08-28T16:33:10.919+0000] {logging_mixin.py:190} INFO - [2024-08-28T16:33:10.919+0000] {dag.py:3211} INFO - Sync 1 DAGs
[2024-08-28T16:33:10.937+0000] {logging_mixin.py:190} INFO - [2024-08-28T16:33:10.936+0000] {dag.py:4138} INFO - Setting next_dagrun for example_bash_operator to 2024-08-27 00:00:00+00:00, run_after=2024-08-28 00:00:00+00:00
[2024-08-28T16:33:10.953+0000] {processor.py:208} INFO - Processing /home/airflow/.local/lib/python3.12/site-packages/airflow/example_dags/example_bash_operator.py took 0.071 seconds
