[2024-08-28T16:30:09.244+0000] {processor.py:186} INFO - Started process (PID=96) to work on /home/airflow/.local/lib/python3.12/site-packages/airflow/example_dags/example_local_kubernetes_executor.py
[2024-08-28T16:30:09.245+0000] {processor.py:914} INFO - Processing file /home/airflow/.local/lib/python3.12/site-packages/airflow/example_dags/example_local_kubernetes_executor.py for tasks to queue
[2024-08-28T16:30:09.247+0000] {logging_mixin.py:190} INFO - [2024-08-28T16:30:09.247+0000] {dagbag.py:587} INFO - Filling up the DagBag from /home/airflow/.local/lib/python3.12/site-packages/airflow/example_dags/example_local_kubernetes_executor.py
[2024-08-28T16:30:09.254+0000] {processor.py:925} INFO - DAG(s) 'example_local_kubernetes_executor' retrieved from /home/airflow/.local/lib/python3.12/site-packages/airflow/example_dags/example_local_kubernetes_executor.py
[2024-08-28T16:30:09.338+0000] {logging_mixin.py:190} INFO - [2024-08-28T16:30:09.337+0000] {override.py:1858} INFO - Created Permission View: can read on DAG:example_local_kubernetes_executor
[2024-08-28T16:30:09.348+0000] {logging_mixin.py:190} INFO - [2024-08-28T16:30:09.347+0000] {override.py:1858} INFO - Created Permission View: can delete on DAG:example_local_kubernetes_executor
[2024-08-28T16:30:09.355+0000] {logging_mixin.py:190} INFO - [2024-08-28T16:30:09.355+0000] {override.py:1858} INFO - Created Permission View: can edit on DAG:example_local_kubernetes_executor
[2024-08-28T16:30:09.356+0000] {logging_mixin.py:190} INFO - [2024-08-28T16:30:09.356+0000] {dag.py:3211} INFO - Sync 1 DAGs
[2024-08-28T16:30:09.365+0000] {logging_mixin.py:190} INFO - [2024-08-28T16:30:09.365+0000] {dag.py:3234} INFO - Creating ORM DAG for example_local_kubernetes_executor
[2024-08-28T16:30:09.368+0000] {logging_mixin.py:190} INFO - [2024-08-28T16:30:09.368+0000] {dag.py:4138} INFO - Setting next_dagrun for example_local_kubernetes_executor to None, run_after=None
[2024-08-28T16:30:09.394+0000] {processor.py:208} INFO - Processing /home/airflow/.local/lib/python3.12/site-packages/airflow/example_dags/example_local_kubernetes_executor.py took 0.155 seconds
[2024-08-28T16:30:40.266+0000] {processor.py:186} INFO - Started process (PID=158) to work on /home/airflow/.local/lib/python3.12/site-packages/airflow/example_dags/example_local_kubernetes_executor.py
[2024-08-28T16:30:40.267+0000] {processor.py:914} INFO - Processing file /home/airflow/.local/lib/python3.12/site-packages/airflow/example_dags/example_local_kubernetes_executor.py for tasks to queue
[2024-08-28T16:30:40.269+0000] {logging_mixin.py:190} INFO - [2024-08-28T16:30:40.269+0000] {dagbag.py:587} INFO - Filling up the DagBag from /home/airflow/.local/lib/python3.12/site-packages/airflow/example_dags/example_local_kubernetes_executor.py
[2024-08-28T16:30:40.277+0000] {processor.py:925} INFO - DAG(s) 'example_local_kubernetes_executor' retrieved from /home/airflow/.local/lib/python3.12/site-packages/airflow/example_dags/example_local_kubernetes_executor.py
[2024-08-28T16:30:40.303+0000] {logging_mixin.py:190} INFO - [2024-08-28T16:30:40.302+0000] {dag.py:3211} INFO - Sync 1 DAGs
[2024-08-28T16:30:40.313+0000] {logging_mixin.py:190} INFO - [2024-08-28T16:30:40.313+0000] {dag.py:4138} INFO - Setting next_dagrun for example_local_kubernetes_executor to None, run_after=None
[2024-08-28T16:30:40.329+0000] {processor.py:208} INFO - Processing /home/airflow/.local/lib/python3.12/site-packages/airflow/example_dags/example_local_kubernetes_executor.py took 0.067 seconds
[2024-08-28T16:31:11.465+0000] {processor.py:186} INFO - Started process (PID=220) to work on /home/airflow/.local/lib/python3.12/site-packages/airflow/example_dags/example_local_kubernetes_executor.py
[2024-08-28T16:31:11.466+0000] {processor.py:914} INFO - Processing file /home/airflow/.local/lib/python3.12/site-packages/airflow/example_dags/example_local_kubernetes_executor.py for tasks to queue
[2024-08-28T16:31:11.468+0000] {logging_mixin.py:190} INFO - [2024-08-28T16:31:11.468+0000] {dagbag.py:587} INFO - Filling up the DagBag from /home/airflow/.local/lib/python3.12/site-packages/airflow/example_dags/example_local_kubernetes_executor.py
[2024-08-28T16:31:11.476+0000] {processor.py:925} INFO - DAG(s) 'example_local_kubernetes_executor' retrieved from /home/airflow/.local/lib/python3.12/site-packages/airflow/example_dags/example_local_kubernetes_executor.py
[2024-08-28T16:31:11.504+0000] {logging_mixin.py:190} INFO - [2024-08-28T16:31:11.504+0000] {dag.py:3211} INFO - Sync 1 DAGs
[2024-08-28T16:31:11.515+0000] {logging_mixin.py:190} INFO - [2024-08-28T16:31:11.515+0000] {dag.py:4138} INFO - Setting next_dagrun for example_local_kubernetes_executor to None, run_after=None
[2024-08-28T16:31:11.532+0000] {processor.py:208} INFO - Processing /home/airflow/.local/lib/python3.12/site-packages/airflow/example_dags/example_local_kubernetes_executor.py took 0.071 seconds
[2024-08-28T16:31:41.790+0000] {processor.py:186} INFO - Started process (PID=282) to work on /home/airflow/.local/lib/python3.12/site-packages/airflow/example_dags/example_local_kubernetes_executor.py
[2024-08-28T16:31:41.791+0000] {processor.py:914} INFO - Processing file /home/airflow/.local/lib/python3.12/site-packages/airflow/example_dags/example_local_kubernetes_executor.py for tasks to queue
[2024-08-28T16:31:41.793+0000] {logging_mixin.py:190} INFO - [2024-08-28T16:31:41.793+0000] {dagbag.py:587} INFO - Filling up the DagBag from /home/airflow/.local/lib/python3.12/site-packages/airflow/example_dags/example_local_kubernetes_executor.py
[2024-08-28T16:31:41.801+0000] {processor.py:925} INFO - DAG(s) 'example_local_kubernetes_executor' retrieved from /home/airflow/.local/lib/python3.12/site-packages/airflow/example_dags/example_local_kubernetes_executor.py
[2024-08-28T16:31:41.830+0000] {logging_mixin.py:190} INFO - [2024-08-28T16:31:41.829+0000] {dag.py:3211} INFO - Sync 1 DAGs
[2024-08-28T16:31:41.841+0000] {logging_mixin.py:190} INFO - [2024-08-28T16:31:41.840+0000] {dag.py:4138} INFO - Setting next_dagrun for example_local_kubernetes_executor to None, run_after=None
[2024-08-28T16:31:41.858+0000] {processor.py:208} INFO - Processing /home/airflow/.local/lib/python3.12/site-packages/airflow/example_dags/example_local_kubernetes_executor.py took 0.073 seconds
[2024-08-28T16:32:12.349+0000] {processor.py:186} INFO - Started process (PID=344) to work on /home/airflow/.local/lib/python3.12/site-packages/airflow/example_dags/example_local_kubernetes_executor.py
[2024-08-28T16:32:12.350+0000] {processor.py:914} INFO - Processing file /home/airflow/.local/lib/python3.12/site-packages/airflow/example_dags/example_local_kubernetes_executor.py for tasks to queue
[2024-08-28T16:32:12.353+0000] {logging_mixin.py:190} INFO - [2024-08-28T16:32:12.352+0000] {dagbag.py:587} INFO - Filling up the DagBag from /home/airflow/.local/lib/python3.12/site-packages/airflow/example_dags/example_local_kubernetes_executor.py
[2024-08-28T16:32:12.360+0000] {processor.py:925} INFO - DAG(s) 'example_local_kubernetes_executor' retrieved from /home/airflow/.local/lib/python3.12/site-packages/airflow/example_dags/example_local_kubernetes_executor.py
[2024-08-28T16:32:12.389+0000] {logging_mixin.py:190} INFO - [2024-08-28T16:32:12.389+0000] {dag.py:3211} INFO - Sync 1 DAGs
[2024-08-28T16:32:12.402+0000] {logging_mixin.py:190} INFO - [2024-08-28T16:32:12.401+0000] {dag.py:4138} INFO - Setting next_dagrun for example_local_kubernetes_executor to None, run_after=None
[2024-08-28T16:32:12.419+0000] {processor.py:208} INFO - Processing /home/airflow/.local/lib/python3.12/site-packages/airflow/example_dags/example_local_kubernetes_executor.py took 0.076 seconds
[2024-08-28T16:32:43.189+0000] {processor.py:186} INFO - Started process (PID=406) to work on /home/airflow/.local/lib/python3.12/site-packages/airflow/example_dags/example_local_kubernetes_executor.py
[2024-08-28T16:32:43.191+0000] {processor.py:914} INFO - Processing file /home/airflow/.local/lib/python3.12/site-packages/airflow/example_dags/example_local_kubernetes_executor.py for tasks to queue
[2024-08-28T16:32:43.193+0000] {logging_mixin.py:190} INFO - [2024-08-28T16:32:43.192+0000] {dagbag.py:587} INFO - Filling up the DagBag from /home/airflow/.local/lib/python3.12/site-packages/airflow/example_dags/example_local_kubernetes_executor.py
[2024-08-28T16:32:43.200+0000] {processor.py:925} INFO - DAG(s) 'example_local_kubernetes_executor' retrieved from /home/airflow/.local/lib/python3.12/site-packages/airflow/example_dags/example_local_kubernetes_executor.py
[2024-08-28T16:32:43.227+0000] {logging_mixin.py:190} INFO - [2024-08-28T16:32:43.227+0000] {dag.py:3211} INFO - Sync 1 DAGs
[2024-08-28T16:32:43.239+0000] {logging_mixin.py:190} INFO - [2024-08-28T16:32:43.238+0000] {dag.py:4138} INFO - Setting next_dagrun for example_local_kubernetes_executor to None, run_after=None
[2024-08-28T16:32:43.256+0000] {processor.py:208} INFO - Processing /home/airflow/.local/lib/python3.12/site-packages/airflow/example_dags/example_local_kubernetes_executor.py took 0.071 seconds
[2024-08-28T16:33:14.077+0000] {processor.py:186} INFO - Started process (PID=468) to work on /home/airflow/.local/lib/python3.12/site-packages/airflow/example_dags/example_local_kubernetes_executor.py
[2024-08-28T16:33:14.079+0000] {processor.py:914} INFO - Processing file /home/airflow/.local/lib/python3.12/site-packages/airflow/example_dags/example_local_kubernetes_executor.py for tasks to queue
[2024-08-28T16:33:14.082+0000] {logging_mixin.py:190} INFO - [2024-08-28T16:33:14.082+0000] {dagbag.py:587} INFO - Filling up the DagBag from /home/airflow/.local/lib/python3.12/site-packages/airflow/example_dags/example_local_kubernetes_executor.py
[2024-08-28T16:33:14.091+0000] {processor.py:925} INFO - DAG(s) 'example_local_kubernetes_executor' retrieved from /home/airflow/.local/lib/python3.12/site-packages/airflow/example_dags/example_local_kubernetes_executor.py
[2024-08-28T16:33:14.115+0000] {logging_mixin.py:190} INFO - [2024-08-28T16:33:14.115+0000] {dag.py:3211} INFO - Sync 1 DAGs
[2024-08-28T16:33:14.125+0000] {logging_mixin.py:190} INFO - [2024-08-28T16:33:14.125+0000] {dag.py:4138} INFO - Setting next_dagrun for example_local_kubernetes_executor to None, run_after=None
[2024-08-28T16:33:14.143+0000] {processor.py:208} INFO - Processing /home/airflow/.local/lib/python3.12/site-packages/airflow/example_dags/example_local_kubernetes_executor.py took 0.073 seconds
